<?xml version="1.0" encoding="UTF-8"?>
<testsuite name="edu.tamu.app.model.impl.UserTest" time="0.002" tests="2" errors="2" skipped="0" failures="0">
  <properties>
    <property name="java.runtime.name" value="Java(TM) SE Runtime Environment"/>
    <property name="sun.boot.library.path" value="/Library/Java/JavaVirtualMachines/jdk1.8.0_25.jdk/Contents/Home/jre/lib"/>
    <property name="java.vm.version" value="25.25-b02"/>
    <property name="gopherProxySet" value="false"/>
    <property name="java.vm.vendor" value="Oracle Corporation"/>
    <property name="java.vendor.url" value="http://java.oracle.com/"/>
    <property name="path.separator" value=":"/>
    <property name="guice.disable.misplaced.annotation.check" value="true"/>
    <property name="java.vm.name" value="Java HotSpot(TM) 64-Bit Server VM"/>
    <property name="file.encoding.pkg" value="sun.io"/>
    <property name="user.country" value="US"/>
    <property name="sun.java.launcher" value="SUN_STANDARD"/>
    <property name="sun.os.patch.level" value="unknown"/>
    <property name="java.vm.specification.name" value="Java Virtual Machine Specification"/>
    <property name="user.dir" value="/Users/huff/development/java/apps/TAMU-Webservice-Seed"/>
    <property name="java.runtime.version" value="1.8.0_25-b17"/>
    <property name="java.awt.graphicsenv" value="sun.awt.CGraphicsEnvironment"/>
    <property name="java.endorsed.dirs" value="/Library/Java/JavaVirtualMachines/jdk1.8.0_25.jdk/Contents/Home/jre/lib/endorsed"/>
    <property name="os.arch" value="x86_64"/>
    <property name="java.io.tmpdir" value="/var/folders/s5/4szgmjf93r9gj2y1w3x35z514ml7xy/T/"/>
    <property name="line.separator" value="&#10;"/>
    <property name="java.vm.specification.vendor" value="Oracle Corporation"/>
    <property name="os.name" value="Mac OS X"/>
    <property name="classworlds.conf" value="/Users/huff/development/apache/apps/maven/src/current/bin/m2.conf"/>
    <property name="sun.jnu.encoding" value="UTF-8"/>
    <property name="java.library.path" value="/Users/huff/Library/Java/Extensions:/Library/Java/Extensions:/Network/Library/Java/Extensions:/System/Library/Java/Extensions:/usr/lib/java:."/>
    <property name="java.specification.name" value="Java Platform API Specification"/>
    <property name="java.class.version" value="52.0"/>
    <property name="sun.management.compiler" value="HotSpot 64-Bit Tiered Compilers"/>
    <property name="os.version" value="10.11.2"/>
    <property name="http.nonProxyHosts" value="local|*.local|169.254/16|*.169.254/16"/>
    <property name="user.home" value="/Users/huff"/>
    <property name="user.timezone" value="America/Chicago"/>
    <property name="java.awt.printerjob" value="sun.lwawt.macosx.CPrinterJob"/>
    <property name="java.specification.version" value="1.8"/>
    <property name="file.encoding" value="UTF-8"/>
    <property name="user.name" value="huff"/>
    <property name="java.class.path" value="/Users/huff/development/apache/apps/maven/src/current/boot/plexus-classworlds-2.5.1.jar"/>
    <property name="org.slf4j.simpleLogger.defaultLogLevel" value="info"/>
    <property name="java.vm.specification.version" value="1.8"/>
    <property name="sun.arch.data.model" value="64"/>
    <property name="java.home" value="/Library/Java/JavaVirtualMachines/jdk1.8.0_25.jdk/Contents/Home/jre"/>
    <property name="sun.java.command" value="org.codehaus.plexus.classworlds.launcher.Launcher clean package"/>
    <property name="java.specification.vendor" value="Oracle Corporation"/>
    <property name="user.language" value="en"/>
    <property name="awt.toolkit" value="sun.lwawt.macosx.LWCToolkit"/>
    <property name="java.vm.info" value="mixed mode"/>
    <property name="java.version" value="1.8.0_25"/>
    <property name="java.ext.dirs" value="/Users/huff/Library/Java/Extensions:/Library/Java/JavaVirtualMachines/jdk1.8.0_25.jdk/Contents/Home/jre/lib/ext:/Library/Java/Extensions:/Network/Library/Java/Extensions:/System/Library/Java/Extensions:/usr/lib/java"/>
    <property name="sun.boot.class.path" value="/Library/Java/JavaVirtualMachines/jdk1.8.0_25.jdk/Contents/Home/jre/lib/resources.jar:/Library/Java/JavaVirtualMachines/jdk1.8.0_25.jdk/Contents/Home/jre/lib/rt.jar:/Library/Java/JavaVirtualMachines/jdk1.8.0_25.jdk/Contents/Home/jre/lib/sunrsasign.jar:/Library/Java/JavaVirtualMachines/jdk1.8.0_25.jdk/Contents/Home/jre/lib/jsse.jar:/Library/Java/JavaVirtualMachines/jdk1.8.0_25.jdk/Contents/Home/jre/lib/jce.jar:/Library/Java/JavaVirtualMachines/jdk1.8.0_25.jdk/Contents/Home/jre/lib/charsets.jar:/Library/Java/JavaVirtualMachines/jdk1.8.0_25.jdk/Contents/Home/jre/lib/jfr.jar:/Library/Java/JavaVirtualMachines/jdk1.8.0_25.jdk/Contents/Home/jre/classes"/>
    <property name="java.vendor" value="Oracle Corporation"/>
    <property name="maven.home" value="/Users/huff/development/apache/apps/maven/src/current"/>
    <property name="file.separator" value="/"/>
    <property name="java.vendor.url.bug" value="http://bugreport.sun.com/bugreport/"/>
    <property name="sun.cpu.endian" value="little"/>
    <property name="sun.io.unicode.encoding" value="UnicodeBig"/>
    <property name="socksNonProxyHosts" value="local|*.local|169.254/16|*.169.254/16"/>
    <property name="ftp.nonProxyHosts" value="local|*.local|169.254/16|*.169.254/16"/>
    <property name="sun.cpu.isalist" value=""/>
  </properties>
  <testcase name="testCreateAndDelete" classname="edu.tamu.app.model.impl.UserTest" time="0.001">
    <error message="Failed to load ApplicationContext" type="java.lang.IllegalStateException">java.lang.IllegalStateException: Failed to load ApplicationContext
	at org.springframework.test.context.DefaultCacheAwareContextLoaderDelegate.loadContext(DefaultCacheAwareContextLoaderDelegate.java:94)
	at org.springframework.test.context.DefaultTestContext.getApplicationContext(DefaultTestContext.java:72)
	at org.springframework.test.context.support.DependencyInjectionTestExecutionListener.injectDependencies(DependencyInjectionTestExecutionListener.java:117)
	at org.springframework.test.context.support.DependencyInjectionTestExecutionListener.prepareTestInstance(DependencyInjectionTestExecutionListener.java:83)
	at org.springframework.test.context.TestContextManager.prepareTestInstance(TestContextManager.java:212)
	at org.springframework.test.context.junit4.SpringJUnit4ClassRunner.createTest(SpringJUnit4ClassRunner.java:200)
	at org.springframework.test.context.junit4.SpringJUnit4ClassRunner$1.runReflectiveCall(SpringJUnit4ClassRunner.java:259)
	at org.junit.internal.runners.model.ReflectiveCallable.run(ReflectiveCallable.java:12)
	at org.springframework.test.context.junit4.SpringJUnit4ClassRunner.methodBlock(SpringJUnit4ClassRunner.java:261)
	at org.springframework.test.context.junit4.SpringJUnit4ClassRunner.runChild(SpringJUnit4ClassRunner.java:219)
	at org.springframework.test.context.junit4.SpringJUnit4ClassRunner.runChild(SpringJUnit4ClassRunner.java:83)
	at org.junit.runners.ParentRunner$3.run(ParentRunner.java:290)
	at org.junit.runners.ParentRunner$1.schedule(ParentRunner.java:71)
	at org.junit.runners.ParentRunner.runChildren(ParentRunner.java:288)
	at org.junit.runners.ParentRunner.access$000(ParentRunner.java:58)
	at org.junit.runners.ParentRunner$2.evaluate(ParentRunner.java:268)
	at org.springframework.test.context.junit4.statements.RunBeforeTestClassCallbacks.evaluate(RunBeforeTestClassCallbacks.java:61)
	at org.springframework.test.context.junit4.statements.RunAfterTestClassCallbacks.evaluate(RunAfterTestClassCallbacks.java:70)
	at org.junit.runners.ParentRunner.run(ParentRunner.java:363)
	at org.springframework.test.context.junit4.SpringJUnit4ClassRunner.run(SpringJUnit4ClassRunner.java:163)
	at org.apache.maven.surefire.junit4.JUnit4Provider.execute(JUnit4Provider.java:264)
	at org.apache.maven.surefire.junit4.JUnit4Provider.executeTestSet(JUnit4Provider.java:153)
	at org.apache.maven.surefire.junit4.JUnit4Provider.invoke(JUnit4Provider.java:124)
	at org.apache.maven.surefire.booter.ForkedBooter.invokeProviderInSameClassLoader(ForkedBooter.java:200)
	at org.apache.maven.surefire.booter.ForkedBooter.runSuitesInProcess(ForkedBooter.java:153)
	at org.apache.maven.surefire.booter.ForkedBooter.main(ForkedBooter.java:103)
Caused by: org.springframework.beans.factory.BeanCreationException: Error creating bean with name 'jwtUtility': Injection of autowired dependencies failed; nested exception is org.springframework.beans.factory.BeanCreationException: Could not autowire field: private java.lang.String edu.tamu.framework.util.JwtUtility.secret_key; nested exception is java.lang.IllegalArgumentException: Could not resolve placeholder 'auth.security.jwt.secret-key' in string value "${auth.security.jwt.secret-key}"
	at org.springframework.beans.factory.annotation.AutowiredAnnotationBeanPostProcessor.postProcessPropertyValues(AutowiredAnnotationBeanPostProcessor.java:334)
	at org.springframework.beans.factory.support.AbstractAutowireCapableBeanFactory.populateBean(AbstractAutowireCapableBeanFactory.java:1208)
	at org.springframework.beans.factory.support.AbstractAutowireCapableBeanFactory.doCreateBean(AbstractAutowireCapableBeanFactory.java:537)
	at org.springframework.beans.factory.support.AbstractAutowireCapableBeanFactory.createBean(AbstractAutowireCapableBeanFactory.java:476)
	at org.springframework.beans.factory.support.AbstractBeanFactory$1.getObject(AbstractBeanFactory.java:303)
	at org.springframework.beans.factory.support.DefaultSingletonBeanRegistry.getSingleton(DefaultSingletonBeanRegistry.java:230)
	at org.springframework.beans.factory.support.AbstractBeanFactory.doGetBean(AbstractBeanFactory.java:299)
	at org.springframework.beans.factory.support.AbstractBeanFactory.getBean(AbstractBeanFactory.java:194)
	at org.springframework.beans.factory.support.DefaultListableBeanFactory.preInstantiateSingletons(DefaultListableBeanFactory.java:755)
	at org.springframework.context.support.AbstractApplicationContext.finishBeanFactoryInitialization(AbstractApplicationContext.java:759)
	at org.springframework.context.support.AbstractApplicationContext.refresh(AbstractApplicationContext.java:480)
	at org.springframework.test.context.support.AbstractGenericContextLoader.loadContext(AbstractGenericContextLoader.java:125)
	at org.springframework.test.context.support.AbstractGenericContextLoader.loadContext(AbstractGenericContextLoader.java:60)
	at org.springframework.test.context.support.AbstractDelegatingSmartContextLoader.delegateLoading(AbstractDelegatingSmartContextLoader.java:109)
	at org.springframework.test.context.support.AbstractDelegatingSmartContextLoader.loadContext(AbstractDelegatingSmartContextLoader.java:261)
	at org.springframework.test.context.DefaultCacheAwareContextLoaderDelegate.loadContextInternal(DefaultCacheAwareContextLoaderDelegate.java:68)
	at org.springframework.test.context.DefaultCacheAwareContextLoaderDelegate.loadContext(DefaultCacheAwareContextLoaderDelegate.java:86)
	at org.springframework.test.context.DefaultTestContext.getApplicationContext(DefaultTestContext.java:72)
	at org.springframework.test.context.support.DependencyInjectionTestExecutionListener.injectDependencies(DependencyInjectionTestExecutionListener.java:117)
	at org.springframework.test.context.support.DependencyInjectionTestExecutionListener.prepareTestInstance(DependencyInjectionTestExecutionListener.java:83)
	at org.springframework.test.context.TestContextManager.prepareTestInstance(TestContextManager.java:212)
	at org.springframework.test.context.junit4.SpringJUnit4ClassRunner.createTest(SpringJUnit4ClassRunner.java:200)
	at org.springframework.test.context.junit4.SpringJUnit4ClassRunner$1.runReflectiveCall(SpringJUnit4ClassRunner.java:259)
	at org.junit.internal.runners.model.ReflectiveCallable.run(ReflectiveCallable.java:12)
	at org.springframework.test.context.junit4.SpringJUnit4ClassRunner.methodBlock(SpringJUnit4ClassRunner.java:261)
	at org.springframework.test.context.junit4.SpringJUnit4ClassRunner.runChild(SpringJUnit4ClassRunner.java:219)
	at org.springframework.test.context.junit4.SpringJUnit4ClassRunner.runChild(SpringJUnit4ClassRunner.java:83)
	at org.junit.runners.ParentRunner$3.run(ParentRunner.java:290)
	at org.junit.runners.ParentRunner$1.schedule(ParentRunner.java:71)
	at org.junit.runners.ParentRunner.runChildren(ParentRunner.java:288)
	at org.junit.runners.ParentRunner.access$000(ParentRunner.java:58)
	at org.junit.runners.ParentRunner$2.evaluate(ParentRunner.java:268)
	at org.springframework.test.context.junit4.statements.RunBeforeTestClassCallbacks.evaluate(RunBeforeTestClassCallbacks.java:61)
	at org.springframework.test.context.junit4.statements.RunAfterTestClassCallbacks.evaluate(RunAfterTestClassCallbacks.java:70)
	at org.junit.runners.ParentRunner.run(ParentRunner.java:363)
	at org.springframework.test.context.junit4.SpringJUnit4ClassRunner.run(SpringJUnit4ClassRunner.java:163)
	at org.apache.maven.surefire.junit4.JUnit4Provider.execute(JUnit4Provider.java:264)
	at org.apache.maven.surefire.junit4.JUnit4Provider.executeTestSet(JUnit4Provider.java:153)
	at org.apache.maven.surefire.junit4.JUnit4Provider.invoke(JUnit4Provider.java:124)
	at org.apache.maven.surefire.booter.ForkedBooter.invokeProviderInSameClassLoader(ForkedBooter.java:200)
	at org.apache.maven.surefire.booter.ForkedBooter.runSuitesInProcess(ForkedBooter.java:153)
	at org.apache.maven.surefire.booter.ForkedBooter.main(ForkedBooter.java:103)
Caused by: org.springframework.beans.factory.BeanCreationException: Could not autowire field: private java.lang.String edu.tamu.framework.util.JwtUtility.secret_key; nested exception is java.lang.IllegalArgumentException: Could not resolve placeholder 'auth.security.jwt.secret-key' in string value "${auth.security.jwt.secret-key}"
	at org.springframework.beans.factory.annotation.AutowiredAnnotationBeanPostProcessor$AutowiredFieldElement.inject(AutowiredAnnotationBeanPostProcessor.java:561)
	at org.springframework.beans.factory.annotation.InjectionMetadata.inject(InjectionMetadata.java:88)
	at org.springframework.beans.factory.annotation.AutowiredAnnotationBeanPostProcessor.postProcessPropertyValues(AutowiredAnnotationBeanPostProcessor.java:331)
	at org.springframework.beans.factory.support.AbstractAutowireCapableBeanFactory.populateBean(AbstractAutowireCapableBeanFactory.java:1208)
	at org.springframework.beans.factory.support.AbstractAutowireCapableBeanFactory.doCreateBean(AbstractAutowireCapableBeanFactory.java:537)
	at org.springframework.beans.factory.support.AbstractAutowireCapableBeanFactory.createBean(AbstractAutowireCapableBeanFactory.java:476)
	at org.springframework.beans.factory.support.AbstractBeanFactory$1.getObject(AbstractBeanFactory.java:303)
	at org.springframework.beans.factory.support.DefaultSingletonBeanRegistry.getSingleton(DefaultSingletonBeanRegistry.java:230)
	at org.springframework.beans.factory.support.AbstractBeanFactory.doGetBean(AbstractBeanFactory.java:299)
	at org.springframework.beans.factory.support.AbstractBeanFactory.getBean(AbstractBeanFactory.java:194)
	at org.springframework.beans.factory.support.DefaultListableBeanFactory.preInstantiateSingletons(DefaultListableBeanFactory.java:755)
	at org.springframework.context.support.AbstractApplicationContext.finishBeanFactoryInitialization(AbstractApplicationContext.java:759)
	at org.springframework.context.support.AbstractApplicationContext.refresh(AbstractApplicationContext.java:480)
	at org.springframework.test.context.support.AbstractGenericContextLoader.loadContext(AbstractGenericContextLoader.java:125)
	at org.springframework.test.context.support.AbstractGenericContextLoader.loadContext(AbstractGenericContextLoader.java:60)
	at org.springframework.test.context.support.AbstractDelegatingSmartContextLoader.delegateLoading(AbstractDelegatingSmartContextLoader.java:109)
	at org.springframework.test.context.support.AbstractDelegatingSmartContextLoader.loadContext(AbstractDelegatingSmartContextLoader.java:261)
	at org.springframework.test.context.DefaultCacheAwareContextLoaderDelegate.loadContextInternal(DefaultCacheAwareContextLoaderDelegate.java:68)
	at org.springframework.test.context.DefaultCacheAwareContextLoaderDelegate.loadContext(DefaultCacheAwareContextLoaderDelegate.java:86)
	at org.springframework.test.context.DefaultTestContext.getApplicationContext(DefaultTestContext.java:72)
	at org.springframework.test.context.support.DependencyInjectionTestExecutionListener.injectDependencies(DependencyInjectionTestExecutionListener.java:117)
	at org.springframework.test.context.support.DependencyInjectionTestExecutionListener.prepareTestInstance(DependencyInjectionTestExecutionListener.java:83)
	at org.springframework.test.context.TestContextManager.prepareTestInstance(TestContextManager.java:212)
	at org.springframework.test.context.junit4.SpringJUnit4ClassRunner.createTest(SpringJUnit4ClassRunner.java:200)
	at org.springframework.test.context.junit4.SpringJUnit4ClassRunner$1.runReflectiveCall(SpringJUnit4ClassRunner.java:259)
	at org.junit.internal.runners.model.ReflectiveCallable.run(ReflectiveCallable.java:12)
	at org.springframework.test.context.junit4.SpringJUnit4ClassRunner.methodBlock(SpringJUnit4ClassRunner.java:261)
	at org.springframework.test.context.junit4.SpringJUnit4ClassRunner.runChild(SpringJUnit4ClassRunner.java:219)
	at org.springframework.test.context.junit4.SpringJUnit4ClassRunner.runChild(SpringJUnit4ClassRunner.java:83)
	at org.junit.runners.ParentRunner$3.run(ParentRunner.java:290)
	at org.junit.runners.ParentRunner$1.schedule(ParentRunner.java:71)
	at org.junit.runners.ParentRunner.runChildren(ParentRunner.java:288)
	at org.junit.runners.ParentRunner.access$000(ParentRunner.java:58)
	at org.junit.runners.ParentRunner$2.evaluate(ParentRunner.java:268)
	at org.springframework.test.context.junit4.statements.RunBeforeTestClassCallbacks.evaluate(RunBeforeTestClassCallbacks.java:61)
	at org.springframework.test.context.junit4.statements.RunAfterTestClassCallbacks.evaluate(RunAfterTestClassCallbacks.java:70)
	at org.junit.runners.ParentRunner.run(ParentRunner.java:363)
	at org.springframework.test.context.junit4.SpringJUnit4ClassRunner.run(SpringJUnit4ClassRunner.java:163)
	at org.apache.maven.surefire.junit4.JUnit4Provider.execute(JUnit4Provider.java:264)
	at org.apache.maven.surefire.junit4.JUnit4Provider.executeTestSet(JUnit4Provider.java:153)
	at org.apache.maven.surefire.junit4.JUnit4Provider.invoke(JUnit4Provider.java:124)
	at org.apache.maven.surefire.booter.ForkedBooter.invokeProviderInSameClassLoader(ForkedBooter.java:200)
	at org.apache.maven.surefire.booter.ForkedBooter.runSuitesInProcess(ForkedBooter.java:153)
	at org.apache.maven.surefire.booter.ForkedBooter.main(ForkedBooter.java:103)
Caused by: java.lang.IllegalArgumentException: Could not resolve placeholder 'auth.security.jwt.secret-key' in string value "${auth.security.jwt.secret-key}"
	at org.springframework.util.PropertyPlaceholderHelper.parseStringValue(PropertyPlaceholderHelper.java:174)
	at org.springframework.util.PropertyPlaceholderHelper.replacePlaceholders(PropertyPlaceholderHelper.java:126)
	at org.springframework.core.env.AbstractPropertyResolver.doResolvePlaceholders(AbstractPropertyResolver.java:204)
	at org.springframework.core.env.AbstractPropertyResolver.resolveRequiredPlaceholders(AbstractPropertyResolver.java:178)
	at org.springframework.context.support.PropertySourcesPlaceholderConfigurer$2.resolveStringValue(PropertySourcesPlaceholderConfigurer.java:175)
	at org.springframework.beans.factory.support.AbstractBeanFactory.resolveEmbeddedValue(AbstractBeanFactory.java:801)
	at org.springframework.beans.factory.support.DefaultListableBeanFactory.doResolveDependency(DefaultListableBeanFactory.java:955)
	at org.springframework.beans.factory.support.DefaultListableBeanFactory.resolveDependency(DefaultListableBeanFactory.java:942)
	at org.springframework.beans.factory.annotation.AutowiredAnnotationBeanPostProcessor$AutowiredFieldElement.inject(AutowiredAnnotationBeanPostProcessor.java:533)
	at org.springframework.beans.factory.annotation.InjectionMetadata.inject(InjectionMetadata.java:88)
	at org.springframework.beans.factory.annotation.AutowiredAnnotationBeanPostProcessor.postProcessPropertyValues(AutowiredAnnotationBeanPostProcessor.java:331)
	at org.springframework.beans.factory.support.AbstractAutowireCapableBeanFactory.populateBean(AbstractAutowireCapableBeanFactory.java:1208)
	at org.springframework.beans.factory.support.AbstractAutowireCapableBeanFactory.doCreateBean(AbstractAutowireCapableBeanFactory.java:537)
	at org.springframework.beans.factory.support.AbstractAutowireCapableBeanFactory.createBean(AbstractAutowireCapableBeanFactory.java:476)
	at org.springframework.beans.factory.support.AbstractBeanFactory$1.getObject(AbstractBeanFactory.java:303)
	at org.springframework.beans.factory.support.DefaultSingletonBeanRegistry.getSingleton(DefaultSingletonBeanRegistry.java:230)
	at org.springframework.beans.factory.support.AbstractBeanFactory.doGetBean(AbstractBeanFactory.java:299)
	at org.springframework.beans.factory.support.AbstractBeanFactory.getBean(AbstractBeanFactory.java:194)
	at org.springframework.beans.factory.support.DefaultListableBeanFactory.preInstantiateSingletons(DefaultListableBeanFactory.java:755)
	at org.springframework.context.support.AbstractApplicationContext.finishBeanFactoryInitialization(AbstractApplicationContext.java:759)
	at org.springframework.context.support.AbstractApplicationContext.refresh(AbstractApplicationContext.java:480)
	at org.springframework.test.context.support.AbstractGenericContextLoader.loadContext(AbstractGenericContextLoader.java:125)
	at org.springframework.test.context.support.AbstractGenericContextLoader.loadContext(AbstractGenericContextLoader.java:60)
	at org.springframework.test.context.support.AbstractDelegatingSmartContextLoader.delegateLoading(AbstractDelegatingSmartContextLoader.java:109)
	at org.springframework.test.context.support.AbstractDelegatingSmartContextLoader.loadContext(AbstractDelegatingSmartContextLoader.java:261)
	at org.springframework.test.context.DefaultCacheAwareContextLoaderDelegate.loadContextInternal(DefaultCacheAwareContextLoaderDelegate.java:68)
	at org.springframework.test.context.DefaultCacheAwareContextLoaderDelegate.loadContext(DefaultCacheAwareContextLoaderDelegate.java:86)
	at org.springframework.test.context.DefaultTestContext.getApplicationContext(DefaultTestContext.java:72)
	at org.springframework.test.context.support.DependencyInjectionTestExecutionListener.injectDependencies(DependencyInjectionTestExecutionListener.java:117)
	at org.springframework.test.context.support.DependencyInjectionTestExecutionListener.prepareTestInstance(DependencyInjectionTestExecutionListener.java:83)
	at org.springframework.test.context.TestContextManager.prepareTestInstance(TestContextManager.java:212)
	at org.springframework.test.context.junit4.SpringJUnit4ClassRunner.createTest(SpringJUnit4ClassRunner.java:200)
	at org.springframework.test.context.junit4.SpringJUnit4ClassRunner$1.runReflectiveCall(SpringJUnit4ClassRunner.java:259)
	at org.junit.internal.runners.model.ReflectiveCallable.run(ReflectiveCallable.java:12)
	at org.springframework.test.context.junit4.SpringJUnit4ClassRunner.methodBlock(SpringJUnit4ClassRunner.java:261)
	at org.springframework.test.context.junit4.SpringJUnit4ClassRunner.runChild(SpringJUnit4ClassRunner.java:219)
	at org.springframework.test.context.junit4.SpringJUnit4ClassRunner.runChild(SpringJUnit4ClassRunner.java:83)
	at org.junit.runners.ParentRunner$3.run(ParentRunner.java:290)
	at org.junit.runners.ParentRunner$1.schedule(ParentRunner.java:71)
	at org.junit.runners.ParentRunner.runChildren(ParentRunner.java:288)
	at org.junit.runners.ParentRunner.access$000(ParentRunner.java:58)
	at org.junit.runners.ParentRunner$2.evaluate(ParentRunner.java:268)
	at org.springframework.test.context.junit4.statements.RunBeforeTestClassCallbacks.evaluate(RunBeforeTestClassCallbacks.java:61)
	at org.springframework.test.context.junit4.statements.RunAfterTestClassCallbacks.evaluate(RunAfterTestClassCallbacks.java:70)
	at org.junit.runners.ParentRunner.run(ParentRunner.java:363)
	at org.springframework.test.context.junit4.SpringJUnit4ClassRunner.run(SpringJUnit4ClassRunner.java:163)
	at org.apache.maven.surefire.junit4.JUnit4Provider.execute(JUnit4Provider.java:264)
	at org.apache.maven.surefire.junit4.JUnit4Provider.executeTestSet(JUnit4Provider.java:153)
	at org.apache.maven.surefire.junit4.JUnit4Provider.invoke(JUnit4Provider.java:124)
	at org.apache.maven.surefire.booter.ForkedBooter.invokeProviderInSameClassLoader(ForkedBooter.java:200)
	at org.apache.maven.surefire.booter.ForkedBooter.runSuitesInProcess(ForkedBooter.java:153)
	at org.apache.maven.surefire.booter.ForkedBooter.main(ForkedBooter.java:103)
</error>
    <system-out><![CDATA[10:13:58.768 [main] DEBUG o.s.t.c.s.DirtiesContextTestExecutionListener - After test class: context [DefaultTestContext@6ee52dcd testClass = ShibTest, testInstance = [null], testMethod = [null], testException = [null], mergedContextConfiguration = [MergedContextConfiguration@2781e022 testClass = ShibTest, locations = '{}', classes = '{class edu.tamu.app.config.TestDataSourceConfiguration}', contextInitializerClasses = '[]', activeProfiles = '{}', propertySourceLocations = '{}', propertySourceProperties = '{}', contextLoader = 'org.springframework.test.context.support.DelegatingSmartContextLoader', parent = [null]]], dirtiesContext [false].
10:13:58.770 [main] DEBUG o.s.t.c.j.SpringJUnit4ClassRunner - SpringJUnit4ClassRunner constructor called with [class edu.tamu.app.model.impl.UserTest]
10:13:58.770 [main] DEBUG o.s.test.context.BootstrapUtils - Instantiating TestContextBootstrapper from class [org.springframework.test.context.support.DefaultTestContextBootstrapper]
10:13:58.770 [main] DEBUG o.s.t.c.s.AbstractDelegatingSmartContextLoader - Delegating to AnnotationConfigContextLoader to process context configuration [ContextConfigurationAttributes@2921a36a declaringClass = 'edu.tamu.app.model.impl.UserTest', classes = '{class edu.tamu.app.config.TestDataSourceConfiguration}', locations = '{}', inheritLocations = true, initializers = '{}', inheritInitializers = true, name = [null], contextLoaderClass = 'org.springframework.test.context.ContextLoader'].
10:13:58.770 [main] DEBUG o.s.t.c.support.ActiveProfilesUtils - Could not find an 'annotation declaring class' for annotation type [org.springframework.test.context.ActiveProfiles] and class [edu.tamu.app.model.impl.UserTest]
10:13:58.771 [main] INFO  o.s.t.c.s.DefaultTestContextBootstrapper - Using TestExecutionListeners: [org.springframework.test.context.support.DependencyInjectionTestExecutionListener@2b73bd6b, org.springframework.test.context.support.DirtiesContextTestExecutionListener@157d3a45, org.springframework.test.context.transaction.TransactionalTestExecutionListener@750ed637, com.github.springtestdbunit.DbUnitTestExecutionListener@5190010f]
10:13:58.771 [main] DEBUG o.s.t.annotation.ProfileValueUtils - Retrieved @ProfileValueSourceConfiguration [null] for test class [edu.tamu.app.model.impl.UserTest]
10:13:58.771 [main] DEBUG o.s.t.annotation.ProfileValueUtils - Retrieved ProfileValueSource type [class org.springframework.test.annotation.SystemProfileValueSource] for class [edu.tamu.app.model.impl.UserTest]
10:13:58.771 [main] DEBUG o.s.t.annotation.ProfileValueUtils - Retrieved @ProfileValueSourceConfiguration [null] for test class [edu.tamu.app.model.impl.UserTest]
10:13:58.771 [main] DEBUG o.s.t.annotation.ProfileValueUtils - Retrieved ProfileValueSource type [class org.springframework.test.annotation.SystemProfileValueSource] for class [edu.tamu.app.model.impl.UserTest]
10:13:58.771 [main] DEBUG o.s.t.annotation.ProfileValueUtils - Retrieved @ProfileValueSourceConfiguration [null] for test class [edu.tamu.app.model.impl.UserTest]
10:13:58.771 [main] DEBUG o.s.t.annotation.ProfileValueUtils - Retrieved ProfileValueSource type [class org.springframework.test.annotation.SystemProfileValueSource] for class [edu.tamu.app.model.impl.UserTest]
10:13:58.771 [main] DEBUG o.s.t.c.s.DependencyInjectionTestExecutionListener - Performing dependency injection for test context [[DefaultTestContext@673e76b3 testClass = UserTest, testInstance = edu.tamu.app.model.impl.UserTest@1bedc703, testMethod = [null], testException = [null], mergedContextConfiguration = [MergedContextConfiguration@18d11527 testClass = UserTest, locations = '{}', classes = '{class edu.tamu.app.config.TestDataSourceConfiguration}', contextInitializerClasses = '[]', activeProfiles = '{}', propertySourceLocations = '{}', propertySourceProperties = '{}', contextLoader = 'org.springframework.test.context.support.DelegatingSmartContextLoader', parent = [null]]]].
10:13:58.771 [main] DEBUG o.s.t.c.s.AbstractDelegatingSmartContextLoader - Delegating to AnnotationConfigContextLoader to load context from [MergedContextConfiguration@18d11527 testClass = UserTest, locations = '{}', classes = '{class edu.tamu.app.config.TestDataSourceConfiguration}', contextInitializerClasses = '[]', activeProfiles = '{}', propertySourceLocations = '{}', propertySourceProperties = '{}', contextLoader = 'org.springframework.test.context.support.DelegatingSmartContextLoader', parent = [null]].
10:13:58.771 [main] DEBUG o.s.t.c.s.AbstractGenericContextLoader - Loading ApplicationContext for merged context configuration [[MergedContextConfiguration@18d11527 testClass = UserTest, locations = '{}', classes = '{class edu.tamu.app.config.TestDataSourceConfiguration}', contextInitializerClasses = '[]', activeProfiles = '{}', propertySourceLocations = '{}', propertySourceProperties = '{}', contextLoader = 'org.springframework.test.context.support.DelegatingSmartContextLoader', parent = [null]]].
10:13:58.771 [main] DEBUG o.s.core.env.StandardEnvironment - Adding [systemProperties] PropertySource with lowest search precedence
10:13:58.772 [main] DEBUG o.s.core.env.StandardEnvironment - Adding [systemEnvironment] PropertySource with lowest search precedence
10:13:58.772 [main] DEBUG o.s.core.env.StandardEnvironment - Initialized StandardEnvironment with PropertySources [systemProperties,systemEnvironment]
10:13:58.772 [main] DEBUG o.s.t.c.s.AnnotationConfigContextLoader - Registering annotated classes: {class edu.tamu.app.config.TestDataSourceConfiguration}
10:13:58.772 [main] INFO  o.s.c.s.GenericApplicationContext - Refreshing org.springframework.context.support.GenericApplicationContext@4998e74b: startup date [Fri Jan 08 10:13:58 CST 2016]; root of context hierarchy
10:13:58.772 [main] DEBUG o.s.c.s.GenericApplicationContext - Bean factory for org.springframework.context.support.GenericApplicationContext@4998e74b: org.springframework.beans.factory.support.DefaultListableBeanFactory@5d878b25: defining beans [org.springframework.context.annotation.internalConfigurationAnnotationProcessor,org.springframework.context.annotation.internalAutowiredAnnotationProcessor,org.springframework.context.annotation.internalRequiredAnnotationProcessor,org.springframework.context.annotation.internalCommonAnnotationProcessor,org.springframework.context.annotation.internalPersistenceAnnotationProcessor,testDataSourceConfiguration]; root of factory hierarchy
10:13:58.772 [main] DEBUG o.s.b.f.s.DefaultListableBeanFactory - Creating shared instance of singleton bean 'org.springframework.context.annotation.internalConfigurationAnnotationProcessor'
10:13:58.772 [main] DEBUG o.s.b.f.s.DefaultListableBeanFactory - Creating instance of bean 'org.springframework.context.annotation.internalConfigurationAnnotationProcessor'
10:13:58.773 [main] DEBUG o.s.b.f.s.DefaultListableBeanFactory - Eagerly caching bean 'org.springframework.context.annotation.internalConfigurationAnnotationProcessor' to allow for resolving potential circular references
10:13:58.773 [main] DEBUG o.s.b.f.s.DefaultListableBeanFactory - Finished creating instance of bean 'org.springframework.context.annotation.internalConfigurationAnnotationProcessor'
10:13:58.773 [main] DEBUG o.s.core.env.StandardEnvironment - Adding [class path resource [config/application.properties]] PropertySource with lowest search precedence
10:13:58.773 [main] DEBUG o.s.core.env.StandardEnvironment - Adding [systemProperties] PropertySource with lowest search precedence
10:13:58.773 [main] DEBUG o.s.core.env.StandardEnvironment - Adding [systemEnvironment] PropertySource with lowest search precedence
10:13:58.773 [main] DEBUG o.s.core.env.StandardEnvironment - Initialized StandardEnvironment with PropertySources [systemProperties,systemEnvironment]
10:13:58.773 [main] DEBUG o.s.c.a.ClassPathBeanDefinitionScanner - JSR-250 'javax.annotation.ManagedBean' found and supported for component scanning
10:13:58.774 [main] DEBUG o.s.c.i.s.PathMatchingResourcePatternResolver - Looking for matching resources in jar file [file:/Users/huff/.m2/repository/edu/tamu/framework/webservice-framework-core/2.0.0-SNAPSHOT/webservice-framework-core-2.0.0-SNAPSHOT.jar]
10:13:58.776 [main] DEBUG o.s.c.i.s.PathMatchingResourcePatternResolver - Resolved location pattern [classpath*:edu/tamu/framework/**/*.class] to resources [URL [jar:file:/Users/huff/.m2/repository/edu/tamu/framework/webservice-framework-core/2.0.0-SNAPSHOT/webservice-framework-core-2.0.0-SNAPSHOT.jar!/edu/tamu/framework/aspect/annotation/ApiMapping.class], URL [jar:file:/Users/huff/.m2/repository/edu/tamu/framework/webservice-framework-core/2.0.0-SNAPSHOT/webservice-framework-core-2.0.0-SNAPSHOT.jar!/edu/tamu/framework/aspect/annotation/ApiVariable.class], URL [jar:file:/Users/huff/.m2/repository/edu/tamu/framework/webservice-framework-core/2.0.0-SNAPSHOT/webservice-framework-core-2.0.0-SNAPSHOT.jar!/edu/tamu/framework/aspect/annotation/Auth.class], URL [jar:file:/Users/huff/.m2/repository/edu/tamu/framework/webservice-framework-core/2.0.0-SNAPSHOT/webservice-framework-core-2.0.0-SNAPSHOT.jar!/edu/tamu/framework/aspect/annotation/Data.class], URL [jar:file:/Users/huff/.m2/repository/edu/tamu/framework/webservice-framework-core/2.0.0-SNAPSHOT/webservice-framework-core-2.0.0-SNAPSHOT.jar!/edu/tamu/framework/aspect/annotation/InputStream.class], URL [jar:file:/Users/huff/.m2/repository/edu/tamu/framework/webservice-framework-core/2.0.0-SNAPSHOT/webservice-framework-core-2.0.0-SNAPSHOT.jar!/edu/tamu/framework/aspect/annotation/Parameters.class], URL [jar:file:/Users/huff/.m2/repository/edu/tamu/framework/webservice-framework-core/2.0.0-SNAPSHOT/webservice-framework-core-2.0.0-SNAPSHOT.jar!/edu/tamu/framework/aspect/annotation/Shib.class], URL [jar:file:/Users/huff/.m2/repository/edu/tamu/framework/webservice-framework-core/2.0.0-SNAPSHOT/webservice-framework-core-2.0.0-SNAPSHOT.jar!/edu/tamu/framework/aspect/annotation/SkipAop.class], URL [jar:file:/Users/huff/.m2/repository/edu/tamu/framework/webservice-framework-core/2.0.0-SNAPSHOT/webservice-framework-core-2.0.0-SNAPSHOT.jar!/edu/tamu/framework/aspect/CoreControllerAspect$PreProcessObject.class], URL [jar:file:/Users/huff/.m2/repository/edu/tamu/framework/webservice-framework-core/2.0.0-SNAPSHOT/webservice-framework-core-2.0.0-SNAPSHOT.jar!/edu/tamu/framework/aspect/CoreControllerAspect$Protocol.class], URL [jar:file:/Users/huff/.m2/repository/edu/tamu/framework/webservice-framework-core/2.0.0-SNAPSHOT/webservice-framework-core-2.0.0-SNAPSHOT.jar!/edu/tamu/framework/aspect/CoreControllerAspect.class], URL [jar:file:/Users/huff/.m2/repository/edu/tamu/framework/webservice-framework-core/2.0.0-SNAPSHOT/webservice-framework-core-2.0.0-SNAPSHOT.jar!/edu/tamu/framework/config/CoreCorsFilter.class], URL [jar:file:/Users/huff/.m2/repository/edu/tamu/framework/webservice-framework-core/2.0.0-SNAPSHOT/webservice-framework-core-2.0.0-SNAPSHOT.jar!/edu/tamu/framework/config/CoreScheduleConfig.class], URL [jar:file:/Users/huff/.m2/repository/edu/tamu/framework/webservice-framework-core/2.0.0-SNAPSHOT/webservice-framework-core-2.0.0-SNAPSHOT.jar!/edu/tamu/framework/config/CoreSecurityConfig.class], URL [jar:file:/Users/huff/.m2/repository/edu/tamu/framework/webservice-framework-core/2.0.0-SNAPSHOT/webservice-framework-core-2.0.0-SNAPSHOT.jar!/edu/tamu/framework/config/CoreWebAppConfig.class], URL [jar:file:/Users/huff/.m2/repository/edu/tamu/framework/webservice-framework-core/2.0.0-SNAPSHOT/webservice-framework-core-2.0.0-SNAPSHOT.jar!/edu/tamu/framework/config/CoreWebConfigSupport.class], URL [jar:file:/Users/huff/.m2/repository/edu/tamu/framework/webservice-framework-core/2.0.0-SNAPSHOT/webservice-framework-core-2.0.0-SNAPSHOT.jar!/edu/tamu/framework/config/CoreWebMvcConfig.class], URL [jar:file:/Users/huff/.m2/repository/edu/tamu/framework/webservice-framework-core/2.0.0-SNAPSHOT/webservice-framework-core-2.0.0-SNAPSHOT.jar!/edu/tamu/framework/config/CoreWebSocketConfig.class], URL [jar:file:/Users/huff/.m2/repository/edu/tamu/framework/webservice-framework-core/2.0.0-SNAPSHOT/webservice-framework-core-2.0.0-SNAPSHOT.jar!/edu/tamu/framework/controller/ReportingController$1.class], URL [jar:file:/Users/huff/.m2/repository/edu/tamu/framework/webservice-framework-core/2.0.0-SNAPSHOT/webservice-framework-core-2.0.0-SNAPSHOT.jar!/edu/tamu/framework/controller/ReportingController.class], URL [jar:file:/Users/huff/.m2/repository/edu/tamu/framework/webservice-framework-core/2.0.0-SNAPSHOT/webservice-framework-core-2.0.0-SNAPSHOT.jar!/edu/tamu/framework/CoreContextInitializedHandler.class], URL [jar:file:/Users/huff/.m2/repository/edu/tamu/framework/webservice-framework-core/2.0.0-SNAPSHOT/webservice-framework-core-2.0.0-SNAPSHOT.jar!/edu/tamu/framework/enums/ApiResponseType.class], URL [jar:file:/Users/huff/.m2/repository/edu/tamu/framework/webservice-framework-core/2.0.0-SNAPSHOT/webservice-framework-core-2.0.0-SNAPSHOT.jar!/edu/tamu/framework/enums/CoreRoles.class], URL [jar:file:/Users/huff/.m2/repository/edu/tamu/framework/webservice-framework-core/2.0.0-SNAPSHOT/webservice-framework-core-2.0.0-SNAPSHOT.jar!/edu/tamu/framework/events/StompConnectEvent.class], URL [jar:file:/Users/huff/.m2/repository/edu/tamu/framework/webservice-framework-core/2.0.0-SNAPSHOT/webservice-framework-core-2.0.0-SNAPSHOT.jar!/edu/tamu/framework/events/StompDisconnectEvent.class], URL [jar:file:/Users/huff/.m2/repository/edu/tamu/framework/webservice-framework-core/2.0.0-SNAPSHOT/webservice-framework-core-2.0.0-SNAPSHOT.jar!/edu/tamu/framework/interceptor/CoreRestInterceptor$ExpiredJwtException.class], URL [jar:file:/Users/huff/.m2/repository/edu/tamu/framework/webservice-framework-core/2.0.0-SNAPSHOT/webservice-framework-core-2.0.0-SNAPSHOT.jar!/edu/tamu/framework/interceptor/CoreRestInterceptor$InvalidJwtException.class], URL [jar:file:/Users/huff/.m2/repository/edu/tamu/framework/webservice-framework-core/2.0.0-SNAPSHOT/webservice-framework-core-2.0.0-SNAPSHOT.jar!/edu/tamu/framework/interceptor/CoreRestInterceptor$MissingJwtException.class], URL [jar:file:/Users/huff/.m2/repository/edu/tamu/framework/webservice-framework-core/2.0.0-SNAPSHOT/webservice-framework-core-2.0.0-SNAPSHOT.jar!/edu/tamu/framework/interceptor/CoreRestInterceptor.class], URL [jar:file:/Users/huff/.m2/repository/edu/tamu/framework/webservice-framework-core/2.0.0-SNAPSHOT/webservice-framework-core-2.0.0-SNAPSHOT.jar!/edu/tamu/framework/interceptor/CoreStompInterceptor$1.class], URL [jar:file:/Users/huff/.m2/repository/edu/tamu/framework/webservice-framework-core/2.0.0-SNAPSHOT/webservice-framework-core-2.0.0-SNAPSHOT.jar!/edu/tamu/framework/interceptor/CoreStompInterceptor.class], URL [jar:file:/Users/huff/.m2/repository/edu/tamu/framework/webservice-framework-core/2.0.0-SNAPSHOT/webservice-framework-core-2.0.0-SNAPSHOT.jar!/edu/tamu/framework/mapping/condition/RestRequestCondition.class], URL [jar:file:/Users/huff/.m2/repository/edu/tamu/framework/webservice-framework-core/2.0.0-SNAPSHOT/webservice-framework-core-2.0.0-SNAPSHOT.jar!/edu/tamu/framework/mapping/condition/WebSocketRequestCondition.class], URL [jar:file:/Users/huff/.m2/repository/edu/tamu/framework/webservice-framework-core/2.0.0-SNAPSHOT/webservice-framework-core-2.0.0-SNAPSHOT.jar!/edu/tamu/framework/mapping/info/CustomSimpMessageMappingInfo.class], URL [jar:file:/Users/huff/.m2/repository/edu/tamu/framework/webservice-framework-core/2.0.0-SNAPSHOT/webservice-framework-core-2.0.0-SNAPSHOT.jar!/edu/tamu/framework/mapping/RestRequestMappingHandler.class], URL [jar:file:/Users/huff/.m2/repository/edu/tamu/framework/webservice-framework-core/2.0.0-SNAPSHOT/webservice-framework-core-2.0.0-SNAPSHOT.jar!/edu/tamu/framework/mapping/WebSocketRequestMappingHandler$1.class], URL [jar:file:/Users/huff/.m2/repository/edu/tamu/framework/webservice-framework-core/2.0.0-SNAPSHOT/webservice-framework-core-2.0.0-SNAPSHOT.jar!/edu/tamu/framework/mapping/WebSocketRequestMappingHandler.class], URL [jar:file:/Users/huff/.m2/repository/edu/tamu/framework/webservice-framework-core/2.0.0-SNAPSHOT/webservice-framework-core-2.0.0-SNAPSHOT.jar!/edu/tamu/framework/model/AbstractCoreUserImpl.class], URL [jar:file:/Users/huff/.m2/repository/edu/tamu/framework/webservice-framework-core/2.0.0-SNAPSHOT/webservice-framework-core-2.0.0-SNAPSHOT.jar!/edu/tamu/framework/model/ApiResponse$Meta.class], URL [jar:file:/Users/huff/.m2/repository/edu/tamu/framework/webservice-framework-core/2.0.0-SNAPSHOT/webservice-framework-core-2.0.0-SNAPSHOT.jar!/edu/tamu/framework/model/ApiResponse.class], URL [jar:file:/Users/huff/.m2/repository/edu/tamu/framework/webservice-framework-core/2.0.0-SNAPSHOT/webservice-framework-core-2.0.0-SNAPSHOT.jar!/edu/tamu/framework/model/CoreUser.class], URL [jar:file:/Users/huff/.m2/repository/edu/tamu/framework/webservice-framework-core/2.0.0-SNAPSHOT/webservice-framework-core-2.0.0-SNAPSHOT.jar!/edu/tamu/framework/model/Credentials.class], URL [jar:file:/Users/huff/.m2/repository/edu/tamu/framework/webservice-framework-core/2.0.0-SNAPSHOT/webservice-framework-core-2.0.0-SNAPSHOT.jar!/edu/tamu/framework/model/HttpRequest.class], URL [jar:file:/Users/huff/.m2/repository/edu/tamu/framework/webservice-framework-core/2.0.0-SNAPSHOT/webservice-framework-core-2.0.0-SNAPSHOT.jar!/edu/tamu/framework/model/jwt/JWTclaim.class], URL [jar:file:/Users/huff/.m2/repository/edu/tamu/framework/webservice-framework-core/2.0.0-SNAPSHOT/webservice-framework-core-2.0.0-SNAPSHOT.jar!/edu/tamu/framework/model/jwt/JWTheader.class], URL [jar:file:/Users/huff/.m2/repository/edu/tamu/framework/webservice-framework-core/2.0.0-SNAPSHOT/webservice-framework-core-2.0.0-SNAPSHOT.jar!/edu/tamu/framework/model/jwt/JWTtoken.class], URL [jar:file:/Users/huff/.m2/repository/edu/tamu/framework/webservice-framework-core/2.0.0-SNAPSHOT/webservice-framework-core-2.0.0-SNAPSHOT.jar!/edu/tamu/framework/model/repo/SymlinkRepo.class], URL [jar:file:/Users/huff/.m2/repository/edu/tamu/framework/webservice-framework-core/2.0.0-SNAPSHOT/webservice-framework-core-2.0.0-SNAPSHOT.jar!/edu/tamu/framework/model/Symlink.class], URL [jar:file:/Users/huff/.m2/repository/edu/tamu/framework/webservice-framework-core/2.0.0-SNAPSHOT/webservice-framework-core-2.0.0-SNAPSHOT.jar!/edu/tamu/framework/model/WebSocketRequest.class], URL [jar:file:/Users/huff/.m2/repository/edu/tamu/framework/webservice-framework-core/2.0.0-SNAPSHOT/webservice-framework-core-2.0.0-SNAPSHOT.jar!/edu/tamu/framework/service/HttpRequestService.class], URL [jar:file:/Users/huff/.m2/repository/edu/tamu/framework/webservice-framework-core/2.0.0-SNAPSHOT/webservice-framework-core-2.0.0-SNAPSHOT.jar!/edu/tamu/framework/service/StompConnectionService.class], URL [jar:file:/Users/huff/.m2/repository/edu/tamu/framework/webservice-framework-core/2.0.0-SNAPSHOT/webservice-framework-core-2.0.0-SNAPSHOT.jar!/edu/tamu/framework/service/WebSocketRequestService.class], URL [jar:file:/Users/huff/.m2/repository/edu/tamu/framework/webservice-framework-core/2.0.0-SNAPSHOT/webservice-framework-core-2.0.0-SNAPSHOT.jar!/edu/tamu/framework/util/EmailUtility.class], URL [jar:file:/Users/huff/.m2/repository/edu/tamu/framework/webservice-framework-core/2.0.0-SNAPSHOT/webservice-framework-core-2.0.0-SNAPSHOT.jar!/edu/tamu/framework/util/HttpUtility.class], URL [jar:file:/Users/huff/.m2/repository/edu/tamu/framework/webservice-framework-core/2.0.0-SNAPSHOT/webservice-framework-core-2.0.0-SNAPSHOT.jar!/edu/tamu/framework/util/JwtUtility.class]]
10:13:58.778 [main] DEBUG o.s.c.a.ClassPathBeanDefinitionScanner - Ignored because not a concrete top-level class: URL [jar:file:/Users/huff/.m2/repository/edu/tamu/framework/webservice-framework-core/2.0.0-SNAPSHOT/webservice-framework-core-2.0.0-SNAPSHOT.jar!/edu/tamu/framework/aspect/CoreControllerAspect.class]
10:13:58.778 [main] DEBUG o.s.c.a.ClassPathBeanDefinitionScanner - Identified candidate component class: URL [jar:file:/Users/huff/.m2/repository/edu/tamu/framework/webservice-framework-core/2.0.0-SNAPSHOT/webservice-framework-core-2.0.0-SNAPSHOT.jar!/edu/tamu/framework/config/CoreCorsFilter.class]
10:13:58.778 [main] DEBUG o.s.c.a.ClassPathBeanDefinitionScanner - Identified candidate component class: URL [jar:file:/Users/huff/.m2/repository/edu/tamu/framework/webservice-framework-core/2.0.0-SNAPSHOT/webservice-framework-core-2.0.0-SNAPSHOT.jar!/edu/tamu/framework/config/CoreScheduleConfig.class]
10:13:58.778 [main] DEBUG o.s.c.a.ClassPathBeanDefinitionScanner - Identified candidate component class: URL [jar:file:/Users/huff/.m2/repository/edu/tamu/framework/webservice-framework-core/2.0.0-SNAPSHOT/webservice-framework-core-2.0.0-SNAPSHOT.jar!/edu/tamu/framework/config/CoreSecurityConfig.class]
10:13:58.779 [main] DEBUG o.s.c.a.ClassPathBeanDefinitionScanner - Identified candidate component class: URL [jar:file:/Users/huff/.m2/repository/edu/tamu/framework/webservice-framework-core/2.0.0-SNAPSHOT/webservice-framework-core-2.0.0-SNAPSHOT.jar!/edu/tamu/framework/config/CoreWebAppConfig.class]
10:13:58.779 [main] DEBUG o.s.c.a.ClassPathBeanDefinitionScanner - Ignored because not a concrete top-level class: URL [jar:file:/Users/huff/.m2/repository/edu/tamu/framework/webservice-framework-core/2.0.0-SNAPSHOT/webservice-framework-core-2.0.0-SNAPSHOT.jar!/edu/tamu/framework/config/CoreWebConfigSupport.class]
10:13:58.779 [main] DEBUG o.s.c.a.ClassPathBeanDefinitionScanner - Identified candidate component class: URL [jar:file:/Users/huff/.m2/repository/edu/tamu/framework/webservice-framework-core/2.0.0-SNAPSHOT/webservice-framework-core-2.0.0-SNAPSHOT.jar!/edu/tamu/framework/config/CoreWebMvcConfig.class]
10:13:58.779 [main] DEBUG o.s.c.a.ClassPathBeanDefinitionScanner - Ignored because not a concrete top-level class: URL [jar:file:/Users/huff/.m2/repository/edu/tamu/framework/webservice-framework-core/2.0.0-SNAPSHOT/webservice-framework-core-2.0.0-SNAPSHOT.jar!/edu/tamu/framework/config/CoreWebSocketConfig.class]
10:13:58.779 [main] DEBUG o.s.c.a.ClassPathBeanDefinitionScanner - Identified candidate component class: URL [jar:file:/Users/huff/.m2/repository/edu/tamu/framework/webservice-framework-core/2.0.0-SNAPSHOT/webservice-framework-core-2.0.0-SNAPSHOT.jar!/edu/tamu/framework/controller/ReportingController.class]
10:13:58.779 [main] DEBUG o.s.c.a.ClassPathBeanDefinitionScanner - Ignored because not a concrete top-level class: URL [jar:file:/Users/huff/.m2/repository/edu/tamu/framework/webservice-framework-core/2.0.0-SNAPSHOT/webservice-framework-core-2.0.0-SNAPSHOT.jar!/edu/tamu/framework/CoreContextInitializedHandler.class]
10:13:58.780 [main] DEBUG o.s.c.a.ClassPathBeanDefinitionScanner - Ignored because not a concrete top-level class: URL [jar:file:/Users/huff/.m2/repository/edu/tamu/framework/webservice-framework-core/2.0.0-SNAPSHOT/webservice-framework-core-2.0.0-SNAPSHOT.jar!/edu/tamu/framework/interceptor/CoreRestInterceptor.class]
10:13:58.781 [main] DEBUG o.s.c.a.ClassPathBeanDefinitionScanner - Ignored because not a concrete top-level class: URL [jar:file:/Users/huff/.m2/repository/edu/tamu/framework/webservice-framework-core/2.0.0-SNAPSHOT/webservice-framework-core-2.0.0-SNAPSHOT.jar!/edu/tamu/framework/interceptor/CoreStompInterceptor.class]
10:13:58.783 [main] DEBUG o.s.c.a.ClassPathBeanDefinitionScanner - Identified candidate component class: URL [jar:file:/Users/huff/.m2/repository/edu/tamu/framework/webservice-framework-core/2.0.0-SNAPSHOT/webservice-framework-core-2.0.0-SNAPSHOT.jar!/edu/tamu/framework/model/repo/SymlinkRepo.class]
10:13:58.783 [main] DEBUG o.s.c.a.ClassPathBeanDefinitionScanner - Identified candidate component class: URL [jar:file:/Users/huff/.m2/repository/edu/tamu/framework/webservice-framework-core/2.0.0-SNAPSHOT/webservice-framework-core-2.0.0-SNAPSHOT.jar!/edu/tamu/framework/service/HttpRequestService.class]
10:13:58.783 [main] DEBUG o.s.c.a.ClassPathBeanDefinitionScanner - Identified candidate component class: URL [jar:file:/Users/huff/.m2/repository/edu/tamu/framework/webservice-framework-core/2.0.0-SNAPSHOT/webservice-framework-core-2.0.0-SNAPSHOT.jar!/edu/tamu/framework/service/StompConnectionService.class]
10:13:58.783 [main] DEBUG o.s.c.a.ClassPathBeanDefinitionScanner - Identified candidate component class: URL [jar:file:/Users/huff/.m2/repository/edu/tamu/framework/webservice-framework-core/2.0.0-SNAPSHOT/webservice-framework-core-2.0.0-SNAPSHOT.jar!/edu/tamu/framework/service/WebSocketRequestService.class]
10:13:58.784 [main] DEBUG o.s.c.a.ClassPathBeanDefinitionScanner - Identified candidate component class: URL [jar:file:/Users/huff/.m2/repository/edu/tamu/framework/webservice-framework-core/2.0.0-SNAPSHOT/webservice-framework-core-2.0.0-SNAPSHOT.jar!/edu/tamu/framework/util/EmailUtility.class]
10:13:58.784 [main] DEBUG o.s.c.a.ClassPathBeanDefinitionScanner - Identified candidate component class: URL [jar:file:/Users/huff/.m2/repository/edu/tamu/framework/webservice-framework-core/2.0.0-SNAPSHOT/webservice-framework-core-2.0.0-SNAPSHOT.jar!/edu/tamu/framework/util/HttpUtility.class]
10:13:58.784 [main] DEBUG o.s.c.a.ClassPathBeanDefinitionScanner - Identified candidate component class: URL [jar:file:/Users/huff/.m2/repository/edu/tamu/framework/webservice-framework-core/2.0.0-SNAPSHOT/webservice-framework-core-2.0.0-SNAPSHOT.jar!/edu/tamu/framework/util/JwtUtility.class]
10:13:58.784 [main] DEBUG o.s.c.i.s.PathMatchingResourcePatternResolver - Looking for matching resources in directory tree [/Users/huff/development/java/apps/TAMU-Webservice-Seed/target/test-classes/edu/tamu/app]
10:13:58.784 [main] DEBUG o.s.c.i.s.PathMatchingResourcePatternResolver - Searching directory [/Users/huff/development/java/apps/TAMU-Webservice-Seed/target/test-classes/edu/tamu/app] for files matching pattern [/Users/huff/development/java/apps/TAMU-Webservice-Seed/target/test-classes/edu/tamu/app/**/*.class]
10:13:58.785 [main] DEBUG o.s.c.i.s.PathMatchingResourcePatternResolver - Searching directory [/Users/huff/development/java/apps/TAMU-Webservice-Seed/target/test-classes/edu/tamu/app/config] for files matching pattern [/Users/huff/development/java/apps/TAMU-Webservice-Seed/target/test-classes/edu/tamu/app/**/*.class]
10:13:58.785 [main] DEBUG o.s.c.i.s.PathMatchingResourcePatternResolver - Searching directory [/Users/huff/development/java/apps/TAMU-Webservice-Seed/target/test-classes/edu/tamu/app/model] for files matching pattern [/Users/huff/development/java/apps/TAMU-Webservice-Seed/target/test-classes/edu/tamu/app/**/*.class]
10:13:58.785 [main] DEBUG o.s.c.i.s.PathMatchingResourcePatternResolver - Searching directory [/Users/huff/development/java/apps/TAMU-Webservice-Seed/target/test-classes/edu/tamu/app/model/impl] for files matching pattern [/Users/huff/development/java/apps/TAMU-Webservice-Seed/target/test-classes/edu/tamu/app/**/*.class]
10:13:58.785 [main] DEBUG o.s.c.i.s.PathMatchingResourcePatternResolver - Looking for matching resources in directory tree [/Users/huff/development/java/apps/TAMU-Webservice-Seed/target/classes/edu/tamu/app]
10:13:58.785 [main] DEBUG o.s.c.i.s.PathMatchingResourcePatternResolver - Searching directory [/Users/huff/development/java/apps/TAMU-Webservice-Seed/target/classes/edu/tamu/app] for files matching pattern [/Users/huff/development/java/apps/TAMU-Webservice-Seed/target/classes/edu/tamu/app/**/*.class]
10:13:58.785 [main] DEBUG o.s.c.i.s.PathMatchingResourcePatternResolver - Searching directory [/Users/huff/development/java/apps/TAMU-Webservice-Seed/target/classes/edu/tamu/app/aspect] for files matching pattern [/Users/huff/development/java/apps/TAMU-Webservice-Seed/target/classes/edu/tamu/app/**/*.class]
10:13:58.785 [main] DEBUG o.s.c.i.s.PathMatchingResourcePatternResolver - Searching directory [/Users/huff/development/java/apps/TAMU-Webservice-Seed/target/classes/edu/tamu/app/config] for files matching pattern [/Users/huff/development/java/apps/TAMU-Webservice-Seed/target/classes/edu/tamu/app/**/*.class]
10:13:58.785 [main] DEBUG o.s.c.i.s.PathMatchingResourcePatternResolver - Searching directory [/Users/huff/development/java/apps/TAMU-Webservice-Seed/target/classes/edu/tamu/app/controller] for files matching pattern [/Users/huff/development/java/apps/TAMU-Webservice-Seed/target/classes/edu/tamu/app/**/*.class]
10:13:58.786 [main] DEBUG o.s.c.i.s.PathMatchingResourcePatternResolver - Searching directory [/Users/huff/development/java/apps/TAMU-Webservice-Seed/target/classes/edu/tamu/app/controller/interceptor] for files matching pattern [/Users/huff/development/java/apps/TAMU-Webservice-Seed/target/classes/edu/tamu/app/**/*.class]
10:13:58.786 [main] DEBUG o.s.c.i.s.PathMatchingResourcePatternResolver - Searching directory [/Users/huff/development/java/apps/TAMU-Webservice-Seed/target/classes/edu/tamu/app/model] for files matching pattern [/Users/huff/development/java/apps/TAMU-Webservice-Seed/target/classes/edu/tamu/app/**/*.class]
10:13:58.786 [main] DEBUG o.s.c.i.s.PathMatchingResourcePatternResolver - Searching directory [/Users/huff/development/java/apps/TAMU-Webservice-Seed/target/classes/edu/tamu/app/model/repo] for files matching pattern [/Users/huff/development/java/apps/TAMU-Webservice-Seed/target/classes/edu/tamu/app/**/*.class]
10:13:58.786 [main] DEBUG o.s.c.i.s.PathMatchingResourcePatternResolver - Searching directory [/Users/huff/development/java/apps/TAMU-Webservice-Seed/target/classes/edu/tamu/app/model/repo/impl] for files matching pattern [/Users/huff/development/java/apps/TAMU-Webservice-Seed/target/classes/edu/tamu/app/**/*.class]
10:13:58.786 [main] DEBUG o.s.c.i.s.PathMatchingResourcePatternResolver - Resolved location pattern [classpath*:edu/tamu/app/**/*.class] to resources [file [/Users/huff/development/java/apps/TAMU-Webservice-Seed/target/test-classes/edu/tamu/app/config/TestDataSourceConfiguration.class], file [/Users/huff/development/java/apps/TAMU-Webservice-Seed/target/test-classes/edu/tamu/app/model/impl/ShibTest.class], file [/Users/huff/development/java/apps/TAMU-Webservice-Seed/target/test-classes/edu/tamu/app/model/impl/UserTest.class], file [/Users/huff/development/java/apps/TAMU-Webservice-Seed/target/classes/edu/tamu/app/aspect/AppControllerAspect.class], file [/Users/huff/development/java/apps/TAMU-Webservice-Seed/target/classes/edu/tamu/app/config/AppConfig.class], file [/Users/huff/development/java/apps/TAMU-Webservice-Seed/target/classes/edu/tamu/app/config/AppWebConfigSupport.class], file [/Users/huff/development/java/apps/TAMU-Webservice-Seed/target/classes/edu/tamu/app/config/AppWebMvcConfig.class], file [/Users/huff/development/java/apps/TAMU-Webservice-Seed/target/classes/edu/tamu/app/config/AppWebSocketConfig.class], file [/Users/huff/development/java/apps/TAMU-Webservice-Seed/target/classes/edu/tamu/app/config/SecurityConfig.class], file [/Users/huff/development/java/apps/TAMU-Webservice-Seed/target/classes/edu/tamu/app/config/SpringContext.class], file [/Users/huff/development/java/apps/TAMU-Webservice-Seed/target/classes/edu/tamu/app/controller/AdminController.class], file [/Users/huff/development/java/apps/TAMU-Webservice-Seed/target/classes/edu/tamu/app/controller/interceptor/AppRestInterceptor.class], file [/Users/huff/development/java/apps/TAMU-Webservice-Seed/target/classes/edu/tamu/app/controller/interceptor/AppStompInterceptor.class], file [/Users/huff/development/java/apps/TAMU-Webservice-Seed/target/classes/edu/tamu/app/controller/MockAuthServiceController.class], file [/Users/huff/development/java/apps/TAMU-Webservice-Seed/target/classes/edu/tamu/app/controller/UserController$1.class], file [/Users/huff/development/java/apps/TAMU-Webservice-Seed/target/classes/edu/tamu/app/controller/UserController.class], file [/Users/huff/development/java/apps/TAMU-Webservice-Seed/target/classes/edu/tamu/app/model/AppUser.class], file [/Users/huff/development/java/apps/TAMU-Webservice-Seed/target/classes/edu/tamu/app/model/repo/impl/UserRepoImpl.class], file [/Users/huff/development/java/apps/TAMU-Webservice-Seed/target/classes/edu/tamu/app/model/repo/UserRepo.class], file [/Users/huff/development/java/apps/TAMU-Webservice-Seed/target/classes/edu/tamu/app/model/repo/UserRepoCustom.class], file [/Users/huff/development/java/apps/TAMU-Webservice-Seed/target/classes/edu/tamu/app/WebServerInit.class]]
10:13:58.787 [main] DEBUG o.s.c.a.ClassPathBeanDefinitionScanner - Identified candidate component class: file [/Users/huff/development/java/apps/TAMU-Webservice-Seed/target/classes/edu/tamu/app/aspect/AppControllerAspect.class]
10:13:58.787 [main] DEBUG o.s.c.a.ClassPathBeanDefinitionScanner - Identified candidate component class: file [/Users/huff/development/java/apps/TAMU-Webservice-Seed/target/classes/edu/tamu/app/config/AppConfig.class]
10:13:58.788 [main] DEBUG o.s.c.a.ClassPathBeanDefinitionScanner - Identified candidate component class: file [/Users/huff/development/java/apps/TAMU-Webservice-Seed/target/classes/edu/tamu/app/config/AppWebConfigSupport.class]
10:13:58.788 [main] DEBUG o.s.c.a.ClassPathBeanDefinitionScanner - Identified candidate component class: file [/Users/huff/development/java/apps/TAMU-Webservice-Seed/target/classes/edu/tamu/app/config/AppWebMvcConfig.class]
10:13:58.788 [main] DEBUG o.s.c.a.ClassPathBeanDefinitionScanner - Identified candidate component class: file [/Users/huff/development/java/apps/TAMU-Webservice-Seed/target/classes/edu/tamu/app/config/AppWebSocketConfig.class]
10:13:58.788 [main] DEBUG o.s.c.a.ClassPathBeanDefinitionScanner - Identified candidate component class: file [/Users/huff/development/java/apps/TAMU-Webservice-Seed/target/classes/edu/tamu/app/config/SecurityConfig.class]
10:13:58.788 [main] DEBUG o.s.c.a.ClassPathBeanDefinitionScanner - Identified candidate component class: file [/Users/huff/development/java/apps/TAMU-Webservice-Seed/target/classes/edu/tamu/app/config/SpringContext.class]
10:13:58.788 [main] DEBUG o.s.c.a.ClassPathBeanDefinitionScanner - Identified candidate component class: file [/Users/huff/development/java/apps/TAMU-Webservice-Seed/target/classes/edu/tamu/app/controller/AdminController.class]
10:13:58.789 [main] DEBUG o.s.c.a.ClassPathBeanDefinitionScanner - Identified candidate component class: file [/Users/huff/development/java/apps/TAMU-Webservice-Seed/target/classes/edu/tamu/app/controller/MockAuthServiceController.class]
10:13:58.789 [main] DEBUG o.s.c.a.ClassPathBeanDefinitionScanner - Identified candidate component class: file [/Users/huff/development/java/apps/TAMU-Webservice-Seed/target/classes/edu/tamu/app/controller/UserController.class]
10:13:58.790 [main] DEBUG o.s.c.a.ClassPathBeanDefinitionScanner - Ignored because not a concrete top-level class: file [/Users/huff/development/java/apps/TAMU-Webservice-Seed/target/classes/edu/tamu/app/model/repo/UserRepo.class]
10:13:58.790 [main] DEBUG o.s.c.a.ClassPathBeanDefinitionScanner - Identified candidate component class: file [/Users/huff/development/java/apps/TAMU-Webservice-Seed/target/classes/edu/tamu/app/WebServerInit.class]
10:13:58.803 [main] DEBUG o.s.core.env.StandardEnvironment - Adding [systemProperties] PropertySource with lowest search precedence
10:13:58.803 [main] DEBUG o.s.core.env.StandardEnvironment - Adding [systemEnvironment] PropertySource with lowest search precedence
10:13:58.803 [main] DEBUG o.s.core.env.StandardEnvironment - Initialized StandardEnvironment with PropertySources [systemProperties,systemEnvironment]
10:13:58.803 [main] DEBUG o.s.c.a.ClassPathBeanDefinitionScanner - JSR-250 'javax.annotation.ManagedBean' found and supported for component scanning
10:13:58.804 [main] DEBUG o.s.c.i.s.PathMatchingResourcePatternResolver - Looking for matching resources in jar file [file:/Users/huff/.m2/repository/edu/tamu/framework/webservice-framework-core/2.0.0-SNAPSHOT/webservice-framework-core-2.0.0-SNAPSHOT.jar]
10:13:58.804 [main] DEBUG o.s.c.i.s.PathMatchingResourcePatternResolver - Resolved location pattern [classpath*:edu/tamu/framework/config/**/*.class] to resources [URL [jar:file:/Users/huff/.m2/repository/edu/tamu/framework/webservice-framework-core/2.0.0-SNAPSHOT/webservice-framework-core-2.0.0-SNAPSHOT.jar!/edu/tamu/framework/config/CoreCorsFilter.class], URL [jar:file:/Users/huff/.m2/repository/edu/tamu/framework/webservice-framework-core/2.0.0-SNAPSHOT/webservice-framework-core-2.0.0-SNAPSHOT.jar!/edu/tamu/framework/config/CoreScheduleConfig.class], URL [jar:file:/Users/huff/.m2/repository/edu/tamu/framework/webservice-framework-core/2.0.0-SNAPSHOT/webservice-framework-core-2.0.0-SNAPSHOT.jar!/edu/tamu/framework/config/CoreSecurityConfig.class], URL [jar:file:/Users/huff/.m2/repository/edu/tamu/framework/webservice-framework-core/2.0.0-SNAPSHOT/webservice-framework-core-2.0.0-SNAPSHOT.jar!/edu/tamu/framework/config/CoreWebAppConfig.class], URL [jar:file:/Users/huff/.m2/repository/edu/tamu/framework/webservice-framework-core/2.0.0-SNAPSHOT/webservice-framework-core-2.0.0-SNAPSHOT.jar!/edu/tamu/framework/config/CoreWebConfigSupport.class], URL [jar:file:/Users/huff/.m2/repository/edu/tamu/framework/webservice-framework-core/2.0.0-SNAPSHOT/webservice-framework-core-2.0.0-SNAPSHOT.jar!/edu/tamu/framework/config/CoreWebMvcConfig.class], URL [jar:file:/Users/huff/.m2/repository/edu/tamu/framework/webservice-framework-core/2.0.0-SNAPSHOT/webservice-framework-core-2.0.0-SNAPSHOT.jar!/edu/tamu/framework/config/CoreWebSocketConfig.class]]
10:13:58.804 [main] DEBUG o.s.c.a.ClassPathBeanDefinitionScanner - Identified candidate component class: URL [jar:file:/Users/huff/.m2/repository/edu/tamu/framework/webservice-framework-core/2.0.0-SNAPSHOT/webservice-framework-core-2.0.0-SNAPSHOT.jar!/edu/tamu/framework/config/CoreCorsFilter.class]
10:13:58.805 [main] DEBUG o.s.c.a.ClassPathBeanDefinitionScanner - Identified candidate component class: URL [jar:file:/Users/huff/.m2/repository/edu/tamu/framework/webservice-framework-core/2.0.0-SNAPSHOT/webservice-framework-core-2.0.0-SNAPSHOT.jar!/edu/tamu/framework/config/CoreScheduleConfig.class]
10:13:58.805 [main] DEBUG o.s.c.a.ClassPathBeanDefinitionScanner - Identified candidate component class: URL [jar:file:/Users/huff/.m2/repository/edu/tamu/framework/webservice-framework-core/2.0.0-SNAPSHOT/webservice-framework-core-2.0.0-SNAPSHOT.jar!/edu/tamu/framework/config/CoreSecurityConfig.class]
10:13:58.805 [main] DEBUG o.s.c.a.ClassPathBeanDefinitionScanner - Ignored because not a concrete top-level class: URL [jar:file:/Users/huff/.m2/repository/edu/tamu/framework/webservice-framework-core/2.0.0-SNAPSHOT/webservice-framework-core-2.0.0-SNAPSHOT.jar!/edu/tamu/framework/config/CoreWebConfigSupport.class]
10:13:58.809 [main] DEBUG o.s.c.a.ClassPathBeanDefinitionScanner - Identified candidate component class: URL [jar:file:/Users/huff/.m2/repository/edu/tamu/framework/webservice-framework-core/2.0.0-SNAPSHOT/webservice-framework-core-2.0.0-SNAPSHOT.jar!/edu/tamu/framework/config/CoreWebMvcConfig.class]
10:13:58.809 [main] DEBUG o.s.c.a.ClassPathBeanDefinitionScanner - Ignored because not a concrete top-level class: URL [jar:file:/Users/huff/.m2/repository/edu/tamu/framework/webservice-framework-core/2.0.0-SNAPSHOT/webservice-framework-core-2.0.0-SNAPSHOT.jar!/edu/tamu/framework/config/CoreWebSocketConfig.class]
10:13:58.810 [main] DEBUG o.s.c.i.s.PathMatchingResourcePatternResolver - Looking for matching resources in jar file [file:/Users/huff/.m2/repository/edu/tamu/framework/webservice-framework-core/2.0.0-SNAPSHOT/webservice-framework-core-2.0.0-SNAPSHOT.jar]
10:13:58.810 [main] DEBUG o.s.c.i.s.PathMatchingResourcePatternResolver - Resolved location pattern [classpath*:edu/tamu/framework/interceptor/**/*.class] to resources [URL [jar:file:/Users/huff/.m2/repository/edu/tamu/framework/webservice-framework-core/2.0.0-SNAPSHOT/webservice-framework-core-2.0.0-SNAPSHOT.jar!/edu/tamu/framework/interceptor/CoreRestInterceptor$ExpiredJwtException.class], URL [jar:file:/Users/huff/.m2/repository/edu/tamu/framework/webservice-framework-core/2.0.0-SNAPSHOT/webservice-framework-core-2.0.0-SNAPSHOT.jar!/edu/tamu/framework/interceptor/CoreRestInterceptor$InvalidJwtException.class], URL [jar:file:/Users/huff/.m2/repository/edu/tamu/framework/webservice-framework-core/2.0.0-SNAPSHOT/webservice-framework-core-2.0.0-SNAPSHOT.jar!/edu/tamu/framework/interceptor/CoreRestInterceptor$MissingJwtException.class], URL [jar:file:/Users/huff/.m2/repository/edu/tamu/framework/webservice-framework-core/2.0.0-SNAPSHOT/webservice-framework-core-2.0.0-SNAPSHOT.jar!/edu/tamu/framework/interceptor/CoreRestInterceptor.class], URL [jar:file:/Users/huff/.m2/repository/edu/tamu/framework/webservice-framework-core/2.0.0-SNAPSHOT/webservice-framework-core-2.0.0-SNAPSHOT.jar!/edu/tamu/framework/interceptor/CoreStompInterceptor$1.class], URL [jar:file:/Users/huff/.m2/repository/edu/tamu/framework/webservice-framework-core/2.0.0-SNAPSHOT/webservice-framework-core-2.0.0-SNAPSHOT.jar!/edu/tamu/framework/interceptor/CoreStompInterceptor.class]]
10:13:58.811 [main] DEBUG o.s.c.a.ClassPathBeanDefinitionScanner - Ignored because not a concrete top-level class: URL [jar:file:/Users/huff/.m2/repository/edu/tamu/framework/webservice-framework-core/2.0.0-SNAPSHOT/webservice-framework-core-2.0.0-SNAPSHOT.jar!/edu/tamu/framework/interceptor/CoreRestInterceptor.class]
10:13:58.812 [main] DEBUG o.s.c.a.ClassPathBeanDefinitionScanner - Ignored because not a concrete top-level class: URL [jar:file:/Users/huff/.m2/repository/edu/tamu/framework/webservice-framework-core/2.0.0-SNAPSHOT/webservice-framework-core-2.0.0-SNAPSHOT.jar!/edu/tamu/framework/interceptor/CoreStompInterceptor.class]
10:13:58.812 [main] DEBUG o.s.c.i.s.PathMatchingResourcePatternResolver - Looking for matching resources in jar file [file:/Users/huff/.m2/repository/edu/tamu/framework/webservice-framework-core/2.0.0-SNAPSHOT/webservice-framework-core-2.0.0-SNAPSHOT.jar]
10:13:58.812 [main] DEBUG o.s.c.i.s.PathMatchingResourcePatternResolver - Resolved location pattern [classpath*:edu/tamu/framework/controller/**/*.class] to resources [URL [jar:file:/Users/huff/.m2/repository/edu/tamu/framework/webservice-framework-core/2.0.0-SNAPSHOT/webservice-framework-core-2.0.0-SNAPSHOT.jar!/edu/tamu/framework/controller/ReportingController$1.class], URL [jar:file:/Users/huff/.m2/repository/edu/tamu/framework/webservice-framework-core/2.0.0-SNAPSHOT/webservice-framework-core-2.0.0-SNAPSHOT.jar!/edu/tamu/framework/controller/ReportingController.class]]
10:13:58.814 [main] DEBUG o.s.c.a.ClassPathBeanDefinitionScanner - Identified candidate component class: URL [jar:file:/Users/huff/.m2/repository/edu/tamu/framework/webservice-framework-core/2.0.0-SNAPSHOT/webservice-framework-core-2.0.0-SNAPSHOT.jar!/edu/tamu/framework/controller/ReportingController.class]
10:13:58.823 [main] DEBUG o.s.core.env.StandardEnvironment - Adding [systemProperties] PropertySource with lowest search precedence
10:13:58.823 [main] DEBUG o.s.core.env.StandardEnvironment - Adding [systemEnvironment] PropertySource with lowest search precedence
10:13:58.823 [main] DEBUG o.s.core.env.StandardEnvironment - Initialized StandardEnvironment with PropertySources [systemProperties,systemEnvironment]
10:13:58.823 [main] DEBUG o.s.c.a.ClassPathBeanDefinitionScanner - JSR-250 'javax.annotation.ManagedBean' found and supported for component scanning
10:13:58.823 [main] DEBUG o.s.c.i.s.PathMatchingResourcePatternResolver - Resolved location pattern [classpath*:org/tdl/vireo/config/**/*.class] to resources []
10:13:58.823 [main] DEBUG o.s.c.i.s.PathMatchingResourcePatternResolver - Resolved location pattern [classpath*:org/tdl/vireo/controller/**/*.class] to resources []
10:13:58.824 [main] DEBUG o.s.core.env.StandardEnvironment - Adding [systemProperties] PropertySource with lowest search precedence
10:13:58.824 [main] DEBUG o.s.core.env.StandardEnvironment - Adding [systemEnvironment] PropertySource with lowest search precedence
10:13:58.824 [main] DEBUG o.s.core.env.StandardEnvironment - Initialized StandardEnvironment with PropertySources [systemProperties,systemEnvironment]
10:13:58.824 [main] DEBUG o.s.c.a.ClassPathBeanDefinitionScanner - JSR-250 'javax.annotation.ManagedBean' found and supported for component scanning
10:13:58.824 [main] DEBUG o.s.c.i.s.PathMatchingResourcePatternResolver - Looking for matching resources in jar file [file:/Users/huff/.m2/repository/edu/tamu/framework/webservice-framework-core/2.0.0-SNAPSHOT/webservice-framework-core-2.0.0-SNAPSHOT.jar]
10:13:58.824 [main] DEBUG o.s.c.i.s.PathMatchingResourcePatternResolver - Resolved location pattern [classpath*:edu/tamu/framework/config/**/*.class] to resources [URL [jar:file:/Users/huff/.m2/repository/edu/tamu/framework/webservice-framework-core/2.0.0-SNAPSHOT/webservice-framework-core-2.0.0-SNAPSHOT.jar!/edu/tamu/framework/config/CoreCorsFilter.class], URL [jar:file:/Users/huff/.m2/repository/edu/tamu/framework/webservice-framework-core/2.0.0-SNAPSHOT/webservice-framework-core-2.0.0-SNAPSHOT.jar!/edu/tamu/framework/config/CoreScheduleConfig.class], URL [jar:file:/Users/huff/.m2/repository/edu/tamu/framework/webservice-framework-core/2.0.0-SNAPSHOT/webservice-framework-core-2.0.0-SNAPSHOT.jar!/edu/tamu/framework/config/CoreSecurityConfig.class], URL [jar:file:/Users/huff/.m2/repository/edu/tamu/framework/webservice-framework-core/2.0.0-SNAPSHOT/webservice-framework-core-2.0.0-SNAPSHOT.jar!/edu/tamu/framework/config/CoreWebAppConfig.class], URL [jar:file:/Users/huff/.m2/repository/edu/tamu/framework/webservice-framework-core/2.0.0-SNAPSHOT/webservice-framework-core-2.0.0-SNAPSHOT.jar!/edu/tamu/framework/config/CoreWebConfigSupport.class], URL [jar:file:/Users/huff/.m2/repository/edu/tamu/framework/webservice-framework-core/2.0.0-SNAPSHOT/webservice-framework-core-2.0.0-SNAPSHOT.jar!/edu/tamu/framework/config/CoreWebMvcConfig.class], URL [jar:file:/Users/huff/.m2/repository/edu/tamu/framework/webservice-framework-core/2.0.0-SNAPSHOT/webservice-framework-core-2.0.0-SNAPSHOT.jar!/edu/tamu/framework/config/CoreWebSocketConfig.class]]
10:13:58.824 [main] DEBUG o.s.c.a.ClassPathBeanDefinitionScanner - Identified candidate component class: URL [jar:file:/Users/huff/.m2/repository/edu/tamu/framework/webservice-framework-core/2.0.0-SNAPSHOT/webservice-framework-core-2.0.0-SNAPSHOT.jar!/edu/tamu/framework/config/CoreCorsFilter.class]
10:13:58.825 [main] DEBUG o.s.c.a.ClassPathBeanDefinitionScanner - Identified candidate component class: URL [jar:file:/Users/huff/.m2/repository/edu/tamu/framework/webservice-framework-core/2.0.0-SNAPSHOT/webservice-framework-core-2.0.0-SNAPSHOT.jar!/edu/tamu/framework/config/CoreScheduleConfig.class]
10:13:58.825 [main] DEBUG o.s.c.a.ClassPathBeanDefinitionScanner - Identified candidate component class: URL [jar:file:/Users/huff/.m2/repository/edu/tamu/framework/webservice-framework-core/2.0.0-SNAPSHOT/webservice-framework-core-2.0.0-SNAPSHOT.jar!/edu/tamu/framework/config/CoreSecurityConfig.class]
10:13:58.825 [main] DEBUG o.s.c.a.ClassPathBeanDefinitionScanner - Ignored because not a concrete top-level class: URL [jar:file:/Users/huff/.m2/repository/edu/tamu/framework/webservice-framework-core/2.0.0-SNAPSHOT/webservice-framework-core-2.0.0-SNAPSHOT.jar!/edu/tamu/framework/config/CoreWebConfigSupport.class]
10:13:58.825 [main] DEBUG o.s.c.a.ClassPathBeanDefinitionScanner - Identified candidate component class: URL [jar:file:/Users/huff/.m2/repository/edu/tamu/framework/webservice-framework-core/2.0.0-SNAPSHOT/webservice-framework-core-2.0.0-SNAPSHOT.jar!/edu/tamu/framework/config/CoreWebMvcConfig.class]
10:13:58.826 [main] DEBUG o.s.c.a.ClassPathBeanDefinitionScanner - Ignored because not a concrete top-level class: URL [jar:file:/Users/huff/.m2/repository/edu/tamu/framework/webservice-framework-core/2.0.0-SNAPSHOT/webservice-framework-core-2.0.0-SNAPSHOT.jar!/edu/tamu/framework/config/CoreWebSocketConfig.class]
10:13:58.826 [main] DEBUG o.s.c.i.s.PathMatchingResourcePatternResolver - Looking for matching resources in jar file [file:/Users/huff/.m2/repository/edu/tamu/framework/webservice-framework-core/2.0.0-SNAPSHOT/webservice-framework-core-2.0.0-SNAPSHOT.jar]
10:13:58.827 [main] DEBUG o.s.c.i.s.PathMatchingResourcePatternResolver - Resolved location pattern [classpath*:edu/tamu/framework/interceptor/**/*.class] to resources [URL [jar:file:/Users/huff/.m2/repository/edu/tamu/framework/webservice-framework-core/2.0.0-SNAPSHOT/webservice-framework-core-2.0.0-SNAPSHOT.jar!/edu/tamu/framework/interceptor/CoreRestInterceptor$ExpiredJwtException.class], URL [jar:file:/Users/huff/.m2/repository/edu/tamu/framework/webservice-framework-core/2.0.0-SNAPSHOT/webservice-framework-core-2.0.0-SNAPSHOT.jar!/edu/tamu/framework/interceptor/CoreRestInterceptor$InvalidJwtException.class], URL [jar:file:/Users/huff/.m2/repository/edu/tamu/framework/webservice-framework-core/2.0.0-SNAPSHOT/webservice-framework-core-2.0.0-SNAPSHOT.jar!/edu/tamu/framework/interceptor/CoreRestInterceptor$MissingJwtException.class], URL [jar:file:/Users/huff/.m2/repository/edu/tamu/framework/webservice-framework-core/2.0.0-SNAPSHOT/webservice-framework-core-2.0.0-SNAPSHOT.jar!/edu/tamu/framework/interceptor/CoreRestInterceptor.class], URL [jar:file:/Users/huff/.m2/repository/edu/tamu/framework/webservice-framework-core/2.0.0-SNAPSHOT/webservice-framework-core-2.0.0-SNAPSHOT.jar!/edu/tamu/framework/interceptor/CoreStompInterceptor$1.class], URL [jar:file:/Users/huff/.m2/repository/edu/tamu/framework/webservice-framework-core/2.0.0-SNAPSHOT/webservice-framework-core-2.0.0-SNAPSHOT.jar!/edu/tamu/framework/interceptor/CoreStompInterceptor.class]]
10:13:58.827 [main] DEBUG o.s.c.a.ClassPathBeanDefinitionScanner - Ignored because not a concrete top-level class: URL [jar:file:/Users/huff/.m2/repository/edu/tamu/framework/webservice-framework-core/2.0.0-SNAPSHOT/webservice-framework-core-2.0.0-SNAPSHOT.jar!/edu/tamu/framework/interceptor/CoreRestInterceptor.class]
10:13:58.828 [main] DEBUG o.s.c.a.ClassPathBeanDefinitionScanner - Ignored because not a concrete top-level class: URL [jar:file:/Users/huff/.m2/repository/edu/tamu/framework/webservice-framework-core/2.0.0-SNAPSHOT/webservice-framework-core-2.0.0-SNAPSHOT.jar!/edu/tamu/framework/interceptor/CoreStompInterceptor.class]
10:13:58.828 [main] DEBUG o.s.c.i.s.PathMatchingResourcePatternResolver - Looking for matching resources in jar file [file:/Users/huff/.m2/repository/edu/tamu/framework/webservice-framework-core/2.0.0-SNAPSHOT/webservice-framework-core-2.0.0-SNAPSHOT.jar]
10:13:58.828 [main] DEBUG o.s.c.i.s.PathMatchingResourcePatternResolver - Resolved location pattern [classpath*:edu/tamu/framework/controller/**/*.class] to resources [URL [jar:file:/Users/huff/.m2/repository/edu/tamu/framework/webservice-framework-core/2.0.0-SNAPSHOT/webservice-framework-core-2.0.0-SNAPSHOT.jar!/edu/tamu/framework/controller/ReportingController$1.class], URL [jar:file:/Users/huff/.m2/repository/edu/tamu/framework/webservice-framework-core/2.0.0-SNAPSHOT/webservice-framework-core-2.0.0-SNAPSHOT.jar!/edu/tamu/framework/controller/ReportingController.class]]
10:13:58.828 [main] DEBUG o.s.c.a.ClassPathBeanDefinitionScanner - Identified candidate component class: URL [jar:file:/Users/huff/.m2/repository/edu/tamu/framework/webservice-framework-core/2.0.0-SNAPSHOT/webservice-framework-core-2.0.0-SNAPSHOT.jar!/edu/tamu/framework/controller/ReportingController.class]
10:13:58.838 [main] DEBUG o.s.core.env.StandardEnvironment - Adding [systemProperties] PropertySource with lowest search precedence
10:13:58.838 [main] DEBUG o.s.core.env.StandardEnvironment - Adding [systemEnvironment] PropertySource with lowest search precedence
10:13:58.838 [main] DEBUG o.s.core.env.StandardEnvironment - Initialized StandardEnvironment with PropertySources [systemProperties,systemEnvironment]
10:13:58.838 [main] DEBUG o.s.c.a.ClassPathBeanDefinitionScanner - JSR-250 'javax.annotation.ManagedBean' found and supported for component scanning
10:13:58.838 [main] DEBUG o.s.c.i.s.PathMatchingResourcePatternResolver - Looking for matching resources in jar file [file:/Users/huff/.m2/repository/edu/tamu/framework/webservice-framework-core/2.0.0-SNAPSHOT/webservice-framework-core-2.0.0-SNAPSHOT.jar]
10:13:58.839 [main] DEBUG o.s.c.i.s.PathMatchingResourcePatternResolver - Resolved location pattern [classpath*:edu/tamu/framework/**/*.class] to resources [URL [jar:file:/Users/huff/.m2/repository/edu/tamu/framework/webservice-framework-core/2.0.0-SNAPSHOT/webservice-framework-core-2.0.0-SNAPSHOT.jar!/edu/tamu/framework/aspect/annotation/ApiMapping.class], URL [jar:file:/Users/huff/.m2/repository/edu/tamu/framework/webservice-framework-core/2.0.0-SNAPSHOT/webservice-framework-core-2.0.0-SNAPSHOT.jar!/edu/tamu/framework/aspect/annotation/ApiVariable.class], URL [jar:file:/Users/huff/.m2/repository/edu/tamu/framework/webservice-framework-core/2.0.0-SNAPSHOT/webservice-framework-core-2.0.0-SNAPSHOT.jar!/edu/tamu/framework/aspect/annotation/Auth.class], URL [jar:file:/Users/huff/.m2/repository/edu/tamu/framework/webservice-framework-core/2.0.0-SNAPSHOT/webservice-framework-core-2.0.0-SNAPSHOT.jar!/edu/tamu/framework/aspect/annotation/Data.class], URL [jar:file:/Users/huff/.m2/repository/edu/tamu/framework/webservice-framework-core/2.0.0-SNAPSHOT/webservice-framework-core-2.0.0-SNAPSHOT.jar!/edu/tamu/framework/aspect/annotation/InputStream.class], URL [jar:file:/Users/huff/.m2/repository/edu/tamu/framework/webservice-framework-core/2.0.0-SNAPSHOT/webservice-framework-core-2.0.0-SNAPSHOT.jar!/edu/tamu/framework/aspect/annotation/Parameters.class], URL [jar:file:/Users/huff/.m2/repository/edu/tamu/framework/webservice-framework-core/2.0.0-SNAPSHOT/webservice-framework-core-2.0.0-SNAPSHOT.jar!/edu/tamu/framework/aspect/annotation/Shib.class], URL [jar:file:/Users/huff/.m2/repository/edu/tamu/framework/webservice-framework-core/2.0.0-SNAPSHOT/webservice-framework-core-2.0.0-SNAPSHOT.jar!/edu/tamu/framework/aspect/annotation/SkipAop.class], URL [jar:file:/Users/huff/.m2/repository/edu/tamu/framework/webservice-framework-core/2.0.0-SNAPSHOT/webservice-framework-core-2.0.0-SNAPSHOT.jar!/edu/tamu/framework/aspect/CoreControllerAspect$PreProcessObject.class], URL [jar:file:/Users/huff/.m2/repository/edu/tamu/framework/webservice-framework-core/2.0.0-SNAPSHOT/webservice-framework-core-2.0.0-SNAPSHOT.jar!/edu/tamu/framework/aspect/CoreControllerAspect$Protocol.class], URL [jar:file:/Users/huff/.m2/repository/edu/tamu/framework/webservice-framework-core/2.0.0-SNAPSHOT/webservice-framework-core-2.0.0-SNAPSHOT.jar!/edu/tamu/framework/aspect/CoreControllerAspect.class], URL [jar:file:/Users/huff/.m2/repository/edu/tamu/framework/webservice-framework-core/2.0.0-SNAPSHOT/webservice-framework-core-2.0.0-SNAPSHOT.jar!/edu/tamu/framework/config/CoreCorsFilter.class], URL [jar:file:/Users/huff/.m2/repository/edu/tamu/framework/webservice-framework-core/2.0.0-SNAPSHOT/webservice-framework-core-2.0.0-SNAPSHOT.jar!/edu/tamu/framework/config/CoreScheduleConfig.class], URL [jar:file:/Users/huff/.m2/repository/edu/tamu/framework/webservice-framework-core/2.0.0-SNAPSHOT/webservice-framework-core-2.0.0-SNAPSHOT.jar!/edu/tamu/framework/config/CoreSecurityConfig.class], URL [jar:file:/Users/huff/.m2/repository/edu/tamu/framework/webservice-framework-core/2.0.0-SNAPSHOT/webservice-framework-core-2.0.0-SNAPSHOT.jar!/edu/tamu/framework/config/CoreWebAppConfig.class], URL [jar:file:/Users/huff/.m2/repository/edu/tamu/framework/webservice-framework-core/2.0.0-SNAPSHOT/webservice-framework-core-2.0.0-SNAPSHOT.jar!/edu/tamu/framework/config/CoreWebConfigSupport.class], URL [jar:file:/Users/huff/.m2/repository/edu/tamu/framework/webservice-framework-core/2.0.0-SNAPSHOT/webservice-framework-core-2.0.0-SNAPSHOT.jar!/edu/tamu/framework/config/CoreWebMvcConfig.class], URL [jar:file:/Users/huff/.m2/repository/edu/tamu/framework/webservice-framework-core/2.0.0-SNAPSHOT/webservice-framework-core-2.0.0-SNAPSHOT.jar!/edu/tamu/framework/config/CoreWebSocketConfig.class], URL [jar:file:/Users/huff/.m2/repository/edu/tamu/framework/webservice-framework-core/2.0.0-SNAPSHOT/webservice-framework-core-2.0.0-SNAPSHOT.jar!/edu/tamu/framework/controller/ReportingController$1.class], URL [jar:file:/Users/huff/.m2/repository/edu/tamu/framework/webservice-framework-core/2.0.0-SNAPSHOT/webservice-framework-core-2.0.0-SNAPSHOT.jar!/edu/tamu/framework/controller/ReportingController.class], URL [jar:file:/Users/huff/.m2/repository/edu/tamu/framework/webservice-framework-core/2.0.0-SNAPSHOT/webservice-framework-core-2.0.0-SNAPSHOT.jar!/edu/tamu/framework/CoreContextInitializedHandler.class], URL [jar:file:/Users/huff/.m2/repository/edu/tamu/framework/webservice-framework-core/2.0.0-SNAPSHOT/webservice-framework-core-2.0.0-SNAPSHOT.jar!/edu/tamu/framework/enums/ApiResponseType.class], URL [jar:file:/Users/huff/.m2/repository/edu/tamu/framework/webservice-framework-core/2.0.0-SNAPSHOT/webservice-framework-core-2.0.0-SNAPSHOT.jar!/edu/tamu/framework/enums/CoreRoles.class], URL [jar:file:/Users/huff/.m2/repository/edu/tamu/framework/webservice-framework-core/2.0.0-SNAPSHOT/webservice-framework-core-2.0.0-SNAPSHOT.jar!/edu/tamu/framework/events/StompConnectEvent.class], URL [jar:file:/Users/huff/.m2/repository/edu/tamu/framework/webservice-framework-core/2.0.0-SNAPSHOT/webservice-framework-core-2.0.0-SNAPSHOT.jar!/edu/tamu/framework/events/StompDisconnectEvent.class], URL [jar:file:/Users/huff/.m2/repository/edu/tamu/framework/webservice-framework-core/2.0.0-SNAPSHOT/webservice-framework-core-2.0.0-SNAPSHOT.jar!/edu/tamu/framework/interceptor/CoreRestInterceptor$ExpiredJwtException.class], URL [jar:file:/Users/huff/.m2/repository/edu/tamu/framework/webservice-framework-core/2.0.0-SNAPSHOT/webservice-framework-core-2.0.0-SNAPSHOT.jar!/edu/tamu/framework/interceptor/CoreRestInterceptor$InvalidJwtException.class], URL [jar:file:/Users/huff/.m2/repository/edu/tamu/framework/webservice-framework-core/2.0.0-SNAPSHOT/webservice-framework-core-2.0.0-SNAPSHOT.jar!/edu/tamu/framework/interceptor/CoreRestInterceptor$MissingJwtException.class], URL [jar:file:/Users/huff/.m2/repository/edu/tamu/framework/webservice-framework-core/2.0.0-SNAPSHOT/webservice-framework-core-2.0.0-SNAPSHOT.jar!/edu/tamu/framework/interceptor/CoreRestInterceptor.class], URL [jar:file:/Users/huff/.m2/repository/edu/tamu/framework/webservice-framework-core/2.0.0-SNAPSHOT/webservice-framework-core-2.0.0-SNAPSHOT.jar!/edu/tamu/framework/interceptor/CoreStompInterceptor$1.class], URL [jar:file:/Users/huff/.m2/repository/edu/tamu/framework/webservice-framework-core/2.0.0-SNAPSHOT/webservice-framework-core-2.0.0-SNAPSHOT.jar!/edu/tamu/framework/interceptor/CoreStompInterceptor.class], URL [jar:file:/Users/huff/.m2/repository/edu/tamu/framework/webservice-framework-core/2.0.0-SNAPSHOT/webservice-framework-core-2.0.0-SNAPSHOT.jar!/edu/tamu/framework/mapping/condition/RestRequestCondition.class], URL [jar:file:/Users/huff/.m2/repository/edu/tamu/framework/webservice-framework-core/2.0.0-SNAPSHOT/webservice-framework-core-2.0.0-SNAPSHOT.jar!/edu/tamu/framework/mapping/condition/WebSocketRequestCondition.class], URL [jar:file:/Users/huff/.m2/repository/edu/tamu/framework/webservice-framework-core/2.0.0-SNAPSHOT/webservice-framework-core-2.0.0-SNAPSHOT.jar!/edu/tamu/framework/mapping/info/CustomSimpMessageMappingInfo.class], URL [jar:file:/Users/huff/.m2/repository/edu/tamu/framework/webservice-framework-core/2.0.0-SNAPSHOT/webservice-framework-core-2.0.0-SNAPSHOT.jar!/edu/tamu/framework/mapping/RestRequestMappingHandler.class], URL [jar:file:/Users/huff/.m2/repository/edu/tamu/framework/webservice-framework-core/2.0.0-SNAPSHOT/webservice-framework-core-2.0.0-SNAPSHOT.jar!/edu/tamu/framework/mapping/WebSocketRequestMappingHandler$1.class], URL [jar:file:/Users/huff/.m2/repository/edu/tamu/framework/webservice-framework-core/2.0.0-SNAPSHOT/webservice-framework-core-2.0.0-SNAPSHOT.jar!/edu/tamu/framework/mapping/WebSocketRequestMappingHandler.class], URL [jar:file:/Users/huff/.m2/repository/edu/tamu/framework/webservice-framework-core/2.0.0-SNAPSHOT/webservice-framework-core-2.0.0-SNAPSHOT.jar!/edu/tamu/framework/model/AbstractCoreUserImpl.class], URL [jar:file:/Users/huff/.m2/repository/edu/tamu/framework/webservice-framework-core/2.0.0-SNAPSHOT/webservice-framework-core-2.0.0-SNAPSHOT.jar!/edu/tamu/framework/model/ApiResponse$Meta.class], URL [jar:file:/Users/huff/.m2/repository/edu/tamu/framework/webservice-framework-core/2.0.0-SNAPSHOT/webservice-framework-core-2.0.0-SNAPSHOT.jar!/edu/tamu/framework/model/ApiResponse.class], URL [jar:file:/Users/huff/.m2/repository/edu/tamu/framework/webservice-framework-core/2.0.0-SNAPSHOT/webservice-framework-core-2.0.0-SNAPSHOT.jar!/edu/tamu/framework/model/CoreUser.class], URL [jar:file:/Users/huff/.m2/repository/edu/tamu/framework/webservice-framework-core/2.0.0-SNAPSHOT/webservice-framework-core-2.0.0-SNAPSHOT.jar!/edu/tamu/framework/model/Credentials.class], URL [jar:file:/Users/huff/.m2/repository/edu/tamu/framework/webservice-framework-core/2.0.0-SNAPSHOT/webservice-framework-core-2.0.0-SNAPSHOT.jar!/edu/tamu/framework/model/HttpRequest.class], URL [jar:file:/Users/huff/.m2/repository/edu/tamu/framework/webservice-framework-core/2.0.0-SNAPSHOT/webservice-framework-core-2.0.0-SNAPSHOT.jar!/edu/tamu/framework/model/jwt/JWTclaim.class], URL [jar:file:/Users/huff/.m2/repository/edu/tamu/framework/webservice-framework-core/2.0.0-SNAPSHOT/webservice-framework-core-2.0.0-SNAPSHOT.jar!/edu/tamu/framework/model/jwt/JWTheader.class], URL [jar:file:/Users/huff/.m2/repository/edu/tamu/framework/webservice-framework-core/2.0.0-SNAPSHOT/webservice-framework-core-2.0.0-SNAPSHOT.jar!/edu/tamu/framework/model/jwt/JWTtoken.class], URL [jar:file:/Users/huff/.m2/repository/edu/tamu/framework/webservice-framework-core/2.0.0-SNAPSHOT/webservice-framework-core-2.0.0-SNAPSHOT.jar!/edu/tamu/framework/model/repo/SymlinkRepo.class], URL [jar:file:/Users/huff/.m2/repository/edu/tamu/framework/webservice-framework-core/2.0.0-SNAPSHOT/webservice-framework-core-2.0.0-SNAPSHOT.jar!/edu/tamu/framework/model/Symlink.class], URL [jar:file:/Users/huff/.m2/repository/edu/tamu/framework/webservice-framework-core/2.0.0-SNAPSHOT/webservice-framework-core-2.0.0-SNAPSHOT.jar!/edu/tamu/framework/model/WebSocketRequest.class], URL [jar:file:/Users/huff/.m2/repository/edu/tamu/framework/webservice-framework-core/2.0.0-SNAPSHOT/webservice-framework-core-2.0.0-SNAPSHOT.jar!/edu/tamu/framework/service/HttpRequestService.class], URL [jar:file:/Users/huff/.m2/repository/edu/tamu/framework/webservice-framework-core/2.0.0-SNAPSHOT/webservice-framework-core-2.0.0-SNAPSHOT.jar!/edu/tamu/framework/service/StompConnectionService.class], URL [jar:file:/Users/huff/.m2/repository/edu/tamu/framework/webservice-framework-core/2.0.0-SNAPSHOT/webservice-framework-core-2.0.0-SNAPSHOT.jar!/edu/tamu/framework/service/WebSocketRequestService.class], URL [jar:file:/Users/huff/.m2/repository/edu/tamu/framework/webservice-framework-core/2.0.0-SNAPSHOT/webservice-framework-core-2.0.0-SNAPSHOT.jar!/edu/tamu/framework/util/EmailUtility.class], URL [jar:file:/Users/huff/.m2/repository/edu/tamu/framework/webservice-framework-core/2.0.0-SNAPSHOT/webservice-framework-core-2.0.0-SNAPSHOT.jar!/edu/tamu/framework/util/HttpUtility.class], URL [jar:file:/Users/huff/.m2/repository/edu/tamu/framework/webservice-framework-core/2.0.0-SNAPSHOT/webservice-framework-core-2.0.0-SNAPSHOT.jar!/edu/tamu/framework/util/JwtUtility.class]]
10:13:58.841 [main] DEBUG o.s.c.a.ClassPathBeanDefinitionScanner - Ignored because not a concrete top-level class: URL [jar:file:/Users/huff/.m2/repository/edu/tamu/framework/webservice-framework-core/2.0.0-SNAPSHOT/webservice-framework-core-2.0.0-SNAPSHOT.jar!/edu/tamu/framework/aspect/CoreControllerAspect.class]
10:13:58.841 [main] DEBUG o.s.c.a.ClassPathBeanDefinitionScanner - Identified candidate component class: URL [jar:file:/Users/huff/.m2/repository/edu/tamu/framework/webservice-framework-core/2.0.0-SNAPSHOT/webservice-framework-core-2.0.0-SNAPSHOT.jar!/edu/tamu/framework/config/CoreCorsFilter.class]
10:13:58.841 [main] DEBUG o.s.c.a.ClassPathBeanDefinitionScanner - Identified candidate component class: URL [jar:file:/Users/huff/.m2/repository/edu/tamu/framework/webservice-framework-core/2.0.0-SNAPSHOT/webservice-framework-core-2.0.0-SNAPSHOT.jar!/edu/tamu/framework/config/CoreScheduleConfig.class]
10:13:58.841 [main] DEBUG o.s.c.a.ClassPathBeanDefinitionScanner - Identified candidate component class: URL [jar:file:/Users/huff/.m2/repository/edu/tamu/framework/webservice-framework-core/2.0.0-SNAPSHOT/webservice-framework-core-2.0.0-SNAPSHOT.jar!/edu/tamu/framework/config/CoreSecurityConfig.class]
10:13:58.841 [main] DEBUG o.s.c.a.ClassPathBeanDefinitionScanner - Identified candidate component class: URL [jar:file:/Users/huff/.m2/repository/edu/tamu/framework/webservice-framework-core/2.0.0-SNAPSHOT/webservice-framework-core-2.0.0-SNAPSHOT.jar!/edu/tamu/framework/config/CoreWebAppConfig.class]
10:13:58.842 [main] DEBUG o.s.c.a.ClassPathBeanDefinitionScanner - Ignored because not a concrete top-level class: URL [jar:file:/Users/huff/.m2/repository/edu/tamu/framework/webservice-framework-core/2.0.0-SNAPSHOT/webservice-framework-core-2.0.0-SNAPSHOT.jar!/edu/tamu/framework/config/CoreWebConfigSupport.class]
10:13:58.842 [main] DEBUG o.s.c.a.ClassPathBeanDefinitionScanner - Identified candidate component class: URL [jar:file:/Users/huff/.m2/repository/edu/tamu/framework/webservice-framework-core/2.0.0-SNAPSHOT/webservice-framework-core-2.0.0-SNAPSHOT.jar!/edu/tamu/framework/config/CoreWebMvcConfig.class]
10:13:58.842 [main] DEBUG o.s.c.a.ClassPathBeanDefinitionScanner - Ignored because not a concrete top-level class: URL [jar:file:/Users/huff/.m2/repository/edu/tamu/framework/webservice-framework-core/2.0.0-SNAPSHOT/webservice-framework-core-2.0.0-SNAPSHOT.jar!/edu/tamu/framework/config/CoreWebSocketConfig.class]
10:13:58.842 [main] DEBUG o.s.c.a.ClassPathBeanDefinitionScanner - Identified candidate component class: URL [jar:file:/Users/huff/.m2/repository/edu/tamu/framework/webservice-framework-core/2.0.0-SNAPSHOT/webservice-framework-core-2.0.0-SNAPSHOT.jar!/edu/tamu/framework/controller/ReportingController.class]
10:13:58.842 [main] DEBUG o.s.c.a.ClassPathBeanDefinitionScanner - Ignored because not a concrete top-level class: URL [jar:file:/Users/huff/.m2/repository/edu/tamu/framework/webservice-framework-core/2.0.0-SNAPSHOT/webservice-framework-core-2.0.0-SNAPSHOT.jar!/edu/tamu/framework/CoreContextInitializedHandler.class]
10:13:58.843 [main] DEBUG o.s.c.a.ClassPathBeanDefinitionScanner - Ignored because not a concrete top-level class: URL [jar:file:/Users/huff/.m2/repository/edu/tamu/framework/webservice-framework-core/2.0.0-SNAPSHOT/webservice-framework-core-2.0.0-SNAPSHOT.jar!/edu/tamu/framework/interceptor/CoreRestInterceptor.class]
10:13:58.843 [main] DEBUG o.s.c.a.ClassPathBeanDefinitionScanner - Ignored because not a concrete top-level class: URL [jar:file:/Users/huff/.m2/repository/edu/tamu/framework/webservice-framework-core/2.0.0-SNAPSHOT/webservice-framework-core-2.0.0-SNAPSHOT.jar!/edu/tamu/framework/interceptor/CoreStompInterceptor.class]
10:13:58.846 [main] DEBUG o.s.c.a.ClassPathBeanDefinitionScanner - Identified candidate component class: URL [jar:file:/Users/huff/.m2/repository/edu/tamu/framework/webservice-framework-core/2.0.0-SNAPSHOT/webservice-framework-core-2.0.0-SNAPSHOT.jar!/edu/tamu/framework/model/repo/SymlinkRepo.class]
10:13:58.847 [main] DEBUG o.s.c.a.ClassPathBeanDefinitionScanner - Identified candidate component class: URL [jar:file:/Users/huff/.m2/repository/edu/tamu/framework/webservice-framework-core/2.0.0-SNAPSHOT/webservice-framework-core-2.0.0-SNAPSHOT.jar!/edu/tamu/framework/service/HttpRequestService.class]
10:13:58.847 [main] DEBUG o.s.c.a.ClassPathBeanDefinitionScanner - Identified candidate component class: URL [jar:file:/Users/huff/.m2/repository/edu/tamu/framework/webservice-framework-core/2.0.0-SNAPSHOT/webservice-framework-core-2.0.0-SNAPSHOT.jar!/edu/tamu/framework/service/StompConnectionService.class]
10:13:58.847 [main] DEBUG o.s.c.a.ClassPathBeanDefinitionScanner - Identified candidate component class: URL [jar:file:/Users/huff/.m2/repository/edu/tamu/framework/webservice-framework-core/2.0.0-SNAPSHOT/webservice-framework-core-2.0.0-SNAPSHOT.jar!/edu/tamu/framework/service/WebSocketRequestService.class]
10:13:58.847 [main] DEBUG o.s.c.a.ClassPathBeanDefinitionScanner - Identified candidate component class: URL [jar:file:/Users/huff/.m2/repository/edu/tamu/framework/webservice-framework-core/2.0.0-SNAPSHOT/webservice-framework-core-2.0.0-SNAPSHOT.jar!/edu/tamu/framework/util/EmailUtility.class]
10:13:58.848 [main] DEBUG o.s.c.a.ClassPathBeanDefinitionScanner - Identified candidate component class: URL [jar:file:/Users/huff/.m2/repository/edu/tamu/framework/webservice-framework-core/2.0.0-SNAPSHOT/webservice-framework-core-2.0.0-SNAPSHOT.jar!/edu/tamu/framework/util/HttpUtility.class]
10:13:58.848 [main] DEBUG o.s.c.a.ClassPathBeanDefinitionScanner - Identified candidate component class: URL [jar:file:/Users/huff/.m2/repository/edu/tamu/framework/webservice-framework-core/2.0.0-SNAPSHOT/webservice-framework-core-2.0.0-SNAPSHOT.jar!/edu/tamu/framework/util/JwtUtility.class]
10:13:58.848 [main] DEBUG o.s.c.i.s.PathMatchingResourcePatternResolver - Looking for matching resources in directory tree [/Users/huff/development/java/apps/TAMU-Webservice-Seed/target/test-classes/edu/tamu/app]
10:13:58.848 [main] DEBUG o.s.c.i.s.PathMatchingResourcePatternResolver - Searching directory [/Users/huff/development/java/apps/TAMU-Webservice-Seed/target/test-classes/edu/tamu/app] for files matching pattern [/Users/huff/development/java/apps/TAMU-Webservice-Seed/target/test-classes/edu/tamu/app/**/*.class]
10:13:58.848 [main] DEBUG o.s.c.i.s.PathMatchingResourcePatternResolver - Searching directory [/Users/huff/development/java/apps/TAMU-Webservice-Seed/target/test-classes/edu/tamu/app/config] for files matching pattern [/Users/huff/development/java/apps/TAMU-Webservice-Seed/target/test-classes/edu/tamu/app/**/*.class]
10:13:58.849 [main] DEBUG o.s.c.i.s.PathMatchingResourcePatternResolver - Searching directory [/Users/huff/development/java/apps/TAMU-Webservice-Seed/target/test-classes/edu/tamu/app/model] for files matching pattern [/Users/huff/development/java/apps/TAMU-Webservice-Seed/target/test-classes/edu/tamu/app/**/*.class]
10:13:58.849 [main] DEBUG o.s.c.i.s.PathMatchingResourcePatternResolver - Searching directory [/Users/huff/development/java/apps/TAMU-Webservice-Seed/target/test-classes/edu/tamu/app/model/impl] for files matching pattern [/Users/huff/development/java/apps/TAMU-Webservice-Seed/target/test-classes/edu/tamu/app/**/*.class]
10:13:58.849 [main] DEBUG o.s.c.i.s.PathMatchingResourcePatternResolver - Looking for matching resources in directory tree [/Users/huff/development/java/apps/TAMU-Webservice-Seed/target/classes/edu/tamu/app]
10:13:58.849 [main] DEBUG o.s.c.i.s.PathMatchingResourcePatternResolver - Searching directory [/Users/huff/development/java/apps/TAMU-Webservice-Seed/target/classes/edu/tamu/app] for files matching pattern [/Users/huff/development/java/apps/TAMU-Webservice-Seed/target/classes/edu/tamu/app/**/*.class]
10:13:58.849 [main] DEBUG o.s.c.i.s.PathMatchingResourcePatternResolver - Searching directory [/Users/huff/development/java/apps/TAMU-Webservice-Seed/target/classes/edu/tamu/app/aspect] for files matching pattern [/Users/huff/development/java/apps/TAMU-Webservice-Seed/target/classes/edu/tamu/app/**/*.class]
10:13:58.849 [main] DEBUG o.s.c.i.s.PathMatchingResourcePatternResolver - Searching directory [/Users/huff/development/java/apps/TAMU-Webservice-Seed/target/classes/edu/tamu/app/config] for files matching pattern [/Users/huff/development/java/apps/TAMU-Webservice-Seed/target/classes/edu/tamu/app/**/*.class]
10:13:58.849 [main] DEBUG o.s.c.i.s.PathMatchingResourcePatternResolver - Searching directory [/Users/huff/development/java/apps/TAMU-Webservice-Seed/target/classes/edu/tamu/app/controller] for files matching pattern [/Users/huff/development/java/apps/TAMU-Webservice-Seed/target/classes/edu/tamu/app/**/*.class]
10:13:58.849 [main] DEBUG o.s.c.i.s.PathMatchingResourcePatternResolver - Searching directory [/Users/huff/development/java/apps/TAMU-Webservice-Seed/target/classes/edu/tamu/app/controller/interceptor] for files matching pattern [/Users/huff/development/java/apps/TAMU-Webservice-Seed/target/classes/edu/tamu/app/**/*.class]
10:13:58.849 [main] DEBUG o.s.c.i.s.PathMatchingResourcePatternResolver - Searching directory [/Users/huff/development/java/apps/TAMU-Webservice-Seed/target/classes/edu/tamu/app/model] for files matching pattern [/Users/huff/development/java/apps/TAMU-Webservice-Seed/target/classes/edu/tamu/app/**/*.class]
10:13:58.849 [main] DEBUG o.s.c.i.s.PathMatchingResourcePatternResolver - Searching directory [/Users/huff/development/java/apps/TAMU-Webservice-Seed/target/classes/edu/tamu/app/model/repo] for files matching pattern [/Users/huff/development/java/apps/TAMU-Webservice-Seed/target/classes/edu/tamu/app/**/*.class]
10:13:58.849 [main] DEBUG o.s.c.i.s.PathMatchingResourcePatternResolver - Searching directory [/Users/huff/development/java/apps/TAMU-Webservice-Seed/target/classes/edu/tamu/app/model/repo/impl] for files matching pattern [/Users/huff/development/java/apps/TAMU-Webservice-Seed/target/classes/edu/tamu/app/**/*.class]
10:13:58.850 [main] DEBUG o.s.c.i.s.PathMatchingResourcePatternResolver - Resolved location pattern [classpath*:edu/tamu/app/**/*.class] to resources [file [/Users/huff/development/java/apps/TAMU-Webservice-Seed/target/test-classes/edu/tamu/app/config/TestDataSourceConfiguration.class], file [/Users/huff/development/java/apps/TAMU-Webservice-Seed/target/test-classes/edu/tamu/app/model/impl/ShibTest.class], file [/Users/huff/development/java/apps/TAMU-Webservice-Seed/target/test-classes/edu/tamu/app/model/impl/UserTest.class], file [/Users/huff/development/java/apps/TAMU-Webservice-Seed/target/classes/edu/tamu/app/aspect/AppControllerAspect.class], file [/Users/huff/development/java/apps/TAMU-Webservice-Seed/target/classes/edu/tamu/app/config/AppConfig.class], file [/Users/huff/development/java/apps/TAMU-Webservice-Seed/target/classes/edu/tamu/app/config/AppWebConfigSupport.class], file [/Users/huff/development/java/apps/TAMU-Webservice-Seed/target/classes/edu/tamu/app/config/AppWebMvcConfig.class], file [/Users/huff/development/java/apps/TAMU-Webservice-Seed/target/classes/edu/tamu/app/config/AppWebSocketConfig.class], file [/Users/huff/development/java/apps/TAMU-Webservice-Seed/target/classes/edu/tamu/app/config/SecurityConfig.class], file [/Users/huff/development/java/apps/TAMU-Webservice-Seed/target/classes/edu/tamu/app/config/SpringContext.class], file [/Users/huff/development/java/apps/TAMU-Webservice-Seed/target/classes/edu/tamu/app/controller/AdminController.class], file [/Users/huff/development/java/apps/TAMU-Webservice-Seed/target/classes/edu/tamu/app/controller/interceptor/AppRestInterceptor.class], file [/Users/huff/development/java/apps/TAMU-Webservice-Seed/target/classes/edu/tamu/app/controller/interceptor/AppStompInterceptor.class], file [/Users/huff/development/java/apps/TAMU-Webservice-Seed/target/classes/edu/tamu/app/controller/MockAuthServiceController.class], file [/Users/huff/development/java/apps/TAMU-Webservice-Seed/target/classes/edu/tamu/app/controller/UserController$1.class], file [/Users/huff/development/java/apps/TAMU-Webservice-Seed/target/classes/edu/tamu/app/controller/UserController.class], file [/Users/huff/development/java/apps/TAMU-Webservice-Seed/target/classes/edu/tamu/app/model/AppUser.class], file [/Users/huff/development/java/apps/TAMU-Webservice-Seed/target/classes/edu/tamu/app/model/repo/impl/UserRepoImpl.class], file [/Users/huff/development/java/apps/TAMU-Webservice-Seed/target/classes/edu/tamu/app/model/repo/UserRepo.class], file [/Users/huff/development/java/apps/TAMU-Webservice-Seed/target/classes/edu/tamu/app/model/repo/UserRepoCustom.class], file [/Users/huff/development/java/apps/TAMU-Webservice-Seed/target/classes/edu/tamu/app/WebServerInit.class]]
10:13:58.850 [main] DEBUG o.s.c.a.ClassPathBeanDefinitionScanner - Identified candidate component class: file [/Users/huff/development/java/apps/TAMU-Webservice-Seed/target/test-classes/edu/tamu/app/config/TestDataSourceConfiguration.class]
10:13:58.850 [main] DEBUG o.s.c.a.ClassPathBeanDefinitionScanner - Identified candidate component class: file [/Users/huff/development/java/apps/TAMU-Webservice-Seed/target/classes/edu/tamu/app/aspect/AppControllerAspect.class]
10:13:58.850 [main] DEBUG o.s.c.a.ClassPathBeanDefinitionScanner - Identified candidate component class: file [/Users/huff/development/java/apps/TAMU-Webservice-Seed/target/classes/edu/tamu/app/config/AppConfig.class]
10:13:58.850 [main] DEBUG o.s.c.a.ClassPathBeanDefinitionScanner - Identified candidate component class: file [/Users/huff/development/java/apps/TAMU-Webservice-Seed/target/classes/edu/tamu/app/config/AppWebConfigSupport.class]
10:13:58.851 [main] DEBUG o.s.c.a.ClassPathBeanDefinitionScanner - Identified candidate component class: file [/Users/huff/development/java/apps/TAMU-Webservice-Seed/target/classes/edu/tamu/app/config/AppWebMvcConfig.class]
10:13:58.851 [main] DEBUG o.s.c.a.ClassPathBeanDefinitionScanner - Identified candidate component class: file [/Users/huff/development/java/apps/TAMU-Webservice-Seed/target/classes/edu/tamu/app/config/AppWebSocketConfig.class]
10:13:58.851 [main] DEBUG o.s.c.a.ClassPathBeanDefinitionScanner - Identified candidate component class: file [/Users/huff/development/java/apps/TAMU-Webservice-Seed/target/classes/edu/tamu/app/config/SecurityConfig.class]
10:13:58.851 [main] DEBUG o.s.c.a.ClassPathBeanDefinitionScanner - Identified candidate component class: file [/Users/huff/development/java/apps/TAMU-Webservice-Seed/target/classes/edu/tamu/app/config/SpringContext.class]
10:13:58.851 [main] DEBUG o.s.c.a.ClassPathBeanDefinitionScanner - Identified candidate component class: file [/Users/huff/development/java/apps/TAMU-Webservice-Seed/target/classes/edu/tamu/app/controller/AdminController.class]
10:13:58.851 [main] DEBUG o.s.c.a.ClassPathBeanDefinitionScanner - Identified candidate component class: file [/Users/huff/development/java/apps/TAMU-Webservice-Seed/target/classes/edu/tamu/app/controller/MockAuthServiceController.class]
10:13:58.852 [main] DEBUG o.s.c.a.ClassPathBeanDefinitionScanner - Identified candidate component class: file [/Users/huff/development/java/apps/TAMU-Webservice-Seed/target/classes/edu/tamu/app/controller/UserController.class]
10:13:58.852 [main] DEBUG o.s.c.a.ClassPathBeanDefinitionScanner - Ignored because not a concrete top-level class: file [/Users/huff/development/java/apps/TAMU-Webservice-Seed/target/classes/edu/tamu/app/model/repo/UserRepo.class]
10:13:58.883 [main] DEBUG o.s.c.e.PropertySourcesPropertyResolver - Searching for key 'spring.messages.basename' in [systemProperties]
10:13:58.883 [main] DEBUG o.s.c.e.PropertySourcesPropertyResolver - Searching for key 'spring.messages.basename' in [systemEnvironment]
10:13:58.883 [main] DEBUG o.s.c.e.PropertySourcesPropertyResolver - Searching for key 'spring.messages.basename' in [class path resource [config/application.properties]]
10:13:58.883 [main] DEBUG o.s.c.e.PropertySourcesPropertyResolver - Could not find key 'spring.messages.basename' in any property source. Returning [null]
10:13:58.883 [main] DEBUG o.s.b.f.s.DefaultListableBeanFactory - Returning cached instance of singleton bean 'autoConfigurationReport'
10:13:58.884 [main] DEBUG o.s.b.f.s.DefaultListableBeanFactory - Returning cached instance of singleton bean 'autoConfigurationReport'
10:13:58.884 [main] DEBUG o.s.b.f.s.DefaultListableBeanFactory - Returning cached instance of singleton bean 'autoConfigurationReport'
10:13:58.885 [main] DEBUG o.s.b.f.s.DefaultListableBeanFactory - Returning cached instance of singleton bean 'autoConfigurationReport'
10:13:58.885 [main] DEBUG o.s.b.f.s.DefaultListableBeanFactory - Returning cached instance of singleton bean 'autoConfigurationReport'
10:13:58.885 [main] DEBUG o.s.b.f.s.DefaultListableBeanFactory - Returning cached instance of singleton bean 'autoConfigurationReport'
10:13:58.886 [main] DEBUG o.s.b.f.s.DefaultListableBeanFactory - Returning cached instance of singleton bean 'autoConfigurationReport'
10:13:58.886 [main] DEBUG o.s.b.f.s.DefaultListableBeanFactory - Returning cached instance of singleton bean 'autoConfigurationReport'
10:13:58.886 [main] DEBUG o.s.b.f.s.DefaultListableBeanFactory - Returning cached instance of singleton bean 'autoConfigurationReport'
10:13:58.887 [main] DEBUG o.s.b.f.s.DefaultListableBeanFactory - Returning cached instance of singleton bean 'autoConfigurationReport'
10:13:58.887 [main] DEBUG o.s.b.f.s.DefaultListableBeanFactory - Returning cached instance of singleton bean 'autoConfigurationReport'
10:13:58.887 [main] DEBUG o.s.b.f.s.DefaultListableBeanFactory - Returning cached instance of singleton bean 'autoConfigurationReport'
10:13:58.887 [main] DEBUG o.s.b.f.s.DefaultListableBeanFactory - Returning cached instance of singleton bean 'autoConfigurationReport'
10:13:58.887 [main] DEBUG o.s.b.f.s.DefaultListableBeanFactory - Returning cached instance of singleton bean 'autoConfigurationReport'
10:13:58.888 [main] DEBUG o.s.b.f.s.DefaultListableBeanFactory - Returning cached instance of singleton bean 'autoConfigurationReport'
10:13:58.888 [main] DEBUG o.s.b.f.s.DefaultListableBeanFactory - Returning cached instance of singleton bean 'autoConfigurationReport'
10:13:58.888 [main] DEBUG o.s.b.f.s.DefaultListableBeanFactory - Returning cached instance of singleton bean 'autoConfigurationReport'
10:13:58.889 [main] DEBUG o.s.b.f.s.DefaultListableBeanFactory - Returning cached instance of singleton bean 'autoConfigurationReport'
10:13:58.889 [main] DEBUG o.s.b.f.s.DefaultListableBeanFactory - Returning cached instance of singleton bean 'autoConfigurationReport'
10:13:58.890 [main] DEBUG o.s.b.f.s.DefaultListableBeanFactory - Returning cached instance of singleton bean 'autoConfigurationReport'
10:13:58.891 [main] DEBUG o.s.b.f.s.DefaultListableBeanFactory - Returning cached instance of singleton bean 'autoConfigurationReport'
10:13:58.891 [main] DEBUG o.s.b.f.s.DefaultListableBeanFactory - Returning cached instance of singleton bean 'autoConfigurationReport'
10:13:58.891 [main] DEBUG o.s.b.f.s.DefaultListableBeanFactory - Returning cached instance of singleton bean 'autoConfigurationReport'
10:13:58.893 [main] DEBUG o.s.b.f.s.DefaultListableBeanFactory - Returning cached instance of singleton bean 'autoConfigurationReport'
10:13:58.893 [main] DEBUG o.s.b.f.s.DefaultListableBeanFactory - Returning cached instance of singleton bean 'autoConfigurationReport'
10:13:58.893 [main] DEBUG o.s.b.f.s.DefaultListableBeanFactory - Returning cached instance of singleton bean 'autoConfigurationReport'
10:13:58.894 [main] DEBUG o.s.b.f.s.DefaultListableBeanFactory - Returning cached instance of singleton bean 'autoConfigurationReport'
10:13:58.894 [main] DEBUG o.s.b.f.s.DefaultListableBeanFactory - Returning cached instance of singleton bean 'autoConfigurationReport'
10:13:58.895 [main] DEBUG o.s.b.f.s.DefaultListableBeanFactory - Returning cached instance of singleton bean 'autoConfigurationReport'
10:13:58.897 [main] DEBUG o.s.b.f.s.DefaultListableBeanFactory - Returning cached instance of singleton bean 'autoConfigurationReport'
10:13:58.897 [main] DEBUG o.s.b.f.s.DefaultListableBeanFactory - Returning cached instance of singleton bean 'autoConfigurationReport'
10:13:58.898 [main] DEBUG o.s.b.f.s.DefaultListableBeanFactory - Returning cached instance of singleton bean 'autoConfigurationReport'
10:13:58.898 [main] DEBUG o.s.b.f.s.DefaultListableBeanFactory - Returning cached instance of singleton bean 'autoConfigurationReport'
10:13:58.898 [main] DEBUG o.s.b.f.s.DefaultListableBeanFactory - Returning cached instance of singleton bean 'autoConfigurationReport'
10:13:58.899 [main] DEBUG o.s.b.f.s.DefaultListableBeanFactory - Returning cached instance of singleton bean 'autoConfigurationReport'
10:13:58.901 [main] DEBUG o.s.b.f.s.DefaultListableBeanFactory - Returning cached instance of singleton bean 'autoConfigurationReport'
10:13:58.901 [main] DEBUG o.s.b.f.s.DefaultListableBeanFactory - Returning cached instance of singleton bean 'autoConfigurationReport'
10:13:58.901 [main] DEBUG o.s.b.f.s.DefaultListableBeanFactory - Returning cached instance of singleton bean 'autoConfigurationReport'
10:13:58.903 [main] DEBUG o.s.b.f.s.DefaultListableBeanFactory - Returning cached instance of singleton bean 'autoConfigurationReport'
10:13:58.903 [main] DEBUG o.s.b.f.s.DefaultListableBeanFactory - Returning cached instance of singleton bean 'autoConfigurationReport'
10:13:58.904 [main] DEBUG o.s.b.f.s.DefaultListableBeanFactory - Returning cached instance of singleton bean 'autoConfigurationReport'
10:13:58.904 [main] DEBUG o.s.b.f.s.DefaultListableBeanFactory - Returning cached instance of singleton bean 'autoConfigurationReport'
10:13:58.905 [main] DEBUG o.s.b.f.s.DefaultListableBeanFactory - Returning cached instance of singleton bean 'autoConfigurationReport'
10:13:58.905 [main] DEBUG o.s.b.f.s.DefaultListableBeanFactory - Returning cached instance of singleton bean 'autoConfigurationReport'
10:13:58.906 [main] DEBUG o.s.b.f.s.DefaultListableBeanFactory - Returning cached instance of singleton bean 'autoConfigurationReport'
10:13:58.906 [main] DEBUG o.s.b.f.s.DefaultListableBeanFactory - Returning cached instance of singleton bean 'autoConfigurationReport'
10:13:58.906 [main] DEBUG o.s.b.f.s.DefaultListableBeanFactory - Returning cached instance of singleton bean 'autoConfigurationReport'
10:13:58.907 [main] DEBUG o.s.b.f.s.DefaultListableBeanFactory - Returning cached instance of singleton bean 'autoConfigurationReport'
10:13:58.908 [main] DEBUG o.s.b.f.s.DefaultListableBeanFactory - Returning cached instance of singleton bean 'autoConfigurationReport'
10:13:58.908 [main] DEBUG o.s.b.f.s.DefaultListableBeanFactory - Returning cached instance of singleton bean 'autoConfigurationReport'
10:13:58.908 [main] DEBUG o.s.b.f.s.DefaultListableBeanFactory - Returning cached instance of singleton bean 'autoConfigurationReport'
10:13:58.909 [main] DEBUG o.s.b.f.s.DefaultListableBeanFactory - Returning cached instance of singleton bean 'autoConfigurationReport'
10:13:58.910 [main] DEBUG o.s.b.f.s.DefaultListableBeanFactory - Returning cached instance of singleton bean 'autoConfigurationReport'
10:13:58.911 [main] DEBUG o.s.b.f.s.DefaultListableBeanFactory - Returning cached instance of singleton bean 'autoConfigurationReport'
10:13:58.911 [main] DEBUG o.s.b.f.s.DefaultListableBeanFactory - Returning cached instance of singleton bean 'autoConfigurationReport'
10:13:58.911 [main] DEBUG o.s.b.f.s.DefaultListableBeanFactory - Returning cached instance of singleton bean 'autoConfigurationReport'
10:13:58.913 [main] DEBUG o.s.b.f.s.DefaultListableBeanFactory - Returning cached instance of singleton bean 'autoConfigurationReport'
10:13:58.913 [main] DEBUG o.s.b.f.s.DefaultListableBeanFactory - Returning cached instance of singleton bean 'autoConfigurationReport'
10:13:58.914 [main] DEBUG o.s.b.f.s.DefaultListableBeanFactory - Returning cached instance of singleton bean 'autoConfigurationReport'
10:13:58.915 [main] DEBUG o.s.b.f.s.DefaultListableBeanFactory - Returning cached instance of singleton bean 'autoConfigurationReport'
10:13:58.915 [main] DEBUG o.s.b.f.s.DefaultListableBeanFactory - Returning cached instance of singleton bean 'autoConfigurationReport'
10:13:58.916 [main] DEBUG o.s.b.f.s.DefaultListableBeanFactory - Returning cached instance of singleton bean 'autoConfigurationReport'
10:13:58.916 [main] DEBUG o.s.b.f.s.DefaultListableBeanFactory - Returning cached instance of singleton bean 'autoConfigurationReport'
10:13:58.916 [main] DEBUG o.s.b.f.s.DefaultListableBeanFactory - Returning cached instance of singleton bean 'autoConfigurationReport'
10:13:58.916 [main] DEBUG o.s.b.f.s.DefaultListableBeanFactory - Returning cached instance of singleton bean 'autoConfigurationReport'
10:13:58.917 [main] DEBUG o.s.b.f.s.DefaultListableBeanFactory - Returning cached instance of singleton bean 'autoConfigurationReport'
10:13:58.917 [main] DEBUG o.s.b.f.s.DefaultListableBeanFactory - Returning cached instance of singleton bean 'autoConfigurationReport'
10:13:58.917 [main] DEBUG o.s.b.f.s.DefaultListableBeanFactory - Returning cached instance of singleton bean 'autoConfigurationReport'
10:13:58.918 [main] DEBUG o.s.b.f.s.DefaultListableBeanFactory - Returning cached instance of singleton bean 'autoConfigurationReport'
10:13:58.918 [main] DEBUG o.s.b.f.s.DefaultListableBeanFactory - Returning cached instance of singleton bean 'autoConfigurationReport'
10:13:58.918 [main] DEBUG o.s.b.f.s.DefaultListableBeanFactory - Returning cached instance of singleton bean 'autoConfigurationReport'
10:13:58.918 [main] DEBUG o.s.b.f.s.DefaultListableBeanFactory - Returning cached instance of singleton bean 'autoConfigurationReport'
10:13:58.919 [main] DEBUG o.s.b.f.s.DefaultListableBeanFactory - Returning cached instance of singleton bean 'autoConfigurationReport'
10:13:58.919 [main] DEBUG o.s.b.f.s.DefaultListableBeanFactory - Returning cached instance of singleton bean 'autoConfigurationReport'
10:13:58.921 [main] DEBUG o.s.b.f.s.DefaultListableBeanFactory - Returning cached instance of singleton bean 'autoConfigurationReport'
10:13:58.922 [main] DEBUG o.s.b.f.s.DefaultListableBeanFactory - Returning cached instance of singleton bean 'autoConfigurationReport'
10:13:58.923 [main] DEBUG o.s.b.f.s.DefaultListableBeanFactory - Returning cached instance of singleton bean 'autoConfigurationReport'
10:13:58.923 [main] DEBUG o.s.b.f.s.DefaultListableBeanFactory - Returning cached instance of singleton bean 'autoConfigurationReport'
10:13:58.923 [main] DEBUG o.s.b.f.s.DefaultListableBeanFactory - Returning cached instance of singleton bean 'autoConfigurationReport'
10:13:58.923 [main] DEBUG o.s.b.f.s.DefaultListableBeanFactory - Returning cached instance of singleton bean 'autoConfigurationReport'
10:13:58.924 [main] DEBUG o.s.b.f.s.DefaultListableBeanFactory - Returning cached instance of singleton bean 'autoConfigurationReport'
10:13:58.924 [main] DEBUG o.s.b.f.s.DefaultListableBeanFactory - Returning cached instance of singleton bean 'autoConfigurationReport'
10:13:58.925 [main] DEBUG o.s.b.f.s.DefaultListableBeanFactory - Returning cached instance of singleton bean 'autoConfigurationReport'
10:13:58.926 [main] DEBUG o.s.b.f.s.DefaultListableBeanFactory - Returning cached instance of singleton bean 'autoConfigurationReport'
10:13:58.926 [main] DEBUG o.s.b.f.s.DefaultListableBeanFactory - Returning cached instance of singleton bean 'autoConfigurationReport'
10:13:58.927 [main] DEBUG o.s.b.f.s.DefaultListableBeanFactory - Returning cached instance of singleton bean 'autoConfigurationReport'
10:13:58.927 [main] DEBUG o.s.b.f.s.DefaultListableBeanFactory - Returning cached instance of singleton bean 'autoConfigurationReport'
10:13:58.927 [main] DEBUG o.s.b.f.s.DefaultListableBeanFactory - Returning cached instance of singleton bean 'autoConfigurationReport'
10:13:58.928 [main] DEBUG o.s.b.f.s.DefaultListableBeanFactory - Returning cached instance of singleton bean 'autoConfigurationReport'
10:13:58.928 [main] DEBUG o.s.b.f.s.DefaultListableBeanFactory - Returning cached instance of singleton bean 'autoConfigurationReport'
10:13:58.928 [main] DEBUG o.s.b.f.s.DefaultListableBeanFactory - Returning cached instance of singleton bean 'autoConfigurationReport'
10:13:58.929 [main] DEBUG o.s.b.f.s.DefaultListableBeanFactory - Returning cached instance of singleton bean 'autoConfigurationReport'
10:13:58.929 [main] DEBUG o.s.b.f.s.DefaultListableBeanFactory - Returning cached instance of singleton bean 'autoConfigurationReport'
10:13:58.929 [main] DEBUG o.s.b.f.s.DefaultListableBeanFactory - Returning cached instance of singleton bean 'autoConfigurationReport'
10:13:58.931 [main] DEBUG o.s.b.f.s.DefaultListableBeanFactory - Returning cached instance of singleton bean 'autoConfigurationReport'
10:13:58.931 [main] DEBUG o.s.b.f.s.DefaultListableBeanFactory - Returning cached instance of singleton bean 'autoConfigurationReport'
10:13:58.932 [main] DEBUG o.s.b.f.s.DefaultListableBeanFactory - Returning cached instance of singleton bean 'autoConfigurationReport'
10:13:58.932 [main] DEBUG o.s.b.f.s.DefaultListableBeanFactory - Returning cached instance of singleton bean 'autoConfigurationReport'
10:13:58.932 [main] DEBUG o.s.b.f.s.DefaultListableBeanFactory - Returning cached instance of singleton bean 'autoConfigurationReport'
10:13:58.932 [main] DEBUG o.s.b.f.s.DefaultListableBeanFactory - Returning cached instance of singleton bean 'autoConfigurationReport'
10:13:58.933 [main] DEBUG o.s.b.f.s.DefaultListableBeanFactory - Returning cached instance of singleton bean 'autoConfigurationReport'
10:13:58.933 [main] DEBUG o.s.b.f.s.DefaultListableBeanFactory - Returning cached instance of singleton bean 'autoConfigurationReport'
10:13:58.933 [main] DEBUG o.s.b.f.s.DefaultListableBeanFactory - Returning cached instance of singleton bean 'autoConfigurationReport'
10:13:58.933 [main] DEBUG o.s.b.f.s.DefaultListableBeanFactory - Returning cached instance of singleton bean 'autoConfigurationReport'
10:13:58.934 [main] DEBUG o.s.b.f.s.DefaultListableBeanFactory - Returning cached instance of singleton bean 'autoConfigurationReport'
10:13:58.934 [main] DEBUG o.s.b.f.s.DefaultListableBeanFactory - Returning cached instance of singleton bean 'autoConfigurationReport'
10:13:58.935 [main] DEBUG o.s.b.f.s.DefaultListableBeanFactory - Returning cached instance of singleton bean 'autoConfigurationReport'
10:13:58.935 [main] DEBUG o.s.c.a.ConfigurationClassBeanDefinitionReader - Registered bean definition for imported class 'org.springframework.scheduling.annotation.SchedulingConfiguration'
10:13:58.935 [main] DEBUG o.s.c.a.ConfigurationClassBeanDefinitionReader - Registering bean definition for @Bean method org.springframework.scheduling.annotation.SchedulingConfiguration.org.springframework.context.annotation.internalScheduledAnnotationProcessor()
10:13:58.935 [main] DEBUG o.s.c.a.ConfigurationClassBeanDefinitionReader - Registering bean definition for @Bean method edu.tamu.framework.config.CoreScheduleConfig.taskScheduler()
10:13:58.935 [main] DEBUG o.s.c.a.ConfigurationClassBeanDefinitionReader - Registered bean definition for imported class 'org.springframework.security.config.annotation.authentication.configuration.AuthenticationConfiguration'
10:13:58.935 [main] DEBUG o.s.c.a.ConfigurationClassBeanDefinitionReader - Registering bean definition for @Bean method org.springframework.security.config.annotation.authentication.configuration.AuthenticationConfiguration.authenticationManagerBuilder()
10:13:58.935 [main] DEBUG o.s.c.a.ConfigurationClassBeanDefinitionReader - Registering bean definition for @Bean method org.springframework.security.config.annotation.authentication.configuration.AuthenticationConfiguration.enableGlobalAuthenticationAutowiredConfigurer()
10:13:58.935 [main] DEBUG o.s.c.a.ConfigurationClassBeanDefinitionReader - Registered bean definition for imported class 'org.springframework.security.config.annotation.web.configuration.WebSecurityConfiguration'
10:13:58.935 [main] DEBUG o.s.c.a.ConfigurationClassBeanDefinitionReader - Registering bean definition for @Bean method org.springframework.security.config.annotation.web.configuration.WebSecurityConfiguration.delegatingApplicationListener()
10:13:58.935 [main] DEBUG o.s.c.a.ConfigurationClassBeanDefinitionReader - Registering bean definition for @Bean method org.springframework.security.config.annotation.web.configuration.WebSecurityConfiguration.webSecurityExpressionHandler()
10:13:58.935 [main] DEBUG o.s.c.a.ConfigurationClassBeanDefinitionReader - Registering bean definition for @Bean method org.springframework.security.config.annotation.web.configuration.WebSecurityConfiguration.springSecurityFilterChain()
10:13:58.935 [main] DEBUG o.s.c.a.ConfigurationClassBeanDefinitionReader - Registering bean definition for @Bean method org.springframework.security.config.annotation.web.configuration.WebSecurityConfiguration.privilegeEvaluator()
10:13:58.935 [main] DEBUG o.s.c.a.ConfigurationClassBeanDefinitionReader - Registering bean definition for @Bean method org.springframework.security.config.annotation.web.configuration.WebSecurityConfiguration.autowiredWebSecurityConfigurersIgnoreParents()
10:13:58.936 [main] DEBUG o.s.c.a.ConfigurationClassBeanDefinitionReader - Registered bean definition for imported class 'org.springframework.security.config.annotation.configuration.ObjectPostProcessorConfiguration'
10:13:58.936 [main] DEBUG o.s.c.a.ConfigurationClassBeanDefinitionReader - Registering bean definition for @Bean method org.springframework.security.config.annotation.configuration.ObjectPostProcessorConfiguration.objectPostProcessor()
10:13:58.936 [main] DEBUG o.s.c.a.ConfigurationClassBeanDefinitionReader - Registered bean definition for imported class 'org.springframework.security.config.annotation.web.servlet.configuration.WebMvcSecurityConfiguration'
10:13:58.936 [main] DEBUG o.s.c.a.ConfigurationClassBeanDefinitionReader - Registering bean definition for @Bean method org.springframework.security.config.annotation.web.servlet.configuration.WebMvcSecurityConfiguration.requestDataValueProcessor()
10:13:58.936 [main] DEBUG o.s.c.a.ConfigurationClassBeanDefinitionReader - Registering bean definition for @Bean method edu.tamu.framework.config.CoreWebAppConfig.jackson2Converter()
10:13:58.936 [main] DEBUG o.s.c.a.ConfigurationClassBeanDefinitionReader - Registering bean definition for @Bean method edu.tamu.framework.config.CoreWebAppConfig.objectMapper()
10:13:58.936 [main] DEBUG o.s.c.a.ConfigurationClassBeanDefinitionReader - Registering bean definition for @Bean method edu.tamu.framework.config.CoreWebAppConfig.securityContext()
10:13:58.936 [main] DEBUG o.s.c.a.ConfigurationClassBeanDefinitionReader - Registering bean definition for @Bean method edu.tamu.framework.config.CoreWebAppConfig.stopmConnectionService()
10:13:58.936 [main] DEBUG o.s.c.a.ConfigurationClassBeanDefinitionReader - Registering bean definition for @Bean method edu.tamu.framework.config.CoreWebAppConfig.stompConnectEvent()
10:13:58.936 [main] DEBUG o.s.c.a.ConfigurationClassBeanDefinitionReader - Registering bean definition for @Bean method edu.tamu.framework.config.CoreWebAppConfig.stompDisconnectEvent()
10:13:58.936 [main] DEBUG o.s.b.f.s.DefaultListableBeanFactory - Returning cached instance of singleton bean 'autoConfigurationReport'
10:13:58.936 [main] DEBUG o.s.c.a.ConfigurationClassBeanDefinitionReader - Registered bean definition for imported class 'org.springframework.boot.autoconfigure.web.WebMvcAutoConfiguration$WebMvcAutoConfigurationAdapter$FaviconConfiguration'
10:13:58.936 [main] DEBUG o.s.c.a.ConfigurationClassBeanDefinitionReader - Registering bean definition for @Bean method org.springframework.boot.autoconfigure.web.WebMvcAutoConfiguration$WebMvcAutoConfigurationAdapter$FaviconConfiguration.faviconHandlerMapping()
10:13:58.936 [main] DEBUG o.s.c.a.ConfigurationClassBeanDefinitionReader - Registering bean definition for @Bean method org.springframework.boot.autoconfigure.web.WebMvcAutoConfiguration$WebMvcAutoConfigurationAdapter$FaviconConfiguration.faviconRequestHandler()
10:13:58.936 [main] DEBUG o.s.c.a.ConfigurationClassBeanDefinitionReader - Registered bean definition for imported class 'org.springframework.boot.autoconfigure.web.WebMvcAutoConfiguration$EnableWebMvcConfiguration'
10:13:58.936 [main] DEBUG o.s.c.a.ConfigurationClassBeanDefinitionReader - Registering bean definition for @Bean method org.springframework.boot.autoconfigure.web.WebMvcAutoConfiguration$EnableWebMvcConfiguration.requestMappingHandlerAdapter()
10:13:58.936 [main] DEBUG o.s.c.a.ConfigurationClassBeanDefinitionReader - Registering bean definition for @Bean method org.springframework.boot.autoconfigure.web.WebMvcAutoConfiguration$EnableWebMvcConfiguration.requestMappingHandlerMapping()
10:13:58.937 [main] DEBUG o.s.c.a.ConfigurationClassBeanDefinitionReader - Registering bean definition for @Bean method org.springframework.boot.autoconfigure.web.WebMvcAutoConfiguration$EnableWebMvcConfiguration.mvcContentNegotiationManager()
10:13:58.937 [main] DEBUG o.s.c.a.ConfigurationClassBeanDefinitionReader - Registering bean definition for @Bean method org.springframework.boot.autoconfigure.web.WebMvcAutoConfiguration$EnableWebMvcConfiguration.viewControllerHandlerMapping()
10:13:58.937 [main] DEBUG o.s.c.a.ConfigurationClassBeanDefinitionReader - Registering bean definition for @Bean method org.springframework.boot.autoconfigure.web.WebMvcAutoConfiguration$EnableWebMvcConfiguration.beanNameHandlerMapping()
10:13:58.937 [main] DEBUG o.s.c.a.ConfigurationClassBeanDefinitionReader - Registering bean definition for @Bean method org.springframework.boot.autoconfigure.web.WebMvcAutoConfiguration$EnableWebMvcConfiguration.resourceHandlerMapping()
10:13:58.937 [main] DEBUG o.s.c.a.ConfigurationClassBeanDefinitionReader - Registering bean definition for @Bean method org.springframework.boot.autoconfigure.web.WebMvcAutoConfiguration$EnableWebMvcConfiguration.mvcResourceUrlProvider()
10:13:58.937 [main] DEBUG o.s.c.a.ConfigurationClassBeanDefinitionReader - Registering bean definition for @Bean method org.springframework.boot.autoconfigure.web.WebMvcAutoConfiguration$EnableWebMvcConfiguration.defaultServletHandlerMapping()
10:13:58.937 [main] DEBUG o.s.c.a.ConfigurationClassBeanDefinitionReader - Registering bean definition for @Bean method org.springframework.boot.autoconfigure.web.WebMvcAutoConfiguration$EnableWebMvcConfiguration.mvcConversionService()
10:13:58.937 [main] DEBUG o.s.c.a.ConfigurationClassBeanDefinitionReader - Registering bean definition for @Bean method org.springframework.boot.autoconfigure.web.WebMvcAutoConfiguration$EnableWebMvcConfiguration.mvcValidator()
10:13:58.937 [main] DEBUG o.s.c.a.ConfigurationClassBeanDefinitionReader - Registering bean definition for @Bean method org.springframework.boot.autoconfigure.web.WebMvcAutoConfiguration$EnableWebMvcConfiguration.mvcPathMatcher()
10:13:58.937 [main] DEBUG o.s.c.a.ConfigurationClassBeanDefinitionReader - Registering bean definition for @Bean method org.springframework.boot.autoconfigure.web.WebMvcAutoConfiguration$EnableWebMvcConfiguration.mvcUrlPathHelper()
10:13:58.937 [main] DEBUG o.s.c.a.ConfigurationClassBeanDefinitionReader - Registering bean definition for @Bean method org.springframework.boot.autoconfigure.web.WebMvcAutoConfiguration$EnableWebMvcConfiguration.mvcUriComponentsContributor()
10:13:58.937 [main] DEBUG o.s.c.a.ConfigurationClassBeanDefinitionReader - Registering bean definition for @Bean method org.springframework.boot.autoconfigure.web.WebMvcAutoConfiguration$EnableWebMvcConfiguration.httpRequestHandlerAdapter()
10:13:58.937 [main] DEBUG o.s.c.a.ConfigurationClassBeanDefinitionReader - Registering bean definition for @Bean method org.springframework.boot.autoconfigure.web.WebMvcAutoConfiguration$EnableWebMvcConfiguration.simpleControllerHandlerAdapter()
10:13:58.937 [main] DEBUG o.s.c.a.ConfigurationClassBeanDefinitionReader - Registering bean definition for @Bean method org.springframework.boot.autoconfigure.web.WebMvcAutoConfiguration$EnableWebMvcConfiguration.handlerExceptionResolver()
10:13:58.937 [main] DEBUG o.s.c.a.ConfigurationClassBeanDefinitionReader - Registering bean definition for @Bean method org.springframework.boot.autoconfigure.web.WebMvcAutoConfiguration$EnableWebMvcConfiguration.mvcViewResolver()
10:13:58.937 [main] DEBUG o.s.c.a.ConfigurationClassBeanDefinitionReader - Registering bean definition for @Bean method edu.tamu.framework.config.CoreWebMvcConfig.resourceUrlEncodingFilter()
10:13:58.937 [main] DEBUG o.s.b.f.s.DefaultListableBeanFactory - Creating shared instance of singleton bean 'org.springframework.boot.autoconfigure.condition.BeanTypeRegistry'
10:13:58.937 [main] DEBUG o.s.b.f.s.DefaultListableBeanFactory - Creating instance of bean 'org.springframework.boot.autoconfigure.condition.BeanTypeRegistry'
10:13:58.938 [main] DEBUG o.s.b.f.s.DefaultListableBeanFactory - Eagerly caching bean 'org.springframework.boot.autoconfigure.condition.BeanTypeRegistry' to allow for resolving potential circular references
10:13:58.938 [main] DEBUG o.s.b.f.s.DefaultListableBeanFactory - Finished creating instance of bean 'org.springframework.boot.autoconfigure.condition.BeanTypeRegistry'
10:13:58.940 [main] DEBUG o.s.b.f.s.DefaultListableBeanFactory - Returning cached instance of singleton bean 'autoConfigurationReport'
10:13:58.940 [main] DEBUG o.s.c.a.ConfigurationClassBeanDefinitionReader - Registering bean definition for @Bean method edu.tamu.framework.config.CoreWebMvcConfig.defaultViewResolver()
10:13:58.940 [main] DEBUG o.s.b.f.s.DefaultListableBeanFactory - Returning cached instance of singleton bean 'org.springframework.boot.autoconfigure.condition.BeanTypeRegistry'
10:13:58.940 [main] DEBUG o.s.b.f.s.DefaultListableBeanFactory - Returning cached instance of singleton bean 'autoConfigurationReport'
10:13:58.940 [main] DEBUG o.s.c.a.ConfigurationClassBeanDefinitionReader - Registering bean definition for @Bean method edu.tamu.framework.config.CoreWebMvcConfig.requestContextListener()
10:13:58.940 [main] DEBUG o.s.b.f.s.DefaultListableBeanFactory - Returning cached instance of singleton bean 'org.springframework.boot.autoconfigure.condition.BeanTypeRegistry'
10:13:58.940 [main] DEBUG o.s.b.f.s.DefaultListableBeanFactory - Returning cached instance of singleton bean 'autoConfigurationReport'
10:13:58.940 [main] DEBUG o.s.b.f.s.DefaultListableBeanFactory - Returning cached instance of singleton bean 'org.springframework.boot.autoconfigure.condition.BeanTypeRegistry'
10:13:58.941 [main] DEBUG o.s.b.f.s.DefaultListableBeanFactory - Returning cached instance of singleton bean 'org.springframework.boot.autoconfigure.condition.BeanTypeRegistry'
10:13:58.941 [main] DEBUG o.s.b.f.s.DefaultListableBeanFactory - Returning cached instance of singleton bean 'autoConfigurationReport'
10:13:58.941 [main] DEBUG o.s.b.f.s.DefaultListableBeanFactory - Returning cached instance of singleton bean 'org.springframework.boot.autoconfigure.condition.BeanTypeRegistry'
10:13:58.941 [main] DEBUG o.s.b.f.s.DefaultListableBeanFactory - Returning cached instance of singleton bean 'org.springframework.boot.autoconfigure.condition.BeanTypeRegistry'
10:13:58.941 [main] DEBUG o.s.b.f.s.DefaultListableBeanFactory - Returning cached instance of singleton bean 'autoConfigurationReport'
10:13:58.941 [main] DEBUG o.s.c.a.ConfigurationClassBeanDefinitionReader - Registering bean definition for @Bean method edu.tamu.framework.config.CoreWebMvcConfig.viewResolver()
10:13:58.941 [main] DEBUG o.s.b.f.s.DefaultListableBeanFactory - Returning cached instance of singleton bean 'org.springframework.boot.autoconfigure.condition.BeanTypeRegistry'
10:13:58.941 [main] DEBUG o.s.b.f.s.DefaultListableBeanFactory - Returning cached instance of singleton bean 'autoConfigurationReport'
10:13:58.941 [main] DEBUG o.s.b.f.s.DefaultListableBeanFactory - Returning cached instance of singleton bean 'autoConfigurationReport'
10:13:58.941 [main] DEBUG o.s.b.f.s.DefaultListableBeanFactory - Returning cached instance of singleton bean 'autoConfigurationReport'
10:13:58.942 [main] DEBUG o.s.c.a.ConfigurationClassBeanDefinitionReader - Registering bean definition for @Bean method edu.tamu.app.config.AppConfig.restInterceptor()
10:13:58.942 [main] DEBUG o.s.c.a.ConfigurationClassBeanDefinitionReader - Registering bean definition for @Bean method edu.tamu.app.config.AppConfig.jackson2Converter()
10:13:58.942 [main] INFO  o.s.b.f.s.DefaultListableBeanFactory - Overriding bean definition for bean 'jackson2Converter': replacing [Root bean: class [null]; scope=; abstract=false; lazyInit=false; autowireMode=3; dependencyCheck=0; autowireCandidate=true; primary=false; factoryBeanName=coreWebAppConfig; factoryMethodName=jackson2Converter; initMethodName=null; destroyMethodName=(inferred); defined in class path resource [edu/tamu/framework/config/CoreWebAppConfig.class]] with [Root bean: class [null]; scope=; abstract=false; lazyInit=false; autowireMode=3; dependencyCheck=0; autowireCandidate=true; primary=false; factoryBeanName=appConfig; factoryMethodName=jackson2Converter; initMethodName=null; destroyMethodName=(inferred); defined in class path resource [edu/tamu/app/config/AppConfig.class]]
10:13:58.942 [main] DEBUG o.s.c.a.ConfigurationClassBeanDefinitionReader - Registering bean definition for @Bean method edu.tamu.app.config.AppConfig.objectMapper()
10:13:58.942 [main] INFO  o.s.b.f.s.DefaultListableBeanFactory - Overriding bean definition for bean 'objectMapper': replacing [Root bean: class [null]; scope=; abstract=false; lazyInit=false; autowireMode=3; dependencyCheck=0; autowireCandidate=true; primary=false; factoryBeanName=coreWebAppConfig; factoryMethodName=objectMapper; initMethodName=null; destroyMethodName=(inferred); defined in class path resource [edu/tamu/framework/config/CoreWebAppConfig.class]] with [Root bean: class [null]; scope=; abstract=false; lazyInit=false; autowireMode=3; dependencyCheck=0; autowireCandidate=true; primary=false; factoryBeanName=appConfig; factoryMethodName=objectMapper; initMethodName=null; destroyMethodName=(inferred); defined in class path resource [edu/tamu/app/config/AppConfig.class]]
10:13:58.942 [main] DEBUG o.s.c.a.ConfigurationClassBeanDefinitionReader - Registering bean definition for @Bean method edu.tamu.app.config.AppConfig.securityContext()
10:13:58.942 [main] INFO  o.s.b.f.s.DefaultListableBeanFactory - Overriding bean definition for bean 'securityContext': replacing [Root bean: class [null]; scope=; abstract=false; lazyInit=false; autowireMode=3; dependencyCheck=0; autowireCandidate=true; primary=false; factoryBeanName=coreWebAppConfig; factoryMethodName=securityContext; initMethodName=null; destroyMethodName=(inferred); defined in class path resource [edu/tamu/framework/config/CoreWebAppConfig.class]] with [Root bean: class [null]; scope=; abstract=false; lazyInit=false; autowireMode=3; dependencyCheck=0; autowireCandidate=true; primary=false; factoryBeanName=appConfig; factoryMethodName=securityContext; initMethodName=null; destroyMethodName=(inferred); defined in class path resource [edu/tamu/app/config/AppConfig.class]]
10:13:58.942 [main] DEBUG o.s.c.a.ConfigurationClassBeanDefinitionReader - Registering bean definition for @Bean method edu.tamu.app.config.AppConfig.stopmConnectionService()
10:13:58.942 [main] INFO  o.s.b.f.s.DefaultListableBeanFactory - Overriding bean definition for bean 'stopmConnectionService': replacing [Root bean: class [null]; scope=; abstract=false; lazyInit=false; autowireMode=3; dependencyCheck=0; autowireCandidate=true; primary=false; factoryBeanName=coreWebAppConfig; factoryMethodName=stopmConnectionService; initMethodName=null; destroyMethodName=(inferred); defined in class path resource [edu/tamu/framework/config/CoreWebAppConfig.class]] with [Root bean: class [null]; scope=; abstract=false; lazyInit=false; autowireMode=3; dependencyCheck=0; autowireCandidate=true; primary=false; factoryBeanName=appConfig; factoryMethodName=stopmConnectionService; initMethodName=null; destroyMethodName=(inferred); defined in class path resource [edu/tamu/app/config/AppConfig.class]]
10:13:58.942 [main] DEBUG o.s.c.a.ConfigurationClassBeanDefinitionReader - Registering bean definition for @Bean method edu.tamu.app.config.AppConfig.stompConnectEvent()
10:13:58.942 [main] INFO  o.s.b.f.s.DefaultListableBeanFactory - Overriding bean definition for bean 'stompConnectEvent': replacing [Root bean: class [null]; scope=; abstract=false; lazyInit=false; autowireMode=3; dependencyCheck=0; autowireCandidate=true; primary=false; factoryBeanName=coreWebAppConfig; factoryMethodName=stompConnectEvent; initMethodName=null; destroyMethodName=(inferred); defined in class path resource [edu/tamu/framework/config/CoreWebAppConfig.class]] with [Root bean: class [null]; scope=; abstract=false; lazyInit=false; autowireMode=3; dependencyCheck=0; autowireCandidate=true; primary=false; factoryBeanName=appConfig; factoryMethodName=stompConnectEvent; initMethodName=null; destroyMethodName=(inferred); defined in class path resource [edu/tamu/app/config/AppConfig.class]]
10:13:58.942 [main] DEBUG o.s.c.a.ConfigurationClassBeanDefinitionReader - Registering bean definition for @Bean method edu.tamu.app.config.AppConfig.stompDisconnectEvent()
10:13:58.942 [main] INFO  o.s.b.f.s.DefaultListableBeanFactory - Overriding bean definition for bean 'stompDisconnectEvent': replacing [Root bean: class [null]; scope=; abstract=false; lazyInit=false; autowireMode=3; dependencyCheck=0; autowireCandidate=true; primary=false; factoryBeanName=coreWebAppConfig; factoryMethodName=stompDisconnectEvent; initMethodName=null; destroyMethodName=(inferred); defined in class path resource [edu/tamu/framework/config/CoreWebAppConfig.class]] with [Root bean: class [null]; scope=; abstract=false; lazyInit=false; autowireMode=3; dependencyCheck=0; autowireCandidate=true; primary=false; factoryBeanName=appConfig; factoryMethodName=stompDisconnectEvent; initMethodName=null; destroyMethodName=(inferred); defined in class path resource [edu/tamu/app/config/AppConfig.class]]
10:13:58.942 [main] DEBUG o.s.c.a.ConfigurationClassBeanDefinitionReader - Registering bean definition for @Bean method edu.tamu.app.config.AppWebConfigSupport.restRequestMappingHandler()
10:13:58.942 [main] DEBUG o.s.c.a.ConfigurationClassBeanDefinitionReader - Registering bean definition for @Bean method edu.tamu.app.config.AppWebConfigSupport.webSocketRequestMappingHandler()
10:13:58.943 [main] DEBUG o.s.c.a.ConfigurationClassBeanDefinitionReader - Registering bean definition for @Bean method edu.tamu.app.config.AppWebMvcConfig.resourceUrlEncodingFilter()
10:13:58.943 [main] INFO  o.s.b.f.s.DefaultListableBeanFactory - Overriding bean definition for bean 'resourceUrlEncodingFilter': replacing [Root bean: class [null]; scope=; abstract=false; lazyInit=false; autowireMode=3; dependencyCheck=0; autowireCandidate=true; primary=false; factoryBeanName=coreWebMvcConfig; factoryMethodName=resourceUrlEncodingFilter; initMethodName=null; destroyMethodName=(inferred); defined in class path resource [edu/tamu/framework/config/CoreWebMvcConfig.class]] with [Root bean: class [null]; scope=; abstract=false; lazyInit=false; autowireMode=3; dependencyCheck=0; autowireCandidate=true; primary=false; factoryBeanName=appWebMvcConfig; factoryMethodName=resourceUrlEncodingFilter; initMethodName=null; destroyMethodName=(inferred); defined in class path resource [edu/tamu/app/config/AppWebMvcConfig.class]]
10:13:58.943 [main] DEBUG o.s.c.a.ConfigurationClassBeanDefinitionReader - Registered bean definition for imported class 'org.springframework.web.socket.config.annotation.DelegatingWebSocketMessageBrokerConfiguration'
10:13:58.943 [main] DEBUG o.s.c.a.ConfigurationClassBeanDefinitionReader - Registering bean definition for @Bean method org.springframework.web.socket.config.annotation.DelegatingWebSocketMessageBrokerConfiguration.stompWebSocketHandlerMapping()
10:13:58.943 [main] DEBUG o.s.c.a.ConfigurationClassBeanDefinitionReader - Registering bean definition for @Bean method org.springframework.web.socket.config.annotation.DelegatingWebSocketMessageBrokerConfiguration.subProtocolWebSocketHandler()
10:13:58.943 [main] DEBUG o.s.c.a.ConfigurationClassBeanDefinitionReader - Registering bean definition for @Bean method org.springframework.web.socket.config.annotation.DelegatingWebSocketMessageBrokerConfiguration.messageBrokerSockJsTaskScheduler()
10:13:58.943 [main] DEBUG o.s.c.a.ConfigurationClassBeanDefinitionReader - Registering bean definition for @Bean method org.springframework.web.socket.config.annotation.DelegatingWebSocketMessageBrokerConfiguration.webSocketScopeConfigurer()
10:13:58.943 [main] DEBUG o.s.c.a.ConfigurationClassBeanDefinitionReader - Registering bean definition for @Bean method org.springframework.web.socket.config.annotation.DelegatingWebSocketMessageBrokerConfiguration.webSocketMessageBrokerStats()
10:13:58.943 [main] DEBUG o.s.c.a.ConfigurationClassBeanDefinitionReader - Registering bean definition for @Bean method org.springframework.web.socket.config.annotation.DelegatingWebSocketMessageBrokerConfiguration.clientInboundChannel()
10:13:58.943 [main] DEBUG o.s.c.a.ConfigurationClassBeanDefinitionReader - Registering bean definition for @Bean method org.springframework.web.socket.config.annotation.DelegatingWebSocketMessageBrokerConfiguration.clientInboundChannelExecutor()
10:13:58.943 [main] DEBUG o.s.c.a.ConfigurationClassBeanDefinitionReader - Registering bean definition for @Bean method org.springframework.web.socket.config.annotation.DelegatingWebSocketMessageBrokerConfiguration.clientOutboundChannel()
10:13:58.943 [main] DEBUG o.s.c.a.ConfigurationClassBeanDefinitionReader - Registering bean definition for @Bean method org.springframework.web.socket.config.annotation.DelegatingWebSocketMessageBrokerConfiguration.clientOutboundChannelExecutor()
10:13:58.943 [main] DEBUG o.s.c.a.ConfigurationClassBeanDefinitionReader - Registering bean definition for @Bean method org.springframework.web.socket.config.annotation.DelegatingWebSocketMessageBrokerConfiguration.brokerChannel()
10:13:58.943 [main] DEBUG o.s.c.a.ConfigurationClassBeanDefinitionReader - Registering bean definition for @Bean method org.springframework.web.socket.config.annotation.DelegatingWebSocketMessageBrokerConfiguration.brokerChannelExecutor()
10:13:58.943 [main] DEBUG o.s.c.a.ConfigurationClassBeanDefinitionReader - Registering bean definition for @Bean method org.springframework.web.socket.config.annotation.DelegatingWebSocketMessageBrokerConfiguration.simpAnnotationMethodMessageHandler()
10:13:58.943 [main] DEBUG o.s.c.a.ConfigurationClassBeanDefinitionReader - Registering bean definition for @Bean method org.springframework.web.socket.config.annotation.DelegatingWebSocketMessageBrokerConfiguration.simpleBrokerMessageHandler()
10:13:58.943 [main] DEBUG o.s.c.a.ConfigurationClassBeanDefinitionReader - Registering bean definition for @Bean method org.springframework.web.socket.config.annotation.DelegatingWebSocketMessageBrokerConfiguration.stompBrokerRelayMessageHandler()
10:13:58.943 [main] DEBUG o.s.c.a.ConfigurationClassBeanDefinitionReader - Registering bean definition for @Bean method org.springframework.web.socket.config.annotation.DelegatingWebSocketMessageBrokerConfiguration.userDestinationMessageHandler()
10:13:58.943 [main] DEBUG o.s.c.a.ConfigurationClassBeanDefinitionReader - Registering bean definition for @Bean method org.springframework.web.socket.config.annotation.DelegatingWebSocketMessageBrokerConfiguration.brokerMessagingTemplate()
10:13:58.943 [main] DEBUG o.s.c.a.ConfigurationClassBeanDefinitionReader - Registering bean definition for @Bean method org.springframework.web.socket.config.annotation.DelegatingWebSocketMessageBrokerConfiguration.brokerMessageConverter()
10:13:58.943 [main] DEBUG o.s.c.a.ConfigurationClassBeanDefinitionReader - Registering bean definition for @Bean method org.springframework.web.socket.config.annotation.DelegatingWebSocketMessageBrokerConfiguration.userDestinationResolver()
10:13:58.943 [main] DEBUG o.s.c.a.ConfigurationClassBeanDefinitionReader - Registering bean definition for @Bean method org.springframework.web.socket.config.annotation.DelegatingWebSocketMessageBrokerConfiguration.userSessionRegistry()
10:13:58.944 [main] DEBUG o.s.c.a.ConfigurationClassBeanDefinitionReader - Registering bean definition for @Bean method edu.tamu.app.config.AppWebSocketConfig.appStompInterceptor()
10:13:58.944 [main] DEBUG o.s.c.a.ConfigurationClassBeanDefinitionReader - Registering bean definition for @Bean method edu.tamu.app.config.TestDataSourceConfiguration.dataSource()
10:13:58.944 [main] DEBUG o.s.c.a.ConfigurationClassBeanDefinitionReader - Registered bean definition for imported class 'org.springframework.boot.autoconfigure.PropertyPlaceholderAutoConfiguration'
10:13:58.944 [main] DEBUG o.s.b.f.s.DefaultListableBeanFactory - Returning cached instance of singleton bean 'org.springframework.boot.autoconfigure.condition.BeanTypeRegistry'
10:13:58.945 [main] DEBUG o.s.b.f.s.DefaultListableBeanFactory - Returning cached instance of singleton bean 'autoConfigurationReport'
10:13:58.945 [main] DEBUG o.s.c.a.ConfigurationClassBeanDefinitionReader - Registering bean definition for @Bean method org.springframework.boot.autoconfigure.PropertyPlaceholderAutoConfiguration.propertySourcesPlaceholderConfigurer()
10:13:58.945 [main] DEBUG o.s.b.f.s.DefaultListableBeanFactory - Returning cached instance of singleton bean 'autoConfigurationReport'
10:13:58.945 [main] DEBUG o.s.b.f.s.DefaultListableBeanFactory - Returning cached instance of singleton bean 'autoConfigurationReport'
10:13:58.945 [main] DEBUG o.s.c.a.ConfigurationClassBeanDefinitionReader - Registered bean definition for imported class 'org.springframework.boot.autoconfigure.websocket.WebSocketAutoConfiguration$TomcatWebSocketConfiguration'
10:13:58.945 [main] DEBUG o.s.b.f.s.DefaultListableBeanFactory - Returning cached instance of singleton bean 'autoConfigurationReport'
10:13:58.945 [main] DEBUG o.s.c.a.ConfigurationClassBeanDefinitionReader - Registering bean definition for @Bean method org.springframework.boot.autoconfigure.websocket.WebSocketAutoConfiguration$TomcatWebSocketConfiguration.websocketContainerCustomizer()
10:13:58.945 [main] DEBUG o.s.c.a.ConfigurationClassBeanDefinitionReader - Registered bean definition for imported class 'org.springframework.boot.autoconfigure.websocket.WebSocketAutoConfiguration'
10:13:58.945 [main] DEBUG o.s.b.f.s.DefaultListableBeanFactory - Returning cached instance of singleton bean 'autoConfigurationReport'
10:13:58.946 [main] DEBUG o.s.b.f.s.DefaultListableBeanFactory - Returning cached instance of singleton bean 'autoConfigurationReport'
10:13:58.946 [main] DEBUG o.s.b.f.s.DefaultListableBeanFactory - Returning cached instance of singleton bean 'autoConfigurationReport'
10:13:58.946 [main] DEBUG o.s.c.a.ConfigurationClassBeanDefinitionReader - Registered bean definition for imported class 'org.springframework.boot.autoconfigure.aop.AopAutoConfiguration$JdkDynamicAutoProxyConfiguration'
10:13:58.946 [main] DEBUG o.s.c.a.ConfigurationClassBeanDefinitionReader - Registered bean definition for imported class 'org.springframework.boot.autoconfigure.aop.AopAutoConfiguration'
10:13:58.946 [main] DEBUG o.s.b.f.s.DefaultListableBeanFactory - Returning cached instance of singleton bean 'autoConfigurationReport'
10:13:58.946 [main] DEBUG o.s.b.f.s.DefaultListableBeanFactory - Returning cached instance of singleton bean 'autoConfigurationReport'
10:13:58.946 [main] DEBUG o.s.c.a.ConfigurationClassBeanDefinitionReader - Registered bean definition for imported class 'org.springframework.boot.autoconfigure.jta.JtaAutoConfiguration'
10:13:58.946 [main] DEBUG o.s.b.f.s.DefaultListableBeanFactory - Returning cached instance of singleton bean 'autoConfigurationReport'
10:13:58.946 [main] DEBUG o.s.b.f.s.DefaultListableBeanFactory - Returning cached instance of singleton bean 'org.springframework.boot.autoconfigure.condition.BeanTypeRegistry'
10:13:58.947 [main] DEBUG o.s.b.f.s.DefaultListableBeanFactory - Returning cached instance of singleton bean 'autoConfigurationReport'
10:13:58.947 [main] DEBUG o.s.b.f.s.DefaultListableBeanFactory - Returning cached instance of singleton bean 'autoConfigurationReport'
10:13:58.948 [main] DEBUG o.s.b.f.s.DefaultListableBeanFactory - Returning cached instance of singleton bean 'autoConfigurationReport'
10:13:58.948 [main] DEBUG o.s.c.a.ConfigurationClassBeanDefinitionReader - Registered bean definition for imported class 'org.springframework.boot.autoconfigure.jdbc.DataSourceAutoConfiguration$JdbcTemplateConfiguration'
10:13:58.948 [main] DEBUG o.s.b.f.s.DefaultListableBeanFactory - Returning cached instance of singleton bean 'org.springframework.boot.autoconfigure.condition.BeanTypeRegistry'
10:13:58.948 [main] DEBUG o.s.b.f.s.DefaultListableBeanFactory - Returning cached instance of singleton bean 'autoConfigurationReport'
10:13:58.948 [main] DEBUG o.s.c.a.ConfigurationClassBeanDefinitionReader - Registering bean definition for @Bean method org.springframework.boot.autoconfigure.jdbc.DataSourceAutoConfiguration$JdbcTemplateConfiguration.jdbcTemplate()
10:13:58.948 [main] DEBUG o.s.b.f.s.DefaultListableBeanFactory - Returning cached instance of singleton bean 'org.springframework.boot.autoconfigure.condition.BeanTypeRegistry'
10:13:58.949 [main] DEBUG o.s.b.f.s.DefaultListableBeanFactory - Returning cached instance of singleton bean 'autoConfigurationReport'
10:13:58.949 [main] DEBUG o.s.c.a.ConfigurationClassBeanDefinitionReader - Registering bean definition for @Bean method org.springframework.boot.autoconfigure.jdbc.DataSourceAutoConfiguration$JdbcTemplateConfiguration.namedParameterJdbcTemplate()
10:13:58.949 [main] DEBUG o.s.b.f.s.DefaultListableBeanFactory - Returning cached instance of singleton bean 'autoConfigurationReport'
10:13:58.949 [main] DEBUG o.s.b.f.s.DefaultListableBeanFactory - Returning cached instance of singleton bean 'org.springframework.boot.autoconfigure.condition.BeanTypeRegistry'
10:13:58.949 [main] DEBUG o.s.b.f.s.DefaultListableBeanFactory - Returning cached instance of singleton bean 'org.springframework.boot.autoconfigure.condition.BeanTypeRegistry'
10:13:58.949 [main] DEBUG o.s.b.f.s.DefaultListableBeanFactory - Returning cached instance of singleton bean 'autoConfigurationReport'
10:13:58.949 [main] DEBUG o.s.b.f.s.DefaultListableBeanFactory - Returning cached instance of singleton bean 'org.springframework.boot.autoconfigure.condition.BeanTypeRegistry'
10:13:58.949 [main] DEBUG o.s.b.f.s.DefaultListableBeanFactory - Returning cached instance of singleton bean 'autoConfigurationReport'
10:13:58.949 [main] DEBUG o.s.c.a.ConfigurationClassBeanDefinitionReader - Registered bean definition for imported class 'org.springframework.boot.autoconfigure.jdbc.DataSourceAutoConfiguration$DataSourceInitializerConfiguration'
10:13:58.949 [main] DEBUG o.s.c.a.ConfigurationClassBeanDefinitionReader - Registering bean definition for @Bean method org.springframework.boot.autoconfigure.jdbc.DataSourceAutoConfiguration$DataSourceInitializerConfiguration.dataSourceInitializer()
10:13:58.949 [main] DEBUG o.s.b.f.s.DefaultListableBeanFactory - Returning cached instance of singleton bean 'autoConfigurationReport'
10:13:58.949 [main] DEBUG o.s.c.a.ConfigurationClassBeanDefinitionReader - Registered bean definition for imported class 'org.springframework.boot.autoconfigure.jdbc.metadata.DataSourcePoolMetadataProvidersConfiguration$TomcatDataSourcePoolMetadataProviderConfiguration'
10:13:58.949 [main] DEBUG o.s.c.a.ConfigurationClassBeanDefinitionReader - Registering bean definition for @Bean method org.springframework.boot.autoconfigure.jdbc.metadata.DataSourcePoolMetadataProvidersConfiguration$TomcatDataSourcePoolMetadataProviderConfiguration.tomcatPoolDataSourceMetadataProvider()
10:13:58.949 [main] DEBUG o.s.c.a.ConfigurationClassBeanDefinitionReader - Registered bean definition for imported class 'org.springframework.boot.autoconfigure.jdbc.metadata.DataSourcePoolMetadataProvidersConfiguration'
10:13:58.949 [main] DEBUG o.s.c.a.ConfigurationClassBeanDefinitionReader - Registered bean definition for imported class 'org.springframework.boot.autoconfigure.jdbc.DataSourceAutoConfiguration'
10:13:58.949 [main] DEBUG o.s.b.f.s.DefaultListableBeanFactory - Returning cached instance of singleton bean 'autoConfigurationReport'
10:13:58.949 [main] DEBUG o.s.b.f.s.DefaultListableBeanFactory - Returning cached instance of singleton bean 'autoConfigurationReport'
10:13:58.949 [main] DEBUG o.s.c.a.ConfigurationClassBeanDefinitionReader - Registered bean definition for imported class 'org.springframework.boot.autoconfigure.orm.jpa.HibernateJpaAutoConfiguration'
10:13:58.950 [main] DEBUG o.s.b.f.s.DefaultListableBeanFactory - Returning cached instance of singleton bean 'org.springframework.boot.autoconfigure.condition.BeanTypeRegistry'
10:13:58.950 [main] DEBUG o.s.b.f.s.DefaultListableBeanFactory - Returning cached instance of singleton bean 'autoConfigurationReport'
10:13:58.950 [main] DEBUG o.s.c.a.ConfigurationClassBeanDefinitionReader - Registering bean definition for @Bean method org.springframework.boot.autoconfigure.orm.jpa.HibernateJpaAutoConfiguration.transactionManager()
10:13:58.950 [main] DEBUG o.s.b.f.s.DefaultListableBeanFactory - Returning cached instance of singleton bean 'org.springframework.boot.autoconfigure.condition.BeanTypeRegistry'
10:13:58.950 [main] DEBUG o.s.b.f.s.DefaultListableBeanFactory - Returning cached instance of singleton bean 'autoConfigurationReport'
10:13:58.950 [main] DEBUG o.s.c.a.ConfigurationClassBeanDefinitionReader - Registering bean definition for @Bean method org.springframework.boot.autoconfigure.orm.jpa.HibernateJpaAutoConfiguration.jpaVendorAdapter()
10:13:58.950 [main] DEBUG o.s.b.f.s.DefaultListableBeanFactory - Returning cached instance of singleton bean 'org.springframework.boot.autoconfigure.condition.BeanTypeRegistry'
10:13:58.950 [main] DEBUG o.s.b.f.s.DefaultListableBeanFactory - Returning cached instance of singleton bean 'autoConfigurationReport'
10:13:58.950 [main] DEBUG o.s.c.a.ConfigurationClassBeanDefinitionReader - Registering bean definition for @Bean method org.springframework.boot.autoconfigure.orm.jpa.HibernateJpaAutoConfiguration.entityManagerFactoryBuilder()
10:13:58.950 [main] DEBUG o.s.b.f.s.DefaultListableBeanFactory - Returning cached instance of singleton bean 'org.springframework.boot.autoconfigure.condition.BeanTypeRegistry'
10:13:58.950 [main] DEBUG o.s.b.f.s.DefaultListableBeanFactory - Returning cached instance of singleton bean 'autoConfigurationReport'
10:13:58.950 [main] DEBUG o.s.c.a.ConfigurationClassBeanDefinitionReader - Registering bean definition for @Bean method org.springframework.boot.autoconfigure.orm.jpa.HibernateJpaAutoConfiguration.entityManagerFactory()
10:13:58.951 [main] DEBUG o.s.b.f.s.DefaultListableBeanFactory - Returning cached instance of singleton bean 'autoConfigurationReport'
10:13:58.951 [main] DEBUG o.s.c.a.ConfigurationClassBeanDefinitionReader - Registered bean definition for imported class 'org.springframework.boot.autoconfigure.dao.PersistenceExceptionTranslationAutoConfiguration'
10:13:58.951 [main] DEBUG o.s.b.f.s.DefaultListableBeanFactory - Returning cached instance of singleton bean 'org.springframework.boot.autoconfigure.condition.BeanTypeRegistry'
10:13:58.951 [main] DEBUG o.s.b.f.s.DefaultListableBeanFactory - Returning cached instance of singleton bean 'autoConfigurationReport'
10:13:58.951 [main] DEBUG o.s.b.f.s.DefaultListableBeanFactory - Returning cached instance of singleton bean 'autoConfigurationReport'
10:13:58.951 [main] DEBUG o.s.c.a.ConfigurationClassBeanDefinitionReader - Registering bean definition for @Bean method org.springframework.boot.autoconfigure.dao.PersistenceExceptionTranslationAutoConfiguration.persistenceExceptionTranslationPostProcessor()
10:13:58.951 [main] DEBUG o.s.b.f.s.DefaultListableBeanFactory - Returning cached instance of singleton bean 'autoConfigurationReport'
10:13:58.951 [main] DEBUG o.s.b.f.s.DefaultListableBeanFactory - Returning cached instance of singleton bean 'org.springframework.boot.autoconfigure.condition.BeanTypeRegistry'
10:13:58.951 [main] DEBUG o.s.b.f.s.DefaultListableBeanFactory - Returning cached instance of singleton bean 'org.springframework.boot.autoconfigure.condition.BeanTypeRegistry'
10:13:58.952 [main] DEBUG o.s.b.f.s.DefaultListableBeanFactory - Returning cached instance of singleton bean 'org.springframework.boot.autoconfigure.condition.BeanTypeRegistry'
10:13:58.952 [main] DEBUG o.s.b.f.s.DefaultListableBeanFactory - Returning cached instance of singleton bean 'autoConfigurationReport'
10:13:58.952 [main] DEBUG o.s.b.f.s.DefaultListableBeanFactory - Returning cached instance of singleton bean 'org.springframework.boot.autoconfigure.condition.BeanTypeRegistry'
10:13:58.952 [main] DEBUG o.s.b.f.s.DefaultListableBeanFactory - Returning cached instance of singleton bean 'org.springframework.boot.autoconfigure.condition.BeanTypeRegistry'
10:13:58.952 [main] DEBUG o.s.b.f.s.DefaultListableBeanFactory - Returning cached instance of singleton bean 'org.springframework.boot.autoconfigure.condition.BeanTypeRegistry'
10:13:58.952 [main] DEBUG o.s.b.f.s.DefaultListableBeanFactory - Returning cached instance of singleton bean 'autoConfigurationReport'
10:13:58.952 [main] DEBUG o.s.b.f.s.DefaultListableBeanFactory - Returning cached instance of singleton bean 'autoConfigurationReport'
10:13:58.952 [main] DEBUG o.s.c.a.ConfigurationClassBeanDefinitionReader - Registered bean definition for imported class 'org.springframework.boot.autoconfigure.data.jpa.JpaRepositoriesAutoConfiguration'
10:13:58.952 [main] DEBUG o.s.core.env.StandardEnvironment - Adding [systemProperties] PropertySource with lowest search precedence
10:13:58.952 [main] DEBUG o.s.core.env.StandardEnvironment - Adding [systemEnvironment] PropertySource with lowest search precedence
10:13:58.953 [main] DEBUG o.s.core.env.StandardEnvironment - Initialized StandardEnvironment with PropertySources [systemProperties,systemEnvironment]
10:13:58.953 [main] DEBUG o.s.c.i.s.PathMatchingResourcePatternResolver - Looking for matching resources in jar file [file:/Users/huff/.m2/repository/org/springframework/data/spring-data-jpa/1.7.4.RELEASE/spring-data-jpa-1.7.4.RELEASE.jar]
10:13:58.954 [main] DEBUG o.s.c.i.s.PathMatchingResourcePatternResolver - Looking for matching resources in jar file [file:/Users/huff/.m2/repository/org/springframework/data/spring-data-commons/1.9.4.RELEASE/spring-data-commons-1.9.4.RELEASE.jar]
10:13:58.956 [main] DEBUG o.s.c.i.s.PathMatchingResourcePatternResolver - Resolved location pattern [classpath*:org/springframework/data/**/repository/support/**/*.class] to resources [URL [jar:file:/Users/huff/.m2/repository/org/springframework/data/spring-data-jpa/1.7.4.RELEASE/spring-data-jpa-1.7.4.RELEASE.jar!/org/springframework/data/jpa/repository/support/Querydsl$1.class], URL [jar:file:/Users/huff/.m2/repository/org/springframework/data/spring-data-jpa/1.7.4.RELEASE/spring-data-jpa-1.7.4.RELEASE.jar!/org/springframework/data/jpa/repository/support/CrudMethodMetadataPostProcessor$ThreadBoundTargetSource.class], URL [jar:file:/Users/huff/.m2/repository/org/springframework/data/spring-data-jpa/1.7.4.RELEASE/spring-data-jpa-1.7.4.RELEASE.jar!/org/springframework/data/jpa/repository/support/JpaPersistableEntityInformation.class], URL [jar:file:/Users/huff/.m2/repository/org/springframework/data/spring-data-jpa/1.7.4.RELEASE/spring-data-jpa-1.7.4.RELEASE.jar!/org/springframework/data/jpa/repository/support/PersistenceProvider$4.class], URL [jar:file:/Users/huff/.m2/repository/org/springframework/data/spring-data-jpa/1.7.4.RELEASE/spring-data-jpa-1.7.4.RELEASE.jar!/org/springframework/data/jpa/repository/support/CrudMethodMetadataPostProcessor.class], URL [jar:file:/Users/huff/.m2/repository/org/springframework/data/spring-data-jpa/1.7.4.RELEASE/spring-data-jpa-1.7.4.RELEASE.jar!/org/springframework/data/jpa/repository/support/CrudMethodMetadataPostProcessor$1.class], URL [jar:file:/Users/huff/.m2/repository/org/springframework/data/spring-data-jpa/1.7.4.RELEASE/spring-data-jpa-1.7.4.RELEASE.jar!/org/springframework/data/jpa/repository/support/JpaEntityInformation.class], URL [jar:file:/Users/huff/.m2/repository/org/springframework/data/spring-data-jpa/1.7.4.RELEASE/spring-data-jpa-1.7.4.RELEASE.jar!/org/springframework/data/jpa/repository/support/JpaMetamodelEntityInformation.class], URL [jar:file:/Users/huff/.m2/repository/org/springframework/data/spring-data-jpa/1.7.4.RELEASE/spring-data-jpa-1.7.4.RELEASE.jar!/org/springframework/data/jpa/repository/support/JpaMetamodelEntityInformation$IdMetadata.class], URL [jar:file:/Users/huff/.m2/repository/org/springframework/data/spring-data-jpa/1.7.4.RELEASE/spring-data-jpa-1.7.4.RELEASE.jar!/org/springframework/data/jpa/repository/support/JpaEntityInformationSupport.class], URL [jar:file:/Users/huff/.m2/repository/org/springframework/data/spring-data-jpa/1.7.4.RELEASE/spring-data-jpa-1.7.4.RELEASE.jar!/org/springframework/data/jpa/repository/support/PersistenceProvider$3.class], URL [jar:file:/Users/huff/.m2/repository/org/springframework/data/spring-data-jpa/1.7.4.RELEASE/spring-data-jpa-1.7.4.RELEASE.jar!/org/springframework/data/jpa/repository/support/QueryDslRepositorySupport.class], URL [jar:file:/Users/huff/.m2/repository/org/springframework/data/spring-data-jpa/1.7.4.RELEASE/spring-data-jpa-1.7.4.RELEASE.jar!/org/springframework/data/jpa/repository/support/JpaRepositoryFactory.class], URL [jar:file:/Users/huff/.m2/repository/org/springframework/data/spring-data-jpa/1.7.4.RELEASE/spring-data-jpa-1.7.4.RELEASE.jar!/org/springframework/data/jpa/repository/support/CrudMethodMetadataPostProcessor$DefaultCrudMethodMetadata.class], URL [jar:file:/Users/huff/.m2/repository/org/springframework/data/spring-data-jpa/1.7.4.RELEASE/spring-data-jpa-1.7.4.RELEASE.jar!/org/springframework/data/jpa/repository/support/PersistenceProvider.class], URL [jar:file:/Users/huff/.m2/repository/org/springframework/data/spring-data-jpa/1.7.4.RELEASE/spring-data-jpa-1.7.4.RELEASE.jar!/org/springframework/data/jpa/repository/support/SimpleJpaRepository.class], URL [jar:file:/Users/huff/.m2/repository/org/springframework/data/spring-data-jpa/1.7.4.RELEASE/spring-data-jpa-1.7.4.RELEASE.jar!/org/springframework/data/jpa/repository/support/CrudMethodMetadataPostProcessor$CrudMethodMetadataPopulatingMethodIntercceptor.class], URL [jar:file:/Users/huff/.m2/repository/org/springframework/data/spring-data-jpa/1.7.4.RELEASE/spring-data-jpa-1.7.4.RELEASE.jar!/org/springframework/data/jpa/repository/support/Querydsl.class], URL [jar:file:/Users/huff/.m2/repository/org/springframework/data/spring-data-jpa/1.7.4.RELEASE/spring-data-jpa-1.7.4.RELEASE.jar!/org/springframework/data/jpa/repository/support/CrudMethodMetadata.class], URL [jar:file:/Users/huff/.m2/repository/org/springframework/data/spring-data-jpa/1.7.4.RELEASE/spring-data-jpa-1.7.4.RELEASE.jar!/org/springframework/data/jpa/repository/support/EntityManagerBeanDefinitionRegistrarPostProcessor.class], URL [jar:file:/Users/huff/.m2/repository/org/springframework/data/spring-data-jpa/1.7.4.RELEASE/spring-data-jpa-1.7.4.RELEASE.jar!/org/springframework/data/jpa/repository/support/JpaMetamodelEntityInformation$IdentifierDerivingDirectFieldAccessFallbackBeanWrapper.class], URL [jar:file:/Users/huff/.m2/repository/org/springframework/data/spring-data-jpa/1.7.4.RELEASE/spring-data-jpa-1.7.4.RELEASE.jar!/org/springframework/data/jpa/repository/support/PersistenceProvider$1.class], URL [jar:file:/Users/huff/.m2/repository/org/springframework/data/spring-data-jpa/1.7.4.RELEASE/spring-data-jpa-1.7.4.RELEASE.jar!/org/springframework/data/jpa/repository/support/QueryDslJpaRepository.class], URL [jar:file:/Users/huff/.m2/repository/org/springframework/data/spring-data-jpa/1.7.4.RELEASE/spring-data-jpa-1.7.4.RELEASE.jar!/org/springframework/data/jpa/repository/support/PersistenceProvider$2.class], URL [jar:file:/Users/huff/.m2/repository/org/springframework/data/spring-data-jpa/1.7.4.RELEASE/spring-data-jpa-1.7.4.RELEASE.jar!/org/springframework/data/jpa/repository/support/JpaRepositoryFactoryBean.class], URL [jar:file:/Users/huff/.m2/repository/org/springframework/data/spring-data-jpa/1.7.4.RELEASE/spring-data-jpa-1.7.4.RELEASE.jar!/org/springframework/data/jpa/repository/support/PersistenceProvider$Constants.class], URL [jar:file:/Users/huff/.m2/repository/org/springframework/data/spring-data-jpa/1.7.4.RELEASE/spring-data-jpa-1.7.4.RELEASE.jar!/org/springframework/data/jpa/repository/support/SimpleJpaRepository$ByIdsSpecification.class], URL [jar:file:/Users/huff/.m2/repository/org/springframework/data/spring-data-commons/1.9.4.RELEASE/spring-data-commons-1.9.4.RELEASE.jar!/org/springframework/data/repository/support/Repositories$EmptyRepositoryFactoryInformation.class], URL [jar:file:/Users/huff/.m2/repository/org/springframework/data/spring-data-commons/1.9.4.RELEASE/spring-data-commons-1.9.4.RELEASE.jar!/org/springframework/data/repository/support/DomainClassPropertyEditorRegistrar.class], URL [jar:file:/Users/huff/.m2/repository/org/springframework/data/spring-data-commons/1.9.4.RELEASE/spring-data-commons-1.9.4.RELEASE.jar!/org/springframework/data/repository/support/CrudRepositoryInvoker.class], URL [jar:file:/Users/huff/.m2/repository/org/springframework/data/spring-data-commons/1.9.4.RELEASE/spring-data-commons-1.9.4.RELEASE.jar!/org/springframework/data/repository/support/Repositories.class], URL [jar:file:/Users/huff/.m2/repository/org/springframework/data/spring-data-commons/1.9.4.RELEASE/spring-data-commons-1.9.4.RELEASE.jar!/org/springframework/data/repository/support/ReflectionRepositoryInvoker.class], URL [jar:file:/Users/huff/.m2/repository/org/springframework/data/spring-data-commons/1.9.4.RELEASE/spring-data-commons-1.9.4.RELEASE.jar!/org/springframework/data/repository/support/DomainClassPropertyEditor.class], URL [jar:file:/Users/huff/.m2/repository/org/springframework/data/spring-data-commons/1.9.4.RELEASE/spring-data-commons-1.9.4.RELEASE.jar!/org/springframework/data/repository/support/DomainClassConverter.class]]
10:13:58.960 [main] DEBUG o.s.c.a.ClassPathScanningCandidateComponentProvider - Identified candidate component class: URL [jar:file:/Users/huff/.m2/repository/org/springframework/data/spring-data-jpa/1.7.4.RELEASE/spring-data-jpa-1.7.4.RELEASE.jar!/org/springframework/data/jpa/repository/support/JpaRepositoryFactory.class]
10:13:58.969 [main] DEBUG o.s.core.env.StandardEnvironment - Adding [systemProperties] PropertySource with lowest search precedence
10:13:58.969 [main] DEBUG o.s.core.env.StandardEnvironment - Adding [systemEnvironment] PropertySource with lowest search precedence
10:13:58.969 [main] DEBUG o.s.core.env.StandardEnvironment - Initialized StandardEnvironment with PropertySources [systemProperties,systemEnvironment]
10:13:58.969 [main] DEBUG o.s.b.f.s.DefaultListableBeanFactory - Creating shared instance of singleton bean 'org.springframework.boot.autoconfigure.AutoConfigurationPackages'
10:13:58.969 [main] DEBUG o.s.b.f.s.DefaultListableBeanFactory - Creating instance of bean 'org.springframework.boot.autoconfigure.AutoConfigurationPackages'
10:13:58.970 [main] DEBUG o.s.b.f.s.DefaultListableBeanFactory - Eagerly caching bean 'org.springframework.boot.autoconfigure.AutoConfigurationPackages' to allow for resolving potential circular references
10:13:58.970 [main] DEBUG o.s.b.f.s.DefaultListableBeanFactory - Finished creating instance of bean 'org.springframework.boot.autoconfigure.AutoConfigurationPackages'
10:13:58.970 [main] DEBUG o.s.b.a.AutoConfigurationPackages - @EnableAutoConfiguration was declared on a class in the package 'edu.tamu.app'. Automatic @Repository and @Entity scanning is enabled.
10:13:58.970 [main] DEBUG o.s.c.i.s.PathMatchingResourcePatternResolver - Looking for matching resources in directory tree [/Users/huff/development/java/apps/TAMU-Webservice-Seed/target/test-classes/edu/tamu/app]
10:13:58.970 [main] DEBUG o.s.c.i.s.PathMatchingResourcePatternResolver - Searching directory [/Users/huff/development/java/apps/TAMU-Webservice-Seed/target/test-classes/edu/tamu/app] for files matching pattern [/Users/huff/development/java/apps/TAMU-Webservice-Seed/target/test-classes/edu/tamu/app/**/*.class]
10:13:58.970 [main] DEBUG o.s.c.i.s.PathMatchingResourcePatternResolver - Searching directory [/Users/huff/development/java/apps/TAMU-Webservice-Seed/target/test-classes/edu/tamu/app/config] for files matching pattern [/Users/huff/development/java/apps/TAMU-Webservice-Seed/target/test-classes/edu/tamu/app/**/*.class]
10:13:58.970 [main] DEBUG o.s.c.i.s.PathMatchingResourcePatternResolver - Searching directory [/Users/huff/development/java/apps/TAMU-Webservice-Seed/target/test-classes/edu/tamu/app/model] for files matching pattern [/Users/huff/development/java/apps/TAMU-Webservice-Seed/target/test-classes/edu/tamu/app/**/*.class]
10:13:58.970 [main] DEBUG o.s.c.i.s.PathMatchingResourcePatternResolver - Searching directory [/Users/huff/development/java/apps/TAMU-Webservice-Seed/target/test-classes/edu/tamu/app/model/impl] for files matching pattern [/Users/huff/development/java/apps/TAMU-Webservice-Seed/target/test-classes/edu/tamu/app/**/*.class]
10:13:58.970 [main] DEBUG o.s.c.i.s.PathMatchingResourcePatternResolver - Looking for matching resources in directory tree [/Users/huff/development/java/apps/TAMU-Webservice-Seed/target/classes/edu/tamu/app]
10:13:58.970 [main] DEBUG o.s.c.i.s.PathMatchingResourcePatternResolver - Searching directory [/Users/huff/development/java/apps/TAMU-Webservice-Seed/target/classes/edu/tamu/app] for files matching pattern [/Users/huff/development/java/apps/TAMU-Webservice-Seed/target/classes/edu/tamu/app/**/*.class]
10:13:58.970 [main] DEBUG o.s.c.i.s.PathMatchingResourcePatternResolver - Searching directory [/Users/huff/development/java/apps/TAMU-Webservice-Seed/target/classes/edu/tamu/app/aspect] for files matching pattern [/Users/huff/development/java/apps/TAMU-Webservice-Seed/target/classes/edu/tamu/app/**/*.class]
10:13:58.971 [main] DEBUG o.s.c.i.s.PathMatchingResourcePatternResolver - Searching directory [/Users/huff/development/java/apps/TAMU-Webservice-Seed/target/classes/edu/tamu/app/config] for files matching pattern [/Users/huff/development/java/apps/TAMU-Webservice-Seed/target/classes/edu/tamu/app/**/*.class]
10:13:58.971 [main] DEBUG o.s.c.i.s.PathMatchingResourcePatternResolver - Searching directory [/Users/huff/development/java/apps/TAMU-Webservice-Seed/target/classes/edu/tamu/app/controller] for files matching pattern [/Users/huff/development/java/apps/TAMU-Webservice-Seed/target/classes/edu/tamu/app/**/*.class]
10:13:58.971 [main] DEBUG o.s.c.i.s.PathMatchingResourcePatternResolver - Searching directory [/Users/huff/development/java/apps/TAMU-Webservice-Seed/target/classes/edu/tamu/app/controller/interceptor] for files matching pattern [/Users/huff/development/java/apps/TAMU-Webservice-Seed/target/classes/edu/tamu/app/**/*.class]
10:13:58.971 [main] DEBUG o.s.c.i.s.PathMatchingResourcePatternResolver - Searching directory [/Users/huff/development/java/apps/TAMU-Webservice-Seed/target/classes/edu/tamu/app/model] for files matching pattern [/Users/huff/development/java/apps/TAMU-Webservice-Seed/target/classes/edu/tamu/app/**/*.class]
10:13:58.971 [main] DEBUG o.s.c.i.s.PathMatchingResourcePatternResolver - Searching directory [/Users/huff/development/java/apps/TAMU-Webservice-Seed/target/classes/edu/tamu/app/model/repo] for files matching pattern [/Users/huff/development/java/apps/TAMU-Webservice-Seed/target/classes/edu/tamu/app/**/*.class]
10:13:58.971 [main] DEBUG o.s.c.i.s.PathMatchingResourcePatternResolver - Searching directory [/Users/huff/development/java/apps/TAMU-Webservice-Seed/target/classes/edu/tamu/app/model/repo/impl] for files matching pattern [/Users/huff/development/java/apps/TAMU-Webservice-Seed/target/classes/edu/tamu/app/**/*.class]
10:13:58.971 [main] DEBUG o.s.c.i.s.PathMatchingResourcePatternResolver - Resolved location pattern [classpath*:edu/tamu/app/**/*.class] to resources [file [/Users/huff/development/java/apps/TAMU-Webservice-Seed/target/test-classes/edu/tamu/app/config/TestDataSourceConfiguration.class], file [/Users/huff/development/java/apps/TAMU-Webservice-Seed/target/test-classes/edu/tamu/app/model/impl/ShibTest.class], file [/Users/huff/development/java/apps/TAMU-Webservice-Seed/target/test-classes/edu/tamu/app/model/impl/UserTest.class], file [/Users/huff/development/java/apps/TAMU-Webservice-Seed/target/classes/edu/tamu/app/aspect/AppControllerAspect.class], file [/Users/huff/development/java/apps/TAMU-Webservice-Seed/target/classes/edu/tamu/app/config/AppConfig.class], file [/Users/huff/development/java/apps/TAMU-Webservice-Seed/target/classes/edu/tamu/app/config/AppWebConfigSupport.class], file [/Users/huff/development/java/apps/TAMU-Webservice-Seed/target/classes/edu/tamu/app/config/AppWebMvcConfig.class], file [/Users/huff/development/java/apps/TAMU-Webservice-Seed/target/classes/edu/tamu/app/config/AppWebSocketConfig.class], file [/Users/huff/development/java/apps/TAMU-Webservice-Seed/target/classes/edu/tamu/app/config/SecurityConfig.class], file [/Users/huff/development/java/apps/TAMU-Webservice-Seed/target/classes/edu/tamu/app/config/SpringContext.class], file [/Users/huff/development/java/apps/TAMU-Webservice-Seed/target/classes/edu/tamu/app/controller/AdminController.class], file [/Users/huff/development/java/apps/TAMU-Webservice-Seed/target/classes/edu/tamu/app/controller/interceptor/AppRestInterceptor.class], file [/Users/huff/development/java/apps/TAMU-Webservice-Seed/target/classes/edu/tamu/app/controller/interceptor/AppStompInterceptor.class], file [/Users/huff/development/java/apps/TAMU-Webservice-Seed/target/classes/edu/tamu/app/controller/MockAuthServiceController.class], file [/Users/huff/development/java/apps/TAMU-Webservice-Seed/target/classes/edu/tamu/app/controller/UserController$1.class], file [/Users/huff/development/java/apps/TAMU-Webservice-Seed/target/classes/edu/tamu/app/controller/UserController.class], file [/Users/huff/development/java/apps/TAMU-Webservice-Seed/target/classes/edu/tamu/app/model/AppUser.class], file [/Users/huff/development/java/apps/TAMU-Webservice-Seed/target/classes/edu/tamu/app/model/repo/impl/UserRepoImpl.class], file [/Users/huff/development/java/apps/TAMU-Webservice-Seed/target/classes/edu/tamu/app/model/repo/UserRepo.class], file [/Users/huff/development/java/apps/TAMU-Webservice-Seed/target/classes/edu/tamu/app/model/repo/UserRepoCustom.class], file [/Users/huff/development/java/apps/TAMU-Webservice-Seed/target/classes/edu/tamu/app/WebServerInit.class]]
10:13:58.982 [main] DEBUG o.s.d.r.c.RepositoryComponentProvider - Identified candidate component class: file [/Users/huff/development/java/apps/TAMU-Webservice-Seed/target/classes/edu/tamu/app/model/repo/UserRepo.class]
10:13:58.983 [main] DEBUG o.s.b.f.s.DefaultListableBeanFactory - Returning cached instance of singleton bean 'org.springframework.boot.autoconfigure.AutoConfigurationPackages'
10:13:58.983 [main] DEBUG o.s.core.env.StandardEnvironment - Adding [systemProperties] PropertySource with lowest search precedence
10:13:58.983 [main] DEBUG o.s.core.env.StandardEnvironment - Adding [systemEnvironment] PropertySource with lowest search precedence
10:13:58.983 [main] DEBUG o.s.core.env.StandardEnvironment - Initialized StandardEnvironment with PropertySources [systemProperties,systemEnvironment]
10:13:58.984 [main] DEBUG o.s.c.i.s.PathMatchingResourcePatternResolver - Looking for matching resources in directory tree [/Users/huff/development/java/apps/TAMU-Webservice-Seed/target/test-classes/edu/tamu/app]
10:13:58.984 [main] DEBUG o.s.c.i.s.PathMatchingResourcePatternResolver - Searching directory [/Users/huff/development/java/apps/TAMU-Webservice-Seed/target/test-classes/edu/tamu/app] for files matching pattern [/Users/huff/development/java/apps/TAMU-Webservice-Seed/target/test-classes/edu/tamu/app/**/*UserRepoImpl.class]
10:13:58.984 [main] DEBUG o.s.c.i.s.PathMatchingResourcePatternResolver - Searching directory [/Users/huff/development/java/apps/TAMU-Webservice-Seed/target/test-classes/edu/tamu/app/config] for files matching pattern [/Users/huff/development/java/apps/TAMU-Webservice-Seed/target/test-classes/edu/tamu/app/**/*UserRepoImpl.class]
10:13:58.984 [main] DEBUG o.s.c.i.s.PathMatchingResourcePatternResolver - Searching directory [/Users/huff/development/java/apps/TAMU-Webservice-Seed/target/test-classes/edu/tamu/app/model] for files matching pattern [/Users/huff/development/java/apps/TAMU-Webservice-Seed/target/test-classes/edu/tamu/app/**/*UserRepoImpl.class]
10:13:58.984 [main] DEBUG o.s.c.i.s.PathMatchingResourcePatternResolver - Searching directory [/Users/huff/development/java/apps/TAMU-Webservice-Seed/target/test-classes/edu/tamu/app/model/impl] for files matching pattern [/Users/huff/development/java/apps/TAMU-Webservice-Seed/target/test-classes/edu/tamu/app/**/*UserRepoImpl.class]
10:13:58.984 [main] DEBUG o.s.c.i.s.PathMatchingResourcePatternResolver - Looking for matching resources in directory tree [/Users/huff/development/java/apps/TAMU-Webservice-Seed/target/classes/edu/tamu/app]
10:13:58.984 [main] DEBUG o.s.c.i.s.PathMatchingResourcePatternResolver - Searching directory [/Users/huff/development/java/apps/TAMU-Webservice-Seed/target/classes/edu/tamu/app] for files matching pattern [/Users/huff/development/java/apps/TAMU-Webservice-Seed/target/classes/edu/tamu/app/**/*UserRepoImpl.class]
10:13:58.985 [main] DEBUG o.s.c.i.s.PathMatchingResourcePatternResolver - Searching directory [/Users/huff/development/java/apps/TAMU-Webservice-Seed/target/classes/edu/tamu/app/aspect] for files matching pattern [/Users/huff/development/java/apps/TAMU-Webservice-Seed/target/classes/edu/tamu/app/**/*UserRepoImpl.class]
10:13:58.985 [main] DEBUG o.s.c.i.s.PathMatchingResourcePatternResolver - Searching directory [/Users/huff/development/java/apps/TAMU-Webservice-Seed/target/classes/edu/tamu/app/config] for files matching pattern [/Users/huff/development/java/apps/TAMU-Webservice-Seed/target/classes/edu/tamu/app/**/*UserRepoImpl.class]
10:13:58.985 [main] DEBUG o.s.c.i.s.PathMatchingResourcePatternResolver - Searching directory [/Users/huff/development/java/apps/TAMU-Webservice-Seed/target/classes/edu/tamu/app/controller] for files matching pattern [/Users/huff/development/java/apps/TAMU-Webservice-Seed/target/classes/edu/tamu/app/**/*UserRepoImpl.class]
10:13:58.985 [main] DEBUG o.s.c.i.s.PathMatchingResourcePatternResolver - Searching directory [/Users/huff/development/java/apps/TAMU-Webservice-Seed/target/classes/edu/tamu/app/controller/interceptor] for files matching pattern [/Users/huff/development/java/apps/TAMU-Webservice-Seed/target/classes/edu/tamu/app/**/*UserRepoImpl.class]
10:13:58.985 [main] DEBUG o.s.c.i.s.PathMatchingResourcePatternResolver - Searching directory [/Users/huff/development/java/apps/TAMU-Webservice-Seed/target/classes/edu/tamu/app/model] for files matching pattern [/Users/huff/development/java/apps/TAMU-Webservice-Seed/target/classes/edu/tamu/app/**/*UserRepoImpl.class]
10:13:58.985 [main] DEBUG o.s.c.i.s.PathMatchingResourcePatternResolver - Searching directory [/Users/huff/development/java/apps/TAMU-Webservice-Seed/target/classes/edu/tamu/app/model/repo] for files matching pattern [/Users/huff/development/java/apps/TAMU-Webservice-Seed/target/classes/edu/tamu/app/**/*UserRepoImpl.class]
10:13:58.985 [main] DEBUG o.s.c.i.s.PathMatchingResourcePatternResolver - Searching directory [/Users/huff/development/java/apps/TAMU-Webservice-Seed/target/classes/edu/tamu/app/model/repo/impl] for files matching pattern [/Users/huff/development/java/apps/TAMU-Webservice-Seed/target/classes/edu/tamu/app/**/*UserRepoImpl.class]
10:13:58.985 [main] DEBUG o.s.c.i.s.PathMatchingResourcePatternResolver - Resolved location pattern [classpath*:edu/tamu/app/**/*UserRepoImpl.class] to resources [file [/Users/huff/development/java/apps/TAMU-Webservice-Seed/target/classes/edu/tamu/app/model/repo/impl/UserRepoImpl.class]]
10:13:58.986 [main] DEBUG o.s.c.a.ClassPathScanningCandidateComponentProvider - Identified candidate component class: file [/Users/huff/development/java/apps/TAMU-Webservice-Seed/target/classes/edu/tamu/app/model/repo/impl/UserRepoImpl.class]
10:13:58.986 [main] DEBUG o.s.d.r.c.RepositoryBeanDefinitionBuilder - Registering custom repository implementation: userRepoImpl edu.tamu.app.model.repo.impl.UserRepoImpl
10:13:58.986 [main] DEBUG o.s.d.r.c.RepositoryConfigurationDelegate - Spring Data JPA - Registering repository: userRepo - Interface: edu.tamu.app.model.repo.UserRepo - Factory: org.springframework.data.jpa.repository.support.JpaRepositoryFactoryBean
10:13:58.986 [main] DEBUG o.s.b.f.s.DefaultListableBeanFactory - Returning cached instance of singleton bean 'autoConfigurationReport'
10:13:58.986 [main] DEBUG o.s.b.f.s.DefaultListableBeanFactory - Returning cached instance of singleton bean 'autoConfigurationReport'
10:13:58.986 [main] DEBUG o.s.c.a.ConfigurationClassBeanDefinitionReader - Registered bean definition for imported class 'org.springframework.boot.autoconfigure.jackson.JacksonAutoConfiguration$JacksonObjectMapperBuilderConfiguration'
10:13:58.986 [main] DEBUG o.s.b.f.s.DefaultListableBeanFactory - Returning cached instance of singleton bean 'org.springframework.boot.autoconfigure.condition.BeanTypeRegistry'
10:13:58.987 [main] DEBUG o.s.b.f.s.DefaultListableBeanFactory - Returning cached instance of singleton bean 'autoConfigurationReport'
10:13:58.987 [main] DEBUG o.s.c.a.ConfigurationClassBeanDefinitionReader - Registering bean definition for @Bean method org.springframework.boot.autoconfigure.jackson.JacksonAutoConfiguration$JacksonObjectMapperBuilderConfiguration.jacksonObjectMapperBuilder()
10:13:58.987 [main] DEBUG o.s.b.f.s.DefaultListableBeanFactory - Returning cached instance of singleton bean 'autoConfigurationReport'
10:13:58.987 [main] DEBUG o.s.c.a.ConfigurationClassBeanDefinitionReader - Registered bean definition for imported class 'org.springframework.boot.autoconfigure.jackson.JacksonAutoConfiguration$JacksonObjectMapperConfiguration'
10:13:58.987 [main] DEBUG o.s.b.f.s.DefaultListableBeanFactory - Returning cached instance of singleton bean 'org.springframework.boot.autoconfigure.condition.BeanTypeRegistry'
10:13:58.987 [main] DEBUG o.s.b.f.s.DefaultListableBeanFactory - Returning cached instance of singleton bean 'autoConfigurationReport'
10:13:58.987 [main] DEBUG o.s.c.a.ConfigurationClassBeanDefinitionReader - Registered bean definition for imported class 'org.springframework.boot.autoconfigure.jackson.JacksonAutoConfiguration'
10:13:58.987 [main] DEBUG o.s.b.f.s.DefaultListableBeanFactory - Returning cached instance of singleton bean 'autoConfigurationReport'
10:13:58.987 [main] DEBUG o.s.b.f.s.DefaultListableBeanFactory - Returning cached instance of singleton bean 'autoConfigurationReport'
10:13:58.987 [main] DEBUG o.s.c.a.ConfigurationClassBeanDefinitionReader - Registered bean definition for imported class 'org.springframework.boot.autoconfigure.web.HttpMessageConvertersAutoConfiguration$StringHttpMessageConverterConfiguration'
10:13:58.988 [main] DEBUG o.s.b.f.s.DefaultListableBeanFactory - Returning cached instance of singleton bean 'org.springframework.boot.autoconfigure.condition.BeanTypeRegistry'
10:13:58.988 [main] DEBUG o.s.b.f.s.DefaultListableBeanFactory - Returning cached instance of singleton bean 'autoConfigurationReport'
10:13:58.988 [main] DEBUG o.s.c.a.ConfigurationClassBeanDefinitionReader - Registering bean definition for @Bean method org.springframework.boot.autoconfigure.web.HttpMessageConvertersAutoConfiguration$StringHttpMessageConverterConfiguration.stringHttpMessageConverter()
10:13:58.988 [main] DEBUG o.s.b.f.s.DefaultListableBeanFactory - Returning cached instance of singleton bean 'autoConfigurationReport'
10:13:58.988 [main] DEBUG o.s.b.f.s.DefaultListableBeanFactory - Returning cached instance of singleton bean 'org.springframework.boot.autoconfigure.condition.BeanTypeRegistry'
10:13:58.988 [main] DEBUG o.s.b.f.s.DefaultListableBeanFactory - Returning cached instance of singleton bean 'autoConfigurationReport'
10:13:58.988 [main] DEBUG o.s.b.f.s.DefaultListableBeanFactory - Returning cached instance of singleton bean 'autoConfigurationReport'
10:13:58.988 [main] DEBUG o.s.c.a.ConfigurationClassBeanDefinitionReader - Registered bean definition for imported class 'org.springframework.boot.autoconfigure.web.JacksonHttpMessageConvertersConfiguration$MappingJackson2HttpMessageConverterConfiguration'
10:13:58.988 [main] DEBUG o.s.b.f.s.DefaultListableBeanFactory - Returning cached instance of singleton bean 'org.springframework.boot.autoconfigure.condition.BeanTypeRegistry'
10:13:58.989 [main] DEBUG o.s.b.f.s.DefaultListableBeanFactory - Returning cached instance of singleton bean 'autoConfigurationReport'
10:13:58.989 [main] DEBUG o.s.c.a.ConfigurationClassBeanDefinitionReader - Registered bean definition for imported class 'org.springframework.boot.autoconfigure.web.JacksonHttpMessageConvertersConfiguration'
10:13:58.989 [main] DEBUG o.s.c.a.ConfigurationClassBeanDefinitionReader - Registered bean definition for imported class 'org.springframework.boot.autoconfigure.web.HttpMessageConvertersAutoConfiguration'
10:13:58.989 [main] DEBUG o.s.b.f.s.DefaultListableBeanFactory - Returning cached instance of singleton bean 'org.springframework.boot.autoconfigure.condition.BeanTypeRegistry'
10:13:58.989 [main] DEBUG o.s.b.f.s.DefaultListableBeanFactory - Returning cached instance of singleton bean 'autoConfigurationReport'
10:13:58.989 [main] DEBUG o.s.c.a.ConfigurationClassBeanDefinitionReader - Registering bean definition for @Bean method org.springframework.boot.autoconfigure.web.HttpMessageConvertersAutoConfiguration.messageConverters()
10:13:58.989 [main] DEBUG o.s.b.f.s.DefaultListableBeanFactory - Returning cached instance of singleton bean 'autoConfigurationReport'
10:13:58.989 [main] DEBUG o.s.b.f.s.DefaultListableBeanFactory - Returning cached instance of singleton bean 'autoConfigurationReport'
10:13:58.989 [main] DEBUG o.s.c.a.ConfigurationClassBeanDefinitionReader - Registered bean definition for imported class 'org.springframework.boot.autoconfigure.jmx.JmxAutoConfiguration'
10:13:58.989 [main] DEBUG o.s.b.f.s.DefaultListableBeanFactory - Returning cached instance of singleton bean 'org.springframework.boot.autoconfigure.condition.BeanTypeRegistry'
10:13:58.990 [main] DEBUG o.s.b.f.s.DefaultListableBeanFactory - Returning cached instance of singleton bean 'autoConfigurationReport'
10:13:58.990 [main] DEBUG o.s.c.a.ConfigurationClassBeanDefinitionReader - Registering bean definition for @Bean method org.springframework.boot.autoconfigure.jmx.JmxAutoConfiguration.mbeanExporter()
10:13:58.990 [main] DEBUG o.s.b.f.s.DefaultListableBeanFactory - Returning cached instance of singleton bean 'org.springframework.boot.autoconfigure.condition.BeanTypeRegistry'
10:13:58.990 [main] DEBUG o.s.b.f.s.DefaultListableBeanFactory - Returning cached instance of singleton bean 'autoConfigurationReport'
10:13:58.990 [main] DEBUG o.s.c.a.ConfigurationClassBeanDefinitionReader - Registering bean definition for @Bean method org.springframework.boot.autoconfigure.jmx.JmxAutoConfiguration.objectNamingStrategy()
10:13:58.990 [main] DEBUG o.s.b.f.s.DefaultListableBeanFactory - Returning cached instance of singleton bean 'org.springframework.boot.autoconfigure.condition.BeanTypeRegistry'
10:13:58.990 [main] DEBUG o.s.b.f.s.DefaultListableBeanFactory - Returning cached instance of singleton bean 'autoConfigurationReport'
10:13:58.990 [main] DEBUG o.s.c.a.ConfigurationClassBeanDefinitionReader - Registering bean definition for @Bean method org.springframework.boot.autoconfigure.jmx.JmxAutoConfiguration.mbeanServer()
10:13:58.990 [main] DEBUG o.s.b.f.s.DefaultListableBeanFactory - Returning cached instance of singleton bean 'autoConfigurationReport'
10:13:58.990 [main] DEBUG o.s.b.f.s.DefaultListableBeanFactory - Returning cached instance of singleton bean 'org.springframework.boot.autoconfigure.condition.BeanTypeRegistry'
10:13:58.990 [main] DEBUG o.s.b.f.s.DefaultListableBeanFactory - Returning cached instance of singleton bean 'autoConfigurationReport'
10:13:58.990 [main] DEBUG o.s.c.a.ConfigurationClassBeanDefinitionReader - Registered bean definition for imported class 'org.springframework.transaction.annotation.ProxyTransactionManagementConfiguration'
10:13:58.990 [main] DEBUG o.s.c.a.ConfigurationClassBeanDefinitionReader - Registering bean definition for @Bean method org.springframework.transaction.annotation.ProxyTransactionManagementConfiguration.org.springframework.transaction.config.internalTransactionAdvisor()
10:13:58.990 [main] DEBUG o.s.c.a.ConfigurationClassBeanDefinitionReader - Registering bean definition for @Bean method org.springframework.transaction.annotation.ProxyTransactionManagementConfiguration.transactionAttributeSource()
10:13:58.990 [main] DEBUG o.s.c.a.ConfigurationClassBeanDefinitionReader - Registering bean definition for @Bean method org.springframework.transaction.annotation.ProxyTransactionManagementConfiguration.transactionInterceptor()
10:13:58.990 [main] DEBUG o.s.c.a.ConfigurationClassBeanDefinitionReader - Registered bean definition for imported class 'org.springframework.boot.autoconfigure.jdbc.DataSourceTransactionManagerAutoConfiguration$TransactionManagementConfiguration'
10:13:58.990 [main] DEBUG o.s.c.a.ConfigurationClassBeanDefinitionReader - Registered bean definition for imported class 'org.springframework.boot.autoconfigure.jdbc.DataSourceTransactionManagerAutoConfiguration'
10:13:58.991 [main] DEBUG o.s.b.f.s.DefaultListableBeanFactory - Returning cached instance of singleton bean 'org.springframework.boot.autoconfigure.condition.BeanTypeRegistry'
10:13:58.991 [main] DEBUG o.s.b.f.s.DefaultListableBeanFactory - Returning cached instance of singleton bean 'autoConfigurationReport'
10:13:58.991 [main] DEBUG o.s.b.f.s.DefaultListableBeanFactory - Returning cached instance of singleton bean 'autoConfigurationReport'
10:13:58.991 [main] DEBUG o.s.b.f.s.DefaultListableBeanFactory - Returning cached instance of singleton bean 'org.springframework.boot.autoconfigure.condition.BeanTypeRegistry'
10:13:58.991 [main] DEBUG o.s.b.f.s.DefaultListableBeanFactory - Returning cached instance of singleton bean 'org.springframework.boot.autoconfigure.condition.BeanTypeRegistry'
10:13:58.991 [main] DEBUG o.s.b.f.s.DefaultListableBeanFactory - Returning cached instance of singleton bean 'autoConfigurationReport'
10:13:58.991 [main] DEBUG o.s.b.f.s.DefaultListableBeanFactory - Returning cached instance of singleton bean 'org.springframework.boot.autoconfigure.condition.BeanTypeRegistry'
10:13:58.991 [main] DEBUG o.s.b.f.s.DefaultListableBeanFactory - Returning cached instance of singleton bean 'org.springframework.boot.autoconfigure.condition.BeanTypeRegistry'
10:13:58.991 [main] DEBUG o.s.b.f.s.DefaultListableBeanFactory - Returning cached instance of singleton bean 'autoConfigurationReport'
10:13:58.991 [main] DEBUG o.s.c.a.ConfigurationClassBeanDefinitionReader - Registered bean definition for imported class 'org.springframework.boot.autoconfigure.security.AuthenticationManagerConfiguration$AuthenticationManagerConfigurationListener'
10:13:58.991 [main] DEBUG o.s.c.a.ConfigurationClassBeanDefinitionReader - Registered bean definition for imported class 'org.springframework.boot.autoconfigure.security.AuthenticationManagerConfiguration'
10:13:58.991 [main] DEBUG o.s.c.a.ConfigurationClassBeanDefinitionReader - Registering bean definition for @Bean method org.springframework.boot.autoconfigure.security.AuthenticationManagerConfiguration.authenticationManager()
10:13:58.991 [main] DEBUG o.s.c.a.ConfigurationClassBeanDefinitionReader - Registering bean definition for @Bean method org.springframework.boot.autoconfigure.security.AuthenticationManagerConfiguration.springBootAuthenticationConfigurerAdapter()
10:13:58.991 [main] DEBUG o.s.b.f.s.DefaultListableBeanFactory - Returning cached instance of singleton bean 'autoConfigurationReport'
10:13:58.991 [main] DEBUG o.s.c.a.ConfigurationClassBeanDefinitionReader - Registered bean definition for imported class 'org.springframework.boot.autoconfigure.security.BootGlobalAuthenticationConfiguration'
10:13:58.991 [main] DEBUG o.s.c.a.ConfigurationClassBeanDefinitionReader - Registering bean definition for @Bean method org.springframework.boot.autoconfigure.security.BootGlobalAuthenticationConfiguration.bootGlobalAuthenticationConfigurationAdapter()
10:13:58.991 [main] DEBUG o.s.c.a.ConfigurationClassBeanDefinitionReader - Registered bean definition for imported class 'org.springframework.boot.autoconfigure.security.SecurityAutoConfiguration'
10:13:58.991 [main] DEBUG o.s.b.f.s.DefaultListableBeanFactory - Returning cached instance of singleton bean 'org.springframework.boot.autoconfigure.condition.BeanTypeRegistry'
10:13:58.992 [main] DEBUG o.s.b.f.s.DefaultListableBeanFactory - Returning cached instance of singleton bean 'autoConfigurationReport'
10:13:58.992 [main] DEBUG o.s.c.a.ConfigurationClassBeanDefinitionReader - Registering bean definition for @Bean method org.springframework.boot.autoconfigure.security.SecurityAutoConfiguration.authenticationEventPublisher()
10:13:58.992 [main] DEBUG o.s.b.f.s.DefaultListableBeanFactory - Returning cached instance of singleton bean 'org.springframework.boot.autoconfigure.condition.BeanTypeRegistry'
10:13:58.992 [main] DEBUG o.s.b.f.s.DefaultListableBeanFactory - Returning cached instance of singleton bean 'autoConfigurationReport'
10:13:58.992 [main] DEBUG o.s.c.a.ConfigurationClassBeanDefinitionReader - Registering bean definition for @Bean method org.springframework.boot.autoconfigure.security.SecurityAutoConfiguration.securityProperties()
10:13:58.992 [main] DEBUG o.s.b.f.s.DefaultListableBeanFactory - Returning cached instance of singleton bean 'autoConfigurationReport'
10:13:58.992 [main] DEBUG o.s.b.f.s.DefaultListableBeanFactory - Returning cached instance of singleton bean 'autoConfigurationReport'
10:13:58.992 [main] DEBUG o.s.c.a.ConfigurationClassBeanDefinitionReader - Registered bean definition for imported class 'org.springframework.boot.autoconfigure.web.HttpEncodingAutoConfiguration'
10:13:58.992 [main] DEBUG o.s.b.f.s.DefaultListableBeanFactory - Returning cached instance of singleton bean 'org.springframework.boot.autoconfigure.condition.BeanTypeRegistry'
10:13:58.992 [main] DEBUG o.s.b.f.s.DefaultListableBeanFactory - Returning cached instance of singleton bean 'autoConfigurationReport'
10:13:58.992 [main] DEBUG o.s.c.a.ConfigurationClassBeanDefinitionReader - Registering bean definition for @Bean method org.springframework.boot.autoconfigure.web.HttpEncodingAutoConfiguration.characterEncodingFilter()
10:13:58.992 [main] DEBUG o.s.b.f.s.DefaultListableBeanFactory - Returning cached instance of singleton bean 'autoConfigurationReport'
10:13:58.993 [main] DEBUG o.s.b.f.s.DefaultListableBeanFactory - Returning cached instance of singleton bean 'autoConfigurationReport'
10:13:58.993 [main] DEBUG o.s.c.a.ConfigurationClassBeanDefinitionReader - Registered bean definition for imported class 'org.springframework.boot.autoconfigure.web.MultipartAutoConfiguration'
10:13:58.993 [main] DEBUG o.s.b.f.s.DefaultListableBeanFactory - Returning cached instance of singleton bean 'org.springframework.boot.autoconfigure.condition.BeanTypeRegistry'
10:13:58.993 [main] DEBUG o.s.b.f.s.DefaultListableBeanFactory - Returning cached instance of singleton bean 'autoConfigurationReport'
10:13:58.993 [main] DEBUG o.s.c.a.ConfigurationClassBeanDefinitionReader - Registering bean definition for @Bean method org.springframework.boot.autoconfigure.web.MultipartAutoConfiguration.multipartConfigElement()
10:13:58.993 [main] DEBUG o.s.b.f.s.DefaultListableBeanFactory - Returning cached instance of singleton bean 'org.springframework.boot.autoconfigure.condition.BeanTypeRegistry'
10:13:58.993 [main] DEBUG o.s.b.f.s.DefaultListableBeanFactory - Returning cached instance of singleton bean 'autoConfigurationReport'
10:13:58.993 [main] DEBUG o.s.c.a.ConfigurationClassBeanDefinitionReader - Registering bean definition for @Bean method org.springframework.boot.autoconfigure.web.MultipartAutoConfiguration.multipartResolver()
10:13:58.998 [main] DEBUG o.s.c.a.ConfigurationClassEnhancer - Successfully enhanced edu.tamu.app.config.TestDataSourceConfiguration; enhanced class name is: edu.tamu.app.config.TestDataSourceConfiguration$$EnhancerBySpringCGLIB$$720fb83c
10:13:58.999 [main] DEBUG o.s.c.a.ConfigurationClassPostProcessor - Replacing bean definition 'testDataSourceConfiguration' existing class name 'edu.tamu.app.config.TestDataSourceConfiguration' with enhanced class name 'edu.tamu.app.config.TestDataSourceConfiguration$$EnhancerBySpringCGLIB$$720fb83c'
10:13:58.999 [main] DEBUG o.s.c.a.ConfigurationClassEnhancer - Successfully enhanced edu.tamu.framework.config.CoreScheduleConfig; enhanced class name is: edu.tamu.framework.config.CoreScheduleConfig$$EnhancerBySpringCGLIB$$dd7086ae
10:13:58.999 [main] DEBUG o.s.c.a.ConfigurationClassPostProcessor - Replacing bean definition 'coreScheduleConfig' existing class name 'edu.tamu.framework.config.CoreScheduleConfig' with enhanced class name 'edu.tamu.framework.config.CoreScheduleConfig$$EnhancerBySpringCGLIB$$dd7086ae'
10:13:58.999 [main] DEBUG o.s.c.a.ConfigurationClassEnhancer - Successfully enhanced edu.tamu.framework.config.CoreSecurityConfig; enhanced class name is: edu.tamu.framework.config.CoreSecurityConfig$$EnhancerBySpringCGLIB$$1119397
10:13:58.999 [main] DEBUG o.s.c.a.ConfigurationClassPostProcessor - Replacing bean definition 'coreSecurityConfig' existing class name 'edu.tamu.framework.config.CoreSecurityConfig' with enhanced class name 'edu.tamu.framework.config.CoreSecurityConfig$$EnhancerBySpringCGLIB$$1119397'
10:13:58.999 [main] DEBUG o.s.c.a.ConfigurationClassEnhancer - Successfully enhanced edu.tamu.framework.config.CoreWebAppConfig; enhanced class name is: edu.tamu.framework.config.CoreWebAppConfig$$EnhancerBySpringCGLIB$$d1ffea44
10:13:58.999 [main] DEBUG o.s.c.a.ConfigurationClassPostProcessor - Replacing bean definition 'coreWebAppConfig' existing class name 'edu.tamu.framework.config.CoreWebAppConfig' with enhanced class name 'edu.tamu.framework.config.CoreWebAppConfig$$EnhancerBySpringCGLIB$$d1ffea44'
10:13:58.999 [main] DEBUG o.s.c.a.ConfigurationClassEnhancer - Successfully enhanced edu.tamu.framework.config.CoreWebMvcConfig; enhanced class name is: edu.tamu.framework.config.CoreWebMvcConfig$$EnhancerBySpringCGLIB$$f912643d
10:13:58.999 [main] DEBUG o.s.c.a.ConfigurationClassPostProcessor - Replacing bean definition 'coreWebMvcConfig' existing class name 'edu.tamu.framework.config.CoreWebMvcConfig' with enhanced class name 'edu.tamu.framework.config.CoreWebMvcConfig$$EnhancerBySpringCGLIB$$f912643d'
10:13:58.999 [main] DEBUG o.s.c.a.ConfigurationClassEnhancer - Successfully enhanced edu.tamu.app.config.AppConfig; enhanced class name is: edu.tamu.app.config.AppConfig$$EnhancerBySpringCGLIB$$cc52f1e0
10:13:58.999 [main] DEBUG o.s.c.a.ConfigurationClassPostProcessor - Replacing bean definition 'appConfig' existing class name 'edu.tamu.app.config.AppConfig' with enhanced class name 'edu.tamu.app.config.AppConfig$$EnhancerBySpringCGLIB$$cc52f1e0'
10:13:58.999 [main] DEBUG o.s.c.a.ConfigurationClassEnhancer - Successfully enhanced edu.tamu.app.config.AppWebConfigSupport; enhanced class name is: edu.tamu.app.config.AppWebConfigSupport$$EnhancerBySpringCGLIB$$674c2717
10:13:58.999 [main] DEBUG o.s.c.a.ConfigurationClassPostProcessor - Replacing bean definition 'appWebConfigSupport' existing class name 'edu.tamu.app.config.AppWebConfigSupport' with enhanced class name 'edu.tamu.app.config.AppWebConfigSupport$$EnhancerBySpringCGLIB$$674c2717'
10:13:58.999 [main] DEBUG o.s.c.a.ConfigurationClassEnhancer - Successfully enhanced edu.tamu.app.config.AppWebMvcConfig; enhanced class name is: edu.tamu.app.config.AppWebMvcConfig$$EnhancerBySpringCGLIB$$6a39926
10:13:58.999 [main] DEBUG o.s.c.a.ConfigurationClassPostProcessor - Replacing bean definition 'appWebMvcConfig' existing class name 'edu.tamu.app.config.AppWebMvcConfig' with enhanced class name 'edu.tamu.app.config.AppWebMvcConfig$$EnhancerBySpringCGLIB$$6a39926'
10:13:58.999 [main] DEBUG o.s.c.a.ConfigurationClassEnhancer - Successfully enhanced edu.tamu.app.config.AppWebSocketConfig; enhanced class name is: edu.tamu.app.config.AppWebSocketConfig$$EnhancerBySpringCGLIB$$75c6bcc1
10:13:58.999 [main] DEBUG o.s.c.a.ConfigurationClassPostProcessor - Replacing bean definition 'appWebSocketConfig' existing class name 'edu.tamu.app.config.AppWebSocketConfig' with enhanced class name 'edu.tamu.app.config.AppWebSocketConfig$$EnhancerBySpringCGLIB$$75c6bcc1'
10:13:58.999 [main] DEBUG o.s.c.a.ConfigurationClassEnhancer - Successfully enhanced edu.tamu.app.config.SecurityConfig; enhanced class name is: edu.tamu.app.config.SecurityConfig$$EnhancerBySpringCGLIB$$58e7fabb
10:13:58.999 [main] DEBUG o.s.c.a.ConfigurationClassPostProcessor - Replacing bean definition 'securityConfig' existing class name 'edu.tamu.app.config.SecurityConfig' with enhanced class name 'edu.tamu.app.config.SecurityConfig$$EnhancerBySpringCGLIB$$58e7fabb'
10:13:58.999 [main] DEBUG o.s.c.a.ConfigurationClassEnhancer - Successfully enhanced edu.tamu.app.WebServerInit; enhanced class name is: edu.tamu.app.WebServerInit$$EnhancerBySpringCGLIB$$e2d08a14
10:13:58.999 [main] DEBUG o.s.c.a.ConfigurationClassPostProcessor - Replacing bean definition 'webServerInit' existing class name 'edu.tamu.app.WebServerInit' with enhanced class name 'edu.tamu.app.WebServerInit$$EnhancerBySpringCGLIB$$e2d08a14'
10:13:58.999 [main] DEBUG o.s.c.a.ConfigurationClassEnhancer - Successfully enhanced org.springframework.scheduling.annotation.SchedulingConfiguration; enhanced class name is: org.springframework.scheduling.annotation.SchedulingConfiguration$$EnhancerBySpringCGLIB$$f1a0b6d1
10:13:58.999 [main] DEBUG o.s.c.a.ConfigurationClassPostProcessor - Replacing bean definition 'org.springframework.scheduling.annotation.SchedulingConfiguration' existing class name 'org.springframework.scheduling.annotation.SchedulingConfiguration' with enhanced class name 'org.springframework.scheduling.annotation.SchedulingConfiguration$$EnhancerBySpringCGLIB$$f1a0b6d1'
10:13:58.999 [main] DEBUG o.s.c.a.ConfigurationClassEnhancer - Successfully enhanced org.springframework.security.config.annotation.authentication.configuration.AuthenticationConfiguration; enhanced class name is: org.springframework.security.config.annotation.authentication.configuration.AuthenticationConfiguration$$EnhancerBySpringCGLIB$$42095c85
10:13:58.999 [main] DEBUG o.s.c.a.ConfigurationClassPostProcessor - Replacing bean definition 'org.springframework.security.config.annotation.authentication.configuration.AuthenticationConfiguration' existing class name 'org.springframework.security.config.annotation.authentication.configuration.AuthenticationConfiguration' with enhanced class name 'org.springframework.security.config.annotation.authentication.configuration.AuthenticationConfiguration$$EnhancerBySpringCGLIB$$42095c85'
10:13:58.999 [main] DEBUG o.s.c.a.ConfigurationClassEnhancer - Successfully enhanced org.springframework.security.config.annotation.authentication.configuration.AuthenticationConfiguration; enhanced class name is: org.springframework.security.config.annotation.authentication.configuration.AuthenticationConfiguration$$EnhancerBySpringCGLIB$$42095c85
10:13:58.999 [main] DEBUG o.s.c.a.ConfigurationClassPostProcessor - Replacing bean definition 'enableGlobalAuthenticationAutowiredConfigurer' existing class name 'org.springframework.security.config.annotation.authentication.configuration.AuthenticationConfiguration' with enhanced class name 'org.springframework.security.config.annotation.authentication.configuration.AuthenticationConfiguration$$EnhancerBySpringCGLIB$$42095c85'
10:13:58.999 [main] DEBUG o.s.c.a.ConfigurationClassEnhancer - Successfully enhanced org.springframework.security.config.annotation.web.configuration.WebSecurityConfiguration; enhanced class name is: org.springframework.security.config.annotation.web.configuration.WebSecurityConfiguration$$EnhancerBySpringCGLIB$$95d5be49
10:13:58.999 [main] DEBUG o.s.c.a.ConfigurationClassPostProcessor - Replacing bean definition 'org.springframework.security.config.annotation.web.configuration.WebSecurityConfiguration' existing class name 'org.springframework.security.config.annotation.web.configuration.WebSecurityConfiguration' with enhanced class name 'org.springframework.security.config.annotation.web.configuration.WebSecurityConfiguration$$EnhancerBySpringCGLIB$$95d5be49'
10:13:58.999 [main] DEBUG o.s.c.a.ConfigurationClassEnhancer - Successfully enhanced org.springframework.security.config.annotation.web.configuration.WebSecurityConfiguration; enhanced class name is: org.springframework.security.config.annotation.web.configuration.WebSecurityConfiguration$$EnhancerBySpringCGLIB$$95d5be49
10:13:58.999 [main] DEBUG o.s.c.a.ConfigurationClassPostProcessor - Replacing bean definition 'delegatingApplicationListener' existing class name 'org.springframework.security.config.annotation.web.configuration.WebSecurityConfiguration' with enhanced class name 'org.springframework.security.config.annotation.web.configuration.WebSecurityConfiguration$$EnhancerBySpringCGLIB$$95d5be49'
10:13:58.999 [main] DEBUG o.s.c.a.ConfigurationClassEnhancer - Successfully enhanced org.springframework.security.config.annotation.configuration.ObjectPostProcessorConfiguration; enhanced class name is: org.springframework.security.config.annotation.configuration.ObjectPostProcessorConfiguration$$EnhancerBySpringCGLIB$$aa6c7cb0
10:13:58.999 [main] DEBUG o.s.c.a.ConfigurationClassPostProcessor - Replacing bean definition 'org.springframework.security.config.annotation.configuration.ObjectPostProcessorConfiguration' existing class name 'org.springframework.security.config.annotation.configuration.ObjectPostProcessorConfiguration' with enhanced class name 'org.springframework.security.config.annotation.configuration.ObjectPostProcessorConfiguration$$EnhancerBySpringCGLIB$$aa6c7cb0'
10:13:58.999 [main] DEBUG o.s.c.a.ConfigurationClassEnhancer - Successfully enhanced org.springframework.security.config.annotation.web.servlet.configuration.WebMvcSecurityConfiguration; enhanced class name is: org.springframework.security.config.annotation.web.servlet.configuration.WebMvcSecurityConfiguration$$EnhancerBySpringCGLIB$$343e81b6
10:13:58.999 [main] DEBUG o.s.c.a.ConfigurationClassPostProcessor - Replacing bean definition 'org.springframework.security.config.annotation.web.servlet.configuration.WebMvcSecurityConfiguration' existing class name 'org.springframework.security.config.annotation.web.servlet.configuration.WebMvcSecurityConfiguration' with enhanced class name 'org.springframework.security.config.annotation.web.servlet.configuration.WebMvcSecurityConfiguration$$EnhancerBySpringCGLIB$$343e81b6'
10:13:58.999 [main] DEBUG o.s.c.a.ConfigurationClassEnhancer - Successfully enhanced org.springframework.boot.autoconfigure.web.WebMvcAutoConfiguration$WebMvcAutoConfigurationAdapter$FaviconConfiguration; enhanced class name is: org.springframework.boot.autoconfigure.web.WebMvcAutoConfiguration$WebMvcAutoConfigurationAdapter$FaviconConfiguration$$EnhancerBySpringCGLIB$$c841f12a
10:13:58.999 [main] DEBUG o.s.c.a.ConfigurationClassPostProcessor - Replacing bean definition 'org.springframework.boot.autoconfigure.web.WebMvcAutoConfiguration$WebMvcAutoConfigurationAdapter$FaviconConfiguration' existing class name 'org.springframework.boot.autoconfigure.web.WebMvcAutoConfiguration$WebMvcAutoConfigurationAdapter$FaviconConfiguration' with enhanced class name 'org.springframework.boot.autoconfigure.web.WebMvcAutoConfiguration$WebMvcAutoConfigurationAdapter$FaviconConfiguration$$EnhancerBySpringCGLIB$$c841f12a'
10:13:58.999 [main] DEBUG o.s.c.a.ConfigurationClassEnhancer - Successfully enhanced org.springframework.boot.autoconfigure.web.WebMvcAutoConfiguration$EnableWebMvcConfiguration; enhanced class name is: org.springframework.boot.autoconfigure.web.WebMvcAutoConfiguration$EnableWebMvcConfiguration$$EnhancerBySpringCGLIB$$a721489f
10:13:58.999 [main] DEBUG o.s.c.a.ConfigurationClassPostProcessor - Replacing bean definition 'org.springframework.boot.autoconfigure.web.WebMvcAutoConfiguration$EnableWebMvcConfiguration' existing class name 'org.springframework.boot.autoconfigure.web.WebMvcAutoConfiguration$EnableWebMvcConfiguration' with enhanced class name 'org.springframework.boot.autoconfigure.web.WebMvcAutoConfiguration$EnableWebMvcConfiguration$$EnhancerBySpringCGLIB$$a721489f'
10:13:58.999 [main] DEBUG o.s.c.a.ConfigurationClassEnhancer - Successfully enhanced org.springframework.web.socket.config.annotation.DelegatingWebSocketMessageBrokerConfiguration; enhanced class name is: org.springframework.web.socket.config.annotation.DelegatingWebSocketMessageBrokerConfiguration$$EnhancerBySpringCGLIB$$556a5629
10:13:58.999 [main] DEBUG o.s.c.a.ConfigurationClassPostProcessor - Replacing bean definition 'org.springframework.web.socket.config.annotation.DelegatingWebSocketMessageBrokerConfiguration' existing class name 'org.springframework.web.socket.config.annotation.DelegatingWebSocketMessageBrokerConfiguration' with enhanced class name 'org.springframework.web.socket.config.annotation.DelegatingWebSocketMessageBrokerConfiguration$$EnhancerBySpringCGLIB$$556a5629'
10:13:58.999 [main] DEBUG o.s.c.a.ConfigurationClassEnhancer - Successfully enhanced org.springframework.web.socket.config.annotation.DelegatingWebSocketMessageBrokerConfiguration; enhanced class name is: org.springframework.web.socket.config.annotation.DelegatingWebSocketMessageBrokerConfiguration$$EnhancerBySpringCGLIB$$556a5629
10:13:58.999 [main] DEBUG o.s.c.a.ConfigurationClassPostProcessor - Replacing bean definition 'webSocketScopeConfigurer' existing class name 'org.springframework.web.socket.config.annotation.DelegatingWebSocketMessageBrokerConfiguration' with enhanced class name 'org.springframework.web.socket.config.annotation.DelegatingWebSocketMessageBrokerConfiguration$$EnhancerBySpringCGLIB$$556a5629'
10:13:58.999 [main] DEBUG o.s.c.a.ConfigurationClassEnhancer - Successfully enhanced org.springframework.boot.autoconfigure.PropertyPlaceholderAutoConfiguration; enhanced class name is: org.springframework.boot.autoconfigure.PropertyPlaceholderAutoConfiguration$$EnhancerBySpringCGLIB$$d24454f0
10:13:58.999 [main] DEBUG o.s.c.a.ConfigurationClassPostProcessor - Replacing bean definition 'org.springframework.boot.autoconfigure.PropertyPlaceholderAutoConfiguration' existing class name 'org.springframework.boot.autoconfigure.PropertyPlaceholderAutoConfiguration' with enhanced class name 'org.springframework.boot.autoconfigure.PropertyPlaceholderAutoConfiguration$$EnhancerBySpringCGLIB$$d24454f0'
10:13:58.999 [main] DEBUG o.s.c.a.ConfigurationClassEnhancer - Successfully enhanced org.springframework.boot.autoconfigure.PropertyPlaceholderAutoConfiguration; enhanced class name is: org.springframework.boot.autoconfigure.PropertyPlaceholderAutoConfiguration$$EnhancerBySpringCGLIB$$d24454f0
10:13:58.999 [main] DEBUG o.s.c.a.ConfigurationClassPostProcessor - Replacing bean definition 'propertySourcesPlaceholderConfigurer' existing class name 'org.springframework.boot.autoconfigure.PropertyPlaceholderAutoConfiguration' with enhanced class name 'org.springframework.boot.autoconfigure.PropertyPlaceholderAutoConfiguration$$EnhancerBySpringCGLIB$$d24454f0'
10:13:59.000 [main] DEBUG o.s.c.a.ConfigurationClassEnhancer - Successfully enhanced org.springframework.boot.autoconfigure.websocket.WebSocketAutoConfiguration$TomcatWebSocketConfiguration; enhanced class name is: org.springframework.boot.autoconfigure.websocket.WebSocketAutoConfiguration$TomcatWebSocketConfiguration$$EnhancerBySpringCGLIB$$2604e2bf
10:13:59.000 [main] DEBUG o.s.c.a.ConfigurationClassPostProcessor - Replacing bean definition 'org.springframework.boot.autoconfigure.websocket.WebSocketAutoConfiguration$TomcatWebSocketConfiguration' existing class name 'org.springframework.boot.autoconfigure.websocket.WebSocketAutoConfiguration$TomcatWebSocketConfiguration' with enhanced class name 'org.springframework.boot.autoconfigure.websocket.WebSocketAutoConfiguration$TomcatWebSocketConfiguration$$EnhancerBySpringCGLIB$$2604e2bf'
10:13:59.000 [main] DEBUG o.s.c.a.ConfigurationClassEnhancer - Successfully enhanced org.springframework.boot.autoconfigure.websocket.WebSocketAutoConfiguration; enhanced class name is: org.springframework.boot.autoconfigure.websocket.WebSocketAutoConfiguration$$EnhancerBySpringCGLIB$$a8601d0e
10:13:59.000 [main] DEBUG o.s.c.a.ConfigurationClassPostProcessor - Replacing bean definition 'org.springframework.boot.autoconfigure.websocket.WebSocketAutoConfiguration' existing class name 'org.springframework.boot.autoconfigure.websocket.WebSocketAutoConfiguration' with enhanced class name 'org.springframework.boot.autoconfigure.websocket.WebSocketAutoConfiguration$$EnhancerBySpringCGLIB$$a8601d0e'
10:13:59.000 [main] DEBUG o.s.c.a.ConfigurationClassEnhancer - Successfully enhanced org.springframework.boot.autoconfigure.aop.AopAutoConfiguration$JdkDynamicAutoProxyConfiguration; enhanced class name is: org.springframework.boot.autoconfigure.aop.AopAutoConfiguration$JdkDynamicAutoProxyConfiguration$$EnhancerBySpringCGLIB$$43fc6107
10:13:59.000 [main] DEBUG o.s.c.a.ConfigurationClassPostProcessor - Replacing bean definition 'org.springframework.boot.autoconfigure.aop.AopAutoConfiguration$JdkDynamicAutoProxyConfiguration' existing class name 'org.springframework.boot.autoconfigure.aop.AopAutoConfiguration$JdkDynamicAutoProxyConfiguration' with enhanced class name 'org.springframework.boot.autoconfigure.aop.AopAutoConfiguration$JdkDynamicAutoProxyConfiguration$$EnhancerBySpringCGLIB$$43fc6107'
10:13:59.000 [main] DEBUG o.s.c.a.ConfigurationClassEnhancer - Successfully enhanced org.springframework.boot.autoconfigure.aop.AopAutoConfiguration; enhanced class name is: org.springframework.boot.autoconfigure.aop.AopAutoConfiguration$$EnhancerBySpringCGLIB$$10e10238
10:13:59.000 [main] DEBUG o.s.c.a.ConfigurationClassPostProcessor - Replacing bean definition 'org.springframework.boot.autoconfigure.aop.AopAutoConfiguration' existing class name 'org.springframework.boot.autoconfigure.aop.AopAutoConfiguration' with enhanced class name 'org.springframework.boot.autoconfigure.aop.AopAutoConfiguration$$EnhancerBySpringCGLIB$$10e10238'
10:13:59.000 [main] DEBUG o.s.c.a.ConfigurationClassEnhancer - Successfully enhanced org.springframework.boot.autoconfigure.jdbc.DataSourceAutoConfiguration$JdbcTemplateConfiguration; enhanced class name is: org.springframework.boot.autoconfigure.jdbc.DataSourceAutoConfiguration$JdbcTemplateConfiguration$$EnhancerBySpringCGLIB$$9056ccf3
10:13:59.000 [main] DEBUG o.s.c.a.ConfigurationClassPostProcessor - Replacing bean definition 'org.springframework.boot.autoconfigure.jdbc.DataSourceAutoConfiguration$JdbcTemplateConfiguration' existing class name 'org.springframework.boot.autoconfigure.jdbc.DataSourceAutoConfiguration$JdbcTemplateConfiguration' with enhanced class name 'org.springframework.boot.autoconfigure.jdbc.DataSourceAutoConfiguration$JdbcTemplateConfiguration$$EnhancerBySpringCGLIB$$9056ccf3'
10:13:59.000 [main] DEBUG o.s.c.a.ConfigurationClassEnhancer - Successfully enhanced org.springframework.boot.autoconfigure.jdbc.DataSourceAutoConfiguration$DataSourceInitializerConfiguration; enhanced class name is: org.springframework.boot.autoconfigure.jdbc.DataSourceAutoConfiguration$DataSourceInitializerConfiguration$$EnhancerBySpringCGLIB$$dc0f44fd
10:13:59.000 [main] DEBUG o.s.c.a.ConfigurationClassPostProcessor - Replacing bean definition 'org.springframework.boot.autoconfigure.jdbc.DataSourceAutoConfiguration$DataSourceInitializerConfiguration' existing class name 'org.springframework.boot.autoconfigure.jdbc.DataSourceAutoConfiguration$DataSourceInitializerConfiguration' with enhanced class name 'org.springframework.boot.autoconfigure.jdbc.DataSourceAutoConfiguration$DataSourceInitializerConfiguration$$EnhancerBySpringCGLIB$$dc0f44fd'
10:13:59.000 [main] DEBUG o.s.c.a.ConfigurationClassEnhancer - Successfully enhanced org.springframework.boot.autoconfigure.jdbc.metadata.DataSourcePoolMetadataProvidersConfiguration$TomcatDataSourcePoolMetadataProviderConfiguration; enhanced class name is: org.springframework.boot.autoconfigure.jdbc.metadata.DataSourcePoolMetadataProvidersConfiguration$TomcatDataSourcePoolMetadataProviderConfiguration$$EnhancerBySpringCGLIB$$5026f424
10:13:59.000 [main] DEBUG o.s.c.a.ConfigurationClassPostProcessor - Replacing bean definition 'org.springframework.boot.autoconfigure.jdbc.metadata.DataSourcePoolMetadataProvidersConfiguration$TomcatDataSourcePoolMetadataProviderConfiguration' existing class name 'org.springframework.boot.autoconfigure.jdbc.metadata.DataSourcePoolMetadataProvidersConfiguration$TomcatDataSourcePoolMetadataProviderConfiguration' with enhanced class name 'org.springframework.boot.autoconfigure.jdbc.metadata.DataSourcePoolMetadataProvidersConfiguration$TomcatDataSourcePoolMetadataProviderConfiguration$$EnhancerBySpringCGLIB$$5026f424'
10:13:59.000 [main] DEBUG o.s.c.a.ConfigurationClassEnhancer - Successfully enhanced org.springframework.boot.autoconfigure.jdbc.metadata.DataSourcePoolMetadataProvidersConfiguration; enhanced class name is: org.springframework.boot.autoconfigure.jdbc.metadata.DataSourcePoolMetadataProvidersConfiguration$$EnhancerBySpringCGLIB$$da5827d7
10:13:59.000 [main] DEBUG o.s.c.a.ConfigurationClassPostProcessor - Replacing bean definition 'org.springframework.boot.autoconfigure.jdbc.metadata.DataSourcePoolMetadataProvidersConfiguration' existing class name 'org.springframework.boot.autoconfigure.jdbc.metadata.DataSourcePoolMetadataProvidersConfiguration' with enhanced class name 'org.springframework.boot.autoconfigure.jdbc.metadata.DataSourcePoolMetadataProvidersConfiguration$$EnhancerBySpringCGLIB$$da5827d7'
10:13:59.000 [main] DEBUG o.s.c.a.ConfigurationClassEnhancer - Successfully enhanced org.springframework.boot.autoconfigure.jdbc.DataSourceAutoConfiguration; enhanced class name is: org.springframework.boot.autoconfigure.jdbc.DataSourceAutoConfiguration$$EnhancerBySpringCGLIB$$110deb16
10:13:59.000 [main] DEBUG o.s.c.a.ConfigurationClassPostProcessor - Replacing bean definition 'org.springframework.boot.autoconfigure.jdbc.DataSourceAutoConfiguration' existing class name 'org.springframework.boot.autoconfigure.jdbc.DataSourceAutoConfiguration' with enhanced class name 'org.springframework.boot.autoconfigure.jdbc.DataSourceAutoConfiguration$$EnhancerBySpringCGLIB$$110deb16'
10:13:59.000 [main] DEBUG o.s.c.a.ConfigurationClassEnhancer - Successfully enhanced org.springframework.boot.autoconfigure.orm.jpa.HibernateJpaAutoConfiguration; enhanced class name is: org.springframework.boot.autoconfigure.orm.jpa.HibernateJpaAutoConfiguration$$EnhancerBySpringCGLIB$$6c5793d6
10:13:59.000 [main] DEBUG o.s.c.a.ConfigurationClassPostProcessor - Replacing bean definition 'org.springframework.boot.autoconfigure.orm.jpa.HibernateJpaAutoConfiguration' existing class name 'org.springframework.boot.autoconfigure.orm.jpa.HibernateJpaAutoConfiguration' with enhanced class name 'org.springframework.boot.autoconfigure.orm.jpa.HibernateJpaAutoConfiguration$$EnhancerBySpringCGLIB$$6c5793d6'
10:13:59.000 [main] DEBUG o.s.c.a.ConfigurationClassEnhancer - Successfully enhanced org.springframework.boot.autoconfigure.data.jpa.JpaRepositoriesAutoConfiguration; enhanced class name is: org.springframework.boot.autoconfigure.data.jpa.JpaRepositoriesAutoConfiguration$$EnhancerBySpringCGLIB$$7e6a7aea
10:13:59.000 [main] DEBUG o.s.c.a.ConfigurationClassPostProcessor - Replacing bean definition 'org.springframework.boot.autoconfigure.data.jpa.JpaRepositoriesAutoConfiguration' existing class name 'org.springframework.boot.autoconfigure.data.jpa.JpaRepositoriesAutoConfiguration' with enhanced class name 'org.springframework.boot.autoconfigure.data.jpa.JpaRepositoriesAutoConfiguration$$EnhancerBySpringCGLIB$$7e6a7aea'
10:13:59.000 [main] DEBUG o.s.c.a.ConfigurationClassEnhancer - Successfully enhanced org.springframework.boot.autoconfigure.jackson.JacksonAutoConfiguration$JacksonObjectMapperBuilderConfiguration; enhanced class name is: org.springframework.boot.autoconfigure.jackson.JacksonAutoConfiguration$JacksonObjectMapperBuilderConfiguration$$EnhancerBySpringCGLIB$$378c8820
10:13:59.000 [main] DEBUG o.s.c.a.ConfigurationClassPostProcessor - Replacing bean definition 'org.springframework.boot.autoconfigure.jackson.JacksonAutoConfiguration$JacksonObjectMapperBuilderConfiguration' existing class name 'org.springframework.boot.autoconfigure.jackson.JacksonAutoConfiguration$JacksonObjectMapperBuilderConfiguration' with enhanced class name 'org.springframework.boot.autoconfigure.jackson.JacksonAutoConfiguration$JacksonObjectMapperBuilderConfiguration$$EnhancerBySpringCGLIB$$378c8820'
10:13:59.000 [main] DEBUG o.s.c.a.ConfigurationClassEnhancer - Successfully enhanced org.springframework.boot.autoconfigure.jackson.JacksonAutoConfiguration$JacksonObjectMapperConfiguration; enhanced class name is: org.springframework.boot.autoconfigure.jackson.JacksonAutoConfiguration$JacksonObjectMapperConfiguration$$EnhancerBySpringCGLIB$$faba1527
10:13:59.000 [main] DEBUG o.s.c.a.ConfigurationClassPostProcessor - Replacing bean definition 'org.springframework.boot.autoconfigure.jackson.JacksonAutoConfiguration$JacksonObjectMapperConfiguration' existing class name 'org.springframework.boot.autoconfigure.jackson.JacksonAutoConfiguration$JacksonObjectMapperConfiguration' with enhanced class name 'org.springframework.boot.autoconfigure.jackson.JacksonAutoConfiguration$JacksonObjectMapperConfiguration$$EnhancerBySpringCGLIB$$faba1527'
10:13:59.000 [main] DEBUG o.s.c.a.ConfigurationClassEnhancer - Successfully enhanced org.springframework.boot.autoconfigure.jackson.JacksonAutoConfiguration; enhanced class name is: org.springframework.boot.autoconfigure.jackson.JacksonAutoConfiguration$$EnhancerBySpringCGLIB$$1fcd2cd6
10:13:59.000 [main] DEBUG o.s.c.a.ConfigurationClassPostProcessor - Replacing bean definition 'org.springframework.boot.autoconfigure.jackson.JacksonAutoConfiguration' existing class name 'org.springframework.boot.autoconfigure.jackson.JacksonAutoConfiguration' with enhanced class name 'org.springframework.boot.autoconfigure.jackson.JacksonAutoConfiguration$$EnhancerBySpringCGLIB$$1fcd2cd6'
10:13:59.000 [main] DEBUG o.s.c.a.ConfigurationClassEnhancer - Successfully enhanced org.springframework.boot.autoconfigure.web.HttpMessageConvertersAutoConfiguration$StringHttpMessageConverterConfiguration; enhanced class name is: org.springframework.boot.autoconfigure.web.HttpMessageConvertersAutoConfiguration$StringHttpMessageConverterConfiguration$$EnhancerBySpringCGLIB$$f7e83cb6
10:13:59.000 [main] DEBUG o.s.c.a.ConfigurationClassPostProcessor - Replacing bean definition 'org.springframework.boot.autoconfigure.web.HttpMessageConvertersAutoConfiguration$StringHttpMessageConverterConfiguration' existing class name 'org.springframework.boot.autoconfigure.web.HttpMessageConvertersAutoConfiguration$StringHttpMessageConverterConfiguration' with enhanced class name 'org.springframework.boot.autoconfigure.web.HttpMessageConvertersAutoConfiguration$StringHttpMessageConverterConfiguration$$EnhancerBySpringCGLIB$$f7e83cb6'
10:13:59.000 [main] DEBUG o.s.c.a.ConfigurationClassEnhancer - Successfully enhanced org.springframework.boot.autoconfigure.web.JacksonHttpMessageConvertersConfiguration$MappingJackson2HttpMessageConverterConfiguration; enhanced class name is: org.springframework.boot.autoconfigure.web.JacksonHttpMessageConvertersConfiguration$MappingJackson2HttpMessageConverterConfiguration$$EnhancerBySpringCGLIB$$277926b6
10:13:59.000 [main] DEBUG o.s.c.a.ConfigurationClassPostProcessor - Replacing bean definition 'org.springframework.boot.autoconfigure.web.JacksonHttpMessageConvertersConfiguration$MappingJackson2HttpMessageConverterConfiguration' existing class name 'org.springframework.boot.autoconfigure.web.JacksonHttpMessageConvertersConfiguration$MappingJackson2HttpMessageConverterConfiguration' with enhanced class name 'org.springframework.boot.autoconfigure.web.JacksonHttpMessageConvertersConfiguration$MappingJackson2HttpMessageConverterConfiguration$$EnhancerBySpringCGLIB$$277926b6'
10:13:59.000 [main] DEBUG o.s.c.a.ConfigurationClassEnhancer - Successfully enhanced org.springframework.boot.autoconfigure.web.JacksonHttpMessageConvertersConfiguration; enhanced class name is: org.springframework.boot.autoconfigure.web.JacksonHttpMessageConvertersConfiguration$$EnhancerBySpringCGLIB$$77d4e86c
10:13:59.000 [main] DEBUG o.s.c.a.ConfigurationClassPostProcessor - Replacing bean definition 'org.springframework.boot.autoconfigure.web.JacksonHttpMessageConvertersConfiguration' existing class name 'org.springframework.boot.autoconfigure.web.JacksonHttpMessageConvertersConfiguration' with enhanced class name 'org.springframework.boot.autoconfigure.web.JacksonHttpMessageConvertersConfiguration$$EnhancerBySpringCGLIB$$77d4e86c'
10:13:59.000 [main] DEBUG o.s.c.a.ConfigurationClassEnhancer - Successfully enhanced org.springframework.boot.autoconfigure.web.HttpMessageConvertersAutoConfiguration; enhanced class name is: org.springframework.boot.autoconfigure.web.HttpMessageConvertersAutoConfiguration$$EnhancerBySpringCGLIB$$dcdf0616
10:13:59.000 [main] DEBUG o.s.c.a.ConfigurationClassPostProcessor - Replacing bean definition 'org.springframework.boot.autoconfigure.web.HttpMessageConvertersAutoConfiguration' existing class name 'org.springframework.boot.autoconfigure.web.HttpMessageConvertersAutoConfiguration' with enhanced class name 'org.springframework.boot.autoconfigure.web.HttpMessageConvertersAutoConfiguration$$EnhancerBySpringCGLIB$$dcdf0616'
10:13:59.000 [main] DEBUG o.s.c.a.ConfigurationClassEnhancer - Successfully enhanced org.springframework.boot.autoconfigure.jmx.JmxAutoConfiguration; enhanced class name is: org.springframework.boot.autoconfigure.jmx.JmxAutoConfiguration$$EnhancerBySpringCGLIB$$fa26ef52
10:13:59.000 [main] DEBUG o.s.c.a.ConfigurationClassPostProcessor - Replacing bean definition 'org.springframework.boot.autoconfigure.jmx.JmxAutoConfiguration' existing class name 'org.springframework.boot.autoconfigure.jmx.JmxAutoConfiguration' with enhanced class name 'org.springframework.boot.autoconfigure.jmx.JmxAutoConfiguration$$EnhancerBySpringCGLIB$$fa26ef52'
10:13:59.000 [main] DEBUG o.s.c.a.ConfigurationClassEnhancer - Successfully enhanced org.springframework.transaction.annotation.ProxyTransactionManagementConfiguration; enhanced class name is: org.springframework.transaction.annotation.ProxyTransactionManagementConfiguration$$EnhancerBySpringCGLIB$$814b33b6
10:13:59.000 [main] DEBUG o.s.c.a.ConfigurationClassPostProcessor - Replacing bean definition 'org.springframework.transaction.annotation.ProxyTransactionManagementConfiguration' existing class name 'org.springframework.transaction.annotation.ProxyTransactionManagementConfiguration' with enhanced class name 'org.springframework.transaction.annotation.ProxyTransactionManagementConfiguration$$EnhancerBySpringCGLIB$$814b33b6'
10:13:59.000 [main] DEBUG o.s.c.a.ConfigurationClassEnhancer - Successfully enhanced org.springframework.boot.autoconfigure.jdbc.DataSourceTransactionManagerAutoConfiguration$TransactionManagementConfiguration; enhanced class name is: org.springframework.boot.autoconfigure.jdbc.DataSourceTransactionManagerAutoConfiguration$TransactionManagementConfiguration$$EnhancerBySpringCGLIB$$22a83a88
10:13:59.000 [main] DEBUG o.s.c.a.ConfigurationClassPostProcessor - Replacing bean definition 'org.springframework.boot.autoconfigure.jdbc.DataSourceTransactionManagerAutoConfiguration$TransactionManagementConfiguration' existing class name 'org.springframework.boot.autoconfigure.jdbc.DataSourceTransactionManagerAutoConfiguration$TransactionManagementConfiguration' with enhanced class name 'org.springframework.boot.autoconfigure.jdbc.DataSourceTransactionManagerAutoConfiguration$TransactionManagementConfiguration$$EnhancerBySpringCGLIB$$22a83a88'
10:13:59.000 [main] DEBUG o.s.c.a.ConfigurationClassEnhancer - Successfully enhanced org.springframework.boot.autoconfigure.jdbc.DataSourceTransactionManagerAutoConfiguration; enhanced class name is: org.springframework.boot.autoconfigure.jdbc.DataSourceTransactionManagerAutoConfiguration$$EnhancerBySpringCGLIB$$5b5e6de7
10:13:59.000 [main] DEBUG o.s.c.a.ConfigurationClassPostProcessor - Replacing bean definition 'org.springframework.boot.autoconfigure.jdbc.DataSourceTransactionManagerAutoConfiguration' existing class name 'org.springframework.boot.autoconfigure.jdbc.DataSourceTransactionManagerAutoConfiguration' with enhanced class name 'org.springframework.boot.autoconfigure.jdbc.DataSourceTransactionManagerAutoConfiguration$$EnhancerBySpringCGLIB$$5b5e6de7'
10:13:59.000 [main] DEBUG o.s.c.a.ConfigurationClassEnhancer - Successfully enhanced org.springframework.boot.autoconfigure.security.AuthenticationManagerConfiguration; enhanced class name is: org.springframework.boot.autoconfigure.security.AuthenticationManagerConfiguration$$EnhancerBySpringCGLIB$$ef1ff3de
10:13:59.000 [main] DEBUG o.s.c.a.ConfigurationClassPostProcessor - Replacing bean definition 'org.springframework.boot.autoconfigure.security.AuthenticationManagerConfiguration' existing class name 'org.springframework.boot.autoconfigure.security.AuthenticationManagerConfiguration' with enhanced class name 'org.springframework.boot.autoconfigure.security.AuthenticationManagerConfiguration$$EnhancerBySpringCGLIB$$ef1ff3de'
10:13:59.000 [main] DEBUG o.s.c.a.ConfigurationClassEnhancer - Successfully enhanced org.springframework.boot.autoconfigure.security.AuthenticationManagerConfiguration; enhanced class name is: org.springframework.boot.autoconfigure.security.AuthenticationManagerConfiguration$$EnhancerBySpringCGLIB$$ef1ff3de
10:13:59.000 [main] DEBUG o.s.c.a.ConfigurationClassPostProcessor - Replacing bean definition 'springBootAuthenticationConfigurerAdapter' existing class name 'org.springframework.boot.autoconfigure.security.AuthenticationManagerConfiguration' with enhanced class name 'org.springframework.boot.autoconfigure.security.AuthenticationManagerConfiguration$$EnhancerBySpringCGLIB$$ef1ff3de'
10:13:59.001 [main] DEBUG o.s.c.a.ConfigurationClassEnhancer - Successfully enhanced org.springframework.boot.autoconfigure.security.BootGlobalAuthenticationConfiguration; enhanced class name is: org.springframework.boot.autoconfigure.security.BootGlobalAuthenticationConfiguration$$EnhancerBySpringCGLIB$$19f97fa2
10:13:59.001 [main] DEBUG o.s.c.a.ConfigurationClassPostProcessor - Replacing bean definition 'org.springframework.boot.autoconfigure.security.BootGlobalAuthenticationConfiguration' existing class name 'org.springframework.boot.autoconfigure.security.BootGlobalAuthenticationConfiguration' with enhanced class name 'org.springframework.boot.autoconfigure.security.BootGlobalAuthenticationConfiguration$$EnhancerBySpringCGLIB$$19f97fa2'
10:13:59.001 [main] DEBUG o.s.c.a.ConfigurationClassEnhancer - Successfully enhanced org.springframework.boot.autoconfigure.security.BootGlobalAuthenticationConfiguration; enhanced class name is: org.springframework.boot.autoconfigure.security.BootGlobalAuthenticationConfiguration$$EnhancerBySpringCGLIB$$19f97fa2
10:13:59.001 [main] DEBUG o.s.c.a.ConfigurationClassPostProcessor - Replacing bean definition 'bootGlobalAuthenticationConfigurationAdapter' existing class name 'org.springframework.boot.autoconfigure.security.BootGlobalAuthenticationConfiguration' with enhanced class name 'org.springframework.boot.autoconfigure.security.BootGlobalAuthenticationConfiguration$$EnhancerBySpringCGLIB$$19f97fa2'
10:13:59.001 [main] DEBUG o.s.c.a.ConfigurationClassEnhancer - Successfully enhanced org.springframework.boot.autoconfigure.security.SecurityAutoConfiguration; enhanced class name is: org.springframework.boot.autoconfigure.security.SecurityAutoConfiguration$$EnhancerBySpringCGLIB$$f033cbe0
10:13:59.001 [main] DEBUG o.s.c.a.ConfigurationClassPostProcessor - Replacing bean definition 'org.springframework.boot.autoconfigure.security.SecurityAutoConfiguration' existing class name 'org.springframework.boot.autoconfigure.security.SecurityAutoConfiguration' with enhanced class name 'org.springframework.boot.autoconfigure.security.SecurityAutoConfiguration$$EnhancerBySpringCGLIB$$f033cbe0'
10:13:59.001 [main] DEBUG o.s.c.a.ConfigurationClassEnhancer - Successfully enhanced org.springframework.boot.autoconfigure.web.HttpEncodingAutoConfiguration; enhanced class name is: org.springframework.boot.autoconfigure.web.HttpEncodingAutoConfiguration$$EnhancerBySpringCGLIB$$190c2101
10:13:59.001 [main] DEBUG o.s.c.a.ConfigurationClassPostProcessor - Replacing bean definition 'org.springframework.boot.autoconfigure.web.HttpEncodingAutoConfiguration' existing class name 'org.springframework.boot.autoconfigure.web.HttpEncodingAutoConfiguration' with enhanced class name 'org.springframework.boot.autoconfigure.web.HttpEncodingAutoConfiguration$$EnhancerBySpringCGLIB$$190c2101'
10:13:59.001 [main] DEBUG o.s.c.a.ConfigurationClassEnhancer - Successfully enhanced org.springframework.boot.autoconfigure.web.MultipartAutoConfiguration; enhanced class name is: org.springframework.boot.autoconfigure.web.MultipartAutoConfiguration$$EnhancerBySpringCGLIB$$8bbbf63c
10:13:59.001 [main] DEBUG o.s.c.a.ConfigurationClassPostProcessor - Replacing bean definition 'org.springframework.boot.autoconfigure.web.MultipartAutoConfiguration' existing class name 'org.springframework.boot.autoconfigure.web.MultipartAutoConfiguration' with enhanced class name 'org.springframework.boot.autoconfigure.web.MultipartAutoConfiguration$$EnhancerBySpringCGLIB$$8bbbf63c'
10:13:59.003 [main] DEBUG o.s.b.f.s.DefaultListableBeanFactory - Creating shared instance of singleton bean 'propertySourcesPlaceholderConfigurer'
10:13:59.003 [main] DEBUG o.s.b.f.s.DefaultListableBeanFactory - Creating instance of bean 'propertySourcesPlaceholderConfigurer'
10:13:59.003 [main] DEBUG o.s.b.f.s.DefaultListableBeanFactory - Eagerly caching bean 'propertySourcesPlaceholderConfigurer' to allow for resolving potential circular references
10:13:59.003 [main] DEBUG o.s.b.f.s.DefaultListableBeanFactory - Finished creating instance of bean 'propertySourcesPlaceholderConfigurer'
10:13:59.004 [main] DEBUG o.s.core.env.MutablePropertySources - Adding [environmentProperties] PropertySource with lowest search precedence
10:13:59.004 [main] DEBUG o.s.core.env.MutablePropertySources - Adding [localProperties] PropertySource with lowest search precedence
10:13:59.004 [main] DEBUG o.s.b.f.s.DefaultListableBeanFactory - Creating shared instance of singleton bean 'webSocketScopeConfigurer'
10:13:59.005 [main] DEBUG o.s.b.f.s.DefaultListableBeanFactory - Creating instance of bean 'webSocketScopeConfigurer'
10:13:59.005 [main] DEBUG o.s.b.f.s.DefaultListableBeanFactory - Eagerly caching bean 'webSocketScopeConfigurer' to allow for resolving potential circular references
10:13:59.005 [main] DEBUG o.s.b.f.s.DefaultListableBeanFactory - Finished creating instance of bean 'webSocketScopeConfigurer'
10:13:59.005 [main] DEBUG o.s.b.f.s.DefaultListableBeanFactory - Registering scope 'websocket' with implementation [org.springframework.messaging.simp.SimpSessionScope@7d37ee0c]
10:13:59.005 [main] DEBUG o.s.b.f.s.DefaultListableBeanFactory - Creating shared instance of singleton bean 'org.springframework.boot.context.properties.ConfigurationPropertiesBindingPostProcessor.store'
10:13:59.005 [main] DEBUG o.s.b.f.s.DefaultListableBeanFactory - Creating instance of bean 'org.springframework.boot.context.properties.ConfigurationPropertiesBindingPostProcessor.store'
10:13:59.005 [main] DEBUG o.s.b.f.s.DefaultListableBeanFactory - Eagerly caching bean 'org.springframework.boot.context.properties.ConfigurationPropertiesBindingPostProcessor.store' to allow for resolving potential circular references
10:13:59.005 [main] DEBUG o.s.b.f.s.DefaultListableBeanFactory - Finished creating instance of bean 'org.springframework.boot.context.properties.ConfigurationPropertiesBindingPostProcessor.store'
10:13:59.005 [main] DEBUG o.s.b.f.s.DefaultListableBeanFactory - Creating shared instance of singleton bean 'foo'
10:13:59.005 [main] DEBUG o.s.b.f.s.DefaultListableBeanFactory - Creating instance of bean 'foo'
10:13:59.005 [main] DEBUG o.s.b.f.s.DefaultListableBeanFactory - Eagerly caching bean 'foo' to allow for resolving potential circular references
10:13:59.005 [main] DEBUG o.s.b.f.s.DefaultListableBeanFactory - Finished creating instance of bean 'foo'
10:13:59.013 [main] DEBUG o.s.b.f.s.DefaultListableBeanFactory - Creating shared instance of singleton bean 'org.springframework.context.annotation.internalAutowiredAnnotationProcessor'
10:13:59.014 [main] DEBUG o.s.b.f.s.DefaultListableBeanFactory - Creating instance of bean 'org.springframework.context.annotation.internalAutowiredAnnotationProcessor'
10:13:59.014 [main] DEBUG o.s.b.f.s.DefaultListableBeanFactory - Eagerly caching bean 'org.springframework.context.annotation.internalAutowiredAnnotationProcessor' to allow for resolving potential circular references
10:13:59.014 [main] DEBUG o.s.b.f.s.DefaultListableBeanFactory - Finished creating instance of bean 'org.springframework.context.annotation.internalAutowiredAnnotationProcessor'
10:13:59.014 [main] DEBUG o.s.b.f.s.DefaultListableBeanFactory - Creating shared instance of singleton bean 'org.springframework.context.annotation.internalRequiredAnnotationProcessor'
10:13:59.014 [main] DEBUG o.s.b.f.s.DefaultListableBeanFactory - Creating instance of bean 'org.springframework.context.annotation.internalRequiredAnnotationProcessor'
10:13:59.014 [main] DEBUG o.s.b.f.s.DefaultListableBeanFactory - Eagerly caching bean 'org.springframework.context.annotation.internalRequiredAnnotationProcessor' to allow for resolving potential circular references
10:13:59.014 [main] DEBUG o.s.b.f.s.DefaultListableBeanFactory - Finished creating instance of bean 'org.springframework.context.annotation.internalRequiredAnnotationProcessor'
10:13:59.014 [main] DEBUG o.s.b.f.s.DefaultListableBeanFactory - Creating shared instance of singleton bean 'org.springframework.context.annotation.internalCommonAnnotationProcessor'
10:13:59.014 [main] DEBUG o.s.b.f.s.DefaultListableBeanFactory - Creating instance of bean 'org.springframework.context.annotation.internalCommonAnnotationProcessor'
10:13:59.014 [main] DEBUG o.s.b.f.s.DefaultListableBeanFactory - Eagerly caching bean 'org.springframework.context.annotation.internalCommonAnnotationProcessor' to allow for resolving potential circular references
10:13:59.014 [main] DEBUG o.s.b.f.s.DefaultListableBeanFactory - Finished creating instance of bean 'org.springframework.context.annotation.internalCommonAnnotationProcessor'
10:13:59.014 [main] DEBUG o.s.b.f.s.DefaultListableBeanFactory - Creating shared instance of singleton bean 'org.springframework.context.annotation.internalPersistenceAnnotationProcessor'
10:13:59.014 [main] DEBUG o.s.b.f.s.DefaultListableBeanFactory - Creating instance of bean 'org.springframework.context.annotation.internalPersistenceAnnotationProcessor'
10:13:59.014 [main] DEBUG o.s.b.f.s.DefaultListableBeanFactory - Eagerly caching bean 'org.springframework.context.annotation.internalPersistenceAnnotationProcessor' to allow for resolving potential circular references
10:13:59.014 [main] DEBUG o.s.b.f.s.DefaultListableBeanFactory - Finished creating instance of bean 'org.springframework.context.annotation.internalPersistenceAnnotationProcessor'
10:13:59.014 [main] DEBUG o.s.b.f.s.DefaultListableBeanFactory - Creating shared instance of singleton bean 'org.springframework.context.annotation.ConfigurationClassPostProcessor.importAwareProcessor'
10:13:59.014 [main] DEBUG o.s.b.f.s.DefaultListableBeanFactory - Creating instance of bean 'org.springframework.context.annotation.ConfigurationClassPostProcessor.importAwareProcessor'
10:13:59.015 [main] DEBUG o.s.b.f.s.DefaultListableBeanFactory - Eagerly caching bean 'org.springframework.context.annotation.ConfigurationClassPostProcessor.importAwareProcessor' to allow for resolving potential circular references
10:13:59.015 [main] DEBUG o.s.b.f.s.DefaultListableBeanFactory - Finished creating instance of bean 'org.springframework.context.annotation.ConfigurationClassPostProcessor.importAwareProcessor'
10:13:59.015 [main] DEBUG o.s.b.f.s.DefaultListableBeanFactory - Creating shared instance of singleton bean 'org.springframework.context.annotation.ConfigurationClassPostProcessor.enhancedConfigurationProcessor'
10:13:59.015 [main] DEBUG o.s.b.f.s.DefaultListableBeanFactory - Creating instance of bean 'org.springframework.context.annotation.ConfigurationClassPostProcessor.enhancedConfigurationProcessor'
10:13:59.015 [main] DEBUG o.s.b.f.s.DefaultListableBeanFactory - Eagerly caching bean 'org.springframework.context.annotation.ConfigurationClassPostProcessor.enhancedConfigurationProcessor' to allow for resolving potential circular references
10:13:59.015 [main] DEBUG o.s.b.f.s.DefaultListableBeanFactory - Finished creating instance of bean 'org.springframework.context.annotation.ConfigurationClassPostProcessor.enhancedConfigurationProcessor'
10:13:59.015 [main] DEBUG o.s.b.f.s.DefaultListableBeanFactory - Creating shared instance of singleton bean 'org.springframework.boot.context.properties.ConfigurationPropertiesBindingPostProcessor'
10:13:59.015 [main] DEBUG o.s.b.f.s.DefaultListableBeanFactory - Creating instance of bean 'org.springframework.boot.context.properties.ConfigurationPropertiesBindingPostProcessor'
10:13:59.015 [main] DEBUG o.s.core.env.StandardEnvironment - Adding [systemProperties] PropertySource with lowest search precedence
10:13:59.015 [main] DEBUG o.s.core.env.StandardEnvironment - Adding [systemEnvironment] PropertySource with lowest search precedence
10:13:59.015 [main] DEBUG o.s.core.env.StandardEnvironment - Initialized StandardEnvironment with PropertySources [systemProperties,systemEnvironment]
10:13:59.015 [main] DEBUG o.s.b.f.s.DefaultListableBeanFactory - Eagerly caching bean 'org.springframework.boot.context.properties.ConfigurationPropertiesBindingPostProcessor' to allow for resolving potential circular references
10:13:59.015 [main] DEBUG o.s.b.f.s.DefaultListableBeanFactory - Returning cached instance of singleton bean 'org.springframework.boot.context.properties.ConfigurationPropertiesBindingPostProcessor.store'
10:13:59.015 [main] DEBUG o.s.b.f.s.DefaultListableBeanFactory - Invoking afterPropertiesSet() on bean with name 'org.springframework.boot.context.properties.ConfigurationPropertiesBindingPostProcessor'
10:13:59.019 [main] DEBUG o.s.b.f.s.DefaultListableBeanFactory - Returning cached instance of singleton bean 'propertySourcesPlaceholderConfigurer'
10:13:59.019 [main] DEBUG o.h.v.i.e.r.DefaultTraversableResolver - Found javax.persistence.Persistence on classpath containing 'getPersistenceUtil'. Assuming JPA 2 environment. Trying to instantiate JPA aware TraversableResolver
10:13:59.019 [main] DEBUG o.h.v.i.e.r.DefaultTraversableResolver - Instantiated JPA aware TraversableResolver of type org.hibernate.validator.internal.engine.resolver.JPATraversableResolver.
10:13:59.019 [main] DEBUG o.h.v.i.engine.ConfigurationImpl - Setting custom MessageInterpolator of type org.springframework.validation.beanvalidation.LocaleContextMessageInterpolator
10:13:59.019 [main] DEBUG o.h.v.i.engine.ConfigurationImpl - Setting custom ConstraintValidatorFactory of type org.springframework.validation.beanvalidation.SpringConstraintValidatorFactory
10:13:59.019 [main] DEBUG o.h.v.i.engine.ConfigurationImpl - Setting custom ParameterNameProvider of type com.sun.proxy.$Proxy37
10:13:59.020 [main] DEBUG o.h.v.i.xml.ValidationXmlParser - Trying to load META-INF/validation.xml for XML based Validator configuration.
10:13:59.020 [main] DEBUG o.h.v.i.xml.ValidationXmlParser - No META-INF/validation.xml found. Using annotation based configuration only.
10:13:59.021 [main] DEBUG o.s.b.f.s.DefaultListableBeanFactory - Finished creating instance of bean 'org.springframework.boot.context.properties.ConfigurationPropertiesBindingPostProcessor'
10:13:59.021 [main] DEBUG o.s.b.f.s.DefaultListableBeanFactory - Creating shared instance of singleton bean 'org.springframework.data.repository.core.support.RepositoryInterfaceAwareBeanPostProcessor'
10:13:59.021 [main] DEBUG o.s.b.f.s.DefaultListableBeanFactory - Creating instance of bean 'org.springframework.data.repository.core.support.RepositoryInterfaceAwareBeanPostProcessor'
10:13:59.021 [main] DEBUG o.s.b.f.s.DefaultListableBeanFactory - Eagerly caching bean 'org.springframework.data.repository.core.support.RepositoryInterfaceAwareBeanPostProcessor' to allow for resolving potential circular references
10:13:59.021 [main] DEBUG o.s.b.f.s.DefaultListableBeanFactory - Finished creating instance of bean 'org.springframework.data.repository.core.support.RepositoryInterfaceAwareBeanPostProcessor'
10:13:59.021 [main] DEBUG o.s.b.f.s.DefaultListableBeanFactory - Creating shared instance of singleton bean 'org.springframework.context.annotation.internalScheduledAnnotationProcessor'
10:13:59.021 [main] DEBUG o.s.b.f.s.DefaultListableBeanFactory - Creating instance of bean 'org.springframework.context.annotation.internalScheduledAnnotationProcessor'
10:13:59.021 [main] DEBUG o.s.b.f.s.DefaultListableBeanFactory - Creating shared instance of singleton bean 'org.springframework.scheduling.annotation.SchedulingConfiguration'
10:13:59.021 [main] DEBUG o.s.b.f.s.DefaultListableBeanFactory - Creating instance of bean 'org.springframework.scheduling.annotation.SchedulingConfiguration'
10:13:59.022 [main] DEBUG o.s.b.f.s.DefaultListableBeanFactory - Eagerly caching bean 'org.springframework.scheduling.annotation.SchedulingConfiguration' to allow for resolving potential circular references
10:13:59.022 [main] INFO  o.s.c.s.PostProcessorRegistrationDelegate$BeanPostProcessorChecker - Bean 'org.springframework.scheduling.annotation.SchedulingConfiguration' of type [class org.springframework.scheduling.annotation.SchedulingConfiguration$$EnhancerBySpringCGLIB$$f1a0b6d1] is not eligible for getting processed by all BeanPostProcessors (for example: not eligible for auto-proxying)
10:13:59.022 [main] DEBUG o.s.b.f.s.DefaultListableBeanFactory - Finished creating instance of bean 'org.springframework.scheduling.annotation.SchedulingConfiguration'
10:13:59.022 [main] DEBUG o.s.b.f.s.DefaultListableBeanFactory - Eagerly caching bean 'org.springframework.context.annotation.internalScheduledAnnotationProcessor' to allow for resolving potential circular references
10:13:59.022 [main] DEBUG o.s.b.f.s.DefaultListableBeanFactory - Finished creating instance of bean 'org.springframework.context.annotation.internalScheduledAnnotationProcessor'
10:13:59.022 [main] DEBUG o.s.b.f.s.DefaultListableBeanFactory - Creating shared instance of singleton bean 'org.springframework.aop.config.internalAutoProxyCreator'
10:13:59.022 [main] DEBUG o.s.b.f.s.DefaultListableBeanFactory - Creating instance of bean 'org.springframework.aop.config.internalAutoProxyCreator'
10:13:59.023 [main] DEBUG o.s.b.f.s.DefaultListableBeanFactory - Eagerly caching bean 'org.springframework.aop.config.internalAutoProxyCreator' to allow for resolving potential circular references
10:13:59.023 [main] DEBUG o.s.b.f.s.DefaultListableBeanFactory - Finished creating instance of bean 'org.springframework.aop.config.internalAutoProxyCreator'
10:13:59.023 [main] DEBUG o.s.b.f.s.DefaultListableBeanFactory - Creating shared instance of singleton bean 'dataSourceInitializerPostProcessor'
10:13:59.023 [main] DEBUG o.s.b.f.s.DefaultListableBeanFactory - Creating instance of bean 'dataSourceInitializerPostProcessor'
10:13:59.023 [main] DEBUG o.s.b.f.annotation.InjectionMetadata - Registered injected element on class [org.springframework.boot.autoconfigure.jdbc.DataSourceInitializerPostProcessor]: AutowiredFieldElement for private org.springframework.beans.factory.BeanFactory org.springframework.boot.autoconfigure.jdbc.DataSourceInitializerPostProcessor.beanFactory
10:13:59.023 [main] DEBUG o.s.b.f.s.DefaultListableBeanFactory - Eagerly caching bean 'dataSourceInitializerPostProcessor' to allow for resolving potential circular references
10:13:59.023 [main] DEBUG o.s.b.f.annotation.InjectionMetadata - Processing injected element of bean 'dataSourceInitializerPostProcessor': AutowiredFieldElement for private org.springframework.beans.factory.BeanFactory org.springframework.boot.autoconfigure.jdbc.DataSourceInitializerPostProcessor.beanFactory
10:13:59.026 [main] DEBUG o.s.b.f.a.AutowiredAnnotationBeanPostProcessor - Autowiring by type from bean name 'dataSourceInitializerPostProcessor' to bean named 'org.springframework.beans.factory.support.DefaultListableBeanFactory@5d878b25'
10:13:59.026 [main] DEBUG o.s.b.f.s.DefaultListableBeanFactory - Finished creating instance of bean 'dataSourceInitializerPostProcessor'
10:13:59.026 [main] DEBUG o.s.b.f.s.DefaultListableBeanFactory - Creating shared instance of singleton bean 'persistenceExceptionTranslationPostProcessor'
10:13:59.026 [main] DEBUG o.s.b.f.s.DefaultListableBeanFactory - Creating instance of bean 'persistenceExceptionTranslationPostProcessor'
10:13:59.026 [main] DEBUG o.s.b.f.s.DefaultListableBeanFactory - Eagerly caching bean 'persistenceExceptionTranslationPostProcessor' to allow for resolving potential circular references
10:13:59.026 [main] DEBUG o.s.b.f.s.DefaultListableBeanFactory - Finished creating instance of bean 'persistenceExceptionTranslationPostProcessor'
10:13:59.026 [main] DEBUG o.s.b.f.s.DefaultListableBeanFactory - Creating shared instance of singleton bean 'dataSourceInitializedPublisher'
10:13:59.026 [main] DEBUG o.s.b.f.s.DefaultListableBeanFactory - Creating instance of bean 'dataSourceInitializedPublisher'
10:13:59.026 [main] DEBUG o.s.b.f.annotation.InjectionMetadata - Registered injected element on class [org.springframework.boot.autoconfigure.orm.jpa.DataSourceInitializedPublisher]: AutowiredFieldElement for private org.springframework.context.ApplicationContext org.springframework.boot.autoconfigure.orm.jpa.DataSourceInitializedPublisher.applicationContext
10:13:59.026 [main] DEBUG o.s.b.f.s.DefaultListableBeanFactory - Eagerly caching bean 'dataSourceInitializedPublisher' to allow for resolving potential circular references
10:13:59.026 [main] DEBUG o.s.b.f.annotation.InjectionMetadata - Processing injected element of bean 'dataSourceInitializedPublisher': AutowiredFieldElement for private org.springframework.context.ApplicationContext org.springframework.boot.autoconfigure.orm.jpa.DataSourceInitializedPublisher.applicationContext
10:13:59.029 [main] DEBUG o.s.b.f.a.AutowiredAnnotationBeanPostProcessor - Autowiring by type from bean name 'dataSourceInitializedPublisher' to bean named 'org.springframework.context.support.GenericApplicationContext@4998e74b'
10:13:59.029 [main] DEBUG o.s.b.f.s.DefaultListableBeanFactory - Finished creating instance of bean 'dataSourceInitializedPublisher'
10:13:59.029 [main] DEBUG o.s.c.s.GenericApplicationContext - Unable to locate MessageSource with name 'messageSource': using default [org.springframework.context.support.DelegatingMessageSource@4602f874]
10:13:59.029 [main] DEBUG o.s.c.s.GenericApplicationContext - Unable to locate ApplicationEventMulticaster with name 'applicationEventMulticaster': using default [org.springframework.context.event.SimpleApplicationEventMulticaster@7739aac4]
10:13:59.037 [main] DEBUG o.s.b.f.s.DefaultListableBeanFactory - Creating shared instance of singleton bean 'entityManagerFactory'
10:13:59.037 [main] DEBUG o.s.b.f.s.DefaultListableBeanFactory - Creating instance of bean 'entityManagerFactory'
10:13:59.041 [main] DEBUG o.s.b.f.s.DefaultListableBeanFactory - Creating shared instance of singleton bean 'org.springframework.transaction.config.internalTransactionAdvisor'
10:13:59.041 [main] DEBUG o.s.b.f.s.DefaultListableBeanFactory - Creating instance of bean 'org.springframework.transaction.config.internalTransactionAdvisor'
10:13:59.041 [main] DEBUG o.s.b.f.s.DefaultListableBeanFactory - Creating shared instance of singleton bean 'org.springframework.transaction.annotation.ProxyTransactionManagementConfiguration'
10:13:59.041 [main] DEBUG o.s.b.f.s.DefaultListableBeanFactory - Creating instance of bean 'org.springframework.transaction.annotation.ProxyTransactionManagementConfiguration'
10:13:59.041 [main] DEBUG o.s.a.f.a.BeanFactoryAdvisorRetrievalHelper - Skipping currently created advisor 'org.springframework.transaction.config.internalTransactionAdvisor'
10:13:59.046 [main] DEBUG o.s.a.a.a.ReflectiveAspectJAdvisorFactory - Found AspectJ method: public edu.tamu.framework.model.ApiResponse edu.tamu.framework.aspect.CoreControllerAspect.polpulateCredentialsAndAuthorize(org.aspectj.lang.ProceedingJoinPoint,edu.tamu.framework.aspect.annotation.Auth) throws java.lang.Throwable
10:13:59.046 [main] DEBUG o.s.a.a.a.ReflectiveAspectJAdvisorFactory - Found AspectJ method: public edu.tamu.framework.model.ApiResponse edu.tamu.framework.aspect.CoreControllerAspect.populateCredentials(org.aspectj.lang.ProceedingJoinPoint) throws java.lang.Throwable
10:13:59.055 [main] DEBUG o.s.b.f.annotation.InjectionMetadata - Registered injected element on class [org.springframework.transaction.annotation.ProxyTransactionManagementConfiguration$$EnhancerBySpringCGLIB$$814b33b6]: AutowiredMethodElement for void org.springframework.transaction.annotation.AbstractTransactionManagementConfiguration.setConfigurers(java.util.Collection)
10:13:59.055 [main] DEBUG o.s.b.f.s.DefaultListableBeanFactory - Eagerly caching bean 'org.springframework.transaction.annotation.ProxyTransactionManagementConfiguration' to allow for resolving potential circular references
10:13:59.055 [main] DEBUG o.s.b.f.annotation.InjectionMetadata - Processing injected element of bean 'org.springframework.transaction.annotation.ProxyTransactionManagementConfiguration': AutowiredMethodElement for void org.springframework.transaction.annotation.AbstractTransactionManagementConfiguration.setConfigurers(java.util.Collection)
10:13:59.059 [main] DEBUG o.s.b.f.s.DefaultListableBeanFactory - Returning cached instance of singleton bean 'org.springframework.context.annotation.ConfigurationClassPostProcessor.importRegistry'
10:13:59.059 [main] DEBUG o.s.a.f.a.BeanFactoryAdvisorRetrievalHelper - Skipping currently created advisor 'org.springframework.transaction.config.internalTransactionAdvisor'
10:13:59.059 [main] DEBUG o.s.a.f.a.BeanFactoryAdvisorRetrievalHelper - Skipping currently created advisor 'org.springframework.transaction.config.internalTransactionAdvisor'
10:13:59.062 [main] DEBUG o.s.s.a.ScheduledAnnotationBeanPostProcessor - No @Scheduled annotations found on bean class: class org.springframework.transaction.annotation.ProxyTransactionManagementConfiguration$$EnhancerBySpringCGLIB$$814b33b6
10:13:59.062 [main] DEBUG o.s.b.f.s.DefaultListableBeanFactory - Finished creating instance of bean 'org.springframework.transaction.annotation.ProxyTransactionManagementConfiguration'
10:13:59.062 [main] DEBUG o.s.b.f.s.DefaultListableBeanFactory - Creating shared instance of singleton bean 'transactionAttributeSource'
10:13:59.062 [main] DEBUG o.s.b.f.s.DefaultListableBeanFactory - Creating instance of bean 'transactionAttributeSource'
10:13:59.062 [main] DEBUG o.s.a.f.a.BeanFactoryAdvisorRetrievalHelper - Skipping currently created advisor 'org.springframework.transaction.config.internalTransactionAdvisor'
10:13:59.062 [main] DEBUG o.s.b.f.s.DefaultListableBeanFactory - Returning cached instance of singleton bean 'org.springframework.transaction.annotation.ProxyTransactionManagementConfiguration'
10:13:59.062 [main] DEBUG o.s.b.f.s.DefaultListableBeanFactory - Eagerly caching bean 'transactionAttributeSource' to allow for resolving potential circular references
10:13:59.063 [main] DEBUG o.s.a.f.a.BeanFactoryAdvisorRetrievalHelper - Skipping currently created advisor 'org.springframework.transaction.config.internalTransactionAdvisor'
10:13:59.063 [main] DEBUG o.s.a.f.a.BeanFactoryAdvisorRetrievalHelper - Skipping currently created advisor 'org.springframework.transaction.config.internalTransactionAdvisor'
10:13:59.064 [main] DEBUG o.s.s.a.ScheduledAnnotationBeanPostProcessor - No @Scheduled annotations found on bean class: class org.springframework.transaction.annotation.AnnotationTransactionAttributeSource
10:13:59.064 [main] DEBUG o.s.b.f.s.DefaultListableBeanFactory - Finished creating instance of bean 'transactionAttributeSource'
10:13:59.064 [main] DEBUG o.s.b.f.s.DefaultListableBeanFactory - Creating shared instance of singleton bean 'transactionInterceptor'
10:13:59.064 [main] DEBUG o.s.b.f.s.DefaultListableBeanFactory - Creating instance of bean 'transactionInterceptor'
10:13:59.064 [main] DEBUG o.s.b.f.s.DefaultListableBeanFactory - Returning cached instance of singleton bean 'org.springframework.transaction.annotation.ProxyTransactionManagementConfiguration'
10:13:59.064 [main] DEBUG o.s.b.f.s.DefaultListableBeanFactory - Returning cached instance of singleton bean 'transactionAttributeSource'
10:13:59.065 [main] DEBUG o.s.b.f.s.DefaultListableBeanFactory - Eagerly caching bean 'transactionInterceptor' to allow for resolving potential circular references
10:13:59.065 [main] DEBUG o.s.b.f.s.DefaultListableBeanFactory - Invoking afterPropertiesSet() on bean with name 'transactionInterceptor'
10:13:59.065 [main] DEBUG o.s.s.a.ScheduledAnnotationBeanPostProcessor - No @Scheduled annotations found on bean class: class org.springframework.transaction.interceptor.TransactionInterceptor
10:13:59.065 [main] DEBUG o.s.b.f.s.DefaultListableBeanFactory - Finished creating instance of bean 'transactionInterceptor'
10:13:59.065 [main] DEBUG o.s.b.f.s.DefaultListableBeanFactory - Eagerly caching bean 'org.springframework.transaction.config.internalTransactionAdvisor' to allow for resolving potential circular references
10:13:59.065 [main] DEBUG o.s.s.a.ScheduledAnnotationBeanPostProcessor - No @Scheduled annotations found on bean class: class org.springframework.transaction.interceptor.BeanFactoryTransactionAttributeSourceAdvisor
10:13:59.065 [main] DEBUG o.s.b.f.s.DefaultListableBeanFactory - Finished creating instance of bean 'org.springframework.transaction.config.internalTransactionAdvisor'
10:13:59.066 [main] DEBUG o.s.b.f.s.DefaultListableBeanFactory - Creating shared instance of singleton bean 'org.springframework.boot.autoconfigure.orm.jpa.HibernateJpaAutoConfiguration'
10:13:59.066 [main] DEBUG o.s.b.f.s.DefaultListableBeanFactory - Creating instance of bean 'org.springframework.boot.autoconfigure.orm.jpa.HibernateJpaAutoConfiguration'
10:13:59.066 [main] DEBUG o.s.b.f.s.DefaultListableBeanFactory - Returning cached instance of singleton bean 'org.springframework.transaction.config.internalTransactionAdvisor'
10:13:59.067 [main] DEBUG o.s.b.f.annotation.InjectionMetadata - Registered injected element on class [org.springframework.boot.autoconfigure.orm.jpa.HibernateJpaAutoConfiguration$$EnhancerBySpringCGLIB$$6c5793d6]: AutowiredFieldElement for private javax.sql.DataSource org.springframework.boot.autoconfigure.orm.jpa.JpaBaseConfiguration.dataSource
10:13:59.067 [main] DEBUG o.s.b.f.annotation.InjectionMetadata - Registered injected element on class [org.springframework.boot.autoconfigure.orm.jpa.HibernateJpaAutoConfiguration$$EnhancerBySpringCGLIB$$6c5793d6]: AutowiredFieldElement for private org.springframework.orm.jpa.persistenceunit.PersistenceUnitManager org.springframework.boot.autoconfigure.orm.jpa.JpaBaseConfiguration.persistenceUnitManager
10:13:59.067 [main] DEBUG o.s.b.f.annotation.InjectionMetadata - Registered injected element on class [org.springframework.boot.autoconfigure.orm.jpa.HibernateJpaAutoConfiguration$$EnhancerBySpringCGLIB$$6c5793d6]: AutowiredFieldElement for private org.springframework.boot.autoconfigure.orm.jpa.JpaProperties org.springframework.boot.autoconfigure.orm.jpa.JpaBaseConfiguration.jpaProperties
10:13:59.067 [main] DEBUG o.s.b.f.annotation.InjectionMetadata - Registered injected element on class [org.springframework.boot.autoconfigure.orm.jpa.HibernateJpaAutoConfiguration$$EnhancerBySpringCGLIB$$6c5793d6]: AutowiredFieldElement for private org.springframework.transaction.jta.JtaTransactionManager org.springframework.boot.autoconfigure.orm.jpa.JpaBaseConfiguration.jtaTransactionManager
10:13:59.067 [main] DEBUG o.s.b.f.annotation.InjectionMetadata - Registered injected element on class [org.springframework.boot.autoconfigure.orm.jpa.HibernateJpaAutoConfiguration$$EnhancerBySpringCGLIB$$6c5793d6]: AutowiredFieldElement for private org.springframework.boot.autoconfigure.orm.jpa.JpaProperties org.springframework.boot.autoconfigure.orm.jpa.HibernateJpaAutoConfiguration.properties
10:13:59.067 [main] DEBUG o.s.b.f.annotation.InjectionMetadata - Registered injected element on class [org.springframework.boot.autoconfigure.orm.jpa.HibernateJpaAutoConfiguration$$EnhancerBySpringCGLIB$$6c5793d6]: AutowiredFieldElement for private javax.sql.DataSource org.springframework.boot.autoconfigure.orm.jpa.HibernateJpaAutoConfiguration.dataSource
10:13:59.067 [main] DEBUG o.s.b.f.s.DefaultListableBeanFactory - Eagerly caching bean 'org.springframework.boot.autoconfigure.orm.jpa.HibernateJpaAutoConfiguration' to allow for resolving potential circular references
10:13:59.067 [main] DEBUG o.s.b.f.annotation.InjectionMetadata - Processing injected element of bean 'org.springframework.boot.autoconfigure.orm.jpa.HibernateJpaAutoConfiguration': AutowiredFieldElement for private javax.sql.DataSource org.springframework.boot.autoconfigure.orm.jpa.JpaBaseConfiguration.dataSource
10:13:59.072 [main] DEBUG o.s.b.f.s.DefaultListableBeanFactory - Creating shared instance of singleton bean 'dataSource'
10:13:59.072 [main] DEBUG o.s.b.f.s.DefaultListableBeanFactory - Creating instance of bean 'dataSource'
10:13:59.072 [main] DEBUG o.s.b.f.s.DefaultListableBeanFactory - Returning cached instance of singleton bean 'org.springframework.transaction.config.internalTransactionAdvisor'
10:13:59.072 [main] DEBUG o.s.b.f.s.DefaultListableBeanFactory - Creating shared instance of singleton bean 'testDataSourceConfiguration'
10:13:59.072 [main] DEBUG o.s.b.f.s.DefaultListableBeanFactory - Creating instance of bean 'testDataSourceConfiguration'
10:13:59.072 [main] DEBUG o.s.b.f.s.DefaultListableBeanFactory - Returning cached instance of singleton bean 'org.springframework.transaction.config.internalTransactionAdvisor'
10:13:59.073 [main] DEBUG o.s.b.f.annotation.InjectionMetadata - Registered injected element on class [edu.tamu.app.config.TestDataSourceConfiguration$$EnhancerBySpringCGLIB$$720fb83c]: AutowiredFieldElement for private org.springframework.core.env.Environment edu.tamu.app.config.TestDataSourceConfiguration.environment
10:13:59.073 [main] DEBUG o.s.b.f.s.DefaultListableBeanFactory - Eagerly caching bean 'testDataSourceConfiguration' to allow for resolving potential circular references
10:13:59.073 [main] DEBUG o.s.b.f.annotation.InjectionMetadata - Processing injected element of bean 'testDataSourceConfiguration': AutowiredFieldElement for private org.springframework.core.env.Environment edu.tamu.app.config.TestDataSourceConfiguration.environment
10:13:59.078 [main] DEBUG o.s.b.f.s.DefaultListableBeanFactory - Returning cached instance of singleton bean 'environment'
10:13:59.078 [main] DEBUG o.s.b.f.a.AutowiredAnnotationBeanPostProcessor - Autowiring by type from bean name 'testDataSourceConfiguration' to bean named 'environment'
10:13:59.078 [main] DEBUG o.s.b.f.s.DefaultListableBeanFactory - Returning cached instance of singleton bean 'org.springframework.transaction.config.internalTransactionAdvisor'
10:13:59.078 [main] DEBUG o.s.b.f.s.DefaultListableBeanFactory - Returning cached instance of singleton bean 'org.springframework.transaction.config.internalTransactionAdvisor'
10:13:59.083 [main] DEBUG o.s.s.a.ScheduledAnnotationBeanPostProcessor - No @Scheduled annotations found on bean class: class edu.tamu.app.config.TestDataSourceConfiguration$$EnhancerBySpringCGLIB$$720fb83c
10:13:59.083 [main] DEBUG o.s.b.f.s.DefaultListableBeanFactory - Finished creating instance of bean 'testDataSourceConfiguration'
10:13:59.084 [main] INFO  o.s.j.d.e.EmbeddedDatabaseFactory - Creating embedded database 'testdb'
10:13:59.084 [main] DEBUG o.s.jdbc.datasource.DataSourceUtils - Fetching JDBC Connection from DataSource
10:13:59.084 [main] DEBUG o.s.j.d.SimpleDriverDataSource - Creating new JDBC Driver Connection to [jdbc:h2:mem:testdb;DB_CLOSE_DELAY=-1;DB_CLOSE_ON_EXIT=false]
10:13:59.085 [main] DEBUG o.s.jdbc.datasource.DataSourceUtils - Returning JDBC Connection to DataSource
10:13:59.085 [main] DEBUG o.s.b.f.s.DefaultListableBeanFactory - Eagerly caching bean 'dataSource' to allow for resolving potential circular references
10:13:59.085 [main] DEBUG o.s.b.f.s.DefaultListableBeanFactory - Returning cached instance of singleton bean 'org.springframework.transaction.config.internalTransactionAdvisor'
10:13:59.085 [main] DEBUG o.s.b.f.s.DefaultListableBeanFactory - Returning cached instance of singleton bean 'org.springframework.transaction.config.internalTransactionAdvisor'
10:13:59.091 [main] DEBUG o.s.b.f.s.DefaultListableBeanFactory - Creating shared instance of singleton bean 'dataSourceInitializer'
10:13:59.091 [main] DEBUG o.s.b.f.s.DefaultListableBeanFactory - Creating instance of bean 'dataSourceInitializer'
10:13:59.091 [main] DEBUG o.s.b.f.s.DefaultListableBeanFactory - Returning cached instance of singleton bean 'org.springframework.transaction.config.internalTransactionAdvisor'
10:13:59.091 [main] DEBUG o.s.b.f.s.DefaultListableBeanFactory - Creating shared instance of singleton bean 'org.springframework.boot.autoconfigure.jdbc.DataSourceAutoConfiguration$DataSourceInitializerConfiguration'
10:13:59.091 [main] DEBUG o.s.b.f.s.DefaultListableBeanFactory - Creating instance of bean 'org.springframework.boot.autoconfigure.jdbc.DataSourceAutoConfiguration$DataSourceInitializerConfiguration'
10:13:59.091 [main] DEBUG o.s.b.f.s.DefaultListableBeanFactory - Returning cached instance of singleton bean 'org.springframework.transaction.config.internalTransactionAdvisor'
10:13:59.091 [main] DEBUG o.s.b.f.s.DefaultListableBeanFactory - Eagerly caching bean 'org.springframework.boot.autoconfigure.jdbc.DataSourceAutoConfiguration$DataSourceInitializerConfiguration' to allow for resolving potential circular references
10:13:59.091 [main] DEBUG o.s.b.f.s.DefaultListableBeanFactory - Returning cached instance of singleton bean 'org.springframework.transaction.config.internalTransactionAdvisor'
10:13:59.091 [main] DEBUG o.s.b.f.s.DefaultListableBeanFactory - Returning cached instance of singleton bean 'org.springframework.transaction.config.internalTransactionAdvisor'
10:13:59.092 [main] DEBUG o.s.s.a.ScheduledAnnotationBeanPostProcessor - No @Scheduled annotations found on bean class: class org.springframework.boot.autoconfigure.jdbc.DataSourceAutoConfiguration$DataSourceInitializerConfiguration$$EnhancerBySpringCGLIB$$dc0f44fd
10:13:59.092 [main] DEBUG o.s.b.f.s.DefaultListableBeanFactory - Finished creating instance of bean 'org.springframework.boot.autoconfigure.jdbc.DataSourceAutoConfiguration$DataSourceInitializerConfiguration'
10:13:59.092 [main] DEBUG o.s.c.a.CommonAnnotationBeanPostProcessor - Found init method on class [org.springframework.boot.autoconfigure.jdbc.DataSourceInitializer]: public void org.springframework.boot.autoconfigure.jdbc.DataSourceInitializer.init()
10:13:59.092 [main] DEBUG o.s.c.a.CommonAnnotationBeanPostProcessor - Registered init method on class [org.springframework.boot.autoconfigure.jdbc.DataSourceInitializer]: org.springframework.beans.factory.annotation.InitDestroyAnnotationBeanPostProcessor$LifecycleElement@316510
10:13:59.093 [main] DEBUG o.s.b.f.annotation.InjectionMetadata - Registered injected element on class [org.springframework.boot.autoconfigure.jdbc.DataSourceInitializer]: AutowiredFieldElement for private org.springframework.context.ConfigurableApplicationContext org.springframework.boot.autoconfigure.jdbc.DataSourceInitializer.applicationContext
10:13:59.093 [main] DEBUG o.s.b.f.annotation.InjectionMetadata - Registered injected element on class [org.springframework.boot.autoconfigure.jdbc.DataSourceInitializer]: AutowiredFieldElement for private org.springframework.boot.autoconfigure.jdbc.DataSourceProperties org.springframework.boot.autoconfigure.jdbc.DataSourceInitializer.properties
10:13:59.093 [main] DEBUG o.s.b.f.s.DefaultListableBeanFactory - Eagerly caching bean 'dataSourceInitializer' to allow for resolving potential circular references
10:13:59.093 [main] DEBUG o.s.b.f.annotation.InjectionMetadata - Processing injected element of bean 'dataSourceInitializer': AutowiredFieldElement for private org.springframework.context.ConfigurableApplicationContext org.springframework.boot.autoconfigure.jdbc.DataSourceInitializer.applicationContext
10:13:59.096 [main] DEBUG o.s.b.f.a.AutowiredAnnotationBeanPostProcessor - Autowiring by type from bean name 'dataSourceInitializer' to bean named 'org.springframework.context.support.GenericApplicationContext@4998e74b'
10:13:59.096 [main] DEBUG o.s.b.f.annotation.InjectionMetadata - Processing injected element of bean 'dataSourceInitializer': AutowiredFieldElement for private org.springframework.boot.autoconfigure.jdbc.DataSourceProperties org.springframework.boot.autoconfigure.jdbc.DataSourceInitializer.properties
10:13:59.111 [main] DEBUG o.s.b.f.s.DefaultListableBeanFactory - Creating shared instance of singleton bean 'spring.datasource.CONFIGURATION_PROPERTIES'
10:13:59.112 [main] DEBUG o.s.b.f.s.DefaultListableBeanFactory - Creating instance of bean 'spring.datasource.CONFIGURATION_PROPERTIES'
10:13:59.112 [main] DEBUG o.s.b.f.s.DefaultListableBeanFactory - Returning cached instance of singleton bean 'org.springframework.transaction.config.internalTransactionAdvisor'
10:13:59.112 [main] DEBUG o.s.b.f.s.DefaultListableBeanFactory - Eagerly caching bean 'spring.datasource.CONFIGURATION_PROPERTIES' to allow for resolving potential circular references
10:13:59.117 [main] DEBUG o.s.core.env.MutablePropertySources - Adding [systemProperties] PropertySource with lowest search precedence
10:13:59.117 [main] DEBUG o.s.core.env.MutablePropertySources - Adding [systemEnvironment] PropertySource with lowest search precedence
10:13:59.117 [main] DEBUG o.s.core.env.MutablePropertySources - Adding [class path resource [config/application.properties]] PropertySource with lowest search precedence
10:13:59.117 [main] DEBUG o.s.core.env.MutablePropertySources - Adding [localProperties] PropertySource with lowest search precedence
10:13:59.118 [main] DEBUG o.s.core.env.MutablePropertySources - Adding [systemProperties] PropertySource with lowest search precedence
10:13:59.118 [main] DEBUG o.s.core.env.MutablePropertySources - Adding [systemEnvironment] PropertySource with lowest search precedence
10:13:59.118 [main] DEBUG o.s.core.env.MutablePropertySources - Adding [class path resource [config/application.properties]] PropertySource with lowest search precedence
10:13:59.118 [main] DEBUG o.s.core.env.MutablePropertySources - Adding [localProperties] PropertySource with lowest search precedence
10:13:59.118 [main] DEBUG o.s.c.e.PropertySourcesPropertyResolver - Searching for key 'app.security.jwt.secret_key' in [systemProperties]
10:13:59.118 [main] DEBUG o.s.c.e.PropertySourcesPropertyResolver - Searching for key 'app.security.jwt.secret_key' in [systemEnvironment]
10:13:59.118 [main] DEBUG o.s.c.e.PropertySourcesPropertyResolver - Searching for key 'app.security.jwt.secret_key' in [class path resource [config/application.properties]]
10:13:59.118 [main] DEBUG o.s.c.e.PropertySourcesPropertyResolver - Found key 'app.security.jwt.secret_key' in [class path resource [config/application.properties]] with type [String] and value 'verysecretsecret'
10:13:59.118 [main] DEBUG o.s.core.env.MutablePropertySources - Adding [systemProperties] PropertySource with lowest search precedence
10:13:59.118 [main] DEBUG o.s.core.env.MutablePropertySources - Adding [systemEnvironment] PropertySource with lowest search precedence
10:13:59.118 [main] DEBUG o.s.core.env.MutablePropertySources - Adding [class path resource [config/application.properties]] PropertySource with lowest search precedence
10:13:59.118 [main] DEBUG o.s.core.env.MutablePropertySources - Adding [localProperties] PropertySource with lowest search precedence
10:13:59.118 [main] DEBUG o.s.c.e.PropertySourcesPropertyResolver - Searching for key 'app.whitelist' in [systemProperties]
10:13:59.118 [main] DEBUG o.s.c.e.PropertySourcesPropertyResolver - Searching for key 'app.whitelist' in [systemEnvironment]
10:13:59.118 [main] DEBUG o.s.c.e.PropertySourcesPropertyResolver - Searching for key 'app.whitelist' in [class path resource [config/application.properties]]
10:13:59.118 [main] DEBUG o.s.c.e.PropertySourcesPropertyResolver - Found key 'app.whitelist' in [class path resource [config/application.properties]] with type [String] and value '127.0.0.1'
10:13:59.118 [main] DEBUG o.s.core.env.MutablePropertySources - Adding [systemProperties] PropertySource with lowest search precedence
10:13:59.118 [main] DEBUG o.s.core.env.MutablePropertySources - Adding [systemEnvironment] PropertySource with lowest search precedence
10:13:59.118 [main] DEBUG o.s.core.env.MutablePropertySources - Adding [class path resource [config/application.properties]] PropertySource with lowest search precedence
10:13:59.118 [main] DEBUG o.s.core.env.MutablePropertySources - Adding [localProperties] PropertySource with lowest search precedence
10:13:59.118 [main] DEBUG o.s.c.e.PropertySourcesPropertyResolver - Searching for key 'app.email.address' in [systemProperties]
10:13:59.118 [main] DEBUG o.s.c.e.PropertySourcesPropertyResolver - Searching for key 'app.email.address' in [systemEnvironment]
10:13:59.118 [main] DEBUG o.s.c.e.PropertySourcesPropertyResolver - Searching for key 'app.email.address' in [class path resource [config/application.properties]]
10:13:59.118 [main] DEBUG o.s.c.e.PropertySourcesPropertyResolver - Found key 'app.email.address' in [class path resource [config/application.properties]] with type [String] and value 'dhahn@library.tamu.edu'
10:13:59.118 [main] DEBUG o.s.core.env.MutablePropertySources - Adding [systemProperties] PropertySource with lowest search precedence
10:13:59.118 [main] DEBUG o.s.core.env.MutablePropertySources - Adding [systemEnvironment] PropertySource with lowest search precedence
10:13:59.118 [main] DEBUG o.s.core.env.MutablePropertySources - Adding [class path resource [config/application.properties]] PropertySource with lowest search precedence
10:13:59.118 [main] DEBUG o.s.core.env.MutablePropertySources - Adding [localProperties] PropertySource with lowest search precedence
10:13:59.118 [main] DEBUG o.s.c.e.PropertySourcesPropertyResolver - Searching for key 'app.service.voyager.app' in [systemProperties]
10:13:59.118 [main] DEBUG o.s.c.e.PropertySourcesPropertyResolver - Searching for key 'app.service.voyager.app' in [systemEnvironment]
10:13:59.118 [main] DEBUG o.s.c.e.PropertySourcesPropertyResolver - Searching for key 'app.service.voyager.app' in [class path resource [config/application.properties]]
10:13:59.118 [main] DEBUG o.s.c.e.PropertySourcesPropertyResolver - Found key 'app.service.voyager.app' in [class path resource [config/application.properties]] with type [String] and value 'vxws'
10:13:59.118 [main] DEBUG o.s.core.env.MutablePropertySources - Adding [systemProperties] PropertySource with lowest search precedence
10:13:59.118 [main] DEBUG o.s.core.env.MutablePropertySources - Adding [systemEnvironment] PropertySource with lowest search precedence
10:13:59.118 [main] DEBUG o.s.core.env.MutablePropertySources - Adding [class path resource [config/application.properties]] PropertySource with lowest search precedence
10:13:59.118 [main] DEBUG o.s.core.env.MutablePropertySources - Adding [localProperties] PropertySource with lowest search precedence
10:13:59.118 [main] DEBUG o.s.c.e.PropertySourcesPropertyResolver - Searching for key 'spring.datasource.test-on-borrow' in [systemProperties]
10:13:59.118 [main] DEBUG o.s.c.e.PropertySourcesPropertyResolver - Searching for key 'spring.datasource.test-on-borrow' in [systemEnvironment]
10:13:59.118 [main] DEBUG o.s.c.e.PropertySourcesPropertyResolver - Searching for key 'spring.datasource.test-on-borrow' in [class path resource [config/application.properties]]
10:13:59.118 [main] DEBUG o.s.c.e.PropertySourcesPropertyResolver - Found key 'spring.datasource.test-on-borrow' in [class path resource [config/application.properties]] with type [String] and value 'true'
10:13:59.118 [main] DEBUG o.s.core.env.MutablePropertySources - Adding [systemProperties] PropertySource with lowest search precedence
10:13:59.119 [main] DEBUG o.s.core.env.MutablePropertySources - Adding [systemEnvironment] PropertySource with lowest search precedence
10:13:59.119 [main] DEBUG o.s.core.env.MutablePropertySources - Adding [class path resource [config/application.properties]] PropertySource with lowest search precedence
10:13:59.119 [main] DEBUG o.s.core.env.MutablePropertySources - Adding [localProperties] PropertySource with lowest search precedence
10:13:59.119 [main] DEBUG o.s.c.e.PropertySourcesPropertyResolver - Searching for key 'shib.email' in [systemProperties]
10:13:59.119 [main] DEBUG o.s.c.e.PropertySourcesPropertyResolver - Searching for key 'shib.email' in [systemEnvironment]
10:13:59.119 [main] DEBUG o.s.c.e.PropertySourcesPropertyResolver - Searching for key 'shib.email' in [class path resource [config/application.properties]]
10:13:59.119 [main] DEBUG o.s.c.e.PropertySourcesPropertyResolver - Found key 'shib.email' in [class path resource [config/application.properties]] with type [String] and value 'tdl-mail'
10:13:59.119 [main] DEBUG o.s.core.env.MutablePropertySources - Adding [systemProperties] PropertySource with lowest search precedence
10:13:59.119 [main] DEBUG o.s.core.env.MutablePropertySources - Adding [systemEnvironment] PropertySource with lowest search precedence
10:13:59.119 [main] DEBUG o.s.core.env.MutablePropertySources - Adding [class path resource [config/application.properties]] PropertySource with lowest search precedence
10:13:59.119 [main] DEBUG o.s.core.env.MutablePropertySources - Adding [localProperties] PropertySource with lowest search precedence
10:13:59.119 [main] DEBUG o.s.c.e.PropertySourcesPropertyResolver - Searching for key 'spring.datasource.url' in [systemProperties]
10:13:59.119 [main] DEBUG o.s.c.e.PropertySourcesPropertyResolver - Searching for key 'spring.datasource.url' in [systemEnvironment]
10:13:59.119 [main] DEBUG o.s.c.e.PropertySourcesPropertyResolver - Searching for key 'spring.datasource.url' in [class path resource [config/application.properties]]
10:13:59.119 [main] DEBUG o.s.c.e.PropertySourcesPropertyResolver - Found key 'spring.datasource.url' in [class path resource [config/application.properties]] with type [String] and value 'jdbc:postgresql://localhost:5432/spring_seed'
10:13:59.119 [main] DEBUG o.s.core.env.MutablePropertySources - Adding [systemProperties] PropertySource with lowest search precedence
10:13:59.119 [main] DEBUG o.s.core.env.MutablePropertySources - Adding [systemEnvironment] PropertySource with lowest search precedence
10:13:59.119 [main] DEBUG o.s.core.env.MutablePropertySources - Adding [class path resource [config/application.properties]] PropertySource with lowest search precedence
10:13:59.119 [main] DEBUG o.s.core.env.MutablePropertySources - Adding [localProperties] PropertySource with lowest search precedence
10:13:59.119 [main] DEBUG o.s.c.e.PropertySourcesPropertyResolver - Searching for key 'shib.netid' in [systemProperties]
10:13:59.119 [main] DEBUG o.s.c.e.PropertySourcesPropertyResolver - Searching for key 'shib.netid' in [systemEnvironment]
10:13:59.119 [main] DEBUG o.s.c.e.PropertySourcesPropertyResolver - Searching for key 'shib.netid' in [class path resource [config/application.properties]]
10:13:59.119 [main] DEBUG o.s.c.e.PropertySourcesPropertyResolver - Found key 'shib.netid' in [class path resource [config/application.properties]] with type [String] and value 'edupersonprincipalnameunscoped'
10:13:59.119 [main] DEBUG o.s.core.env.MutablePropertySources - Adding [systemProperties] PropertySource with lowest search precedence
10:13:59.119 [main] DEBUG o.s.core.env.MutablePropertySources - Adding [systemEnvironment] PropertySource with lowest search precedence
10:13:59.119 [main] DEBUG o.s.core.env.MutablePropertySources - Adding [class path resource [config/application.properties]] PropertySource with lowest search precedence
10:13:59.119 [main] DEBUG o.s.core.env.MutablePropertySources - Adding [localProperties] PropertySource with lowest search precedence
10:13:59.119 [main] DEBUG o.s.c.e.PropertySourcesPropertyResolver - Searching for key 'shib.keys' in [systemProperties]
10:13:59.119 [main] DEBUG o.s.c.e.PropertySourcesPropertyResolver - Searching for key 'shib.keys' in [systemEnvironment]
10:13:59.119 [main] DEBUG o.s.c.e.PropertySourcesPropertyResolver - Searching for key 'shib.keys' in [class path resource [config/application.properties]]
10:13:59.119 [main] DEBUG o.s.c.e.PropertySourcesPropertyResolver - Found key 'shib.keys' in [class path resource [config/application.properties]] with type [String] and value 'netid,uin,lastName,firstName,email'
10:13:59.119 [main] DEBUG o.s.core.env.MutablePropertySources - Adding [systemProperties] PropertySource with lowest search precedence
10:13:59.119 [main] DEBUG o.s.core.env.MutablePropertySources - Adding [systemEnvironment] PropertySource with lowest search precedence
10:13:59.119 [main] DEBUG o.s.core.env.MutablePropertySources - Adding [class path resource [config/application.properties]] PropertySource with lowest search precedence
10:13:59.119 [main] DEBUG o.s.core.env.MutablePropertySources - Adding [localProperties] PropertySource with lowest search precedence
10:13:59.119 [main] DEBUG o.s.c.e.PropertySourcesPropertyResolver - Searching for key 'spring.datasource.password' in [systemProperties]
10:13:59.119 [main] DEBUG o.s.c.e.PropertySourcesPropertyResolver - Searching for key 'spring.datasource.password' in [systemEnvironment]
10:13:59.119 [main] DEBUG o.s.c.e.PropertySourcesPropertyResolver - Searching for key 'spring.datasource.password' in [class path resource [config/application.properties]]
10:13:59.119 [main] DEBUG o.s.c.e.PropertySourcesPropertyResolver - Found key 'spring.datasource.password' in [class path resource [config/application.properties]] with type [String] and value 'spring'
10:13:59.119 [main] DEBUG o.s.core.env.MutablePropertySources - Adding [systemProperties] PropertySource with lowest search precedence
10:13:59.119 [main] DEBUG o.s.core.env.MutablePropertySources - Adding [systemEnvironment] PropertySource with lowest search precedence
10:13:59.119 [main] DEBUG o.s.core.env.MutablePropertySources - Adding [class path resource [config/application.properties]] PropertySource with lowest search precedence
10:13:59.119 [main] DEBUG o.s.core.env.MutablePropertySources - Adding [localProperties] PropertySource with lowest search precedence
10:13:59.119 [main] DEBUG o.s.c.e.PropertySourcesPropertyResolver - Searching for key 'spring.jpa.database-platform' in [systemProperties]
10:13:59.119 [main] DEBUG o.s.c.e.PropertySourcesPropertyResolver - Searching for key 'spring.jpa.database-platform' in [systemEnvironment]
10:13:59.119 [main] DEBUG o.s.c.e.PropertySourcesPropertyResolver - Searching for key 'spring.jpa.database-platform' in [class path resource [config/application.properties]]
10:13:59.119 [main] DEBUG o.s.c.e.PropertySourcesPropertyResolver - Found key 'spring.jpa.database-platform' in [class path resource [config/application.properties]] with type [String] and value 'org.hibernate.dialect.PostgreSQLDialect'
10:13:59.119 [main] DEBUG o.s.core.env.MutablePropertySources - Adding [systemProperties] PropertySource with lowest search precedence
10:13:59.119 [main] DEBUG o.s.core.env.MutablePropertySources - Adding [systemEnvironment] PropertySource with lowest search precedence
10:13:59.119 [main] DEBUG o.s.core.env.MutablePropertySources - Adding [class path resource [config/application.properties]] PropertySource with lowest search precedence
10:13:59.119 [main] DEBUG o.s.core.env.MutablePropertySources - Adding [localProperties] PropertySource with lowest search precedence
10:13:59.119 [main] DEBUG o.s.c.e.PropertySourcesPropertyResolver - Searching for key 'spring.jpa.show_sql' in [systemProperties]
10:13:59.119 [main] DEBUG o.s.c.e.PropertySourcesPropertyResolver - Searching for key 'spring.jpa.show_sql' in [systemEnvironment]
10:13:59.119 [main] DEBUG o.s.c.e.PropertySourcesPropertyResolver - Searching for key 'spring.jpa.show_sql' in [class path resource [config/application.properties]]
10:13:59.119 [main] DEBUG o.s.c.e.PropertySourcesPropertyResolver - Found key 'spring.jpa.show_sql' in [class path resource [config/application.properties]] with type [String] and value 'false'
10:13:59.119 [main] DEBUG o.s.core.env.MutablePropertySources - Adding [systemProperties] PropertySource with lowest search precedence
10:13:59.120 [main] DEBUG o.s.core.env.MutablePropertySources - Adding [systemEnvironment] PropertySource with lowest search precedence
10:13:59.120 [main] DEBUG o.s.core.env.MutablePropertySources - Adding [class path resource [config/application.properties]] PropertySource with lowest search precedence
10:13:59.120 [main] DEBUG o.s.core.env.MutablePropertySources - Adding [localProperties] PropertySource with lowest search precedence
10:13:59.120 [main] DEBUG o.s.c.e.PropertySourcesPropertyResolver - Searching for key 'app.service.voyager.ports' in [systemProperties]
10:13:59.120 [main] DEBUG o.s.c.e.PropertySourcesPropertyResolver - Searching for key 'app.service.voyager.ports' in [systemEnvironment]
10:13:59.120 [main] DEBUG o.s.c.e.PropertySourcesPropertyResolver - Searching for key 'app.service.voyager.ports' in [class path resource [config/application.properties]]
10:13:59.120 [main] DEBUG o.s.c.e.PropertySourcesPropertyResolver - Found key 'app.service.voyager.ports' in [class path resource [config/application.properties]] with type [String] and value '7014,7414'
10:13:59.120 [main] DEBUG o.s.core.env.MutablePropertySources - Adding [systemProperties] PropertySource with lowest search precedence
10:13:59.120 [main] DEBUG o.s.core.env.MutablePropertySources - Adding [systemEnvironment] PropertySource with lowest search precedence
10:13:59.120 [main] DEBUG o.s.core.env.MutablePropertySources - Adding [class path resource [config/application.properties]] PropertySource with lowest search precedence
10:13:59.120 [main] DEBUG o.s.core.env.MutablePropertySources - Adding [localProperties] PropertySource with lowest search precedence
10:13:59.120 [main] DEBUG o.s.c.e.PropertySourcesPropertyResolver - Searching for key 'spring.datasource.validation-query' in [systemProperties]
10:13:59.120 [main] DEBUG o.s.c.e.PropertySourcesPropertyResolver - Searching for key 'spring.datasource.validation-query' in [systemEnvironment]
10:13:59.120 [main] DEBUG o.s.c.e.PropertySourcesPropertyResolver - Searching for key 'spring.datasource.validation-query' in [class path resource [config/application.properties]]
10:13:59.120 [main] DEBUG o.s.c.e.PropertySourcesPropertyResolver - Found key 'spring.datasource.validation-query' in [class path resource [config/application.properties]] with type [String] and value 'select version();'
10:13:59.120 [main] DEBUG o.s.core.env.MutablePropertySources - Adding [systemProperties] PropertySource with lowest search precedence
10:13:59.120 [main] DEBUG o.s.core.env.MutablePropertySources - Adding [systemEnvironment] PropertySource with lowest search precedence
10:13:59.120 [main] DEBUG o.s.core.env.MutablePropertySources - Adding [class path resource [config/application.properties]] PropertySource with lowest search precedence
10:13:59.120 [main] DEBUG o.s.core.env.MutablePropertySources - Adding [localProperties] PropertySource with lowest search precedence
10:13:59.120 [main] DEBUG o.s.c.e.PropertySourcesPropertyResolver - Searching for key 'shib.firstName' in [systemProperties]
10:13:59.120 [main] DEBUG o.s.c.e.PropertySourcesPropertyResolver - Searching for key 'shib.firstName' in [systemEnvironment]
10:13:59.120 [main] DEBUG o.s.c.e.PropertySourcesPropertyResolver - Searching for key 'shib.firstName' in [class path resource [config/application.properties]]
10:13:59.120 [main] DEBUG o.s.c.e.PropertySourcesPropertyResolver - Found key 'shib.firstName' in [class path resource [config/application.properties]] with type [String] and value 'tdl-givenname'
10:13:59.120 [main] DEBUG o.s.core.env.MutablePropertySources - Adding [systemProperties] PropertySource with lowest search precedence
10:13:59.120 [main] DEBUG o.s.core.env.MutablePropertySources - Adding [systemEnvironment] PropertySource with lowest search precedence
10:13:59.120 [main] DEBUG o.s.core.env.MutablePropertySources - Adding [class path resource [config/application.properties]] PropertySource with lowest search precedence
10:13:59.120 [main] DEBUG o.s.core.env.MutablePropertySources - Adding [localProperties] PropertySource with lowest search precedence
10:13:59.120 [main] DEBUG o.s.c.e.PropertySourcesPropertyResolver - Searching for key 'shib.uin' in [systemProperties]
10:13:59.120 [main] DEBUG o.s.c.e.PropertySourcesPropertyResolver - Searching for key 'shib.uin' in [systemEnvironment]
10:13:59.120 [main] DEBUG o.s.c.e.PropertySourcesPropertyResolver - Searching for key 'shib.uin' in [class path resource [config/application.properties]]
10:13:59.120 [main] DEBUG o.s.c.e.PropertySourcesPropertyResolver - Found key 'shib.uin' in [class path resource [config/application.properties]] with type [String] and value 'tamuuin'
10:13:59.120 [main] DEBUG o.s.core.env.MutablePropertySources - Adding [systemProperties] PropertySource with lowest search precedence
10:13:59.120 [main] DEBUG o.s.core.env.MutablePropertySources - Adding [systemEnvironment] PropertySource with lowest search precedence
10:13:59.120 [main] DEBUG o.s.core.env.MutablePropertySources - Adding [class path resource [config/application.properties]] PropertySource with lowest search precedence
10:13:59.120 [main] DEBUG o.s.core.env.MutablePropertySources - Adding [localProperties] PropertySource with lowest search precedence
10:13:59.120 [main] DEBUG o.s.c.e.PropertySourcesPropertyResolver - Searching for key 'spring.datasource.defaultAutoCommit' in [systemProperties]
10:13:59.120 [main] DEBUG o.s.c.e.PropertySourcesPropertyResolver - Searching for key 'spring.datasource.defaultAutoCommit' in [systemEnvironment]
10:13:59.120 [main] DEBUG o.s.c.e.PropertySourcesPropertyResolver - Searching for key 'spring.datasource.defaultAutoCommit' in [class path resource [config/application.properties]]
10:13:59.120 [main] DEBUG o.s.c.e.PropertySourcesPropertyResolver - Found key 'spring.datasource.defaultAutoCommit' in [class path resource [config/application.properties]] with type [String] and value 'false'
10:13:59.120 [main] DEBUG o.s.core.env.MutablePropertySources - Adding [systemProperties] PropertySource with lowest search precedence
10:13:59.120 [main] DEBUG o.s.core.env.MutablePropertySources - Adding [systemEnvironment] PropertySource with lowest search precedence
10:13:59.120 [main] DEBUG o.s.core.env.MutablePropertySources - Adding [class path resource [config/application.properties]] PropertySource with lowest search precedence
10:13:59.120 [main] DEBUG o.s.core.env.MutablePropertySources - Adding [localProperties] PropertySource with lowest search precedence
10:13:59.120 [main] DEBUG o.s.c.e.PropertySourcesPropertyResolver - Searching for key 'spring.datasource.username' in [systemProperties]
10:13:59.120 [main] DEBUG o.s.c.e.PropertySourcesPropertyResolver - Searching for key 'spring.datasource.username' in [systemEnvironment]
10:13:59.120 [main] DEBUG o.s.c.e.PropertySourcesPropertyResolver - Searching for key 'spring.datasource.username' in [class path resource [config/application.properties]]
10:13:59.120 [main] DEBUG o.s.c.e.PropertySourcesPropertyResolver - Found key 'spring.datasource.username' in [class path resource [config/application.properties]] with type [String] and value 'spring'
10:13:59.120 [main] DEBUG o.s.core.env.MutablePropertySources - Adding [systemProperties] PropertySource with lowest search precedence
10:13:59.120 [main] DEBUG o.s.core.env.MutablePropertySources - Adding [systemEnvironment] PropertySource with lowest search precedence
10:13:59.120 [main] DEBUG o.s.core.env.MutablePropertySources - Adding [class path resource [config/application.properties]] PropertySource with lowest search precedence
10:13:59.120 [main] DEBUG o.s.core.env.MutablePropertySources - Adding [localProperties] PropertySource with lowest search precedence
10:13:59.120 [main] DEBUG o.s.c.e.PropertySourcesPropertyResolver - Searching for key 'app.service.voyager.host' in [systemProperties]
10:13:59.120 [main] DEBUG o.s.c.e.PropertySourcesPropertyResolver - Searching for key 'app.service.voyager.host' in [systemEnvironment]
10:13:59.120 [main] DEBUG o.s.c.e.PropertySourcesPropertyResolver - Searching for key 'app.service.voyager.host' in [class path resource [config/application.properties]]
10:13:59.120 [main] DEBUG o.s.c.e.PropertySourcesPropertyResolver - Found key 'app.service.voyager.host' in [class path resource [config/application.properties]] with type [String] and value 'surprise.tamu.edu'
10:13:59.120 [main] DEBUG o.s.core.env.MutablePropertySources - Adding [systemProperties] PropertySource with lowest search precedence
10:13:59.120 [main] DEBUG o.s.core.env.MutablePropertySources - Adding [systemEnvironment] PropertySource with lowest search precedence
10:13:59.120 [main] DEBUG o.s.core.env.MutablePropertySources - Adding [class path resource [config/application.properties]] PropertySource with lowest search precedence
10:13:59.120 [main] DEBUG o.s.core.env.MutablePropertySources - Adding [localProperties] PropertySource with lowest search precedence
10:13:59.121 [main] DEBUG o.s.c.e.PropertySourcesPropertyResolver - Searching for key 'logging.level.org.springframework' in [systemProperties]
10:13:59.121 [main] DEBUG o.s.c.e.PropertySourcesPropertyResolver - Searching for key 'logging.level.org.springframework' in [systemEnvironment]
10:13:59.121 [main] DEBUG o.s.c.e.PropertySourcesPropertyResolver - Searching for key 'logging.level.org.springframework' in [class path resource [config/application.properties]]
10:13:59.121 [main] DEBUG o.s.c.e.PropertySourcesPropertyResolver - Found key 'logging.level.org.springframework' in [class path resource [config/application.properties]] with type [String] and value 'INFO'
10:13:59.121 [main] DEBUG o.s.core.env.MutablePropertySources - Adding [systemProperties] PropertySource with lowest search precedence
10:13:59.121 [main] DEBUG o.s.core.env.MutablePropertySources - Adding [systemEnvironment] PropertySource with lowest search precedence
10:13:59.121 [main] DEBUG o.s.core.env.MutablePropertySources - Adding [class path resource [config/application.properties]] PropertySource with lowest search precedence
10:13:59.121 [main] DEBUG o.s.core.env.MutablePropertySources - Adding [localProperties] PropertySource with lowest search precedence
10:13:59.121 [main] DEBUG o.s.c.e.PropertySourcesPropertyResolver - Searching for key 'spring.datasource.driverClassName' in [systemProperties]
10:13:59.121 [main] DEBUG o.s.c.e.PropertySourcesPropertyResolver - Searching for key 'spring.datasource.driverClassName' in [systemEnvironment]
10:13:59.121 [main] DEBUG o.s.c.e.PropertySourcesPropertyResolver - Searching for key 'spring.datasource.driverClassName' in [class path resource [config/application.properties]]
10:13:59.121 [main] DEBUG o.s.c.e.PropertySourcesPropertyResolver - Found key 'spring.datasource.driverClassName' in [class path resource [config/application.properties]] with type [String] and value 'org.postgresql.Driver'
10:13:59.121 [main] DEBUG o.s.core.env.MutablePropertySources - Adding [systemProperties] PropertySource with lowest search precedence
10:13:59.121 [main] DEBUG o.s.core.env.MutablePropertySources - Adding [systemEnvironment] PropertySource with lowest search precedence
10:13:59.121 [main] DEBUG o.s.core.env.MutablePropertySources - Adding [class path resource [config/application.properties]] PropertySource with lowest search precedence
10:13:59.121 [main] DEBUG o.s.core.env.MutablePropertySources - Adding [localProperties] PropertySource with lowest search precedence
10:13:59.121 [main] DEBUG o.s.c.e.PropertySourcesPropertyResolver - Searching for key 'app.authority.admins' in [systemProperties]
10:13:59.121 [main] DEBUG o.s.c.e.PropertySourcesPropertyResolver - Searching for key 'app.authority.admins' in [systemEnvironment]
10:13:59.121 [main] DEBUG o.s.c.e.PropertySourcesPropertyResolver - Searching for key 'app.authority.admins' in [class path resource [config/application.properties]]
10:13:59.121 [main] DEBUG o.s.c.e.PropertySourcesPropertyResolver - Found key 'app.authority.admins' in [class path resource [config/application.properties]] with type [String] and value '402001311,613001223,102001721,222004429,709005486,523008230,724001395,123456789'
10:13:59.121 [main] DEBUG o.s.core.env.MutablePropertySources - Adding [systemProperties] PropertySource with lowest search precedence
10:13:59.121 [main] DEBUG o.s.core.env.MutablePropertySources - Adding [systemEnvironment] PropertySource with lowest search precedence
10:13:59.121 [main] DEBUG o.s.core.env.MutablePropertySources - Adding [class path resource [config/application.properties]] PropertySource with lowest search precedence
10:13:59.121 [main] DEBUG o.s.core.env.MutablePropertySources - Adding [localProperties] PropertySource with lowest search precedence
10:13:59.121 [main] DEBUG o.s.c.e.PropertySourcesPropertyResolver - Searching for key 'shib.lastName' in [systemProperties]
10:13:59.121 [main] DEBUG o.s.c.e.PropertySourcesPropertyResolver - Searching for key 'shib.lastName' in [systemEnvironment]
10:13:59.121 [main] DEBUG o.s.c.e.PropertySourcesPropertyResolver - Searching for key 'shib.lastName' in [class path resource [config/application.properties]]
10:13:59.121 [main] DEBUG o.s.c.e.PropertySourcesPropertyResolver - Found key 'shib.lastName' in [class path resource [config/application.properties]] with type [String] and value 'tdl-sn'
10:13:59.121 [main] DEBUG o.s.core.env.MutablePropertySources - Adding [systemProperties] PropertySource with lowest search precedence
10:13:59.121 [main] DEBUG o.s.core.env.MutablePropertySources - Adding [systemEnvironment] PropertySource with lowest search precedence
10:13:59.121 [main] DEBUG o.s.core.env.MutablePropertySources - Adding [class path resource [config/application.properties]] PropertySource with lowest search precedence
10:13:59.121 [main] DEBUG o.s.core.env.MutablePropertySources - Adding [localProperties] PropertySource with lowest search precedence
10:13:59.121 [main] DEBUG o.s.c.e.PropertySourcesPropertyResolver - Searching for key 'app.email.host' in [systemProperties]
10:13:59.121 [main] DEBUG o.s.c.e.PropertySourcesPropertyResolver - Searching for key 'app.email.host' in [systemEnvironment]
10:13:59.121 [main] DEBUG o.s.c.e.PropertySourcesPropertyResolver - Searching for key 'app.email.host' in [class path resource [config/application.properties]]
10:13:59.121 [main] DEBUG o.s.c.e.PropertySourcesPropertyResolver - Found key 'app.email.host' in [class path resource [config/application.properties]] with type [String] and value 'relay.tamu.edu'
10:13:59.121 [main] DEBUG o.s.core.env.MutablePropertySources - Adding [systemProperties] PropertySource with lowest search precedence
10:13:59.121 [main] DEBUG o.s.core.env.MutablePropertySources - Adding [systemEnvironment] PropertySource with lowest search precedence
10:13:59.121 [main] DEBUG o.s.core.env.MutablePropertySources - Adding [class path resource [config/application.properties]] PropertySource with lowest search precedence
10:13:59.121 [main] DEBUG o.s.core.env.MutablePropertySources - Adding [localProperties] PropertySource with lowest search precedence
10:13:59.121 [main] DEBUG o.s.c.e.PropertySourcesPropertyResolver - Searching for key 'server.port' in [systemProperties]
10:13:59.121 [main] DEBUG o.s.c.e.PropertySourcesPropertyResolver - Searching for key 'server.port' in [systemEnvironment]
10:13:59.121 [main] DEBUG o.s.c.e.PropertySourcesPropertyResolver - Searching for key 'server.port' in [class path resource [config/application.properties]]
10:13:59.121 [main] DEBUG o.s.c.e.PropertySourcesPropertyResolver - Found key 'server.port' in [class path resource [config/application.properties]] with type [String] and value '9000'
10:13:59.121 [main] DEBUG o.s.core.env.MutablePropertySources - Adding [systemProperties] PropertySource with lowest search precedence
10:13:59.121 [main] DEBUG o.s.core.env.MutablePropertySources - Adding [systemEnvironment] PropertySource with lowest search precedence
10:13:59.121 [main] DEBUG o.s.core.env.MutablePropertySources - Adding [class path resource [config/application.properties]] PropertySource with lowest search precedence
10:13:59.121 [main] DEBUG o.s.core.env.MutablePropertySources - Adding [localProperties] PropertySource with lowest search precedence
10:13:59.121 [main] DEBUG o.s.c.e.PropertySourcesPropertyResolver - Searching for key 'spring.jpa.hibernate.ddl-auto' in [systemProperties]
10:13:59.121 [main] DEBUG o.s.c.e.PropertySourcesPropertyResolver - Searching for key 'spring.jpa.hibernate.ddl-auto' in [systemEnvironment]
10:13:59.121 [main] DEBUG o.s.c.e.PropertySourcesPropertyResolver - Searching for key 'spring.jpa.hibernate.ddl-auto' in [class path resource [config/application.properties]]
10:13:59.121 [main] DEBUG o.s.c.e.PropertySourcesPropertyResolver - Found key 'spring.jpa.hibernate.ddl-auto' in [class path resource [config/application.properties]] with type [String] and value 'create'
10:13:59.121 [main] DEBUG o.s.core.env.MutablePropertySources - Adding [systemProperties] PropertySource with lowest search precedence
10:13:59.121 [main] DEBUG o.s.core.env.MutablePropertySources - Adding [systemEnvironment] PropertySource with lowest search precedence
10:13:59.121 [main] DEBUG o.s.core.env.MutablePropertySources - Adding [class path resource [config/application.properties]] PropertySource with lowest search precedence
10:13:59.121 [main] DEBUG o.s.core.env.MutablePropertySources - Adding [localProperties] PropertySource with lowest search precedence
10:13:59.121 [main] DEBUG o.s.c.e.PropertySourcesPropertyResolver - Searching for key 'app.security.allow-access' in [systemProperties]
10:13:59.121 [main] DEBUG o.s.c.e.PropertySourcesPropertyResolver - Searching for key 'app.security.allow-access' in [systemEnvironment]
10:13:59.122 [main] DEBUG o.s.c.e.PropertySourcesPropertyResolver - Searching for key 'app.security.allow-access' in [class path resource [config/application.properties]]
10:13:59.122 [main] DEBUG o.s.c.e.PropertySourcesPropertyResolver - Found key 'app.security.allow-access' in [class path resource [config/application.properties]] with type [String] and value 'http://localhost,http://machuff.tamu.edu,http://imacdev.tamu.edu,http://savell.evans.tamu.edu,http://jcreel.tamu.edu'
10:13:59.125 [main] DEBUG o.s.beans.BeanWrapperImpl - Could not read previous value of property 'url'
java.lang.reflect.InvocationTargetException: null
	at sun.reflect.NativeMethodAccessorImpl.invoke0(Native Method) ~[na:1.8.0_25]
	at sun.reflect.NativeMethodAccessorImpl.invoke(NativeMethodAccessorImpl.java:62) ~[na:1.8.0_25]
	at sun.reflect.DelegatingMethodAccessorImpl.invoke(DelegatingMethodAccessorImpl.java:43) ~[na:1.8.0_25]
	at java.lang.reflect.Method.invoke(Method.java:483) ~[na:1.8.0_25]
	at org.springframework.beans.BeanWrapperImpl.setPropertyValue(BeanWrapperImpl.java:1118) [spring-beans-4.1.8.RELEASE.jar:4.1.8.RELEASE]
	at org.springframework.beans.BeanWrapperImpl.setPropertyValue(BeanWrapperImpl.java:927) [spring-beans-4.1.8.RELEASE.jar:4.1.8.RELEASE]
	at org.springframework.beans.AbstractPropertyAccessor.setPropertyValues(AbstractPropertyAccessor.java:95) [spring-beans-4.1.8.RELEASE.jar:4.1.8.RELEASE]
	at org.springframework.validation.DataBinder.applyPropertyValues(DataBinder.java:750) [spring-context-4.1.8.RELEASE.jar:4.1.8.RELEASE]
	at org.springframework.validation.DataBinder.doBind(DataBinder.java:646) [spring-context-4.1.8.RELEASE.jar:4.1.8.RELEASE]
	at org.springframework.boot.bind.RelaxedDataBinder.doBind(RelaxedDataBinder.java:123) [spring-boot-1.2.7.RELEASE.jar:1.2.7.RELEASE]
	at org.springframework.validation.DataBinder.bind(DataBinder.java:631) [spring-context-4.1.8.RELEASE.jar:4.1.8.RELEASE]
	at org.springframework.boot.bind.PropertiesConfigurationFactory.doBindPropertiesToTarget(PropertiesConfigurationFactory.java:254) [spring-boot-1.2.7.RELEASE.jar:1.2.7.RELEASE]
	at org.springframework.boot.bind.PropertiesConfigurationFactory.bindPropertiesToTarget(PropertiesConfigurationFactory.java:227) [spring-boot-1.2.7.RELEASE.jar:1.2.7.RELEASE]
	at org.springframework.boot.context.properties.ConfigurationPropertiesBindingPostProcessor.postProcessBeforeInitialization(ConfigurationPropertiesBindingPostProcessor.java:297) [spring-boot-1.2.7.RELEASE.jar:1.2.7.RELEASE]
	at org.springframework.boot.context.properties.ConfigurationPropertiesBindingPostProcessor.postProcessBeforeInitialization(ConfigurationPropertiesBindingPostProcessor.java:251) [spring-boot-1.2.7.RELEASE.jar:1.2.7.RELEASE]
	at org.springframework.beans.factory.support.AbstractAutowireCapableBeanFactory.applyBeanPostProcessorsBeforeInitialization(AbstractAutowireCapableBeanFactory.java:408) [spring-beans-4.1.8.RELEASE.jar:4.1.8.RELEASE]
	at org.springframework.beans.factory.support.AbstractAutowireCapableBeanFactory.initializeBean(AbstractAutowireCapableBeanFactory.java:1564) [spring-beans-4.1.8.RELEASE.jar:4.1.8.RELEASE]
	at org.springframework.beans.factory.support.AbstractAutowireCapableBeanFactory.doCreateBean(AbstractAutowireCapableBeanFactory.java:539) [spring-beans-4.1.8.RELEASE.jar:4.1.8.RELEASE]
	at org.springframework.beans.factory.support.AbstractAutowireCapableBeanFactory.createBean(AbstractAutowireCapableBeanFactory.java:476) [spring-beans-4.1.8.RELEASE.jar:4.1.8.RELEASE]
	at org.springframework.beans.factory.support.AbstractBeanFactory$1.getObject(AbstractBeanFactory.java:303) [spring-beans-4.1.8.RELEASE.jar:4.1.8.RELEASE]
	at org.springframework.beans.factory.support.DefaultSingletonBeanRegistry.getSingleton(DefaultSingletonBeanRegistry.java:230) [spring-beans-4.1.8.RELEASE.jar:4.1.8.RELEASE]
	at org.springframework.beans.factory.support.AbstractBeanFactory.doGetBean(AbstractBeanFactory.java:299) [spring-beans-4.1.8.RELEASE.jar:4.1.8.RELEASE]
	at org.springframework.beans.factory.support.AbstractBeanFactory.getBean(AbstractBeanFactory.java:194) [spring-beans-4.1.8.RELEASE.jar:4.1.8.RELEASE]
	at org.springframework.beans.factory.support.DefaultListableBeanFactory.findAutowireCandidates(DefaultListableBeanFactory.java:1120) [spring-beans-4.1.8.RELEASE.jar:4.1.8.RELEASE]
	at org.springframework.beans.factory.support.DefaultListableBeanFactory.doResolveDependency(DefaultListableBeanFactory.java:1044) [spring-beans-4.1.8.RELEASE.jar:4.1.8.RELEASE]
	at org.springframework.beans.factory.support.DefaultListableBeanFactory.resolveDependency(DefaultListableBeanFactory.java:942) [spring-beans-4.1.8.RELEASE.jar:4.1.8.RELEASE]
	at org.springframework.beans.factory.annotation.AutowiredAnnotationBeanPostProcessor$AutowiredFieldElement.inject(AutowiredAnnotationBeanPostProcessor.java:533) [spring-beans-4.1.8.RELEASE.jar:4.1.8.RELEASE]
	at org.springframework.beans.factory.annotation.InjectionMetadata.inject(InjectionMetadata.java:88) [spring-beans-4.1.8.RELEASE.jar:4.1.8.RELEASE]
	at org.springframework.beans.factory.annotation.AutowiredAnnotationBeanPostProcessor.postProcessPropertyValues(AutowiredAnnotationBeanPostProcessor.java:331) [spring-beans-4.1.8.RELEASE.jar:4.1.8.RELEASE]
	at org.springframework.beans.factory.support.AbstractAutowireCapableBeanFactory.populateBean(AbstractAutowireCapableBeanFactory.java:1208) [spring-beans-4.1.8.RELEASE.jar:4.1.8.RELEASE]
	at org.springframework.beans.factory.support.AbstractAutowireCapableBeanFactory.doCreateBean(AbstractAutowireCapableBeanFactory.java:537) [spring-beans-4.1.8.RELEASE.jar:4.1.8.RELEASE]
	at org.springframework.beans.factory.support.AbstractAutowireCapableBeanFactory.createBean(AbstractAutowireCapableBeanFactory.java:476) [spring-beans-4.1.8.RELEASE.jar:4.1.8.RELEASE]
	at org.springframework.beans.factory.support.AbstractBeanFactory$1.getObject(AbstractBeanFactory.java:303) [spring-beans-4.1.8.RELEASE.jar:4.1.8.RELEASE]
	at org.springframework.beans.factory.support.DefaultSingletonBeanRegistry.getSingleton(DefaultSingletonBeanRegistry.java:230) [spring-beans-4.1.8.RELEASE.jar:4.1.8.RELEASE]
	at org.springframework.beans.factory.support.AbstractBeanFactory.doGetBean(AbstractBeanFactory.java:299) [spring-beans-4.1.8.RELEASE.jar:4.1.8.RELEASE]
	at org.springframework.beans.factory.support.AbstractBeanFactory.getBean(AbstractBeanFactory.java:217) [spring-beans-4.1.8.RELEASE.jar:4.1.8.RELEASE]
	at org.springframework.beans.factory.support.DefaultListableBeanFactory.getBean(DefaultListableBeanFactory.java:350) [spring-beans-4.1.8.RELEASE.jar:4.1.8.RELEASE]
	at org.springframework.beans.factory.support.DefaultListableBeanFactory.getBean(DefaultListableBeanFactory.java:331) [spring-beans-4.1.8.RELEASE.jar:4.1.8.RELEASE]
	at org.springframework.boot.autoconfigure.jdbc.DataSourceInitializerPostProcessor.postProcessAfterInitialization(DataSourceInitializerPostProcessor.java:62) [spring-boot-autoconfigure-1.2.7.RELEASE.jar:1.2.7.RELEASE]
	at org.springframework.beans.factory.support.AbstractAutowireCapableBeanFactory.applyBeanPostProcessorsAfterInitialization(AbstractAutowireCapableBeanFactory.java:422) [spring-beans-4.1.8.RELEASE.jar:4.1.8.RELEASE]
	at org.springframework.beans.factory.support.AbstractAutowireCapableBeanFactory.initializeBean(AbstractAutowireCapableBeanFactory.java:1577) [spring-beans-4.1.8.RELEASE.jar:4.1.8.RELEASE]
	at org.springframework.beans.factory.support.AbstractAutowireCapableBeanFactory.doCreateBean(AbstractAutowireCapableBeanFactory.java:539) [spring-beans-4.1.8.RELEASE.jar:4.1.8.RELEASE]
	at org.springframework.beans.factory.support.AbstractAutowireCapableBeanFactory.createBean(AbstractAutowireCapableBeanFactory.java:476) [spring-beans-4.1.8.RELEASE.jar:4.1.8.RELEASE]
	at org.springframework.beans.factory.support.AbstractBeanFactory$1.getObject(AbstractBeanFactory.java:303) [spring-beans-4.1.8.RELEASE.jar:4.1.8.RELEASE]
	at org.springframework.beans.factory.support.DefaultSingletonBeanRegistry.getSingleton(DefaultSingletonBeanRegistry.java:230) [spring-beans-4.1.8.RELEASE.jar:4.1.8.RELEASE]
	at org.springframework.beans.factory.support.AbstractBeanFactory.doGetBean(AbstractBeanFactory.java:299) [spring-beans-4.1.8.RELEASE.jar:4.1.8.RELEASE]
	at org.springframework.beans.factory.support.AbstractBeanFactory.getBean(AbstractBeanFactory.java:194) [spring-beans-4.1.8.RELEASE.jar:4.1.8.RELEASE]
	at org.springframework.beans.factory.support.DefaultListableBeanFactory.findAutowireCandidates(DefaultListableBeanFactory.java:1120) [spring-beans-4.1.8.RELEASE.jar:4.1.8.RELEASE]
	at org.springframework.beans.factory.support.DefaultListableBeanFactory.doResolveDependency(DefaultListableBeanFactory.java:1044) [spring-beans-4.1.8.RELEASE.jar:4.1.8.RELEASE]
	at org.springframework.beans.factory.support.DefaultListableBeanFactory.resolveDependency(DefaultListableBeanFactory.java:942) [spring-beans-4.1.8.RELEASE.jar:4.1.8.RELEASE]
	at org.springframework.beans.factory.annotation.AutowiredAnnotationBeanPostProcessor$AutowiredFieldElement.inject(AutowiredAnnotationBeanPostProcessor.java:533) [spring-beans-4.1.8.RELEASE.jar:4.1.8.RELEASE]
	at org.springframework.beans.factory.annotation.InjectionMetadata.inject(InjectionMetadata.java:88) [spring-beans-4.1.8.RELEASE.jar:4.1.8.RELEASE]
	at org.springframework.beans.factory.annotation.AutowiredAnnotationBeanPostProcessor.postProcessPropertyValues(AutowiredAnnotationBeanPostProcessor.java:331) [spring-beans-4.1.8.RELEASE.jar:4.1.8.RELEASE]
	at org.springframework.beans.factory.support.AbstractAutowireCapableBeanFactory.populateBean(AbstractAutowireCapableBeanFactory.java:1208) [spring-beans-4.1.8.RELEASE.jar:4.1.8.RELEASE]
	at org.springframework.beans.factory.support.AbstractAutowireCapableBeanFactory.doCreateBean(AbstractAutowireCapableBeanFactory.java:537) [spring-beans-4.1.8.RELEASE.jar:4.1.8.RELEASE]
	at org.springframework.beans.factory.support.AbstractAutowireCapableBeanFactory.createBean(AbstractAutowireCapableBeanFactory.java:476) [spring-beans-4.1.8.RELEASE.jar:4.1.8.RELEASE]
	at org.springframework.beans.factory.support.AbstractBeanFactory$1.getObject(AbstractBeanFactory.java:303) [spring-beans-4.1.8.RELEASE.jar:4.1.8.RELEASE]
	at org.springframework.beans.factory.support.DefaultSingletonBeanRegistry.getSingleton(DefaultSingletonBeanRegistry.java:230) [spring-beans-4.1.8.RELEASE.jar:4.1.8.RELEASE]
	at org.springframework.beans.factory.support.AbstractBeanFactory.doGetBean(AbstractBeanFactory.java:299) [spring-beans-4.1.8.RELEASE.jar:4.1.8.RELEASE]
	at org.springframework.beans.factory.support.AbstractBeanFactory.getBean(AbstractBeanFactory.java:194) [spring-beans-4.1.8.RELEASE.jar:4.1.8.RELEASE]
	at org.springframework.beans.factory.support.ConstructorResolver.instantiateUsingFactoryMethod(ConstructorResolver.java:368) [spring-beans-4.1.8.RELEASE.jar:4.1.8.RELEASE]
	at org.springframework.beans.factory.support.AbstractAutowireCapableBeanFactory.instantiateUsingFactoryMethod(AbstractAutowireCapableBeanFactory.java:1117) [spring-beans-4.1.8.RELEASE.jar:4.1.8.RELEASE]
	at org.springframework.beans.factory.support.AbstractAutowireCapableBeanFactory.createBeanInstance(AbstractAutowireCapableBeanFactory.java:1012) [spring-beans-4.1.8.RELEASE.jar:4.1.8.RELEASE]
	at org.springframework.beans.factory.support.AbstractAutowireCapableBeanFactory.doCreateBean(AbstractAutowireCapableBeanFactory.java:504) [spring-beans-4.1.8.RELEASE.jar:4.1.8.RELEASE]
	at org.springframework.beans.factory.support.AbstractAutowireCapableBeanFactory.createBean(AbstractAutowireCapableBeanFactory.java:476) [spring-beans-4.1.8.RELEASE.jar:4.1.8.RELEASE]
	at org.springframework.beans.factory.support.AbstractBeanFactory$1.getObject(AbstractBeanFactory.java:303) [spring-beans-4.1.8.RELEASE.jar:4.1.8.RELEASE]
	at org.springframework.beans.factory.support.DefaultSingletonBeanRegistry.getSingleton(DefaultSingletonBeanRegistry.java:230) [spring-beans-4.1.8.RELEASE.jar:4.1.8.RELEASE]
	at org.springframework.beans.factory.support.AbstractBeanFactory.doGetBean(AbstractBeanFactory.java:299) [spring-beans-4.1.8.RELEASE.jar:4.1.8.RELEASE]
	at org.springframework.beans.factory.support.AbstractBeanFactory.getBean(AbstractBeanFactory.java:194) [spring-beans-4.1.8.RELEASE.jar:4.1.8.RELEASE]
	at org.springframework.context.support.AbstractApplicationContext.getBean(AbstractApplicationContext.java:960) [spring-context-4.1.8.RELEASE.jar:4.1.8.RELEASE]
	at org.springframework.context.support.AbstractApplicationContext.finishBeanFactoryInitialization(AbstractApplicationContext.java:749) [spring-context-4.1.8.RELEASE.jar:4.1.8.RELEASE]
	at org.springframework.context.support.AbstractApplicationContext.refresh(AbstractApplicationContext.java:480) [spring-context-4.1.8.RELEASE.jar:4.1.8.RELEASE]
	at org.springframework.test.context.support.AbstractGenericContextLoader.loadContext(AbstractGenericContextLoader.java:125) [spring-test-4.1.8.RELEASE.jar:4.1.8.RELEASE]
	at org.springframework.test.context.support.AbstractGenericContextLoader.loadContext(AbstractGenericContextLoader.java:60) [spring-test-4.1.8.RELEASE.jar:4.1.8.RELEASE]
	at org.springframework.test.context.support.AbstractDelegatingSmartContextLoader.delegateLoading(AbstractDelegatingSmartContextLoader.java:109) [spring-test-4.1.8.RELEASE.jar:4.1.8.RELEASE]
	at org.springframework.test.context.support.AbstractDelegatingSmartContextLoader.loadContext(AbstractDelegatingSmartContextLoader.java:261) [spring-test-4.1.8.RELEASE.jar:4.1.8.RELEASE]
	at org.springframework.test.context.DefaultCacheAwareContextLoaderDelegate.loadContextInternal(DefaultCacheAwareContextLoaderDelegate.java:68) [spring-test-4.1.8.RELEASE.jar:4.1.8.RELEASE]
	at org.springframework.test.context.DefaultCacheAwareContextLoaderDelegate.loadContext(DefaultCacheAwareContextLoaderDelegate.java:86) [spring-test-4.1.8.RELEASE.jar:4.1.8.RELEASE]
	at org.springframework.test.context.DefaultTestContext.getApplicationContext(DefaultTestContext.java:72) [spring-test-4.1.8.RELEASE.jar:4.1.8.RELEASE]
	at org.springframework.test.context.support.DependencyInjectionTestExecutionListener.injectDependencies(DependencyInjectionTestExecutionListener.java:117) [spring-test-4.1.8.RELEASE.jar:4.1.8.RELEASE]
	at org.springframework.test.context.support.DependencyInjectionTestExecutionListener.prepareTestInstance(DependencyInjectionTestExecutionListener.java:83) [spring-test-4.1.8.RELEASE.jar:4.1.8.RELEASE]
	at org.springframework.test.context.TestContextManager.prepareTestInstance(TestContextManager.java:212) [spring-test-4.1.8.RELEASE.jar:4.1.8.RELEASE]
	at org.springframework.test.context.junit4.SpringJUnit4ClassRunner.createTest(SpringJUnit4ClassRunner.java:200) [spring-test-4.1.8.RELEASE.jar:4.1.8.RELEASE]
	at org.springframework.test.context.junit4.SpringJUnit4ClassRunner$1.runReflectiveCall(SpringJUnit4ClassRunner.java:259) [spring-test-4.1.8.RELEASE.jar:4.1.8.RELEASE]
	at org.junit.internal.runners.model.ReflectiveCallable.run(ReflectiveCallable.java:12) [junit-4.12.jar:4.12]
	at org.springframework.test.context.junit4.SpringJUnit4ClassRunner.methodBlock(SpringJUnit4ClassRunner.java:261) [spring-test-4.1.8.RELEASE.jar:4.1.8.RELEASE]
	at org.springframework.test.context.junit4.SpringJUnit4ClassRunner.runChild(SpringJUnit4ClassRunner.java:219) [spring-test-4.1.8.RELEASE.jar:4.1.8.RELEASE]
	at org.springframework.test.context.junit4.SpringJUnit4ClassRunner.runChild(SpringJUnit4ClassRunner.java:83) [spring-test-4.1.8.RELEASE.jar:4.1.8.RELEASE]
	at org.junit.runners.ParentRunner$3.run(ParentRunner.java:290) [junit-4.12.jar:4.12]
	at org.junit.runners.ParentRunner$1.schedule(ParentRunner.java:71) [junit-4.12.jar:4.12]
	at org.junit.runners.ParentRunner.runChildren(ParentRunner.java:288) [junit-4.12.jar:4.12]
	at org.junit.runners.ParentRunner.access$000(ParentRunner.java:58) [junit-4.12.jar:4.12]
	at org.junit.runners.ParentRunner$2.evaluate(ParentRunner.java:268) [junit-4.12.jar:4.12]
	at org.springframework.test.context.junit4.statements.RunBeforeTestClassCallbacks.evaluate(RunBeforeTestClassCallbacks.java:61) [spring-test-4.1.8.RELEASE.jar:4.1.8.RELEASE]
	at org.springframework.test.context.junit4.statements.RunAfterTestClassCallbacks.evaluate(RunAfterTestClassCallbacks.java:70) [spring-test-4.1.8.RELEASE.jar:4.1.8.RELEASE]
	at org.junit.runners.ParentRunner.run(ParentRunner.java:363) [junit-4.12.jar:4.12]
	at org.springframework.test.context.junit4.SpringJUnit4ClassRunner.run(SpringJUnit4ClassRunner.java:163) [spring-test-4.1.8.RELEASE.jar:4.1.8.RELEASE]
	at org.apache.maven.surefire.junit4.JUnit4Provider.execute(JUnit4Provider.java:264) [surefire-junit4-2.17.jar:2.17]
	at org.apache.maven.surefire.junit4.JUnit4Provider.executeTestSet(JUnit4Provider.java:153) [surefire-junit4-2.17.jar:2.17]
	at org.apache.maven.surefire.junit4.JUnit4Provider.invoke(JUnit4Provider.java:124) [surefire-junit4-2.17.jar:2.17]
	at org.apache.maven.surefire.booter.ForkedBooter.invokeProviderInSameClassLoader(ForkedBooter.java:200) [surefire-booter-2.17.jar:2.17]
	at org.apache.maven.surefire.booter.ForkedBooter.runSuitesInProcess(ForkedBooter.java:153) [surefire-booter-2.17.jar:2.17]
	at org.apache.maven.surefire.booter.ForkedBooter.main(ForkedBooter.java:103) [surefire-booter-2.17.jar:2.17]
Caused by: org.springframework.beans.factory.BeanCreationException: Cannot determine embedded database url for database type NONE. If you want an embedded database please put a supported one on the classpath.
	at org.springframework.boot.autoconfigure.jdbc.DataSourceProperties.getUrl(DataSourceProperties.java:152) ~[spring-boot-autoconfigure-1.2.7.RELEASE.jar:1.2.7.RELEASE]
	... 103 common frames omitted
10:13:59.130 [main] DEBUG o.s.b.f.s.DefaultListableBeanFactory - Invoking afterPropertiesSet() on bean with name 'spring.datasource.CONFIGURATION_PROPERTIES'
10:13:59.130 [main] DEBUG o.s.b.f.s.DefaultListableBeanFactory - Returning cached instance of singleton bean 'org.springframework.transaction.config.internalTransactionAdvisor'
10:13:59.130 [main] DEBUG o.s.b.f.s.DefaultListableBeanFactory - Returning cached instance of singleton bean 'org.springframework.transaction.config.internalTransactionAdvisor'
10:13:59.132 [main] DEBUG o.s.s.a.ScheduledAnnotationBeanPostProcessor - No @Scheduled annotations found on bean class: class org.springframework.boot.autoconfigure.jdbc.DataSourceProperties
10:13:59.132 [main] DEBUG o.s.b.f.s.DefaultListableBeanFactory - Finished creating instance of bean 'spring.datasource.CONFIGURATION_PROPERTIES'
10:13:59.132 [main] DEBUG o.s.b.f.a.AutowiredAnnotationBeanPostProcessor - Autowiring by type from bean name 'dataSourceInitializer' to bean named 'spring.datasource.CONFIGURATION_PROPERTIES'
10:13:59.132 [main] DEBUG o.s.c.a.CommonAnnotationBeanPostProcessor - Invoking init method on bean 'dataSourceInitializer': public void org.springframework.boot.autoconfigure.jdbc.DataSourceInitializer.init()
10:13:59.138 [main] DEBUG o.s.b.f.s.DefaultListableBeanFactory - Returning eagerly cached instance of singleton bean 'dataSource' that is not fully initialized yet - a consequence of a circular reference
10:13:59.139 [main] DEBUG o.s.b.f.s.DefaultListableBeanFactory - Returning cached instance of singleton bean 'org.springframework.transaction.config.internalTransactionAdvisor'
10:13:59.139 [main] DEBUG o.s.b.f.s.DefaultListableBeanFactory - Returning cached instance of singleton bean 'org.springframework.transaction.config.internalTransactionAdvisor'
10:13:59.139 [main] DEBUG o.s.s.a.ScheduledAnnotationBeanPostProcessor - No @Scheduled annotations found on bean class: class org.springframework.boot.autoconfigure.jdbc.DataSourceInitializer
10:13:59.139 [main] DEBUG o.s.b.f.s.DefaultListableBeanFactory - Finished creating instance of bean 'dataSourceInitializer'
10:13:59.140 [main] DEBUG o.s.s.a.ScheduledAnnotationBeanPostProcessor - No @Scheduled annotations found on bean class: class org.springframework.jdbc.datasource.embedded.EmbeddedDatabaseFactory$EmbeddedDataSourceProxy
10:13:59.140 [main] DEBUG o.s.b.f.s.DefaultListableBeanFactory - Finished creating instance of bean 'dataSource'
10:13:59.140 [main] DEBUG o.s.b.f.a.AutowiredAnnotationBeanPostProcessor - Autowiring by type from bean name 'org.springframework.boot.autoconfigure.orm.jpa.HibernateJpaAutoConfiguration' to bean named 'dataSource'
10:13:59.140 [main] DEBUG o.s.b.f.annotation.InjectionMetadata - Processing injected element of bean 'org.springframework.boot.autoconfigure.orm.jpa.HibernateJpaAutoConfiguration': AutowiredFieldElement for private org.springframework.orm.jpa.persistenceunit.PersistenceUnitManager org.springframework.boot.autoconfigure.orm.jpa.JpaBaseConfiguration.persistenceUnitManager
10:13:59.142 [main] DEBUG o.s.b.f.annotation.InjectionMetadata - Processing injected element of bean 'org.springframework.boot.autoconfigure.orm.jpa.HibernateJpaAutoConfiguration': AutowiredFieldElement for private org.springframework.boot.autoconfigure.orm.jpa.JpaProperties org.springframework.boot.autoconfigure.orm.jpa.JpaBaseConfiguration.jpaProperties
10:13:59.145 [main] DEBUG o.s.b.f.s.DefaultListableBeanFactory - Creating shared instance of singleton bean 'spring.jpa.CONFIGURATION_PROPERTIES'
10:13:59.145 [main] DEBUG o.s.b.f.s.DefaultListableBeanFactory - Creating instance of bean 'spring.jpa.CONFIGURATION_PROPERTIES'
10:13:59.145 [main] DEBUG o.s.b.f.s.DefaultListableBeanFactory - Returning cached instance of singleton bean 'org.springframework.transaction.config.internalTransactionAdvisor'
10:13:59.145 [main] DEBUG o.s.b.f.s.DefaultListableBeanFactory - Eagerly caching bean 'spring.jpa.CONFIGURATION_PROPERTIES' to allow for resolving potential circular references
10:13:59.145 [main] DEBUG o.s.core.env.MutablePropertySources - Adding [systemProperties] PropertySource with lowest search precedence
10:13:59.145 [main] DEBUG o.s.core.env.MutablePropertySources - Adding [systemEnvironment] PropertySource with lowest search precedence
10:13:59.145 [main] DEBUG o.s.core.env.MutablePropertySources - Adding [class path resource [config/application.properties]] PropertySource with lowest search precedence
10:13:59.145 [main] DEBUG o.s.core.env.MutablePropertySources - Adding [localProperties] PropertySource with lowest search precedence
10:13:59.146 [main] DEBUG o.s.core.env.MutablePropertySources - Adding [systemProperties] PropertySource with lowest search precedence
10:13:59.146 [main] DEBUG o.s.core.env.MutablePropertySources - Adding [systemEnvironment] PropertySource with lowest search precedence
10:13:59.146 [main] DEBUG o.s.core.env.MutablePropertySources - Adding [class path resource [config/application.properties]] PropertySource with lowest search precedence
10:13:59.146 [main] DEBUG o.s.core.env.MutablePropertySources - Adding [localProperties] PropertySource with lowest search precedence
10:13:59.146 [main] DEBUG o.s.c.e.PropertySourcesPropertyResolver - Searching for key 'app.security.jwt.secret_key' in [systemProperties]
10:13:59.146 [main] DEBUG o.s.c.e.PropertySourcesPropertyResolver - Searching for key 'app.security.jwt.secret_key' in [systemEnvironment]
10:13:59.146 [main] DEBUG o.s.c.e.PropertySourcesPropertyResolver - Searching for key 'app.security.jwt.secret_key' in [class path resource [config/application.properties]]
10:13:59.146 [main] DEBUG o.s.c.e.PropertySourcesPropertyResolver - Found key 'app.security.jwt.secret_key' in [class path resource [config/application.properties]] with type [String] and value 'verysecretsecret'
10:13:59.146 [main] DEBUG o.s.core.env.MutablePropertySources - Adding [systemProperties] PropertySource with lowest search precedence
10:13:59.146 [main] DEBUG o.s.core.env.MutablePropertySources - Adding [systemEnvironment] PropertySource with lowest search precedence
10:13:59.146 [main] DEBUG o.s.core.env.MutablePropertySources - Adding [class path resource [config/application.properties]] PropertySource with lowest search precedence
10:13:59.146 [main] DEBUG o.s.core.env.MutablePropertySources - Adding [localProperties] PropertySource with lowest search precedence
10:13:59.146 [main] DEBUG o.s.c.e.PropertySourcesPropertyResolver - Searching for key 'app.whitelist' in [systemProperties]
10:13:59.146 [main] DEBUG o.s.c.e.PropertySourcesPropertyResolver - Searching for key 'app.whitelist' in [systemEnvironment]
10:13:59.146 [main] DEBUG o.s.c.e.PropertySourcesPropertyResolver - Searching for key 'app.whitelist' in [class path resource [config/application.properties]]
10:13:59.146 [main] DEBUG o.s.c.e.PropertySourcesPropertyResolver - Found key 'app.whitelist' in [class path resource [config/application.properties]] with type [String] and value '127.0.0.1'
10:13:59.146 [main] DEBUG o.s.core.env.MutablePropertySources - Adding [systemProperties] PropertySource with lowest search precedence
10:13:59.146 [main] DEBUG o.s.core.env.MutablePropertySources - Adding [systemEnvironment] PropertySource with lowest search precedence
10:13:59.146 [main] DEBUG o.s.core.env.MutablePropertySources - Adding [class path resource [config/application.properties]] PropertySource with lowest search precedence
10:13:59.146 [main] DEBUG o.s.core.env.MutablePropertySources - Adding [localProperties] PropertySource with lowest search precedence
10:13:59.146 [main] DEBUG o.s.c.e.PropertySourcesPropertyResolver - Searching for key 'app.email.address' in [systemProperties]
10:13:59.146 [main] DEBUG o.s.c.e.PropertySourcesPropertyResolver - Searching for key 'app.email.address' in [systemEnvironment]
10:13:59.146 [main] DEBUG o.s.c.e.PropertySourcesPropertyResolver - Searching for key 'app.email.address' in [class path resource [config/application.properties]]
10:13:59.146 [main] DEBUG o.s.c.e.PropertySourcesPropertyResolver - Found key 'app.email.address' in [class path resource [config/application.properties]] with type [String] and value 'dhahn@library.tamu.edu'
10:13:59.146 [main] DEBUG o.s.core.env.MutablePropertySources - Adding [systemProperties] PropertySource with lowest search precedence
10:13:59.146 [main] DEBUG o.s.core.env.MutablePropertySources - Adding [systemEnvironment] PropertySource with lowest search precedence
10:13:59.146 [main] DEBUG o.s.core.env.MutablePropertySources - Adding [class path resource [config/application.properties]] PropertySource with lowest search precedence
10:13:59.146 [main] DEBUG o.s.core.env.MutablePropertySources - Adding [localProperties] PropertySource with lowest search precedence
10:13:59.146 [main] DEBUG o.s.c.e.PropertySourcesPropertyResolver - Searching for key 'app.service.voyager.app' in [systemProperties]
10:13:59.146 [main] DEBUG o.s.c.e.PropertySourcesPropertyResolver - Searching for key 'app.service.voyager.app' in [systemEnvironment]
10:13:59.146 [main] DEBUG o.s.c.e.PropertySourcesPropertyResolver - Searching for key 'app.service.voyager.app' in [class path resource [config/application.properties]]
10:13:59.146 [main] DEBUG o.s.c.e.PropertySourcesPropertyResolver - Found key 'app.service.voyager.app' in [class path resource [config/application.properties]] with type [String] and value 'vxws'
10:13:59.146 [main] DEBUG o.s.core.env.MutablePropertySources - Adding [systemProperties] PropertySource with lowest search precedence
10:13:59.146 [main] DEBUG o.s.core.env.MutablePropertySources - Adding [systemEnvironment] PropertySource with lowest search precedence
10:13:59.146 [main] DEBUG o.s.core.env.MutablePropertySources - Adding [class path resource [config/application.properties]] PropertySource with lowest search precedence
10:13:59.146 [main] DEBUG o.s.core.env.MutablePropertySources - Adding [localProperties] PropertySource with lowest search precedence
10:13:59.146 [main] DEBUG o.s.c.e.PropertySourcesPropertyResolver - Searching for key 'spring.datasource.test-on-borrow' in [systemProperties]
10:13:59.146 [main] DEBUG o.s.c.e.PropertySourcesPropertyResolver - Searching for key 'spring.datasource.test-on-borrow' in [systemEnvironment]
10:13:59.146 [main] DEBUG o.s.c.e.PropertySourcesPropertyResolver - Searching for key 'spring.datasource.test-on-borrow' in [class path resource [config/application.properties]]
10:13:59.146 [main] DEBUG o.s.c.e.PropertySourcesPropertyResolver - Found key 'spring.datasource.test-on-borrow' in [class path resource [config/application.properties]] with type [String] and value 'true'
10:13:59.146 [main] DEBUG o.s.core.env.MutablePropertySources - Adding [systemProperties] PropertySource with lowest search precedence
10:13:59.146 [main] DEBUG o.s.core.env.MutablePropertySources - Adding [systemEnvironment] PropertySource with lowest search precedence
10:13:59.146 [main] DEBUG o.s.core.env.MutablePropertySources - Adding [class path resource [config/application.properties]] PropertySource with lowest search precedence
10:13:59.146 [main] DEBUG o.s.core.env.MutablePropertySources - Adding [localProperties] PropertySource with lowest search precedence
10:13:59.146 [main] DEBUG o.s.c.e.PropertySourcesPropertyResolver - Searching for key 'shib.email' in [systemProperties]
10:13:59.146 [main] DEBUG o.s.c.e.PropertySourcesPropertyResolver - Searching for key 'shib.email' in [systemEnvironment]
10:13:59.146 [main] DEBUG o.s.c.e.PropertySourcesPropertyResolver - Searching for key 'shib.email' in [class path resource [config/application.properties]]
10:13:59.146 [main] DEBUG o.s.c.e.PropertySourcesPropertyResolver - Found key 'shib.email' in [class path resource [config/application.properties]] with type [String] and value 'tdl-mail'
10:13:59.146 [main] DEBUG o.s.core.env.MutablePropertySources - Adding [systemProperties] PropertySource with lowest search precedence
10:13:59.146 [main] DEBUG o.s.core.env.MutablePropertySources - Adding [systemEnvironment] PropertySource with lowest search precedence
10:13:59.146 [main] DEBUG o.s.core.env.MutablePropertySources - Adding [class path resource [config/application.properties]] PropertySource with lowest search precedence
10:13:59.146 [main] DEBUG o.s.core.env.MutablePropertySources - Adding [localProperties] PropertySource with lowest search precedence
10:13:59.146 [main] DEBUG o.s.c.e.PropertySourcesPropertyResolver - Searching for key 'spring.datasource.url' in [systemProperties]
10:13:59.146 [main] DEBUG o.s.c.e.PropertySourcesPropertyResolver - Searching for key 'spring.datasource.url' in [systemEnvironment]
10:13:59.146 [main] DEBUG o.s.c.e.PropertySourcesPropertyResolver - Searching for key 'spring.datasource.url' in [class path resource [config/application.properties]]
10:13:59.146 [main] DEBUG o.s.c.e.PropertySourcesPropertyResolver - Found key 'spring.datasource.url' in [class path resource [config/application.properties]] with type [String] and value 'jdbc:postgresql://localhost:5432/spring_seed'
10:13:59.146 [main] DEBUG o.s.core.env.MutablePropertySources - Adding [systemProperties] PropertySource with lowest search precedence
10:13:59.146 [main] DEBUG o.s.core.env.MutablePropertySources - Adding [systemEnvironment] PropertySource with lowest search precedence
10:13:59.146 [main] DEBUG o.s.core.env.MutablePropertySources - Adding [class path resource [config/application.properties]] PropertySource with lowest search precedence
10:13:59.146 [main] DEBUG o.s.core.env.MutablePropertySources - Adding [localProperties] PropertySource with lowest search precedence
10:13:59.146 [main] DEBUG o.s.c.e.PropertySourcesPropertyResolver - Searching for key 'shib.netid' in [systemProperties]
10:13:59.146 [main] DEBUG o.s.c.e.PropertySourcesPropertyResolver - Searching for key 'shib.netid' in [systemEnvironment]
10:13:59.146 [main] DEBUG o.s.c.e.PropertySourcesPropertyResolver - Searching for key 'shib.netid' in [class path resource [config/application.properties]]
10:13:59.146 [main] DEBUG o.s.c.e.PropertySourcesPropertyResolver - Found key 'shib.netid' in [class path resource [config/application.properties]] with type [String] and value 'edupersonprincipalnameunscoped'
10:13:59.146 [main] DEBUG o.s.core.env.MutablePropertySources - Adding [systemProperties] PropertySource with lowest search precedence
10:13:59.146 [main] DEBUG o.s.core.env.MutablePropertySources - Adding [systemEnvironment] PropertySource with lowest search precedence
10:13:59.146 [main] DEBUG o.s.core.env.MutablePropertySources - Adding [class path resource [config/application.properties]] PropertySource with lowest search precedence
10:13:59.146 [main] DEBUG o.s.core.env.MutablePropertySources - Adding [localProperties] PropertySource with lowest search precedence
10:13:59.146 [main] DEBUG o.s.c.e.PropertySourcesPropertyResolver - Searching for key 'shib.keys' in [systemProperties]
10:13:59.146 [main] DEBUG o.s.c.e.PropertySourcesPropertyResolver - Searching for key 'shib.keys' in [systemEnvironment]
10:13:59.146 [main] DEBUG o.s.c.e.PropertySourcesPropertyResolver - Searching for key 'shib.keys' in [class path resource [config/application.properties]]
10:13:59.146 [main] DEBUG o.s.c.e.PropertySourcesPropertyResolver - Found key 'shib.keys' in [class path resource [config/application.properties]] with type [String] and value 'netid,uin,lastName,firstName,email'
10:13:59.146 [main] DEBUG o.s.core.env.MutablePropertySources - Adding [systemProperties] PropertySource with lowest search precedence
10:13:59.146 [main] DEBUG o.s.core.env.MutablePropertySources - Adding [systemEnvironment] PropertySource with lowest search precedence
10:13:59.146 [main] DEBUG o.s.core.env.MutablePropertySources - Adding [class path resource [config/application.properties]] PropertySource with lowest search precedence
10:13:59.146 [main] DEBUG o.s.core.env.MutablePropertySources - Adding [localProperties] PropertySource with lowest search precedence
10:13:59.146 [main] DEBUG o.s.c.e.PropertySourcesPropertyResolver - Searching for key 'spring.datasource.password' in [systemProperties]
10:13:59.146 [main] DEBUG o.s.c.e.PropertySourcesPropertyResolver - Searching for key 'spring.datasource.password' in [systemEnvironment]
10:13:59.146 [main] DEBUG o.s.c.e.PropertySourcesPropertyResolver - Searching for key 'spring.datasource.password' in [class path resource [config/application.properties]]
10:13:59.147 [main] DEBUG o.s.c.e.PropertySourcesPropertyResolver - Found key 'spring.datasource.password' in [class path resource [config/application.properties]] with type [String] and value 'spring'
10:13:59.147 [main] DEBUG o.s.core.env.MutablePropertySources - Adding [systemProperties] PropertySource with lowest search precedence
10:13:59.147 [main] DEBUG o.s.core.env.MutablePropertySources - Adding [systemEnvironment] PropertySource with lowest search precedence
10:13:59.147 [main] DEBUG o.s.core.env.MutablePropertySources - Adding [class path resource [config/application.properties]] PropertySource with lowest search precedence
10:13:59.147 [main] DEBUG o.s.core.env.MutablePropertySources - Adding [localProperties] PropertySource with lowest search precedence
10:13:59.147 [main] DEBUG o.s.c.e.PropertySourcesPropertyResolver - Searching for key 'spring.jpa.database-platform' in [systemProperties]
10:13:59.147 [main] DEBUG o.s.c.e.PropertySourcesPropertyResolver - Searching for key 'spring.jpa.database-platform' in [systemEnvironment]
10:13:59.147 [main] DEBUG o.s.c.e.PropertySourcesPropertyResolver - Searching for key 'spring.jpa.database-platform' in [class path resource [config/application.properties]]
10:13:59.147 [main] DEBUG o.s.c.e.PropertySourcesPropertyResolver - Found key 'spring.jpa.database-platform' in [class path resource [config/application.properties]] with type [String] and value 'org.hibernate.dialect.PostgreSQLDialect'
10:13:59.147 [main] DEBUG o.s.core.env.MutablePropertySources - Adding [systemProperties] PropertySource with lowest search precedence
10:13:59.147 [main] DEBUG o.s.core.env.MutablePropertySources - Adding [systemEnvironment] PropertySource with lowest search precedence
10:13:59.147 [main] DEBUG o.s.core.env.MutablePropertySources - Adding [class path resource [config/application.properties]] PropertySource with lowest search precedence
10:13:59.147 [main] DEBUG o.s.core.env.MutablePropertySources - Adding [localProperties] PropertySource with lowest search precedence
10:13:59.147 [main] DEBUG o.s.c.e.PropertySourcesPropertyResolver - Searching for key 'spring.jpa.show_sql' in [systemProperties]
10:13:59.147 [main] DEBUG o.s.c.e.PropertySourcesPropertyResolver - Searching for key 'spring.jpa.show_sql' in [systemEnvironment]
10:13:59.147 [main] DEBUG o.s.c.e.PropertySourcesPropertyResolver - Searching for key 'spring.jpa.show_sql' in [class path resource [config/application.properties]]
10:13:59.147 [main] DEBUG o.s.c.e.PropertySourcesPropertyResolver - Found key 'spring.jpa.show_sql' in [class path resource [config/application.properties]] with type [String] and value 'false'
10:13:59.147 [main] DEBUG o.s.core.env.MutablePropertySources - Adding [systemProperties] PropertySource with lowest search precedence
10:13:59.147 [main] DEBUG o.s.core.env.MutablePropertySources - Adding [systemEnvironment] PropertySource with lowest search precedence
10:13:59.147 [main] DEBUG o.s.core.env.MutablePropertySources - Adding [class path resource [config/application.properties]] PropertySource with lowest search precedence
10:13:59.147 [main] DEBUG o.s.core.env.MutablePropertySources - Adding [localProperties] PropertySource with lowest search precedence
10:13:59.147 [main] DEBUG o.s.c.e.PropertySourcesPropertyResolver - Searching for key 'app.service.voyager.ports' in [systemProperties]
10:13:59.147 [main] DEBUG o.s.c.e.PropertySourcesPropertyResolver - Searching for key 'app.service.voyager.ports' in [systemEnvironment]
10:13:59.147 [main] DEBUG o.s.c.e.PropertySourcesPropertyResolver - Searching for key 'app.service.voyager.ports' in [class path resource [config/application.properties]]
10:13:59.147 [main] DEBUG o.s.c.e.PropertySourcesPropertyResolver - Found key 'app.service.voyager.ports' in [class path resource [config/application.properties]] with type [String] and value '7014,7414'
10:13:59.147 [main] DEBUG o.s.core.env.MutablePropertySources - Adding [systemProperties] PropertySource with lowest search precedence
10:13:59.147 [main] DEBUG o.s.core.env.MutablePropertySources - Adding [systemEnvironment] PropertySource with lowest search precedence
10:13:59.147 [main] DEBUG o.s.core.env.MutablePropertySources - Adding [class path resource [config/application.properties]] PropertySource with lowest search precedence
10:13:59.147 [main] DEBUG o.s.core.env.MutablePropertySources - Adding [localProperties] PropertySource with lowest search precedence
10:13:59.147 [main] DEBUG o.s.c.e.PropertySourcesPropertyResolver - Searching for key 'spring.datasource.validation-query' in [systemProperties]
10:13:59.147 [main] DEBUG o.s.c.e.PropertySourcesPropertyResolver - Searching for key 'spring.datasource.validation-query' in [systemEnvironment]
10:13:59.147 [main] DEBUG o.s.c.e.PropertySourcesPropertyResolver - Searching for key 'spring.datasource.validation-query' in [class path resource [config/application.properties]]
10:13:59.147 [main] DEBUG o.s.c.e.PropertySourcesPropertyResolver - Found key 'spring.datasource.validation-query' in [class path resource [config/application.properties]] with type [String] and value 'select version();'
10:13:59.147 [main] DEBUG o.s.core.env.MutablePropertySources - Adding [systemProperties] PropertySource with lowest search precedence
10:13:59.147 [main] DEBUG o.s.core.env.MutablePropertySources - Adding [systemEnvironment] PropertySource with lowest search precedence
10:13:59.147 [main] DEBUG o.s.core.env.MutablePropertySources - Adding [class path resource [config/application.properties]] PropertySource with lowest search precedence
10:13:59.147 [main] DEBUG o.s.core.env.MutablePropertySources - Adding [localProperties] PropertySource with lowest search precedence
10:13:59.147 [main] DEBUG o.s.c.e.PropertySourcesPropertyResolver - Searching for key 'shib.firstName' in [systemProperties]
10:13:59.147 [main] DEBUG o.s.c.e.PropertySourcesPropertyResolver - Searching for key 'shib.firstName' in [systemEnvironment]
10:13:59.147 [main] DEBUG o.s.c.e.PropertySourcesPropertyResolver - Searching for key 'shib.firstName' in [class path resource [config/application.properties]]
10:13:59.147 [main] DEBUG o.s.c.e.PropertySourcesPropertyResolver - Found key 'shib.firstName' in [class path resource [config/application.properties]] with type [String] and value 'tdl-givenname'
10:13:59.147 [main] DEBUG o.s.core.env.MutablePropertySources - Adding [systemProperties] PropertySource with lowest search precedence
10:13:59.147 [main] DEBUG o.s.core.env.MutablePropertySources - Adding [systemEnvironment] PropertySource with lowest search precedence
10:13:59.147 [main] DEBUG o.s.core.env.MutablePropertySources - Adding [class path resource [config/application.properties]] PropertySource with lowest search precedence
10:13:59.147 [main] DEBUG o.s.core.env.MutablePropertySources - Adding [localProperties] PropertySource with lowest search precedence
10:13:59.147 [main] DEBUG o.s.c.e.PropertySourcesPropertyResolver - Searching for key 'shib.uin' in [systemProperties]
10:13:59.147 [main] DEBUG o.s.c.e.PropertySourcesPropertyResolver - Searching for key 'shib.uin' in [systemEnvironment]
10:13:59.147 [main] DEBUG o.s.c.e.PropertySourcesPropertyResolver - Searching for key 'shib.uin' in [class path resource [config/application.properties]]
10:13:59.147 [main] DEBUG o.s.c.e.PropertySourcesPropertyResolver - Found key 'shib.uin' in [class path resource [config/application.properties]] with type [String] and value 'tamuuin'
10:13:59.147 [main] DEBUG o.s.core.env.MutablePropertySources - Adding [systemProperties] PropertySource with lowest search precedence
10:13:59.147 [main] DEBUG o.s.core.env.MutablePropertySources - Adding [systemEnvironment] PropertySource with lowest search precedence
10:13:59.147 [main] DEBUG o.s.core.env.MutablePropertySources - Adding [class path resource [config/application.properties]] PropertySource with lowest search precedence
10:13:59.147 [main] DEBUG o.s.core.env.MutablePropertySources - Adding [localProperties] PropertySource with lowest search precedence
10:13:59.147 [main] DEBUG o.s.c.e.PropertySourcesPropertyResolver - Searching for key 'spring.datasource.defaultAutoCommit' in [systemProperties]
10:13:59.147 [main] DEBUG o.s.c.e.PropertySourcesPropertyResolver - Searching for key 'spring.datasource.defaultAutoCommit' in [systemEnvironment]
10:13:59.147 [main] DEBUG o.s.c.e.PropertySourcesPropertyResolver - Searching for key 'spring.datasource.defaultAutoCommit' in [class path resource [config/application.properties]]
10:13:59.147 [main] DEBUG o.s.c.e.PropertySourcesPropertyResolver - Found key 'spring.datasource.defaultAutoCommit' in [class path resource [config/application.properties]] with type [String] and value 'false'
10:13:59.147 [main] DEBUG o.s.core.env.MutablePropertySources - Adding [systemProperties] PropertySource with lowest search precedence
10:13:59.147 [main] DEBUG o.s.core.env.MutablePropertySources - Adding [systemEnvironment] PropertySource with lowest search precedence
10:13:59.147 [main] DEBUG o.s.core.env.MutablePropertySources - Adding [class path resource [config/application.properties]] PropertySource with lowest search precedence
10:13:59.147 [main] DEBUG o.s.core.env.MutablePropertySources - Adding [localProperties] PropertySource with lowest search precedence
10:13:59.147 [main] DEBUG o.s.c.e.PropertySourcesPropertyResolver - Searching for key 'spring.datasource.username' in [systemProperties]
10:13:59.147 [main] DEBUG o.s.c.e.PropertySourcesPropertyResolver - Searching for key 'spring.datasource.username' in [systemEnvironment]
10:13:59.148 [main] DEBUG o.s.c.e.PropertySourcesPropertyResolver - Searching for key 'spring.datasource.username' in [class path resource [config/application.properties]]
10:13:59.148 [main] DEBUG o.s.c.e.PropertySourcesPropertyResolver - Found key 'spring.datasource.username' in [class path resource [config/application.properties]] with type [String] and value 'spring'
10:13:59.148 [main] DEBUG o.s.core.env.MutablePropertySources - Adding [systemProperties] PropertySource with lowest search precedence
10:13:59.148 [main] DEBUG o.s.core.env.MutablePropertySources - Adding [systemEnvironment] PropertySource with lowest search precedence
10:13:59.148 [main] DEBUG o.s.core.env.MutablePropertySources - Adding [class path resource [config/application.properties]] PropertySource with lowest search precedence
10:13:59.148 [main] DEBUG o.s.core.env.MutablePropertySources - Adding [localProperties] PropertySource with lowest search precedence
10:13:59.148 [main] DEBUG o.s.c.e.PropertySourcesPropertyResolver - Searching for key 'app.service.voyager.host' in [systemProperties]
10:13:59.148 [main] DEBUG o.s.c.e.PropertySourcesPropertyResolver - Searching for key 'app.service.voyager.host' in [systemEnvironment]
10:13:59.148 [main] DEBUG o.s.c.e.PropertySourcesPropertyResolver - Searching for key 'app.service.voyager.host' in [class path resource [config/application.properties]]
10:13:59.148 [main] DEBUG o.s.c.e.PropertySourcesPropertyResolver - Found key 'app.service.voyager.host' in [class path resource [config/application.properties]] with type [String] and value 'surprise.tamu.edu'
10:13:59.148 [main] DEBUG o.s.core.env.MutablePropertySources - Adding [systemProperties] PropertySource with lowest search precedence
10:13:59.148 [main] DEBUG o.s.core.env.MutablePropertySources - Adding [systemEnvironment] PropertySource with lowest search precedence
10:13:59.148 [main] DEBUG o.s.core.env.MutablePropertySources - Adding [class path resource [config/application.properties]] PropertySource with lowest search precedence
10:13:59.148 [main] DEBUG o.s.core.env.MutablePropertySources - Adding [localProperties] PropertySource with lowest search precedence
10:13:59.148 [main] DEBUG o.s.c.e.PropertySourcesPropertyResolver - Searching for key 'logging.level.org.springframework' in [systemProperties]
10:13:59.148 [main] DEBUG o.s.c.e.PropertySourcesPropertyResolver - Searching for key 'logging.level.org.springframework' in [systemEnvironment]
10:13:59.148 [main] DEBUG o.s.c.e.PropertySourcesPropertyResolver - Searching for key 'logging.level.org.springframework' in [class path resource [config/application.properties]]
10:13:59.148 [main] DEBUG o.s.c.e.PropertySourcesPropertyResolver - Found key 'logging.level.org.springframework' in [class path resource [config/application.properties]] with type [String] and value 'INFO'
10:13:59.148 [main] DEBUG o.s.core.env.MutablePropertySources - Adding [systemProperties] PropertySource with lowest search precedence
10:13:59.148 [main] DEBUG o.s.core.env.MutablePropertySources - Adding [systemEnvironment] PropertySource with lowest search precedence
10:13:59.148 [main] DEBUG o.s.core.env.MutablePropertySources - Adding [class path resource [config/application.properties]] PropertySource with lowest search precedence
10:13:59.148 [main] DEBUG o.s.core.env.MutablePropertySources - Adding [localProperties] PropertySource with lowest search precedence
10:13:59.148 [main] DEBUG o.s.c.e.PropertySourcesPropertyResolver - Searching for key 'spring.datasource.driverClassName' in [systemProperties]
10:13:59.148 [main] DEBUG o.s.c.e.PropertySourcesPropertyResolver - Searching for key 'spring.datasource.driverClassName' in [systemEnvironment]
10:13:59.148 [main] DEBUG o.s.c.e.PropertySourcesPropertyResolver - Searching for key 'spring.datasource.driverClassName' in [class path resource [config/application.properties]]
10:13:59.148 [main] DEBUG o.s.c.e.PropertySourcesPropertyResolver - Found key 'spring.datasource.driverClassName' in [class path resource [config/application.properties]] with type [String] and value 'org.postgresql.Driver'
10:13:59.148 [main] DEBUG o.s.core.env.MutablePropertySources - Adding [systemProperties] PropertySource with lowest search precedence
10:13:59.148 [main] DEBUG o.s.core.env.MutablePropertySources - Adding [systemEnvironment] PropertySource with lowest search precedence
10:13:59.148 [main] DEBUG o.s.core.env.MutablePropertySources - Adding [class path resource [config/application.properties]] PropertySource with lowest search precedence
10:13:59.148 [main] DEBUG o.s.core.env.MutablePropertySources - Adding [localProperties] PropertySource with lowest search precedence
10:13:59.148 [main] DEBUG o.s.c.e.PropertySourcesPropertyResolver - Searching for key 'app.authority.admins' in [systemProperties]
10:13:59.148 [main] DEBUG o.s.c.e.PropertySourcesPropertyResolver - Searching for key 'app.authority.admins' in [systemEnvironment]
10:13:59.148 [main] DEBUG o.s.c.e.PropertySourcesPropertyResolver - Searching for key 'app.authority.admins' in [class path resource [config/application.properties]]
10:13:59.148 [main] DEBUG o.s.c.e.PropertySourcesPropertyResolver - Found key 'app.authority.admins' in [class path resource [config/application.properties]] with type [String] and value '402001311,613001223,102001721,222004429,709005486,523008230,724001395,123456789'
10:13:59.148 [main] DEBUG o.s.core.env.MutablePropertySources - Adding [systemProperties] PropertySource with lowest search precedence
10:13:59.148 [main] DEBUG o.s.core.env.MutablePropertySources - Adding [systemEnvironment] PropertySource with lowest search precedence
10:13:59.148 [main] DEBUG o.s.core.env.MutablePropertySources - Adding [class path resource [config/application.properties]] PropertySource with lowest search precedence
10:13:59.148 [main] DEBUG o.s.core.env.MutablePropertySources - Adding [localProperties] PropertySource with lowest search precedence
10:13:59.148 [main] DEBUG o.s.c.e.PropertySourcesPropertyResolver - Searching for key 'shib.lastName' in [systemProperties]
10:13:59.148 [main] DEBUG o.s.c.e.PropertySourcesPropertyResolver - Searching for key 'shib.lastName' in [systemEnvironment]
10:13:59.148 [main] DEBUG o.s.c.e.PropertySourcesPropertyResolver - Searching for key 'shib.lastName' in [class path resource [config/application.properties]]
10:13:59.148 [main] DEBUG o.s.c.e.PropertySourcesPropertyResolver - Found key 'shib.lastName' in [class path resource [config/application.properties]] with type [String] and value 'tdl-sn'
10:13:59.148 [main] DEBUG o.s.core.env.MutablePropertySources - Adding [systemProperties] PropertySource with lowest search precedence
10:13:59.148 [main] DEBUG o.s.core.env.MutablePropertySources - Adding [systemEnvironment] PropertySource with lowest search precedence
10:13:59.148 [main] DEBUG o.s.core.env.MutablePropertySources - Adding [class path resource [config/application.properties]] PropertySource with lowest search precedence
10:13:59.148 [main] DEBUG o.s.core.env.MutablePropertySources - Adding [localProperties] PropertySource with lowest search precedence
10:13:59.148 [main] DEBUG o.s.c.e.PropertySourcesPropertyResolver - Searching for key 'app.email.host' in [systemProperties]
10:13:59.148 [main] DEBUG o.s.c.e.PropertySourcesPropertyResolver - Searching for key 'app.email.host' in [systemEnvironment]
10:13:59.148 [main] DEBUG o.s.c.e.PropertySourcesPropertyResolver - Searching for key 'app.email.host' in [class path resource [config/application.properties]]
10:13:59.148 [main] DEBUG o.s.c.e.PropertySourcesPropertyResolver - Found key 'app.email.host' in [class path resource [config/application.properties]] with type [String] and value 'relay.tamu.edu'
10:13:59.148 [main] DEBUG o.s.core.env.MutablePropertySources - Adding [systemProperties] PropertySource with lowest search precedence
10:13:59.148 [main] DEBUG o.s.core.env.MutablePropertySources - Adding [systemEnvironment] PropertySource with lowest search precedence
10:13:59.148 [main] DEBUG o.s.core.env.MutablePropertySources - Adding [class path resource [config/application.properties]] PropertySource with lowest search precedence
10:13:59.148 [main] DEBUG o.s.core.env.MutablePropertySources - Adding [localProperties] PropertySource with lowest search precedence
10:13:59.148 [main] DEBUG o.s.c.e.PropertySourcesPropertyResolver - Searching for key 'server.port' in [systemProperties]
10:13:59.148 [main] DEBUG o.s.c.e.PropertySourcesPropertyResolver - Searching for key 'server.port' in [systemEnvironment]
10:13:59.148 [main] DEBUG o.s.c.e.PropertySourcesPropertyResolver - Searching for key 'server.port' in [class path resource [config/application.properties]]
10:13:59.149 [main] DEBUG o.s.c.e.PropertySourcesPropertyResolver - Found key 'server.port' in [class path resource [config/application.properties]] with type [String] and value '9000'
10:13:59.149 [main] DEBUG o.s.core.env.MutablePropertySources - Adding [systemProperties] PropertySource with lowest search precedence
10:13:59.149 [main] DEBUG o.s.core.env.MutablePropertySources - Adding [systemEnvironment] PropertySource with lowest search precedence
10:13:59.149 [main] DEBUG o.s.core.env.MutablePropertySources - Adding [class path resource [config/application.properties]] PropertySource with lowest search precedence
10:13:59.149 [main] DEBUG o.s.core.env.MutablePropertySources - Adding [localProperties] PropertySource with lowest search precedence
10:13:59.149 [main] DEBUG o.s.c.e.PropertySourcesPropertyResolver - Searching for key 'spring.jpa.hibernate.ddl-auto' in [systemProperties]
10:13:59.149 [main] DEBUG o.s.c.e.PropertySourcesPropertyResolver - Searching for key 'spring.jpa.hibernate.ddl-auto' in [systemEnvironment]
10:13:59.149 [main] DEBUG o.s.c.e.PropertySourcesPropertyResolver - Searching for key 'spring.jpa.hibernate.ddl-auto' in [class path resource [config/application.properties]]
10:13:59.149 [main] DEBUG o.s.c.e.PropertySourcesPropertyResolver - Found key 'spring.jpa.hibernate.ddl-auto' in [class path resource [config/application.properties]] with type [String] and value 'create'
10:13:59.149 [main] DEBUG o.s.core.env.MutablePropertySources - Adding [systemProperties] PropertySource with lowest search precedence
10:13:59.149 [main] DEBUG o.s.core.env.MutablePropertySources - Adding [systemEnvironment] PropertySource with lowest search precedence
10:13:59.149 [main] DEBUG o.s.core.env.MutablePropertySources - Adding [class path resource [config/application.properties]] PropertySource with lowest search precedence
10:13:59.149 [main] DEBUG o.s.core.env.MutablePropertySources - Adding [localProperties] PropertySource with lowest search precedence
10:13:59.149 [main] DEBUG o.s.c.e.PropertySourcesPropertyResolver - Searching for key 'app.security.allow-access' in [systemProperties]
10:13:59.149 [main] DEBUG o.s.c.e.PropertySourcesPropertyResolver - Searching for key 'app.security.allow-access' in [systemEnvironment]
10:13:59.149 [main] DEBUG o.s.c.e.PropertySourcesPropertyResolver - Searching for key 'app.security.allow-access' in [class path resource [config/application.properties]]
10:13:59.149 [main] DEBUG o.s.c.e.PropertySourcesPropertyResolver - Found key 'app.security.allow-access' in [class path resource [config/application.properties]] with type [String] and value 'http://localhost,http://machuff.tamu.edu,http://imacdev.tamu.edu,http://savell.evans.tamu.edu,http://jcreel.tamu.edu'
10:13:59.153 [main] DEBUG o.s.b.f.s.DefaultListableBeanFactory - Returning cached instance of singleton bean 'org.springframework.transaction.config.internalTransactionAdvisor'
10:13:59.153 [main] DEBUG o.s.b.f.s.DefaultListableBeanFactory - Returning cached instance of singleton bean 'org.springframework.transaction.config.internalTransactionAdvisor'
10:13:59.154 [main] DEBUG o.s.s.a.ScheduledAnnotationBeanPostProcessor - No @Scheduled annotations found on bean class: class org.springframework.boot.autoconfigure.orm.jpa.JpaProperties
10:13:59.154 [main] DEBUG o.s.b.f.s.DefaultListableBeanFactory - Finished creating instance of bean 'spring.jpa.CONFIGURATION_PROPERTIES'
10:13:59.154 [main] DEBUG o.s.b.f.a.AutowiredAnnotationBeanPostProcessor - Autowiring by type from bean name 'org.springframework.boot.autoconfigure.orm.jpa.HibernateJpaAutoConfiguration' to bean named 'spring.jpa.CONFIGURATION_PROPERTIES'
10:13:59.154 [main] DEBUG o.s.b.f.annotation.InjectionMetadata - Processing injected element of bean 'org.springframework.boot.autoconfigure.orm.jpa.HibernateJpaAutoConfiguration': AutowiredFieldElement for private org.springframework.transaction.jta.JtaTransactionManager org.springframework.boot.autoconfigure.orm.jpa.JpaBaseConfiguration.jtaTransactionManager
10:13:59.158 [main] DEBUG o.s.b.f.annotation.InjectionMetadata - Processing injected element of bean 'org.springframework.boot.autoconfigure.orm.jpa.HibernateJpaAutoConfiguration': AutowiredFieldElement for private org.springframework.boot.autoconfigure.orm.jpa.JpaProperties org.springframework.boot.autoconfigure.orm.jpa.HibernateJpaAutoConfiguration.properties
10:13:59.161 [main] DEBUG o.s.b.f.s.DefaultListableBeanFactory - Returning cached instance of singleton bean 'spring.jpa.CONFIGURATION_PROPERTIES'
10:13:59.162 [main] DEBUG o.s.b.f.a.AutowiredAnnotationBeanPostProcessor - Autowiring by type from bean name 'org.springframework.boot.autoconfigure.orm.jpa.HibernateJpaAutoConfiguration' to bean named 'spring.jpa.CONFIGURATION_PROPERTIES'
10:13:59.162 [main] DEBUG o.s.b.f.annotation.InjectionMetadata - Processing injected element of bean 'org.springframework.boot.autoconfigure.orm.jpa.HibernateJpaAutoConfiguration': AutowiredFieldElement for private javax.sql.DataSource org.springframework.boot.autoconfigure.orm.jpa.HibernateJpaAutoConfiguration.dataSource
10:13:59.164 [main] DEBUG o.s.b.f.s.DefaultListableBeanFactory - Returning cached instance of singleton bean 'dataSource'
10:13:59.164 [main] DEBUG o.s.b.f.a.AutowiredAnnotationBeanPostProcessor - Autowiring by type from bean name 'org.springframework.boot.autoconfigure.orm.jpa.HibernateJpaAutoConfiguration' to bean named 'dataSource'
10:13:59.164 [main] DEBUG o.s.b.f.s.DefaultListableBeanFactory - Returning cached instance of singleton bean 'org.springframework.transaction.config.internalTransactionAdvisor'
10:13:59.164 [main] DEBUG o.s.b.f.s.DefaultListableBeanFactory - Returning cached instance of singleton bean 'org.springframework.transaction.config.internalTransactionAdvisor'
10:13:59.166 [main] DEBUG o.s.s.a.ScheduledAnnotationBeanPostProcessor - No @Scheduled annotations found on bean class: class org.springframework.boot.autoconfigure.orm.jpa.HibernateJpaAutoConfiguration$$EnhancerBySpringCGLIB$$6c5793d6
10:13:59.166 [main] DEBUG o.s.b.f.s.DefaultListableBeanFactory - Finished creating instance of bean 'org.springframework.boot.autoconfigure.orm.jpa.HibernateJpaAutoConfiguration'
10:13:59.169 [main] DEBUG o.s.b.f.s.DefaultListableBeanFactory - Creating shared instance of singleton bean 'entityManagerFactoryBuilder'
10:13:59.169 [main] DEBUG o.s.b.f.s.DefaultListableBeanFactory - Creating instance of bean 'entityManagerFactoryBuilder'
10:13:59.169 [main] DEBUG o.s.b.f.s.DefaultListableBeanFactory - Returning cached instance of singleton bean 'org.springframework.transaction.config.internalTransactionAdvisor'
10:13:59.169 [main] DEBUG o.s.b.f.s.DefaultListableBeanFactory - Returning cached instance of singleton bean 'org.springframework.boot.autoconfigure.orm.jpa.HibernateJpaAutoConfiguration'
10:13:59.173 [main] DEBUG o.s.b.f.s.DefaultListableBeanFactory - Creating shared instance of singleton bean 'jpaVendorAdapter'
10:13:59.173 [main] DEBUG o.s.b.f.s.DefaultListableBeanFactory - Creating instance of bean 'jpaVendorAdapter'
10:13:59.173 [main] DEBUG o.s.b.f.s.DefaultListableBeanFactory - Returning cached instance of singleton bean 'org.springframework.transaction.config.internalTransactionAdvisor'
10:13:59.173 [main] DEBUG o.s.b.f.s.DefaultListableBeanFactory - Returning cached instance of singleton bean 'org.springframework.boot.autoconfigure.orm.jpa.HibernateJpaAutoConfiguration'
10:13:59.174 [main] DEBUG o.s.b.f.s.DefaultListableBeanFactory - Eagerly caching bean 'jpaVendorAdapter' to allow for resolving potential circular references
10:13:59.174 [main] DEBUG o.s.b.f.s.DefaultListableBeanFactory - Returning cached instance of singleton bean 'org.springframework.transaction.config.internalTransactionAdvisor'
10:13:59.174 [main] DEBUG o.s.b.f.s.DefaultListableBeanFactory - Returning cached instance of singleton bean 'org.springframework.transaction.config.internalTransactionAdvisor'
10:13:59.176 [main] DEBUG o.s.s.a.ScheduledAnnotationBeanPostProcessor - No @Scheduled annotations found on bean class: class org.springframework.orm.jpa.vendor.HibernateJpaVendorAdapter
10:13:59.176 [main] DEBUG o.s.b.f.s.DefaultListableBeanFactory - Finished creating instance of bean 'jpaVendorAdapter'
10:13:59.176 [main] DEBUG o.s.b.f.s.DefaultListableBeanFactory - Autowiring by type from bean name 'entityManagerFactoryBuilder' via factory method to bean named 'jpaVendorAdapter'
10:13:59.176 [main] DEBUG o.s.b.f.s.DefaultListableBeanFactory - Eagerly caching bean 'entityManagerFactoryBuilder' to allow for resolving potential circular references
10:13:59.176 [main] DEBUG o.s.b.f.s.DefaultListableBeanFactory - Returning cached instance of singleton bean 'org.springframework.transaction.config.internalTransactionAdvisor'
10:13:59.176 [main] DEBUG o.s.b.f.s.DefaultListableBeanFactory - Returning cached instance of singleton bean 'org.springframework.transaction.config.internalTransactionAdvisor'
10:13:59.177 [main] DEBUG o.s.s.a.ScheduledAnnotationBeanPostProcessor - No @Scheduled annotations found on bean class: class org.springframework.boot.autoconfigure.orm.jpa.EntityManagerFactoryBuilder
10:13:59.177 [main] DEBUG o.s.b.f.s.DefaultListableBeanFactory - Finished creating instance of bean 'entityManagerFactoryBuilder'
10:13:59.177 [main] DEBUG o.s.b.f.s.DefaultListableBeanFactory - Autowiring by type from bean name 'entityManagerFactory' via factory method to bean named 'entityManagerFactoryBuilder'
10:13:59.177 [main] DEBUG o.s.b.f.s.DefaultListableBeanFactory - Returning cached instance of singleton bean 'org.springframework.boot.autoconfigure.AutoConfigurationPackages'
10:13:59.177 [main] DEBUG o.s.b.f.s.DefaultListableBeanFactory - Returning cached instance of singleton bean 'org.springframework.boot.autoconfigure.AutoConfigurationPackages'
10:13:59.177 [main] DEBUG o.s.b.f.s.DefaultListableBeanFactory - Eagerly caching bean 'entityManagerFactory' to allow for resolving potential circular references
10:13:59.178 [main] DEBUG o.s.b.f.s.DefaultListableBeanFactory - Invoking afterPropertiesSet() on bean with name 'entityManagerFactory'
10:13:59.179 [main] DEBUG o.s.c.i.s.PathMatchingResourcePatternResolver - Looking for matching resources in directory tree [/Users/huff/development/java/apps/TAMU-Webservice-Seed/target/test-classes/edu/tamu/app]
10:13:59.179 [main] DEBUG o.s.c.i.s.PathMatchingResourcePatternResolver - Searching directory [/Users/huff/development/java/apps/TAMU-Webservice-Seed/target/test-classes/edu/tamu/app] for files matching pattern [/Users/huff/development/java/apps/TAMU-Webservice-Seed/target/test-classes/edu/tamu/app/**/*.class]
10:13:59.179 [main] DEBUG o.s.c.i.s.PathMatchingResourcePatternResolver - Searching directory [/Users/huff/development/java/apps/TAMU-Webservice-Seed/target/test-classes/edu/tamu/app/config] for files matching pattern [/Users/huff/development/java/apps/TAMU-Webservice-Seed/target/test-classes/edu/tamu/app/**/*.class]
10:13:59.179 [main] DEBUG o.s.c.i.s.PathMatchingResourcePatternResolver - Searching directory [/Users/huff/development/java/apps/TAMU-Webservice-Seed/target/test-classes/edu/tamu/app/model] for files matching pattern [/Users/huff/development/java/apps/TAMU-Webservice-Seed/target/test-classes/edu/tamu/app/**/*.class]
10:13:59.179 [main] DEBUG o.s.c.i.s.PathMatchingResourcePatternResolver - Searching directory [/Users/huff/development/java/apps/TAMU-Webservice-Seed/target/test-classes/edu/tamu/app/model/impl] for files matching pattern [/Users/huff/development/java/apps/TAMU-Webservice-Seed/target/test-classes/edu/tamu/app/**/*.class]
10:13:59.179 [main] DEBUG o.s.c.i.s.PathMatchingResourcePatternResolver - Looking for matching resources in directory tree [/Users/huff/development/java/apps/TAMU-Webservice-Seed/target/classes/edu/tamu/app]
10:13:59.179 [main] DEBUG o.s.c.i.s.PathMatchingResourcePatternResolver - Searching directory [/Users/huff/development/java/apps/TAMU-Webservice-Seed/target/classes/edu/tamu/app] for files matching pattern [/Users/huff/development/java/apps/TAMU-Webservice-Seed/target/classes/edu/tamu/app/**/*.class]
10:13:59.179 [main] DEBUG o.s.c.i.s.PathMatchingResourcePatternResolver - Searching directory [/Users/huff/development/java/apps/TAMU-Webservice-Seed/target/classes/edu/tamu/app/aspect] for files matching pattern [/Users/huff/development/java/apps/TAMU-Webservice-Seed/target/classes/edu/tamu/app/**/*.class]
10:13:59.180 [main] DEBUG o.s.c.i.s.PathMatchingResourcePatternResolver - Searching directory [/Users/huff/development/java/apps/TAMU-Webservice-Seed/target/classes/edu/tamu/app/config] for files matching pattern [/Users/huff/development/java/apps/TAMU-Webservice-Seed/target/classes/edu/tamu/app/**/*.class]
10:13:59.180 [main] DEBUG o.s.c.i.s.PathMatchingResourcePatternResolver - Searching directory [/Users/huff/development/java/apps/TAMU-Webservice-Seed/target/classes/edu/tamu/app/controller] for files matching pattern [/Users/huff/development/java/apps/TAMU-Webservice-Seed/target/classes/edu/tamu/app/**/*.class]
10:13:59.180 [main] DEBUG o.s.c.i.s.PathMatchingResourcePatternResolver - Searching directory [/Users/huff/development/java/apps/TAMU-Webservice-Seed/target/classes/edu/tamu/app/controller/interceptor] for files matching pattern [/Users/huff/development/java/apps/TAMU-Webservice-Seed/target/classes/edu/tamu/app/**/*.class]
10:13:59.180 [main] DEBUG o.s.c.i.s.PathMatchingResourcePatternResolver - Searching directory [/Users/huff/development/java/apps/TAMU-Webservice-Seed/target/classes/edu/tamu/app/model] for files matching pattern [/Users/huff/development/java/apps/TAMU-Webservice-Seed/target/classes/edu/tamu/app/**/*.class]
10:13:59.180 [main] DEBUG o.s.c.i.s.PathMatchingResourcePatternResolver - Searching directory [/Users/huff/development/java/apps/TAMU-Webservice-Seed/target/classes/edu/tamu/app/model/repo] for files matching pattern [/Users/huff/development/java/apps/TAMU-Webservice-Seed/target/classes/edu/tamu/app/**/*.class]
10:13:59.180 [main] DEBUG o.s.c.i.s.PathMatchingResourcePatternResolver - Searching directory [/Users/huff/development/java/apps/TAMU-Webservice-Seed/target/classes/edu/tamu/app/model/repo/impl] for files matching pattern [/Users/huff/development/java/apps/TAMU-Webservice-Seed/target/classes/edu/tamu/app/**/*.class]
10:13:59.180 [main] DEBUG o.s.c.i.s.PathMatchingResourcePatternResolver - Resolved location pattern [classpath*:edu/tamu/app/**/*.class] to resources [file [/Users/huff/development/java/apps/TAMU-Webservice-Seed/target/test-classes/edu/tamu/app/config/TestDataSourceConfiguration.class], file [/Users/huff/development/java/apps/TAMU-Webservice-Seed/target/test-classes/edu/tamu/app/model/impl/ShibTest.class], file [/Users/huff/development/java/apps/TAMU-Webservice-Seed/target/test-classes/edu/tamu/app/model/impl/UserTest.class], file [/Users/huff/development/java/apps/TAMU-Webservice-Seed/target/classes/edu/tamu/app/aspect/AppControllerAspect.class], file [/Users/huff/development/java/apps/TAMU-Webservice-Seed/target/classes/edu/tamu/app/config/AppConfig.class], file [/Users/huff/development/java/apps/TAMU-Webservice-Seed/target/classes/edu/tamu/app/config/AppWebConfigSupport.class], file [/Users/huff/development/java/apps/TAMU-Webservice-Seed/target/classes/edu/tamu/app/config/AppWebMvcConfig.class], file [/Users/huff/development/java/apps/TAMU-Webservice-Seed/target/classes/edu/tamu/app/config/AppWebSocketConfig.class], file [/Users/huff/development/java/apps/TAMU-Webservice-Seed/target/classes/edu/tamu/app/config/SecurityConfig.class], file [/Users/huff/development/java/apps/TAMU-Webservice-Seed/target/classes/edu/tamu/app/config/SpringContext.class], file [/Users/huff/development/java/apps/TAMU-Webservice-Seed/target/classes/edu/tamu/app/controller/AdminController.class], file [/Users/huff/development/java/apps/TAMU-Webservice-Seed/target/classes/edu/tamu/app/controller/interceptor/AppRestInterceptor.class], file [/Users/huff/development/java/apps/TAMU-Webservice-Seed/target/classes/edu/tamu/app/controller/interceptor/AppStompInterceptor.class], file [/Users/huff/development/java/apps/TAMU-Webservice-Seed/target/classes/edu/tamu/app/controller/MockAuthServiceController.class], file [/Users/huff/development/java/apps/TAMU-Webservice-Seed/target/classes/edu/tamu/app/controller/UserController$1.class], file [/Users/huff/development/java/apps/TAMU-Webservice-Seed/target/classes/edu/tamu/app/controller/UserController.class], file [/Users/huff/development/java/apps/TAMU-Webservice-Seed/target/classes/edu/tamu/app/model/AppUser.class], file [/Users/huff/development/java/apps/TAMU-Webservice-Seed/target/classes/edu/tamu/app/model/repo/impl/UserRepoImpl.class], file [/Users/huff/development/java/apps/TAMU-Webservice-Seed/target/classes/edu/tamu/app/model/repo/UserRepo.class], file [/Users/huff/development/java/apps/TAMU-Webservice-Seed/target/classes/edu/tamu/app/model/repo/UserRepoCustom.class], file [/Users/huff/development/java/apps/TAMU-Webservice-Seed/target/classes/edu/tamu/app/WebServerInit.class]]
10:13:59.184 [main] INFO  o.s.o.j.LocalContainerEntityManagerFactoryBean - Building JPA container EntityManagerFactory for persistence unit 'default'
10:13:59.184 [main] DEBUG o.h.jpa.internal.util.LogHelper - PersistenceUnitInfo [
	name: default
	persistence provider classname: null
	classloader: sun.misc.Launcher$AppClassLoader@4aa298b7
	excludeUnlistedClasses: true
	JTA datasource: null
	Non JTA datasource: org.springframework.jdbc.datasource.embedded.EmbeddedDatabaseFactory$EmbeddedDataSourceProxy@755b5f30
	Transaction type: RESOURCE_LOCAL
	PU root URL: file:/Users/huff/development/java/apps/TAMU-Webservice-Seed/target/test-classes/
	Shared Cache Mode: UNSPECIFIED
	Validation Mode: AUTO
	Jar files URLs []
	Managed classes names [
		edu.tamu.app.model.AppUser]
	Mapping files names []
	Properties []
10:13:59.184 [main] DEBUG o.h.i.internal.IntegratorServiceImpl - Adding Integrator [org.hibernate.cfg.beanvalidation.BeanValidationIntegrator].
10:13:59.184 [main] DEBUG o.h.i.internal.IntegratorServiceImpl - Adding Integrator [org.hibernate.secure.spi.JaccIntegrator].
10:13:59.184 [main] DEBUG o.h.i.internal.IntegratorServiceImpl - Adding Integrator [org.hibernate.cache.internal.CollectionCacheInvalidator].
10:13:59.184 [main] DEBUG o.h.i.internal.IntegratorServiceImpl - Adding Integrator [org.hibernate.jpa.event.spi.JpaIntegrator].
10:13:59.184 [main] DEBUG o.h.b.r.s.i.StrategySelectorImpl - Registering named strategy selector [org.hibernate.dialect.Dialect] : [MySQL5] -> [org.hibernate.dialect.MySQL5Dialect] (replacing [org.hibernate.dialect.MySQL5Dialect])
10:13:59.184 [main] DEBUG o.h.b.r.s.i.StrategySelectorImpl - Registering named strategy selector [org.hibernate.dialect.Dialect] : [MySQL5InnoDB] -> [org.hibernate.dialect.MySQL5InnoDBDialect] (replacing [org.hibernate.dialect.MySQL5InnoDBDialect])
10:13:59.187 [main] DEBUG o.h.service.spi.ServiceBinding - Overriding existing service binding [org.hibernate.secure.spi.JaccService]
10:13:59.187 [main] DEBUG org.hibernate.type.BasicTypeRegistry - Adding type registration boolean -> org.hibernate.type.BooleanType@7ed9499e
10:13:59.187 [main] DEBUG org.hibernate.type.BasicTypeRegistry - Adding type registration boolean -> org.hibernate.type.BooleanType@7ed9499e
10:13:59.187 [main] DEBUG org.hibernate.type.BasicTypeRegistry - Adding type registration java.lang.Boolean -> org.hibernate.type.BooleanType@7ed9499e
10:13:59.187 [main] DEBUG org.hibernate.type.BasicTypeRegistry - Adding type registration numeric_boolean -> org.hibernate.type.NumericBooleanType@10acd6
10:13:59.187 [main] DEBUG org.hibernate.type.BasicTypeRegistry - Adding type registration true_false -> org.hibernate.type.TrueFalseType@2f651f93
10:13:59.187 [main] DEBUG org.hibernate.type.BasicTypeRegistry - Adding type registration yes_no -> org.hibernate.type.YesNoType@747d1932
10:13:59.187 [main] DEBUG org.hibernate.type.BasicTypeRegistry - Adding type registration byte -> org.hibernate.type.ByteType@7c891ba7
10:13:59.187 [main] DEBUG org.hibernate.type.BasicTypeRegistry - Adding type registration byte -> org.hibernate.type.ByteType@7c891ba7
10:13:59.187 [main] DEBUG org.hibernate.type.BasicTypeRegistry - Adding type registration java.lang.Byte -> org.hibernate.type.ByteType@7c891ba7
10:13:59.187 [main] DEBUG org.hibernate.type.BasicTypeRegistry - Adding type registration character -> org.hibernate.type.CharacterType@5496c165
10:13:59.187 [main] DEBUG org.hibernate.type.BasicTypeRegistry - Adding type registration char -> org.hibernate.type.CharacterType@5496c165
10:13:59.187 [main] DEBUG org.hibernate.type.BasicTypeRegistry - Adding type registration java.lang.Character -> org.hibernate.type.CharacterType@5496c165
10:13:59.187 [main] DEBUG org.hibernate.type.BasicTypeRegistry - Adding type registration short -> org.hibernate.type.ShortType@50d951e7
10:13:59.187 [main] DEBUG org.hibernate.type.BasicTypeRegistry - Adding type registration short -> org.hibernate.type.ShortType@50d951e7
10:13:59.187 [main] DEBUG org.hibernate.type.BasicTypeRegistry - Adding type registration java.lang.Short -> org.hibernate.type.ShortType@50d951e7
10:13:59.187 [main] DEBUG org.hibernate.type.BasicTypeRegistry - Adding type registration integer -> org.hibernate.type.IntegerType@6aba5d30
10:13:59.187 [main] DEBUG org.hibernate.type.BasicTypeRegistry - Adding type registration int -> org.hibernate.type.IntegerType@6aba5d30
10:13:59.187 [main] DEBUG org.hibernate.type.BasicTypeRegistry - Adding type registration java.lang.Integer -> org.hibernate.type.IntegerType@6aba5d30
10:13:59.187 [main] DEBUG org.hibernate.type.BasicTypeRegistry - Adding type registration long -> org.hibernate.type.LongType@2c6aed22
10:13:59.187 [main] DEBUG org.hibernate.type.BasicTypeRegistry - Adding type registration long -> org.hibernate.type.LongType@2c6aed22
10:13:59.187 [main] DEBUG org.hibernate.type.BasicTypeRegistry - Adding type registration java.lang.Long -> org.hibernate.type.LongType@2c6aed22
10:13:59.187 [main] DEBUG org.hibernate.type.BasicTypeRegistry - Adding type registration float -> org.hibernate.type.FloatType@52cb4f50
10:13:59.187 [main] DEBUG org.hibernate.type.BasicTypeRegistry - Adding type registration float -> org.hibernate.type.FloatType@52cb4f50
10:13:59.187 [main] DEBUG org.hibernate.type.BasicTypeRegistry - Adding type registration java.lang.Float -> org.hibernate.type.FloatType@52cb4f50
10:13:59.187 [main] DEBUG org.hibernate.type.BasicTypeRegistry - Adding type registration double -> org.hibernate.type.DoubleType@572e6fd9
10:13:59.187 [main] DEBUG org.hibernate.type.BasicTypeRegistry - Adding type registration double -> org.hibernate.type.DoubleType@572e6fd9
10:13:59.187 [main] DEBUG org.hibernate.type.BasicTypeRegistry - Adding type registration java.lang.Double -> org.hibernate.type.DoubleType@572e6fd9
10:13:59.187 [main] DEBUG org.hibernate.type.BasicTypeRegistry - Adding type registration big_decimal -> org.hibernate.type.BigDecimalType@8a98f38
10:13:59.187 [main] DEBUG org.hibernate.type.BasicTypeRegistry - Adding type registration java.math.BigDecimal -> org.hibernate.type.BigDecimalType@8a98f38
10:13:59.187 [main] DEBUG org.hibernate.type.BasicTypeRegistry - Adding type registration big_integer -> org.hibernate.type.BigIntegerType@5fb65013
10:13:59.187 [main] DEBUG org.hibernate.type.BasicTypeRegistry - Adding type registration java.math.BigInteger -> org.hibernate.type.BigIntegerType@5fb65013
10:13:59.188 [main] DEBUG org.hibernate.type.BasicTypeRegistry - Adding type registration string -> org.hibernate.type.StringType@444cc791
10:13:59.188 [main] DEBUG org.hibernate.type.BasicTypeRegistry - Adding type registration java.lang.String -> org.hibernate.type.StringType@444cc791
10:13:59.188 [main] DEBUG org.hibernate.type.BasicTypeRegistry - Adding type registration nstring -> org.hibernate.type.StringNVarcharType@73437222
10:13:59.188 [main] DEBUG org.hibernate.type.BasicTypeRegistry - Adding type registration ncharacter -> org.hibernate.type.CharacterNCharType@12ffd1de
10:13:59.188 [main] DEBUG org.hibernate.type.BasicTypeRegistry - Adding type registration url -> org.hibernate.type.UrlType@6dfcffb5
10:13:59.188 [main] DEBUG org.hibernate.type.BasicTypeRegistry - Adding type registration java.net.URL -> org.hibernate.type.UrlType@6dfcffb5
10:13:59.188 [main] DEBUG org.hibernate.type.BasicTypeRegistry - Adding type registration date -> org.hibernate.type.DateType@23706db8
10:13:59.188 [main] DEBUG org.hibernate.type.BasicTypeRegistry - Adding type registration java.sql.Date -> org.hibernate.type.DateType@23706db8
10:13:59.188 [main] DEBUG org.hibernate.type.BasicTypeRegistry - Adding type registration time -> org.hibernate.type.TimeType@7bca6fac
10:13:59.188 [main] DEBUG org.hibernate.type.BasicTypeRegistry - Adding type registration java.sql.Time -> org.hibernate.type.TimeType@7bca6fac
10:13:59.188 [main] DEBUG org.hibernate.type.BasicTypeRegistry - Adding type registration timestamp -> org.hibernate.type.TimestampType@31d6f3fe
10:13:59.188 [main] DEBUG org.hibernate.type.BasicTypeRegistry - Adding type registration java.sql.Timestamp -> org.hibernate.type.TimestampType@31d6f3fe
10:13:59.188 [main] DEBUG org.hibernate.type.BasicTypeRegistry - Adding type registration java.util.Date -> org.hibernate.type.TimestampType@31d6f3fe
10:13:59.188 [main] DEBUG org.hibernate.type.BasicTypeRegistry - Adding type registration dbtimestamp -> org.hibernate.type.DbTimestampType@37303f12
10:13:59.188 [main] DEBUG org.hibernate.type.BasicTypeRegistry - Adding type registration calendar -> org.hibernate.type.CalendarType@5c73f672
10:13:59.188 [main] DEBUG org.hibernate.type.BasicTypeRegistry - Adding type registration java.util.Calendar -> org.hibernate.type.CalendarType@5c73f672
10:13:59.188 [main] DEBUG org.hibernate.type.BasicTypeRegistry - Adding type registration java.util.GregorianCalendar -> org.hibernate.type.CalendarType@5c73f672
10:13:59.188 [main] DEBUG org.hibernate.type.BasicTypeRegistry - Adding type registration calendar_date -> org.hibernate.type.CalendarDateType@4dc8c0ea
10:13:59.188 [main] DEBUG org.hibernate.type.BasicTypeRegistry - Adding type registration locale -> org.hibernate.type.LocaleType@2f508f3c
10:13:59.188 [main] DEBUG org.hibernate.type.BasicTypeRegistry - Adding type registration java.util.Locale -> org.hibernate.type.LocaleType@2f508f3c
10:13:59.188 [main] DEBUG org.hibernate.type.BasicTypeRegistry - Adding type registration currency -> org.hibernate.type.CurrencyType@2459319c
10:13:59.188 [main] DEBUG org.hibernate.type.BasicTypeRegistry - Adding type registration java.util.Currency -> org.hibernate.type.CurrencyType@2459319c
10:13:59.188 [main] DEBUG org.hibernate.type.BasicTypeRegistry - Adding type registration timezone -> org.hibernate.type.TimeZoneType@69a2b3b6
10:13:59.188 [main] DEBUG org.hibernate.type.BasicTypeRegistry - Adding type registration java.util.TimeZone -> org.hibernate.type.TimeZoneType@69a2b3b6
10:13:59.188 [main] DEBUG org.hibernate.type.BasicTypeRegistry - Adding type registration class -> org.hibernate.type.ClassType@228cea97
10:13:59.188 [main] DEBUG org.hibernate.type.BasicTypeRegistry - Adding type registration java.lang.Class -> org.hibernate.type.ClassType@228cea97
10:13:59.188 [main] DEBUG org.hibernate.type.BasicTypeRegistry - Adding type registration uuid-binary -> org.hibernate.type.UUIDBinaryType@151ef57f
10:13:59.188 [main] DEBUG org.hibernate.type.BasicTypeRegistry - Adding type registration java.util.UUID -> org.hibernate.type.UUIDBinaryType@151ef57f
10:13:59.188 [main] DEBUG org.hibernate.type.BasicTypeRegistry - Adding type registration uuid-char -> org.hibernate.type.UUIDCharType@2cc03cd1
10:13:59.188 [main] DEBUG org.hibernate.type.BasicTypeRegistry - Adding type registration pg-uuid -> org.hibernate.type.PostgresUUIDType@3b9632d1
10:13:59.188 [main] DEBUG org.hibernate.type.BasicTypeRegistry - Adding type registration binary -> org.hibernate.type.BinaryType@26d96e5
10:13:59.188 [main] DEBUG org.hibernate.type.BasicTypeRegistry - Adding type registration byte[] -> org.hibernate.type.BinaryType@26d96e5
10:13:59.188 [main] DEBUG org.hibernate.type.BasicTypeRegistry - Adding type registration [B -> org.hibernate.type.BinaryType@26d96e5
10:13:59.188 [main] DEBUG org.hibernate.type.BasicTypeRegistry - Adding type registration wrapper-binary -> org.hibernate.type.WrapperBinaryType@5fac521d
10:13:59.188 [main] DEBUG org.hibernate.type.BasicTypeRegistry - Adding type registration Byte[] -> org.hibernate.type.WrapperBinaryType@5fac521d
10:13:59.188 [main] DEBUG org.hibernate.type.BasicTypeRegistry - Adding type registration [Ljava.lang.Byte; -> org.hibernate.type.WrapperBinaryType@5fac521d
10:13:59.188 [main] DEBUG org.hibernate.type.BasicTypeRegistry - Adding type registration image -> org.hibernate.type.ImageType@7a0f244f
10:13:59.188 [main] DEBUG org.hibernate.type.BasicTypeRegistry - Adding type registration characters -> org.hibernate.type.CharArrayType@2330e3e0
10:13:59.188 [main] DEBUG org.hibernate.type.BasicTypeRegistry - Adding type registration char[] -> org.hibernate.type.CharArrayType@2330e3e0
10:13:59.188 [main] DEBUG org.hibernate.type.BasicTypeRegistry - Adding type registration [C -> org.hibernate.type.CharArrayType@2330e3e0
10:13:59.188 [main] DEBUG org.hibernate.type.BasicTypeRegistry - Adding type registration wrapper-characters -> org.hibernate.type.CharacterArrayType@40e60ece
10:13:59.188 [main] DEBUG org.hibernate.type.BasicTypeRegistry - Adding type registration [Ljava.lang.Character; -> org.hibernate.type.CharacterArrayType@40e60ece
10:13:59.188 [main] DEBUG org.hibernate.type.BasicTypeRegistry - Adding type registration Character[] -> org.hibernate.type.CharacterArrayType@40e60ece
10:13:59.188 [main] DEBUG org.hibernate.type.BasicTypeRegistry - Adding type registration text -> org.hibernate.type.TextType@61f39bb
10:13:59.188 [main] DEBUG org.hibernate.type.BasicTypeRegistry - Adding type registration ntext -> org.hibernate.type.NTextType@78525ef9
10:13:59.188 [main] DEBUG org.hibernate.type.BasicTypeRegistry - Adding type registration blob -> org.hibernate.type.BlobType@36fc05ff
10:13:59.188 [main] DEBUG org.hibernate.type.BasicTypeRegistry - Adding type registration java.sql.Blob -> org.hibernate.type.BlobType@36fc05ff
10:13:59.188 [main] DEBUG org.hibernate.type.BasicTypeRegistry - Adding type registration materialized_blob -> org.hibernate.type.MaterializedBlobType@4339e0de
10:13:59.188 [main] DEBUG org.hibernate.type.BasicTypeRegistry - Adding type registration clob -> org.hibernate.type.ClobType@5c1f6d57
10:13:59.188 [main] DEBUG org.hibernate.type.BasicTypeRegistry - Adding type registration java.sql.Clob -> org.hibernate.type.ClobType@5c1f6d57
10:13:59.188 [main] DEBUG org.hibernate.type.BasicTypeRegistry - Adding type registration nclob -> org.hibernate.type.NClobType@39fa8ad2
10:13:59.188 [main] DEBUG org.hibernate.type.BasicTypeRegistry - Adding type registration java.sql.NClob -> org.hibernate.type.NClobType@39fa8ad2
10:13:59.188 [main] DEBUG org.hibernate.type.BasicTypeRegistry - Adding type registration materialized_clob -> org.hibernate.type.MaterializedClobType@cf67838
10:13:59.188 [main] DEBUG org.hibernate.type.BasicTypeRegistry - Adding type registration materialized_nclob -> org.hibernate.type.MaterializedNClobType@53b8afea
10:13:59.188 [main] DEBUG org.hibernate.type.BasicTypeRegistry - Adding type registration serializable -> org.hibernate.type.SerializableType@24934262
10:13:59.188 [main] DEBUG org.hibernate.type.BasicTypeRegistry - Adding type registration object -> org.hibernate.type.ObjectType@34f392be
10:13:59.188 [main] DEBUG org.hibernate.type.BasicTypeRegistry - Adding type registration java.lang.Object -> org.hibernate.type.ObjectType@34f392be
10:13:59.189 [main] DEBUG org.hibernate.type.BasicTypeRegistry - Adding type registration imm_date -> org.hibernate.type.AdaptedImmutableType@234cd86c
10:13:59.189 [main] DEBUG org.hibernate.type.BasicTypeRegistry - Adding type registration imm_time -> org.hibernate.type.AdaptedImmutableType@2c48cede
10:13:59.189 [main] DEBUG org.hibernate.type.BasicTypeRegistry - Adding type registration imm_timestamp -> org.hibernate.type.AdaptedImmutableType@39c87b42
10:13:59.189 [main] DEBUG org.hibernate.type.BasicTypeRegistry - Adding type registration imm_dbtimestamp -> org.hibernate.type.AdaptedImmutableType@47fcefb3
10:13:59.189 [main] DEBUG org.hibernate.type.BasicTypeRegistry - Adding type registration imm_calendar -> org.hibernate.type.AdaptedImmutableType@236c098
10:13:59.189 [main] DEBUG org.hibernate.type.BasicTypeRegistry - Adding type registration imm_calendar_date -> org.hibernate.type.AdaptedImmutableType@68e2d03e
10:13:59.189 [main] DEBUG org.hibernate.type.BasicTypeRegistry - Adding type registration imm_binary -> org.hibernate.type.AdaptedImmutableType@120aa40b
10:13:59.189 [main] DEBUG org.hibernate.type.BasicTypeRegistry - Adding type registration imm_serializable -> org.hibernate.type.AdaptedImmutableType@32ab408e
10:13:59.189 [main] DEBUG o.h.i.f.i.DefaultIdentifierGeneratorFactory - Registering IdentifierGenerator strategy [uuid2] -> [org.hibernate.id.UUIDGenerator]
10:13:59.189 [main] DEBUG o.h.i.f.i.DefaultIdentifierGeneratorFactory - Registering IdentifierGenerator strategy [guid] -> [org.hibernate.id.GUIDGenerator]
10:13:59.189 [main] DEBUG o.h.i.f.i.DefaultIdentifierGeneratorFactory - Registering IdentifierGenerator strategy [uuid] -> [org.hibernate.id.UUIDHexGenerator]
10:13:59.189 [main] DEBUG o.h.i.f.i.DefaultIdentifierGeneratorFactory - Registering IdentifierGenerator strategy [uuid.hex] -> [org.hibernate.id.UUIDHexGenerator]
10:13:59.189 [main] DEBUG o.h.i.f.i.DefaultIdentifierGeneratorFactory - Registering IdentifierGenerator strategy [hilo] -> [org.hibernate.id.TableHiLoGenerator]
10:13:59.189 [main] DEBUG o.h.i.f.i.DefaultIdentifierGeneratorFactory - Registering IdentifierGenerator strategy [assigned] -> [org.hibernate.id.Assigned]
10:13:59.189 [main] DEBUG o.h.i.f.i.DefaultIdentifierGeneratorFactory - Registering IdentifierGenerator strategy [identity] -> [org.hibernate.id.IdentityGenerator]
10:13:59.189 [main] DEBUG o.h.i.f.i.DefaultIdentifierGeneratorFactory - Registering IdentifierGenerator strategy [select] -> [org.hibernate.id.SelectGenerator]
10:13:59.189 [main] DEBUG o.h.i.f.i.DefaultIdentifierGeneratorFactory - Registering IdentifierGenerator strategy [sequence] -> [org.hibernate.id.SequenceGenerator]
10:13:59.189 [main] DEBUG o.h.i.f.i.DefaultIdentifierGeneratorFactory - Registering IdentifierGenerator strategy [seqhilo] -> [org.hibernate.id.SequenceHiLoGenerator]
10:13:59.189 [main] DEBUG o.h.i.f.i.DefaultIdentifierGeneratorFactory - Registering IdentifierGenerator strategy [increment] -> [org.hibernate.id.IncrementGenerator]
10:13:59.189 [main] DEBUG o.h.i.f.i.DefaultIdentifierGeneratorFactory - Registering IdentifierGenerator strategy [foreign] -> [org.hibernate.id.ForeignGenerator]
10:13:59.189 [main] DEBUG o.h.i.f.i.DefaultIdentifierGeneratorFactory - Registering IdentifierGenerator strategy [sequence-identity] -> [org.hibernate.id.SequenceIdentityGenerator]
10:13:59.189 [main] DEBUG o.h.i.f.i.DefaultIdentifierGeneratorFactory - Registering IdentifierGenerator strategy [enhanced-sequence] -> [org.hibernate.id.enhanced.SequenceStyleGenerator]
10:13:59.189 [main] DEBUG o.h.i.f.i.DefaultIdentifierGeneratorFactory - Registering IdentifierGenerator strategy [enhanced-table] -> [org.hibernate.id.enhanced.TableGenerator]
10:13:59.189 [main] DEBUG org.hibernate.cfg.Configuration - Preparing to build session factory with filters : {}
10:13:59.189 [main] DEBUG o.s.j.d.SimpleDriverDataSource - Creating new JDBC Driver Connection to [jdbc:h2:mem:testdb;DB_CLOSE_DELAY=-1;DB_CLOSE_ON_EXIT=false]
10:13:59.190 [main] DEBUG o.h.e.jdbc.internal.JdbcServicesImpl - Database ->
       name : H2
    version : 1.4.190 (2015-10-11)
      major : 1
      minor : 4
10:13:59.190 [main] DEBUG o.h.e.jdbc.internal.JdbcServicesImpl - Driver ->
       name : H2 JDBC Driver
    version : 1.4.190 (2015-10-11)
      major : 1
      minor : 4
10:13:59.190 [main] DEBUG o.h.e.jdbc.internal.JdbcServicesImpl - JDBC version : 4.0
10:13:59.190 [main] DEBUG o.h.e.j.c.i.StandardRefCursorSupport - Unexpected error trying to gauge level of JDBC REF_CURSOR support : null
10:13:59.193 [main] INFO  org.hibernate.dialect.Dialect - HHH000400: Using dialect: org.hibernate.dialect.PostgreSQLDialect
10:13:59.194 [main] DEBUG org.hibernate.cfg.Configuration - Processing hbm.xml files
10:13:59.194 [main] DEBUG org.hibernate.cfg.Configuration - Process annotated classes
10:13:59.194 [main] DEBUG org.hibernate.cfg.AnnotationBinder - Binding entity from annotated class: edu.tamu.framework.model.AbstractCoreUserImpl
10:13:59.194 [main] DEBUG org.hibernate.cfg.Ejb3Column - Binding column: Ejb3DiscriminatorColumn{logicalColumnName'DTYPE', discriminatorTypeName='string'}
10:13:59.194 [main] DEBUG o.h.cfg.annotations.EntityBinder - Import with entity name AbstractCoreUserImpl
10:13:59.194 [main] DEBUG o.h.cfg.annotations.EntityBinder - Bind entity edu.tamu.framework.model.AbstractCoreUserImpl on table core_users
10:13:59.195 [main] DEBUG org.hibernate.cfg.Ejb3Column - Binding column: Ejb3Column{table=org.hibernate.mapping.Table(core_users), mappingColumn=uin, insertable=true, updatable=true, unique=false}
10:13:59.195 [main] DEBUG o.h.cfg.annotations.PropertyBinder - MetadataSourceProcessor property uin with lazy=false
10:13:59.195 [main] DEBUG o.h.cfg.AbstractPropertyHolder - Attempting to locate auto-apply AttributeConverter for property [edu.tamu.framework.model.AbstractCoreUserImpl:uin]
10:13:59.195 [main] DEBUG o.h.c.annotations.SimpleValueBinder - building SimpleValue for uin
10:13:59.195 [main] DEBUG o.h.cfg.annotations.PropertyBinder - Building property uin
10:13:59.195 [main] DEBUG org.hibernate.cfg.Ejb3Column - Binding column: Ejb3Column{table=org.hibernate.mapping.Table(core_users), mappingColumn=role, insertable=true, updatable=true, unique=false}
10:13:59.195 [main] DEBUG o.h.cfg.annotations.PropertyBinder - MetadataSourceProcessor property role with lazy=false
10:13:59.195 [main] DEBUG o.h.cfg.AbstractPropertyHolder - Attempting to locate auto-apply AttributeConverter for property [edu.tamu.framework.model.AbstractCoreUserImpl:role]
10:13:59.195 [main] DEBUG o.h.c.annotations.SimpleValueBinder - building SimpleValue for role
10:13:59.195 [main] DEBUG o.h.cfg.annotations.PropertyBinder - Building property role
10:13:59.195 [main] DEBUG org.hibernate.cfg.AnnotationBinder - Binding entity from annotated class: edu.tamu.app.model.AppUser
10:13:59.195 [main] DEBUG o.h.cfg.annotations.EntityBinder - Import with entity name AppUser
10:13:59.196 [main] DEBUG org.hibernate.cfg.Ejb3Column - Binding column: Ejb3Column{table=org.hibernate.mapping.Table(core_users), mappingColumn=first_name, insertable=true, updatable=true, unique=false}
10:13:59.196 [main] DEBUG o.h.cfg.annotations.PropertyBinder - MetadataSourceProcessor property firstName with lazy=false
10:13:59.196 [main] DEBUG o.h.cfg.AbstractPropertyHolder - Attempting to locate auto-apply AttributeConverter for property [edu.tamu.app.model.AppUser:firstName]
10:13:59.196 [main] DEBUG o.h.c.annotations.SimpleValueBinder - building SimpleValue for firstName
10:13:59.196 [main] DEBUG o.h.cfg.annotations.PropertyBinder - Building property firstName
10:13:59.196 [main] DEBUG org.hibernate.cfg.Ejb3Column - Binding column: Ejb3Column{table=org.hibernate.mapping.Table(core_users), mappingColumn=last_name, insertable=true, updatable=true, unique=false}
10:13:59.196 [main] DEBUG o.h.cfg.annotations.PropertyBinder - MetadataSourceProcessor property lastName with lazy=false
10:13:59.196 [main] DEBUG o.h.cfg.AbstractPropertyHolder - Attempting to locate auto-apply AttributeConverter for property [edu.tamu.app.model.AppUser:lastName]
10:13:59.196 [main] DEBUG o.h.c.annotations.SimpleValueBinder - building SimpleValue for lastName
10:13:59.196 [main] DEBUG o.h.cfg.annotations.PropertyBinder - Building property lastName
10:13:59.196 [main] DEBUG o.h.c.annotations.SimpleValueBinder - Starting fillSimpleValue for uin
10:13:59.196 [main] DEBUG o.h.c.annotations.SimpleValueBinder - Starting fillSimpleValue for role
10:13:59.196 [main] DEBUG o.h.c.annotations.SimpleValueBinder - Starting fillSimpleValue for firstName
10:13:59.196 [main] DEBUG o.h.c.annotations.SimpleValueBinder - Starting fillSimpleValue for lastName
10:13:59.196 [main] DEBUG org.hibernate.cfg.Configuration - Processing fk mappings (*ToOne and JoinedSubclass)
10:13:59.196 [main] DEBUG org.hibernate.cfg.Configuration - Processing extends queue
10:13:59.196 [main] DEBUG org.hibernate.cfg.Configuration - Processing extends queue
10:13:59.196 [main] DEBUG org.hibernate.cfg.Configuration - Processing collection mappings
10:13:59.196 [main] DEBUG org.hibernate.cfg.Configuration - Processing native query and ResultSetMapping mappings
10:13:59.196 [main] DEBUG org.hibernate.cfg.Configuration - Processing association property references
10:13:59.196 [main] DEBUG org.hibernate.cfg.Configuration - Creating tables' unique integer identifiers
10:13:59.196 [main] DEBUG org.hibernate.cfg.Configuration - Processing foreign key constraints
10:13:59.196 [main] DEBUG org.hibernate.cfg.SettingsFactory - Automatic flush during beforeCompletion(): disabled
10:13:59.196 [main] DEBUG org.hibernate.cfg.SettingsFactory - Automatic session close at end of transaction: disabled
10:13:59.196 [main] DEBUG org.hibernate.cfg.SettingsFactory - JDBC batch size: 15
10:13:59.196 [main] DEBUG org.hibernate.cfg.SettingsFactory - JDBC batch updates for versioned data: disabled
10:13:59.196 [main] DEBUG org.hibernate.cfg.SettingsFactory - Scrollable result sets: enabled
10:13:59.196 [main] DEBUG org.hibernate.cfg.SettingsFactory - Wrap result sets: disabled
10:13:59.196 [main] DEBUG org.hibernate.cfg.SettingsFactory - JDBC3 getGeneratedKeys(): enabled
10:13:59.196 [main] DEBUG org.hibernate.cfg.SettingsFactory - multi-tenancy strategy : NONE
10:13:59.196 [main] DEBUG org.hibernate.cfg.SettingsFactory - Connection release mode: auto
10:13:59.196 [main] DEBUG org.hibernate.cfg.SettingsFactory - Using BatchFetchStyle : LEGACY
10:13:59.196 [main] DEBUG org.hibernate.cfg.SettingsFactory - Default batch fetch size: 1
10:13:59.196 [main] DEBUG org.hibernate.cfg.SettingsFactory - Generate SQL with comments: disabled
10:13:59.196 [main] DEBUG org.hibernate.cfg.SettingsFactory - Order SQL updates by primary key: disabled
10:13:59.196 [main] DEBUG org.hibernate.cfg.SettingsFactory - Order SQL inserts for batching: disabled
10:13:59.196 [main] DEBUG org.hibernate.cfg.SettingsFactory - Default null ordering: none
10:13:59.196 [main] DEBUG org.hibernate.cfg.SettingsFactory - Query translator: org.hibernate.hql.internal.ast.ASTQueryTranslatorFactory
10:13:59.196 [main] INFO  o.h.h.i.a.ASTQueryTranslatorFactory - HHH000397: Using ASTQueryTranslatorFactory
10:13:59.197 [main] DEBUG org.hibernate.cfg.SettingsFactory - Query language substitutions: {}
10:13:59.197 [main] DEBUG org.hibernate.cfg.SettingsFactory - JPA-QL strict compliance: disabled
10:13:59.197 [main] DEBUG org.hibernate.cfg.SettingsFactory - Second-level cache: enabled
10:13:59.197 [main] DEBUG org.hibernate.cfg.SettingsFactory - Query cache: disabled
10:13:59.197 [main] DEBUG o.h.c.i.RegionFactoryInitiator - Cache region factory : org.hibernate.cache.internal.NoCachingRegionFactory
10:13:59.197 [main] DEBUG org.hibernate.cfg.SettingsFactory - Optimize cache for minimal puts: disabled
10:13:59.197 [main] DEBUG org.hibernate.cfg.SettingsFactory - Structured second-level cache entries: disabled
10:13:59.197 [main] DEBUG org.hibernate.cfg.SettingsFactory - Second-level cache direct-reference entries: disabled
10:13:59.197 [main] DEBUG org.hibernate.cfg.SettingsFactory - Automatic eviction of collection cache: disabled
10:13:59.197 [main] DEBUG org.hibernate.cfg.SettingsFactory - Statistics: disabled
10:13:59.197 [main] DEBUG org.hibernate.cfg.SettingsFactory - Deleted entity synthetic identifier rollback: disabled
10:13:59.197 [main] DEBUG org.hibernate.cfg.SettingsFactory - Default entity-mode: pojo
10:13:59.197 [main] DEBUG org.hibernate.cfg.SettingsFactory - Named query checking : enabled
10:13:59.197 [main] DEBUG org.hibernate.cfg.SettingsFactory - Check Nullability in Core (should be disabled when Bean Validation is on): enabled
10:13:59.197 [main] DEBUG org.hibernate.cfg.SettingsFactory - Allow initialization of lazy state outside session : : disabled
10:13:59.197 [main] DEBUG org.hibernate.cfg.SettingsFactory - JTA Track by Thread: enabled
10:13:59.197 [main] DEBUG o.h.internal.SessionFactoryImpl - Building session factory
10:13:59.197 [main] DEBUG o.h.internal.SessionFactoryImpl - Session factory constructed with filter configurations : {}
10:13:59.197 [main] DEBUG o.h.internal.SessionFactoryImpl - Instantiating session factory with properties: {java.runtime.name=Java(TM) SE Runtime Environment, sun.boot.library.path=/Library/Java/JavaVirtualMachines/jdk1.8.0_25.jdk/Contents/Home/jre/lib, java.vm.version=25.25-b02, gopherProxySet=false, java.vm.vendor=Oracle Corporation, java.vendor.url=http://java.oracle.com/, path.separator=:, java.vm.name=Java HotSpot(TM) 64-Bit Server VM, file.encoding.pkg=sun.io, user.country=US, sun.java.launcher=SUN_STANDARD, sun.os.patch.level=unknown, hibernate.ejb.naming_strategy=org.springframework.boot.orm.jpa.hibernate.SpringNamingStrategy, java.vm.specification.name=Java Virtual Machine Specification, user.dir=/Users/huff/development/java/apps/TAMU-Webservice-Seed, javax.persistence.sharedCache.mode=UNSPECIFIED, java.runtime.version=1.8.0_25-b17, java.awt.graphicsenv=sun.awt.CGraphicsEnvironment, basedir=/Users/huff/development/java/apps/TAMU-Webservice-Seed, java.endorsed.dirs=/Library/Java/JavaVirtualMachines/jdk1.8.0_25.jdk/Contents/Home/jre/lib/endorsed, os.arch=x86_64, surefire.real.class.path=/Users/huff/development/java/apps/TAMU-Webservice-Seed/target/surefire/surefirebooter1089328261698794894.jar, java.io.tmpdir=/var/folders/s5/4szgmjf93r9gj2y1w3x35z514ml7xy/T/, line.separator=
, java.vm.specification.vendor=Oracle Corporation, os.name=Mac OS X, sun.jnu.encoding=UTF-8, java.library.path=/Users/huff/Library/Java/Extensions:/Library/Java/Extensions:/Network/Library/Java/Extensions:/System/Library/Java/Extensions:/usr/lib/java:., surefire.test.class.path=/Users/huff/development/java/apps/TAMU-Webservice-Seed/target/test-classes:/Users/huff/development/java/apps/TAMU-Webservice-Seed/target/classes:/Users/huff/.m2/repository/edu/tamu/framework/webservice-framework-core/2.0.0-SNAPSHOT/webservice-framework-core-2.0.0-SNAPSHOT.jar:/Users/huff/.m2/repository/org/springframework/boot/spring-boot-starter-websocket/1.2.7.RELEASE/spring-boot-starter-websocket-1.2.7.RELEASE.jar:/Users/huff/.m2/repository/org/springframework/boot/spring-boot-starter/1.2.7.RELEASE/spring-boot-starter-1.2.7.RELEASE.jar:/Users/huff/.m2/repository/org/springframework/boot/spring-boot/1.2.7.RELEASE/spring-boot-1.2.7.RELEASE.jar:/Users/huff/.m2/repository/org/springframework/boot/spring-boot-autoconfigure/1.2.7.RELEASE/spring-boot-autoconfigure-1.2.7.RELEASE.jar:/Users/huff/.m2/repository/org/springframework/boot/spring-boot-starter-logging/1.2.7.RELEASE/spring-boot-starter-logging-1.2.7.RELEASE.jar:/Users/huff/.m2/repository/org/slf4j/jul-to-slf4j/1.7.12/jul-to-slf4j-1.7.12.jar:/Users/huff/.m2/repository/org/slf4j/log4j-over-slf4j/1.7.12/log4j-over-slf4j-1.7.12.jar:/Users/huff/.m2/repository/ch/qos/logback/logback-classic/1.1.3/logback-classic-1.1.3.jar:/Users/huff/.m2/repository/ch/qos/logback/logback-core/1.1.3/logback-core-1.1.3.jar:/Users/huff/.m2/repository/org/yaml/snakeyaml/1.14/snakeyaml-1.14.jar:/Users/huff/.m2/repository/org/springframework/boot/spring-boot-starter-web/1.2.7.RELEASE/spring-boot-starter-web-1.2.7.RELEASE.jar:/Users/huff/.m2/repository/com/fasterxml/jackson/core/jackson-databind/2.4.6/jackson-databind-2.4.6.jar:/Users/huff/.m2/repository/com/fasterxml/jackson/core/jackson-annotations/2.4.6/jackson-annotations-2.4.6.jar:/Users/huff/.m2/repository/com/fasterxml/jackson/core/jackson-core/2.4.6/jackson-core-2.4.6.jar:/Users/huff/.m2/repository/org/hibernate/hibernate-validator/5.1.3.Final/hibernate-validator-5.1.3.Final.jar:/Users/huff/.m2/repository/javax/validation/validation-api/1.1.0.Final/validation-api-1.1.0.Final.jar:/Users/huff/.m2/repository/com/fasterxml/classmate/1.0.0/classmate-1.0.0.jar:/Users/huff/.m2/repository/org/springframework/spring-core/4.1.8.RELEASE/spring-core-4.1.8.RELEASE.jar:/Users/huff/.m2/repository/org/springframework/spring-websocket/4.1.8.RELEASE/spring-websocket-4.1.8.RELEASE.jar:/Users/huff/.m2/repository/org/springframework/boot/spring-boot-starter-tomcat/1.2.7.RELEASE/spring-boot-starter-tomcat-1.2.7.RELEASE.jar:/Users/huff/.m2/repository/org/apache/tomcat/embed/tomcat-embed-core/8.0.28/tomcat-embed-core-8.0.28.jar:/Users/huff/.m2/repository/org/apache/tomcat/embed/tomcat-embed-el/8.0.28/tomcat-embed-el-8.0.28.jar:/Users/huff/.m2/repository/org/apache/tomcat/embed/tomcat-embed-logging-juli/8.0.28/tomcat-embed-logging-juli-8.0.28.jar:/Users/huff/.m2/repository/org/apache/tomcat/embed/tomcat-embed-websocket/8.0.28/tomcat-embed-websocket-8.0.28.jar:/Users/huff/.m2/repository/org/springframework/boot/spring-boot-configuration-processor/1.2.7.RELEASE/spring-boot-configuration-processor-1.2.7.RELEASE.jar:/Users/huff/.m2/repository/org/json/json/20140107/json-20140107.jar:/Users/huff/.m2/repository/org/springframework/spring-messaging/4.1.8.RELEASE/spring-messaging-4.1.8.RELEASE.jar:/Users/huff/.m2/repository/org/springframework/spring-beans/4.1.8.RELEASE/spring-beans-4.1.8.RELEASE.jar:/Users/huff/.m2/repository/org/springframework/spring-context/4.1.8.RELEASE/spring-context-4.1.8.RELEASE.jar:/Users/huff/.m2/repository/org/springframework/boot/spring-boot-starter-data-jpa/1.2.7.RELEASE/spring-boot-starter-data-jpa-1.2.7.RELEASE.jar:/Users/huff/.m2/repository/org/springframework/boot/spring-boot-starter-aop/1.2.7.RELEASE/spring-boot-starter-aop-1.2.7.RELEASE.jar:/Users/huff/.m2/repository/org/aspectj/aspectjrt/1.8.7/aspectjrt-1.8.7.jar:/Users/huff/.m2/repository/org/aspectj/aspectjweaver/1.8.7/aspectjweaver-1.8.7.jar:/Users/huff/.m2/repository/org/springframework/boot/spring-boot-starter-jdbc/1.2.7.RELEASE/spring-boot-starter-jdbc-1.2.7.RELEASE.jar:/Users/huff/.m2/repository/org/springframework/spring-jdbc/4.1.8.RELEASE/spring-jdbc-4.1.8.RELEASE.jar:/Users/huff/.m2/repository/org/apache/tomcat/tomcat-jdbc/8.0.28/tomcat-jdbc-8.0.28.jar:/Users/huff/.m2/repository/org/apache/tomcat/tomcat-juli/8.0.28/tomcat-juli-8.0.28.jar:/Users/huff/.m2/repository/org/springframework/spring-tx/4.1.8.RELEASE/spring-tx-4.1.8.RELEASE.jar:/Users/huff/.m2/repository/org/hibernate/hibernate-entitymanager/4.3.11.Final/hibernate-entitymanager-4.3.11.Final.jar:/Users/huff/.m2/repository/org/jboss/logging/jboss-logging/3.1.3.GA/jboss-logging-3.1.3.GA.jar:/Users/huff/.m2/repository/org/jboss/logging/jboss-logging-annotations/1.2.0.Beta1/jboss-logging-annotations-1.2.0.Beta1.jar:/Users/huff/.m2/repository/org/hibernate/hibernate-core/4.3.11.Final/hibernate-core-4.3.11.Final.jar:/Users/huff/.m2/repository/antlr/antlr/2.7.7/antlr-2.7.7.jar:/Users/huff/.m2/repository/org/jboss/jandex/1.1.0.Final/jandex-1.1.0.Final.jar:/Users/huff/.m2/repository/dom4j/dom4j/1.6.1/dom4j-1.6.1.jar:/Users/huff/.m2/repository/xml-apis/xml-apis/1.0.b2/xml-apis-1.0.b2.jar:/Users/huff/.m2/repository/org/hibernate/common/hibernate-commons-annotations/4.0.5.Final/hibernate-commons-annotations-4.0.5.Final.jar:/Users/huff/.m2/repository/org/hibernate/javax/persistence/hibernate-jpa-2.1-api/1.0.0.Final/hibernate-jpa-2.1-api-1.0.0.Final.jar:/Users/huff/.m2/repository/org/javassist/javassist/3.18.1-GA/javassist-3.18.1-GA.jar:/Users/huff/.m2/repository/javax/transaction/javax.transaction-api/1.2/javax.transaction-api-1.2.jar:/Users/huff/.m2/repository/org/springframework/spring-orm/4.1.8.RELEASE/spring-orm-4.1.8.RELEASE.jar:/Users/huff/.m2/repository/org/springframework/data/spring-data-jpa/1.7.4.RELEASE/spring-data-jpa-1.7.4.RELEASE.jar:/Users/huff/.m2/repository/org/springframework/data/spring-data-commons/1.9.4.RELEASE/spring-data-commons-1.9.4.RELEASE.jar:/Users/huff/.m2/repository/org/slf4j/jcl-over-slf4j/1.7.12/jcl-over-slf4j-1.7.12.jar:/Users/huff/.m2/repository/org/springframework/spring-aspects/4.1.8.RELEASE/spring-aspects-4.1.8.RELEASE.jar:/Users/huff/.m2/repository/org/springframework/boot/spring-boot-starter-security/1.2.7.RELEASE/spring-boot-starter-security-1.2.7.RELEASE.jar:/Users/huff/.m2/repository/org/springframework/spring-expression/4.1.8.RELEASE/spring-expression-4.1.8.RELEASE.jar:/Users/huff/.m2/repository/org/springframework/spring-web/4.1.8.RELEASE/spring-web-4.1.8.RELEASE.jar:/Users/huff/.m2/repository/org/springframework/security/spring-security-config/3.2.8.RELEASE/spring-security-config-3.2.8.RELEASE.jar:/Users/huff/.m2/repository/aopalliance/aopalliance/1.0/aopalliance-1.0.jar:/Users/huff/.m2/repository/org/springframework/security/spring-security-web/3.2.8.RELEASE/spring-security-web-3.2.8.RELEASE.jar:/Users/huff/.m2/repository/org/springframework/spring-aop/4.1.8.RELEASE/spring-aop-4.1.8.RELEASE.jar:/Users/huff/.m2/repository/org/springframework/security/spring-security-jwt/1.0.3.RELEASE/spring-security-jwt-1.0.3.RELEASE.jar:/Users/huff/.m2/repository/org/bouncycastle/bcpkix-jdk15on/1.47/bcpkix-jdk15on-1.47.jar:/Users/huff/.m2/repository/org/bouncycastle/bcprov-jdk15on/1.47/bcprov-jdk15on-1.47.jar:/Users/huff/.m2/repository/org/springframework/security/oauth/spring-security-oauth2/2.0.5.RELEASE/spring-security-oauth2-2.0.5.RELEASE.jar:/Users/huff/.m2/repository/org/springframework/spring-webmvc/4.1.8.RELEASE/spring-webmvc-4.1.8.RELEASE.jar:/Users/huff/.m2/repository/org/springframework/security/spring-security-core/3.2.8.RELEASE/spring-security-core-3.2.8.RELEASE.jar:/Users/huff/.m2/repository/commons-codec/commons-codec/1.6/commons-codec-1.6.jar:/Users/huff/.m2/repository/org/codehaus/jackson/jackson-mapper-asl/1.9.13/jackson-mapper-asl-1.9.13.jar:/Users/huff/.m2/repository/org/codehaus/jackson/jackson-core-asl/1.9.13/jackson-core-asl-1.9.13.jar:/Users/huff/.m2/repository/commons-collections/commons-collections/3.2.1/commons-collections-3.2.1.jar:/Users/huff/.m2/repository/commons-io/commons-io/2.4/commons-io-2.4.jar:/Users/huff/.m2/repository/org/postgresql/postgresql/9.3-1102-jdbc41/postgresql-9.3-1102-jdbc41.jar:/Users/huff/.m2/repository/com/h2database/h2/1.4.190/h2-1.4.190.jar:/Users/huff/.m2/repository/log4j/log4j/1.2.17/log4j-1.2.17.jar:/Users/huff/.m2/repository/junit/junit/4.12/junit-4.12.jar:/Users/huff/.m2/repository/org/hamcrest/hamcrest-core/1.3/hamcrest-core-1.3.jar:/Users/huff/.m2/repository/org/mockito/mockito-all/1.10.19/mockito-all-1.10.19.jar:/Users/huff/.m2/repository/org/hamcrest/hamcrest-library/1.3/hamcrest-library-1.3.jar:/Users/huff/.m2/repository/org/springframework/spring-test/4.1.8.RELEASE/spring-test-4.1.8.RELEASE.jar:/Users/huff/.m2/repository/com/jayway/jsonpath/json-path/0.9.1/json-path-0.9.1.jar:/Users/huff/.m2/repository/net/minidev/json-smart/1.2/json-smart-1.2.jar:/Users/huff/.m2/repository/org/slf4j/slf4j-api/1.7.12/slf4j-api-1.7.12.jar:/Users/huff/.m2/repository/com/jayway/jsonpath/json-path-assert/0.8.1/json-path-assert-0.8.1.jar:/Users/huff/.m2/repository/com/github/springtestdbunit/spring-test-dbunit/1.1.0/spring-test-dbunit-1.1.0.jar:/Users/huff/.m2/repository/org/springframework/spring-context-support/4.1.8.RELEASE/spring-context-support-4.1.8.RELEASE.jar:/Users/huff/.m2/repository/com/sun/mail/javax.mail/1.5.4/javax.mail-1.5.4.jar:/Users/huff/.m2/repository/javax/activation/activation/1.1/activation-1.1.jar:/Users/huff/.m2/repository/org/dbunit/dbunit/2.4.9/dbunit-2.4.9.jar:, hibernate.ejb.persistenceUnitName=default, java.specification.name=Java Platform API Specification, java.class.version=52.0, hibernate.transaction.jta.platform=org.hibernate.engine.transaction.jta.platform.internal.NoJtaPlatform@5a30722c, sun.management.compiler=HotSpot 64-Bit Tiered Compilers, os.version=10.11.2, http.nonProxyHosts=local|*.local|169.254/16|*.169.254/16, user.home=/Users/huff, user.timezone=America/Chicago, java.awt.printerjob=sun.lwawt.macosx.CPrinterJob, java.specification.version=1.8, file.encoding=UTF-8, javax.persistence.nonJtaDataSource=org.springframework.jdbc.datasource.embedded.EmbeddedDatabaseFactory$EmbeddedDataSourceProxy@755b5f30, user.name=huff, java.class.path=/Users/huff/development/java/apps/TAMU-Webservice-Seed/target/test-classes:/Users/huff/development/java/apps/TAMU-Webservice-Seed/target/classes:/Users/huff/.m2/repository/edu/tamu/framework/webservice-framework-core/2.0.0-SNAPSHOT/webservice-framework-core-2.0.0-SNAPSHOT.jar:/Users/huff/.m2/repository/org/springframework/boot/spring-boot-starter-websocket/1.2.7.RELEASE/spring-boot-starter-websocket-1.2.7.RELEASE.jar:/Users/huff/.m2/repository/org/springframework/boot/spring-boot-starter/1.2.7.RELEASE/spring-boot-starter-1.2.7.RELEASE.jar:/Users/huff/.m2/repository/org/springframework/boot/spring-boot/1.2.7.RELEASE/spring-boot-1.2.7.RELEASE.jar:/Users/huff/.m2/repository/org/springframework/boot/spring-boot-autoconfigure/1.2.7.RELEASE/spring-boot-autoconfigure-1.2.7.RELEASE.jar:/Users/huff/.m2/repository/org/springframework/boot/spring-boot-starter-logging/1.2.7.RELEASE/spring-boot-starter-logging-1.2.7.RELEASE.jar:/Users/huff/.m2/repository/org/slf4j/jul-to-slf4j/1.7.12/jul-to-slf4j-1.7.12.jar:/Users/huff/.m2/repository/org/slf4j/log4j-over-slf4j/1.7.12/log4j-over-slf4j-1.7.12.jar:/Users/huff/.m2/repository/ch/qos/logback/logback-classic/1.1.3/logback-classic-1.1.3.jar:/Users/huff/.m2/repository/ch/qos/logback/logback-core/1.1.3/logback-core-1.1.3.jar:/Users/huff/.m2/repository/org/yaml/snakeyaml/1.14/snakeyaml-1.14.jar:/Users/huff/.m2/repository/org/springframework/boot/spring-boot-starter-web/1.2.7.RELEASE/spring-boot-starter-web-1.2.7.RELEASE.jar:/Users/huff/.m2/repository/com/fasterxml/jackson/core/jackson-databind/2.4.6/jackson-databind-2.4.6.jar:/Users/huff/.m2/repository/com/fasterxml/jackson/core/jackson-annotations/2.4.6/jackson-annotations-2.4.6.jar:/Users/huff/.m2/repository/com/fasterxml/jackson/core/jackson-core/2.4.6/jackson-core-2.4.6.jar:/Users/huff/.m2/repository/org/hibernate/hibernate-validator/5.1.3.Final/hibernate-validator-5.1.3.Final.jar:/Users/huff/.m2/repository/javax/validation/validation-api/1.1.0.Final/validation-api-1.1.0.Final.jar:/Users/huff/.m2/repository/com/fasterxml/classmate/1.0.0/classmate-1.0.0.jar:/Users/huff/.m2/repository/org/springframework/spring-core/4.1.8.RELEASE/spring-core-4.1.8.RELEASE.jar:/Users/huff/.m2/repository/org/springframework/spring-websocket/4.1.8.RELEASE/spring-websocket-4.1.8.RELEASE.jar:/Users/huff/.m2/repository/org/springframework/boot/spring-boot-starter-tomcat/1.2.7.RELEASE/spring-boot-starter-tomcat-1.2.7.RELEASE.jar:/Users/huff/.m2/repository/org/apache/tomcat/embed/tomcat-embed-core/8.0.28/tomcat-embed-core-8.0.28.jar:/Users/huff/.m2/repository/org/apache/tomcat/embed/tomcat-embed-el/8.0.28/tomcat-embed-el-8.0.28.jar:/Users/huff/.m2/repository/org/apache/tomcat/embed/tomcat-embed-logging-juli/8.0.28/tomcat-embed-logging-juli-8.0.28.jar:/Users/huff/.m2/repository/org/apache/tomcat/embed/tomcat-embed-websocket/8.0.28/tomcat-embed-websocket-8.0.28.jar:/Users/huff/.m2/repository/org/springframework/boot/spring-boot-configuration-processor/1.2.7.RELEASE/spring-boot-configuration-processor-1.2.7.RELEASE.jar:/Users/huff/.m2/repository/org/json/json/20140107/json-20140107.jar:/Users/huff/.m2/repository/org/springframework/spring-messaging/4.1.8.RELEASE/spring-messaging-4.1.8.RELEASE.jar:/Users/huff/.m2/repository/org/springframework/spring-beans/4.1.8.RELEASE/spring-beans-4.1.8.RELEASE.jar:/Users/huff/.m2/repository/org/springframework/spring-context/4.1.8.RELEASE/spring-context-4.1.8.RELEASE.jar:/Users/huff/.m2/repository/org/springframework/boot/spring-boot-starter-data-jpa/1.2.7.RELEASE/spring-boot-starter-data-jpa-1.2.7.RELEASE.jar:/Users/huff/.m2/repository/org/springframework/boot/spring-boot-starter-aop/1.2.7.RELEASE/spring-boot-starter-aop-1.2.7.RELEASE.jar:/Users/huff/.m2/repository/org/aspectj/aspectjrt/1.8.7/aspectjrt-1.8.7.jar:/Users/huff/.m2/repository/org/aspectj/aspectjweaver/1.8.7/aspectjweaver-1.8.7.jar:/Users/huff/.m2/repository/org/springframework/boot/spring-boot-starter-jdbc/1.2.7.RELEASE/spring-boot-starter-jdbc-1.2.7.RELEASE.jar:/Users/huff/.m2/repository/org/springframework/spring-jdbc/4.1.8.RELEASE/spring-jdbc-4.1.8.RELEASE.jar:/Users/huff/.m2/repository/org/apache/tomcat/tomcat-jdbc/8.0.28/tomcat-jdbc-8.0.28.jar:/Users/huff/.m2/repository/org/apache/tomcat/tomcat-juli/8.0.28/tomcat-juli-8.0.28.jar:/Users/huff/.m2/repository/org/springframework/spring-tx/4.1.8.RELEASE/spring-tx-4.1.8.RELEASE.jar:/Users/huff/.m2/repository/org/hibernate/hibernate-entitymanager/4.3.11.Final/hibernate-entitymanager-4.3.11.Final.jar:/Users/huff/.m2/repository/org/jboss/logging/jboss-logging/3.1.3.GA/jboss-logging-3.1.3.GA.jar:/Users/huff/.m2/repository/org/jboss/logging/jboss-logging-annotations/1.2.0.Beta1/jboss-logging-annotations-1.2.0.Beta1.jar:/Users/huff/.m2/repository/org/hibernate/hibernate-core/4.3.11.Final/hibernate-core-4.3.11.Final.jar:/Users/huff/.m2/repository/antlr/antlr/2.7.7/antlr-2.7.7.jar:/Users/huff/.m2/repository/org/jboss/jandex/1.1.0.Final/jandex-1.1.0.Final.jar:/Users/huff/.m2/repository/dom4j/dom4j/1.6.1/dom4j-1.6.1.jar:/Users/huff/.m2/repository/xml-apis/xml-apis/1.0.b2/xml-apis-1.0.b2.jar:/Users/huff/.m2/repository/org/hibernate/common/hibernate-commons-annotations/4.0.5.Final/hibernate-commons-annotations-4.0.5.Final.jar:/Users/huff/.m2/repository/org/hibernate/javax/persistence/hibernate-jpa-2.1-api/1.0.0.Final/hibernate-jpa-2.1-api-1.0.0.Final.jar:/Users/huff/.m2/repository/org/javassist/javassist/3.18.1-GA/javassist-3.18.1-GA.jar:/Users/huff/.m2/repository/javax/transaction/javax.transaction-api/1.2/javax.transaction-api-1.2.jar:/Users/huff/.m2/repository/org/springframework/spring-orm/4.1.8.RELEASE/spring-orm-4.1.8.RELEASE.jar:/Users/huff/.m2/repository/org/springframework/data/spring-data-jpa/1.7.4.RELEASE/spring-data-jpa-1.7.4.RELEASE.jar:/Users/huff/.m2/repository/org/springframework/data/spring-data-commons/1.9.4.RELEASE/spring-data-commons-1.9.4.RELEASE.jar:/Users/huff/.m2/repository/org/slf4j/jcl-over-slf4j/1.7.12/jcl-over-slf4j-1.7.12.jar:/Users/huff/.m2/repository/org/springframework/spring-aspects/4.1.8.RELEASE/spring-aspects-4.1.8.RELEASE.jar:/Users/huff/.m2/repository/org/springframework/boot/spring-boot-starter-security/1.2.7.RELEASE/spring-boot-starter-security-1.2.7.RELEASE.jar:/Users/huff/.m2/repository/org/springframework/spring-expression/4.1.8.RELEASE/spring-expression-4.1.8.RELEASE.jar:/Users/huff/.m2/repository/org/springframework/spring-web/4.1.8.RELEASE/spring-web-4.1.8.RELEASE.jar:/Users/huff/.m2/repository/org/springframework/security/spring-security-config/3.2.8.RELEASE/spring-security-config-3.2.8.RELEASE.jar:/Users/huff/.m2/repository/aopalliance/aopalliance/1.0/aopalliance-1.0.jar:/Users/huff/.m2/repository/org/springframework/security/spring-security-web/3.2.8.RELEASE/spring-security-web-3.2.8.RELEASE.jar:/Users/huff/.m2/repository/org/springframework/spring-aop/4.1.8.RELEASE/spring-aop-4.1.8.RELEASE.jar:/Users/huff/.m2/repository/org/springframework/security/spring-security-jwt/1.0.3.RELEASE/spring-security-jwt-1.0.3.RELEASE.jar:/Users/huff/.m2/repository/org/bouncycastle/bcpkix-jdk15on/1.47/bcpkix-jdk15on-1.47.jar:/Users/huff/.m2/repository/org/bouncycastle/bcprov-jdk15on/1.47/bcprov-jdk15on-1.47.jar:/Users/huff/.m2/repository/org/springframework/security/oauth/spring-security-oauth2/2.0.5.RELEASE/spring-security-oauth2-2.0.5.RELEASE.jar:/Users/huff/.m2/repository/org/springframework/spring-webmvc/4.1.8.RELEASE/spring-webmvc-4.1.8.RELEASE.jar:/Users/huff/.m2/repository/org/springframework/security/spring-security-core/3.2.8.RELEASE/spring-security-core-3.2.8.RELEASE.jar:/Users/huff/.m2/repository/commons-codec/commons-codec/1.6/commons-codec-1.6.jar:/Users/huff/.m2/repository/org/codehaus/jackson/jackson-mapper-asl/1.9.13/jackson-mapper-asl-1.9.13.jar:/Users/huff/.m2/repository/org/codehaus/jackson/jackson-core-asl/1.9.13/jackson-core-asl-1.9.13.jar:/Users/huff/.m2/repository/commons-collections/commons-collections/3.2.1/commons-collections-3.2.1.jar:/Users/huff/.m2/repository/commons-io/commons-io/2.4/commons-io-2.4.jar:/Users/huff/.m2/repository/org/postgresql/postgresql/9.3-1102-jdbc41/postgresql-9.3-1102-jdbc41.jar:/Users/huff/.m2/repository/com/h2database/h2/1.4.190/h2-1.4.190.jar:/Users/huff/.m2/repository/log4j/log4j/1.2.17/log4j-1.2.17.jar:/Users/huff/.m2/repository/junit/junit/4.12/junit-4.12.jar:/Users/huff/.m2/repository/org/hamcrest/hamcrest-core/1.3/hamcrest-core-1.3.jar:/Users/huff/.m2/repository/org/mockito/mockito-all/1.10.19/mockito-all-1.10.19.jar:/Users/huff/.m2/repository/org/hamcrest/hamcrest-library/1.3/hamcrest-library-1.3.jar:/Users/huff/.m2/repository/org/springframework/spring-test/4.1.8.RELEASE/spring-test-4.1.8.RELEASE.jar:/Users/huff/.m2/repository/com/jayway/jsonpath/json-path/0.9.1/json-path-0.9.1.jar:/Users/huff/.m2/repository/net/minidev/json-smart/1.2/json-smart-1.2.jar:/Users/huff/.m2/repository/org/slf4j/slf4j-api/1.7.12/slf4j-api-1.7.12.jar:/Users/huff/.m2/repository/com/jayway/jsonpath/json-path-assert/0.8.1/json-path-assert-0.8.1.jar:/Users/huff/.m2/repository/com/github/springtestdbunit/spring-test-dbunit/1.1.0/spring-test-dbunit-1.1.0.jar:/Users/huff/.m2/repository/org/springframework/spring-context-support/4.1.8.RELEASE/spring-context-support-4.1.8.RELEASE.jar:/Users/huff/.m2/repository/com/sun/mail/javax.mail/1.5.4/javax.mail-1.5.4.jar:/Users/huff/.m2/repository/javax/activation/activation/1.1/activation-1.1.jar:/Users/huff/.m2/repository/org/dbunit/dbunit/2.4.9/dbunit-2.4.9.jar:, hibernate.bytecode.use_reflection_optimizer=false, javax.persistence.validation.mode=AUTO, java.vm.specification.version=1.8, sun.arch.data.model=64, java.home=/Library/Java/JavaVirtualMachines/jdk1.8.0_25.jdk/Contents/Home/jre, sun.java.command=/Users/huff/development/java/apps/TAMU-Webservice-Seed/target/surefire/surefirebooter1089328261698794894.jar /Users/huff/development/java/apps/TAMU-Webservice-Seed/target/surefire/surefire1295332344547738185tmp /Users/huff/development/java/apps/TAMU-Webservice-Seed/target/surefire/surefire_0941214524567993650tmp, hibernate.dialect=org.hibernate.dialect.PostgreSQLDialect, java.specification.vendor=Oracle Corporation, user.language=en, awt.toolkit=sun.lwawt.macosx.LWCToolkit, java.vm.info=mixed mode, java.version=1.8.0_25, java.ext.dirs=/Users/huff/Library/Java/Extensions:/Library/Java/JavaVirtualMachines/jdk1.8.0_25.jdk/Contents/Home/jre/lib/ext:/Library/Java/Extensions:/Network/Library/Java/Extensions:/System/Library/Java/Extensions:/usr/lib/java, sun.boot.class.path=/Library/Java/JavaVirtualMachines/jdk1.8.0_25.jdk/Contents/Home/jre/lib/resources.jar:/Library/Java/JavaVirtualMachines/jdk1.8.0_25.jdk/Contents/Home/jre/lib/rt.jar:/Library/Java/JavaVirtualMachines/jdk1.8.0_25.jdk/Contents/Home/jre/lib/sunrsasign.jar:/Library/Java/JavaVirtualMachines/jdk1.8.0_25.jdk/Contents/Home/jre/lib/jsse.jar:/Library/Java/JavaVirtualMachines/jdk1.8.0_25.jdk/Contents/Home/jre/lib/jce.jar:/Library/Java/JavaVirtualMachines/jdk1.8.0_25.jdk/Contents/Home/jre/lib/charsets.jar:/Library/Java/JavaVirtualMachines/jdk1.8.0_25.jdk/Contents/Home/jre/lib/jfr.jar:/Library/Java/JavaVirtualMachines/jdk1.8.0_25.jdk/Contents/Home/jre/classes, java.vendor=Oracle Corporation, localRepository=/Users/huff/.m2/repository, file.separator=/, java.vendor.url.bug=http://bugreport.sun.com/bugreport/, hibernate.hbm2ddl.auto=create, sun.cpu.endian=little, sun.io.unicode.encoding=UnicodeBig, socksNonProxyHosts=local|*.local|169.254/16|*.169.254/16, ftp.nonProxyHosts=local|*.local|169.254/16|*.169.254/16, sun.cpu.isalist=}
10:13:59.198 [main] DEBUG o.h.v.i.e.r.DefaultTraversableResolver - Found javax.persistence.Persistence on classpath containing 'getPersistenceUtil'. Assuming JPA 2 environment. Trying to instantiate JPA aware TraversableResolver
10:13:59.198 [main] DEBUG o.h.v.i.e.r.DefaultTraversableResolver - Instantiated JPA aware TraversableResolver of type org.hibernate.validator.internal.engine.resolver.JPATraversableResolver.
10:13:59.198 [main] DEBUG o.h.v.i.xml.ValidationXmlParser - Trying to load META-INF/validation.xml for XML based Validator configuration.
10:13:59.199 [main] DEBUG o.h.v.i.xml.ValidationXmlParser - No META-INF/validation.xml found. Using annotation based configuration only.
10:13:59.203 [main] DEBUG o.h.secure.spi.JaccIntegrator - Skipping JACC integration as it was not enabled
10:13:59.204 [main] DEBUG o.hibernate.engine.spi.CascadeStyles - External cascade style regsitration [persist : STYLE_PERSIST_SKIPLAZY] overrode base registration [STYLE_PERSIST_SKIPLAZY]
10:13:59.204 [main] DEBUG o.h.i.f.i.DefaultIdentifierGeneratorFactory - Setting dialect [org.hibernate.dialect.PostgreSQLDialect]
10:13:59.206 [main] DEBUG o.h.p.entity.AbstractEntityPersister - Static SQL for entity: edu.tamu.app.model.AppUser
10:13:59.206 [main] DEBUG o.h.p.entity.AbstractEntityPersister -  Version select: select uin from core_users where uin =?
10:13:59.206 [main] DEBUG o.h.p.entity.AbstractEntityPersister -  Snapshot select: select appuser_.uin, appuser_.role as role3_0_, appuser_.first_name as first_na4_0_, appuser_.last_name as last_nam5_0_ from core_users appuser_ where appuser_.uin=?
10:13:59.206 [main] DEBUG o.h.p.entity.AbstractEntityPersister -  Insert 0: insert into core_users (role, first_name, last_name, dtype, uin) values (?, ?, ?, 'AppUser', ?)
10:13:59.206 [main] DEBUG o.h.p.entity.AbstractEntityPersister -  Update 0: update core_users set role=?, first_name=?, last_name=? where uin=?
10:13:59.206 [main] DEBUG o.h.p.entity.AbstractEntityPersister -  Delete 0: delete from core_users where uin=?
10:13:59.206 [main] DEBUG o.h.l.p.b.i.spaces.QuerySpacesImpl - Adding QuerySpace : uid = <gen:0> -> org.hibernate.loader.plan.build.internal.spaces.EntityQuerySpaceImpl@377dfb8d]
10:13:59.206 [main] DEBUG o.h.p.w.spi.MetamodelGraphWalker - Visiting attribute path : role
10:13:59.206 [main] DEBUG o.h.p.w.spi.MetamodelGraphWalker - Visiting attribute path : firstName
10:13:59.206 [main] DEBUG o.h.p.w.spi.MetamodelGraphWalker - Visiting attribute path : lastName
10:13:59.206 [main] DEBUG o.h.l.p.b.i.FetchStyleLoadPlanBuildingAssociationVisitationStrategy - Building LoadPlan...
10:13:59.206 [main] DEBUG o.h.l.p.e.i.LoadQueryJoinAndFetchProcessor - processing queryspace <gen:0>
10:13:59.207 [main] DEBUG o.h.l.p.b.spi.LoadPlanTreePrinter - LoadPlan(entity=edu.tamu.app.model.AppUser)
    - Returns
       - EntityReturnImpl(entity=edu.tamu.app.model.AppUser, querySpaceUid=<gen:0>, path=edu.tamu.app.model.AppUser)
    - QuerySpaces
       - EntityQuerySpaceImpl(uid=<gen:0>, entity=edu.tamu.app.model.AppUser)
          - SQL table alias mapping - appuser0_
          - alias suffix - 0_
          - suffixed key columns - {uin2_0_0_}

10:13:59.207 [main] DEBUG o.h.loader.entity.plan.EntityLoader - Static select for entity edu.tamu.app.model.AppUser [NONE]: select appuser0_.uin as uin2_0_0_, appuser0_.role as role3_0_0_, appuser0_.first_name as first_na4_0_0_, appuser0_.last_name as last_nam5_0_0_ from core_users appuser0_ where appuser0_.uin=? and appuser0_.dtype='AppUser'
10:13:59.207 [main] DEBUG o.h.l.p.b.i.spaces.QuerySpacesImpl - Adding QuerySpace : uid = <gen:0> -> org.hibernate.loader.plan.build.internal.spaces.EntityQuerySpaceImpl@477523ba]
10:13:59.207 [main] DEBUG o.h.p.w.spi.MetamodelGraphWalker - Visiting attribute path : role
10:13:59.207 [main] DEBUG o.h.p.w.spi.MetamodelGraphWalker - Visiting attribute path : firstName
10:13:59.207 [main] DEBUG o.h.p.w.spi.MetamodelGraphWalker - Visiting attribute path : lastName
10:13:59.207 [main] DEBUG o.h.l.p.b.i.FetchStyleLoadPlanBuildingAssociationVisitationStrategy - Building LoadPlan...
10:13:59.207 [main] DEBUG o.h.l.p.e.i.LoadQueryJoinAndFetchProcessor - processing queryspace <gen:0>
10:13:59.207 [main] DEBUG o.h.l.p.b.spi.LoadPlanTreePrinter - LoadPlan(entity=edu.tamu.app.model.AppUser)
    - Returns
       - EntityReturnImpl(entity=edu.tamu.app.model.AppUser, querySpaceUid=<gen:0>, path=edu.tamu.app.model.AppUser)
    - QuerySpaces
       - EntityQuerySpaceImpl(uid=<gen:0>, entity=edu.tamu.app.model.AppUser)
          - SQL table alias mapping - appuser0_
          - alias suffix - 0_
          - suffixed key columns - {uin2_0_0_}

10:13:59.207 [main] DEBUG o.h.loader.entity.plan.EntityLoader - Static select for entity edu.tamu.app.model.AppUser [READ]: select appuser0_.uin as uin2_0_0_, appuser0_.role as role3_0_0_, appuser0_.first_name as first_na4_0_0_, appuser0_.last_name as last_nam5_0_0_ from core_users appuser0_ where appuser0_.uin=? and appuser0_.dtype='AppUser'
10:13:59.207 [main] DEBUG o.h.l.p.b.i.spaces.QuerySpacesImpl - Adding QuerySpace : uid = <gen:0> -> org.hibernate.loader.plan.build.internal.spaces.EntityQuerySpaceImpl@78c74647]
10:13:59.207 [main] DEBUG o.h.p.w.spi.MetamodelGraphWalker - Visiting attribute path : role
10:13:59.207 [main] DEBUG o.h.p.w.spi.MetamodelGraphWalker - Visiting attribute path : firstName
10:13:59.207 [main] DEBUG o.h.p.w.spi.MetamodelGraphWalker - Visiting attribute path : lastName
10:13:59.207 [main] DEBUG o.h.l.p.b.i.FetchStyleLoadPlanBuildingAssociationVisitationStrategy - Building LoadPlan...
10:13:59.207 [main] DEBUG o.h.l.p.e.i.LoadQueryJoinAndFetchProcessor - processing queryspace <gen:0>
10:13:59.207 [main] DEBUG o.h.l.p.b.spi.LoadPlanTreePrinter - LoadPlan(entity=edu.tamu.app.model.AppUser)
    - Returns
       - EntityReturnImpl(entity=edu.tamu.app.model.AppUser, querySpaceUid=<gen:0>, path=edu.tamu.app.model.AppUser)
    - QuerySpaces
       - EntityQuerySpaceImpl(uid=<gen:0>, entity=edu.tamu.app.model.AppUser)
          - SQL table alias mapping - appuser0_
          - alias suffix - 0_
          - suffixed key columns - {uin2_0_0_}

10:13:59.207 [main] DEBUG o.h.loader.entity.plan.EntityLoader - Static select for entity edu.tamu.app.model.AppUser [UPGRADE]: select appuser0_.uin as uin2_0_0_, appuser0_.role as role3_0_0_, appuser0_.first_name as first_na4_0_0_, appuser0_.last_name as last_nam5_0_0_ from core_users appuser0_ where appuser0_.uin=? and appuser0_.dtype='AppUser' for update
10:13:59.207 [main] DEBUG o.h.l.p.b.i.spaces.QuerySpacesImpl - Adding QuerySpace : uid = <gen:0> -> org.hibernate.loader.plan.build.internal.spaces.EntityQuerySpaceImpl@5763a655]
10:13:59.207 [main] DEBUG o.h.p.w.spi.MetamodelGraphWalker - Visiting attribute path : role
10:13:59.208 [main] DEBUG o.h.p.w.spi.MetamodelGraphWalker - Visiting attribute path : firstName
10:13:59.208 [main] DEBUG o.h.p.w.spi.MetamodelGraphWalker - Visiting attribute path : lastName
10:13:59.208 [main] DEBUG o.h.l.p.b.i.FetchStyleLoadPlanBuildingAssociationVisitationStrategy - Building LoadPlan...
10:13:59.208 [main] DEBUG o.h.l.p.e.i.LoadQueryJoinAndFetchProcessor - processing queryspace <gen:0>
10:13:59.208 [main] DEBUG o.h.l.p.b.spi.LoadPlanTreePrinter - LoadPlan(entity=edu.tamu.app.model.AppUser)
    - Returns
       - EntityReturnImpl(entity=edu.tamu.app.model.AppUser, querySpaceUid=<gen:0>, path=edu.tamu.app.model.AppUser)
    - QuerySpaces
       - EntityQuerySpaceImpl(uid=<gen:0>, entity=edu.tamu.app.model.AppUser)
          - SQL table alias mapping - appuser0_
          - alias suffix - 0_
          - suffixed key columns - {uin2_0_0_}

10:13:59.208 [main] DEBUG o.h.loader.entity.plan.EntityLoader - Static select for entity edu.tamu.app.model.AppUser [UPGRADE_NOWAIT]: select appuser0_.uin as uin2_0_0_, appuser0_.role as role3_0_0_, appuser0_.first_name as first_na4_0_0_, appuser0_.last_name as last_nam5_0_0_ from core_users appuser0_ where appuser0_.uin=? and appuser0_.dtype='AppUser' for update nowait 
10:13:59.208 [main] DEBUG o.h.l.p.b.i.spaces.QuerySpacesImpl - Adding QuerySpace : uid = <gen:0> -> org.hibernate.loader.plan.build.internal.spaces.EntityQuerySpaceImpl@46bb0bdf]
10:13:59.208 [main] DEBUG o.h.p.w.spi.MetamodelGraphWalker - Visiting attribute path : role
10:13:59.208 [main] DEBUG o.h.p.w.spi.MetamodelGraphWalker - Visiting attribute path : firstName
10:13:59.208 [main] DEBUG o.h.p.w.spi.MetamodelGraphWalker - Visiting attribute path : lastName
10:13:59.208 [main] DEBUG o.h.l.p.b.i.FetchStyleLoadPlanBuildingAssociationVisitationStrategy - Building LoadPlan...
10:13:59.208 [main] DEBUG o.h.l.p.e.i.LoadQueryJoinAndFetchProcessor - processing queryspace <gen:0>
10:13:59.208 [main] DEBUG o.h.l.p.b.spi.LoadPlanTreePrinter - LoadPlan(entity=edu.tamu.app.model.AppUser)
    - Returns
       - EntityReturnImpl(entity=edu.tamu.app.model.AppUser, querySpaceUid=<gen:0>, path=edu.tamu.app.model.AppUser)
    - QuerySpaces
       - EntityQuerySpaceImpl(uid=<gen:0>, entity=edu.tamu.app.model.AppUser)
          - SQL table alias mapping - appuser0_
          - alias suffix - 0_
          - suffixed key columns - {uin2_0_0_}

10:13:59.208 [main] DEBUG o.h.loader.entity.plan.EntityLoader - Static select for entity edu.tamu.app.model.AppUser [UPGRADE_SKIPLOCKED]: select appuser0_.uin as uin2_0_0_, appuser0_.role as role3_0_0_, appuser0_.first_name as first_na4_0_0_, appuser0_.last_name as last_nam5_0_0_ from core_users appuser0_ where appuser0_.uin=? and appuser0_.dtype='AppUser' for update
10:13:59.208 [main] DEBUG o.h.l.p.b.i.spaces.QuerySpacesImpl - Adding QuerySpace : uid = <gen:0> -> org.hibernate.loader.plan.build.internal.spaces.EntityQuerySpaceImpl@1c84d80a]
10:13:59.208 [main] DEBUG o.h.p.w.spi.MetamodelGraphWalker - Visiting attribute path : role
10:13:59.208 [main] DEBUG o.h.p.w.spi.MetamodelGraphWalker - Visiting attribute path : firstName
10:13:59.208 [main] DEBUG o.h.p.w.spi.MetamodelGraphWalker - Visiting attribute path : lastName
10:13:59.208 [main] DEBUG o.h.l.p.b.i.FetchStyleLoadPlanBuildingAssociationVisitationStrategy - Building LoadPlan...
10:13:59.208 [main] DEBUG o.h.l.p.e.i.LoadQueryJoinAndFetchProcessor - processing queryspace <gen:0>
10:13:59.209 [main] DEBUG o.h.l.p.b.spi.LoadPlanTreePrinter - LoadPlan(entity=edu.tamu.app.model.AppUser)
    - Returns
       - EntityReturnImpl(entity=edu.tamu.app.model.AppUser, querySpaceUid=<gen:0>, path=edu.tamu.app.model.AppUser)
    - QuerySpaces
       - EntityQuerySpaceImpl(uid=<gen:0>, entity=edu.tamu.app.model.AppUser)
          - SQL table alias mapping - appuser0_
          - alias suffix - 0_
          - suffixed key columns - {uin2_0_0_}

10:13:59.209 [main] DEBUG o.h.loader.entity.plan.EntityLoader - Static select for entity edu.tamu.app.model.AppUser [FORCE]: select appuser0_.uin as uin2_0_0_, appuser0_.role as role3_0_0_, appuser0_.first_name as first_na4_0_0_, appuser0_.last_name as last_nam5_0_0_ from core_users appuser0_ where appuser0_.uin=? and appuser0_.dtype='AppUser' for update nowait 
10:13:59.209 [main] DEBUG o.h.l.p.b.i.spaces.QuerySpacesImpl - Adding QuerySpace : uid = <gen:0> -> org.hibernate.loader.plan.build.internal.spaces.EntityQuerySpaceImpl@629075f4]
10:13:59.209 [main] DEBUG o.h.p.w.spi.MetamodelGraphWalker - Visiting attribute path : role
10:13:59.209 [main] DEBUG o.h.p.w.spi.MetamodelGraphWalker - Visiting attribute path : firstName
10:13:59.209 [main] DEBUG o.h.p.w.spi.MetamodelGraphWalker - Visiting attribute path : lastName
10:13:59.209 [main] DEBUG o.h.l.p.b.i.FetchStyleLoadPlanBuildingAssociationVisitationStrategy - Building LoadPlan...
10:13:59.209 [main] DEBUG o.h.l.p.e.i.LoadQueryJoinAndFetchProcessor - processing queryspace <gen:0>
10:13:59.209 [main] DEBUG o.h.l.p.b.spi.LoadPlanTreePrinter - LoadPlan(entity=edu.tamu.app.model.AppUser)
    - Returns
       - EntityReturnImpl(entity=edu.tamu.app.model.AppUser, querySpaceUid=<gen:0>, path=edu.tamu.app.model.AppUser)
    - QuerySpaces
       - EntityQuerySpaceImpl(uid=<gen:0>, entity=edu.tamu.app.model.AppUser)
          - SQL table alias mapping - appuser0_
          - alias suffix - 0_
          - suffixed key columns - {uin2_0_0_}

10:13:59.209 [main] DEBUG o.h.loader.entity.plan.EntityLoader - Static select for entity edu.tamu.app.model.AppUser [PESSIMISTIC_READ]: select appuser0_.uin as uin2_0_0_, appuser0_.role as role3_0_0_, appuser0_.first_name as first_na4_0_0_, appuser0_.last_name as last_nam5_0_0_ from core_users appuser0_ where appuser0_.uin=? and appuser0_.dtype='AppUser' for share
10:13:59.209 [main] DEBUG o.h.l.p.b.i.spaces.QuerySpacesImpl - Adding QuerySpace : uid = <gen:0> -> org.hibernate.loader.plan.build.internal.spaces.EntityQuerySpaceImpl@723742b2]
10:13:59.209 [main] DEBUG o.h.p.w.spi.MetamodelGraphWalker - Visiting attribute path : role
10:13:59.209 [main] DEBUG o.h.p.w.spi.MetamodelGraphWalker - Visiting attribute path : firstName
10:13:59.209 [main] DEBUG o.h.p.w.spi.MetamodelGraphWalker - Visiting attribute path : lastName
10:13:59.209 [main] DEBUG o.h.l.p.b.i.FetchStyleLoadPlanBuildingAssociationVisitationStrategy - Building LoadPlan...
10:13:59.209 [main] DEBUG o.h.l.p.e.i.LoadQueryJoinAndFetchProcessor - processing queryspace <gen:0>
10:13:59.209 [main] DEBUG o.h.l.p.b.spi.LoadPlanTreePrinter - LoadPlan(entity=edu.tamu.app.model.AppUser)
    - Returns
       - EntityReturnImpl(entity=edu.tamu.app.model.AppUser, querySpaceUid=<gen:0>, path=edu.tamu.app.model.AppUser)
    - QuerySpaces
       - EntityQuerySpaceImpl(uid=<gen:0>, entity=edu.tamu.app.model.AppUser)
          - SQL table alias mapping - appuser0_
          - alias suffix - 0_
          - suffixed key columns - {uin2_0_0_}

10:13:59.209 [main] DEBUG o.h.loader.entity.plan.EntityLoader - Static select for entity edu.tamu.app.model.AppUser [PESSIMISTIC_WRITE]: select appuser0_.uin as uin2_0_0_, appuser0_.role as role3_0_0_, appuser0_.first_name as first_na4_0_0_, appuser0_.last_name as last_nam5_0_0_ from core_users appuser0_ where appuser0_.uin=? and appuser0_.dtype='AppUser' for update
10:13:59.209 [main] DEBUG o.h.l.p.b.i.spaces.QuerySpacesImpl - Adding QuerySpace : uid = <gen:0> -> org.hibernate.loader.plan.build.internal.spaces.EntityQuerySpaceImpl@34c76167]
10:13:59.209 [main] DEBUG o.h.p.w.spi.MetamodelGraphWalker - Visiting attribute path : role
10:13:59.209 [main] DEBUG o.h.p.w.spi.MetamodelGraphWalker - Visiting attribute path : firstName
10:13:59.209 [main] DEBUG o.h.p.w.spi.MetamodelGraphWalker - Visiting attribute path : lastName
10:13:59.209 [main] DEBUG o.h.l.p.b.i.FetchStyleLoadPlanBuildingAssociationVisitationStrategy - Building LoadPlan...
10:13:59.209 [main] DEBUG o.h.l.p.e.i.LoadQueryJoinAndFetchProcessor - processing queryspace <gen:0>
10:13:59.210 [main] DEBUG o.h.l.p.b.spi.LoadPlanTreePrinter - LoadPlan(entity=edu.tamu.app.model.AppUser)
    - Returns
       - EntityReturnImpl(entity=edu.tamu.app.model.AppUser, querySpaceUid=<gen:0>, path=edu.tamu.app.model.AppUser)
    - QuerySpaces
       - EntityQuerySpaceImpl(uid=<gen:0>, entity=edu.tamu.app.model.AppUser)
          - SQL table alias mapping - appuser0_
          - alias suffix - 0_
          - suffixed key columns - {uin2_0_0_}

10:13:59.210 [main] DEBUG o.h.loader.entity.plan.EntityLoader - Static select for entity edu.tamu.app.model.AppUser [PESSIMISTIC_FORCE_INCREMENT]: select appuser0_.uin as uin2_0_0_, appuser0_.role as role3_0_0_, appuser0_.first_name as first_na4_0_0_, appuser0_.last_name as last_nam5_0_0_ from core_users appuser0_ where appuser0_.uin=? and appuser0_.dtype='AppUser' for update nowait 
10:13:59.210 [main] DEBUG o.h.l.p.b.i.spaces.QuerySpacesImpl - Adding QuerySpace : uid = <gen:0> -> org.hibernate.loader.plan.build.internal.spaces.EntityQuerySpaceImpl@78d92eef]
10:13:59.210 [main] DEBUG o.h.p.w.spi.MetamodelGraphWalker - Visiting attribute path : role
10:13:59.210 [main] DEBUG o.h.p.w.spi.MetamodelGraphWalker - Visiting attribute path : firstName
10:13:59.210 [main] DEBUG o.h.p.w.spi.MetamodelGraphWalker - Visiting attribute path : lastName
10:13:59.210 [main] DEBUG o.h.l.p.b.i.FetchStyleLoadPlanBuildingAssociationVisitationStrategy - Building LoadPlan...
10:13:59.210 [main] DEBUG o.h.l.p.e.i.LoadQueryJoinAndFetchProcessor - processing queryspace <gen:0>
10:13:59.210 [main] DEBUG o.h.l.p.b.spi.LoadPlanTreePrinter - LoadPlan(entity=edu.tamu.app.model.AppUser)
    - Returns
       - EntityReturnImpl(entity=edu.tamu.app.model.AppUser, querySpaceUid=<gen:0>, path=edu.tamu.app.model.AppUser)
    - QuerySpaces
       - EntityQuerySpaceImpl(uid=<gen:0>, entity=edu.tamu.app.model.AppUser)
          - SQL table alias mapping - appuser0_
          - alias suffix - 0_
          - suffixed key columns - {uin2_0_0_}

10:13:59.210 [main] DEBUG o.h.loader.entity.plan.EntityLoader - Static select for entity edu.tamu.app.model.AppUser [OPTIMISTIC]: select appuser0_.uin as uin2_0_0_, appuser0_.role as role3_0_0_, appuser0_.first_name as first_na4_0_0_, appuser0_.last_name as last_nam5_0_0_ from core_users appuser0_ where appuser0_.uin=? and appuser0_.dtype='AppUser'
10:13:59.210 [main] DEBUG o.h.l.p.b.i.spaces.QuerySpacesImpl - Adding QuerySpace : uid = <gen:0> -> org.hibernate.loader.plan.build.internal.spaces.EntityQuerySpaceImpl@6e95973c]
10:13:59.210 [main] DEBUG o.h.p.w.spi.MetamodelGraphWalker - Visiting attribute path : role
10:13:59.210 [main] DEBUG o.h.p.w.spi.MetamodelGraphWalker - Visiting attribute path : firstName
10:13:59.210 [main] DEBUG o.h.p.w.spi.MetamodelGraphWalker - Visiting attribute path : lastName
10:13:59.210 [main] DEBUG o.h.l.p.b.i.FetchStyleLoadPlanBuildingAssociationVisitationStrategy - Building LoadPlan...
10:13:59.210 [main] DEBUG o.h.l.p.e.i.LoadQueryJoinAndFetchProcessor - processing queryspace <gen:0>
10:13:59.210 [main] DEBUG o.h.l.p.b.spi.LoadPlanTreePrinter - LoadPlan(entity=edu.tamu.app.model.AppUser)
    - Returns
       - EntityReturnImpl(entity=edu.tamu.app.model.AppUser, querySpaceUid=<gen:0>, path=edu.tamu.app.model.AppUser)
    - QuerySpaces
       - EntityQuerySpaceImpl(uid=<gen:0>, entity=edu.tamu.app.model.AppUser)
          - SQL table alias mapping - appuser0_
          - alias suffix - 0_
          - suffixed key columns - {uin2_0_0_}

10:13:59.210 [main] DEBUG o.h.loader.entity.plan.EntityLoader - Static select for entity edu.tamu.app.model.AppUser [OPTIMISTIC_FORCE_INCREMENT]: select appuser0_.uin as uin2_0_0_, appuser0_.role as role3_0_0_, appuser0_.first_name as first_na4_0_0_, appuser0_.last_name as last_nam5_0_0_ from core_users appuser0_ where appuser0_.uin=? and appuser0_.dtype='AppUser'
10:13:59.211 [main] DEBUG org.hibernate.loader.Loader - Static select for action ACTION_MERGE on entity edu.tamu.app.model.AppUser: select appuser0_.uin as uin2_0_0_, appuser0_.role as role3_0_0_, appuser0_.first_name as first_na4_0_0_, appuser0_.last_name as last_nam5_0_0_ from core_users appuser0_ where appuser0_.uin=? and appuser0_.dtype='AppUser'
10:13:59.211 [main] DEBUG org.hibernate.loader.Loader - Static select for action ACTION_REFRESH on entity edu.tamu.app.model.AppUser: select appuser0_.uin as uin2_0_0_, appuser0_.role as role3_0_0_, appuser0_.first_name as first_na4_0_0_, appuser0_.last_name as last_nam5_0_0_ from core_users appuser0_ where appuser0_.uin=? and appuser0_.dtype='AppUser'
10:13:59.211 [main] DEBUG o.h.p.entity.AbstractEntityPersister - Static SQL for entity: edu.tamu.framework.model.AbstractCoreUserImpl
10:13:59.211 [main] DEBUG o.h.p.entity.AbstractEntityPersister -  Version select: select uin from core_users where uin =?
10:13:59.211 [main] DEBUG o.h.p.entity.AbstractEntityPersister -  Snapshot select: select abstractco_.uin, abstractco_.role as role3_0_ from core_users abstractco_ where abstractco_.uin=?
10:13:59.211 [main] DEBUG o.h.p.entity.AbstractEntityPersister -  Insert 0: insert into core_users (role, dtype, uin) values (?, 'AbstractCoreUserImpl', ?)
10:13:59.211 [main] DEBUG o.h.p.entity.AbstractEntityPersister -  Update 0: update core_users set role=? where uin=?
10:13:59.211 [main] DEBUG o.h.p.entity.AbstractEntityPersister -  Delete 0: delete from core_users where uin=?
10:13:59.211 [main] DEBUG o.h.l.p.b.i.spaces.QuerySpacesImpl - Adding QuerySpace : uid = <gen:0> -> org.hibernate.loader.plan.build.internal.spaces.EntityQuerySpaceImpl@71531dd7]
10:13:59.211 [main] DEBUG o.h.p.w.spi.MetamodelGraphWalker - Visiting attribute path : role
10:13:59.211 [main] DEBUG o.h.p.w.spi.MetamodelGraphWalker - Visiting attribute path : firstName
10:13:59.211 [main] DEBUG o.h.p.w.spi.MetamodelGraphWalker - Visiting attribute path : lastName
10:13:59.211 [main] DEBUG o.h.l.p.b.i.FetchStyleLoadPlanBuildingAssociationVisitationStrategy - Building LoadPlan...
10:13:59.211 [main] DEBUG o.h.l.p.e.i.LoadQueryJoinAndFetchProcessor - processing queryspace <gen:0>
10:13:59.211 [main] DEBUG o.h.l.p.b.spi.LoadPlanTreePrinter - LoadPlan(entity=edu.tamu.framework.model.AbstractCoreUserImpl)
    - Returns
       - EntityReturnImpl(entity=edu.tamu.framework.model.AbstractCoreUserImpl, querySpaceUid=<gen:0>, path=edu.tamu.framework.model.AbstractCoreUserImpl)
    - QuerySpaces
       - EntityQuerySpaceImpl(uid=<gen:0>, entity=edu.tamu.framework.model.AbstractCoreUserImpl)
          - SQL table alias mapping - abstractco0_
          - alias suffix - 0_
          - suffixed key columns - {uin2_0_0_}

10:13:59.211 [main] DEBUG o.h.loader.entity.plan.EntityLoader - Static select for entity edu.tamu.framework.model.AbstractCoreUserImpl [NONE]: select abstractco0_.uin as uin2_0_0_, abstractco0_.role as role3_0_0_, abstractco0_.first_name as first_na4_0_0_, abstractco0_.last_name as last_nam5_0_0_, abstractco0_.dtype as dtype1_0_0_ from core_users abstractco0_ where abstractco0_.uin=?
10:13:59.211 [main] DEBUG o.h.l.p.b.i.spaces.QuerySpacesImpl - Adding QuerySpace : uid = <gen:0> -> org.hibernate.loader.plan.build.internal.spaces.EntityQuerySpaceImpl@624b3544]
10:13:59.211 [main] DEBUG o.h.p.w.spi.MetamodelGraphWalker - Visiting attribute path : role
10:13:59.211 [main] DEBUG o.h.p.w.spi.MetamodelGraphWalker - Visiting attribute path : firstName
10:13:59.211 [main] DEBUG o.h.p.w.spi.MetamodelGraphWalker - Visiting attribute path : lastName
10:13:59.211 [main] DEBUG o.h.l.p.b.i.FetchStyleLoadPlanBuildingAssociationVisitationStrategy - Building LoadPlan...
10:13:59.211 [main] DEBUG o.h.l.p.e.i.LoadQueryJoinAndFetchProcessor - processing queryspace <gen:0>
10:13:59.212 [main] DEBUG o.h.l.p.b.spi.LoadPlanTreePrinter - LoadPlan(entity=edu.tamu.framework.model.AbstractCoreUserImpl)
    - Returns
       - EntityReturnImpl(entity=edu.tamu.framework.model.AbstractCoreUserImpl, querySpaceUid=<gen:0>, path=edu.tamu.framework.model.AbstractCoreUserImpl)
    - QuerySpaces
       - EntityQuerySpaceImpl(uid=<gen:0>, entity=edu.tamu.framework.model.AbstractCoreUserImpl)
          - SQL table alias mapping - abstractco0_
          - alias suffix - 0_
          - suffixed key columns - {uin2_0_0_}

10:13:59.212 [main] DEBUG o.h.loader.entity.plan.EntityLoader - Static select for entity edu.tamu.framework.model.AbstractCoreUserImpl [READ]: select abstractco0_.uin as uin2_0_0_, abstractco0_.role as role3_0_0_, abstractco0_.first_name as first_na4_0_0_, abstractco0_.last_name as last_nam5_0_0_, abstractco0_.dtype as dtype1_0_0_ from core_users abstractco0_ where abstractco0_.uin=?
10:13:59.212 [main] DEBUG o.h.l.p.b.i.spaces.QuerySpacesImpl - Adding QuerySpace : uid = <gen:0> -> org.hibernate.loader.plan.build.internal.spaces.EntityQuerySpaceImpl@2c9fdb64]
10:13:59.212 [main] DEBUG o.h.p.w.spi.MetamodelGraphWalker - Visiting attribute path : role
10:13:59.212 [main] DEBUG o.h.p.w.spi.MetamodelGraphWalker - Visiting attribute path : firstName
10:13:59.212 [main] DEBUG o.h.p.w.spi.MetamodelGraphWalker - Visiting attribute path : lastName
10:13:59.212 [main] DEBUG o.h.l.p.b.i.FetchStyleLoadPlanBuildingAssociationVisitationStrategy - Building LoadPlan...
10:13:59.212 [main] DEBUG o.h.l.p.e.i.LoadQueryJoinAndFetchProcessor - processing queryspace <gen:0>
10:13:59.212 [main] DEBUG o.h.l.p.b.spi.LoadPlanTreePrinter - LoadPlan(entity=edu.tamu.framework.model.AbstractCoreUserImpl)
    - Returns
       - EntityReturnImpl(entity=edu.tamu.framework.model.AbstractCoreUserImpl, querySpaceUid=<gen:0>, path=edu.tamu.framework.model.AbstractCoreUserImpl)
    - QuerySpaces
       - EntityQuerySpaceImpl(uid=<gen:0>, entity=edu.tamu.framework.model.AbstractCoreUserImpl)
          - SQL table alias mapping - abstractco0_
          - alias suffix - 0_
          - suffixed key columns - {uin2_0_0_}

10:13:59.212 [main] DEBUG o.h.loader.entity.plan.EntityLoader - Static select for entity edu.tamu.framework.model.AbstractCoreUserImpl [UPGRADE]: select abstractco0_.uin as uin2_0_0_, abstractco0_.role as role3_0_0_, abstractco0_.first_name as first_na4_0_0_, abstractco0_.last_name as last_nam5_0_0_, abstractco0_.dtype as dtype1_0_0_ from core_users abstractco0_ where abstractco0_.uin=? for update
10:13:59.212 [main] DEBUG o.h.l.p.b.i.spaces.QuerySpacesImpl - Adding QuerySpace : uid = <gen:0> -> org.hibernate.loader.plan.build.internal.spaces.EntityQuerySpaceImpl@1c3b6963]
10:13:59.212 [main] DEBUG o.h.p.w.spi.MetamodelGraphWalker - Visiting attribute path : role
10:13:59.212 [main] DEBUG o.h.p.w.spi.MetamodelGraphWalker - Visiting attribute path : firstName
10:13:59.212 [main] DEBUG o.h.p.w.spi.MetamodelGraphWalker - Visiting attribute path : lastName
10:13:59.212 [main] DEBUG o.h.l.p.b.i.FetchStyleLoadPlanBuildingAssociationVisitationStrategy - Building LoadPlan...
10:13:59.212 [main] DEBUG o.h.l.p.e.i.LoadQueryJoinAndFetchProcessor - processing queryspace <gen:0>
10:13:59.212 [main] DEBUG o.h.l.p.b.spi.LoadPlanTreePrinter - LoadPlan(entity=edu.tamu.framework.model.AbstractCoreUserImpl)
    - Returns
       - EntityReturnImpl(entity=edu.tamu.framework.model.AbstractCoreUserImpl, querySpaceUid=<gen:0>, path=edu.tamu.framework.model.AbstractCoreUserImpl)
    - QuerySpaces
       - EntityQuerySpaceImpl(uid=<gen:0>, entity=edu.tamu.framework.model.AbstractCoreUserImpl)
          - SQL table alias mapping - abstractco0_
          - alias suffix - 0_
          - suffixed key columns - {uin2_0_0_}

10:13:59.212 [main] DEBUG o.h.loader.entity.plan.EntityLoader - Static select for entity edu.tamu.framework.model.AbstractCoreUserImpl [UPGRADE_NOWAIT]: select abstractco0_.uin as uin2_0_0_, abstractco0_.role as role3_0_0_, abstractco0_.first_name as first_na4_0_0_, abstractco0_.last_name as last_nam5_0_0_, abstractco0_.dtype as dtype1_0_0_ from core_users abstractco0_ where abstractco0_.uin=? for update nowait 
10:13:59.212 [main] DEBUG o.h.l.p.b.i.spaces.QuerySpacesImpl - Adding QuerySpace : uid = <gen:0> -> org.hibernate.loader.plan.build.internal.spaces.EntityQuerySpaceImpl@55a0f011]
10:13:59.212 [main] DEBUG o.h.p.w.spi.MetamodelGraphWalker - Visiting attribute path : role
10:13:59.213 [main] DEBUG o.h.p.w.spi.MetamodelGraphWalker - Visiting attribute path : firstName
10:13:59.213 [main] DEBUG o.h.p.w.spi.MetamodelGraphWalker - Visiting attribute path : lastName
10:13:59.213 [main] DEBUG o.h.l.p.b.i.FetchStyleLoadPlanBuildingAssociationVisitationStrategy - Building LoadPlan...
10:13:59.213 [main] DEBUG o.h.l.p.e.i.LoadQueryJoinAndFetchProcessor - processing queryspace <gen:0>
10:13:59.213 [main] DEBUG o.h.l.p.b.spi.LoadPlanTreePrinter - LoadPlan(entity=edu.tamu.framework.model.AbstractCoreUserImpl)
    - Returns
       - EntityReturnImpl(entity=edu.tamu.framework.model.AbstractCoreUserImpl, querySpaceUid=<gen:0>, path=edu.tamu.framework.model.AbstractCoreUserImpl)
    - QuerySpaces
       - EntityQuerySpaceImpl(uid=<gen:0>, entity=edu.tamu.framework.model.AbstractCoreUserImpl)
          - SQL table alias mapping - abstractco0_
          - alias suffix - 0_
          - suffixed key columns - {uin2_0_0_}

10:13:59.213 [main] DEBUG o.h.loader.entity.plan.EntityLoader - Static select for entity edu.tamu.framework.model.AbstractCoreUserImpl [UPGRADE_SKIPLOCKED]: select abstractco0_.uin as uin2_0_0_, abstractco0_.role as role3_0_0_, abstractco0_.first_name as first_na4_0_0_, abstractco0_.last_name as last_nam5_0_0_, abstractco0_.dtype as dtype1_0_0_ from core_users abstractco0_ where abstractco0_.uin=? for update
10:13:59.213 [main] DEBUG o.h.l.p.b.i.spaces.QuerySpacesImpl - Adding QuerySpace : uid = <gen:0> -> org.hibernate.loader.plan.build.internal.spaces.EntityQuerySpaceImpl@39133244]
10:13:59.213 [main] DEBUG o.h.p.w.spi.MetamodelGraphWalker - Visiting attribute path : role
10:13:59.213 [main] DEBUG o.h.p.w.spi.MetamodelGraphWalker - Visiting attribute path : firstName
10:13:59.213 [main] DEBUG o.h.p.w.spi.MetamodelGraphWalker - Visiting attribute path : lastName
10:13:59.213 [main] DEBUG o.h.l.p.b.i.FetchStyleLoadPlanBuildingAssociationVisitationStrategy - Building LoadPlan...
10:13:59.213 [main] DEBUG o.h.l.p.e.i.LoadQueryJoinAndFetchProcessor - processing queryspace <gen:0>
10:13:59.213 [main] DEBUG o.h.l.p.b.spi.LoadPlanTreePrinter - LoadPlan(entity=edu.tamu.framework.model.AbstractCoreUserImpl)
    - Returns
       - EntityReturnImpl(entity=edu.tamu.framework.model.AbstractCoreUserImpl, querySpaceUid=<gen:0>, path=edu.tamu.framework.model.AbstractCoreUserImpl)
    - QuerySpaces
       - EntityQuerySpaceImpl(uid=<gen:0>, entity=edu.tamu.framework.model.AbstractCoreUserImpl)
          - SQL table alias mapping - abstractco0_
          - alias suffix - 0_
          - suffixed key columns - {uin2_0_0_}

10:13:59.213 [main] DEBUG o.h.loader.entity.plan.EntityLoader - Static select for entity edu.tamu.framework.model.AbstractCoreUserImpl [FORCE]: select abstractco0_.uin as uin2_0_0_, abstractco0_.role as role3_0_0_, abstractco0_.first_name as first_na4_0_0_, abstractco0_.last_name as last_nam5_0_0_, abstractco0_.dtype as dtype1_0_0_ from core_users abstractco0_ where abstractco0_.uin=? for update nowait 
10:13:59.213 [main] DEBUG o.h.l.p.b.i.spaces.QuerySpacesImpl - Adding QuerySpace : uid = <gen:0> -> org.hibernate.loader.plan.build.internal.spaces.EntityQuerySpaceImpl@5e193ef5]
10:13:59.213 [main] DEBUG o.h.p.w.spi.MetamodelGraphWalker - Visiting attribute path : role
10:13:59.213 [main] DEBUG o.h.p.w.spi.MetamodelGraphWalker - Visiting attribute path : firstName
10:13:59.213 [main] DEBUG o.h.p.w.spi.MetamodelGraphWalker - Visiting attribute path : lastName
10:13:59.213 [main] DEBUG o.h.l.p.b.i.FetchStyleLoadPlanBuildingAssociationVisitationStrategy - Building LoadPlan...
10:13:59.213 [main] DEBUG o.h.l.p.e.i.LoadQueryJoinAndFetchProcessor - processing queryspace <gen:0>
10:13:59.214 [main] DEBUG o.h.l.p.b.spi.LoadPlanTreePrinter - LoadPlan(entity=edu.tamu.framework.model.AbstractCoreUserImpl)
    - Returns
       - EntityReturnImpl(entity=edu.tamu.framework.model.AbstractCoreUserImpl, querySpaceUid=<gen:0>, path=edu.tamu.framework.model.AbstractCoreUserImpl)
    - QuerySpaces
       - EntityQuerySpaceImpl(uid=<gen:0>, entity=edu.tamu.framework.model.AbstractCoreUserImpl)
          - SQL table alias mapping - abstractco0_
          - alias suffix - 0_
          - suffixed key columns - {uin2_0_0_}

10:13:59.214 [main] DEBUG o.h.loader.entity.plan.EntityLoader - Static select for entity edu.tamu.framework.model.AbstractCoreUserImpl [PESSIMISTIC_READ]: select abstractco0_.uin as uin2_0_0_, abstractco0_.role as role3_0_0_, abstractco0_.first_name as first_na4_0_0_, abstractco0_.last_name as last_nam5_0_0_, abstractco0_.dtype as dtype1_0_0_ from core_users abstractco0_ where abstractco0_.uin=? for share
10:13:59.214 [main] DEBUG o.h.l.p.b.i.spaces.QuerySpacesImpl - Adding QuerySpace : uid = <gen:0> -> org.hibernate.loader.plan.build.internal.spaces.EntityQuerySpaceImpl@21274afe]
10:13:59.214 [main] DEBUG o.h.p.w.spi.MetamodelGraphWalker - Visiting attribute path : role
10:13:59.214 [main] DEBUG o.h.p.w.spi.MetamodelGraphWalker - Visiting attribute path : firstName
10:13:59.214 [main] DEBUG o.h.p.w.spi.MetamodelGraphWalker - Visiting attribute path : lastName
10:13:59.214 [main] DEBUG o.h.l.p.b.i.FetchStyleLoadPlanBuildingAssociationVisitationStrategy - Building LoadPlan...
10:13:59.214 [main] DEBUG o.h.l.p.e.i.LoadQueryJoinAndFetchProcessor - processing queryspace <gen:0>
10:13:59.214 [main] DEBUG o.h.l.p.b.spi.LoadPlanTreePrinter - LoadPlan(entity=edu.tamu.framework.model.AbstractCoreUserImpl)
    - Returns
       - EntityReturnImpl(entity=edu.tamu.framework.model.AbstractCoreUserImpl, querySpaceUid=<gen:0>, path=edu.tamu.framework.model.AbstractCoreUserImpl)
    - QuerySpaces
       - EntityQuerySpaceImpl(uid=<gen:0>, entity=edu.tamu.framework.model.AbstractCoreUserImpl)
          - SQL table alias mapping - abstractco0_
          - alias suffix - 0_
          - suffixed key columns - {uin2_0_0_}

10:13:59.214 [main] DEBUG o.h.loader.entity.plan.EntityLoader - Static select for entity edu.tamu.framework.model.AbstractCoreUserImpl [PESSIMISTIC_WRITE]: select abstractco0_.uin as uin2_0_0_, abstractco0_.role as role3_0_0_, abstractco0_.first_name as first_na4_0_0_, abstractco0_.last_name as last_nam5_0_0_, abstractco0_.dtype as dtype1_0_0_ from core_users abstractco0_ where abstractco0_.uin=? for update
10:13:59.214 [main] DEBUG o.h.l.p.b.i.spaces.QuerySpacesImpl - Adding QuerySpace : uid = <gen:0> -> org.hibernate.loader.plan.build.internal.spaces.EntityQuerySpaceImpl@61da0413]
10:13:59.214 [main] DEBUG o.h.p.w.spi.MetamodelGraphWalker - Visiting attribute path : role
10:13:59.214 [main] DEBUG o.h.p.w.spi.MetamodelGraphWalker - Visiting attribute path : firstName
10:13:59.214 [main] DEBUG o.h.p.w.spi.MetamodelGraphWalker - Visiting attribute path : lastName
10:13:59.214 [main] DEBUG o.h.l.p.b.i.FetchStyleLoadPlanBuildingAssociationVisitationStrategy - Building LoadPlan...
10:13:59.214 [main] DEBUG o.h.l.p.e.i.LoadQueryJoinAndFetchProcessor - processing queryspace <gen:0>
10:13:59.214 [main] DEBUG o.h.l.p.b.spi.LoadPlanTreePrinter - LoadPlan(entity=edu.tamu.framework.model.AbstractCoreUserImpl)
    - Returns
       - EntityReturnImpl(entity=edu.tamu.framework.model.AbstractCoreUserImpl, querySpaceUid=<gen:0>, path=edu.tamu.framework.model.AbstractCoreUserImpl)
    - QuerySpaces
       - EntityQuerySpaceImpl(uid=<gen:0>, entity=edu.tamu.framework.model.AbstractCoreUserImpl)
          - SQL table alias mapping - abstractco0_
          - alias suffix - 0_
          - suffixed key columns - {uin2_0_0_}

10:13:59.214 [main] DEBUG o.h.loader.entity.plan.EntityLoader - Static select for entity edu.tamu.framework.model.AbstractCoreUserImpl [PESSIMISTIC_FORCE_INCREMENT]: select abstractco0_.uin as uin2_0_0_, abstractco0_.role as role3_0_0_, abstractco0_.first_name as first_na4_0_0_, abstractco0_.last_name as last_nam5_0_0_, abstractco0_.dtype as dtype1_0_0_ from core_users abstractco0_ where abstractco0_.uin=? for update nowait 
10:13:59.214 [main] DEBUG o.h.l.p.b.i.spaces.QuerySpacesImpl - Adding QuerySpace : uid = <gen:0> -> org.hibernate.loader.plan.build.internal.spaces.EntityQuerySpaceImpl@4d4c1ba9]
10:13:59.215 [main] DEBUG o.h.p.w.spi.MetamodelGraphWalker - Visiting attribute path : role
10:13:59.215 [main] DEBUG o.h.p.w.spi.MetamodelGraphWalker - Visiting attribute path : firstName
10:13:59.215 [main] DEBUG o.h.p.w.spi.MetamodelGraphWalker - Visiting attribute path : lastName
10:13:59.215 [main] DEBUG o.h.l.p.b.i.FetchStyleLoadPlanBuildingAssociationVisitationStrategy - Building LoadPlan...
10:13:59.215 [main] DEBUG o.h.l.p.e.i.LoadQueryJoinAndFetchProcessor - processing queryspace <gen:0>
10:13:59.215 [main] DEBUG o.h.l.p.b.spi.LoadPlanTreePrinter - LoadPlan(entity=edu.tamu.framework.model.AbstractCoreUserImpl)
    - Returns
       - EntityReturnImpl(entity=edu.tamu.framework.model.AbstractCoreUserImpl, querySpaceUid=<gen:0>, path=edu.tamu.framework.model.AbstractCoreUserImpl)
    - QuerySpaces
       - EntityQuerySpaceImpl(uid=<gen:0>, entity=edu.tamu.framework.model.AbstractCoreUserImpl)
          - SQL table alias mapping - abstractco0_
          - alias suffix - 0_
          - suffixed key columns - {uin2_0_0_}

10:13:59.215 [main] DEBUG o.h.loader.entity.plan.EntityLoader - Static select for entity edu.tamu.framework.model.AbstractCoreUserImpl [OPTIMISTIC]: select abstractco0_.uin as uin2_0_0_, abstractco0_.role as role3_0_0_, abstractco0_.first_name as first_na4_0_0_, abstractco0_.last_name as last_nam5_0_0_, abstractco0_.dtype as dtype1_0_0_ from core_users abstractco0_ where abstractco0_.uin=?
10:13:59.215 [main] DEBUG o.h.l.p.b.i.spaces.QuerySpacesImpl - Adding QuerySpace : uid = <gen:0> -> org.hibernate.loader.plan.build.internal.spaces.EntityQuerySpaceImpl@115c946b]
10:13:59.215 [main] DEBUG o.h.p.w.spi.MetamodelGraphWalker - Visiting attribute path : role
10:13:59.215 [main] DEBUG o.h.p.w.spi.MetamodelGraphWalker - Visiting attribute path : firstName
10:13:59.215 [main] DEBUG o.h.p.w.spi.MetamodelGraphWalker - Visiting attribute path : lastName
10:13:59.215 [main] DEBUG o.h.l.p.b.i.FetchStyleLoadPlanBuildingAssociationVisitationStrategy - Building LoadPlan...
10:13:59.215 [main] DEBUG o.h.l.p.e.i.LoadQueryJoinAndFetchProcessor - processing queryspace <gen:0>
10:13:59.215 [main] DEBUG o.h.l.p.b.spi.LoadPlanTreePrinter - LoadPlan(entity=edu.tamu.framework.model.AbstractCoreUserImpl)
    - Returns
       - EntityReturnImpl(entity=edu.tamu.framework.model.AbstractCoreUserImpl, querySpaceUid=<gen:0>, path=edu.tamu.framework.model.AbstractCoreUserImpl)
    - QuerySpaces
       - EntityQuerySpaceImpl(uid=<gen:0>, entity=edu.tamu.framework.model.AbstractCoreUserImpl)
          - SQL table alias mapping - abstractco0_
          - alias suffix - 0_
          - suffixed key columns - {uin2_0_0_}

10:13:59.215 [main] DEBUG o.h.loader.entity.plan.EntityLoader - Static select for entity edu.tamu.framework.model.AbstractCoreUserImpl [OPTIMISTIC_FORCE_INCREMENT]: select abstractco0_.uin as uin2_0_0_, abstractco0_.role as role3_0_0_, abstractco0_.first_name as first_na4_0_0_, abstractco0_.last_name as last_nam5_0_0_, abstractco0_.dtype as dtype1_0_0_ from core_users abstractco0_ where abstractco0_.uin=?
10:13:59.215 [main] DEBUG org.hibernate.loader.Loader - Static select for action ACTION_MERGE on entity edu.tamu.framework.model.AbstractCoreUserImpl: select abstractco0_.uin as uin2_0_0_, abstractco0_.role as role3_0_0_, abstractco0_.first_name as first_na4_0_0_, abstractco0_.last_name as last_nam5_0_0_, abstractco0_.dtype as dtype1_0_0_ from core_users abstractco0_ where abstractco0_.uin=?
10:13:59.215 [main] DEBUG org.hibernate.loader.Loader - Static select for action ACTION_REFRESH on entity edu.tamu.framework.model.AbstractCoreUserImpl: select abstractco0_.uin as uin2_0_0_, abstractco0_.role as role3_0_0_, abstractco0_.first_name as first_na4_0_0_, abstractco0_.last_name as last_nam5_0_0_, abstractco0_.dtype as dtype1_0_0_ from core_users abstractco0_ where abstractco0_.uin=?
10:13:59.216 [main] DEBUG o.h.internal.SessionFactoryRegistry - Registering SessionFactory: 5d8d1c02-c4bb-4a73-b7e4-f27050a53639 (<unnamed>)
10:13:59.216 [main] DEBUG o.h.internal.SessionFactoryRegistry - Not binding SessionFactory to JNDI, no JNDI name configured
10:13:59.216 [main] DEBUG o.h.internal.SessionFactoryImpl - Instantiated session factory
10:13:59.216 [main] DEBUG org.hibernate.cfg.Configuration - Processing hbm.xml files
10:13:59.216 [main] DEBUG org.hibernate.cfg.Configuration - Process annotated classes
10:13:59.216 [main] DEBUG org.hibernate.cfg.Configuration - Processing fk mappings (*ToOne and JoinedSubclass)
10:13:59.216 [main] DEBUG org.hibernate.cfg.Configuration - Processing extends queue
10:13:59.216 [main] DEBUG org.hibernate.cfg.Configuration - Processing extends queue
10:13:59.216 [main] DEBUG org.hibernate.cfg.Configuration - Processing collection mappings
10:13:59.216 [main] DEBUG org.hibernate.cfg.Configuration - Processing native query and ResultSetMapping mappings
10:13:59.216 [main] DEBUG org.hibernate.cfg.Configuration - Processing association property references
10:13:59.216 [main] DEBUG org.hibernate.cfg.Configuration - Creating tables' unique integer identifiers
10:13:59.216 [main] DEBUG org.hibernate.cfg.Configuration - Processing foreign key constraints
10:13:59.216 [main] DEBUG o.h.i.f.i.DefaultIdentifierGeneratorFactory - Setting dialect [org.hibernate.dialect.PostgreSQLDialect]
10:13:59.216 [main] DEBUG org.hibernate.cfg.Configuration - Processing hbm.xml files
10:13:59.216 [main] DEBUG org.hibernate.cfg.Configuration - Process annotated classes
10:13:59.216 [main] DEBUG org.hibernate.cfg.Configuration - Processing fk mappings (*ToOne and JoinedSubclass)
10:13:59.216 [main] DEBUG org.hibernate.cfg.Configuration - Processing extends queue
10:13:59.216 [main] DEBUG org.hibernate.cfg.Configuration - Processing extends queue
10:13:59.216 [main] DEBUG org.hibernate.cfg.Configuration - Processing collection mappings
10:13:59.216 [main] DEBUG org.hibernate.cfg.Configuration - Processing native query and ResultSetMapping mappings
10:13:59.216 [main] DEBUG org.hibernate.cfg.Configuration - Processing association property references
10:13:59.216 [main] DEBUG org.hibernate.cfg.Configuration - Creating tables' unique integer identifiers
10:13:59.216 [main] DEBUG org.hibernate.cfg.Configuration - Processing foreign key constraints
10:13:59.216 [main] DEBUG o.h.i.f.i.DefaultIdentifierGeneratorFactory - Setting dialect [org.hibernate.dialect.PostgreSQLDialect]
10:13:59.216 [main] DEBUG o.h.i.f.i.DefaultIdentifierGeneratorFactory - Setting dialect [org.hibernate.dialect.PostgreSQLDialect]
10:13:59.216 [main] INFO  o.h.tool.hbm2ddl.SchemaExport - HHH000227: Running hbm2ddl schema export
10:13:59.216 [main] DEBUG o.h.tool.hbm2ddl.SchemaExport - Import file not found: /import.sql
10:13:59.216 [main] DEBUG o.s.j.d.SimpleDriverDataSource - Creating new JDBC Driver Connection to [jdbc:h2:mem:testdb;DB_CLOSE_DELAY=-1;DB_CLOSE_ON_EXIT=false]
10:13:59.217 [main] DEBUG org.hibernate.SQL - drop table if exists core_users cascade
10:13:59.217 [main] DEBUG org.hibernate.SQL - create table core_users (dtype varchar(31) not null, uin int8 not null, role varchar(255), first_name varchar(255), last_name varchar(255), primary key (uin))
10:13:59.218 [main] INFO  o.h.tool.hbm2ddl.SchemaExport - HHH000230: Schema export complete
10:13:59.218 [main] DEBUG o.h.internal.NamedQueryRepository - Checking 0 named HQL queries
10:13:59.218 [main] DEBUG o.h.internal.NamedQueryRepository - Checking 0 named SQL queries
10:13:59.218 [main] DEBUG o.h.s.internal.StatisticsInitiator - Statistics initialized [enabled=false]
10:13:59.218 [main] DEBUG o.h.j.i.schemagen.JpaSchemaGenerator - No actions specified; doing nothing
10:13:59.219 [main] DEBUG o.h.j.i.EntityManagerFactoryRegistry - Registering EntityManagerFactory: default 
10:13:59.219 [main] DEBUG o.s.b.f.s.DefaultListableBeanFactory - Returning cached instance of singleton bean 'org.springframework.transaction.config.internalTransactionAdvisor'
10:13:59.219 [main] DEBUG o.s.b.f.s.DefaultListableBeanFactory - Returning cached instance of singleton bean 'org.springframework.transaction.config.internalTransactionAdvisor'
10:13:59.224 [main] DEBUG o.s.s.a.ScheduledAnnotationBeanPostProcessor - No @Scheduled annotations found on bean class: class org.springframework.orm.jpa.LocalContainerEntityManagerFactoryBean
10:13:59.225 [main] DEBUG o.s.b.f.s.DefaultListableBeanFactory - Finished creating instance of bean 'entityManagerFactory'
10:13:59.225 [main] DEBUG o.s.b.f.s.DefaultListableBeanFactory - Pre-instantiating singletons in org.springframework.beans.factory.support.DefaultListableBeanFactory@5d878b25: defining beans [org.springframework.context.annotation.internalConfigurationAnnotationProcessor,org.springframework.context.annotation.internalAutowiredAnnotationProcessor,org.springframework.context.annotation.internalRequiredAnnotationProcessor,org.springframework.context.annotation.internalCommonAnnotationProcessor,org.springframework.context.annotation.internalPersistenceAnnotationProcessor,testDataSourceConfiguration,org.springframework.context.annotation.ConfigurationClassPostProcessor.importAwareProcessor,org.springframework.context.annotation.ConfigurationClassPostProcessor.enhancedConfigurationProcessor,coreCorsFilter,coreScheduleConfig,coreSecurityConfig,coreWebAppConfig,coreWebMvcConfig,reportingController,symlinkRepo,httpRequestService,stompConnectionService,webSocketRequestService,emailUtility,httpUtility,jwtUtility,appControllerAspect,appConfig,appWebConfigSupport,appWebMvcConfig,appWebSocketConfig,securityConfig,springContext,adminController,mockAuthServiceController,userController,webServerInit,org.springframework.scheduling.annotation.SchedulingConfiguration,org.springframework.context.annotation.internalScheduledAnnotationProcessor,taskScheduler,org.springframework.security.config.annotation.authentication.configuration.AuthenticationConfiguration,authenticationManagerBuilder,enableGlobalAuthenticationAutowiredConfigurer,org.springframework.security.config.annotation.web.configuration.WebSecurityConfiguration,delegatingApplicationListener,webSecurityExpressionHandler,springSecurityFilterChain,privilegeEvaluator,autowiredWebSecurityConfigurersIgnoreParents,org.springframework.security.config.annotation.configuration.ObjectPostProcessorConfiguration,objectPostProcessor,org.springframework.security.config.annotation.web.servlet.configuration.WebMvcSecurityConfiguration,requestDataValueProcessor,jackson2Converter,objectMapper,securityContext,stopmConnectionService,stompConnectEvent,stompDisconnectEvent,org.springframework.boot.autoconfigure.web.WebMvcAutoConfiguration$WebMvcAutoConfigurationAdapter$FaviconConfiguration,faviconHandlerMapping,faviconRequestHandler,org.springframework.boot.autoconfigure.web.WebMvcAutoConfiguration$EnableWebMvcConfiguration,requestMappingHandlerAdapter,requestMappingHandlerMapping,mvcContentNegotiationManager,viewControllerHandlerMapping,beanNameHandlerMapping,resourceHandlerMapping,mvcResourceUrlProvider,defaultServletHandlerMapping,mvcConversionService,mvcValidator,mvcPathMatcher,mvcUrlPathHelper,mvcUriComponentsContributor,httpRequestHandlerAdapter,simpleControllerHandlerAdapter,handlerExceptionResolver,mvcViewResolver,resourceUrlEncodingFilter,org.springframework.boot.autoconfigure.condition.BeanTypeRegistry,defaultViewResolver,requestContextListener,viewResolver,spring.mvc.CONFIGURATION_PROPERTIES,spring.resources.CONFIGURATION_PROPERTIES,org.springframework.boot.context.properties.ConfigurationPropertiesBindingPostProcessor,org.springframework.boot.context.properties.ConfigurationPropertiesBindingPostProcessor.store,restInterceptor,restRequestMappingHandler,webSocketRequestMappingHandler,org.springframework.web.socket.config.annotation.DelegatingWebSocketMessageBrokerConfiguration,stompWebSocketHandlerMapping,subProtocolWebSocketHandler,messageBrokerSockJsTaskScheduler,webSocketScopeConfigurer,webSocketMessageBrokerStats,clientInboundChannel,clientInboundChannelExecutor,clientOutboundChannel,clientOutboundChannelExecutor,brokerChannel,brokerChannelExecutor,simpAnnotationMethodMessageHandler,simpleBrokerMessageHandler,stompBrokerRelayMessageHandler,userDestinationMessageHandler,brokerMessagingTemplate,brokerMessageConverter,userDestinationResolver,userSessionRegistry,appStompInterceptor,org.springframework.boot.autoconfigure.AutoConfigurationPackages,dataSource,org.springframework.boot.autoconfigure.PropertyPlaceholderAutoConfiguration,propertySourcesPlaceholderConfigurer,org.springframework.boot.autoconfigure.websocket.WebSocketAutoConfiguration$TomcatWebSocketConfiguration,websocketContainerCustomizer,org.springframework.boot.autoconfigure.websocket.WebSocketAutoConfiguration,org.springframework.boot.autoconfigure.aop.AopAutoConfiguration$JdkDynamicAutoProxyConfiguration,org.springframework.aop.config.internalAutoProxyCreator,org.springframework.boot.autoconfigure.aop.AopAutoConfiguration,org.springframework.boot.autoconfigure.jta.JtaAutoConfiguration,spring.jta.CONFIGURATION_PROPERTIES,org.springframework.boot.autoconfigure.jdbc.DataSourceAutoConfiguration$JdbcTemplateConfiguration,jdbcTemplate,namedParameterJdbcTemplate,org.springframework.boot.autoconfigure.jdbc.DataSourceAutoConfiguration$DataSourceInitializerConfiguration,dataSourceInitializer,org.springframework.boot.autoconfigure.jdbc.metadata.DataSourcePoolMetadataProvidersConfiguration$TomcatDataSourcePoolMetadataProviderConfiguration,tomcatPoolDataSourceMetadataProvider,org.springframework.boot.autoconfigure.jdbc.metadata.DataSourcePoolMetadataProvidersConfiguration,org.springframework.boot.autoconfigure.jdbc.DataSourceAutoConfiguration,spring.datasource.CONFIGURATION_PROPERTIES,dataSourceInitializerPostProcessor,org.springframework.boot.autoconfigure.orm.jpa.HibernateJpaAutoConfiguration,transactionManager,jpaVendorAdapter,entityManagerFactoryBuilder,entityManagerFactory,spring.jpa.CONFIGURATION_PROPERTIES,dataSourceInitializedPublisher,org.springframework.boot.autoconfigure.dao.PersistenceExceptionTranslationAutoConfiguration,persistenceExceptionTranslationPostProcessor,org.springframework.boot.autoconfigure.data.jpa.JpaRepositoriesAutoConfiguration,org.springframework.data.repository.core.support.RepositoryInterfaceAwareBeanPostProcessor,foo,jpaMappingContext,userRepoImpl,userRepo,org.springframework.boot.autoconfigure.jackson.JacksonAutoConfiguration$JacksonObjectMapperBuilderConfiguration,jacksonObjectMapperBuilder,http.mappers.CONFIGURATION_PROPERTIES,spring.jackson.CONFIGURATION_PROPERTIES,org.springframework.boot.autoconfigure.jackson.JacksonAutoConfiguration$JacksonObjectMapperConfiguration,org.springframework.boot.autoconfigure.jackson.JacksonAutoConfiguration,org.springframework.boot.autoconfigure.web.HttpMessageConvertersAutoConfiguration$StringHttpMessageConverterConfiguration,stringHttpMessageConverter,spring.http.encoding.CONFIGURATION_PROPERTIES,org.springframework.boot.autoconfigure.web.JacksonHttpMessageConvertersConfiguration$MappingJackson2HttpMessageConverterConfiguration,org.springframework.boot.autoconfigure.web.JacksonHttpMessageConvertersConfiguration,org.springframework.boot.autoconfigure.web.HttpMessageConvertersAutoConfiguration,messageConverters,org.springframework.boot.autoconfigure.jmx.JmxAutoConfiguration,mbeanExporter,objectNamingStrategy,mbeanServer,org.springframework.transaction.annotation.ProxyTransactionManagementConfiguration,org.springframework.transaction.config.internalTransactionAdvisor,transactionAttributeSource,transactionInterceptor,org.springframework.boot.autoconfigure.jdbc.DataSourceTransactionManagerAutoConfiguration$TransactionManagementConfiguration,org.springframework.boot.autoconfigure.jdbc.DataSourceTransactionManagerAutoConfiguration,org.springframework.boot.autoconfigure.security.AuthenticationManagerConfiguration$AuthenticationManagerConfigurationListener,org.springframework.boot.autoconfigure.security.AuthenticationManagerConfiguration,authenticationManager,springBootAuthenticationConfigurerAdapter,org.springframework.boot.autoconfigure.security.BootGlobalAuthenticationConfiguration,bootGlobalAuthenticationConfigurationAdapter,org.springframework.boot.autoconfigure.security.SecurityAutoConfiguration,authenticationEventPublisher,securityProperties,org.springframework.boot.autoconfigure.web.HttpEncodingAutoConfiguration,characterEncodingFilter,org.springframework.boot.autoconfigure.web.MultipartAutoConfiguration,multipartConfigElement,multipartResolver,multipart.CONFIGURATION_PROPERTIES,org.springframework.orm.jpa.SharedEntityManagerCreator#0]; root of factory hierarchy
10:13:59.225 [main] DEBUG o.s.b.f.s.DefaultListableBeanFactory - Returning cached instance of singleton bean 'org.springframework.context.annotation.internalConfigurationAnnotationProcessor'
10:13:59.225 [main] DEBUG o.s.b.f.s.DefaultListableBeanFactory - Returning cached instance of singleton bean 'org.springframework.context.annotation.internalAutowiredAnnotationProcessor'
10:13:59.225 [main] DEBUG o.s.b.f.s.DefaultListableBeanFactory - Returning cached instance of singleton bean 'org.springframework.context.annotation.internalRequiredAnnotationProcessor'
10:13:59.225 [main] DEBUG o.s.b.f.s.DefaultListableBeanFactory - Returning cached instance of singleton bean 'org.springframework.context.annotation.internalCommonAnnotationProcessor'
10:13:59.225 [main] DEBUG o.s.b.f.s.DefaultListableBeanFactory - Returning cached instance of singleton bean 'org.springframework.context.annotation.internalPersistenceAnnotationProcessor'
10:13:59.225 [main] DEBUG o.s.b.f.s.DefaultListableBeanFactory - Returning cached instance of singleton bean 'testDataSourceConfiguration'
10:13:59.225 [main] DEBUG o.s.b.f.s.DefaultListableBeanFactory - Returning cached instance of singleton bean 'org.springframework.context.annotation.ConfigurationClassPostProcessor.importAwareProcessor'
10:13:59.225 [main] DEBUG o.s.b.f.s.DefaultListableBeanFactory - Returning cached instance of singleton bean 'org.springframework.context.annotation.ConfigurationClassPostProcessor.enhancedConfigurationProcessor'
10:13:59.225 [main] DEBUG o.s.b.f.s.DefaultListableBeanFactory - Creating shared instance of singleton bean 'coreCorsFilter'
10:13:59.225 [main] DEBUG o.s.b.f.s.DefaultListableBeanFactory - Creating instance of bean 'coreCorsFilter'
10:13:59.225 [main] DEBUG o.s.b.f.s.DefaultListableBeanFactory - Returning cached instance of singleton bean 'org.springframework.transaction.config.internalTransactionAdvisor'
10:13:59.225 [main] DEBUG o.s.b.f.annotation.InjectionMetadata - Registered injected element on class [edu.tamu.framework.config.CoreCorsFilter]: AutowiredFieldElement for private java.lang.String[] edu.tamu.framework.config.CoreCorsFilter.hosts
10:13:59.225 [main] DEBUG o.s.b.f.s.DefaultListableBeanFactory - Eagerly caching bean 'coreCorsFilter' to allow for resolving potential circular references
10:13:59.225 [main] DEBUG o.s.b.f.annotation.InjectionMetadata - Processing injected element of bean 'coreCorsFilter': AutowiredFieldElement for private java.lang.String[] edu.tamu.framework.config.CoreCorsFilter.hosts
10:13:59.225 [main] DEBUG o.s.c.e.PropertySourcesPropertyResolver - Searching for key 'app.security.allow-access' in [environmentProperties]
10:13:59.225 [main] DEBUG o.s.c.e.PropertySourcesPropertyResolver - Searching for key 'app.security.allow-access' in [systemProperties]
10:13:59.225 [main] DEBUG o.s.c.e.PropertySourcesPropertyResolver - Searching for key 'app.security.allow-access' in [systemEnvironment]
10:13:59.226 [main] DEBUG o.s.c.e.PropertySourcesPropertyResolver - Searching for key 'app.security.allow-access' in [class path resource [config/application.properties]]
10:13:59.226 [main] DEBUG o.s.c.e.PropertySourcesPropertyResolver - Found key 'app.security.allow-access' in [class path resource [config/application.properties]] with type [String] and value 'http://localhost,http://machuff.tamu.edu,http://imacdev.tamu.edu,http://savell.evans.tamu.edu,http://jcreel.tamu.edu'
10:13:59.226 [main] DEBUG o.s.c.e.PropertySourcesPropertyResolver - Found key 'app.security.allow-access' in [environmentProperties] with type [String] and value 'http://localhost,http://machuff.tamu.edu,http://imacdev.tamu.edu,http://savell.evans.tamu.edu,http://jcreel.tamu.edu'
10:13:59.226 [main] DEBUG o.s.b.f.s.DefaultListableBeanFactory - Returning cached instance of singleton bean 'org.springframework.transaction.config.internalTransactionAdvisor'
10:13:59.226 [main] DEBUG o.s.b.f.s.DefaultListableBeanFactory - Returning cached instance of singleton bean 'org.springframework.transaction.config.internalTransactionAdvisor'
10:13:59.227 [main] DEBUG o.s.s.a.ScheduledAnnotationBeanPostProcessor - No @Scheduled annotations found on bean class: class edu.tamu.framework.config.CoreCorsFilter
10:13:59.227 [main] DEBUG o.s.b.f.s.DefaultListableBeanFactory - Finished creating instance of bean 'coreCorsFilter'
10:13:59.227 [main] DEBUG o.s.b.f.s.DefaultListableBeanFactory - Creating shared instance of singleton bean 'coreScheduleConfig'
10:13:59.227 [main] DEBUG o.s.b.f.s.DefaultListableBeanFactory - Creating instance of bean 'coreScheduleConfig'
10:13:59.227 [main] DEBUG o.s.b.f.s.DefaultListableBeanFactory - Returning cached instance of singleton bean 'org.springframework.transaction.config.internalTransactionAdvisor'
10:13:59.227 [main] DEBUG o.s.b.f.s.DefaultListableBeanFactory - Eagerly caching bean 'coreScheduleConfig' to allow for resolving potential circular references
10:13:59.227 [main] DEBUG o.s.b.f.s.DefaultListableBeanFactory - Returning cached instance of singleton bean 'org.springframework.transaction.config.internalTransactionAdvisor'
10:13:59.227 [main] DEBUG o.s.b.f.s.DefaultListableBeanFactory - Returning cached instance of singleton bean 'org.springframework.transaction.config.internalTransactionAdvisor'
10:13:59.228 [main] DEBUG o.s.s.a.ScheduledAnnotationBeanPostProcessor - No @Scheduled annotations found on bean class: class edu.tamu.framework.config.CoreScheduleConfig$$EnhancerBySpringCGLIB$$dd7086ae
10:13:59.228 [main] DEBUG o.s.b.f.s.DefaultListableBeanFactory - Finished creating instance of bean 'coreScheduleConfig'
10:13:59.228 [main] DEBUG o.s.b.f.s.DefaultListableBeanFactory - Creating shared instance of singleton bean 'coreSecurityConfig'
10:13:59.228 [main] DEBUG o.s.b.f.s.DefaultListableBeanFactory - Creating instance of bean 'coreSecurityConfig'
10:13:59.228 [main] DEBUG o.s.b.f.s.DefaultListableBeanFactory - Returning cached instance of singleton bean 'org.springframework.transaction.config.internalTransactionAdvisor'
10:13:59.229 [main] DEBUG o.s.b.f.annotation.InjectionMetadata - Registered injected element on class [edu.tamu.framework.config.CoreSecurityConfig$$EnhancerBySpringCGLIB$$1119397]: AutowiredMethodElement for public void org.springframework.security.config.annotation.web.configuration.WebSecurityConfigurerAdapter.setTrustResolver(org.springframework.security.authentication.AuthenticationTrustResolver)
10:13:59.229 [main] DEBUG o.s.b.f.annotation.InjectionMetadata - Registered injected element on class [edu.tamu.framework.config.CoreSecurityConfig$$EnhancerBySpringCGLIB$$1119397]: AutowiredMethodElement for public void org.springframework.security.config.annotation.web.configuration.WebSecurityConfigurerAdapter.setContentNegotationStrategy(org.springframework.web.accept.ContentNegotiationStrategy)
10:13:59.229 [main] DEBUG o.s.b.f.annotation.InjectionMetadata - Registered injected element on class [edu.tamu.framework.config.CoreSecurityConfig$$EnhancerBySpringCGLIB$$1119397]: AutowiredMethodElement for public void org.springframework.security.config.annotation.web.configuration.WebSecurityConfigurerAdapter.setAuthenticationConfiguration(org.springframework.security.config.annotation.authentication.configuration.AuthenticationConfiguration)
10:13:59.229 [main] DEBUG o.s.b.f.annotation.InjectionMetadata - Registered injected element on class [edu.tamu.framework.config.CoreSecurityConfig$$EnhancerBySpringCGLIB$$1119397]: AutowiredMethodElement for public void org.springframework.security.config.annotation.web.configuration.WebSecurityConfigurerAdapter.setApplicationContext(org.springframework.context.ApplicationContext)
10:13:59.229 [main] DEBUG o.s.b.f.annotation.InjectionMetadata - Registered injected element on class [edu.tamu.framework.config.CoreSecurityConfig$$EnhancerBySpringCGLIB$$1119397]: AutowiredMethodElement for public void org.springframework.security.config.annotation.web.configuration.WebSecurityConfigurerAdapter.setObjectPostProcessor(org.springframework.security.config.annotation.ObjectPostProcessor)
10:13:59.229 [main] DEBUG o.s.b.f.s.DefaultListableBeanFactory - Eagerly caching bean 'coreSecurityConfig' to allow for resolving potential circular references
10:13:59.229 [main] DEBUG o.s.b.f.annotation.InjectionMetadata - Processing injected element of bean 'coreSecurityConfig': AutowiredMethodElement for public void org.springframework.security.config.annotation.web.configuration.WebSecurityConfigurerAdapter.setTrustResolver(org.springframework.security.authentication.AuthenticationTrustResolver)
10:13:59.231 [main] DEBUG o.s.b.f.annotation.InjectionMetadata - Processing injected element of bean 'coreSecurityConfig': AutowiredMethodElement for public void org.springframework.security.config.annotation.web.configuration.WebSecurityConfigurerAdapter.setContentNegotationStrategy(org.springframework.web.accept.ContentNegotiationStrategy)
10:13:59.232 [main] DEBUG o.s.b.f.s.DefaultListableBeanFactory - Creating shared instance of singleton bean 'mvcContentNegotiationManager'
10:13:59.232 [main] DEBUG o.s.b.f.s.DefaultListableBeanFactory - Creating instance of bean 'mvcContentNegotiationManager'
10:13:59.232 [main] DEBUG o.s.b.f.s.DefaultListableBeanFactory - Returning cached instance of singleton bean 'org.springframework.transaction.config.internalTransactionAdvisor'
10:13:59.232 [main] DEBUG o.s.b.f.s.DefaultListableBeanFactory - Creating shared instance of singleton bean 'org.springframework.boot.autoconfigure.web.WebMvcAutoConfiguration$EnableWebMvcConfiguration'
10:13:59.232 [main] DEBUG o.s.b.f.s.DefaultListableBeanFactory - Creating instance of bean 'org.springframework.boot.autoconfigure.web.WebMvcAutoConfiguration$EnableWebMvcConfiguration'
10:13:59.233 [main] DEBUG o.s.b.f.s.DefaultListableBeanFactory - Returning cached instance of singleton bean 'org.springframework.transaction.config.internalTransactionAdvisor'
10:13:59.234 [main] DEBUG o.s.b.f.annotation.InjectionMetadata - Registered injected element on class [org.springframework.boot.autoconfigure.web.WebMvcAutoConfiguration$EnableWebMvcConfiguration$$EnhancerBySpringCGLIB$$a721489f]: AutowiredMethodElement for public void org.springframework.web.servlet.config.annotation.DelegatingWebMvcConfiguration.setConfigurers(java.util.List)
10:13:59.234 [main] DEBUG o.s.b.f.annotation.InjectionMetadata - Registered injected element on class [org.springframework.boot.autoconfigure.web.WebMvcAutoConfiguration$EnableWebMvcConfiguration$$EnhancerBySpringCGLIB$$a721489f]: AutowiredFieldElement for private org.springframework.boot.autoconfigure.web.WebMvcProperties org.springframework.boot.autoconfigure.web.WebMvcAutoConfiguration$EnableWebMvcConfiguration.mvcProperties
10:13:59.234 [main] DEBUG o.s.b.f.s.DefaultListableBeanFactory - Eagerly caching bean 'org.springframework.boot.autoconfigure.web.WebMvcAutoConfiguration$EnableWebMvcConfiguration' to allow for resolving potential circular references
10:13:59.234 [main] DEBUG o.s.b.f.annotation.InjectionMetadata - Processing injected element of bean 'org.springframework.boot.autoconfigure.web.WebMvcAutoConfiguration$EnableWebMvcConfiguration': AutowiredMethodElement for public void org.springframework.web.servlet.config.annotation.DelegatingWebMvcConfiguration.setConfigurers(java.util.List)
10:13:59.235 [main] DEBUG o.s.b.f.s.DefaultListableBeanFactory - Creating shared instance of singleton bean 'coreWebAppConfig'
10:13:59.235 [main] DEBUG o.s.b.f.s.DefaultListableBeanFactory - Creating instance of bean 'coreWebAppConfig'
10:13:59.235 [main] DEBUG o.s.b.f.s.DefaultListableBeanFactory - Returning cached instance of singleton bean 'org.springframework.transaction.config.internalTransactionAdvisor'
10:13:59.236 [main] DEBUG o.s.b.f.s.DefaultListableBeanFactory - Eagerly caching bean 'coreWebAppConfig' to allow for resolving potential circular references
10:13:59.236 [main] DEBUG o.s.b.f.s.DefaultListableBeanFactory - Returning cached instance of singleton bean 'org.springframework.transaction.config.internalTransactionAdvisor'
10:13:59.236 [main] DEBUG o.s.b.f.s.DefaultListableBeanFactory - Returning cached instance of singleton bean 'org.springframework.transaction.config.internalTransactionAdvisor'
10:13:59.241 [main] DEBUG o.s.s.a.ScheduledAnnotationBeanPostProcessor - No @Scheduled annotations found on bean class: class edu.tamu.framework.config.CoreWebAppConfig$$EnhancerBySpringCGLIB$$d1ffea44
10:13:59.241 [main] DEBUG o.s.b.f.s.DefaultListableBeanFactory - Finished creating instance of bean 'coreWebAppConfig'
10:13:59.241 [main] DEBUG o.s.b.f.s.DefaultListableBeanFactory - Creating shared instance of singleton bean 'coreWebMvcConfig'
10:13:59.241 [main] DEBUG o.s.b.f.s.DefaultListableBeanFactory - Creating instance of bean 'coreWebMvcConfig'
10:13:59.242 [main] DEBUG o.s.b.f.s.DefaultListableBeanFactory - Returning cached instance of singleton bean 'org.springframework.transaction.config.internalTransactionAdvisor'
10:13:59.243 [main] DEBUG o.s.b.f.annotation.InjectionMetadata - Registered injected element on class [edu.tamu.framework.config.CoreWebMvcConfig$$EnhancerBySpringCGLIB$$f912643d]: AutowiredFieldElement for private java.lang.String org.springframework.boot.autoconfigure.web.WebMvcAutoConfiguration$WebMvcAutoConfigurationAdapter.prefix
10:13:59.243 [main] DEBUG o.s.b.f.annotation.InjectionMetadata - Registered injected element on class [edu.tamu.framework.config.CoreWebMvcConfig$$EnhancerBySpringCGLIB$$f912643d]: AutowiredFieldElement for private java.lang.String org.springframework.boot.autoconfigure.web.WebMvcAutoConfiguration$WebMvcAutoConfigurationAdapter.suffix
10:13:59.243 [main] DEBUG o.s.b.f.annotation.InjectionMetadata - Registered injected element on class [edu.tamu.framework.config.CoreWebMvcConfig$$EnhancerBySpringCGLIB$$f912643d]: AutowiredFieldElement for private org.springframework.boot.autoconfigure.web.ResourceProperties org.springframework.boot.autoconfigure.web.WebMvcAutoConfiguration$WebMvcAutoConfigurationAdapter.resourceProperties
10:13:59.243 [main] DEBUG o.s.b.f.annotation.InjectionMetadata - Registered injected element on class [edu.tamu.framework.config.CoreWebMvcConfig$$EnhancerBySpringCGLIB$$f912643d]: AutowiredFieldElement for private org.springframework.boot.autoconfigure.web.WebMvcProperties org.springframework.boot.autoconfigure.web.WebMvcAutoConfiguration$WebMvcAutoConfigurationAdapter.mvcProperties
10:13:59.243 [main] DEBUG o.s.b.f.annotation.InjectionMetadata - Registered injected element on class [edu.tamu.framework.config.CoreWebMvcConfig$$EnhancerBySpringCGLIB$$f912643d]: AutowiredFieldElement for private org.springframework.beans.factory.ListableBeanFactory org.springframework.boot.autoconfigure.web.WebMvcAutoConfiguration$WebMvcAutoConfigurationAdapter.beanFactory
10:13:59.243 [main] DEBUG o.s.b.f.annotation.InjectionMetadata - Registered injected element on class [edu.tamu.framework.config.CoreWebMvcConfig$$EnhancerBySpringCGLIB$$f912643d]: AutowiredFieldElement for private org.springframework.core.io.ResourceLoader org.springframework.boot.autoconfigure.web.WebMvcAutoConfiguration$WebMvcAutoConfigurationAdapter.resourceLoader
10:13:59.243 [main] DEBUG o.s.b.f.annotation.InjectionMetadata - Registered injected element on class [edu.tamu.framework.config.CoreWebMvcConfig$$EnhancerBySpringCGLIB$$f912643d]: AutowiredFieldElement for private org.springframework.boot.autoconfigure.web.HttpMessageConverters org.springframework.boot.autoconfigure.web.WebMvcAutoConfiguration$WebMvcAutoConfigurationAdapter.messageConverters
10:13:59.243 [main] DEBUG o.s.b.f.annotation.InjectionMetadata - Registered injected element on class [edu.tamu.framework.config.CoreWebMvcConfig$$EnhancerBySpringCGLIB$$f912643d]: AutowiredFieldElement for private org.springframework.core.env.Environment edu.tamu.framework.config.CoreWebMvcConfig.env
10:13:59.243 [main] DEBUG o.s.b.f.s.DefaultListableBeanFactory - Eagerly caching bean 'coreWebMvcConfig' to allow for resolving potential circular references
10:13:59.244 [main] DEBUG o.s.b.f.annotation.InjectionMetadata - Processing injected element of bean 'coreWebMvcConfig': AutowiredFieldElement for private java.lang.String org.springframework.boot.autoconfigure.web.WebMvcAutoConfiguration$WebMvcAutoConfigurationAdapter.prefix
10:13:59.244 [main] DEBUG o.s.c.e.PropertySourcesPropertyResolver - Searching for key 'spring.view.prefix:' in [environmentProperties]
10:13:59.244 [main] DEBUG o.s.c.e.PropertySourcesPropertyResolver - Searching for key 'spring.view.prefix:' in [systemProperties]
10:13:59.244 [main] DEBUG o.s.c.e.PropertySourcesPropertyResolver - Searching for key 'spring.view.prefix:' in [systemEnvironment]
10:13:59.244 [main] DEBUG o.s.c.e.PropertySourcesPropertyResolver - Searching for key 'spring.view.prefix:' in [class path resource [config/application.properties]]
10:13:59.244 [main] DEBUG o.s.c.e.PropertySourcesPropertyResolver - Could not find key 'spring.view.prefix:' in any property source. Returning [null]
10:13:59.244 [main] DEBUG o.s.c.e.PropertySourcesPropertyResolver - Searching for key 'spring.view.prefix:' in [localProperties]
10:13:59.244 [main] DEBUG o.s.c.e.PropertySourcesPropertyResolver - Could not find key 'spring.view.prefix:' in any property source. Returning [null]
10:13:59.244 [main] DEBUG o.s.c.e.PropertySourcesPropertyResolver - Searching for key 'spring.view.prefix' in [environmentProperties]
10:13:59.244 [main] DEBUG o.s.c.e.PropertySourcesPropertyResolver - Searching for key 'spring.view.prefix' in [systemProperties]
10:13:59.244 [main] DEBUG o.s.c.e.PropertySourcesPropertyResolver - Searching for key 'spring.view.prefix' in [systemEnvironment]
10:13:59.244 [main] DEBUG o.s.c.e.PropertySourcesPropertyResolver - Searching for key 'spring.view.prefix' in [class path resource [config/application.properties]]
10:13:59.244 [main] DEBUG o.s.c.e.PropertySourcesPropertyResolver - Could not find key 'spring.view.prefix' in any property source. Returning [null]
10:13:59.244 [main] DEBUG o.s.c.e.PropertySourcesPropertyResolver - Searching for key 'spring.view.prefix' in [localProperties]
10:13:59.244 [main] DEBUG o.s.c.e.PropertySourcesPropertyResolver - Could not find key 'spring.view.prefix' in any property source. Returning [null]
10:13:59.244 [main] DEBUG o.s.b.f.annotation.InjectionMetadata - Processing injected element of bean 'coreWebMvcConfig': AutowiredFieldElement for private java.lang.String org.springframework.boot.autoconfigure.web.WebMvcAutoConfiguration$WebMvcAutoConfigurationAdapter.suffix
10:13:59.244 [main] DEBUG o.s.c.e.PropertySourcesPropertyResolver - Searching for key 'spring.view.suffix:' in [environmentProperties]
10:13:59.244 [main] DEBUG o.s.c.e.PropertySourcesPropertyResolver - Searching for key 'spring.view.suffix:' in [systemProperties]
10:13:59.244 [main] DEBUG o.s.c.e.PropertySourcesPropertyResolver - Searching for key 'spring.view.suffix:' in [systemEnvironment]
10:13:59.244 [main] DEBUG o.s.c.e.PropertySourcesPropertyResolver - Searching for key 'spring.view.suffix:' in [class path resource [config/application.properties]]
10:13:59.244 [main] DEBUG o.s.c.e.PropertySourcesPropertyResolver - Could not find key 'spring.view.suffix:' in any property source. Returning [null]
10:13:59.244 [main] DEBUG o.s.c.e.PropertySourcesPropertyResolver - Searching for key 'spring.view.suffix:' in [localProperties]
10:13:59.244 [main] DEBUG o.s.c.e.PropertySourcesPropertyResolver - Could not find key 'spring.view.suffix:' in any property source. Returning [null]
10:13:59.244 [main] DEBUG o.s.c.e.PropertySourcesPropertyResolver - Searching for key 'spring.view.suffix' in [environmentProperties]
10:13:59.244 [main] DEBUG o.s.c.e.PropertySourcesPropertyResolver - Searching for key 'spring.view.suffix' in [systemProperties]
10:13:59.244 [main] DEBUG o.s.c.e.PropertySourcesPropertyResolver - Searching for key 'spring.view.suffix' in [systemEnvironment]
10:13:59.244 [main] DEBUG o.s.c.e.PropertySourcesPropertyResolver - Searching for key 'spring.view.suffix' in [class path resource [config/application.properties]]
10:13:59.244 [main] DEBUG o.s.c.e.PropertySourcesPropertyResolver - Could not find key 'spring.view.suffix' in any property source. Returning [null]
10:13:59.244 [main] DEBUG o.s.c.e.PropertySourcesPropertyResolver - Searching for key 'spring.view.suffix' in [localProperties]
10:13:59.244 [main] DEBUG o.s.c.e.PropertySourcesPropertyResolver - Could not find key 'spring.view.suffix' in any property source. Returning [null]
10:13:59.244 [main] DEBUG o.s.b.f.annotation.InjectionMetadata - Processing injected element of bean 'coreWebMvcConfig': AutowiredFieldElement for private org.springframework.boot.autoconfigure.web.ResourceProperties org.springframework.boot.autoconfigure.web.WebMvcAutoConfiguration$WebMvcAutoConfigurationAdapter.resourceProperties
10:13:59.245 [main] DEBUG o.s.b.f.s.DefaultListableBeanFactory - Creating shared instance of singleton bean 'spring.resources.CONFIGURATION_PROPERTIES'
10:13:59.245 [main] DEBUG o.s.b.f.s.DefaultListableBeanFactory - Creating instance of bean 'spring.resources.CONFIGURATION_PROPERTIES'
10:13:59.245 [main] DEBUG o.s.b.f.s.DefaultListableBeanFactory - Returning cached instance of singleton bean 'org.springframework.transaction.config.internalTransactionAdvisor'
10:13:59.245 [main] DEBUG o.s.b.f.s.DefaultListableBeanFactory - Eagerly caching bean 'spring.resources.CONFIGURATION_PROPERTIES' to allow for resolving potential circular references
10:13:59.246 [main] DEBUG o.s.core.env.MutablePropertySources - Adding [systemProperties] PropertySource with lowest search precedence
10:13:59.246 [main] DEBUG o.s.core.env.MutablePropertySources - Adding [systemEnvironment] PropertySource with lowest search precedence
10:13:59.246 [main] DEBUG o.s.core.env.MutablePropertySources - Adding [class path resource [config/application.properties]] PropertySource with lowest search precedence
10:13:59.246 [main] DEBUG o.s.core.env.MutablePropertySources - Adding [localProperties] PropertySource with lowest search precedence
10:13:59.246 [main] DEBUG o.s.core.env.MutablePropertySources - Adding [systemProperties] PropertySource with lowest search precedence
10:13:59.246 [main] DEBUG o.s.core.env.MutablePropertySources - Adding [systemEnvironment] PropertySource with lowest search precedence
10:13:59.246 [main] DEBUG o.s.core.env.MutablePropertySources - Adding [class path resource [config/application.properties]] PropertySource with lowest search precedence
10:13:59.246 [main] DEBUG o.s.core.env.MutablePropertySources - Adding [localProperties] PropertySource with lowest search precedence
10:13:59.246 [main] DEBUG o.s.c.e.PropertySourcesPropertyResolver - Searching for key 'app.security.jwt.secret_key' in [systemProperties]
10:13:59.246 [main] DEBUG o.s.c.e.PropertySourcesPropertyResolver - Searching for key 'app.security.jwt.secret_key' in [systemEnvironment]
10:13:59.246 [main] DEBUG o.s.c.e.PropertySourcesPropertyResolver - Searching for key 'app.security.jwt.secret_key' in [class path resource [config/application.properties]]
10:13:59.246 [main] DEBUG o.s.c.e.PropertySourcesPropertyResolver - Found key 'app.security.jwt.secret_key' in [class path resource [config/application.properties]] with type [String] and value 'verysecretsecret'
10:13:59.246 [main] DEBUG o.s.core.env.MutablePropertySources - Adding [systemProperties] PropertySource with lowest search precedence
10:13:59.246 [main] DEBUG o.s.core.env.MutablePropertySources - Adding [systemEnvironment] PropertySource with lowest search precedence
10:13:59.246 [main] DEBUG o.s.core.env.MutablePropertySources - Adding [class path resource [config/application.properties]] PropertySource with lowest search precedence
10:13:59.246 [main] DEBUG o.s.core.env.MutablePropertySources - Adding [localProperties] PropertySource with lowest search precedence
10:13:59.246 [main] DEBUG o.s.c.e.PropertySourcesPropertyResolver - Searching for key 'app.whitelist' in [systemProperties]
10:13:59.246 [main] DEBUG o.s.c.e.PropertySourcesPropertyResolver - Searching for key 'app.whitelist' in [systemEnvironment]
10:13:59.246 [main] DEBUG o.s.c.e.PropertySourcesPropertyResolver - Searching for key 'app.whitelist' in [class path resource [config/application.properties]]
10:13:59.246 [main] DEBUG o.s.c.e.PropertySourcesPropertyResolver - Found key 'app.whitelist' in [class path resource [config/application.properties]] with type [String] and value '127.0.0.1'
10:13:59.246 [main] DEBUG o.s.core.env.MutablePropertySources - Adding [systemProperties] PropertySource with lowest search precedence
10:13:59.246 [main] DEBUG o.s.core.env.MutablePropertySources - Adding [systemEnvironment] PropertySource with lowest search precedence
10:13:59.246 [main] DEBUG o.s.core.env.MutablePropertySources - Adding [class path resource [config/application.properties]] PropertySource with lowest search precedence
10:13:59.246 [main] DEBUG o.s.core.env.MutablePropertySources - Adding [localProperties] PropertySource with lowest search precedence
10:13:59.246 [main] DEBUG o.s.c.e.PropertySourcesPropertyResolver - Searching for key 'app.email.address' in [systemProperties]
10:13:59.246 [main] DEBUG o.s.c.e.PropertySourcesPropertyResolver - Searching for key 'app.email.address' in [systemEnvironment]
10:13:59.246 [main] DEBUG o.s.c.e.PropertySourcesPropertyResolver - Searching for key 'app.email.address' in [class path resource [config/application.properties]]
10:13:59.246 [main] DEBUG o.s.c.e.PropertySourcesPropertyResolver - Found key 'app.email.address' in [class path resource [config/application.properties]] with type [String] and value 'dhahn@library.tamu.edu'
10:13:59.247 [main] DEBUG o.s.core.env.MutablePropertySources - Adding [systemProperties] PropertySource with lowest search precedence
10:13:59.247 [main] DEBUG o.s.core.env.MutablePropertySources - Adding [systemEnvironment] PropertySource with lowest search precedence
10:13:59.247 [main] DEBUG o.s.core.env.MutablePropertySources - Adding [class path resource [config/application.properties]] PropertySource with lowest search precedence
10:13:59.247 [main] DEBUG o.s.core.env.MutablePropertySources - Adding [localProperties] PropertySource with lowest search precedence
10:13:59.247 [main] DEBUG o.s.c.e.PropertySourcesPropertyResolver - Searching for key 'app.service.voyager.app' in [systemProperties]
10:13:59.247 [main] DEBUG o.s.c.e.PropertySourcesPropertyResolver - Searching for key 'app.service.voyager.app' in [systemEnvironment]
10:13:59.247 [main] DEBUG o.s.c.e.PropertySourcesPropertyResolver - Searching for key 'app.service.voyager.app' in [class path resource [config/application.properties]]
10:13:59.247 [main] DEBUG o.s.c.e.PropertySourcesPropertyResolver - Found key 'app.service.voyager.app' in [class path resource [config/application.properties]] with type [String] and value 'vxws'
10:13:59.247 [main] DEBUG o.s.core.env.MutablePropertySources - Adding [systemProperties] PropertySource with lowest search precedence
10:13:59.247 [main] DEBUG o.s.core.env.MutablePropertySources - Adding [systemEnvironment] PropertySource with lowest search precedence
10:13:59.247 [main] DEBUG o.s.core.env.MutablePropertySources - Adding [class path resource [config/application.properties]] PropertySource with lowest search precedence
10:13:59.247 [main] DEBUG o.s.core.env.MutablePropertySources - Adding [localProperties] PropertySource with lowest search precedence
10:13:59.247 [main] DEBUG o.s.c.e.PropertySourcesPropertyResolver - Searching for key 'spring.datasource.test-on-borrow' in [systemProperties]
10:13:59.247 [main] DEBUG o.s.c.e.PropertySourcesPropertyResolver - Searching for key 'spring.datasource.test-on-borrow' in [systemEnvironment]
10:13:59.247 [main] DEBUG o.s.c.e.PropertySourcesPropertyResolver - Searching for key 'spring.datasource.test-on-borrow' in [class path resource [config/application.properties]]
10:13:59.247 [main] DEBUG o.s.c.e.PropertySourcesPropertyResolver - Found key 'spring.datasource.test-on-borrow' in [class path resource [config/application.properties]] with type [String] and value 'true'
10:13:59.247 [main] DEBUG o.s.core.env.MutablePropertySources - Adding [systemProperties] PropertySource with lowest search precedence
10:13:59.247 [main] DEBUG o.s.core.env.MutablePropertySources - Adding [systemEnvironment] PropertySource with lowest search precedence
10:13:59.247 [main] DEBUG o.s.core.env.MutablePropertySources - Adding [class path resource [config/application.properties]] PropertySource with lowest search precedence
10:13:59.247 [main] DEBUG o.s.core.env.MutablePropertySources - Adding [localProperties] PropertySource with lowest search precedence
10:13:59.247 [main] DEBUG o.s.c.e.PropertySourcesPropertyResolver - Searching for key 'shib.email' in [systemProperties]
10:13:59.247 [main] DEBUG o.s.c.e.PropertySourcesPropertyResolver - Searching for key 'shib.email' in [systemEnvironment]
10:13:59.247 [main] DEBUG o.s.c.e.PropertySourcesPropertyResolver - Searching for key 'shib.email' in [class path resource [config/application.properties]]
10:13:59.247 [main] DEBUG o.s.c.e.PropertySourcesPropertyResolver - Found key 'shib.email' in [class path resource [config/application.properties]] with type [String] and value 'tdl-mail'
10:13:59.247 [main] DEBUG o.s.core.env.MutablePropertySources - Adding [systemProperties] PropertySource with lowest search precedence
10:13:59.247 [main] DEBUG o.s.core.env.MutablePropertySources - Adding [systemEnvironment] PropertySource with lowest search precedence
10:13:59.247 [main] DEBUG o.s.core.env.MutablePropertySources - Adding [class path resource [config/application.properties]] PropertySource with lowest search precedence
10:13:59.247 [main] DEBUG o.s.core.env.MutablePropertySources - Adding [localProperties] PropertySource with lowest search precedence
10:13:59.247 [main] DEBUG o.s.c.e.PropertySourcesPropertyResolver - Searching for key 'spring.datasource.url' in [systemProperties]
10:13:59.247 [main] DEBUG o.s.c.e.PropertySourcesPropertyResolver - Searching for key 'spring.datasource.url' in [systemEnvironment]
10:13:59.247 [main] DEBUG o.s.c.e.PropertySourcesPropertyResolver - Searching for key 'spring.datasource.url' in [class path resource [config/application.properties]]
10:13:59.247 [main] DEBUG o.s.c.e.PropertySourcesPropertyResolver - Found key 'spring.datasource.url' in [class path resource [config/application.properties]] with type [String] and value 'jdbc:postgresql://localhost:5432/spring_seed'
10:13:59.247 [main] DEBUG o.s.core.env.MutablePropertySources - Adding [systemProperties] PropertySource with lowest search precedence
10:13:59.247 [main] DEBUG o.s.core.env.MutablePropertySources - Adding [systemEnvironment] PropertySource with lowest search precedence
10:13:59.247 [main] DEBUG o.s.core.env.MutablePropertySources - Adding [class path resource [config/application.properties]] PropertySource with lowest search precedence
10:13:59.247 [main] DEBUG o.s.core.env.MutablePropertySources - Adding [localProperties] PropertySource with lowest search precedence
10:13:59.247 [main] DEBUG o.s.c.e.PropertySourcesPropertyResolver - Searching for key 'shib.netid' in [systemProperties]
10:13:59.247 [main] DEBUG o.s.c.e.PropertySourcesPropertyResolver - Searching for key 'shib.netid' in [systemEnvironment]
10:13:59.247 [main] DEBUG o.s.c.e.PropertySourcesPropertyResolver - Searching for key 'shib.netid' in [class path resource [config/application.properties]]
10:13:59.247 [main] DEBUG o.s.c.e.PropertySourcesPropertyResolver - Found key 'shib.netid' in [class path resource [config/application.properties]] with type [String] and value 'edupersonprincipalnameunscoped'
10:13:59.247 [main] DEBUG o.s.core.env.MutablePropertySources - Adding [systemProperties] PropertySource with lowest search precedence
10:13:59.247 [main] DEBUG o.s.core.env.MutablePropertySources - Adding [systemEnvironment] PropertySource with lowest search precedence
10:13:59.247 [main] DEBUG o.s.core.env.MutablePropertySources - Adding [class path resource [config/application.properties]] PropertySource with lowest search precedence
10:13:59.247 [main] DEBUG o.s.core.env.MutablePropertySources - Adding [localProperties] PropertySource with lowest search precedence
10:13:59.247 [main] DEBUG o.s.c.e.PropertySourcesPropertyResolver - Searching for key 'shib.keys' in [systemProperties]
10:13:59.247 [main] DEBUG o.s.c.e.PropertySourcesPropertyResolver - Searching for key 'shib.keys' in [systemEnvironment]
10:13:59.247 [main] DEBUG o.s.c.e.PropertySourcesPropertyResolver - Searching for key 'shib.keys' in [class path resource [config/application.properties]]
10:13:59.247 [main] DEBUG o.s.c.e.PropertySourcesPropertyResolver - Found key 'shib.keys' in [class path resource [config/application.properties]] with type [String] and value 'netid,uin,lastName,firstName,email'
10:13:59.247 [main] DEBUG o.s.core.env.MutablePropertySources - Adding [systemProperties] PropertySource with lowest search precedence
10:13:59.247 [main] DEBUG o.s.core.env.MutablePropertySources - Adding [systemEnvironment] PropertySource with lowest search precedence
10:13:59.247 [main] DEBUG o.s.core.env.MutablePropertySources - Adding [class path resource [config/application.properties]] PropertySource with lowest search precedence
10:13:59.247 [main] DEBUG o.s.core.env.MutablePropertySources - Adding [localProperties] PropertySource with lowest search precedence
10:13:59.247 [main] DEBUG o.s.c.e.PropertySourcesPropertyResolver - Searching for key 'spring.datasource.password' in [systemProperties]
10:13:59.247 [main] DEBUG o.s.c.e.PropertySourcesPropertyResolver - Searching for key 'spring.datasource.password' in [systemEnvironment]
10:13:59.247 [main] DEBUG o.s.c.e.PropertySourcesPropertyResolver - Searching for key 'spring.datasource.password' in [class path resource [config/application.properties]]
10:13:59.247 [main] DEBUG o.s.c.e.PropertySourcesPropertyResolver - Found key 'spring.datasource.password' in [class path resource [config/application.properties]] with type [String] and value 'spring'
10:13:59.247 [main] DEBUG o.s.core.env.MutablePropertySources - Adding [systemProperties] PropertySource with lowest search precedence
10:13:59.247 [main] DEBUG o.s.core.env.MutablePropertySources - Adding [systemEnvironment] PropertySource with lowest search precedence
10:13:59.247 [main] DEBUG o.s.core.env.MutablePropertySources - Adding [class path resource [config/application.properties]] PropertySource with lowest search precedence
10:13:59.247 [main] DEBUG o.s.core.env.MutablePropertySources - Adding [localProperties] PropertySource with lowest search precedence
10:13:59.247 [main] DEBUG o.s.c.e.PropertySourcesPropertyResolver - Searching for key 'spring.jpa.database-platform' in [systemProperties]
10:13:59.248 [main] DEBUG o.s.c.e.PropertySourcesPropertyResolver - Searching for key 'spring.jpa.database-platform' in [systemEnvironment]
10:13:59.248 [main] DEBUG o.s.c.e.PropertySourcesPropertyResolver - Searching for key 'spring.jpa.database-platform' in [class path resource [config/application.properties]]
10:13:59.248 [main] DEBUG o.s.c.e.PropertySourcesPropertyResolver - Found key 'spring.jpa.database-platform' in [class path resource [config/application.properties]] with type [String] and value 'org.hibernate.dialect.PostgreSQLDialect'
10:13:59.248 [main] DEBUG o.s.core.env.MutablePropertySources - Adding [systemProperties] PropertySource with lowest search precedence
10:13:59.248 [main] DEBUG o.s.core.env.MutablePropertySources - Adding [systemEnvironment] PropertySource with lowest search precedence
10:13:59.248 [main] DEBUG o.s.core.env.MutablePropertySources - Adding [class path resource [config/application.properties]] PropertySource with lowest search precedence
10:13:59.248 [main] DEBUG o.s.core.env.MutablePropertySources - Adding [localProperties] PropertySource with lowest search precedence
10:13:59.248 [main] DEBUG o.s.c.e.PropertySourcesPropertyResolver - Searching for key 'spring.jpa.show_sql' in [systemProperties]
10:13:59.248 [main] DEBUG o.s.c.e.PropertySourcesPropertyResolver - Searching for key 'spring.jpa.show_sql' in [systemEnvironment]
10:13:59.248 [main] DEBUG o.s.c.e.PropertySourcesPropertyResolver - Searching for key 'spring.jpa.show_sql' in [class path resource [config/application.properties]]
10:13:59.248 [main] DEBUG o.s.c.e.PropertySourcesPropertyResolver - Found key 'spring.jpa.show_sql' in [class path resource [config/application.properties]] with type [String] and value 'false'
10:13:59.248 [main] DEBUG o.s.core.env.MutablePropertySources - Adding [systemProperties] PropertySource with lowest search precedence
10:13:59.248 [main] DEBUG o.s.core.env.MutablePropertySources - Adding [systemEnvironment] PropertySource with lowest search precedence
10:13:59.248 [main] DEBUG o.s.core.env.MutablePropertySources - Adding [class path resource [config/application.properties]] PropertySource with lowest search precedence
10:13:59.248 [main] DEBUG o.s.core.env.MutablePropertySources - Adding [localProperties] PropertySource with lowest search precedence
10:13:59.248 [main] DEBUG o.s.c.e.PropertySourcesPropertyResolver - Searching for key 'app.service.voyager.ports' in [systemProperties]
10:13:59.248 [main] DEBUG o.s.c.e.PropertySourcesPropertyResolver - Searching for key 'app.service.voyager.ports' in [systemEnvironment]
10:13:59.248 [main] DEBUG o.s.c.e.PropertySourcesPropertyResolver - Searching for key 'app.service.voyager.ports' in [class path resource [config/application.properties]]
10:13:59.248 [main] DEBUG o.s.c.e.PropertySourcesPropertyResolver - Found key 'app.service.voyager.ports' in [class path resource [config/application.properties]] with type [String] and value '7014,7414'
10:13:59.248 [main] DEBUG o.s.core.env.MutablePropertySources - Adding [systemProperties] PropertySource with lowest search precedence
10:13:59.248 [main] DEBUG o.s.core.env.MutablePropertySources - Adding [systemEnvironment] PropertySource with lowest search precedence
10:13:59.248 [main] DEBUG o.s.core.env.MutablePropertySources - Adding [class path resource [config/application.properties]] PropertySource with lowest search precedence
10:13:59.248 [main] DEBUG o.s.core.env.MutablePropertySources - Adding [localProperties] PropertySource with lowest search precedence
10:13:59.248 [main] DEBUG o.s.c.e.PropertySourcesPropertyResolver - Searching for key 'spring.datasource.validation-query' in [systemProperties]
10:13:59.248 [main] DEBUG o.s.c.e.PropertySourcesPropertyResolver - Searching for key 'spring.datasource.validation-query' in [systemEnvironment]
10:13:59.248 [main] DEBUG o.s.c.e.PropertySourcesPropertyResolver - Searching for key 'spring.datasource.validation-query' in [class path resource [config/application.properties]]
10:13:59.248 [main] DEBUG o.s.c.e.PropertySourcesPropertyResolver - Found key 'spring.datasource.validation-query' in [class path resource [config/application.properties]] with type [String] and value 'select version();'
10:13:59.248 [main] DEBUG o.s.core.env.MutablePropertySources - Adding [systemProperties] PropertySource with lowest search precedence
10:13:59.248 [main] DEBUG o.s.core.env.MutablePropertySources - Adding [systemEnvironment] PropertySource with lowest search precedence
10:13:59.248 [main] DEBUG o.s.core.env.MutablePropertySources - Adding [class path resource [config/application.properties]] PropertySource with lowest search precedence
10:13:59.248 [main] DEBUG o.s.core.env.MutablePropertySources - Adding [localProperties] PropertySource with lowest search precedence
10:13:59.248 [main] DEBUG o.s.c.e.PropertySourcesPropertyResolver - Searching for key 'shib.firstName' in [systemProperties]
10:13:59.248 [main] DEBUG o.s.c.e.PropertySourcesPropertyResolver - Searching for key 'shib.firstName' in [systemEnvironment]
10:13:59.248 [main] DEBUG o.s.c.e.PropertySourcesPropertyResolver - Searching for key 'shib.firstName' in [class path resource [config/application.properties]]
10:13:59.248 [main] DEBUG o.s.c.e.PropertySourcesPropertyResolver - Found key 'shib.firstName' in [class path resource [config/application.properties]] with type [String] and value 'tdl-givenname'
10:13:59.248 [main] DEBUG o.s.core.env.MutablePropertySources - Adding [systemProperties] PropertySource with lowest search precedence
10:13:59.248 [main] DEBUG o.s.core.env.MutablePropertySources - Adding [systemEnvironment] PropertySource with lowest search precedence
10:13:59.248 [main] DEBUG o.s.core.env.MutablePropertySources - Adding [class path resource [config/application.properties]] PropertySource with lowest search precedence
10:13:59.248 [main] DEBUG o.s.core.env.MutablePropertySources - Adding [localProperties] PropertySource with lowest search precedence
10:13:59.248 [main] DEBUG o.s.c.e.PropertySourcesPropertyResolver - Searching for key 'shib.uin' in [systemProperties]
10:13:59.248 [main] DEBUG o.s.c.e.PropertySourcesPropertyResolver - Searching for key 'shib.uin' in [systemEnvironment]
10:13:59.248 [main] DEBUG o.s.c.e.PropertySourcesPropertyResolver - Searching for key 'shib.uin' in [class path resource [config/application.properties]]
10:13:59.248 [main] DEBUG o.s.c.e.PropertySourcesPropertyResolver - Found key 'shib.uin' in [class path resource [config/application.properties]] with type [String] and value 'tamuuin'
10:13:59.248 [main] DEBUG o.s.core.env.MutablePropertySources - Adding [systemProperties] PropertySource with lowest search precedence
10:13:59.248 [main] DEBUG o.s.core.env.MutablePropertySources - Adding [systemEnvironment] PropertySource with lowest search precedence
10:13:59.248 [main] DEBUG o.s.core.env.MutablePropertySources - Adding [class path resource [config/application.properties]] PropertySource with lowest search precedence
10:13:59.248 [main] DEBUG o.s.core.env.MutablePropertySources - Adding [localProperties] PropertySource with lowest search precedence
10:13:59.248 [main] DEBUG o.s.c.e.PropertySourcesPropertyResolver - Searching for key 'spring.datasource.defaultAutoCommit' in [systemProperties]
10:13:59.248 [main] DEBUG o.s.c.e.PropertySourcesPropertyResolver - Searching for key 'spring.datasource.defaultAutoCommit' in [systemEnvironment]
10:13:59.248 [main] DEBUG o.s.c.e.PropertySourcesPropertyResolver - Searching for key 'spring.datasource.defaultAutoCommit' in [class path resource [config/application.properties]]
10:13:59.248 [main] DEBUG o.s.c.e.PropertySourcesPropertyResolver - Found key 'spring.datasource.defaultAutoCommit' in [class path resource [config/application.properties]] with type [String] and value 'false'
10:13:59.248 [main] DEBUG o.s.core.env.MutablePropertySources - Adding [systemProperties] PropertySource with lowest search precedence
10:13:59.248 [main] DEBUG o.s.core.env.MutablePropertySources - Adding [systemEnvironment] PropertySource with lowest search precedence
10:13:59.248 [main] DEBUG o.s.core.env.MutablePropertySources - Adding [class path resource [config/application.properties]] PropertySource with lowest search precedence
10:13:59.248 [main] DEBUG o.s.core.env.MutablePropertySources - Adding [localProperties] PropertySource with lowest search precedence
10:13:59.248 [main] DEBUG o.s.c.e.PropertySourcesPropertyResolver - Searching for key 'spring.datasource.username' in [systemProperties]
10:13:59.248 [main] DEBUG o.s.c.e.PropertySourcesPropertyResolver - Searching for key 'spring.datasource.username' in [systemEnvironment]
10:13:59.248 [main] DEBUG o.s.c.e.PropertySourcesPropertyResolver - Searching for key 'spring.datasource.username' in [class path resource [config/application.properties]]
10:13:59.248 [main] DEBUG o.s.c.e.PropertySourcesPropertyResolver - Found key 'spring.datasource.username' in [class path resource [config/application.properties]] with type [String] and value 'spring'
10:13:59.249 [main] DEBUG o.s.core.env.MutablePropertySources - Adding [systemProperties] PropertySource with lowest search precedence
10:13:59.249 [main] DEBUG o.s.core.env.MutablePropertySources - Adding [systemEnvironment] PropertySource with lowest search precedence
10:13:59.249 [main] DEBUG o.s.core.env.MutablePropertySources - Adding [class path resource [config/application.properties]] PropertySource with lowest search precedence
10:13:59.249 [main] DEBUG o.s.core.env.MutablePropertySources - Adding [localProperties] PropertySource with lowest search precedence
10:13:59.249 [main] DEBUG o.s.c.e.PropertySourcesPropertyResolver - Searching for key 'app.service.voyager.host' in [systemProperties]
10:13:59.249 [main] DEBUG o.s.c.e.PropertySourcesPropertyResolver - Searching for key 'app.service.voyager.host' in [systemEnvironment]
10:13:59.249 [main] DEBUG o.s.c.e.PropertySourcesPropertyResolver - Searching for key 'app.service.voyager.host' in [class path resource [config/application.properties]]
10:13:59.249 [main] DEBUG o.s.c.e.PropertySourcesPropertyResolver - Found key 'app.service.voyager.host' in [class path resource [config/application.properties]] with type [String] and value 'surprise.tamu.edu'
10:13:59.249 [main] DEBUG o.s.core.env.MutablePropertySources - Adding [systemProperties] PropertySource with lowest search precedence
10:13:59.249 [main] DEBUG o.s.core.env.MutablePropertySources - Adding [systemEnvironment] PropertySource with lowest search precedence
10:13:59.249 [main] DEBUG o.s.core.env.MutablePropertySources - Adding [class path resource [config/application.properties]] PropertySource with lowest search precedence
10:13:59.249 [main] DEBUG o.s.core.env.MutablePropertySources - Adding [localProperties] PropertySource with lowest search precedence
10:13:59.249 [main] DEBUG o.s.c.e.PropertySourcesPropertyResolver - Searching for key 'logging.level.org.springframework' in [systemProperties]
10:13:59.249 [main] DEBUG o.s.c.e.PropertySourcesPropertyResolver - Searching for key 'logging.level.org.springframework' in [systemEnvironment]
10:13:59.249 [main] DEBUG o.s.c.e.PropertySourcesPropertyResolver - Searching for key 'logging.level.org.springframework' in [class path resource [config/application.properties]]
10:13:59.249 [main] DEBUG o.s.c.e.PropertySourcesPropertyResolver - Found key 'logging.level.org.springframework' in [class path resource [config/application.properties]] with type [String] and value 'INFO'
10:13:59.249 [main] DEBUG o.s.core.env.MutablePropertySources - Adding [systemProperties] PropertySource with lowest search precedence
10:13:59.249 [main] DEBUG o.s.core.env.MutablePropertySources - Adding [systemEnvironment] PropertySource with lowest search precedence
10:13:59.249 [main] DEBUG o.s.core.env.MutablePropertySources - Adding [class path resource [config/application.properties]] PropertySource with lowest search precedence
10:13:59.249 [main] DEBUG o.s.core.env.MutablePropertySources - Adding [localProperties] PropertySource with lowest search precedence
10:13:59.249 [main] DEBUG o.s.c.e.PropertySourcesPropertyResolver - Searching for key 'spring.datasource.driverClassName' in [systemProperties]
10:13:59.249 [main] DEBUG o.s.c.e.PropertySourcesPropertyResolver - Searching for key 'spring.datasource.driverClassName' in [systemEnvironment]
10:13:59.249 [main] DEBUG o.s.c.e.PropertySourcesPropertyResolver - Searching for key 'spring.datasource.driverClassName' in [class path resource [config/application.properties]]
10:13:59.249 [main] DEBUG o.s.c.e.PropertySourcesPropertyResolver - Found key 'spring.datasource.driverClassName' in [class path resource [config/application.properties]] with type [String] and value 'org.postgresql.Driver'
10:13:59.249 [main] DEBUG o.s.core.env.MutablePropertySources - Adding [systemProperties] PropertySource with lowest search precedence
10:13:59.249 [main] DEBUG o.s.core.env.MutablePropertySources - Adding [systemEnvironment] PropertySource with lowest search precedence
10:13:59.249 [main] DEBUG o.s.core.env.MutablePropertySources - Adding [class path resource [config/application.properties]] PropertySource with lowest search precedence
10:13:59.249 [main] DEBUG o.s.core.env.MutablePropertySources - Adding [localProperties] PropertySource with lowest search precedence
10:13:59.249 [main] DEBUG o.s.c.e.PropertySourcesPropertyResolver - Searching for key 'app.authority.admins' in [systemProperties]
10:13:59.249 [main] DEBUG o.s.c.e.PropertySourcesPropertyResolver - Searching for key 'app.authority.admins' in [systemEnvironment]
10:13:59.249 [main] DEBUG o.s.c.e.PropertySourcesPropertyResolver - Searching for key 'app.authority.admins' in [class path resource [config/application.properties]]
10:13:59.249 [main] DEBUG o.s.c.e.PropertySourcesPropertyResolver - Found key 'app.authority.admins' in [class path resource [config/application.properties]] with type [String] and value '402001311,613001223,102001721,222004429,709005486,523008230,724001395,123456789'
10:13:59.249 [main] DEBUG o.s.core.env.MutablePropertySources - Adding [systemProperties] PropertySource with lowest search precedence
10:13:59.249 [main] DEBUG o.s.core.env.MutablePropertySources - Adding [systemEnvironment] PropertySource with lowest search precedence
10:13:59.249 [main] DEBUG o.s.core.env.MutablePropertySources - Adding [class path resource [config/application.properties]] PropertySource with lowest search precedence
10:13:59.249 [main] DEBUG o.s.core.env.MutablePropertySources - Adding [localProperties] PropertySource with lowest search precedence
10:13:59.249 [main] DEBUG o.s.c.e.PropertySourcesPropertyResolver - Searching for key 'shib.lastName' in [systemProperties]
10:13:59.249 [main] DEBUG o.s.c.e.PropertySourcesPropertyResolver - Searching for key 'shib.lastName' in [systemEnvironment]
10:13:59.249 [main] DEBUG o.s.c.e.PropertySourcesPropertyResolver - Searching for key 'shib.lastName' in [class path resource [config/application.properties]]
10:13:59.249 [main] DEBUG o.s.c.e.PropertySourcesPropertyResolver - Found key 'shib.lastName' in [class path resource [config/application.properties]] with type [String] and value 'tdl-sn'
10:13:59.249 [main] DEBUG o.s.core.env.MutablePropertySources - Adding [systemProperties] PropertySource with lowest search precedence
10:13:59.249 [main] DEBUG o.s.core.env.MutablePropertySources - Adding [systemEnvironment] PropertySource with lowest search precedence
10:13:59.249 [main] DEBUG o.s.core.env.MutablePropertySources - Adding [class path resource [config/application.properties]] PropertySource with lowest search precedence
10:13:59.249 [main] DEBUG o.s.core.env.MutablePropertySources - Adding [localProperties] PropertySource with lowest search precedence
10:13:59.249 [main] DEBUG o.s.c.e.PropertySourcesPropertyResolver - Searching for key 'app.email.host' in [systemProperties]
10:13:59.249 [main] DEBUG o.s.c.e.PropertySourcesPropertyResolver - Searching for key 'app.email.host' in [systemEnvironment]
10:13:59.249 [main] DEBUG o.s.c.e.PropertySourcesPropertyResolver - Searching for key 'app.email.host' in [class path resource [config/application.properties]]
10:13:59.249 [main] DEBUG o.s.c.e.PropertySourcesPropertyResolver - Found key 'app.email.host' in [class path resource [config/application.properties]] with type [String] and value 'relay.tamu.edu'
10:13:59.249 [main] DEBUG o.s.core.env.MutablePropertySources - Adding [systemProperties] PropertySource with lowest search precedence
10:13:59.249 [main] DEBUG o.s.core.env.MutablePropertySources - Adding [systemEnvironment] PropertySource with lowest search precedence
10:13:59.249 [main] DEBUG o.s.core.env.MutablePropertySources - Adding [class path resource [config/application.properties]] PropertySource with lowest search precedence
10:13:59.249 [main] DEBUG o.s.core.env.MutablePropertySources - Adding [localProperties] PropertySource with lowest search precedence
10:13:59.249 [main] DEBUG o.s.c.e.PropertySourcesPropertyResolver - Searching for key 'server.port' in [systemProperties]
10:13:59.249 [main] DEBUG o.s.c.e.PropertySourcesPropertyResolver - Searching for key 'server.port' in [systemEnvironment]
10:13:59.249 [main] DEBUG o.s.c.e.PropertySourcesPropertyResolver - Searching for key 'server.port' in [class path resource [config/application.properties]]
10:13:59.249 [main] DEBUG o.s.c.e.PropertySourcesPropertyResolver - Found key 'server.port' in [class path resource [config/application.properties]] with type [String] and value '9000'
10:13:59.249 [main] DEBUG o.s.core.env.MutablePropertySources - Adding [systemProperties] PropertySource with lowest search precedence
10:13:59.249 [main] DEBUG o.s.core.env.MutablePropertySources - Adding [systemEnvironment] PropertySource with lowest search precedence
10:13:59.249 [main] DEBUG o.s.core.env.MutablePropertySources - Adding [class path resource [config/application.properties]] PropertySource with lowest search precedence
10:13:59.249 [main] DEBUG o.s.core.env.MutablePropertySources - Adding [localProperties] PropertySource with lowest search precedence
10:13:59.250 [main] DEBUG o.s.c.e.PropertySourcesPropertyResolver - Searching for key 'spring.jpa.hibernate.ddl-auto' in [systemProperties]
10:13:59.250 [main] DEBUG o.s.c.e.PropertySourcesPropertyResolver - Searching for key 'spring.jpa.hibernate.ddl-auto' in [systemEnvironment]
10:13:59.250 [main] DEBUG o.s.c.e.PropertySourcesPropertyResolver - Searching for key 'spring.jpa.hibernate.ddl-auto' in [class path resource [config/application.properties]]
10:13:59.250 [main] DEBUG o.s.c.e.PropertySourcesPropertyResolver - Found key 'spring.jpa.hibernate.ddl-auto' in [class path resource [config/application.properties]] with type [String] and value 'create'
10:13:59.250 [main] DEBUG o.s.core.env.MutablePropertySources - Adding [systemProperties] PropertySource with lowest search precedence
10:13:59.250 [main] DEBUG o.s.core.env.MutablePropertySources - Adding [systemEnvironment] PropertySource with lowest search precedence
10:13:59.250 [main] DEBUG o.s.core.env.MutablePropertySources - Adding [class path resource [config/application.properties]] PropertySource with lowest search precedence
10:13:59.250 [main] DEBUG o.s.core.env.MutablePropertySources - Adding [localProperties] PropertySource with lowest search precedence
10:13:59.250 [main] DEBUG o.s.c.e.PropertySourcesPropertyResolver - Searching for key 'app.security.allow-access' in [systemProperties]
10:13:59.250 [main] DEBUG o.s.c.e.PropertySourcesPropertyResolver - Searching for key 'app.security.allow-access' in [systemEnvironment]
10:13:59.250 [main] DEBUG o.s.c.e.PropertySourcesPropertyResolver - Searching for key 'app.security.allow-access' in [class path resource [config/application.properties]]
10:13:59.250 [main] DEBUG o.s.c.e.PropertySourcesPropertyResolver - Found key 'app.security.allow-access' in [class path resource [config/application.properties]] with type [String] and value 'http://localhost,http://machuff.tamu.edu,http://imacdev.tamu.edu,http://savell.evans.tamu.edu,http://jcreel.tamu.edu'
10:13:59.253 [main] DEBUG o.s.b.f.s.DefaultListableBeanFactory - Returning cached instance of singleton bean 'org.springframework.transaction.config.internalTransactionAdvisor'
10:13:59.253 [main] DEBUG o.s.b.f.s.DefaultListableBeanFactory - Returning cached instance of singleton bean 'org.springframework.transaction.config.internalTransactionAdvisor'
10:13:59.253 [main] DEBUG o.s.s.a.ScheduledAnnotationBeanPostProcessor - No @Scheduled annotations found on bean class: class org.springframework.boot.autoconfigure.web.ResourceProperties
10:13:59.253 [main] DEBUG o.s.b.f.s.DefaultListableBeanFactory - Finished creating instance of bean 'spring.resources.CONFIGURATION_PROPERTIES'
10:13:59.253 [main] DEBUG o.s.b.f.a.AutowiredAnnotationBeanPostProcessor - Autowiring by type from bean name 'coreWebMvcConfig' to bean named 'spring.resources.CONFIGURATION_PROPERTIES'
10:13:59.253 [main] DEBUG o.s.b.f.annotation.InjectionMetadata - Processing injected element of bean 'coreWebMvcConfig': AutowiredFieldElement for private org.springframework.boot.autoconfigure.web.WebMvcProperties org.springframework.boot.autoconfigure.web.WebMvcAutoConfiguration$WebMvcAutoConfigurationAdapter.mvcProperties
10:13:59.254 [main] DEBUG o.s.b.f.s.DefaultListableBeanFactory - Creating shared instance of singleton bean 'spring.mvc.CONFIGURATION_PROPERTIES'
10:13:59.254 [main] DEBUG o.s.b.f.s.DefaultListableBeanFactory - Creating instance of bean 'spring.mvc.CONFIGURATION_PROPERTIES'
10:13:59.254 [main] DEBUG o.s.b.f.s.DefaultListableBeanFactory - Returning cached instance of singleton bean 'org.springframework.transaction.config.internalTransactionAdvisor'
10:13:59.254 [main] DEBUG o.s.b.f.s.DefaultListableBeanFactory - Eagerly caching bean 'spring.mvc.CONFIGURATION_PROPERTIES' to allow for resolving potential circular references
10:13:59.255 [main] DEBUG o.s.core.env.MutablePropertySources - Adding [systemProperties] PropertySource with lowest search precedence
10:13:59.255 [main] DEBUG o.s.core.env.MutablePropertySources - Adding [systemEnvironment] PropertySource with lowest search precedence
10:13:59.255 [main] DEBUG o.s.core.env.MutablePropertySources - Adding [class path resource [config/application.properties]] PropertySource with lowest search precedence
10:13:59.255 [main] DEBUG o.s.core.env.MutablePropertySources - Adding [localProperties] PropertySource with lowest search precedence
10:13:59.255 [main] DEBUG o.s.core.env.MutablePropertySources - Adding [systemProperties] PropertySource with lowest search precedence
10:13:59.255 [main] DEBUG o.s.core.env.MutablePropertySources - Adding [systemEnvironment] PropertySource with lowest search precedence
10:13:59.255 [main] DEBUG o.s.core.env.MutablePropertySources - Adding [class path resource [config/application.properties]] PropertySource with lowest search precedence
10:13:59.255 [main] DEBUG o.s.core.env.MutablePropertySources - Adding [localProperties] PropertySource with lowest search precedence
10:13:59.255 [main] DEBUG o.s.c.e.PropertySourcesPropertyResolver - Searching for key 'app.security.jwt.secret_key' in [systemProperties]
10:13:59.255 [main] DEBUG o.s.c.e.PropertySourcesPropertyResolver - Searching for key 'app.security.jwt.secret_key' in [systemEnvironment]
10:13:59.255 [main] DEBUG o.s.c.e.PropertySourcesPropertyResolver - Searching for key 'app.security.jwt.secret_key' in [class path resource [config/application.properties]]
10:13:59.255 [main] DEBUG o.s.c.e.PropertySourcesPropertyResolver - Found key 'app.security.jwt.secret_key' in [class path resource [config/application.properties]] with type [String] and value 'verysecretsecret'
10:13:59.255 [main] DEBUG o.s.core.env.MutablePropertySources - Adding [systemProperties] PropertySource with lowest search precedence
10:13:59.255 [main] DEBUG o.s.core.env.MutablePropertySources - Adding [systemEnvironment] PropertySource with lowest search precedence
10:13:59.255 [main] DEBUG o.s.core.env.MutablePropertySources - Adding [class path resource [config/application.properties]] PropertySource with lowest search precedence
10:13:59.255 [main] DEBUG o.s.core.env.MutablePropertySources - Adding [localProperties] PropertySource with lowest search precedence
10:13:59.255 [main] DEBUG o.s.c.e.PropertySourcesPropertyResolver - Searching for key 'app.whitelist' in [systemProperties]
10:13:59.256 [main] DEBUG o.s.c.e.PropertySourcesPropertyResolver - Searching for key 'app.whitelist' in [systemEnvironment]
10:13:59.256 [main] DEBUG o.s.c.e.PropertySourcesPropertyResolver - Searching for key 'app.whitelist' in [class path resource [config/application.properties]]
10:13:59.256 [main] DEBUG o.s.c.e.PropertySourcesPropertyResolver - Found key 'app.whitelist' in [class path resource [config/application.properties]] with type [String] and value '127.0.0.1'
10:13:59.256 [main] DEBUG o.s.core.env.MutablePropertySources - Adding [systemProperties] PropertySource with lowest search precedence
10:13:59.256 [main] DEBUG o.s.core.env.MutablePropertySources - Adding [systemEnvironment] PropertySource with lowest search precedence
10:13:59.256 [main] DEBUG o.s.core.env.MutablePropertySources - Adding [class path resource [config/application.properties]] PropertySource with lowest search precedence
10:13:59.256 [main] DEBUG o.s.core.env.MutablePropertySources - Adding [localProperties] PropertySource with lowest search precedence
10:13:59.256 [main] DEBUG o.s.c.e.PropertySourcesPropertyResolver - Searching for key 'app.email.address' in [systemProperties]
10:13:59.256 [main] DEBUG o.s.c.e.PropertySourcesPropertyResolver - Searching for key 'app.email.address' in [systemEnvironment]
10:13:59.256 [main] DEBUG o.s.c.e.PropertySourcesPropertyResolver - Searching for key 'app.email.address' in [class path resource [config/application.properties]]
10:13:59.256 [main] DEBUG o.s.c.e.PropertySourcesPropertyResolver - Found key 'app.email.address' in [class path resource [config/application.properties]] with type [String] and value 'dhahn@library.tamu.edu'
10:13:59.256 [main] DEBUG o.s.core.env.MutablePropertySources - Adding [systemProperties] PropertySource with lowest search precedence
10:13:59.256 [main] DEBUG o.s.core.env.MutablePropertySources - Adding [systemEnvironment] PropertySource with lowest search precedence
10:13:59.256 [main] DEBUG o.s.core.env.MutablePropertySources - Adding [class path resource [config/application.properties]] PropertySource with lowest search precedence
10:13:59.256 [main] DEBUG o.s.core.env.MutablePropertySources - Adding [localProperties] PropertySource with lowest search precedence
10:13:59.256 [main] DEBUG o.s.c.e.PropertySourcesPropertyResolver - Searching for key 'app.service.voyager.app' in [systemProperties]
10:13:59.256 [main] DEBUG o.s.c.e.PropertySourcesPropertyResolver - Searching for key 'app.service.voyager.app' in [systemEnvironment]
10:13:59.256 [main] DEBUG o.s.c.e.PropertySourcesPropertyResolver - Searching for key 'app.service.voyager.app' in [class path resource [config/application.properties]]
10:13:59.256 [main] DEBUG o.s.c.e.PropertySourcesPropertyResolver - Found key 'app.service.voyager.app' in [class path resource [config/application.properties]] with type [String] and value 'vxws'
10:13:59.256 [main] DEBUG o.s.core.env.MutablePropertySources - Adding [systemProperties] PropertySource with lowest search precedence
10:13:59.256 [main] DEBUG o.s.core.env.MutablePropertySources - Adding [systemEnvironment] PropertySource with lowest search precedence
10:13:59.256 [main] DEBUG o.s.core.env.MutablePropertySources - Adding [class path resource [config/application.properties]] PropertySource with lowest search precedence
10:13:59.256 [main] DEBUG o.s.core.env.MutablePropertySources - Adding [localProperties] PropertySource with lowest search precedence
10:13:59.256 [main] DEBUG o.s.c.e.PropertySourcesPropertyResolver - Searching for key 'spring.datasource.test-on-borrow' in [systemProperties]
10:13:59.256 [main] DEBUG o.s.c.e.PropertySourcesPropertyResolver - Searching for key 'spring.datasource.test-on-borrow' in [systemEnvironment]
10:13:59.256 [main] DEBUG o.s.c.e.PropertySourcesPropertyResolver - Searching for key 'spring.datasource.test-on-borrow' in [class path resource [config/application.properties]]
10:13:59.256 [main] DEBUG o.s.c.e.PropertySourcesPropertyResolver - Found key 'spring.datasource.test-on-borrow' in [class path resource [config/application.properties]] with type [String] and value 'true'
10:13:59.256 [main] DEBUG o.s.core.env.MutablePropertySources - Adding [systemProperties] PropertySource with lowest search precedence
10:13:59.256 [main] DEBUG o.s.core.env.MutablePropertySources - Adding [systemEnvironment] PropertySource with lowest search precedence
10:13:59.256 [main] DEBUG o.s.core.env.MutablePropertySources - Adding [class path resource [config/application.properties]] PropertySource with lowest search precedence
10:13:59.256 [main] DEBUG o.s.core.env.MutablePropertySources - Adding [localProperties] PropertySource with lowest search precedence
10:13:59.256 [main] DEBUG o.s.c.e.PropertySourcesPropertyResolver - Searching for key 'shib.email' in [systemProperties]
10:13:59.256 [main] DEBUG o.s.c.e.PropertySourcesPropertyResolver - Searching for key 'shib.email' in [systemEnvironment]
10:13:59.256 [main] DEBUG o.s.c.e.PropertySourcesPropertyResolver - Searching for key 'shib.email' in [class path resource [config/application.properties]]
10:13:59.256 [main] DEBUG o.s.c.e.PropertySourcesPropertyResolver - Found key 'shib.email' in [class path resource [config/application.properties]] with type [String] and value 'tdl-mail'
10:13:59.256 [main] DEBUG o.s.core.env.MutablePropertySources - Adding [systemProperties] PropertySource with lowest search precedence
10:13:59.256 [main] DEBUG o.s.core.env.MutablePropertySources - Adding [systemEnvironment] PropertySource with lowest search precedence
10:13:59.256 [main] DEBUG o.s.core.env.MutablePropertySources - Adding [class path resource [config/application.properties]] PropertySource with lowest search precedence
10:13:59.256 [main] DEBUG o.s.core.env.MutablePropertySources - Adding [localProperties] PropertySource with lowest search precedence
10:13:59.256 [main] DEBUG o.s.c.e.PropertySourcesPropertyResolver - Searching for key 'spring.datasource.url' in [systemProperties]
10:13:59.256 [main] DEBUG o.s.c.e.PropertySourcesPropertyResolver - Searching for key 'spring.datasource.url' in [systemEnvironment]
10:13:59.256 [main] DEBUG o.s.c.e.PropertySourcesPropertyResolver - Searching for key 'spring.datasource.url' in [class path resource [config/application.properties]]
10:13:59.256 [main] DEBUG o.s.c.e.PropertySourcesPropertyResolver - Found key 'spring.datasource.url' in [class path resource [config/application.properties]] with type [String] and value 'jdbc:postgresql://localhost:5432/spring_seed'
10:13:59.256 [main] DEBUG o.s.core.env.MutablePropertySources - Adding [systemProperties] PropertySource with lowest search precedence
10:13:59.256 [main] DEBUG o.s.core.env.MutablePropertySources - Adding [systemEnvironment] PropertySource with lowest search precedence
10:13:59.256 [main] DEBUG o.s.core.env.MutablePropertySources - Adding [class path resource [config/application.properties]] PropertySource with lowest search precedence
10:13:59.256 [main] DEBUG o.s.core.env.MutablePropertySources - Adding [localProperties] PropertySource with lowest search precedence
10:13:59.256 [main] DEBUG o.s.c.e.PropertySourcesPropertyResolver - Searching for key 'shib.netid' in [systemProperties]
10:13:59.256 [main] DEBUG o.s.c.e.PropertySourcesPropertyResolver - Searching for key 'shib.netid' in [systemEnvironment]
10:13:59.256 [main] DEBUG o.s.c.e.PropertySourcesPropertyResolver - Searching for key 'shib.netid' in [class path resource [config/application.properties]]
10:13:59.256 [main] DEBUG o.s.c.e.PropertySourcesPropertyResolver - Found key 'shib.netid' in [class path resource [config/application.properties]] with type [String] and value 'edupersonprincipalnameunscoped'
10:13:59.256 [main] DEBUG o.s.core.env.MutablePropertySources - Adding [systemProperties] PropertySource with lowest search precedence
10:13:59.256 [main] DEBUG o.s.core.env.MutablePropertySources - Adding [systemEnvironment] PropertySource with lowest search precedence
10:13:59.256 [main] DEBUG o.s.core.env.MutablePropertySources - Adding [class path resource [config/application.properties]] PropertySource with lowest search precedence
10:13:59.256 [main] DEBUG o.s.core.env.MutablePropertySources - Adding [localProperties] PropertySource with lowest search precedence
10:13:59.256 [main] DEBUG o.s.c.e.PropertySourcesPropertyResolver - Searching for key 'shib.keys' in [systemProperties]
10:13:59.256 [main] DEBUG o.s.c.e.PropertySourcesPropertyResolver - Searching for key 'shib.keys' in [systemEnvironment]
10:13:59.256 [main] DEBUG o.s.c.e.PropertySourcesPropertyResolver - Searching for key 'shib.keys' in [class path resource [config/application.properties]]
10:13:59.256 [main] DEBUG o.s.c.e.PropertySourcesPropertyResolver - Found key 'shib.keys' in [class path resource [config/application.properties]] with type [String] and value 'netid,uin,lastName,firstName,email'
10:13:59.256 [main] DEBUG o.s.core.env.MutablePropertySources - Adding [systemProperties] PropertySource with lowest search precedence
10:13:59.256 [main] DEBUG o.s.core.env.MutablePropertySources - Adding [systemEnvironment] PropertySource with lowest search precedence
10:13:59.256 [main] DEBUG o.s.core.env.MutablePropertySources - Adding [class path resource [config/application.properties]] PropertySource with lowest search precedence
10:13:59.256 [main] DEBUG o.s.core.env.MutablePropertySources - Adding [localProperties] PropertySource with lowest search precedence
10:13:59.256 [main] DEBUG o.s.c.e.PropertySourcesPropertyResolver - Searching for key 'spring.datasource.password' in [systemProperties]
10:13:59.256 [main] DEBUG o.s.c.e.PropertySourcesPropertyResolver - Searching for key 'spring.datasource.password' in [systemEnvironment]
10:13:59.256 [main] DEBUG o.s.c.e.PropertySourcesPropertyResolver - Searching for key 'spring.datasource.password' in [class path resource [config/application.properties]]
10:13:59.256 [main] DEBUG o.s.c.e.PropertySourcesPropertyResolver - Found key 'spring.datasource.password' in [class path resource [config/application.properties]] with type [String] and value 'spring'
10:13:59.256 [main] DEBUG o.s.core.env.MutablePropertySources - Adding [systemProperties] PropertySource with lowest search precedence
10:13:59.256 [main] DEBUG o.s.core.env.MutablePropertySources - Adding [systemEnvironment] PropertySource with lowest search precedence
10:13:59.256 [main] DEBUG o.s.core.env.MutablePropertySources - Adding [class path resource [config/application.properties]] PropertySource with lowest search precedence
10:13:59.256 [main] DEBUG o.s.core.env.MutablePropertySources - Adding [localProperties] PropertySource with lowest search precedence
10:13:59.256 [main] DEBUG o.s.c.e.PropertySourcesPropertyResolver - Searching for key 'spring.jpa.database-platform' in [systemProperties]
10:13:59.256 [main] DEBUG o.s.c.e.PropertySourcesPropertyResolver - Searching for key 'spring.jpa.database-platform' in [systemEnvironment]
10:13:59.256 [main] DEBUG o.s.c.e.PropertySourcesPropertyResolver - Searching for key 'spring.jpa.database-platform' in [class path resource [config/application.properties]]
10:13:59.256 [main] DEBUG o.s.c.e.PropertySourcesPropertyResolver - Found key 'spring.jpa.database-platform' in [class path resource [config/application.properties]] with type [String] and value 'org.hibernate.dialect.PostgreSQLDialect'
10:13:59.256 [main] DEBUG o.s.core.env.MutablePropertySources - Adding [systemProperties] PropertySource with lowest search precedence
10:13:59.256 [main] DEBUG o.s.core.env.MutablePropertySources - Adding [systemEnvironment] PropertySource with lowest search precedence
10:13:59.256 [main] DEBUG o.s.core.env.MutablePropertySources - Adding [class path resource [config/application.properties]] PropertySource with lowest search precedence
10:13:59.256 [main] DEBUG o.s.core.env.MutablePropertySources - Adding [localProperties] PropertySource with lowest search precedence
10:13:59.256 [main] DEBUG o.s.c.e.PropertySourcesPropertyResolver - Searching for key 'spring.jpa.show_sql' in [systemProperties]
10:13:59.256 [main] DEBUG o.s.c.e.PropertySourcesPropertyResolver - Searching for key 'spring.jpa.show_sql' in [systemEnvironment]
10:13:59.256 [main] DEBUG o.s.c.e.PropertySourcesPropertyResolver - Searching for key 'spring.jpa.show_sql' in [class path resource [config/application.properties]]
10:13:59.256 [main] DEBUG o.s.c.e.PropertySourcesPropertyResolver - Found key 'spring.jpa.show_sql' in [class path resource [config/application.properties]] with type [String] and value 'false'
10:13:59.257 [main] DEBUG o.s.core.env.MutablePropertySources - Adding [systemProperties] PropertySource with lowest search precedence
10:13:59.257 [main] DEBUG o.s.core.env.MutablePropertySources - Adding [systemEnvironment] PropertySource with lowest search precedence
10:13:59.257 [main] DEBUG o.s.core.env.MutablePropertySources - Adding [class path resource [config/application.properties]] PropertySource with lowest search precedence
10:13:59.257 [main] DEBUG o.s.core.env.MutablePropertySources - Adding [localProperties] PropertySource with lowest search precedence
10:13:59.257 [main] DEBUG o.s.c.e.PropertySourcesPropertyResolver - Searching for key 'app.service.voyager.ports' in [systemProperties]
10:13:59.257 [main] DEBUG o.s.c.e.PropertySourcesPropertyResolver - Searching for key 'app.service.voyager.ports' in [systemEnvironment]
10:13:59.257 [main] DEBUG o.s.c.e.PropertySourcesPropertyResolver - Searching for key 'app.service.voyager.ports' in [class path resource [config/application.properties]]
10:13:59.257 [main] DEBUG o.s.c.e.PropertySourcesPropertyResolver - Found key 'app.service.voyager.ports' in [class path resource [config/application.properties]] with type [String] and value '7014,7414'
10:13:59.257 [main] DEBUG o.s.core.env.MutablePropertySources - Adding [systemProperties] PropertySource with lowest search precedence
10:13:59.257 [main] DEBUG o.s.core.env.MutablePropertySources - Adding [systemEnvironment] PropertySource with lowest search precedence
10:13:59.257 [main] DEBUG o.s.core.env.MutablePropertySources - Adding [class path resource [config/application.properties]] PropertySource with lowest search precedence
10:13:59.257 [main] DEBUG o.s.core.env.MutablePropertySources - Adding [localProperties] PropertySource with lowest search precedence
10:13:59.257 [main] DEBUG o.s.c.e.PropertySourcesPropertyResolver - Searching for key 'spring.datasource.validation-query' in [systemProperties]
10:13:59.257 [main] DEBUG o.s.c.e.PropertySourcesPropertyResolver - Searching for key 'spring.datasource.validation-query' in [systemEnvironment]
10:13:59.257 [main] DEBUG o.s.c.e.PropertySourcesPropertyResolver - Searching for key 'spring.datasource.validation-query' in [class path resource [config/application.properties]]
10:13:59.257 [main] DEBUG o.s.c.e.PropertySourcesPropertyResolver - Found key 'spring.datasource.validation-query' in [class path resource [config/application.properties]] with type [String] and value 'select version();'
10:13:59.257 [main] DEBUG o.s.core.env.MutablePropertySources - Adding [systemProperties] PropertySource with lowest search precedence
10:13:59.257 [main] DEBUG o.s.core.env.MutablePropertySources - Adding [systemEnvironment] PropertySource with lowest search precedence
10:13:59.257 [main] DEBUG o.s.core.env.MutablePropertySources - Adding [class path resource [config/application.properties]] PropertySource with lowest search precedence
10:13:59.257 [main] DEBUG o.s.core.env.MutablePropertySources - Adding [localProperties] PropertySource with lowest search precedence
10:13:59.257 [main] DEBUG o.s.c.e.PropertySourcesPropertyResolver - Searching for key 'shib.firstName' in [systemProperties]
10:13:59.257 [main] DEBUG o.s.c.e.PropertySourcesPropertyResolver - Searching for key 'shib.firstName' in [systemEnvironment]
10:13:59.257 [main] DEBUG o.s.c.e.PropertySourcesPropertyResolver - Searching for key 'shib.firstName' in [class path resource [config/application.properties]]
10:13:59.257 [main] DEBUG o.s.c.e.PropertySourcesPropertyResolver - Found key 'shib.firstName' in [class path resource [config/application.properties]] with type [String] and value 'tdl-givenname'
10:13:59.257 [main] DEBUG o.s.core.env.MutablePropertySources - Adding [systemProperties] PropertySource with lowest search precedence
10:13:59.257 [main] DEBUG o.s.core.env.MutablePropertySources - Adding [systemEnvironment] PropertySource with lowest search precedence
10:13:59.257 [main] DEBUG o.s.core.env.MutablePropertySources - Adding [class path resource [config/application.properties]] PropertySource with lowest search precedence
10:13:59.257 [main] DEBUG o.s.core.env.MutablePropertySources - Adding [localProperties] PropertySource with lowest search precedence
10:13:59.257 [main] DEBUG o.s.c.e.PropertySourcesPropertyResolver - Searching for key 'shib.uin' in [systemProperties]
10:13:59.257 [main] DEBUG o.s.c.e.PropertySourcesPropertyResolver - Searching for key 'shib.uin' in [systemEnvironment]
10:13:59.257 [main] DEBUG o.s.c.e.PropertySourcesPropertyResolver - Searching for key 'shib.uin' in [class path resource [config/application.properties]]
10:13:59.257 [main] DEBUG o.s.c.e.PropertySourcesPropertyResolver - Found key 'shib.uin' in [class path resource [config/application.properties]] with type [String] and value 'tamuuin'
10:13:59.257 [main] DEBUG o.s.core.env.MutablePropertySources - Adding [systemProperties] PropertySource with lowest search precedence
10:13:59.257 [main] DEBUG o.s.core.env.MutablePropertySources - Adding [systemEnvironment] PropertySource with lowest search precedence
10:13:59.257 [main] DEBUG o.s.core.env.MutablePropertySources - Adding [class path resource [config/application.properties]] PropertySource with lowest search precedence
10:13:59.257 [main] DEBUG o.s.core.env.MutablePropertySources - Adding [localProperties] PropertySource with lowest search precedence
10:13:59.257 [main] DEBUG o.s.c.e.PropertySourcesPropertyResolver - Searching for key 'spring.datasource.defaultAutoCommit' in [systemProperties]
10:13:59.257 [main] DEBUG o.s.c.e.PropertySourcesPropertyResolver - Searching for key 'spring.datasource.defaultAutoCommit' in [systemEnvironment]
10:13:59.257 [main] DEBUG o.s.c.e.PropertySourcesPropertyResolver - Searching for key 'spring.datasource.defaultAutoCommit' in [class path resource [config/application.properties]]
10:13:59.257 [main] DEBUG o.s.c.e.PropertySourcesPropertyResolver - Found key 'spring.datasource.defaultAutoCommit' in [class path resource [config/application.properties]] with type [String] and value 'false'
10:13:59.257 [main] DEBUG o.s.core.env.MutablePropertySources - Adding [systemProperties] PropertySource with lowest search precedence
10:13:59.257 [main] DEBUG o.s.core.env.MutablePropertySources - Adding [systemEnvironment] PropertySource with lowest search precedence
10:13:59.257 [main] DEBUG o.s.core.env.MutablePropertySources - Adding [class path resource [config/application.properties]] PropertySource with lowest search precedence
10:13:59.257 [main] DEBUG o.s.core.env.MutablePropertySources - Adding [localProperties] PropertySource with lowest search precedence
10:13:59.257 [main] DEBUG o.s.c.e.PropertySourcesPropertyResolver - Searching for key 'spring.datasource.username' in [systemProperties]
10:13:59.257 [main] DEBUG o.s.c.e.PropertySourcesPropertyResolver - Searching for key 'spring.datasource.username' in [systemEnvironment]
10:13:59.257 [main] DEBUG o.s.c.e.PropertySourcesPropertyResolver - Searching for key 'spring.datasource.username' in [class path resource [config/application.properties]]
10:13:59.257 [main] DEBUG o.s.c.e.PropertySourcesPropertyResolver - Found key 'spring.datasource.username' in [class path resource [config/application.properties]] with type [String] and value 'spring'
10:13:59.257 [main] DEBUG o.s.core.env.MutablePropertySources - Adding [systemProperties] PropertySource with lowest search precedence
10:13:59.257 [main] DEBUG o.s.core.env.MutablePropertySources - Adding [systemEnvironment] PropertySource with lowest search precedence
10:13:59.257 [main] DEBUG o.s.core.env.MutablePropertySources - Adding [class path resource [config/application.properties]] PropertySource with lowest search precedence
10:13:59.257 [main] DEBUG o.s.core.env.MutablePropertySources - Adding [localProperties] PropertySource with lowest search precedence
10:13:59.257 [main] DEBUG o.s.c.e.PropertySourcesPropertyResolver - Searching for key 'app.service.voyager.host' in [systemProperties]
10:13:59.257 [main] DEBUG o.s.c.e.PropertySourcesPropertyResolver - Searching for key 'app.service.voyager.host' in [systemEnvironment]
10:13:59.257 [main] DEBUG o.s.c.e.PropertySourcesPropertyResolver - Searching for key 'app.service.voyager.host' in [class path resource [config/application.properties]]
10:13:59.257 [main] DEBUG o.s.c.e.PropertySourcesPropertyResolver - Found key 'app.service.voyager.host' in [class path resource [config/application.properties]] with type [String] and value 'surprise.tamu.edu'
10:13:59.257 [main] DEBUG o.s.core.env.MutablePropertySources - Adding [systemProperties] PropertySource with lowest search precedence
10:13:59.257 [main] DEBUG o.s.core.env.MutablePropertySources - Adding [systemEnvironment] PropertySource with lowest search precedence
10:13:59.257 [main] DEBUG o.s.core.env.MutablePropertySources - Adding [class path resource [config/application.properties]] PropertySource with lowest search precedence
10:13:59.257 [main] DEBUG o.s.core.env.MutablePropertySources - Adding [localProperties] PropertySource with lowest search precedence
10:13:59.257 [main] DEBUG o.s.c.e.PropertySourcesPropertyResolver - Searching for key 'logging.level.org.springframework' in [systemProperties]
10:13:59.257 [main] DEBUG o.s.c.e.PropertySourcesPropertyResolver - Searching for key 'logging.level.org.springframework' in [systemEnvironment]
10:13:59.257 [main] DEBUG o.s.c.e.PropertySourcesPropertyResolver - Searching for key 'logging.level.org.springframework' in [class path resource [config/application.properties]]
10:13:59.257 [main] DEBUG o.s.c.e.PropertySourcesPropertyResolver - Found key 'logging.level.org.springframework' in [class path resource [config/application.properties]] with type [String] and value 'INFO'
10:13:59.257 [main] DEBUG o.s.core.env.MutablePropertySources - Adding [systemProperties] PropertySource with lowest search precedence
10:13:59.257 [main] DEBUG o.s.core.env.MutablePropertySources - Adding [systemEnvironment] PropertySource with lowest search precedence
10:13:59.257 [main] DEBUG o.s.core.env.MutablePropertySources - Adding [class path resource [config/application.properties]] PropertySource with lowest search precedence
10:13:59.257 [main] DEBUG o.s.core.env.MutablePropertySources - Adding [localProperties] PropertySource with lowest search precedence
10:13:59.257 [main] DEBUG o.s.c.e.PropertySourcesPropertyResolver - Searching for key 'spring.datasource.driverClassName' in [systemProperties]
10:13:59.257 [main] DEBUG o.s.c.e.PropertySourcesPropertyResolver - Searching for key 'spring.datasource.driverClassName' in [systemEnvironment]
10:13:59.257 [main] DEBUG o.s.c.e.PropertySourcesPropertyResolver - Searching for key 'spring.datasource.driverClassName' in [class path resource [config/application.properties]]
10:13:59.257 [main] DEBUG o.s.c.e.PropertySourcesPropertyResolver - Found key 'spring.datasource.driverClassName' in [class path resource [config/application.properties]] with type [String] and value 'org.postgresql.Driver'
10:13:59.257 [main] DEBUG o.s.core.env.MutablePropertySources - Adding [systemProperties] PropertySource with lowest search precedence
10:13:59.257 [main] DEBUG o.s.core.env.MutablePropertySources - Adding [systemEnvironment] PropertySource with lowest search precedence
10:13:59.257 [main] DEBUG o.s.core.env.MutablePropertySources - Adding [class path resource [config/application.properties]] PropertySource with lowest search precedence
10:13:59.258 [main] DEBUG o.s.core.env.MutablePropertySources - Adding [localProperties] PropertySource with lowest search precedence
10:13:59.258 [main] DEBUG o.s.c.e.PropertySourcesPropertyResolver - Searching for key 'app.authority.admins' in [systemProperties]
10:13:59.258 [main] DEBUG o.s.c.e.PropertySourcesPropertyResolver - Searching for key 'app.authority.admins' in [systemEnvironment]
10:13:59.258 [main] DEBUG o.s.c.e.PropertySourcesPropertyResolver - Searching for key 'app.authority.admins' in [class path resource [config/application.properties]]
10:13:59.258 [main] DEBUG o.s.c.e.PropertySourcesPropertyResolver - Found key 'app.authority.admins' in [class path resource [config/application.properties]] with type [String] and value '402001311,613001223,102001721,222004429,709005486,523008230,724001395,123456789'
10:13:59.258 [main] DEBUG o.s.core.env.MutablePropertySources - Adding [systemProperties] PropertySource with lowest search precedence
10:13:59.258 [main] DEBUG o.s.core.env.MutablePropertySources - Adding [systemEnvironment] PropertySource with lowest search precedence
10:13:59.258 [main] DEBUG o.s.core.env.MutablePropertySources - Adding [class path resource [config/application.properties]] PropertySource with lowest search precedence
10:13:59.258 [main] DEBUG o.s.core.env.MutablePropertySources - Adding [localProperties] PropertySource with lowest search precedence
10:13:59.258 [main] DEBUG o.s.c.e.PropertySourcesPropertyResolver - Searching for key 'shib.lastName' in [systemProperties]
10:13:59.258 [main] DEBUG o.s.c.e.PropertySourcesPropertyResolver - Searching for key 'shib.lastName' in [systemEnvironment]
10:13:59.258 [main] DEBUG o.s.c.e.PropertySourcesPropertyResolver - Searching for key 'shib.lastName' in [class path resource [config/application.properties]]
10:13:59.258 [main] DEBUG o.s.c.e.PropertySourcesPropertyResolver - Found key 'shib.lastName' in [class path resource [config/application.properties]] with type [String] and value 'tdl-sn'
10:13:59.258 [main] DEBUG o.s.core.env.MutablePropertySources - Adding [systemProperties] PropertySource with lowest search precedence
10:13:59.258 [main] DEBUG o.s.core.env.MutablePropertySources - Adding [systemEnvironment] PropertySource with lowest search precedence
10:13:59.258 [main] DEBUG o.s.core.env.MutablePropertySources - Adding [class path resource [config/application.properties]] PropertySource with lowest search precedence
10:13:59.258 [main] DEBUG o.s.core.env.MutablePropertySources - Adding [localProperties] PropertySource with lowest search precedence
10:13:59.258 [main] DEBUG o.s.c.e.PropertySourcesPropertyResolver - Searching for key 'app.email.host' in [systemProperties]
10:13:59.258 [main] DEBUG o.s.c.e.PropertySourcesPropertyResolver - Searching for key 'app.email.host' in [systemEnvironment]
10:13:59.258 [main] DEBUG o.s.c.e.PropertySourcesPropertyResolver - Searching for key 'app.email.host' in [class path resource [config/application.properties]]
10:13:59.258 [main] DEBUG o.s.c.e.PropertySourcesPropertyResolver - Found key 'app.email.host' in [class path resource [config/application.properties]] with type [String] and value 'relay.tamu.edu'
10:13:59.258 [main] DEBUG o.s.core.env.MutablePropertySources - Adding [systemProperties] PropertySource with lowest search precedence
10:13:59.258 [main] DEBUG o.s.core.env.MutablePropertySources - Adding [systemEnvironment] PropertySource with lowest search precedence
10:13:59.258 [main] DEBUG o.s.core.env.MutablePropertySources - Adding [class path resource [config/application.properties]] PropertySource with lowest search precedence
10:13:59.258 [main] DEBUG o.s.core.env.MutablePropertySources - Adding [localProperties] PropertySource with lowest search precedence
10:13:59.258 [main] DEBUG o.s.c.e.PropertySourcesPropertyResolver - Searching for key 'server.port' in [systemProperties]
10:13:59.258 [main] DEBUG o.s.c.e.PropertySourcesPropertyResolver - Searching for key 'server.port' in [systemEnvironment]
10:13:59.258 [main] DEBUG o.s.c.e.PropertySourcesPropertyResolver - Searching for key 'server.port' in [class path resource [config/application.properties]]
10:13:59.258 [main] DEBUG o.s.c.e.PropertySourcesPropertyResolver - Found key 'server.port' in [class path resource [config/application.properties]] with type [String] and value '9000'
10:13:59.258 [main] DEBUG o.s.core.env.MutablePropertySources - Adding [systemProperties] PropertySource with lowest search precedence
10:13:59.258 [main] DEBUG o.s.core.env.MutablePropertySources - Adding [systemEnvironment] PropertySource with lowest search precedence
10:13:59.258 [main] DEBUG o.s.core.env.MutablePropertySources - Adding [class path resource [config/application.properties]] PropertySource with lowest search precedence
10:13:59.258 [main] DEBUG o.s.core.env.MutablePropertySources - Adding [localProperties] PropertySource with lowest search precedence
10:13:59.258 [main] DEBUG o.s.c.e.PropertySourcesPropertyResolver - Searching for key 'spring.jpa.hibernate.ddl-auto' in [systemProperties]
10:13:59.258 [main] DEBUG o.s.c.e.PropertySourcesPropertyResolver - Searching for key 'spring.jpa.hibernate.ddl-auto' in [systemEnvironment]
10:13:59.258 [main] DEBUG o.s.c.e.PropertySourcesPropertyResolver - Searching for key 'spring.jpa.hibernate.ddl-auto' in [class path resource [config/application.properties]]
10:13:59.258 [main] DEBUG o.s.c.e.PropertySourcesPropertyResolver - Found key 'spring.jpa.hibernate.ddl-auto' in [class path resource [config/application.properties]] with type [String] and value 'create'
10:13:59.258 [main] DEBUG o.s.core.env.MutablePropertySources - Adding [systemProperties] PropertySource with lowest search precedence
10:13:59.258 [main] DEBUG o.s.core.env.MutablePropertySources - Adding [systemEnvironment] PropertySource with lowest search precedence
10:13:59.258 [main] DEBUG o.s.core.env.MutablePropertySources - Adding [class path resource [config/application.properties]] PropertySource with lowest search precedence
10:13:59.258 [main] DEBUG o.s.core.env.MutablePropertySources - Adding [localProperties] PropertySource with lowest search precedence
10:13:59.258 [main] DEBUG o.s.c.e.PropertySourcesPropertyResolver - Searching for key 'app.security.allow-access' in [systemProperties]
10:13:59.258 [main] DEBUG o.s.c.e.PropertySourcesPropertyResolver - Searching for key 'app.security.allow-access' in [systemEnvironment]
10:13:59.258 [main] DEBUG o.s.c.e.PropertySourcesPropertyResolver - Searching for key 'app.security.allow-access' in [class path resource [config/application.properties]]
10:13:59.258 [main] DEBUG o.s.c.e.PropertySourcesPropertyResolver - Found key 'app.security.allow-access' in [class path resource [config/application.properties]] with type [String] and value 'http://localhost,http://machuff.tamu.edu,http://imacdev.tamu.edu,http://savell.evans.tamu.edu,http://jcreel.tamu.edu'
10:13:59.260 [main] DEBUG o.s.b.f.s.DefaultListableBeanFactory - Returning cached instance of singleton bean 'org.springframework.transaction.config.internalTransactionAdvisor'
10:13:59.260 [main] DEBUG o.s.b.f.s.DefaultListableBeanFactory - Returning cached instance of singleton bean 'org.springframework.transaction.config.internalTransactionAdvisor'
10:13:59.261 [main] DEBUG o.s.s.a.ScheduledAnnotationBeanPostProcessor - No @Scheduled annotations found on bean class: class org.springframework.boot.autoconfigure.web.WebMvcProperties
10:13:59.261 [main] DEBUG o.s.b.f.s.DefaultListableBeanFactory - Finished creating instance of bean 'spring.mvc.CONFIGURATION_PROPERTIES'
10:13:59.261 [main] DEBUG o.s.b.f.a.AutowiredAnnotationBeanPostProcessor - Autowiring by type from bean name 'coreWebMvcConfig' to bean named 'spring.mvc.CONFIGURATION_PROPERTIES'
10:13:59.261 [main] DEBUG o.s.b.f.annotation.InjectionMetadata - Processing injected element of bean 'coreWebMvcConfig': AutowiredFieldElement for private org.springframework.beans.factory.ListableBeanFactory org.springframework.boot.autoconfigure.web.WebMvcAutoConfiguration$WebMvcAutoConfigurationAdapter.beanFactory
10:13:59.262 [main] DEBUG o.s.b.f.a.AutowiredAnnotationBeanPostProcessor - Autowiring by type from bean name 'coreWebMvcConfig' to bean named 'org.springframework.beans.factory.support.DefaultListableBeanFactory@5d878b25'
10:13:59.262 [main] DEBUG o.s.b.f.annotation.InjectionMetadata - Processing injected element of bean 'coreWebMvcConfig': AutowiredFieldElement for private org.springframework.core.io.ResourceLoader org.springframework.boot.autoconfigure.web.WebMvcAutoConfiguration$WebMvcAutoConfigurationAdapter.resourceLoader
10:13:59.262 [main] DEBUG o.s.b.f.a.AutowiredAnnotationBeanPostProcessor - Autowiring by type from bean name 'coreWebMvcConfig' to bean named 'org.springframework.context.support.GenericApplicationContext@4998e74b'
10:13:59.262 [main] DEBUG o.s.b.f.annotation.InjectionMetadata - Processing injected element of bean 'coreWebMvcConfig': AutowiredFieldElement for private org.springframework.boot.autoconfigure.web.HttpMessageConverters org.springframework.boot.autoconfigure.web.WebMvcAutoConfiguration$WebMvcAutoConfigurationAdapter.messageConverters
10:13:59.262 [main] DEBUG o.s.b.f.s.DefaultListableBeanFactory - Creating shared instance of singleton bean 'messageConverters'
10:13:59.262 [main] DEBUG o.s.b.f.s.DefaultListableBeanFactory - Creating instance of bean 'messageConverters'
10:13:59.262 [main] DEBUG o.s.b.f.s.DefaultListableBeanFactory - Returning cached instance of singleton bean 'org.springframework.transaction.config.internalTransactionAdvisor'
10:13:59.263 [main] DEBUG o.s.b.f.s.DefaultListableBeanFactory - Creating shared instance of singleton bean 'org.springframework.boot.autoconfigure.web.HttpMessageConvertersAutoConfiguration'
10:13:59.263 [main] DEBUG o.s.b.f.s.DefaultListableBeanFactory - Creating instance of bean 'org.springframework.boot.autoconfigure.web.HttpMessageConvertersAutoConfiguration'
10:13:59.263 [main] DEBUG o.s.b.f.s.DefaultListableBeanFactory - Returning cached instance of singleton bean 'org.springframework.transaction.config.internalTransactionAdvisor'
10:13:59.263 [main] DEBUG o.s.b.f.annotation.InjectionMetadata - Registered injected element on class [org.springframework.boot.autoconfigure.web.HttpMessageConvertersAutoConfiguration$$EnhancerBySpringCGLIB$$dcdf0616]: AutowiredFieldElement for private final java.util.List org.springframework.boot.autoconfigure.web.HttpMessageConvertersAutoConfiguration.converters
10:13:59.263 [main] DEBUG o.s.b.f.s.DefaultListableBeanFactory - Eagerly caching bean 'org.springframework.boot.autoconfigure.web.HttpMessageConvertersAutoConfiguration' to allow for resolving potential circular references
10:13:59.263 [main] DEBUG o.s.b.f.annotation.InjectionMetadata - Processing injected element of bean 'org.springframework.boot.autoconfigure.web.HttpMessageConvertersAutoConfiguration': AutowiredFieldElement for private final java.util.List org.springframework.boot.autoconfigure.web.HttpMessageConvertersAutoConfiguration.converters
10:13:59.264 [main] DEBUG o.s.b.f.s.DefaultListableBeanFactory - Creating shared instance of singleton bean 'jackson2Converter'
10:13:59.264 [main] DEBUG o.s.b.f.s.DefaultListableBeanFactory - Creating instance of bean 'jackson2Converter'
10:13:59.264 [main] DEBUG o.s.b.f.s.DefaultListableBeanFactory - Returning cached instance of singleton bean 'org.springframework.transaction.config.internalTransactionAdvisor'
10:13:59.264 [main] DEBUG o.s.b.f.s.DefaultListableBeanFactory - Creating shared instance of singleton bean 'appConfig'
10:13:59.264 [main] DEBUG o.s.b.f.s.DefaultListableBeanFactory - Creating instance of bean 'appConfig'
10:13:59.264 [main] DEBUG o.s.b.f.s.DefaultListableBeanFactory - Returning cached instance of singleton bean 'org.springframework.transaction.config.internalTransactionAdvisor'
10:13:59.264 [main] DEBUG o.s.b.f.s.DefaultListableBeanFactory - Eagerly caching bean 'appConfig' to allow for resolving potential circular references
10:13:59.264 [main] DEBUG o.s.b.f.s.DefaultListableBeanFactory - Returning cached instance of singleton bean 'org.springframework.transaction.config.internalTransactionAdvisor'
10:13:59.264 [main] DEBUG o.s.b.f.s.DefaultListableBeanFactory - Returning cached instance of singleton bean 'org.springframework.transaction.config.internalTransactionAdvisor'
10:13:59.266 [main] DEBUG o.s.s.a.ScheduledAnnotationBeanPostProcessor - No @Scheduled annotations found on bean class: class edu.tamu.app.config.AppConfig$$EnhancerBySpringCGLIB$$cc52f1e0
10:13:59.266 [main] DEBUG o.s.b.f.s.DefaultListableBeanFactory - Finished creating instance of bean 'appConfig'
10:13:59.267 [main] DEBUG o.s.b.f.s.DefaultListableBeanFactory - Creating shared instance of singleton bean 'objectMapper'
10:13:59.267 [main] DEBUG o.s.b.f.s.DefaultListableBeanFactory - Creating instance of bean 'objectMapper'
10:13:59.267 [main] DEBUG o.s.b.f.s.DefaultListableBeanFactory - Returning cached instance of singleton bean 'org.springframework.transaction.config.internalTransactionAdvisor'
10:13:59.267 [main] DEBUG o.s.b.f.s.DefaultListableBeanFactory - Returning cached instance of singleton bean 'appConfig'
10:13:59.268 [main] DEBUG o.s.b.f.s.DefaultListableBeanFactory - Eagerly caching bean 'objectMapper' to allow for resolving potential circular references
10:13:59.269 [main] DEBUG o.s.b.f.s.DefaultListableBeanFactory - Returning cached instance of singleton bean 'org.springframework.transaction.config.internalTransactionAdvisor'
10:13:59.269 [main] DEBUG o.s.b.f.s.DefaultListableBeanFactory - Returning cached instance of singleton bean 'org.springframework.transaction.config.internalTransactionAdvisor'
10:13:59.282 [main] DEBUG o.s.s.a.ScheduledAnnotationBeanPostProcessor - No @Scheduled annotations found on bean class: class com.fasterxml.jackson.databind.ObjectMapper
10:13:59.283 [main] DEBUG o.s.b.f.s.DefaultListableBeanFactory - Finished creating instance of bean 'objectMapper'
10:13:59.283 [main] DEBUG o.s.b.f.s.DefaultListableBeanFactory - Eagerly caching bean 'jackson2Converter' to allow for resolving potential circular references
10:13:59.283 [main] DEBUG o.s.b.f.s.DefaultListableBeanFactory - Returning cached instance of singleton bean 'org.springframework.transaction.config.internalTransactionAdvisor'
10:13:59.283 [main] DEBUG o.s.b.f.s.DefaultListableBeanFactory - Returning cached instance of singleton bean 'org.springframework.transaction.config.internalTransactionAdvisor'
10:13:59.288 [main] DEBUG o.s.s.a.ScheduledAnnotationBeanPostProcessor - No @Scheduled annotations found on bean class: class org.springframework.http.converter.json.MappingJackson2HttpMessageConverter
10:13:59.288 [main] DEBUG o.s.b.f.s.DefaultListableBeanFactory - Finished creating instance of bean 'jackson2Converter'
10:13:59.288 [main] DEBUG o.s.b.f.s.DefaultListableBeanFactory - Creating shared instance of singleton bean 'stringHttpMessageConverter'
10:13:59.288 [main] DEBUG o.s.b.f.s.DefaultListableBeanFactory - Creating instance of bean 'stringHttpMessageConverter'
10:13:59.288 [main] DEBUG o.s.b.f.s.DefaultListableBeanFactory - Returning cached instance of singleton bean 'org.springframework.transaction.config.internalTransactionAdvisor'
10:13:59.288 [main] DEBUG o.s.b.f.s.DefaultListableBeanFactory - Creating shared instance of singleton bean 'org.springframework.boot.autoconfigure.web.HttpMessageConvertersAutoConfiguration$StringHttpMessageConverterConfiguration'
10:13:59.288 [main] DEBUG o.s.b.f.s.DefaultListableBeanFactory - Creating instance of bean 'org.springframework.boot.autoconfigure.web.HttpMessageConvertersAutoConfiguration$StringHttpMessageConverterConfiguration'
10:13:59.288 [main] DEBUG o.s.b.f.s.DefaultListableBeanFactory - Returning cached instance of singleton bean 'org.springframework.transaction.config.internalTransactionAdvisor'
10:13:59.289 [main] DEBUG o.s.b.f.annotation.InjectionMetadata - Registered injected element on class [org.springframework.boot.autoconfigure.web.HttpMessageConvertersAutoConfiguration$StringHttpMessageConverterConfiguration$$EnhancerBySpringCGLIB$$f7e83cb6]: AutowiredFieldElement for private org.springframework.boot.autoconfigure.web.HttpEncodingProperties org.springframework.boot.autoconfigure.web.HttpMessageConvertersAutoConfiguration$StringHttpMessageConverterConfiguration.encodingProperties
10:13:59.289 [main] DEBUG o.s.b.f.s.DefaultListableBeanFactory - Eagerly caching bean 'org.springframework.boot.autoconfigure.web.HttpMessageConvertersAutoConfiguration$StringHttpMessageConverterConfiguration' to allow for resolving potential circular references
10:13:59.289 [main] DEBUG o.s.b.f.annotation.InjectionMetadata - Processing injected element of bean 'org.springframework.boot.autoconfigure.web.HttpMessageConvertersAutoConfiguration$StringHttpMessageConverterConfiguration': AutowiredFieldElement for private org.springframework.boot.autoconfigure.web.HttpEncodingProperties org.springframework.boot.autoconfigure.web.HttpMessageConvertersAutoConfiguration$StringHttpMessageConverterConfiguration.encodingProperties
10:13:59.289 [main] DEBUG o.s.b.f.s.DefaultListableBeanFactory - Creating shared instance of singleton bean 'spring.http.encoding.CONFIGURATION_PROPERTIES'
10:13:59.289 [main] DEBUG o.s.b.f.s.DefaultListableBeanFactory - Creating instance of bean 'spring.http.encoding.CONFIGURATION_PROPERTIES'
10:13:59.289 [main] DEBUG o.s.b.f.s.DefaultListableBeanFactory - Returning cached instance of singleton bean 'org.springframework.transaction.config.internalTransactionAdvisor'
10:13:59.290 [main] DEBUG o.s.b.f.s.DefaultListableBeanFactory - Eagerly caching bean 'spring.http.encoding.CONFIGURATION_PROPERTIES' to allow for resolving potential circular references
10:13:59.290 [main] DEBUG o.s.core.env.MutablePropertySources - Adding [systemProperties] PropertySource with lowest search precedence
10:13:59.290 [main] DEBUG o.s.core.env.MutablePropertySources - Adding [systemEnvironment] PropertySource with lowest search precedence
10:13:59.290 [main] DEBUG o.s.core.env.MutablePropertySources - Adding [class path resource [config/application.properties]] PropertySource with lowest search precedence
10:13:59.290 [main] DEBUG o.s.core.env.MutablePropertySources - Adding [localProperties] PropertySource with lowest search precedence
10:13:59.290 [main] DEBUG o.s.core.env.MutablePropertySources - Adding [systemProperties] PropertySource with lowest search precedence
10:13:59.290 [main] DEBUG o.s.core.env.MutablePropertySources - Adding [systemEnvironment] PropertySource with lowest search precedence
10:13:59.290 [main] DEBUG o.s.core.env.MutablePropertySources - Adding [class path resource [config/application.properties]] PropertySource with lowest search precedence
10:13:59.290 [main] DEBUG o.s.core.env.MutablePropertySources - Adding [localProperties] PropertySource with lowest search precedence
10:13:59.290 [main] DEBUG o.s.c.e.PropertySourcesPropertyResolver - Searching for key 'app.security.jwt.secret_key' in [systemProperties]
10:13:59.290 [main] DEBUG o.s.c.e.PropertySourcesPropertyResolver - Searching for key 'app.security.jwt.secret_key' in [systemEnvironment]
10:13:59.290 [main] DEBUG o.s.c.e.PropertySourcesPropertyResolver - Searching for key 'app.security.jwt.secret_key' in [class path resource [config/application.properties]]
10:13:59.290 [main] DEBUG o.s.c.e.PropertySourcesPropertyResolver - Found key 'app.security.jwt.secret_key' in [class path resource [config/application.properties]] with type [String] and value 'verysecretsecret'
10:13:59.290 [main] DEBUG o.s.core.env.MutablePropertySources - Adding [systemProperties] PropertySource with lowest search precedence
10:13:59.290 [main] DEBUG o.s.core.env.MutablePropertySources - Adding [systemEnvironment] PropertySource with lowest search precedence
10:13:59.290 [main] DEBUG o.s.core.env.MutablePropertySources - Adding [class path resource [config/application.properties]] PropertySource with lowest search precedence
10:13:59.290 [main] DEBUG o.s.core.env.MutablePropertySources - Adding [localProperties] PropertySource with lowest search precedence
10:13:59.290 [main] DEBUG o.s.c.e.PropertySourcesPropertyResolver - Searching for key 'app.whitelist' in [systemProperties]
10:13:59.290 [main] DEBUG o.s.c.e.PropertySourcesPropertyResolver - Searching for key 'app.whitelist' in [systemEnvironment]
10:13:59.290 [main] DEBUG o.s.c.e.PropertySourcesPropertyResolver - Searching for key 'app.whitelist' in [class path resource [config/application.properties]]
10:13:59.290 [main] DEBUG o.s.c.e.PropertySourcesPropertyResolver - Found key 'app.whitelist' in [class path resource [config/application.properties]] with type [String] and value '127.0.0.1'
10:13:59.290 [main] DEBUG o.s.core.env.MutablePropertySources - Adding [systemProperties] PropertySource with lowest search precedence
10:13:59.290 [main] DEBUG o.s.core.env.MutablePropertySources - Adding [systemEnvironment] PropertySource with lowest search precedence
10:13:59.290 [main] DEBUG o.s.core.env.MutablePropertySources - Adding [class path resource [config/application.properties]] PropertySource with lowest search precedence
10:13:59.290 [main] DEBUG o.s.core.env.MutablePropertySources - Adding [localProperties] PropertySource with lowest search precedence
10:13:59.290 [main] DEBUG o.s.c.e.PropertySourcesPropertyResolver - Searching for key 'app.email.address' in [systemProperties]
10:13:59.290 [main] DEBUG o.s.c.e.PropertySourcesPropertyResolver - Searching for key 'app.email.address' in [systemEnvironment]
10:13:59.290 [main] DEBUG o.s.c.e.PropertySourcesPropertyResolver - Searching for key 'app.email.address' in [class path resource [config/application.properties]]
10:13:59.291 [main] DEBUG o.s.c.e.PropertySourcesPropertyResolver - Found key 'app.email.address' in [class path resource [config/application.properties]] with type [String] and value 'dhahn@library.tamu.edu'
10:13:59.291 [main] DEBUG o.s.core.env.MutablePropertySources - Adding [systemProperties] PropertySource with lowest search precedence
10:13:59.291 [main] DEBUG o.s.core.env.MutablePropertySources - Adding [systemEnvironment] PropertySource with lowest search precedence
10:13:59.291 [main] DEBUG o.s.core.env.MutablePropertySources - Adding [class path resource [config/application.properties]] PropertySource with lowest search precedence
10:13:59.291 [main] DEBUG o.s.core.env.MutablePropertySources - Adding [localProperties] PropertySource with lowest search precedence
10:13:59.291 [main] DEBUG o.s.c.e.PropertySourcesPropertyResolver - Searching for key 'app.service.voyager.app' in [systemProperties]
10:13:59.291 [main] DEBUG o.s.c.e.PropertySourcesPropertyResolver - Searching for key 'app.service.voyager.app' in [systemEnvironment]
10:13:59.291 [main] DEBUG o.s.c.e.PropertySourcesPropertyResolver - Searching for key 'app.service.voyager.app' in [class path resource [config/application.properties]]
10:13:59.291 [main] DEBUG o.s.c.e.PropertySourcesPropertyResolver - Found key 'app.service.voyager.app' in [class path resource [config/application.properties]] with type [String] and value 'vxws'
10:13:59.291 [main] DEBUG o.s.core.env.MutablePropertySources - Adding [systemProperties] PropertySource with lowest search precedence
10:13:59.291 [main] DEBUG o.s.core.env.MutablePropertySources - Adding [systemEnvironment] PropertySource with lowest search precedence
10:13:59.291 [main] DEBUG o.s.core.env.MutablePropertySources - Adding [class path resource [config/application.properties]] PropertySource with lowest search precedence
10:13:59.291 [main] DEBUG o.s.core.env.MutablePropertySources - Adding [localProperties] PropertySource with lowest search precedence
10:13:59.291 [main] DEBUG o.s.c.e.PropertySourcesPropertyResolver - Searching for key 'spring.datasource.test-on-borrow' in [systemProperties]
10:13:59.291 [main] DEBUG o.s.c.e.PropertySourcesPropertyResolver - Searching for key 'spring.datasource.test-on-borrow' in [systemEnvironment]
10:13:59.291 [main] DEBUG o.s.c.e.PropertySourcesPropertyResolver - Searching for key 'spring.datasource.test-on-borrow' in [class path resource [config/application.properties]]
10:13:59.291 [main] DEBUG o.s.c.e.PropertySourcesPropertyResolver - Found key 'spring.datasource.test-on-borrow' in [class path resource [config/application.properties]] with type [String] and value 'true'
10:13:59.291 [main] DEBUG o.s.core.env.MutablePropertySources - Adding [systemProperties] PropertySource with lowest search precedence
10:13:59.291 [main] DEBUG o.s.core.env.MutablePropertySources - Adding [systemEnvironment] PropertySource with lowest search precedence
10:13:59.291 [main] DEBUG o.s.core.env.MutablePropertySources - Adding [class path resource [config/application.properties]] PropertySource with lowest search precedence
10:13:59.291 [main] DEBUG o.s.core.env.MutablePropertySources - Adding [localProperties] PropertySource with lowest search precedence
10:13:59.291 [main] DEBUG o.s.c.e.PropertySourcesPropertyResolver - Searching for key 'shib.email' in [systemProperties]
10:13:59.291 [main] DEBUG o.s.c.e.PropertySourcesPropertyResolver - Searching for key 'shib.email' in [systemEnvironment]
10:13:59.291 [main] DEBUG o.s.c.e.PropertySourcesPropertyResolver - Searching for key 'shib.email' in [class path resource [config/application.properties]]
10:13:59.291 [main] DEBUG o.s.c.e.PropertySourcesPropertyResolver - Found key 'shib.email' in [class path resource [config/application.properties]] with type [String] and value 'tdl-mail'
10:13:59.291 [main] DEBUG o.s.core.env.MutablePropertySources - Adding [systemProperties] PropertySource with lowest search precedence
10:13:59.291 [main] DEBUG o.s.core.env.MutablePropertySources - Adding [systemEnvironment] PropertySource with lowest search precedence
10:13:59.291 [main] DEBUG o.s.core.env.MutablePropertySources - Adding [class path resource [config/application.properties]] PropertySource with lowest search precedence
10:13:59.291 [main] DEBUG o.s.core.env.MutablePropertySources - Adding [localProperties] PropertySource with lowest search precedence
10:13:59.291 [main] DEBUG o.s.c.e.PropertySourcesPropertyResolver - Searching for key 'spring.datasource.url' in [systemProperties]
10:13:59.291 [main] DEBUG o.s.c.e.PropertySourcesPropertyResolver - Searching for key 'spring.datasource.url' in [systemEnvironment]
10:13:59.291 [main] DEBUG o.s.c.e.PropertySourcesPropertyResolver - Searching for key 'spring.datasource.url' in [class path resource [config/application.properties]]
10:13:59.291 [main] DEBUG o.s.c.e.PropertySourcesPropertyResolver - Found key 'spring.datasource.url' in [class path resource [config/application.properties]] with type [String] and value 'jdbc:postgresql://localhost:5432/spring_seed'
10:13:59.291 [main] DEBUG o.s.core.env.MutablePropertySources - Adding [systemProperties] PropertySource with lowest search precedence
10:13:59.291 [main] DEBUG o.s.core.env.MutablePropertySources - Adding [systemEnvironment] PropertySource with lowest search precedence
10:13:59.291 [main] DEBUG o.s.core.env.MutablePropertySources - Adding [class path resource [config/application.properties]] PropertySource with lowest search precedence
10:13:59.291 [main] DEBUG o.s.core.env.MutablePropertySources - Adding [localProperties] PropertySource with lowest search precedence
10:13:59.291 [main] DEBUG o.s.c.e.PropertySourcesPropertyResolver - Searching for key 'shib.netid' in [systemProperties]
10:13:59.291 [main] DEBUG o.s.c.e.PropertySourcesPropertyResolver - Searching for key 'shib.netid' in [systemEnvironment]
10:13:59.291 [main] DEBUG o.s.c.e.PropertySourcesPropertyResolver - Searching for key 'shib.netid' in [class path resource [config/application.properties]]
10:13:59.291 [main] DEBUG o.s.c.e.PropertySourcesPropertyResolver - Found key 'shib.netid' in [class path resource [config/application.properties]] with type [String] and value 'edupersonprincipalnameunscoped'
10:13:59.291 [main] DEBUG o.s.core.env.MutablePropertySources - Adding [systemProperties] PropertySource with lowest search precedence
10:13:59.291 [main] DEBUG o.s.core.env.MutablePropertySources - Adding [systemEnvironment] PropertySource with lowest search precedence
10:13:59.291 [main] DEBUG o.s.core.env.MutablePropertySources - Adding [class path resource [config/application.properties]] PropertySource with lowest search precedence
10:13:59.291 [main] DEBUG o.s.core.env.MutablePropertySources - Adding [localProperties] PropertySource with lowest search precedence
10:13:59.291 [main] DEBUG o.s.c.e.PropertySourcesPropertyResolver - Searching for key 'shib.keys' in [systemProperties]
10:13:59.291 [main] DEBUG o.s.c.e.PropertySourcesPropertyResolver - Searching for key 'shib.keys' in [systemEnvironment]
10:13:59.291 [main] DEBUG o.s.c.e.PropertySourcesPropertyResolver - Searching for key 'shib.keys' in [class path resource [config/application.properties]]
10:13:59.291 [main] DEBUG o.s.c.e.PropertySourcesPropertyResolver - Found key 'shib.keys' in [class path resource [config/application.properties]] with type [String] and value 'netid,uin,lastName,firstName,email'
10:13:59.291 [main] DEBUG o.s.core.env.MutablePropertySources - Adding [systemProperties] PropertySource with lowest search precedence
10:13:59.291 [main] DEBUG o.s.core.env.MutablePropertySources - Adding [systemEnvironment] PropertySource with lowest search precedence
10:13:59.291 [main] DEBUG o.s.core.env.MutablePropertySources - Adding [class path resource [config/application.properties]] PropertySource with lowest search precedence
10:13:59.291 [main] DEBUG o.s.core.env.MutablePropertySources - Adding [localProperties] PropertySource with lowest search precedence
10:13:59.291 [main] DEBUG o.s.c.e.PropertySourcesPropertyResolver - Searching for key 'spring.datasource.password' in [systemProperties]
10:13:59.291 [main] DEBUG o.s.c.e.PropertySourcesPropertyResolver - Searching for key 'spring.datasource.password' in [systemEnvironment]
10:13:59.291 [main] DEBUG o.s.c.e.PropertySourcesPropertyResolver - Searching for key 'spring.datasource.password' in [class path resource [config/application.properties]]
10:13:59.291 [main] DEBUG o.s.c.e.PropertySourcesPropertyResolver - Found key 'spring.datasource.password' in [class path resource [config/application.properties]] with type [String] and value 'spring'
10:13:59.291 [main] DEBUG o.s.core.env.MutablePropertySources - Adding [systemProperties] PropertySource with lowest search precedence
10:13:59.291 [main] DEBUG o.s.core.env.MutablePropertySources - Adding [systemEnvironment] PropertySource with lowest search precedence
10:13:59.291 [main] DEBUG o.s.core.env.MutablePropertySources - Adding [class path resource [config/application.properties]] PropertySource with lowest search precedence
10:13:59.291 [main] DEBUG o.s.core.env.MutablePropertySources - Adding [localProperties] PropertySource with lowest search precedence
10:13:59.291 [main] DEBUG o.s.c.e.PropertySourcesPropertyResolver - Searching for key 'spring.jpa.database-platform' in [systemProperties]
10:13:59.291 [main] DEBUG o.s.c.e.PropertySourcesPropertyResolver - Searching for key 'spring.jpa.database-platform' in [systemEnvironment]
10:13:59.291 [main] DEBUG o.s.c.e.PropertySourcesPropertyResolver - Searching for key 'spring.jpa.database-platform' in [class path resource [config/application.properties]]
10:13:59.291 [main] DEBUG o.s.c.e.PropertySourcesPropertyResolver - Found key 'spring.jpa.database-platform' in [class path resource [config/application.properties]] with type [String] and value 'org.hibernate.dialect.PostgreSQLDialect'
10:13:59.291 [main] DEBUG o.s.core.env.MutablePropertySources - Adding [systemProperties] PropertySource with lowest search precedence
10:13:59.291 [main] DEBUG o.s.core.env.MutablePropertySources - Adding [systemEnvironment] PropertySource with lowest search precedence
10:13:59.291 [main] DEBUG o.s.core.env.MutablePropertySources - Adding [class path resource [config/application.properties]] PropertySource with lowest search precedence
10:13:59.291 [main] DEBUG o.s.core.env.MutablePropertySources - Adding [localProperties] PropertySource with lowest search precedence
10:13:59.291 [main] DEBUG o.s.c.e.PropertySourcesPropertyResolver - Searching for key 'spring.jpa.show_sql' in [systemProperties]
10:13:59.291 [main] DEBUG o.s.c.e.PropertySourcesPropertyResolver - Searching for key 'spring.jpa.show_sql' in [systemEnvironment]
10:13:59.291 [main] DEBUG o.s.c.e.PropertySourcesPropertyResolver - Searching for key 'spring.jpa.show_sql' in [class path resource [config/application.properties]]
10:13:59.292 [main] DEBUG o.s.c.e.PropertySourcesPropertyResolver - Found key 'spring.jpa.show_sql' in [class path resource [config/application.properties]] with type [String] and value 'false'
10:13:59.292 [main] DEBUG o.s.core.env.MutablePropertySources - Adding [systemProperties] PropertySource with lowest search precedence
10:13:59.292 [main] DEBUG o.s.core.env.MutablePropertySources - Adding [systemEnvironment] PropertySource with lowest search precedence
10:13:59.292 [main] DEBUG o.s.core.env.MutablePropertySources - Adding [class path resource [config/application.properties]] PropertySource with lowest search precedence
10:13:59.292 [main] DEBUG o.s.core.env.MutablePropertySources - Adding [localProperties] PropertySource with lowest search precedence
10:13:59.292 [main] DEBUG o.s.c.e.PropertySourcesPropertyResolver - Searching for key 'app.service.voyager.ports' in [systemProperties]
10:13:59.292 [main] DEBUG o.s.c.e.PropertySourcesPropertyResolver - Searching for key 'app.service.voyager.ports' in [systemEnvironment]
10:13:59.292 [main] DEBUG o.s.c.e.PropertySourcesPropertyResolver - Searching for key 'app.service.voyager.ports' in [class path resource [config/application.properties]]
10:13:59.292 [main] DEBUG o.s.c.e.PropertySourcesPropertyResolver - Found key 'app.service.voyager.ports' in [class path resource [config/application.properties]] with type [String] and value '7014,7414'
10:13:59.292 [main] DEBUG o.s.core.env.MutablePropertySources - Adding [systemProperties] PropertySource with lowest search precedence
10:13:59.292 [main] DEBUG o.s.core.env.MutablePropertySources - Adding [systemEnvironment] PropertySource with lowest search precedence
10:13:59.292 [main] DEBUG o.s.core.env.MutablePropertySources - Adding [class path resource [config/application.properties]] PropertySource with lowest search precedence
10:13:59.292 [main] DEBUG o.s.core.env.MutablePropertySources - Adding [localProperties] PropertySource with lowest search precedence
10:13:59.292 [main] DEBUG o.s.c.e.PropertySourcesPropertyResolver - Searching for key 'spring.datasource.validation-query' in [systemProperties]
10:13:59.292 [main] DEBUG o.s.c.e.PropertySourcesPropertyResolver - Searching for key 'spring.datasource.validation-query' in [systemEnvironment]
10:13:59.292 [main] DEBUG o.s.c.e.PropertySourcesPropertyResolver - Searching for key 'spring.datasource.validation-query' in [class path resource [config/application.properties]]
10:13:59.292 [main] DEBUG o.s.c.e.PropertySourcesPropertyResolver - Found key 'spring.datasource.validation-query' in [class path resource [config/application.properties]] with type [String] and value 'select version();'
10:13:59.292 [main] DEBUG o.s.core.env.MutablePropertySources - Adding [systemProperties] PropertySource with lowest search precedence
10:13:59.292 [main] DEBUG o.s.core.env.MutablePropertySources - Adding [systemEnvironment] PropertySource with lowest search precedence
10:13:59.292 [main] DEBUG o.s.core.env.MutablePropertySources - Adding [class path resource [config/application.properties]] PropertySource with lowest search precedence
10:13:59.292 [main] DEBUG o.s.core.env.MutablePropertySources - Adding [localProperties] PropertySource with lowest search precedence
10:13:59.292 [main] DEBUG o.s.c.e.PropertySourcesPropertyResolver - Searching for key 'shib.firstName' in [systemProperties]
10:13:59.292 [main] DEBUG o.s.c.e.PropertySourcesPropertyResolver - Searching for key 'shib.firstName' in [systemEnvironment]
10:13:59.292 [main] DEBUG o.s.c.e.PropertySourcesPropertyResolver - Searching for key 'shib.firstName' in [class path resource [config/application.properties]]
10:13:59.292 [main] DEBUG o.s.c.e.PropertySourcesPropertyResolver - Found key 'shib.firstName' in [class path resource [config/application.properties]] with type [String] and value 'tdl-givenname'
10:13:59.292 [main] DEBUG o.s.core.env.MutablePropertySources - Adding [systemProperties] PropertySource with lowest search precedence
10:13:59.292 [main] DEBUG o.s.core.env.MutablePropertySources - Adding [systemEnvironment] PropertySource with lowest search precedence
10:13:59.292 [main] DEBUG o.s.core.env.MutablePropertySources - Adding [class path resource [config/application.properties]] PropertySource with lowest search precedence
10:13:59.292 [main] DEBUG o.s.core.env.MutablePropertySources - Adding [localProperties] PropertySource with lowest search precedence
10:13:59.292 [main] DEBUG o.s.c.e.PropertySourcesPropertyResolver - Searching for key 'shib.uin' in [systemProperties]
10:13:59.292 [main] DEBUG o.s.c.e.PropertySourcesPropertyResolver - Searching for key 'shib.uin' in [systemEnvironment]
10:13:59.292 [main] DEBUG o.s.c.e.PropertySourcesPropertyResolver - Searching for key 'shib.uin' in [class path resource [config/application.properties]]
10:13:59.292 [main] DEBUG o.s.c.e.PropertySourcesPropertyResolver - Found key 'shib.uin' in [class path resource [config/application.properties]] with type [String] and value 'tamuuin'
10:13:59.292 [main] DEBUG o.s.core.env.MutablePropertySources - Adding [systemProperties] PropertySource with lowest search precedence
10:13:59.292 [main] DEBUG o.s.core.env.MutablePropertySources - Adding [systemEnvironment] PropertySource with lowest search precedence
10:13:59.292 [main] DEBUG o.s.core.env.MutablePropertySources - Adding [class path resource [config/application.properties]] PropertySource with lowest search precedence
10:13:59.292 [main] DEBUG o.s.core.env.MutablePropertySources - Adding [localProperties] PropertySource with lowest search precedence
10:13:59.292 [main] DEBUG o.s.c.e.PropertySourcesPropertyResolver - Searching for key 'spring.datasource.defaultAutoCommit' in [systemProperties]
10:13:59.292 [main] DEBUG o.s.c.e.PropertySourcesPropertyResolver - Searching for key 'spring.datasource.defaultAutoCommit' in [systemEnvironment]
10:13:59.292 [main] DEBUG o.s.c.e.PropertySourcesPropertyResolver - Searching for key 'spring.datasource.defaultAutoCommit' in [class path resource [config/application.properties]]
10:13:59.292 [main] DEBUG o.s.c.e.PropertySourcesPropertyResolver - Found key 'spring.datasource.defaultAutoCommit' in [class path resource [config/application.properties]] with type [String] and value 'false'
10:13:59.292 [main] DEBUG o.s.core.env.MutablePropertySources - Adding [systemProperties] PropertySource with lowest search precedence
10:13:59.292 [main] DEBUG o.s.core.env.MutablePropertySources - Adding [systemEnvironment] PropertySource with lowest search precedence
10:13:59.292 [main] DEBUG o.s.core.env.MutablePropertySources - Adding [class path resource [config/application.properties]] PropertySource with lowest search precedence
10:13:59.292 [main] DEBUG o.s.core.env.MutablePropertySources - Adding [localProperties] PropertySource with lowest search precedence
10:13:59.292 [main] DEBUG o.s.c.e.PropertySourcesPropertyResolver - Searching for key 'spring.datasource.username' in [systemProperties]
10:13:59.292 [main] DEBUG o.s.c.e.PropertySourcesPropertyResolver - Searching for key 'spring.datasource.username' in [systemEnvironment]
10:13:59.292 [main] DEBUG o.s.c.e.PropertySourcesPropertyResolver - Searching for key 'spring.datasource.username' in [class path resource [config/application.properties]]
10:13:59.292 [main] DEBUG o.s.c.e.PropertySourcesPropertyResolver - Found key 'spring.datasource.username' in [class path resource [config/application.properties]] with type [String] and value 'spring'
10:13:59.292 [main] DEBUG o.s.core.env.MutablePropertySources - Adding [systemProperties] PropertySource with lowest search precedence
10:13:59.292 [main] DEBUG o.s.core.env.MutablePropertySources - Adding [systemEnvironment] PropertySource with lowest search precedence
10:13:59.292 [main] DEBUG o.s.core.env.MutablePropertySources - Adding [class path resource [config/application.properties]] PropertySource with lowest search precedence
10:13:59.292 [main] DEBUG o.s.core.env.MutablePropertySources - Adding [localProperties] PropertySource with lowest search precedence
10:13:59.292 [main] DEBUG o.s.c.e.PropertySourcesPropertyResolver - Searching for key 'app.service.voyager.host' in [systemProperties]
10:13:59.292 [main] DEBUG o.s.c.e.PropertySourcesPropertyResolver - Searching for key 'app.service.voyager.host' in [systemEnvironment]
10:13:59.292 [main] DEBUG o.s.c.e.PropertySourcesPropertyResolver - Searching for key 'app.service.voyager.host' in [class path resource [config/application.properties]]
10:13:59.292 [main] DEBUG o.s.c.e.PropertySourcesPropertyResolver - Found key 'app.service.voyager.host' in [class path resource [config/application.properties]] with type [String] and value 'surprise.tamu.edu'
10:13:59.292 [main] DEBUG o.s.core.env.MutablePropertySources - Adding [systemProperties] PropertySource with lowest search precedence
10:13:59.292 [main] DEBUG o.s.core.env.MutablePropertySources - Adding [systemEnvironment] PropertySource with lowest search precedence
10:13:59.292 [main] DEBUG o.s.core.env.MutablePropertySources - Adding [class path resource [config/application.properties]] PropertySource with lowest search precedence
10:13:59.292 [main] DEBUG o.s.core.env.MutablePropertySources - Adding [localProperties] PropertySource with lowest search precedence
10:13:59.292 [main] DEBUG o.s.c.e.PropertySourcesPropertyResolver - Searching for key 'logging.level.org.springframework' in [systemProperties]
10:13:59.292 [main] DEBUG o.s.c.e.PropertySourcesPropertyResolver - Searching for key 'logging.level.org.springframework' in [systemEnvironment]
10:13:59.292 [main] DEBUG o.s.c.e.PropertySourcesPropertyResolver - Searching for key 'logging.level.org.springframework' in [class path resource [config/application.properties]]
10:13:59.292 [main] DEBUG o.s.c.e.PropertySourcesPropertyResolver - Found key 'logging.level.org.springframework' in [class path resource [config/application.properties]] with type [String] and value 'INFO'
10:13:59.292 [main] DEBUG o.s.core.env.MutablePropertySources - Adding [systemProperties] PropertySource with lowest search precedence
10:13:59.293 [main] DEBUG o.s.core.env.MutablePropertySources - Adding [systemEnvironment] PropertySource with lowest search precedence
10:13:59.293 [main] DEBUG o.s.core.env.MutablePropertySources - Adding [class path resource [config/application.properties]] PropertySource with lowest search precedence
10:13:59.293 [main] DEBUG o.s.core.env.MutablePropertySources - Adding [localProperties] PropertySource with lowest search precedence
10:13:59.293 [main] DEBUG o.s.c.e.PropertySourcesPropertyResolver - Searching for key 'spring.datasource.driverClassName' in [systemProperties]
10:13:59.293 [main] DEBUG o.s.c.e.PropertySourcesPropertyResolver - Searching for key 'spring.datasource.driverClassName' in [systemEnvironment]
10:13:59.293 [main] DEBUG o.s.c.e.PropertySourcesPropertyResolver - Searching for key 'spring.datasource.driverClassName' in [class path resource [config/application.properties]]
10:13:59.293 [main] DEBUG o.s.c.e.PropertySourcesPropertyResolver - Found key 'spring.datasource.driverClassName' in [class path resource [config/application.properties]] with type [String] and value 'org.postgresql.Driver'
10:13:59.293 [main] DEBUG o.s.core.env.MutablePropertySources - Adding [systemProperties] PropertySource with lowest search precedence
10:13:59.293 [main] DEBUG o.s.core.env.MutablePropertySources - Adding [systemEnvironment] PropertySource with lowest search precedence
10:13:59.293 [main] DEBUG o.s.core.env.MutablePropertySources - Adding [class path resource [config/application.properties]] PropertySource with lowest search precedence
10:13:59.293 [main] DEBUG o.s.core.env.MutablePropertySources - Adding [localProperties] PropertySource with lowest search precedence
10:13:59.293 [main] DEBUG o.s.c.e.PropertySourcesPropertyResolver - Searching for key 'app.authority.admins' in [systemProperties]
10:13:59.293 [main] DEBUG o.s.c.e.PropertySourcesPropertyResolver - Searching for key 'app.authority.admins' in [systemEnvironment]
10:13:59.293 [main] DEBUG o.s.c.e.PropertySourcesPropertyResolver - Searching for key 'app.authority.admins' in [class path resource [config/application.properties]]
10:13:59.293 [main] DEBUG o.s.c.e.PropertySourcesPropertyResolver - Found key 'app.authority.admins' in [class path resource [config/application.properties]] with type [String] and value '402001311,613001223,102001721,222004429,709005486,523008230,724001395,123456789'
10:13:59.293 [main] DEBUG o.s.core.env.MutablePropertySources - Adding [systemProperties] PropertySource with lowest search precedence
10:13:59.293 [main] DEBUG o.s.core.env.MutablePropertySources - Adding [systemEnvironment] PropertySource with lowest search precedence
10:13:59.293 [main] DEBUG o.s.core.env.MutablePropertySources - Adding [class path resource [config/application.properties]] PropertySource with lowest search precedence
10:13:59.293 [main] DEBUG o.s.core.env.MutablePropertySources - Adding [localProperties] PropertySource with lowest search precedence
10:13:59.293 [main] DEBUG o.s.c.e.PropertySourcesPropertyResolver - Searching for key 'shib.lastName' in [systemProperties]
10:13:59.293 [main] DEBUG o.s.c.e.PropertySourcesPropertyResolver - Searching for key 'shib.lastName' in [systemEnvironment]
10:13:59.293 [main] DEBUG o.s.c.e.PropertySourcesPropertyResolver - Searching for key 'shib.lastName' in [class path resource [config/application.properties]]
10:13:59.293 [main] DEBUG o.s.c.e.PropertySourcesPropertyResolver - Found key 'shib.lastName' in [class path resource [config/application.properties]] with type [String] and value 'tdl-sn'
10:13:59.293 [main] DEBUG o.s.core.env.MutablePropertySources - Adding [systemProperties] PropertySource with lowest search precedence
10:13:59.293 [main] DEBUG o.s.core.env.MutablePropertySources - Adding [systemEnvironment] PropertySource with lowest search precedence
10:13:59.293 [main] DEBUG o.s.core.env.MutablePropertySources - Adding [class path resource [config/application.properties]] PropertySource with lowest search precedence
10:13:59.293 [main] DEBUG o.s.core.env.MutablePropertySources - Adding [localProperties] PropertySource with lowest search precedence
10:13:59.293 [main] DEBUG o.s.c.e.PropertySourcesPropertyResolver - Searching for key 'app.email.host' in [systemProperties]
10:13:59.293 [main] DEBUG o.s.c.e.PropertySourcesPropertyResolver - Searching for key 'app.email.host' in [systemEnvironment]
10:13:59.293 [main] DEBUG o.s.c.e.PropertySourcesPropertyResolver - Searching for key 'app.email.host' in [class path resource [config/application.properties]]
10:13:59.293 [main] DEBUG o.s.c.e.PropertySourcesPropertyResolver - Found key 'app.email.host' in [class path resource [config/application.properties]] with type [String] and value 'relay.tamu.edu'
10:13:59.293 [main] DEBUG o.s.core.env.MutablePropertySources - Adding [systemProperties] PropertySource with lowest search precedence
10:13:59.293 [main] DEBUG o.s.core.env.MutablePropertySources - Adding [systemEnvironment] PropertySource with lowest search precedence
10:13:59.293 [main] DEBUG o.s.core.env.MutablePropertySources - Adding [class path resource [config/application.properties]] PropertySource with lowest search precedence
10:13:59.293 [main] DEBUG o.s.core.env.MutablePropertySources - Adding [localProperties] PropertySource with lowest search precedence
10:13:59.293 [main] DEBUG o.s.c.e.PropertySourcesPropertyResolver - Searching for key 'server.port' in [systemProperties]
10:13:59.293 [main] DEBUG o.s.c.e.PropertySourcesPropertyResolver - Searching for key 'server.port' in [systemEnvironment]
10:13:59.293 [main] DEBUG o.s.c.e.PropertySourcesPropertyResolver - Searching for key 'server.port' in [class path resource [config/application.properties]]
10:13:59.293 [main] DEBUG o.s.c.e.PropertySourcesPropertyResolver - Found key 'server.port' in [class path resource [config/application.properties]] with type [String] and value '9000'
10:13:59.293 [main] DEBUG o.s.core.env.MutablePropertySources - Adding [systemProperties] PropertySource with lowest search precedence
10:13:59.293 [main] DEBUG o.s.core.env.MutablePropertySources - Adding [systemEnvironment] PropertySource with lowest search precedence
10:13:59.293 [main] DEBUG o.s.core.env.MutablePropertySources - Adding [class path resource [config/application.properties]] PropertySource with lowest search precedence
10:13:59.293 [main] DEBUG o.s.core.env.MutablePropertySources - Adding [localProperties] PropertySource with lowest search precedence
10:13:59.293 [main] DEBUG o.s.c.e.PropertySourcesPropertyResolver - Searching for key 'spring.jpa.hibernate.ddl-auto' in [systemProperties]
10:13:59.293 [main] DEBUG o.s.c.e.PropertySourcesPropertyResolver - Searching for key 'spring.jpa.hibernate.ddl-auto' in [systemEnvironment]
10:13:59.293 [main] DEBUG o.s.c.e.PropertySourcesPropertyResolver - Searching for key 'spring.jpa.hibernate.ddl-auto' in [class path resource [config/application.properties]]
10:13:59.293 [main] DEBUG o.s.c.e.PropertySourcesPropertyResolver - Found key 'spring.jpa.hibernate.ddl-auto' in [class path resource [config/application.properties]] with type [String] and value 'create'
10:13:59.293 [main] DEBUG o.s.core.env.MutablePropertySources - Adding [systemProperties] PropertySource with lowest search precedence
10:13:59.293 [main] DEBUG o.s.core.env.MutablePropertySources - Adding [systemEnvironment] PropertySource with lowest search precedence
10:13:59.293 [main] DEBUG o.s.core.env.MutablePropertySources - Adding [class path resource [config/application.properties]] PropertySource with lowest search precedence
10:13:59.293 [main] DEBUG o.s.core.env.MutablePropertySources - Adding [localProperties] PropertySource with lowest search precedence
10:13:59.293 [main] DEBUG o.s.c.e.PropertySourcesPropertyResolver - Searching for key 'app.security.allow-access' in [systemProperties]
10:13:59.293 [main] DEBUG o.s.c.e.PropertySourcesPropertyResolver - Searching for key 'app.security.allow-access' in [systemEnvironment]
10:13:59.293 [main] DEBUG o.s.c.e.PropertySourcesPropertyResolver - Searching for key 'app.security.allow-access' in [class path resource [config/application.properties]]
10:13:59.293 [main] DEBUG o.s.c.e.PropertySourcesPropertyResolver - Found key 'app.security.allow-access' in [class path resource [config/application.properties]] with type [String] and value 'http://localhost,http://machuff.tamu.edu,http://imacdev.tamu.edu,http://savell.evans.tamu.edu,http://jcreel.tamu.edu'
10:13:59.295 [main] DEBUG o.s.b.f.s.DefaultListableBeanFactory - Returning cached instance of singleton bean 'org.springframework.transaction.config.internalTransactionAdvisor'
10:13:59.295 [main] DEBUG o.s.b.f.s.DefaultListableBeanFactory - Returning cached instance of singleton bean 'org.springframework.transaction.config.internalTransactionAdvisor'
10:13:59.295 [main] DEBUG o.s.s.a.ScheduledAnnotationBeanPostProcessor - No @Scheduled annotations found on bean class: class org.springframework.boot.autoconfigure.web.HttpEncodingProperties
10:13:59.296 [main] DEBUG o.s.b.f.s.DefaultListableBeanFactory - Finished creating instance of bean 'spring.http.encoding.CONFIGURATION_PROPERTIES'
10:13:59.296 [main] DEBUG o.s.b.f.a.AutowiredAnnotationBeanPostProcessor - Autowiring by type from bean name 'org.springframework.boot.autoconfigure.web.HttpMessageConvertersAutoConfiguration$StringHttpMessageConverterConfiguration' to bean named 'spring.http.encoding.CONFIGURATION_PROPERTIES'
10:13:59.296 [main] DEBUG o.s.b.f.s.DefaultListableBeanFactory - Returning cached instance of singleton bean 'org.springframework.transaction.config.internalTransactionAdvisor'
10:13:59.296 [main] DEBUG o.s.b.f.s.DefaultListableBeanFactory - Returning cached instance of singleton bean 'org.springframework.transaction.config.internalTransactionAdvisor'
10:13:59.296 [main] DEBUG o.s.s.a.ScheduledAnnotationBeanPostProcessor - No @Scheduled annotations found on bean class: class org.springframework.boot.autoconfigure.web.HttpMessageConvertersAutoConfiguration$StringHttpMessageConverterConfiguration$$EnhancerBySpringCGLIB$$f7e83cb6
10:13:59.297 [main] DEBUG o.s.b.f.s.DefaultListableBeanFactory - Finished creating instance of bean 'org.springframework.boot.autoconfigure.web.HttpMessageConvertersAutoConfiguration$StringHttpMessageConverterConfiguration'
10:13:59.297 [main] DEBUG o.s.b.f.s.DefaultListableBeanFactory - Eagerly caching bean 'stringHttpMessageConverter' to allow for resolving potential circular references
10:13:59.297 [main] DEBUG o.s.b.f.s.DefaultListableBeanFactory - Returning cached instance of singleton bean 'org.springframework.transaction.config.internalTransactionAdvisor'
10:13:59.297 [main] DEBUG o.s.b.f.s.DefaultListableBeanFactory - Returning cached instance of singleton bean 'org.springframework.transaction.config.internalTransactionAdvisor'
10:13:59.299 [main] DEBUG o.s.s.a.ScheduledAnnotationBeanPostProcessor - No @Scheduled annotations found on bean class: class org.springframework.http.converter.StringHttpMessageConverter
10:13:59.299 [main] DEBUG o.s.b.f.s.DefaultListableBeanFactory - Finished creating instance of bean 'stringHttpMessageConverter'
10:13:59.300 [main] DEBUG o.s.b.f.a.AutowiredAnnotationBeanPostProcessor - Autowiring by type from bean name 'org.springframework.boot.autoconfigure.web.HttpMessageConvertersAutoConfiguration' to bean named 'jackson2Converter'
10:13:59.300 [main] DEBUG o.s.b.f.a.AutowiredAnnotationBeanPostProcessor - Autowiring by type from bean name 'org.springframework.boot.autoconfigure.web.HttpMessageConvertersAutoConfiguration' to bean named 'stringHttpMessageConverter'
10:13:59.300 [main] DEBUG o.s.b.f.s.DefaultListableBeanFactory - Returning cached instance of singleton bean 'org.springframework.transaction.config.internalTransactionAdvisor'
10:13:59.300 [main] DEBUG o.s.b.f.s.DefaultListableBeanFactory - Returning cached instance of singleton bean 'org.springframework.transaction.config.internalTransactionAdvisor'
10:13:59.300 [main] DEBUG o.s.s.a.ScheduledAnnotationBeanPostProcessor - No @Scheduled annotations found on bean class: class org.springframework.boot.autoconfigure.web.HttpMessageConvertersAutoConfiguration$$EnhancerBySpringCGLIB$$dcdf0616
10:13:59.300 [main] DEBUG o.s.b.f.s.DefaultListableBeanFactory - Finished creating instance of bean 'org.springframework.boot.autoconfigure.web.HttpMessageConvertersAutoConfiguration'
10:13:59.304 [main] DEBUG o.s.b.f.s.DefaultListableBeanFactory - Eagerly caching bean 'messageConverters' to allow for resolving potential circular references
10:13:59.304 [main] DEBUG o.s.b.f.s.DefaultListableBeanFactory - Returning cached instance of singleton bean 'org.springframework.transaction.config.internalTransactionAdvisor'
10:13:59.304 [main] DEBUG o.s.b.f.s.DefaultListableBeanFactory - Returning cached instance of singleton bean 'org.springframework.transaction.config.internalTransactionAdvisor'
10:13:59.305 [main] DEBUG o.s.s.a.ScheduledAnnotationBeanPostProcessor - No @Scheduled annotations found on bean class: class org.springframework.boot.autoconfigure.web.HttpMessageConverters
10:13:59.305 [main] DEBUG o.s.b.f.s.DefaultListableBeanFactory - Finished creating instance of bean 'messageConverters'
10:13:59.306 [main] DEBUG o.s.b.f.a.AutowiredAnnotationBeanPostProcessor - Autowiring by type from bean name 'coreWebMvcConfig' to bean named 'messageConverters'
10:13:59.306 [main] DEBUG o.s.b.f.annotation.InjectionMetadata - Processing injected element of bean 'coreWebMvcConfig': AutowiredFieldElement for private org.springframework.core.env.Environment edu.tamu.framework.config.CoreWebMvcConfig.env
10:13:59.306 [main] DEBUG o.s.b.f.s.DefaultListableBeanFactory - Returning cached instance of singleton bean 'environment'
10:13:59.306 [main] DEBUG o.s.b.f.a.AutowiredAnnotationBeanPostProcessor - Autowiring by type from bean name 'coreWebMvcConfig' to bean named 'environment'
10:13:59.307 [main] DEBUG o.s.b.f.s.DefaultListableBeanFactory - Returning cached instance of singleton bean 'org.springframework.transaction.config.internalTransactionAdvisor'
10:13:59.307 [main] DEBUG o.s.b.f.s.DefaultListableBeanFactory - Returning cached instance of singleton bean 'org.springframework.transaction.config.internalTransactionAdvisor'
10:13:59.311 [main] DEBUG o.s.s.a.ScheduledAnnotationBeanPostProcessor - No @Scheduled annotations found on bean class: class edu.tamu.framework.config.CoreWebMvcConfig$$EnhancerBySpringCGLIB$$f912643d
10:13:59.311 [main] DEBUG o.s.b.f.s.DefaultListableBeanFactory - Finished creating instance of bean 'coreWebMvcConfig'
10:13:59.311 [main] DEBUG o.s.b.f.s.DefaultListableBeanFactory - Returning cached instance of singleton bean 'appConfig'
10:13:59.311 [main] DEBUG o.s.b.f.s.DefaultListableBeanFactory - Creating shared instance of singleton bean 'appWebMvcConfig'
10:13:59.311 [main] DEBUG o.s.b.f.s.DefaultListableBeanFactory - Creating instance of bean 'appWebMvcConfig'
10:13:59.311 [main] DEBUG o.s.b.f.s.DefaultListableBeanFactory - Returning cached instance of singleton bean 'org.springframework.transaction.config.internalTransactionAdvisor'
10:13:59.312 [main] DEBUG o.s.b.f.annotation.InjectionMetadata - Registered injected element on class [edu.tamu.app.config.AppWebMvcConfig$$EnhancerBySpringCGLIB$$6a39926]: AutowiredFieldElement for private java.lang.String org.springframework.boot.autoconfigure.web.WebMvcAutoConfiguration$WebMvcAutoConfigurationAdapter.prefix
10:13:59.312 [main] DEBUG o.s.b.f.annotation.InjectionMetadata - Registered injected element on class [edu.tamu.app.config.AppWebMvcConfig$$EnhancerBySpringCGLIB$$6a39926]: AutowiredFieldElement for private java.lang.String org.springframework.boot.autoconfigure.web.WebMvcAutoConfiguration$WebMvcAutoConfigurationAdapter.suffix
10:13:59.312 [main] DEBUG o.s.b.f.annotation.InjectionMetadata - Registered injected element on class [edu.tamu.app.config.AppWebMvcConfig$$EnhancerBySpringCGLIB$$6a39926]: AutowiredFieldElement for private org.springframework.boot.autoconfigure.web.ResourceProperties org.springframework.boot.autoconfigure.web.WebMvcAutoConfiguration$WebMvcAutoConfigurationAdapter.resourceProperties
10:13:59.312 [main] DEBUG o.s.b.f.annotation.InjectionMetadata - Registered injected element on class [edu.tamu.app.config.AppWebMvcConfig$$EnhancerBySpringCGLIB$$6a39926]: AutowiredFieldElement for private org.springframework.boot.autoconfigure.web.WebMvcProperties org.springframework.boot.autoconfigure.web.WebMvcAutoConfiguration$WebMvcAutoConfigurationAdapter.mvcProperties
10:13:59.312 [main] DEBUG o.s.b.f.annotation.InjectionMetadata - Registered injected element on class [edu.tamu.app.config.AppWebMvcConfig$$EnhancerBySpringCGLIB$$6a39926]: AutowiredFieldElement for private org.springframework.beans.factory.ListableBeanFactory org.springframework.boot.autoconfigure.web.WebMvcAutoConfiguration$WebMvcAutoConfigurationAdapter.beanFactory
10:13:59.312 [main] DEBUG o.s.b.f.annotation.InjectionMetadata - Registered injected element on class [edu.tamu.app.config.AppWebMvcConfig$$EnhancerBySpringCGLIB$$6a39926]: AutowiredFieldElement for private org.springframework.core.io.ResourceLoader org.springframework.boot.autoconfigure.web.WebMvcAutoConfiguration$WebMvcAutoConfigurationAdapter.resourceLoader
10:13:59.312 [main] DEBUG o.s.b.f.annotation.InjectionMetadata - Registered injected element on class [edu.tamu.app.config.AppWebMvcConfig$$EnhancerBySpringCGLIB$$6a39926]: AutowiredFieldElement for private org.springframework.boot.autoconfigure.web.HttpMessageConverters org.springframework.boot.autoconfigure.web.WebMvcAutoConfiguration$WebMvcAutoConfigurationAdapter.messageConverters
10:13:59.312 [main] DEBUG o.s.b.f.annotation.InjectionMetadata - Registered injected element on class [edu.tamu.app.config.AppWebMvcConfig$$EnhancerBySpringCGLIB$$6a39926]: AutowiredFieldElement for private org.springframework.core.env.Environment edu.tamu.framework.config.CoreWebMvcConfig.env
10:13:59.312 [main] DEBUG o.s.b.f.annotation.InjectionMetadata - Registered injected element on class [edu.tamu.app.config.AppWebMvcConfig$$EnhancerBySpringCGLIB$$6a39926]: AutowiredFieldElement for private org.springframework.core.env.Environment edu.tamu.app.config.AppWebMvcConfig.env
10:13:59.312 [main] DEBUG o.s.b.f.s.DefaultListableBeanFactory - Eagerly caching bean 'appWebMvcConfig' to allow for resolving potential circular references
10:13:59.312 [main] DEBUG o.s.b.f.annotation.InjectionMetadata - Processing injected element of bean 'appWebMvcConfig': AutowiredFieldElement for private java.lang.String org.springframework.boot.autoconfigure.web.WebMvcAutoConfiguration$WebMvcAutoConfigurationAdapter.prefix
10:13:59.312 [main] DEBUG o.s.c.e.PropertySourcesPropertyResolver - Searching for key 'spring.view.prefix:' in [environmentProperties]
10:13:59.312 [main] DEBUG o.s.c.e.PropertySourcesPropertyResolver - Searching for key 'spring.view.prefix:' in [systemProperties]
10:13:59.312 [main] DEBUG o.s.c.e.PropertySourcesPropertyResolver - Searching for key 'spring.view.prefix:' in [systemEnvironment]
10:13:59.312 [main] DEBUG o.s.c.e.PropertySourcesPropertyResolver - Searching for key 'spring.view.prefix:' in [class path resource [config/application.properties]]
10:13:59.312 [main] DEBUG o.s.c.e.PropertySourcesPropertyResolver - Could not find key 'spring.view.prefix:' in any property source. Returning [null]
10:13:59.313 [main] DEBUG o.s.c.e.PropertySourcesPropertyResolver - Searching for key 'spring.view.prefix:' in [localProperties]
10:13:59.313 [main] DEBUG o.s.c.e.PropertySourcesPropertyResolver - Could not find key 'spring.view.prefix:' in any property source. Returning [null]
10:13:59.313 [main] DEBUG o.s.c.e.PropertySourcesPropertyResolver - Searching for key 'spring.view.prefix' in [environmentProperties]
10:13:59.313 [main] DEBUG o.s.c.e.PropertySourcesPropertyResolver - Searching for key 'spring.view.prefix' in [systemProperties]
10:13:59.313 [main] DEBUG o.s.c.e.PropertySourcesPropertyResolver - Searching for key 'spring.view.prefix' in [systemEnvironment]
10:13:59.313 [main] DEBUG o.s.c.e.PropertySourcesPropertyResolver - Searching for key 'spring.view.prefix' in [class path resource [config/application.properties]]
10:13:59.313 [main] DEBUG o.s.c.e.PropertySourcesPropertyResolver - Could not find key 'spring.view.prefix' in any property source. Returning [null]
10:13:59.313 [main] DEBUG o.s.c.e.PropertySourcesPropertyResolver - Searching for key 'spring.view.prefix' in [localProperties]
10:13:59.313 [main] DEBUG o.s.c.e.PropertySourcesPropertyResolver - Could not find key 'spring.view.prefix' in any property source. Returning [null]
10:13:59.313 [main] DEBUG o.s.b.f.annotation.InjectionMetadata - Processing injected element of bean 'appWebMvcConfig': AutowiredFieldElement for private java.lang.String org.springframework.boot.autoconfigure.web.WebMvcAutoConfiguration$WebMvcAutoConfigurationAdapter.suffix
10:13:59.313 [main] DEBUG o.s.c.e.PropertySourcesPropertyResolver - Searching for key 'spring.view.suffix:' in [environmentProperties]
10:13:59.313 [main] DEBUG o.s.c.e.PropertySourcesPropertyResolver - Searching for key 'spring.view.suffix:' in [systemProperties]
10:13:59.313 [main] DEBUG o.s.c.e.PropertySourcesPropertyResolver - Searching for key 'spring.view.suffix:' in [systemEnvironment]
10:13:59.313 [main] DEBUG o.s.c.e.PropertySourcesPropertyResolver - Searching for key 'spring.view.suffix:' in [class path resource [config/application.properties]]
10:13:59.313 [main] DEBUG o.s.c.e.PropertySourcesPropertyResolver - Could not find key 'spring.view.suffix:' in any property source. Returning [null]
10:13:59.313 [main] DEBUG o.s.c.e.PropertySourcesPropertyResolver - Searching for key 'spring.view.suffix:' in [localProperties]
10:13:59.313 [main] DEBUG o.s.c.e.PropertySourcesPropertyResolver - Could not find key 'spring.view.suffix:' in any property source. Returning [null]
10:13:59.313 [main] DEBUG o.s.c.e.PropertySourcesPropertyResolver - Searching for key 'spring.view.suffix' in [environmentProperties]
10:13:59.313 [main] DEBUG o.s.c.e.PropertySourcesPropertyResolver - Searching for key 'spring.view.suffix' in [systemProperties]
10:13:59.313 [main] DEBUG o.s.c.e.PropertySourcesPropertyResolver - Searching for key 'spring.view.suffix' in [systemEnvironment]
10:13:59.313 [main] DEBUG o.s.c.e.PropertySourcesPropertyResolver - Searching for key 'spring.view.suffix' in [class path resource [config/application.properties]]
10:13:59.313 [main] DEBUG o.s.c.e.PropertySourcesPropertyResolver - Could not find key 'spring.view.suffix' in any property source. Returning [null]
10:13:59.313 [main] DEBUG o.s.c.e.PropertySourcesPropertyResolver - Searching for key 'spring.view.suffix' in [localProperties]
10:13:59.313 [main] DEBUG o.s.c.e.PropertySourcesPropertyResolver - Could not find key 'spring.view.suffix' in any property source. Returning [null]
10:13:59.313 [main] DEBUG o.s.b.f.annotation.InjectionMetadata - Processing injected element of bean 'appWebMvcConfig': AutowiredFieldElement for private org.springframework.boot.autoconfigure.web.ResourceProperties org.springframework.boot.autoconfigure.web.WebMvcAutoConfiguration$WebMvcAutoConfigurationAdapter.resourceProperties
10:13:59.313 [main] DEBUG o.s.b.f.s.DefaultListableBeanFactory - Returning cached instance of singleton bean 'spring.resources.CONFIGURATION_PROPERTIES'
10:13:59.313 [main] DEBUG o.s.b.f.a.AutowiredAnnotationBeanPostProcessor - Autowiring by type from bean name 'appWebMvcConfig' to bean named 'spring.resources.CONFIGURATION_PROPERTIES'
10:13:59.313 [main] DEBUG o.s.b.f.annotation.InjectionMetadata - Processing injected element of bean 'appWebMvcConfig': AutowiredFieldElement for private org.springframework.boot.autoconfigure.web.WebMvcProperties org.springframework.boot.autoconfigure.web.WebMvcAutoConfiguration$WebMvcAutoConfigurationAdapter.mvcProperties
10:13:59.313 [main] DEBUG o.s.b.f.s.DefaultListableBeanFactory - Returning cached instance of singleton bean 'spring.mvc.CONFIGURATION_PROPERTIES'
10:13:59.313 [main] DEBUG o.s.b.f.a.AutowiredAnnotationBeanPostProcessor - Autowiring by type from bean name 'appWebMvcConfig' to bean named 'spring.mvc.CONFIGURATION_PROPERTIES'
10:13:59.313 [main] DEBUG o.s.b.f.annotation.InjectionMetadata - Processing injected element of bean 'appWebMvcConfig': AutowiredFieldElement for private org.springframework.beans.factory.ListableBeanFactory org.springframework.boot.autoconfigure.web.WebMvcAutoConfiguration$WebMvcAutoConfigurationAdapter.beanFactory
10:13:59.313 [main] DEBUG o.s.b.f.a.AutowiredAnnotationBeanPostProcessor - Autowiring by type from bean name 'appWebMvcConfig' to bean named 'org.springframework.beans.factory.support.DefaultListableBeanFactory@5d878b25'
10:13:59.313 [main] DEBUG o.s.b.f.annotation.InjectionMetadata - Processing injected element of bean 'appWebMvcConfig': AutowiredFieldElement for private org.springframework.core.io.ResourceLoader org.springframework.boot.autoconfigure.web.WebMvcAutoConfiguration$WebMvcAutoConfigurationAdapter.resourceLoader
10:13:59.313 [main] DEBUG o.s.b.f.a.AutowiredAnnotationBeanPostProcessor - Autowiring by type from bean name 'appWebMvcConfig' to bean named 'org.springframework.context.support.GenericApplicationContext@4998e74b'
10:13:59.313 [main] DEBUG o.s.b.f.annotation.InjectionMetadata - Processing injected element of bean 'appWebMvcConfig': AutowiredFieldElement for private org.springframework.boot.autoconfigure.web.HttpMessageConverters org.springframework.boot.autoconfigure.web.WebMvcAutoConfiguration$WebMvcAutoConfigurationAdapter.messageConverters
10:13:59.313 [main] DEBUG o.s.b.f.s.DefaultListableBeanFactory - Returning cached instance of singleton bean 'messageConverters'
10:13:59.313 [main] DEBUG o.s.b.f.a.AutowiredAnnotationBeanPostProcessor - Autowiring by type from bean name 'appWebMvcConfig' to bean named 'messageConverters'
10:13:59.313 [main] DEBUG o.s.b.f.annotation.InjectionMetadata - Processing injected element of bean 'appWebMvcConfig': AutowiredFieldElement for private org.springframework.core.env.Environment edu.tamu.framework.config.CoreWebMvcConfig.env
10:13:59.313 [main] DEBUG o.s.b.f.s.DefaultListableBeanFactory - Returning cached instance of singleton bean 'environment'
10:13:59.313 [main] DEBUG o.s.b.f.a.AutowiredAnnotationBeanPostProcessor - Autowiring by type from bean name 'appWebMvcConfig' to bean named 'environment'
10:13:59.313 [main] DEBUG o.s.b.f.annotation.InjectionMetadata - Processing injected element of bean 'appWebMvcConfig': AutowiredFieldElement for private org.springframework.core.env.Environment edu.tamu.app.config.AppWebMvcConfig.env
10:13:59.313 [main] DEBUG o.s.b.f.s.DefaultListableBeanFactory - Returning cached instance of singleton bean 'environment'
10:13:59.313 [main] DEBUG o.s.b.f.a.AutowiredAnnotationBeanPostProcessor - Autowiring by type from bean name 'appWebMvcConfig' to bean named 'environment'
10:13:59.314 [main] DEBUG o.s.b.f.s.DefaultListableBeanFactory - Returning cached instance of singleton bean 'org.springframework.transaction.config.internalTransactionAdvisor'
10:13:59.314 [main] DEBUG o.s.b.f.s.DefaultListableBeanFactory - Returning cached instance of singleton bean 'org.springframework.transaction.config.internalTransactionAdvisor'
10:13:59.315 [main] DEBUG o.s.s.a.ScheduledAnnotationBeanPostProcessor - No @Scheduled annotations found on bean class: class edu.tamu.app.config.AppWebMvcConfig$$EnhancerBySpringCGLIB$$6a39926
10:13:59.316 [main] DEBUG o.s.b.f.s.DefaultListableBeanFactory - Finished creating instance of bean 'appWebMvcConfig'
10:13:59.316 [main] DEBUG o.s.b.f.s.DefaultListableBeanFactory - Creating shared instance of singleton bean 'org.springframework.security.config.annotation.web.servlet.configuration.WebMvcSecurityConfiguration'
10:13:59.316 [main] DEBUG o.s.b.f.s.DefaultListableBeanFactory - Creating instance of bean 'org.springframework.security.config.annotation.web.servlet.configuration.WebMvcSecurityConfiguration'
10:13:59.316 [main] DEBUG o.s.b.f.s.DefaultListableBeanFactory - Returning cached instance of singleton bean 'org.springframework.transaction.config.internalTransactionAdvisor'
10:13:59.316 [main] DEBUG o.s.b.f.s.DefaultListableBeanFactory - Eagerly caching bean 'org.springframework.security.config.annotation.web.servlet.configuration.WebMvcSecurityConfiguration' to allow for resolving potential circular references
10:13:59.316 [main] DEBUG o.s.b.f.s.DefaultListableBeanFactory - Returning cached instance of singleton bean 'org.springframework.transaction.config.internalTransactionAdvisor'
10:13:59.316 [main] DEBUG o.s.b.f.s.DefaultListableBeanFactory - Returning cached instance of singleton bean 'org.springframework.transaction.config.internalTransactionAdvisor'
10:13:59.317 [main] DEBUG o.s.s.a.ScheduledAnnotationBeanPostProcessor - No @Scheduled annotations found on bean class: class org.springframework.security.config.annotation.web.servlet.configuration.WebMvcSecurityConfiguration$$EnhancerBySpringCGLIB$$343e81b6
10:13:59.317 [main] DEBUG o.s.b.f.s.DefaultListableBeanFactory - Finished creating instance of bean 'org.springframework.security.config.annotation.web.servlet.configuration.WebMvcSecurityConfiguration'
10:13:59.318 [main] DEBUG o.s.b.f.a.AutowiredAnnotationBeanPostProcessor - Autowiring by type from bean name 'org.springframework.boot.autoconfigure.web.WebMvcAutoConfiguration$EnableWebMvcConfiguration' to bean named 'coreWebAppConfig'
10:13:59.318 [main] DEBUG o.s.b.f.a.AutowiredAnnotationBeanPostProcessor - Autowiring by type from bean name 'org.springframework.boot.autoconfigure.web.WebMvcAutoConfiguration$EnableWebMvcConfiguration' to bean named 'coreWebMvcConfig'
10:13:59.318 [main] DEBUG o.s.b.f.a.AutowiredAnnotationBeanPostProcessor - Autowiring by type from bean name 'org.springframework.boot.autoconfigure.web.WebMvcAutoConfiguration$EnableWebMvcConfiguration' to bean named 'appConfig'
10:13:59.318 [main] DEBUG o.s.b.f.a.AutowiredAnnotationBeanPostProcessor - Autowiring by type from bean name 'org.springframework.boot.autoconfigure.web.WebMvcAutoConfiguration$EnableWebMvcConfiguration' to bean named 'appWebMvcConfig'
10:13:59.318 [main] DEBUG o.s.b.f.a.AutowiredAnnotationBeanPostProcessor - Autowiring by type from bean name 'org.springframework.boot.autoconfigure.web.WebMvcAutoConfiguration$EnableWebMvcConfiguration' to bean named 'org.springframework.security.config.annotation.web.servlet.configuration.WebMvcSecurityConfiguration'
10:13:59.318 [main] DEBUG o.s.b.f.annotation.InjectionMetadata - Processing injected element of bean 'org.springframework.boot.autoconfigure.web.WebMvcAutoConfiguration$EnableWebMvcConfiguration': AutowiredFieldElement for private org.springframework.boot.autoconfigure.web.WebMvcProperties org.springframework.boot.autoconfigure.web.WebMvcAutoConfiguration$EnableWebMvcConfiguration.mvcProperties
10:13:59.318 [main] DEBUG o.s.b.f.s.DefaultListableBeanFactory - Returning cached instance of singleton bean 'spring.mvc.CONFIGURATION_PROPERTIES'
10:13:59.318 [main] DEBUG o.s.b.f.a.AutowiredAnnotationBeanPostProcessor - Autowiring by type from bean name 'org.springframework.boot.autoconfigure.web.WebMvcAutoConfiguration$EnableWebMvcConfiguration' to bean named 'spring.mvc.CONFIGURATION_PROPERTIES'
10:13:59.318 [main] DEBUG o.s.b.f.s.DefaultListableBeanFactory - Returning cached instance of singleton bean 'org.springframework.transaction.config.internalTransactionAdvisor'
10:13:59.318 [main] DEBUG o.s.b.f.s.DefaultListableBeanFactory - Returning cached instance of singleton bean 'org.springframework.transaction.config.internalTransactionAdvisor'
10:13:59.321 [main] DEBUG o.s.s.a.ScheduledAnnotationBeanPostProcessor - No @Scheduled annotations found on bean class: class org.springframework.boot.autoconfigure.web.WebMvcAutoConfiguration$EnableWebMvcConfiguration$$EnhancerBySpringCGLIB$$a721489f
10:13:59.321 [main] DEBUG o.s.b.f.s.DefaultListableBeanFactory - Finished creating instance of bean 'org.springframework.boot.autoconfigure.web.WebMvcAutoConfiguration$EnableWebMvcConfiguration'
10:13:59.322 [main] DEBUG o.s.b.f.s.DefaultListableBeanFactory - Eagerly caching bean 'mvcContentNegotiationManager' to allow for resolving potential circular references
10:13:59.322 [main] DEBUG o.s.b.f.s.DefaultListableBeanFactory - Returning cached instance of singleton bean 'org.springframework.transaction.config.internalTransactionAdvisor'
10:13:59.322 [main] DEBUG o.s.b.f.s.DefaultListableBeanFactory - Returning cached instance of singleton bean 'org.springframework.transaction.config.internalTransactionAdvisor'
10:13:59.322 [main] DEBUG o.s.s.a.ScheduledAnnotationBeanPostProcessor - No @Scheduled annotations found on bean class: class org.springframework.web.accept.ContentNegotiationManager
10:13:59.322 [main] DEBUG o.s.b.f.s.DefaultListableBeanFactory - Finished creating instance of bean 'mvcContentNegotiationManager'
10:13:59.322 [main] DEBUG o.s.b.f.a.AutowiredAnnotationBeanPostProcessor - Autowiring by type from bean name 'coreSecurityConfig' to bean named 'mvcContentNegotiationManager'
10:13:59.322 [main] DEBUG o.s.b.f.annotation.InjectionMetadata - Processing injected element of bean 'coreSecurityConfig': AutowiredMethodElement for public void org.springframework.security.config.annotation.web.configuration.WebSecurityConfigurerAdapter.setAuthenticationConfiguration(org.springframework.security.config.annotation.authentication.configuration.AuthenticationConfiguration)
10:13:59.323 [main] DEBUG o.s.b.f.s.DefaultListableBeanFactory - Creating shared instance of singleton bean 'org.springframework.security.config.annotation.authentication.configuration.AuthenticationConfiguration'
10:13:59.323 [main] DEBUG o.s.b.f.s.DefaultListableBeanFactory - Creating instance of bean 'org.springframework.security.config.annotation.authentication.configuration.AuthenticationConfiguration'
10:13:59.323 [main] DEBUG o.s.b.f.s.DefaultListableBeanFactory - Returning cached instance of singleton bean 'org.springframework.transaction.config.internalTransactionAdvisor'
10:13:59.324 [main] DEBUG o.s.b.f.annotation.InjectionMetadata - Registered injected element on class [org.springframework.security.config.annotation.authentication.configuration.AuthenticationConfiguration$$EnhancerBySpringCGLIB$$42095c85]: AutowiredMethodElement for public void org.springframework.security.config.annotation.authentication.configuration.AuthenticationConfiguration.setApplicationContext(org.springframework.context.ApplicationContext)
10:13:59.324 [main] DEBUG o.s.b.f.annotation.InjectionMetadata - Registered injected element on class [org.springframework.security.config.annotation.authentication.configuration.AuthenticationConfiguration$$EnhancerBySpringCGLIB$$42095c85]: AutowiredMethodElement for public void org.springframework.security.config.annotation.authentication.configuration.AuthenticationConfiguration.setGlobalAuthenticationConfigurers(java.util.List) throws java.lang.Exception
10:13:59.324 [main] DEBUG o.s.b.f.annotation.InjectionMetadata - Registered injected element on class [org.springframework.security.config.annotation.authentication.configuration.AuthenticationConfiguration$$EnhancerBySpringCGLIB$$42095c85]: AutowiredMethodElement for public void org.springframework.security.config.annotation.authentication.configuration.AuthenticationConfiguration.setObjectPostProcessor(org.springframework.security.config.annotation.ObjectPostProcessor)
10:13:59.324 [main] DEBUG o.s.b.f.s.DefaultListableBeanFactory - Eagerly caching bean 'org.springframework.security.config.annotation.authentication.configuration.AuthenticationConfiguration' to allow for resolving potential circular references
10:13:59.324 [main] DEBUG o.s.b.f.annotation.InjectionMetadata - Processing injected element of bean 'org.springframework.security.config.annotation.authentication.configuration.AuthenticationConfiguration': AutowiredMethodElement for public void org.springframework.security.config.annotation.authentication.configuration.AuthenticationConfiguration.setApplicationContext(org.springframework.context.ApplicationContext)
10:13:59.325 [main] DEBUG o.s.b.f.a.AutowiredAnnotationBeanPostProcessor - Autowiring by type from bean name 'org.springframework.security.config.annotation.authentication.configuration.AuthenticationConfiguration' to bean named 'org.springframework.context.support.GenericApplicationContext@4998e74b'
10:13:59.325 [main] DEBUG o.s.b.f.annotation.InjectionMetadata - Processing injected element of bean 'org.springframework.security.config.annotation.authentication.configuration.AuthenticationConfiguration': AutowiredMethodElement for public void org.springframework.security.config.annotation.authentication.configuration.AuthenticationConfiguration.setGlobalAuthenticationConfigurers(java.util.List) throws java.lang.Exception
10:13:59.326 [main] DEBUG o.s.b.f.s.DefaultListableBeanFactory - Creating shared instance of singleton bean 'enableGlobalAuthenticationAutowiredConfigurer'
10:13:59.326 [main] DEBUG o.s.b.f.s.DefaultListableBeanFactory - Creating instance of bean 'enableGlobalAuthenticationAutowiredConfigurer'
10:13:59.326 [main] DEBUG o.s.b.f.s.DefaultListableBeanFactory - Returning cached instance of singleton bean 'org.springframework.transaction.config.internalTransactionAdvisor'
10:13:59.326 [main] DEBUG o.s.b.f.s.DefaultListableBeanFactory - Autowiring by type from bean name 'enableGlobalAuthenticationAutowiredConfigurer' via factory method to bean named 'org.springframework.context.support.GenericApplicationContext@4998e74b'
10:13:59.327 [main] DEBUG o.s.b.f.s.DefaultListableBeanFactory - Eagerly caching bean 'enableGlobalAuthenticationAutowiredConfigurer' to allow for resolving potential circular references
10:13:59.327 [main] DEBUG o.s.b.f.s.DefaultListableBeanFactory - Returning cached instance of singleton bean 'org.springframework.transaction.config.internalTransactionAdvisor'
10:13:59.327 [main] DEBUG o.s.b.f.s.DefaultListableBeanFactory - Returning cached instance of singleton bean 'org.springframework.transaction.config.internalTransactionAdvisor'
10:13:59.328 [main] DEBUG o.s.s.a.ScheduledAnnotationBeanPostProcessor - No @Scheduled annotations found on bean class: class org.springframework.security.config.annotation.authentication.configuration.AuthenticationConfiguration$EnableGlobalAuthenticationAutowiredConfigurer
10:13:59.329 [main] DEBUG o.s.b.f.s.DefaultListableBeanFactory - Finished creating instance of bean 'enableGlobalAuthenticationAutowiredConfigurer'
10:13:59.329 [main] DEBUG o.s.b.f.s.DefaultListableBeanFactory - Creating shared instance of singleton bean 'springBootAuthenticationConfigurerAdapter'
10:13:59.329 [main] DEBUG o.s.b.f.s.DefaultListableBeanFactory - Creating instance of bean 'springBootAuthenticationConfigurerAdapter'
10:13:59.329 [main] DEBUG o.s.b.f.s.DefaultListableBeanFactory - Returning cached instance of singleton bean 'org.springframework.transaction.config.internalTransactionAdvisor'
10:13:59.330 [main] DEBUG o.s.b.f.s.DefaultListableBeanFactory - Creating shared instance of singleton bean 'securityProperties'
10:13:59.330 [main] DEBUG o.s.b.f.s.DefaultListableBeanFactory - Creating instance of bean 'securityProperties'
10:13:59.330 [main] DEBUG o.s.b.f.s.DefaultListableBeanFactory - Returning cached instance of singleton bean 'org.springframework.transaction.config.internalTransactionAdvisor'
10:13:59.330 [main] DEBUG o.s.b.f.s.DefaultListableBeanFactory - Creating shared instance of singleton bean 'org.springframework.boot.autoconfigure.security.SecurityAutoConfiguration'
10:13:59.330 [main] DEBUG o.s.b.f.s.DefaultListableBeanFactory - Creating instance of bean 'org.springframework.boot.autoconfigure.security.SecurityAutoConfiguration'
10:13:59.330 [main] DEBUG o.s.b.f.s.DefaultListableBeanFactory - Returning cached instance of singleton bean 'org.springframework.transaction.config.internalTransactionAdvisor'
10:13:59.330 [main] DEBUG o.s.b.f.s.DefaultListableBeanFactory - Eagerly caching bean 'org.springframework.boot.autoconfigure.security.SecurityAutoConfiguration' to allow for resolving potential circular references
10:13:59.330 [main] DEBUG o.s.b.f.s.DefaultListableBeanFactory - Returning cached instance of singleton bean 'org.springframework.transaction.config.internalTransactionAdvisor'
10:13:59.330 [main] DEBUG o.s.b.f.s.DefaultListableBeanFactory - Returning cached instance of singleton bean 'org.springframework.transaction.config.internalTransactionAdvisor'
10:13:59.331 [main] DEBUG o.s.s.a.ScheduledAnnotationBeanPostProcessor - No @Scheduled annotations found on bean class: class org.springframework.boot.autoconfigure.security.SecurityAutoConfiguration$$EnhancerBySpringCGLIB$$f033cbe0
10:13:59.331 [main] DEBUG o.s.b.f.s.DefaultListableBeanFactory - Finished creating instance of bean 'org.springframework.boot.autoconfigure.security.SecurityAutoConfiguration'
10:13:59.331 [main] DEBUG o.s.b.f.s.DefaultListableBeanFactory - Eagerly caching bean 'securityProperties' to allow for resolving potential circular references
10:13:59.332 [main] DEBUG o.s.core.env.MutablePropertySources - Adding [systemProperties] PropertySource with lowest search precedence
10:13:59.332 [main] DEBUG o.s.core.env.MutablePropertySources - Adding [systemEnvironment] PropertySource with lowest search precedence
10:13:59.332 [main] DEBUG o.s.core.env.MutablePropertySources - Adding [class path resource [config/application.properties]] PropertySource with lowest search precedence
10:13:59.332 [main] DEBUG o.s.core.env.MutablePropertySources - Adding [localProperties] PropertySource with lowest search precedence
10:13:59.332 [main] DEBUG o.s.core.env.MutablePropertySources - Adding [systemProperties] PropertySource with lowest search precedence
10:13:59.332 [main] DEBUG o.s.core.env.MutablePropertySources - Adding [systemEnvironment] PropertySource with lowest search precedence
10:13:59.332 [main] DEBUG o.s.core.env.MutablePropertySources - Adding [class path resource [config/application.properties]] PropertySource with lowest search precedence
10:13:59.332 [main] DEBUG o.s.core.env.MutablePropertySources - Adding [localProperties] PropertySource with lowest search precedence
10:13:59.332 [main] DEBUG o.s.c.e.PropertySourcesPropertyResolver - Searching for key 'app.security.jwt.secret_key' in [systemProperties]
10:13:59.332 [main] DEBUG o.s.c.e.PropertySourcesPropertyResolver - Searching for key 'app.security.jwt.secret_key' in [systemEnvironment]
10:13:59.332 [main] DEBUG o.s.c.e.PropertySourcesPropertyResolver - Searching for key 'app.security.jwt.secret_key' in [class path resource [config/application.properties]]
10:13:59.332 [main] DEBUG o.s.c.e.PropertySourcesPropertyResolver - Found key 'app.security.jwt.secret_key' in [class path resource [config/application.properties]] with type [String] and value 'verysecretsecret'
10:13:59.332 [main] DEBUG o.s.core.env.MutablePropertySources - Adding [systemProperties] PropertySource with lowest search precedence
10:13:59.332 [main] DEBUG o.s.core.env.MutablePropertySources - Adding [systemEnvironment] PropertySource with lowest search precedence
10:13:59.332 [main] DEBUG o.s.core.env.MutablePropertySources - Adding [class path resource [config/application.properties]] PropertySource with lowest search precedence
10:13:59.332 [main] DEBUG o.s.core.env.MutablePropertySources - Adding [localProperties] PropertySource with lowest search precedence
10:13:59.332 [main] DEBUG o.s.c.e.PropertySourcesPropertyResolver - Searching for key 'app.whitelist' in [systemProperties]
10:13:59.332 [main] DEBUG o.s.c.e.PropertySourcesPropertyResolver - Searching for key 'app.whitelist' in [systemEnvironment]
10:13:59.332 [main] DEBUG o.s.c.e.PropertySourcesPropertyResolver - Searching for key 'app.whitelist' in [class path resource [config/application.properties]]
10:13:59.332 [main] DEBUG o.s.c.e.PropertySourcesPropertyResolver - Found key 'app.whitelist' in [class path resource [config/application.properties]] with type [String] and value '127.0.0.1'
10:13:59.332 [main] DEBUG o.s.core.env.MutablePropertySources - Adding [systemProperties] PropertySource with lowest search precedence
10:13:59.332 [main] DEBUG o.s.core.env.MutablePropertySources - Adding [systemEnvironment] PropertySource with lowest search precedence
10:13:59.332 [main] DEBUG o.s.core.env.MutablePropertySources - Adding [class path resource [config/application.properties]] PropertySource with lowest search precedence
10:13:59.332 [main] DEBUG o.s.core.env.MutablePropertySources - Adding [localProperties] PropertySource with lowest search precedence
10:13:59.332 [main] DEBUG o.s.c.e.PropertySourcesPropertyResolver - Searching for key 'app.email.address' in [systemProperties]
10:13:59.332 [main] DEBUG o.s.c.e.PropertySourcesPropertyResolver - Searching for key 'app.email.address' in [systemEnvironment]
10:13:59.332 [main] DEBUG o.s.c.e.PropertySourcesPropertyResolver - Searching for key 'app.email.address' in [class path resource [config/application.properties]]
10:13:59.332 [main] DEBUG o.s.c.e.PropertySourcesPropertyResolver - Found key 'app.email.address' in [class path resource [config/application.properties]] with type [String] and value 'dhahn@library.tamu.edu'
10:13:59.332 [main] DEBUG o.s.core.env.MutablePropertySources - Adding [systemProperties] PropertySource with lowest search precedence
10:13:59.332 [main] DEBUG o.s.core.env.MutablePropertySources - Adding [systemEnvironment] PropertySource with lowest search precedence
10:13:59.332 [main] DEBUG o.s.core.env.MutablePropertySources - Adding [class path resource [config/application.properties]] PropertySource with lowest search precedence
10:13:59.332 [main] DEBUG o.s.core.env.MutablePropertySources - Adding [localProperties] PropertySource with lowest search precedence
10:13:59.332 [main] DEBUG o.s.c.e.PropertySourcesPropertyResolver - Searching for key 'app.service.voyager.app' in [systemProperties]
10:13:59.332 [main] DEBUG o.s.c.e.PropertySourcesPropertyResolver - Searching for key 'app.service.voyager.app' in [systemEnvironment]
10:13:59.333 [main] DEBUG o.s.c.e.PropertySourcesPropertyResolver - Searching for key 'app.service.voyager.app' in [class path resource [config/application.properties]]
10:13:59.333 [main] DEBUG o.s.c.e.PropertySourcesPropertyResolver - Found key 'app.service.voyager.app' in [class path resource [config/application.properties]] with type [String] and value 'vxws'
10:13:59.333 [main] DEBUG o.s.core.env.MutablePropertySources - Adding [systemProperties] PropertySource with lowest search precedence
10:13:59.333 [main] DEBUG o.s.core.env.MutablePropertySources - Adding [systemEnvironment] PropertySource with lowest search precedence
10:13:59.333 [main] DEBUG o.s.core.env.MutablePropertySources - Adding [class path resource [config/application.properties]] PropertySource with lowest search precedence
10:13:59.333 [main] DEBUG o.s.core.env.MutablePropertySources - Adding [localProperties] PropertySource with lowest search precedence
10:13:59.333 [main] DEBUG o.s.c.e.PropertySourcesPropertyResolver - Searching for key 'spring.datasource.test-on-borrow' in [systemProperties]
10:13:59.333 [main] DEBUG o.s.c.e.PropertySourcesPropertyResolver - Searching for key 'spring.datasource.test-on-borrow' in [systemEnvironment]
10:13:59.333 [main] DEBUG o.s.c.e.PropertySourcesPropertyResolver - Searching for key 'spring.datasource.test-on-borrow' in [class path resource [config/application.properties]]
10:13:59.333 [main] DEBUG o.s.c.e.PropertySourcesPropertyResolver - Found key 'spring.datasource.test-on-borrow' in [class path resource [config/application.properties]] with type [String] and value 'true'
10:13:59.333 [main] DEBUG o.s.core.env.MutablePropertySources - Adding [systemProperties] PropertySource with lowest search precedence
10:13:59.333 [main] DEBUG o.s.core.env.MutablePropertySources - Adding [systemEnvironment] PropertySource with lowest search precedence
10:13:59.333 [main] DEBUG o.s.core.env.MutablePropertySources - Adding [class path resource [config/application.properties]] PropertySource with lowest search precedence
10:13:59.333 [main] DEBUG o.s.core.env.MutablePropertySources - Adding [localProperties] PropertySource with lowest search precedence
10:13:59.333 [main] DEBUG o.s.c.e.PropertySourcesPropertyResolver - Searching for key 'shib.email' in [systemProperties]
10:13:59.333 [main] DEBUG o.s.c.e.PropertySourcesPropertyResolver - Searching for key 'shib.email' in [systemEnvironment]
10:13:59.333 [main] DEBUG o.s.c.e.PropertySourcesPropertyResolver - Searching for key 'shib.email' in [class path resource [config/application.properties]]
10:13:59.333 [main] DEBUG o.s.c.e.PropertySourcesPropertyResolver - Found key 'shib.email' in [class path resource [config/application.properties]] with type [String] and value 'tdl-mail'
10:13:59.333 [main] DEBUG o.s.core.env.MutablePropertySources - Adding [systemProperties] PropertySource with lowest search precedence
10:13:59.333 [main] DEBUG o.s.core.env.MutablePropertySources - Adding [systemEnvironment] PropertySource with lowest search precedence
10:13:59.333 [main] DEBUG o.s.core.env.MutablePropertySources - Adding [class path resource [config/application.properties]] PropertySource with lowest search precedence
10:13:59.333 [main] DEBUG o.s.core.env.MutablePropertySources - Adding [localProperties] PropertySource with lowest search precedence
10:13:59.333 [main] DEBUG o.s.c.e.PropertySourcesPropertyResolver - Searching for key 'spring.datasource.url' in [systemProperties]
10:13:59.333 [main] DEBUG o.s.c.e.PropertySourcesPropertyResolver - Searching for key 'spring.datasource.url' in [systemEnvironment]
10:13:59.333 [main] DEBUG o.s.c.e.PropertySourcesPropertyResolver - Searching for key 'spring.datasource.url' in [class path resource [config/application.properties]]
10:13:59.333 [main] DEBUG o.s.c.e.PropertySourcesPropertyResolver - Found key 'spring.datasource.url' in [class path resource [config/application.properties]] with type [String] and value 'jdbc:postgresql://localhost:5432/spring_seed'
10:13:59.333 [main] DEBUG o.s.core.env.MutablePropertySources - Adding [systemProperties] PropertySource with lowest search precedence
10:13:59.333 [main] DEBUG o.s.core.env.MutablePropertySources - Adding [systemEnvironment] PropertySource with lowest search precedence
10:13:59.333 [main] DEBUG o.s.core.env.MutablePropertySources - Adding [class path resource [config/application.properties]] PropertySource with lowest search precedence
10:13:59.333 [main] DEBUG o.s.core.env.MutablePropertySources - Adding [localProperties] PropertySource with lowest search precedence
10:13:59.333 [main] DEBUG o.s.c.e.PropertySourcesPropertyResolver - Searching for key 'shib.netid' in [systemProperties]
10:13:59.333 [main] DEBUG o.s.c.e.PropertySourcesPropertyResolver - Searching for key 'shib.netid' in [systemEnvironment]
10:13:59.333 [main] DEBUG o.s.c.e.PropertySourcesPropertyResolver - Searching for key 'shib.netid' in [class path resource [config/application.properties]]
10:13:59.333 [main] DEBUG o.s.c.e.PropertySourcesPropertyResolver - Found key 'shib.netid' in [class path resource [config/application.properties]] with type [String] and value 'edupersonprincipalnameunscoped'
10:13:59.333 [main] DEBUG o.s.core.env.MutablePropertySources - Adding [systemProperties] PropertySource with lowest search precedence
10:13:59.333 [main] DEBUG o.s.core.env.MutablePropertySources - Adding [systemEnvironment] PropertySource with lowest search precedence
10:13:59.333 [main] DEBUG o.s.core.env.MutablePropertySources - Adding [class path resource [config/application.properties]] PropertySource with lowest search precedence
10:13:59.333 [main] DEBUG o.s.core.env.MutablePropertySources - Adding [localProperties] PropertySource with lowest search precedence
10:13:59.333 [main] DEBUG o.s.c.e.PropertySourcesPropertyResolver - Searching for key 'shib.keys' in [systemProperties]
10:13:59.333 [main] DEBUG o.s.c.e.PropertySourcesPropertyResolver - Searching for key 'shib.keys' in [systemEnvironment]
10:13:59.333 [main] DEBUG o.s.c.e.PropertySourcesPropertyResolver - Searching for key 'shib.keys' in [class path resource [config/application.properties]]
10:13:59.333 [main] DEBUG o.s.c.e.PropertySourcesPropertyResolver - Found key 'shib.keys' in [class path resource [config/application.properties]] with type [String] and value 'netid,uin,lastName,firstName,email'
10:13:59.333 [main] DEBUG o.s.core.env.MutablePropertySources - Adding [systemProperties] PropertySource with lowest search precedence
10:13:59.333 [main] DEBUG o.s.core.env.MutablePropertySources - Adding [systemEnvironment] PropertySource with lowest search precedence
10:13:59.333 [main] DEBUG o.s.core.env.MutablePropertySources - Adding [class path resource [config/application.properties]] PropertySource with lowest search precedence
10:13:59.333 [main] DEBUG o.s.core.env.MutablePropertySources - Adding [localProperties] PropertySource with lowest search precedence
10:13:59.333 [main] DEBUG o.s.c.e.PropertySourcesPropertyResolver - Searching for key 'spring.datasource.password' in [systemProperties]
10:13:59.333 [main] DEBUG o.s.c.e.PropertySourcesPropertyResolver - Searching for key 'spring.datasource.password' in [systemEnvironment]
10:13:59.333 [main] DEBUG o.s.c.e.PropertySourcesPropertyResolver - Searching for key 'spring.datasource.password' in [class path resource [config/application.properties]]
10:13:59.333 [main] DEBUG o.s.c.e.PropertySourcesPropertyResolver - Found key 'spring.datasource.password' in [class path resource [config/application.properties]] with type [String] and value 'spring'
10:13:59.333 [main] DEBUG o.s.core.env.MutablePropertySources - Adding [systemProperties] PropertySource with lowest search precedence
10:13:59.333 [main] DEBUG o.s.core.env.MutablePropertySources - Adding [systemEnvironment] PropertySource with lowest search precedence
10:13:59.333 [main] DEBUG o.s.core.env.MutablePropertySources - Adding [class path resource [config/application.properties]] PropertySource with lowest search precedence
10:13:59.333 [main] DEBUG o.s.core.env.MutablePropertySources - Adding [localProperties] PropertySource with lowest search precedence
10:13:59.333 [main] DEBUG o.s.c.e.PropertySourcesPropertyResolver - Searching for key 'spring.jpa.database-platform' in [systemProperties]
10:13:59.333 [main] DEBUG o.s.c.e.PropertySourcesPropertyResolver - Searching for key 'spring.jpa.database-platform' in [systemEnvironment]
10:13:59.333 [main] DEBUG o.s.c.e.PropertySourcesPropertyResolver - Searching for key 'spring.jpa.database-platform' in [class path resource [config/application.properties]]
10:13:59.334 [main] DEBUG o.s.c.e.PropertySourcesPropertyResolver - Found key 'spring.jpa.database-platform' in [class path resource [config/application.properties]] with type [String] and value 'org.hibernate.dialect.PostgreSQLDialect'
10:13:59.334 [main] DEBUG o.s.core.env.MutablePropertySources - Adding [systemProperties] PropertySource with lowest search precedence
10:13:59.334 [main] DEBUG o.s.core.env.MutablePropertySources - Adding [systemEnvironment] PropertySource with lowest search precedence
10:13:59.334 [main] DEBUG o.s.core.env.MutablePropertySources - Adding [class path resource [config/application.properties]] PropertySource with lowest search precedence
10:13:59.334 [main] DEBUG o.s.core.env.MutablePropertySources - Adding [localProperties] PropertySource with lowest search precedence
10:13:59.334 [main] DEBUG o.s.c.e.PropertySourcesPropertyResolver - Searching for key 'spring.jpa.show_sql' in [systemProperties]
10:13:59.334 [main] DEBUG o.s.c.e.PropertySourcesPropertyResolver - Searching for key 'spring.jpa.show_sql' in [systemEnvironment]
10:13:59.334 [main] DEBUG o.s.c.e.PropertySourcesPropertyResolver - Searching for key 'spring.jpa.show_sql' in [class path resource [config/application.properties]]
10:13:59.334 [main] DEBUG o.s.c.e.PropertySourcesPropertyResolver - Found key 'spring.jpa.show_sql' in [class path resource [config/application.properties]] with type [String] and value 'false'
10:13:59.334 [main] DEBUG o.s.core.env.MutablePropertySources - Adding [systemProperties] PropertySource with lowest search precedence
10:13:59.334 [main] DEBUG o.s.core.env.MutablePropertySources - Adding [systemEnvironment] PropertySource with lowest search precedence
10:13:59.334 [main] DEBUG o.s.core.env.MutablePropertySources - Adding [class path resource [config/application.properties]] PropertySource with lowest search precedence
10:13:59.334 [main] DEBUG o.s.core.env.MutablePropertySources - Adding [localProperties] PropertySource with lowest search precedence
10:13:59.334 [main] DEBUG o.s.c.e.PropertySourcesPropertyResolver - Searching for key 'app.service.voyager.ports' in [systemProperties]
10:13:59.334 [main] DEBUG o.s.c.e.PropertySourcesPropertyResolver - Searching for key 'app.service.voyager.ports' in [systemEnvironment]
10:13:59.334 [main] DEBUG o.s.c.e.PropertySourcesPropertyResolver - Searching for key 'app.service.voyager.ports' in [class path resource [config/application.properties]]
10:13:59.334 [main] DEBUG o.s.c.e.PropertySourcesPropertyResolver - Found key 'app.service.voyager.ports' in [class path resource [config/application.properties]] with type [String] and value '7014,7414'
10:13:59.334 [main] DEBUG o.s.core.env.MutablePropertySources - Adding [systemProperties] PropertySource with lowest search precedence
10:13:59.334 [main] DEBUG o.s.core.env.MutablePropertySources - Adding [systemEnvironment] PropertySource with lowest search precedence
10:13:59.334 [main] DEBUG o.s.core.env.MutablePropertySources - Adding [class path resource [config/application.properties]] PropertySource with lowest search precedence
10:13:59.334 [main] DEBUG o.s.core.env.MutablePropertySources - Adding [localProperties] PropertySource with lowest search precedence
10:13:59.334 [main] DEBUG o.s.c.e.PropertySourcesPropertyResolver - Searching for key 'spring.datasource.validation-query' in [systemProperties]
10:13:59.334 [main] DEBUG o.s.c.e.PropertySourcesPropertyResolver - Searching for key 'spring.datasource.validation-query' in [systemEnvironment]
10:13:59.334 [main] DEBUG o.s.c.e.PropertySourcesPropertyResolver - Searching for key 'spring.datasource.validation-query' in [class path resource [config/application.properties]]
10:13:59.334 [main] DEBUG o.s.c.e.PropertySourcesPropertyResolver - Found key 'spring.datasource.validation-query' in [class path resource [config/application.properties]] with type [String] and value 'select version();'
10:13:59.334 [main] DEBUG o.s.core.env.MutablePropertySources - Adding [systemProperties] PropertySource with lowest search precedence
10:13:59.334 [main] DEBUG o.s.core.env.MutablePropertySources - Adding [systemEnvironment] PropertySource with lowest search precedence
10:13:59.334 [main] DEBUG o.s.core.env.MutablePropertySources - Adding [class path resource [config/application.properties]] PropertySource with lowest search precedence
10:13:59.334 [main] DEBUG o.s.core.env.MutablePropertySources - Adding [localProperties] PropertySource with lowest search precedence
10:13:59.334 [main] DEBUG o.s.c.e.PropertySourcesPropertyResolver - Searching for key 'shib.firstName' in [systemProperties]
10:13:59.334 [main] DEBUG o.s.c.e.PropertySourcesPropertyResolver - Searching for key 'shib.firstName' in [systemEnvironment]
10:13:59.334 [main] DEBUG o.s.c.e.PropertySourcesPropertyResolver - Searching for key 'shib.firstName' in [class path resource [config/application.properties]]
10:13:59.334 [main] DEBUG o.s.c.e.PropertySourcesPropertyResolver - Found key 'shib.firstName' in [class path resource [config/application.properties]] with type [String] and value 'tdl-givenname'
10:13:59.334 [main] DEBUG o.s.core.env.MutablePropertySources - Adding [systemProperties] PropertySource with lowest search precedence
10:13:59.334 [main] DEBUG o.s.core.env.MutablePropertySources - Adding [systemEnvironment] PropertySource with lowest search precedence
10:13:59.334 [main] DEBUG o.s.core.env.MutablePropertySources - Adding [class path resource [config/application.properties]] PropertySource with lowest search precedence
10:13:59.334 [main] DEBUG o.s.core.env.MutablePropertySources - Adding [localProperties] PropertySource with lowest search precedence
10:13:59.334 [main] DEBUG o.s.c.e.PropertySourcesPropertyResolver - Searching for key 'shib.uin' in [systemProperties]
10:13:59.334 [main] DEBUG o.s.c.e.PropertySourcesPropertyResolver - Searching for key 'shib.uin' in [systemEnvironment]
10:13:59.334 [main] DEBUG o.s.c.e.PropertySourcesPropertyResolver - Searching for key 'shib.uin' in [class path resource [config/application.properties]]
10:13:59.334 [main] DEBUG o.s.c.e.PropertySourcesPropertyResolver - Found key 'shib.uin' in [class path resource [config/application.properties]] with type [String] and value 'tamuuin'
10:13:59.334 [main] DEBUG o.s.core.env.MutablePropertySources - Adding [systemProperties] PropertySource with lowest search precedence
10:13:59.334 [main] DEBUG o.s.core.env.MutablePropertySources - Adding [systemEnvironment] PropertySource with lowest search precedence
10:13:59.334 [main] DEBUG o.s.core.env.MutablePropertySources - Adding [class path resource [config/application.properties]] PropertySource with lowest search precedence
10:13:59.334 [main] DEBUG o.s.core.env.MutablePropertySources - Adding [localProperties] PropertySource with lowest search precedence
10:13:59.334 [main] DEBUG o.s.c.e.PropertySourcesPropertyResolver - Searching for key 'spring.datasource.defaultAutoCommit' in [systemProperties]
10:13:59.334 [main] DEBUG o.s.c.e.PropertySourcesPropertyResolver - Searching for key 'spring.datasource.defaultAutoCommit' in [systemEnvironment]
10:13:59.334 [main] DEBUG o.s.c.e.PropertySourcesPropertyResolver - Searching for key 'spring.datasource.defaultAutoCommit' in [class path resource [config/application.properties]]
10:13:59.334 [main] DEBUG o.s.c.e.PropertySourcesPropertyResolver - Found key 'spring.datasource.defaultAutoCommit' in [class path resource [config/application.properties]] with type [String] and value 'false'
10:13:59.334 [main] DEBUG o.s.core.env.MutablePropertySources - Adding [systemProperties] PropertySource with lowest search precedence
10:13:59.334 [main] DEBUG o.s.core.env.MutablePropertySources - Adding [systemEnvironment] PropertySource with lowest search precedence
10:13:59.334 [main] DEBUG o.s.core.env.MutablePropertySources - Adding [class path resource [config/application.properties]] PropertySource with lowest search precedence
10:13:59.334 [main] DEBUG o.s.core.env.MutablePropertySources - Adding [localProperties] PropertySource with lowest search precedence
10:13:59.334 [main] DEBUG o.s.c.e.PropertySourcesPropertyResolver - Searching for key 'spring.datasource.username' in [systemProperties]
10:13:59.334 [main] DEBUG o.s.c.e.PropertySourcesPropertyResolver - Searching for key 'spring.datasource.username' in [systemEnvironment]
10:13:59.334 [main] DEBUG o.s.c.e.PropertySourcesPropertyResolver - Searching for key 'spring.datasource.username' in [class path resource [config/application.properties]]
10:13:59.334 [main] DEBUG o.s.c.e.PropertySourcesPropertyResolver - Found key 'spring.datasource.username' in [class path resource [config/application.properties]] with type [String] and value 'spring'
10:13:59.334 [main] DEBUG o.s.core.env.MutablePropertySources - Adding [systemProperties] PropertySource with lowest search precedence
10:13:59.334 [main] DEBUG o.s.core.env.MutablePropertySources - Adding [systemEnvironment] PropertySource with lowest search precedence
10:13:59.334 [main] DEBUG o.s.core.env.MutablePropertySources - Adding [class path resource [config/application.properties]] PropertySource with lowest search precedence
10:13:59.334 [main] DEBUG o.s.core.env.MutablePropertySources - Adding [localProperties] PropertySource with lowest search precedence
10:13:59.334 [main] DEBUG o.s.c.e.PropertySourcesPropertyResolver - Searching for key 'app.service.voyager.host' in [systemProperties]
10:13:59.335 [main] DEBUG o.s.c.e.PropertySourcesPropertyResolver - Searching for key 'app.service.voyager.host' in [systemEnvironment]
10:13:59.335 [main] DEBUG o.s.c.e.PropertySourcesPropertyResolver - Searching for key 'app.service.voyager.host' in [class path resource [config/application.properties]]
10:13:59.335 [main] DEBUG o.s.c.e.PropertySourcesPropertyResolver - Found key 'app.service.voyager.host' in [class path resource [config/application.properties]] with type [String] and value 'surprise.tamu.edu'
10:13:59.335 [main] DEBUG o.s.core.env.MutablePropertySources - Adding [systemProperties] PropertySource with lowest search precedence
10:13:59.335 [main] DEBUG o.s.core.env.MutablePropertySources - Adding [systemEnvironment] PropertySource with lowest search precedence
10:13:59.335 [main] DEBUG o.s.core.env.MutablePropertySources - Adding [class path resource [config/application.properties]] PropertySource with lowest search precedence
10:13:59.335 [main] DEBUG o.s.core.env.MutablePropertySources - Adding [localProperties] PropertySource with lowest search precedence
10:13:59.335 [main] DEBUG o.s.c.e.PropertySourcesPropertyResolver - Searching for key 'logging.level.org.springframework' in [systemProperties]
10:13:59.335 [main] DEBUG o.s.c.e.PropertySourcesPropertyResolver - Searching for key 'logging.level.org.springframework' in [systemEnvironment]
10:13:59.335 [main] DEBUG o.s.c.e.PropertySourcesPropertyResolver - Searching for key 'logging.level.org.springframework' in [class path resource [config/application.properties]]
10:13:59.335 [main] DEBUG o.s.c.e.PropertySourcesPropertyResolver - Found key 'logging.level.org.springframework' in [class path resource [config/application.properties]] with type [String] and value 'INFO'
10:13:59.335 [main] DEBUG o.s.core.env.MutablePropertySources - Adding [systemProperties] PropertySource with lowest search precedence
10:13:59.335 [main] DEBUG o.s.core.env.MutablePropertySources - Adding [systemEnvironment] PropertySource with lowest search precedence
10:13:59.335 [main] DEBUG o.s.core.env.MutablePropertySources - Adding [class path resource [config/application.properties]] PropertySource with lowest search precedence
10:13:59.335 [main] DEBUG o.s.core.env.MutablePropertySources - Adding [localProperties] PropertySource with lowest search precedence
10:13:59.335 [main] DEBUG o.s.c.e.PropertySourcesPropertyResolver - Searching for key 'spring.datasource.driverClassName' in [systemProperties]
10:13:59.335 [main] DEBUG o.s.c.e.PropertySourcesPropertyResolver - Searching for key 'spring.datasource.driverClassName' in [systemEnvironment]
10:13:59.335 [main] DEBUG o.s.c.e.PropertySourcesPropertyResolver - Searching for key 'spring.datasource.driverClassName' in [class path resource [config/application.properties]]
10:13:59.335 [main] DEBUG o.s.c.e.PropertySourcesPropertyResolver - Found key 'spring.datasource.driverClassName' in [class path resource [config/application.properties]] with type [String] and value 'org.postgresql.Driver'
10:13:59.335 [main] DEBUG o.s.core.env.MutablePropertySources - Adding [systemProperties] PropertySource with lowest search precedence
10:13:59.335 [main] DEBUG o.s.core.env.MutablePropertySources - Adding [systemEnvironment] PropertySource with lowest search precedence
10:13:59.335 [main] DEBUG o.s.core.env.MutablePropertySources - Adding [class path resource [config/application.properties]] PropertySource with lowest search precedence
10:13:59.335 [main] DEBUG o.s.core.env.MutablePropertySources - Adding [localProperties] PropertySource with lowest search precedence
10:13:59.335 [main] DEBUG o.s.c.e.PropertySourcesPropertyResolver - Searching for key 'app.authority.admins' in [systemProperties]
10:13:59.335 [main] DEBUG o.s.c.e.PropertySourcesPropertyResolver - Searching for key 'app.authority.admins' in [systemEnvironment]
10:13:59.335 [main] DEBUG o.s.c.e.PropertySourcesPropertyResolver - Searching for key 'app.authority.admins' in [class path resource [config/application.properties]]
10:13:59.335 [main] DEBUG o.s.c.e.PropertySourcesPropertyResolver - Found key 'app.authority.admins' in [class path resource [config/application.properties]] with type [String] and value '402001311,613001223,102001721,222004429,709005486,523008230,724001395,123456789'
10:13:59.335 [main] DEBUG o.s.core.env.MutablePropertySources - Adding [systemProperties] PropertySource with lowest search precedence
10:13:59.335 [main] DEBUG o.s.core.env.MutablePropertySources - Adding [systemEnvironment] PropertySource with lowest search precedence
10:13:59.335 [main] DEBUG o.s.core.env.MutablePropertySources - Adding [class path resource [config/application.properties]] PropertySource with lowest search precedence
10:13:59.335 [main] DEBUG o.s.core.env.MutablePropertySources - Adding [localProperties] PropertySource with lowest search precedence
10:13:59.335 [main] DEBUG o.s.c.e.PropertySourcesPropertyResolver - Searching for key 'shib.lastName' in [systemProperties]
10:13:59.335 [main] DEBUG o.s.c.e.PropertySourcesPropertyResolver - Searching for key 'shib.lastName' in [systemEnvironment]
10:13:59.335 [main] DEBUG o.s.c.e.PropertySourcesPropertyResolver - Searching for key 'shib.lastName' in [class path resource [config/application.properties]]
10:13:59.335 [main] DEBUG o.s.c.e.PropertySourcesPropertyResolver - Found key 'shib.lastName' in [class path resource [config/application.properties]] with type [String] and value 'tdl-sn'
10:13:59.335 [main] DEBUG o.s.core.env.MutablePropertySources - Adding [systemProperties] PropertySource with lowest search precedence
10:13:59.335 [main] DEBUG o.s.core.env.MutablePropertySources - Adding [systemEnvironment] PropertySource with lowest search precedence
10:13:59.335 [main] DEBUG o.s.core.env.MutablePropertySources - Adding [class path resource [config/application.properties]] PropertySource with lowest search precedence
10:13:59.335 [main] DEBUG o.s.core.env.MutablePropertySources - Adding [localProperties] PropertySource with lowest search precedence
10:13:59.335 [main] DEBUG o.s.c.e.PropertySourcesPropertyResolver - Searching for key 'app.email.host' in [systemProperties]
10:13:59.335 [main] DEBUG o.s.c.e.PropertySourcesPropertyResolver - Searching for key 'app.email.host' in [systemEnvironment]
10:13:59.335 [main] DEBUG o.s.c.e.PropertySourcesPropertyResolver - Searching for key 'app.email.host' in [class path resource [config/application.properties]]
10:13:59.335 [main] DEBUG o.s.c.e.PropertySourcesPropertyResolver - Found key 'app.email.host' in [class path resource [config/application.properties]] with type [String] and value 'relay.tamu.edu'
10:13:59.335 [main] DEBUG o.s.core.env.MutablePropertySources - Adding [systemProperties] PropertySource with lowest search precedence
10:13:59.335 [main] DEBUG o.s.core.env.MutablePropertySources - Adding [systemEnvironment] PropertySource with lowest search precedence
10:13:59.335 [main] DEBUG o.s.core.env.MutablePropertySources - Adding [class path resource [config/application.properties]] PropertySource with lowest search precedence
10:13:59.335 [main] DEBUG o.s.core.env.MutablePropertySources - Adding [localProperties] PropertySource with lowest search precedence
10:13:59.335 [main] DEBUG o.s.c.e.PropertySourcesPropertyResolver - Searching for key 'server.port' in [systemProperties]
10:13:59.335 [main] DEBUG o.s.c.e.PropertySourcesPropertyResolver - Searching for key 'server.port' in [systemEnvironment]
10:13:59.335 [main] DEBUG o.s.c.e.PropertySourcesPropertyResolver - Searching for key 'server.port' in [class path resource [config/application.properties]]
10:13:59.335 [main] DEBUG o.s.c.e.PropertySourcesPropertyResolver - Found key 'server.port' in [class path resource [config/application.properties]] with type [String] and value '9000'
10:13:59.335 [main] DEBUG o.s.core.env.MutablePropertySources - Adding [systemProperties] PropertySource with lowest search precedence
10:13:59.335 [main] DEBUG o.s.core.env.MutablePropertySources - Adding [systemEnvironment] PropertySource with lowest search precedence
10:13:59.335 [main] DEBUG o.s.core.env.MutablePropertySources - Adding [class path resource [config/application.properties]] PropertySource with lowest search precedence
10:13:59.335 [main] DEBUG o.s.core.env.MutablePropertySources - Adding [localProperties] PropertySource with lowest search precedence
10:13:59.335 [main] DEBUG o.s.c.e.PropertySourcesPropertyResolver - Searching for key 'spring.jpa.hibernate.ddl-auto' in [systemProperties]
10:13:59.335 [main] DEBUG o.s.c.e.PropertySourcesPropertyResolver - Searching for key 'spring.jpa.hibernate.ddl-auto' in [systemEnvironment]
10:13:59.335 [main] DEBUG o.s.c.e.PropertySourcesPropertyResolver - Searching for key 'spring.jpa.hibernate.ddl-auto' in [class path resource [config/application.properties]]
10:13:59.335 [main] DEBUG o.s.c.e.PropertySourcesPropertyResolver - Found key 'spring.jpa.hibernate.ddl-auto' in [class path resource [config/application.properties]] with type [String] and value 'create'
10:13:59.335 [main] DEBUG o.s.core.env.MutablePropertySources - Adding [systemProperties] PropertySource with lowest search precedence
10:13:59.335 [main] DEBUG o.s.core.env.MutablePropertySources - Adding [systemEnvironment] PropertySource with lowest search precedence
10:13:59.335 [main] DEBUG o.s.core.env.MutablePropertySources - Adding [class path resource [config/application.properties]] PropertySource with lowest search precedence
10:13:59.335 [main] DEBUG o.s.core.env.MutablePropertySources - Adding [localProperties] PropertySource with lowest search precedence
10:13:59.335 [main] DEBUG o.s.c.e.PropertySourcesPropertyResolver - Searching for key 'app.security.allow-access' in [systemProperties]
10:13:59.335 [main] DEBUG o.s.c.e.PropertySourcesPropertyResolver - Searching for key 'app.security.allow-access' in [systemEnvironment]
10:13:59.335 [main] DEBUG o.s.c.e.PropertySourcesPropertyResolver - Searching for key 'app.security.allow-access' in [class path resource [config/application.properties]]
10:13:59.335 [main] DEBUG o.s.c.e.PropertySourcesPropertyResolver - Found key 'app.security.allow-access' in [class path resource [config/application.properties]] with type [String] and value 'http://localhost,http://machuff.tamu.edu,http://imacdev.tamu.edu,http://savell.evans.tamu.edu,http://jcreel.tamu.edu'
10:13:59.338 [main] DEBUG o.s.b.f.s.DefaultListableBeanFactory - Returning cached instance of singleton bean 'org.springframework.transaction.config.internalTransactionAdvisor'
10:13:59.338 [main] DEBUG o.s.b.f.s.DefaultListableBeanFactory - Returning cached instance of singleton bean 'org.springframework.transaction.config.internalTransactionAdvisor'
10:13:59.339 [main] DEBUG o.s.s.a.ScheduledAnnotationBeanPostProcessor - No @Scheduled annotations found on bean class: class org.springframework.boot.autoconfigure.security.SecurityProperties
10:13:59.339 [main] DEBUG o.s.b.f.s.DefaultListableBeanFactory - Finished creating instance of bean 'securityProperties'
10:13:59.340 [main] DEBUG o.s.b.f.s.DefaultListableBeanFactory - Returning cached instance of singleton bean 'securityProperties'
10:13:59.340 [main] DEBUG o.s.b.f.s.DefaultListableBeanFactory - Autowiring by type from bean name 'springBootAuthenticationConfigurerAdapter' via factory method to bean named 'securityProperties'
10:13:59.340 [main] DEBUG o.s.b.f.s.DefaultListableBeanFactory - Eagerly caching bean 'springBootAuthenticationConfigurerAdapter' to allow for resolving potential circular references
10:13:59.341 [main] DEBUG o.s.b.f.s.DefaultListableBeanFactory - Returning cached instance of singleton bean 'org.springframework.transaction.config.internalTransactionAdvisor'
10:13:59.341 [main] DEBUG o.s.b.f.s.DefaultListableBeanFactory - Returning cached instance of singleton bean 'org.springframework.transaction.config.internalTransactionAdvisor'
10:13:59.342 [main] DEBUG o.s.s.a.ScheduledAnnotationBeanPostProcessor - No @Scheduled annotations found on bean class: class org.springframework.boot.autoconfigure.security.AuthenticationManagerConfiguration$SpringBootAuthenticationConfigurerAdapter
10:13:59.342 [main] DEBUG o.s.b.f.s.DefaultListableBeanFactory - Finished creating instance of bean 'springBootAuthenticationConfigurerAdapter'
10:13:59.342 [main] DEBUG o.s.b.f.s.DefaultListableBeanFactory - Creating shared instance of singleton bean 'bootGlobalAuthenticationConfigurationAdapter'
10:13:59.342 [main] DEBUG o.s.b.f.s.DefaultListableBeanFactory - Creating instance of bean 'bootGlobalAuthenticationConfigurationAdapter'
10:13:59.342 [main] DEBUG o.s.b.f.s.DefaultListableBeanFactory - Returning cached instance of singleton bean 'org.springframework.transaction.config.internalTransactionAdvisor'
10:13:59.342 [main] DEBUG o.s.b.f.s.DefaultListableBeanFactory - Autowiring by type from bean name 'bootGlobalAuthenticationConfigurationAdapter' via factory method to bean named 'org.springframework.context.support.GenericApplicationContext@4998e74b'
10:13:59.342 [main] DEBUG o.s.b.f.s.DefaultListableBeanFactory - Eagerly caching bean 'bootGlobalAuthenticationConfigurationAdapter' to allow for resolving potential circular references
10:13:59.343 [main] DEBUG o.s.b.f.s.DefaultListableBeanFactory - Returning cached instance of singleton bean 'org.springframework.transaction.config.internalTransactionAdvisor'
10:13:59.343 [main] DEBUG o.s.b.f.s.DefaultListableBeanFactory - Returning cached instance of singleton bean 'org.springframework.transaction.config.internalTransactionAdvisor'
10:13:59.343 [main] DEBUG o.s.s.a.ScheduledAnnotationBeanPostProcessor - No @Scheduled annotations found on bean class: class org.springframework.boot.autoconfigure.security.BootGlobalAuthenticationConfiguration$BootGlobalAuthenticationConfigurationAdapter
10:13:59.343 [main] DEBUG o.s.b.f.s.DefaultListableBeanFactory - Finished creating instance of bean 'bootGlobalAuthenticationConfigurationAdapter'
10:13:59.344 [main] DEBUG o.s.b.f.a.AutowiredAnnotationBeanPostProcessor - Autowiring by type from bean name 'org.springframework.security.config.annotation.authentication.configuration.AuthenticationConfiguration' to bean named 'enableGlobalAuthenticationAutowiredConfigurer'
10:13:59.344 [main] DEBUG o.s.b.f.a.AutowiredAnnotationBeanPostProcessor - Autowiring by type from bean name 'org.springframework.security.config.annotation.authentication.configuration.AuthenticationConfiguration' to bean named 'springBootAuthenticationConfigurerAdapter'
10:13:59.344 [main] DEBUG o.s.b.f.a.AutowiredAnnotationBeanPostProcessor - Autowiring by type from bean name 'org.springframework.security.config.annotation.authentication.configuration.AuthenticationConfiguration' to bean named 'bootGlobalAuthenticationConfigurationAdapter'
10:13:59.344 [main] DEBUG o.s.b.f.annotation.InjectionMetadata - Processing injected element of bean 'org.springframework.security.config.annotation.authentication.configuration.AuthenticationConfiguration': AutowiredMethodElement for public void org.springframework.security.config.annotation.authentication.configuration.AuthenticationConfiguration.setObjectPostProcessor(org.springframework.security.config.annotation.ObjectPostProcessor)
10:13:59.344 [main] DEBUG o.s.b.f.s.DefaultListableBeanFactory - Creating shared instance of singleton bean 'objectPostProcessor'
10:13:59.344 [main] DEBUG o.s.b.f.s.DefaultListableBeanFactory - Creating instance of bean 'objectPostProcessor'
10:13:59.344 [main] DEBUG o.s.b.f.s.DefaultListableBeanFactory - Returning cached instance of singleton bean 'org.springframework.transaction.config.internalTransactionAdvisor'
10:13:59.344 [main] DEBUG o.s.b.f.s.DefaultListableBeanFactory - Creating shared instance of singleton bean 'org.springframework.security.config.annotation.configuration.ObjectPostProcessorConfiguration'
10:13:59.344 [main] DEBUG o.s.b.f.s.DefaultListableBeanFactory - Creating instance of bean 'org.springframework.security.config.annotation.configuration.ObjectPostProcessorConfiguration'
10:13:59.345 [main] DEBUG o.s.b.f.s.DefaultListableBeanFactory - Returning cached instance of singleton bean 'org.springframework.transaction.config.internalTransactionAdvisor'
10:13:59.345 [main] DEBUG o.s.b.f.s.DefaultListableBeanFactory - Eagerly caching bean 'org.springframework.security.config.annotation.configuration.ObjectPostProcessorConfiguration' to allow for resolving potential circular references
10:13:59.345 [main] DEBUG o.s.b.f.s.DefaultListableBeanFactory - Returning cached instance of singleton bean 'org.springframework.transaction.config.internalTransactionAdvisor'
10:13:59.345 [main] DEBUG o.s.b.f.s.DefaultListableBeanFactory - Returning cached instance of singleton bean 'org.springframework.transaction.config.internalTransactionAdvisor'
10:13:59.346 [main] DEBUG o.s.s.a.ScheduledAnnotationBeanPostProcessor - No @Scheduled annotations found on bean class: class org.springframework.security.config.annotation.configuration.ObjectPostProcessorConfiguration$$EnhancerBySpringCGLIB$$aa6c7cb0
10:13:59.346 [main] DEBUG o.s.b.f.s.DefaultListableBeanFactory - Finished creating instance of bean 'org.springframework.security.config.annotation.configuration.ObjectPostProcessorConfiguration'
10:13:59.347 [main] DEBUG o.s.b.f.s.DefaultListableBeanFactory - Autowiring by type from bean name 'objectPostProcessor' via factory method to bean named 'org.springframework.beans.factory.support.DefaultListableBeanFactory@5d878b25'
10:13:59.347 [main] DEBUG o.s.b.f.s.DefaultListableBeanFactory - Eagerly caching bean 'objectPostProcessor' to allow for resolving potential circular references
10:13:59.347 [main] DEBUG o.s.b.f.s.DefaultListableBeanFactory - Returning cached instance of singleton bean 'org.springframework.transaction.config.internalTransactionAdvisor'
10:13:59.347 [main] DEBUG o.s.b.f.s.DefaultListableBeanFactory - Returning cached instance of singleton bean 'org.springframework.transaction.config.internalTransactionAdvisor'
10:13:59.347 [main] DEBUG o.s.s.a.ScheduledAnnotationBeanPostProcessor - No @Scheduled annotations found on bean class: class org.springframework.security.config.annotation.configuration.AutowireBeanFactoryObjectPostProcessor
10:13:59.347 [main] DEBUG o.s.b.f.s.DefaultListableBeanFactory - Finished creating instance of bean 'objectPostProcessor'
10:13:59.347 [main] DEBUG o.s.b.f.a.AutowiredAnnotationBeanPostProcessor - Autowiring by type from bean name 'org.springframework.security.config.annotation.authentication.configuration.AuthenticationConfiguration' to bean named 'objectPostProcessor'
10:13:59.347 [main] DEBUG o.s.b.f.s.DefaultListableBeanFactory - Returning cached instance of singleton bean 'org.springframework.transaction.config.internalTransactionAdvisor'
10:13:59.347 [main] DEBUG o.s.b.f.s.DefaultListableBeanFactory - Returning cached instance of singleton bean 'org.springframework.transaction.config.internalTransactionAdvisor'
10:13:59.348 [main] DEBUG o.s.s.a.ScheduledAnnotationBeanPostProcessor - No @Scheduled annotations found on bean class: class org.springframework.security.config.annotation.authentication.configuration.AuthenticationConfiguration$$EnhancerBySpringCGLIB$$42095c85
10:13:59.348 [main] DEBUG o.s.b.f.s.DefaultListableBeanFactory - Finished creating instance of bean 'org.springframework.security.config.annotation.authentication.configuration.AuthenticationConfiguration'
10:13:59.348 [main] DEBUG o.s.b.f.a.AutowiredAnnotationBeanPostProcessor - Autowiring by type from bean name 'coreSecurityConfig' to bean named 'org.springframework.security.config.annotation.authentication.configuration.AuthenticationConfiguration'
10:13:59.348 [main] DEBUG o.s.b.f.annotation.InjectionMetadata - Processing injected element of bean 'coreSecurityConfig': AutowiredMethodElement for public void org.springframework.security.config.annotation.web.configuration.WebSecurityConfigurerAdapter.setApplicationContext(org.springframework.context.ApplicationContext)
10:13:59.348 [main] DEBUG o.s.b.f.a.AutowiredAnnotationBeanPostProcessor - Autowiring by type from bean name 'coreSecurityConfig' to bean named 'org.springframework.context.support.GenericApplicationContext@4998e74b'
10:13:59.348 [main] DEBUG o.s.b.f.annotation.InjectionMetadata - Processing injected element of bean 'coreSecurityConfig': AutowiredMethodElement for public void org.springframework.security.config.annotation.web.configuration.WebSecurityConfigurerAdapter.setObjectPostProcessor(org.springframework.security.config.annotation.ObjectPostProcessor)
10:13:59.348 [main] DEBUG o.s.b.f.s.DefaultListableBeanFactory - Returning cached instance of singleton bean 'objectPostProcessor'
10:13:59.349 [main] DEBUG o.s.b.f.a.AutowiredAnnotationBeanPostProcessor - Autowiring by type from bean name 'coreSecurityConfig' to bean named 'objectPostProcessor'
10:13:59.349 [main] DEBUG o.s.b.f.s.DefaultListableBeanFactory - Returning cached instance of singleton bean 'org.springframework.transaction.config.internalTransactionAdvisor'
10:13:59.349 [main] DEBUG o.s.b.f.s.DefaultListableBeanFactory - Returning cached instance of singleton bean 'org.springframework.transaction.config.internalTransactionAdvisor'
10:13:59.351 [main] DEBUG o.s.s.a.ScheduledAnnotationBeanPostProcessor - No @Scheduled annotations found on bean class: class edu.tamu.framework.config.CoreSecurityConfig$$EnhancerBySpringCGLIB$$1119397
10:13:59.351 [main] DEBUG o.s.b.f.s.DefaultListableBeanFactory - Finished creating instance of bean 'coreSecurityConfig'
10:13:59.351 [main] DEBUG o.s.b.f.s.DefaultListableBeanFactory - Returning cached instance of singleton bean 'coreWebAppConfig'
10:13:59.351 [main] DEBUG o.s.b.f.s.DefaultListableBeanFactory - Returning cached instance of singleton bean 'coreWebMvcConfig'
10:13:59.351 [main] DEBUG o.s.b.f.s.DefaultListableBeanFactory - Creating shared instance of singleton bean 'reportingController'
10:13:59.351 [main] DEBUG o.s.b.f.s.DefaultListableBeanFactory - Creating instance of bean 'reportingController'
10:13:59.352 [main] DEBUG o.s.b.f.s.DefaultListableBeanFactory - Returning cached instance of singleton bean 'org.springframework.transaction.config.internalTransactionAdvisor'
10:13:59.352 [main] DEBUG o.s.b.f.annotation.InjectionMetadata - Registered injected element on class [edu.tamu.framework.controller.ReportingController]: AutowiredFieldElement for private edu.tamu.framework.util.EmailUtility edu.tamu.framework.controller.ReportingController.emailUtility
10:13:59.352 [main] DEBUG o.s.b.f.annotation.InjectionMetadata - Registered injected element on class [edu.tamu.framework.controller.ReportingController]: AutowiredFieldElement for private com.fasterxml.jackson.databind.ObjectMapper edu.tamu.framework.controller.ReportingController.objectMapper
10:13:59.352 [main] DEBUG o.s.b.f.s.DefaultListableBeanFactory - Eagerly caching bean 'reportingController' to allow for resolving potential circular references
10:13:59.352 [main] DEBUG o.s.b.f.annotation.InjectionMetadata - Processing injected element of bean 'reportingController': AutowiredFieldElement for private edu.tamu.framework.util.EmailUtility edu.tamu.framework.controller.ReportingController.emailUtility
10:13:59.353 [main] DEBUG o.s.b.f.s.DefaultListableBeanFactory - Creating shared instance of singleton bean 'emailUtility'
10:13:59.353 [main] DEBUG o.s.b.f.s.DefaultListableBeanFactory - Creating instance of bean 'emailUtility'
10:13:59.353 [main] DEBUG o.s.b.f.s.DefaultListableBeanFactory - Returning cached instance of singleton bean 'org.springframework.transaction.config.internalTransactionAdvisor'
10:13:59.355 [main] DEBUG o.s.b.f.annotation.InjectionMetadata - Registered injected element on class [edu.tamu.framework.util.EmailUtility]: AutowiredFieldElement for private java.lang.String edu.tamu.framework.util.EmailUtility.emailHost
10:13:59.355 [main] DEBUG o.s.b.f.annotation.InjectionMetadata - Registered injected element on class [edu.tamu.framework.util.EmailUtility]: AutowiredFieldElement for private java.lang.String edu.tamu.framework.util.EmailUtility.emailAddress
10:13:59.355 [main] DEBUG o.s.b.f.s.DefaultListableBeanFactory - Eagerly caching bean 'emailUtility' to allow for resolving potential circular references
10:13:59.355 [main] DEBUG o.s.b.f.annotation.InjectionMetadata - Processing injected element of bean 'emailUtility': AutowiredFieldElement for private java.lang.String edu.tamu.framework.util.EmailUtility.emailHost
10:13:59.355 [main] DEBUG o.s.c.e.PropertySourcesPropertyResolver - Searching for key 'app.email.host' in [environmentProperties]
10:13:59.355 [main] DEBUG o.s.c.e.PropertySourcesPropertyResolver - Searching for key 'app.email.host' in [systemProperties]
10:13:59.355 [main] DEBUG o.s.c.e.PropertySourcesPropertyResolver - Searching for key 'app.email.host' in [systemEnvironment]
10:13:59.355 [main] DEBUG o.s.c.e.PropertySourcesPropertyResolver - Searching for key 'app.email.host' in [class path resource [config/application.properties]]
10:13:59.356 [main] DEBUG o.s.c.e.PropertySourcesPropertyResolver - Found key 'app.email.host' in [class path resource [config/application.properties]] with type [String] and value 'relay.tamu.edu'
10:13:59.356 [main] DEBUG o.s.c.e.PropertySourcesPropertyResolver - Found key 'app.email.host' in [environmentProperties] with type [String] and value 'relay.tamu.edu'
10:13:59.356 [main] DEBUG o.s.b.f.annotation.InjectionMetadata - Processing injected element of bean 'emailUtility': AutowiredFieldElement for private java.lang.String edu.tamu.framework.util.EmailUtility.emailAddress
10:13:59.356 [main] DEBUG o.s.c.e.PropertySourcesPropertyResolver - Searching for key 'app.email.address' in [environmentProperties]
10:13:59.356 [main] DEBUG o.s.c.e.PropertySourcesPropertyResolver - Searching for key 'app.email.address' in [systemProperties]
10:13:59.356 [main] DEBUG o.s.c.e.PropertySourcesPropertyResolver - Searching for key 'app.email.address' in [systemEnvironment]
10:13:59.356 [main] DEBUG o.s.c.e.PropertySourcesPropertyResolver - Searching for key 'app.email.address' in [class path resource [config/application.properties]]
10:13:59.356 [main] DEBUG o.s.c.e.PropertySourcesPropertyResolver - Found key 'app.email.address' in [class path resource [config/application.properties]] with type [String] and value 'dhahn@library.tamu.edu'
10:13:59.356 [main] DEBUG o.s.c.e.PropertySourcesPropertyResolver - Found key 'app.email.address' in [environmentProperties] with type [String] and value 'dhahn@library.tamu.edu'
10:13:59.356 [main] DEBUG o.s.b.f.s.DefaultListableBeanFactory - Returning cached instance of singleton bean 'org.springframework.transaction.config.internalTransactionAdvisor'
10:13:59.356 [main] DEBUG o.s.b.f.s.DefaultListableBeanFactory - Returning cached instance of singleton bean 'org.springframework.transaction.config.internalTransactionAdvisor'
10:13:59.356 [main] DEBUG o.s.s.a.ScheduledAnnotationBeanPostProcessor - No @Scheduled annotations found on bean class: class edu.tamu.framework.util.EmailUtility
10:13:59.357 [main] DEBUG o.s.b.f.s.DefaultListableBeanFactory - Finished creating instance of bean 'emailUtility'
10:13:59.357 [main] DEBUG o.s.b.f.a.AutowiredAnnotationBeanPostProcessor - Autowiring by type from bean name 'reportingController' to bean named 'emailUtility'
10:13:59.357 [main] DEBUG o.s.b.f.annotation.InjectionMetadata - Processing injected element of bean 'reportingController': AutowiredFieldElement for private com.fasterxml.jackson.databind.ObjectMapper edu.tamu.framework.controller.ReportingController.objectMapper
10:13:59.357 [main] DEBUG o.s.b.f.s.DefaultListableBeanFactory - Returning cached instance of singleton bean 'objectMapper'
10:13:59.357 [main] DEBUG o.s.b.f.a.AutowiredAnnotationBeanPostProcessor - Autowiring by type from bean name 'reportingController' to bean named 'objectMapper'
10:13:59.357 [main] DEBUG o.s.b.f.s.DefaultListableBeanFactory - Returning cached instance of singleton bean 'org.springframework.transaction.config.internalTransactionAdvisor'
10:13:59.357 [main] DEBUG o.s.b.f.s.DefaultListableBeanFactory - Returning cached instance of singleton bean 'org.springframework.transaction.config.internalTransactionAdvisor'
10:13:59.359 [main] DEBUG o.s.a.a.a.AnnotationAwareAspectJAutoProxyCreator - Creating implicit proxy for bean 'reportingController' with 0 common interceptors and 2 specific interceptors
10:13:59.359 [main] DEBUG o.s.aop.framework.CglibAopProxy - Creating CGLIB proxy: target source is SingletonTargetSource for target object [edu.tamu.framework.controller.ReportingController@684ce74c]
10:13:59.360 [main] DEBUG o.s.s.a.ScheduledAnnotationBeanPostProcessor - No @Scheduled annotations found on bean class: class edu.tamu.framework.controller.ReportingController$$EnhancerBySpringCGLIB$$2eed95d4
10:13:59.360 [main] DEBUG o.s.b.f.s.DefaultListableBeanFactory - Finished creating instance of bean 'reportingController'
10:13:59.360 [main] DEBUG o.s.b.f.s.DefaultListableBeanFactory - Creating shared instance of singleton bean 'symlinkRepo'
10:13:59.360 [main] DEBUG o.s.b.f.s.DefaultListableBeanFactory - Creating instance of bean 'symlinkRepo'
10:13:59.360 [main] DEBUG o.s.b.f.s.DefaultListableBeanFactory - Returning cached instance of singleton bean 'org.springframework.transaction.config.internalTransactionAdvisor'
10:13:59.360 [main] DEBUG o.s.b.f.s.DefaultListableBeanFactory - Eagerly caching bean 'symlinkRepo' to allow for resolving potential circular references
10:13:59.361 [main] DEBUG o.s.core.env.MutablePropertySources - Adding [systemProperties] PropertySource with lowest search precedence
10:13:59.361 [main] DEBUG o.s.core.env.MutablePropertySources - Adding [systemEnvironment] PropertySource with lowest search precedence
10:13:59.361 [main] DEBUG o.s.core.env.MutablePropertySources - Adding [class path resource [config/application.properties]] PropertySource with lowest search precedence
10:13:59.361 [main] DEBUG o.s.core.env.MutablePropertySources - Adding [localProperties] PropertySource with lowest search precedence
10:13:59.361 [main] DEBUG o.s.core.env.MutablePropertySources - Adding [systemProperties] PropertySource with lowest search precedence
10:13:59.361 [main] DEBUG o.s.core.env.MutablePropertySources - Adding [systemEnvironment] PropertySource with lowest search precedence
10:13:59.361 [main] DEBUG o.s.core.env.MutablePropertySources - Adding [class path resource [config/application.properties]] PropertySource with lowest search precedence
10:13:59.361 [main] DEBUG o.s.core.env.MutablePropertySources - Adding [localProperties] PropertySource with lowest search precedence
10:13:59.361 [main] DEBUG o.s.c.e.PropertySourcesPropertyResolver - Searching for key 'app.security.jwt.secret_key' in [systemProperties]
10:13:59.361 [main] DEBUG o.s.c.e.PropertySourcesPropertyResolver - Searching for key 'app.security.jwt.secret_key' in [systemEnvironment]
10:13:59.361 [main] DEBUG o.s.c.e.PropertySourcesPropertyResolver - Searching for key 'app.security.jwt.secret_key' in [class path resource [config/application.properties]]
10:13:59.361 [main] DEBUG o.s.c.e.PropertySourcesPropertyResolver - Found key 'app.security.jwt.secret_key' in [class path resource [config/application.properties]] with type [String] and value 'verysecretsecret'
10:13:59.361 [main] DEBUG o.s.core.env.MutablePropertySources - Adding [systemProperties] PropertySource with lowest search precedence
10:13:59.361 [main] DEBUG o.s.core.env.MutablePropertySources - Adding [systemEnvironment] PropertySource with lowest search precedence
10:13:59.361 [main] DEBUG o.s.core.env.MutablePropertySources - Adding [class path resource [config/application.properties]] PropertySource with lowest search precedence
10:13:59.361 [main] DEBUG o.s.core.env.MutablePropertySources - Adding [localProperties] PropertySource with lowest search precedence
10:13:59.361 [main] DEBUG o.s.c.e.PropertySourcesPropertyResolver - Searching for key 'app.whitelist' in [systemProperties]
10:13:59.361 [main] DEBUG o.s.c.e.PropertySourcesPropertyResolver - Searching for key 'app.whitelist' in [systemEnvironment]
10:13:59.361 [main] DEBUG o.s.c.e.PropertySourcesPropertyResolver - Searching for key 'app.whitelist' in [class path resource [config/application.properties]]
10:13:59.361 [main] DEBUG o.s.c.e.PropertySourcesPropertyResolver - Found key 'app.whitelist' in [class path resource [config/application.properties]] with type [String] and value '127.0.0.1'
10:13:59.361 [main] DEBUG o.s.core.env.MutablePropertySources - Adding [systemProperties] PropertySource with lowest search precedence
10:13:59.361 [main] DEBUG o.s.core.env.MutablePropertySources - Adding [systemEnvironment] PropertySource with lowest search precedence
10:13:59.361 [main] DEBUG o.s.core.env.MutablePropertySources - Adding [class path resource [config/application.properties]] PropertySource with lowest search precedence
10:13:59.361 [main] DEBUG o.s.core.env.MutablePropertySources - Adding [localProperties] PropertySource with lowest search precedence
10:13:59.361 [main] DEBUG o.s.c.e.PropertySourcesPropertyResolver - Searching for key 'app.email.address' in [systemProperties]
10:13:59.361 [main] DEBUG o.s.c.e.PropertySourcesPropertyResolver - Searching for key 'app.email.address' in [systemEnvironment]
10:13:59.361 [main] DEBUG o.s.c.e.PropertySourcesPropertyResolver - Searching for key 'app.email.address' in [class path resource [config/application.properties]]
10:13:59.361 [main] DEBUG o.s.c.e.PropertySourcesPropertyResolver - Found key 'app.email.address' in [class path resource [config/application.properties]] with type [String] and value 'dhahn@library.tamu.edu'
10:13:59.361 [main] DEBUG o.s.core.env.MutablePropertySources - Adding [systemProperties] PropertySource with lowest search precedence
10:13:59.361 [main] DEBUG o.s.core.env.MutablePropertySources - Adding [systemEnvironment] PropertySource with lowest search precedence
10:13:59.361 [main] DEBUG o.s.core.env.MutablePropertySources - Adding [class path resource [config/application.properties]] PropertySource with lowest search precedence
10:13:59.361 [main] DEBUG o.s.core.env.MutablePropertySources - Adding [localProperties] PropertySource with lowest search precedence
10:13:59.361 [main] DEBUG o.s.c.e.PropertySourcesPropertyResolver - Searching for key 'app.service.voyager.app' in [systemProperties]
10:13:59.361 [main] DEBUG o.s.c.e.PropertySourcesPropertyResolver - Searching for key 'app.service.voyager.app' in [systemEnvironment]
10:13:59.361 [main] DEBUG o.s.c.e.PropertySourcesPropertyResolver - Searching for key 'app.service.voyager.app' in [class path resource [config/application.properties]]
10:13:59.361 [main] DEBUG o.s.c.e.PropertySourcesPropertyResolver - Found key 'app.service.voyager.app' in [class path resource [config/application.properties]] with type [String] and value 'vxws'
10:13:59.362 [main] DEBUG o.s.core.env.MutablePropertySources - Adding [systemProperties] PropertySource with lowest search precedence
10:13:59.362 [main] DEBUG o.s.core.env.MutablePropertySources - Adding [systemEnvironment] PropertySource with lowest search precedence
10:13:59.362 [main] DEBUG o.s.core.env.MutablePropertySources - Adding [class path resource [config/application.properties]] PropertySource with lowest search precedence
10:13:59.362 [main] DEBUG o.s.core.env.MutablePropertySources - Adding [localProperties] PropertySource with lowest search precedence
10:13:59.362 [main] DEBUG o.s.c.e.PropertySourcesPropertyResolver - Searching for key 'spring.datasource.test-on-borrow' in [systemProperties]
10:13:59.362 [main] DEBUG o.s.c.e.PropertySourcesPropertyResolver - Searching for key 'spring.datasource.test-on-borrow' in [systemEnvironment]
10:13:59.362 [main] DEBUG o.s.c.e.PropertySourcesPropertyResolver - Searching for key 'spring.datasource.test-on-borrow' in [class path resource [config/application.properties]]
10:13:59.362 [main] DEBUG o.s.c.e.PropertySourcesPropertyResolver - Found key 'spring.datasource.test-on-borrow' in [class path resource [config/application.properties]] with type [String] and value 'true'
10:13:59.362 [main] DEBUG o.s.core.env.MutablePropertySources - Adding [systemProperties] PropertySource with lowest search precedence
10:13:59.362 [main] DEBUG o.s.core.env.MutablePropertySources - Adding [systemEnvironment] PropertySource with lowest search precedence
10:13:59.362 [main] DEBUG o.s.core.env.MutablePropertySources - Adding [class path resource [config/application.properties]] PropertySource with lowest search precedence
10:13:59.362 [main] DEBUG o.s.core.env.MutablePropertySources - Adding [localProperties] PropertySource with lowest search precedence
10:13:59.362 [main] DEBUG o.s.c.e.PropertySourcesPropertyResolver - Searching for key 'shib.email' in [systemProperties]
10:13:59.362 [main] DEBUG o.s.c.e.PropertySourcesPropertyResolver - Searching for key 'shib.email' in [systemEnvironment]
10:13:59.362 [main] DEBUG o.s.c.e.PropertySourcesPropertyResolver - Searching for key 'shib.email' in [class path resource [config/application.properties]]
10:13:59.362 [main] DEBUG o.s.c.e.PropertySourcesPropertyResolver - Found key 'shib.email' in [class path resource [config/application.properties]] with type [String] and value 'tdl-mail'
10:13:59.362 [main] DEBUG o.s.core.env.MutablePropertySources - Adding [systemProperties] PropertySource with lowest search precedence
10:13:59.362 [main] DEBUG o.s.core.env.MutablePropertySources - Adding [systemEnvironment] PropertySource with lowest search precedence
10:13:59.362 [main] DEBUG o.s.core.env.MutablePropertySources - Adding [class path resource [config/application.properties]] PropertySource with lowest search precedence
10:13:59.362 [main] DEBUG o.s.core.env.MutablePropertySources - Adding [localProperties] PropertySource with lowest search precedence
10:13:59.362 [main] DEBUG o.s.c.e.PropertySourcesPropertyResolver - Searching for key 'spring.datasource.url' in [systemProperties]
10:13:59.362 [main] DEBUG o.s.c.e.PropertySourcesPropertyResolver - Searching for key 'spring.datasource.url' in [systemEnvironment]
10:13:59.362 [main] DEBUG o.s.c.e.PropertySourcesPropertyResolver - Searching for key 'spring.datasource.url' in [class path resource [config/application.properties]]
10:13:59.362 [main] DEBUG o.s.c.e.PropertySourcesPropertyResolver - Found key 'spring.datasource.url' in [class path resource [config/application.properties]] with type [String] and value 'jdbc:postgresql://localhost:5432/spring_seed'
10:13:59.362 [main] DEBUG o.s.core.env.MutablePropertySources - Adding [systemProperties] PropertySource with lowest search precedence
10:13:59.362 [main] DEBUG o.s.core.env.MutablePropertySources - Adding [systemEnvironment] PropertySource with lowest search precedence
10:13:59.362 [main] DEBUG o.s.core.env.MutablePropertySources - Adding [class path resource [config/application.properties]] PropertySource with lowest search precedence
10:13:59.362 [main] DEBUG o.s.core.env.MutablePropertySources - Adding [localProperties] PropertySource with lowest search precedence
10:13:59.362 [main] DEBUG o.s.c.e.PropertySourcesPropertyResolver - Searching for key 'shib.netid' in [systemProperties]
10:13:59.362 [main] DEBUG o.s.c.e.PropertySourcesPropertyResolver - Searching for key 'shib.netid' in [systemEnvironment]
10:13:59.362 [main] DEBUG o.s.c.e.PropertySourcesPropertyResolver - Searching for key 'shib.netid' in [class path resource [config/application.properties]]
10:13:59.362 [main] DEBUG o.s.c.e.PropertySourcesPropertyResolver - Found key 'shib.netid' in [class path resource [config/application.properties]] with type [String] and value 'edupersonprincipalnameunscoped'
10:13:59.362 [main] DEBUG o.s.core.env.MutablePropertySources - Adding [systemProperties] PropertySource with lowest search precedence
10:13:59.362 [main] DEBUG o.s.core.env.MutablePropertySources - Adding [systemEnvironment] PropertySource with lowest search precedence
10:13:59.362 [main] DEBUG o.s.core.env.MutablePropertySources - Adding [class path resource [config/application.properties]] PropertySource with lowest search precedence
10:13:59.362 [main] DEBUG o.s.core.env.MutablePropertySources - Adding [localProperties] PropertySource with lowest search precedence
10:13:59.362 [main] DEBUG o.s.c.e.PropertySourcesPropertyResolver - Searching for key 'shib.keys' in [systemProperties]
10:13:59.362 [main] DEBUG o.s.c.e.PropertySourcesPropertyResolver - Searching for key 'shib.keys' in [systemEnvironment]
10:13:59.362 [main] DEBUG o.s.c.e.PropertySourcesPropertyResolver - Searching for key 'shib.keys' in [class path resource [config/application.properties]]
10:13:59.362 [main] DEBUG o.s.c.e.PropertySourcesPropertyResolver - Found key 'shib.keys' in [class path resource [config/application.properties]] with type [String] and value 'netid,uin,lastName,firstName,email'
10:13:59.362 [main] DEBUG o.s.core.env.MutablePropertySources - Adding [systemProperties] PropertySource with lowest search precedence
10:13:59.362 [main] DEBUG o.s.core.env.MutablePropertySources - Adding [systemEnvironment] PropertySource with lowest search precedence
10:13:59.362 [main] DEBUG o.s.core.env.MutablePropertySources - Adding [class path resource [config/application.properties]] PropertySource with lowest search precedence
10:13:59.362 [main] DEBUG o.s.core.env.MutablePropertySources - Adding [localProperties] PropertySource with lowest search precedence
10:13:59.362 [main] DEBUG o.s.c.e.PropertySourcesPropertyResolver - Searching for key 'spring.datasource.password' in [systemProperties]
10:13:59.362 [main] DEBUG o.s.c.e.PropertySourcesPropertyResolver - Searching for key 'spring.datasource.password' in [systemEnvironment]
10:13:59.362 [main] DEBUG o.s.c.e.PropertySourcesPropertyResolver - Searching for key 'spring.datasource.password' in [class path resource [config/application.properties]]
10:13:59.362 [main] DEBUG o.s.c.e.PropertySourcesPropertyResolver - Found key 'spring.datasource.password' in [class path resource [config/application.properties]] with type [String] and value 'spring'
10:13:59.362 [main] DEBUG o.s.core.env.MutablePropertySources - Adding [systemProperties] PropertySource with lowest search precedence
10:13:59.362 [main] DEBUG o.s.core.env.MutablePropertySources - Adding [systemEnvironment] PropertySource with lowest search precedence
10:13:59.362 [main] DEBUG o.s.core.env.MutablePropertySources - Adding [class path resource [config/application.properties]] PropertySource with lowest search precedence
10:13:59.362 [main] DEBUG o.s.core.env.MutablePropertySources - Adding [localProperties] PropertySource with lowest search precedence
10:13:59.362 [main] DEBUG o.s.c.e.PropertySourcesPropertyResolver - Searching for key 'spring.jpa.database-platform' in [systemProperties]
10:13:59.362 [main] DEBUG o.s.c.e.PropertySourcesPropertyResolver - Searching for key 'spring.jpa.database-platform' in [systemEnvironment]
10:13:59.362 [main] DEBUG o.s.c.e.PropertySourcesPropertyResolver - Searching for key 'spring.jpa.database-platform' in [class path resource [config/application.properties]]
10:13:59.362 [main] DEBUG o.s.c.e.PropertySourcesPropertyResolver - Found key 'spring.jpa.database-platform' in [class path resource [config/application.properties]] with type [String] and value 'org.hibernate.dialect.PostgreSQLDialect'
10:13:59.362 [main] DEBUG o.s.core.env.MutablePropertySources - Adding [systemProperties] PropertySource with lowest search precedence
10:13:59.362 [main] DEBUG o.s.core.env.MutablePropertySources - Adding [systemEnvironment] PropertySource with lowest search precedence
10:13:59.362 [main] DEBUG o.s.core.env.MutablePropertySources - Adding [class path resource [config/application.properties]] PropertySource with lowest search precedence
10:13:59.362 [main] DEBUG o.s.core.env.MutablePropertySources - Adding [localProperties] PropertySource with lowest search precedence
10:13:59.362 [main] DEBUG o.s.c.e.PropertySourcesPropertyResolver - Searching for key 'spring.jpa.show_sql' in [systemProperties]
10:13:59.362 [main] DEBUG o.s.c.e.PropertySourcesPropertyResolver - Searching for key 'spring.jpa.show_sql' in [systemEnvironment]
10:13:59.362 [main] DEBUG o.s.c.e.PropertySourcesPropertyResolver - Searching for key 'spring.jpa.show_sql' in [class path resource [config/application.properties]]
10:13:59.362 [main] DEBUG o.s.c.e.PropertySourcesPropertyResolver - Found key 'spring.jpa.show_sql' in [class path resource [config/application.properties]] with type [String] and value 'false'
10:13:59.362 [main] DEBUG o.s.core.env.MutablePropertySources - Adding [systemProperties] PropertySource with lowest search precedence
10:13:59.363 [main] DEBUG o.s.core.env.MutablePropertySources - Adding [systemEnvironment] PropertySource with lowest search precedence
10:13:59.363 [main] DEBUG o.s.core.env.MutablePropertySources - Adding [class path resource [config/application.properties]] PropertySource with lowest search precedence
10:13:59.363 [main] DEBUG o.s.core.env.MutablePropertySources - Adding [localProperties] PropertySource with lowest search precedence
10:13:59.363 [main] DEBUG o.s.c.e.PropertySourcesPropertyResolver - Searching for key 'app.service.voyager.ports' in [systemProperties]
10:13:59.363 [main] DEBUG o.s.c.e.PropertySourcesPropertyResolver - Searching for key 'app.service.voyager.ports' in [systemEnvironment]
10:13:59.363 [main] DEBUG o.s.c.e.PropertySourcesPropertyResolver - Searching for key 'app.service.voyager.ports' in [class path resource [config/application.properties]]
10:13:59.363 [main] DEBUG o.s.c.e.PropertySourcesPropertyResolver - Found key 'app.service.voyager.ports' in [class path resource [config/application.properties]] with type [String] and value '7014,7414'
10:13:59.363 [main] DEBUG o.s.core.env.MutablePropertySources - Adding [systemProperties] PropertySource with lowest search precedence
10:13:59.363 [main] DEBUG o.s.core.env.MutablePropertySources - Adding [systemEnvironment] PropertySource with lowest search precedence
10:13:59.363 [main] DEBUG o.s.core.env.MutablePropertySources - Adding [class path resource [config/application.properties]] PropertySource with lowest search precedence
10:13:59.363 [main] DEBUG o.s.core.env.MutablePropertySources - Adding [localProperties] PropertySource with lowest search precedence
10:13:59.363 [main] DEBUG o.s.c.e.PropertySourcesPropertyResolver - Searching for key 'spring.datasource.validation-query' in [systemProperties]
10:13:59.363 [main] DEBUG o.s.c.e.PropertySourcesPropertyResolver - Searching for key 'spring.datasource.validation-query' in [systemEnvironment]
10:13:59.363 [main] DEBUG o.s.c.e.PropertySourcesPropertyResolver - Searching for key 'spring.datasource.validation-query' in [class path resource [config/application.properties]]
10:13:59.363 [main] DEBUG o.s.c.e.PropertySourcesPropertyResolver - Found key 'spring.datasource.validation-query' in [class path resource [config/application.properties]] with type [String] and value 'select version();'
10:13:59.363 [main] DEBUG o.s.core.env.MutablePropertySources - Adding [systemProperties] PropertySource with lowest search precedence
10:13:59.363 [main] DEBUG o.s.core.env.MutablePropertySources - Adding [systemEnvironment] PropertySource with lowest search precedence
10:13:59.363 [main] DEBUG o.s.core.env.MutablePropertySources - Adding [class path resource [config/application.properties]] PropertySource with lowest search precedence
10:13:59.363 [main] DEBUG o.s.core.env.MutablePropertySources - Adding [localProperties] PropertySource with lowest search precedence
10:13:59.363 [main] DEBUG o.s.c.e.PropertySourcesPropertyResolver - Searching for key 'shib.firstName' in [systemProperties]
10:13:59.363 [main] DEBUG o.s.c.e.PropertySourcesPropertyResolver - Searching for key 'shib.firstName' in [systemEnvironment]
10:13:59.363 [main] DEBUG o.s.c.e.PropertySourcesPropertyResolver - Searching for key 'shib.firstName' in [class path resource [config/application.properties]]
10:13:59.363 [main] DEBUG o.s.c.e.PropertySourcesPropertyResolver - Found key 'shib.firstName' in [class path resource [config/application.properties]] with type [String] and value 'tdl-givenname'
10:13:59.363 [main] DEBUG o.s.core.env.MutablePropertySources - Adding [systemProperties] PropertySource with lowest search precedence
10:13:59.363 [main] DEBUG o.s.core.env.MutablePropertySources - Adding [systemEnvironment] PropertySource with lowest search precedence
10:13:59.363 [main] DEBUG o.s.core.env.MutablePropertySources - Adding [class path resource [config/application.properties]] PropertySource with lowest search precedence
10:13:59.363 [main] DEBUG o.s.core.env.MutablePropertySources - Adding [localProperties] PropertySource with lowest search precedence
10:13:59.363 [main] DEBUG o.s.c.e.PropertySourcesPropertyResolver - Searching for key 'shib.uin' in [systemProperties]
10:13:59.363 [main] DEBUG o.s.c.e.PropertySourcesPropertyResolver - Searching for key 'shib.uin' in [systemEnvironment]
10:13:59.363 [main] DEBUG o.s.c.e.PropertySourcesPropertyResolver - Searching for key 'shib.uin' in [class path resource [config/application.properties]]
10:13:59.363 [main] DEBUG o.s.c.e.PropertySourcesPropertyResolver - Found key 'shib.uin' in [class path resource [config/application.properties]] with type [String] and value 'tamuuin'
10:13:59.363 [main] DEBUG o.s.core.env.MutablePropertySources - Adding [systemProperties] PropertySource with lowest search precedence
10:13:59.363 [main] DEBUG o.s.core.env.MutablePropertySources - Adding [systemEnvironment] PropertySource with lowest search precedence
10:13:59.363 [main] DEBUG o.s.core.env.MutablePropertySources - Adding [class path resource [config/application.properties]] PropertySource with lowest search precedence
10:13:59.363 [main] DEBUG o.s.core.env.MutablePropertySources - Adding [localProperties] PropertySource with lowest search precedence
10:13:59.363 [main] DEBUG o.s.c.e.PropertySourcesPropertyResolver - Searching for key 'spring.datasource.defaultAutoCommit' in [systemProperties]
10:13:59.363 [main] DEBUG o.s.c.e.PropertySourcesPropertyResolver - Searching for key 'spring.datasource.defaultAutoCommit' in [systemEnvironment]
10:13:59.363 [main] DEBUG o.s.c.e.PropertySourcesPropertyResolver - Searching for key 'spring.datasource.defaultAutoCommit' in [class path resource [config/application.properties]]
10:13:59.363 [main] DEBUG o.s.c.e.PropertySourcesPropertyResolver - Found key 'spring.datasource.defaultAutoCommit' in [class path resource [config/application.properties]] with type [String] and value 'false'
10:13:59.363 [main] DEBUG o.s.core.env.MutablePropertySources - Adding [systemProperties] PropertySource with lowest search precedence
10:13:59.363 [main] DEBUG o.s.core.env.MutablePropertySources - Adding [systemEnvironment] PropertySource with lowest search precedence
10:13:59.363 [main] DEBUG o.s.core.env.MutablePropertySources - Adding [class path resource [config/application.properties]] PropertySource with lowest search precedence
10:13:59.363 [main] DEBUG o.s.core.env.MutablePropertySources - Adding [localProperties] PropertySource with lowest search precedence
10:13:59.363 [main] DEBUG o.s.c.e.PropertySourcesPropertyResolver - Searching for key 'spring.datasource.username' in [systemProperties]
10:13:59.363 [main] DEBUG o.s.c.e.PropertySourcesPropertyResolver - Searching for key 'spring.datasource.username' in [systemEnvironment]
10:13:59.363 [main] DEBUG o.s.c.e.PropertySourcesPropertyResolver - Searching for key 'spring.datasource.username' in [class path resource [config/application.properties]]
10:13:59.363 [main] DEBUG o.s.c.e.PropertySourcesPropertyResolver - Found key 'spring.datasource.username' in [class path resource [config/application.properties]] with type [String] and value 'spring'
10:13:59.363 [main] DEBUG o.s.core.env.MutablePropertySources - Adding [systemProperties] PropertySource with lowest search precedence
10:13:59.363 [main] DEBUG o.s.core.env.MutablePropertySources - Adding [systemEnvironment] PropertySource with lowest search precedence
10:13:59.363 [main] DEBUG o.s.core.env.MutablePropertySources - Adding [class path resource [config/application.properties]] PropertySource with lowest search precedence
10:13:59.363 [main] DEBUG o.s.core.env.MutablePropertySources - Adding [localProperties] PropertySource with lowest search precedence
10:13:59.363 [main] DEBUG o.s.c.e.PropertySourcesPropertyResolver - Searching for key 'app.service.voyager.host' in [systemProperties]
10:13:59.363 [main] DEBUG o.s.c.e.PropertySourcesPropertyResolver - Searching for key 'app.service.voyager.host' in [systemEnvironment]
10:13:59.363 [main] DEBUG o.s.c.e.PropertySourcesPropertyResolver - Searching for key 'app.service.voyager.host' in [class path resource [config/application.properties]]
10:13:59.363 [main] DEBUG o.s.c.e.PropertySourcesPropertyResolver - Found key 'app.service.voyager.host' in [class path resource [config/application.properties]] with type [String] and value 'surprise.tamu.edu'
10:13:59.363 [main] DEBUG o.s.core.env.MutablePropertySources - Adding [systemProperties] PropertySource with lowest search precedence
10:13:59.363 [main] DEBUG o.s.core.env.MutablePropertySources - Adding [systemEnvironment] PropertySource with lowest search precedence
10:13:59.363 [main] DEBUG o.s.core.env.MutablePropertySources - Adding [class path resource [config/application.properties]] PropertySource with lowest search precedence
10:13:59.363 [main] DEBUG o.s.core.env.MutablePropertySources - Adding [localProperties] PropertySource with lowest search precedence
10:13:59.363 [main] DEBUG o.s.c.e.PropertySourcesPropertyResolver - Searching for key 'logging.level.org.springframework' in [systemProperties]
10:13:59.363 [main] DEBUG o.s.c.e.PropertySourcesPropertyResolver - Searching for key 'logging.level.org.springframework' in [systemEnvironment]
10:13:59.363 [main] DEBUG o.s.c.e.PropertySourcesPropertyResolver - Searching for key 'logging.level.org.springframework' in [class path resource [config/application.properties]]
10:13:59.363 [main] DEBUG o.s.c.e.PropertySourcesPropertyResolver - Found key 'logging.level.org.springframework' in [class path resource [config/application.properties]] with type [String] and value 'INFO'
10:13:59.363 [main] DEBUG o.s.core.env.MutablePropertySources - Adding [systemProperties] PropertySource with lowest search precedence
10:13:59.364 [main] DEBUG o.s.core.env.MutablePropertySources - Adding [systemEnvironment] PropertySource with lowest search precedence
10:13:59.364 [main] DEBUG o.s.core.env.MutablePropertySources - Adding [class path resource [config/application.properties]] PropertySource with lowest search precedence
10:13:59.364 [main] DEBUG o.s.core.env.MutablePropertySources - Adding [localProperties] PropertySource with lowest search precedence
10:13:59.364 [main] DEBUG o.s.c.e.PropertySourcesPropertyResolver - Searching for key 'spring.datasource.driverClassName' in [systemProperties]
10:13:59.364 [main] DEBUG o.s.c.e.PropertySourcesPropertyResolver - Searching for key 'spring.datasource.driverClassName' in [systemEnvironment]
10:13:59.364 [main] DEBUG o.s.c.e.PropertySourcesPropertyResolver - Searching for key 'spring.datasource.driverClassName' in [class path resource [config/application.properties]]
10:13:59.364 [main] DEBUG o.s.c.e.PropertySourcesPropertyResolver - Found key 'spring.datasource.driverClassName' in [class path resource [config/application.properties]] with type [String] and value 'org.postgresql.Driver'
10:13:59.364 [main] DEBUG o.s.core.env.MutablePropertySources - Adding [systemProperties] PropertySource with lowest search precedence
10:13:59.364 [main] DEBUG o.s.core.env.MutablePropertySources - Adding [systemEnvironment] PropertySource with lowest search precedence
10:13:59.364 [main] DEBUG o.s.core.env.MutablePropertySources - Adding [class path resource [config/application.properties]] PropertySource with lowest search precedence
10:13:59.364 [main] DEBUG o.s.core.env.MutablePropertySources - Adding [localProperties] PropertySource with lowest search precedence
10:13:59.364 [main] DEBUG o.s.c.e.PropertySourcesPropertyResolver - Searching for key 'app.authority.admins' in [systemProperties]
10:13:59.364 [main] DEBUG o.s.c.e.PropertySourcesPropertyResolver - Searching for key 'app.authority.admins' in [systemEnvironment]
10:13:59.364 [main] DEBUG o.s.c.e.PropertySourcesPropertyResolver - Searching for key 'app.authority.admins' in [class path resource [config/application.properties]]
10:13:59.364 [main] DEBUG o.s.c.e.PropertySourcesPropertyResolver - Found key 'app.authority.admins' in [class path resource [config/application.properties]] with type [String] and value '402001311,613001223,102001721,222004429,709005486,523008230,724001395,123456789'
10:13:59.364 [main] DEBUG o.s.core.env.MutablePropertySources - Adding [systemProperties] PropertySource with lowest search precedence
10:13:59.364 [main] DEBUG o.s.core.env.MutablePropertySources - Adding [systemEnvironment] PropertySource with lowest search precedence
10:13:59.364 [main] DEBUG o.s.core.env.MutablePropertySources - Adding [class path resource [config/application.properties]] PropertySource with lowest search precedence
10:13:59.364 [main] DEBUG o.s.core.env.MutablePropertySources - Adding [localProperties] PropertySource with lowest search precedence
10:13:59.364 [main] DEBUG o.s.c.e.PropertySourcesPropertyResolver - Searching for key 'shib.lastName' in [systemProperties]
10:13:59.364 [main] DEBUG o.s.c.e.PropertySourcesPropertyResolver - Searching for key 'shib.lastName' in [systemEnvironment]
10:13:59.364 [main] DEBUG o.s.c.e.PropertySourcesPropertyResolver - Searching for key 'shib.lastName' in [class path resource [config/application.properties]]
10:13:59.364 [main] DEBUG o.s.c.e.PropertySourcesPropertyResolver - Found key 'shib.lastName' in [class path resource [config/application.properties]] with type [String] and value 'tdl-sn'
10:13:59.364 [main] DEBUG o.s.core.env.MutablePropertySources - Adding [systemProperties] PropertySource with lowest search precedence
10:13:59.364 [main] DEBUG o.s.core.env.MutablePropertySources - Adding [systemEnvironment] PropertySource with lowest search precedence
10:13:59.364 [main] DEBUG o.s.core.env.MutablePropertySources - Adding [class path resource [config/application.properties]] PropertySource with lowest search precedence
10:13:59.364 [main] DEBUG o.s.core.env.MutablePropertySources - Adding [localProperties] PropertySource with lowest search precedence
10:13:59.364 [main] DEBUG o.s.c.e.PropertySourcesPropertyResolver - Searching for key 'app.email.host' in [systemProperties]
10:13:59.364 [main] DEBUG o.s.c.e.PropertySourcesPropertyResolver - Searching for key 'app.email.host' in [systemEnvironment]
10:13:59.364 [main] DEBUG o.s.c.e.PropertySourcesPropertyResolver - Searching for key 'app.email.host' in [class path resource [config/application.properties]]
10:13:59.364 [main] DEBUG o.s.c.e.PropertySourcesPropertyResolver - Found key 'app.email.host' in [class path resource [config/application.properties]] with type [String] and value 'relay.tamu.edu'
10:13:59.364 [main] DEBUG o.s.core.env.MutablePropertySources - Adding [systemProperties] PropertySource with lowest search precedence
10:13:59.364 [main] DEBUG o.s.core.env.MutablePropertySources - Adding [systemEnvironment] PropertySource with lowest search precedence
10:13:59.364 [main] DEBUG o.s.core.env.MutablePropertySources - Adding [class path resource [config/application.properties]] PropertySource with lowest search precedence
10:13:59.364 [main] DEBUG o.s.core.env.MutablePropertySources - Adding [localProperties] PropertySource with lowest search precedence
10:13:59.364 [main] DEBUG o.s.c.e.PropertySourcesPropertyResolver - Searching for key 'server.port' in [systemProperties]
10:13:59.364 [main] DEBUG o.s.c.e.PropertySourcesPropertyResolver - Searching for key 'server.port' in [systemEnvironment]
10:13:59.364 [main] DEBUG o.s.c.e.PropertySourcesPropertyResolver - Searching for key 'server.port' in [class path resource [config/application.properties]]
10:13:59.364 [main] DEBUG o.s.c.e.PropertySourcesPropertyResolver - Found key 'server.port' in [class path resource [config/application.properties]] with type [String] and value '9000'
10:13:59.364 [main] DEBUG o.s.core.env.MutablePropertySources - Adding [systemProperties] PropertySource with lowest search precedence
10:13:59.364 [main] DEBUG o.s.core.env.MutablePropertySources - Adding [systemEnvironment] PropertySource with lowest search precedence
10:13:59.364 [main] DEBUG o.s.core.env.MutablePropertySources - Adding [class path resource [config/application.properties]] PropertySource with lowest search precedence
10:13:59.364 [main] DEBUG o.s.core.env.MutablePropertySources - Adding [localProperties] PropertySource with lowest search precedence
10:13:59.364 [main] DEBUG o.s.c.e.PropertySourcesPropertyResolver - Searching for key 'spring.jpa.hibernate.ddl-auto' in [systemProperties]
10:13:59.364 [main] DEBUG o.s.c.e.PropertySourcesPropertyResolver - Searching for key 'spring.jpa.hibernate.ddl-auto' in [systemEnvironment]
10:13:59.364 [main] DEBUG o.s.c.e.PropertySourcesPropertyResolver - Searching for key 'spring.jpa.hibernate.ddl-auto' in [class path resource [config/application.properties]]
10:13:59.364 [main] DEBUG o.s.c.e.PropertySourcesPropertyResolver - Found key 'spring.jpa.hibernate.ddl-auto' in [class path resource [config/application.properties]] with type [String] and value 'create'
10:13:59.364 [main] DEBUG o.s.core.env.MutablePropertySources - Adding [systemProperties] PropertySource with lowest search precedence
10:13:59.364 [main] DEBUG o.s.core.env.MutablePropertySources - Adding [systemEnvironment] PropertySource with lowest search precedence
10:13:59.364 [main] DEBUG o.s.core.env.MutablePropertySources - Adding [class path resource [config/application.properties]] PropertySource with lowest search precedence
10:13:59.364 [main] DEBUG o.s.core.env.MutablePropertySources - Adding [localProperties] PropertySource with lowest search precedence
10:13:59.364 [main] DEBUG o.s.c.e.PropertySourcesPropertyResolver - Searching for key 'app.security.allow-access' in [systemProperties]
10:13:59.364 [main] DEBUG o.s.c.e.PropertySourcesPropertyResolver - Searching for key 'app.security.allow-access' in [systemEnvironment]
10:13:59.364 [main] DEBUG o.s.c.e.PropertySourcesPropertyResolver - Searching for key 'app.security.allow-access' in [class path resource [config/application.properties]]
10:13:59.364 [main] DEBUG o.s.c.e.PropertySourcesPropertyResolver - Found key 'app.security.allow-access' in [class path resource [config/application.properties]] with type [String] and value 'http://localhost,http://machuff.tamu.edu,http://imacdev.tamu.edu,http://savell.evans.tamu.edu,http://jcreel.tamu.edu'
10:13:59.368 [main] DEBUG o.s.b.f.s.DefaultListableBeanFactory - Returning cached instance of singleton bean 'org.springframework.transaction.config.internalTransactionAdvisor'
10:13:59.368 [main] DEBUG o.s.b.f.s.DefaultListableBeanFactory - Returning cached instance of singleton bean 'org.springframework.transaction.config.internalTransactionAdvisor'
10:13:59.369 [main] DEBUG o.s.s.a.ScheduledAnnotationBeanPostProcessor - No @Scheduled annotations found on bean class: class edu.tamu.framework.model.repo.SymlinkRepo
10:13:59.369 [main] DEBUG o.s.aop.framework.CglibAopProxy - Creating CGLIB proxy: target source is SingletonTargetSource for target object [edu.tamu.framework.model.repo.SymlinkRepo@1537e43]
10:13:59.369 [main] DEBUG o.s.b.f.s.DefaultListableBeanFactory - Finished creating instance of bean 'symlinkRepo'
10:13:59.369 [main] DEBUG o.s.b.f.s.DefaultListableBeanFactory - Creating shared instance of singleton bean 'httpRequestService'
10:13:59.369 [main] DEBUG o.s.b.f.s.DefaultListableBeanFactory - Creating instance of bean 'httpRequestService'
10:13:59.369 [main] DEBUG o.s.b.f.s.DefaultListableBeanFactory - Returning cached instance of singleton bean 'org.springframework.transaction.config.internalTransactionAdvisor'
10:13:59.370 [main] DEBUG o.s.b.f.s.DefaultListableBeanFactory - Eagerly caching bean 'httpRequestService' to allow for resolving potential circular references
10:13:59.370 [main] DEBUG o.s.b.f.s.DefaultListableBeanFactory - Returning cached instance of singleton bean 'org.springframework.transaction.config.internalTransactionAdvisor'
10:13:59.370 [main] DEBUG o.s.b.f.s.DefaultListableBeanFactory - Returning cached instance of singleton bean 'org.springframework.transaction.config.internalTransactionAdvisor'
10:13:59.370 [main] DEBUG o.s.s.a.ScheduledAnnotationBeanPostProcessor - No @Scheduled annotations found on bean class: class edu.tamu.framework.service.HttpRequestService
10:13:59.370 [main] DEBUG o.s.b.f.s.DefaultListableBeanFactory - Finished creating instance of bean 'httpRequestService'
10:13:59.370 [main] DEBUG o.s.b.f.s.DefaultListableBeanFactory - Creating shared instance of singleton bean 'stompConnectionService'
10:13:59.370 [main] DEBUG o.s.b.f.s.DefaultListableBeanFactory - Creating instance of bean 'stompConnectionService'
10:13:59.370 [main] DEBUG o.s.b.f.s.DefaultListableBeanFactory - Returning cached instance of singleton bean 'org.springframework.transaction.config.internalTransactionAdvisor'
10:13:59.371 [main] DEBUG o.s.b.f.s.DefaultListableBeanFactory - Eagerly caching bean 'stompConnectionService' to allow for resolving potential circular references
10:13:59.371 [main] DEBUG o.s.b.f.s.DefaultListableBeanFactory - Returning cached instance of singleton bean 'org.springframework.transaction.config.internalTransactionAdvisor'
10:13:59.371 [main] DEBUG o.s.b.f.s.DefaultListableBeanFactory - Returning cached instance of singleton bean 'org.springframework.transaction.config.internalTransactionAdvisor'
10:13:59.371 [main] DEBUG o.s.s.a.ScheduledAnnotationBeanPostProcessor - No @Scheduled annotations found on bean class: class edu.tamu.framework.service.StompConnectionService
10:13:59.371 [main] DEBUG o.s.b.f.s.DefaultListableBeanFactory - Finished creating instance of bean 'stompConnectionService'
10:13:59.371 [main] DEBUG o.s.b.f.s.DefaultListableBeanFactory - Creating shared instance of singleton bean 'webSocketRequestService'
10:13:59.371 [main] DEBUG o.s.b.f.s.DefaultListableBeanFactory - Creating instance of bean 'webSocketRequestService'
10:13:59.371 [main] DEBUG o.s.b.f.s.DefaultListableBeanFactory - Returning cached instance of singleton bean 'org.springframework.transaction.config.internalTransactionAdvisor'
10:13:59.371 [main] DEBUG o.s.b.f.s.DefaultListableBeanFactory - Eagerly caching bean 'webSocketRequestService' to allow for resolving potential circular references
10:13:59.371 [main] DEBUG o.s.b.f.s.DefaultListableBeanFactory - Returning cached instance of singleton bean 'org.springframework.transaction.config.internalTransactionAdvisor'
10:13:59.371 [main] DEBUG o.s.b.f.s.DefaultListableBeanFactory - Returning cached instance of singleton bean 'org.springframework.transaction.config.internalTransactionAdvisor'
10:13:59.372 [main] DEBUG o.s.s.a.ScheduledAnnotationBeanPostProcessor - No @Scheduled annotations found on bean class: class edu.tamu.framework.service.WebSocketRequestService
10:13:59.372 [main] DEBUG o.s.b.f.s.DefaultListableBeanFactory - Finished creating instance of bean 'webSocketRequestService'
10:13:59.372 [main] DEBUG o.s.b.f.s.DefaultListableBeanFactory - Returning cached instance of singleton bean 'emailUtility'
10:13:59.372 [main] DEBUG o.s.b.f.s.DefaultListableBeanFactory - Creating shared instance of singleton bean 'httpUtility'
10:13:59.372 [main] DEBUG o.s.b.f.s.DefaultListableBeanFactory - Creating instance of bean 'httpUtility'
10:13:59.372 [main] DEBUG o.s.b.f.s.DefaultListableBeanFactory - Returning cached instance of singleton bean 'org.springframework.transaction.config.internalTransactionAdvisor'
10:13:59.372 [main] DEBUG o.s.b.f.s.DefaultListableBeanFactory - Eagerly caching bean 'httpUtility' to allow for resolving potential circular references
10:13:59.372 [main] DEBUG o.s.b.f.s.DefaultListableBeanFactory - Returning cached instance of singleton bean 'org.springframework.transaction.config.internalTransactionAdvisor'
10:13:59.372 [main] DEBUG o.s.b.f.s.DefaultListableBeanFactory - Returning cached instance of singleton bean 'org.springframework.transaction.config.internalTransactionAdvisor'
10:13:59.372 [main] DEBUG o.s.s.a.ScheduledAnnotationBeanPostProcessor - No @Scheduled annotations found on bean class: class edu.tamu.framework.util.HttpUtility
10:13:59.372 [main] DEBUG o.s.b.f.s.DefaultListableBeanFactory - Finished creating instance of bean 'httpUtility'
10:13:59.372 [main] DEBUG o.s.b.f.s.DefaultListableBeanFactory - Creating shared instance of singleton bean 'jwtUtility'
10:13:59.372 [main] DEBUG o.s.b.f.s.DefaultListableBeanFactory - Creating instance of bean 'jwtUtility'
10:13:59.372 [main] DEBUG o.s.b.f.s.DefaultListableBeanFactory - Returning cached instance of singleton bean 'org.springframework.transaction.config.internalTransactionAdvisor'
10:13:59.373 [main] DEBUG o.s.b.f.annotation.InjectionMetadata - Registered injected element on class [edu.tamu.framework.util.JwtUtility]: AutowiredFieldElement for private java.lang.String edu.tamu.framework.util.JwtUtility.secret_key
10:13:59.373 [main] DEBUG o.s.b.f.annotation.InjectionMetadata - Registered injected element on class [edu.tamu.framework.util.JwtUtility]: AutowiredFieldElement for public com.fasterxml.jackson.databind.ObjectMapper edu.tamu.framework.util.JwtUtility.objectMapper
10:13:59.373 [main] DEBUG o.s.b.f.s.DefaultListableBeanFactory - Eagerly caching bean 'jwtUtility' to allow for resolving potential circular references
10:13:59.373 [main] DEBUG o.s.b.f.annotation.InjectionMetadata - Processing injected element of bean 'jwtUtility': AutowiredFieldElement for private java.lang.String edu.tamu.framework.util.JwtUtility.secret_key
10:13:59.373 [main] DEBUG o.s.c.e.PropertySourcesPropertyResolver - Searching for key 'auth.security.jwt.secret-key' in [environmentProperties]
10:13:59.373 [main] DEBUG o.s.c.e.PropertySourcesPropertyResolver - Searching for key 'auth.security.jwt.secret-key' in [systemProperties]
10:13:59.373 [main] DEBUG o.s.c.e.PropertySourcesPropertyResolver - Searching for key 'auth.security.jwt.secret-key' in [systemEnvironment]
10:13:59.373 [main] DEBUG o.s.c.e.PropertySourcesPropertyResolver - Searching for key 'auth.security.jwt.secret-key' in [class path resource [config/application.properties]]
10:13:59.373 [main] DEBUG o.s.c.e.PropertySourcesPropertyResolver - Could not find key 'auth.security.jwt.secret-key' in any property source. Returning [null]
10:13:59.373 [main] DEBUG o.s.c.e.PropertySourcesPropertyResolver - Searching for key 'auth.security.jwt.secret-key' in [localProperties]
10:13:59.373 [main] DEBUG o.s.c.e.PropertySourcesPropertyResolver - Could not find key 'auth.security.jwt.secret-key' in any property source. Returning [null]
10:13:59.374 [main] WARN  o.s.c.s.GenericApplicationContext - Exception encountered during context initialization - cancelling refresh attempt
org.springframework.beans.factory.BeanCreationException: Error creating bean with name 'jwtUtility': Injection of autowired dependencies failed; nested exception is org.springframework.beans.factory.BeanCreationException: Could not autowire field: private java.lang.String edu.tamu.framework.util.JwtUtility.secret_key; nested exception is java.lang.IllegalArgumentException: Could not resolve placeholder 'auth.security.jwt.secret-key' in string value "${auth.security.jwt.secret-key}"
	at org.springframework.beans.factory.annotation.AutowiredAnnotationBeanPostProcessor.postProcessPropertyValues(AutowiredAnnotationBeanPostProcessor.java:334) ~[spring-beans-4.1.8.RELEASE.jar:4.1.8.RELEASE]
	at org.springframework.beans.factory.support.AbstractAutowireCapableBeanFactory.populateBean(AbstractAutowireCapableBeanFactory.java:1208) ~[spring-beans-4.1.8.RELEASE.jar:4.1.8.RELEASE]
	at org.springframework.beans.factory.support.AbstractAutowireCapableBeanFactory.doCreateBean(AbstractAutowireCapableBeanFactory.java:537) ~[spring-beans-4.1.8.RELEASE.jar:4.1.8.RELEASE]
	at org.springframework.beans.factory.support.AbstractAutowireCapableBeanFactory.createBean(AbstractAutowireCapableBeanFactory.java:476) ~[spring-beans-4.1.8.RELEASE.jar:4.1.8.RELEASE]
	at org.springframework.beans.factory.support.AbstractBeanFactory$1.getObject(AbstractBeanFactory.java:303) ~[spring-beans-4.1.8.RELEASE.jar:4.1.8.RELEASE]
	at org.springframework.beans.factory.support.DefaultSingletonBeanRegistry.getSingleton(DefaultSingletonBeanRegistry.java:230) ~[spring-beans-4.1.8.RELEASE.jar:4.1.8.RELEASE]
	at org.springframework.beans.factory.support.AbstractBeanFactory.doGetBean(AbstractBeanFactory.java:299) ~[spring-beans-4.1.8.RELEASE.jar:4.1.8.RELEASE]
	at org.springframework.beans.factory.support.AbstractBeanFactory.getBean(AbstractBeanFactory.java:194) ~[spring-beans-4.1.8.RELEASE.jar:4.1.8.RELEASE]
	at org.springframework.beans.factory.support.DefaultListableBeanFactory.preInstantiateSingletons(DefaultListableBeanFactory.java:755) ~[spring-beans-4.1.8.RELEASE.jar:4.1.8.RELEASE]
	at org.springframework.context.support.AbstractApplicationContext.finishBeanFactoryInitialization(AbstractApplicationContext.java:759) ~[spring-context-4.1.8.RELEASE.jar:4.1.8.RELEASE]
	at org.springframework.context.support.AbstractApplicationContext.refresh(AbstractApplicationContext.java:480) ~[spring-context-4.1.8.RELEASE.jar:4.1.8.RELEASE]
	at org.springframework.test.context.support.AbstractGenericContextLoader.loadContext(AbstractGenericContextLoader.java:125) [spring-test-4.1.8.RELEASE.jar:4.1.8.RELEASE]
	at org.springframework.test.context.support.AbstractGenericContextLoader.loadContext(AbstractGenericContextLoader.java:60) [spring-test-4.1.8.RELEASE.jar:4.1.8.RELEASE]
	at org.springframework.test.context.support.AbstractDelegatingSmartContextLoader.delegateLoading(AbstractDelegatingSmartContextLoader.java:109) [spring-test-4.1.8.RELEASE.jar:4.1.8.RELEASE]
	at org.springframework.test.context.support.AbstractDelegatingSmartContextLoader.loadContext(AbstractDelegatingSmartContextLoader.java:261) [spring-test-4.1.8.RELEASE.jar:4.1.8.RELEASE]
	at org.springframework.test.context.DefaultCacheAwareContextLoaderDelegate.loadContextInternal(DefaultCacheAwareContextLoaderDelegate.java:68) [spring-test-4.1.8.RELEASE.jar:4.1.8.RELEASE]
	at org.springframework.test.context.DefaultCacheAwareContextLoaderDelegate.loadContext(DefaultCacheAwareContextLoaderDelegate.java:86) [spring-test-4.1.8.RELEASE.jar:4.1.8.RELEASE]
	at org.springframework.test.context.DefaultTestContext.getApplicationContext(DefaultTestContext.java:72) [spring-test-4.1.8.RELEASE.jar:4.1.8.RELEASE]
	at org.springframework.test.context.support.DependencyInjectionTestExecutionListener.injectDependencies(DependencyInjectionTestExecutionListener.java:117) [spring-test-4.1.8.RELEASE.jar:4.1.8.RELEASE]
	at org.springframework.test.context.support.DependencyInjectionTestExecutionListener.prepareTestInstance(DependencyInjectionTestExecutionListener.java:83) [spring-test-4.1.8.RELEASE.jar:4.1.8.RELEASE]
	at org.springframework.test.context.TestContextManager.prepareTestInstance(TestContextManager.java:212) [spring-test-4.1.8.RELEASE.jar:4.1.8.RELEASE]
	at org.springframework.test.context.junit4.SpringJUnit4ClassRunner.createTest(SpringJUnit4ClassRunner.java:200) [spring-test-4.1.8.RELEASE.jar:4.1.8.RELEASE]
	at org.springframework.test.context.junit4.SpringJUnit4ClassRunner$1.runReflectiveCall(SpringJUnit4ClassRunner.java:259) [spring-test-4.1.8.RELEASE.jar:4.1.8.RELEASE]
	at org.junit.internal.runners.model.ReflectiveCallable.run(ReflectiveCallable.java:12) [junit-4.12.jar:4.12]
	at org.springframework.test.context.junit4.SpringJUnit4ClassRunner.methodBlock(SpringJUnit4ClassRunner.java:261) [spring-test-4.1.8.RELEASE.jar:4.1.8.RELEASE]
	at org.springframework.test.context.junit4.SpringJUnit4ClassRunner.runChild(SpringJUnit4ClassRunner.java:219) [spring-test-4.1.8.RELEASE.jar:4.1.8.RELEASE]
	at org.springframework.test.context.junit4.SpringJUnit4ClassRunner.runChild(SpringJUnit4ClassRunner.java:83) [spring-test-4.1.8.RELEASE.jar:4.1.8.RELEASE]
	at org.junit.runners.ParentRunner$3.run(ParentRunner.java:290) [junit-4.12.jar:4.12]
	at org.junit.runners.ParentRunner$1.schedule(ParentRunner.java:71) [junit-4.12.jar:4.12]
	at org.junit.runners.ParentRunner.runChildren(ParentRunner.java:288) [junit-4.12.jar:4.12]
	at org.junit.runners.ParentRunner.access$000(ParentRunner.java:58) [junit-4.12.jar:4.12]
	at org.junit.runners.ParentRunner$2.evaluate(ParentRunner.java:268) [junit-4.12.jar:4.12]
	at org.springframework.test.context.junit4.statements.RunBeforeTestClassCallbacks.evaluate(RunBeforeTestClassCallbacks.java:61) [spring-test-4.1.8.RELEASE.jar:4.1.8.RELEASE]
	at org.springframework.test.context.junit4.statements.RunAfterTestClassCallbacks.evaluate(RunAfterTestClassCallbacks.java:70) [spring-test-4.1.8.RELEASE.jar:4.1.8.RELEASE]
	at org.junit.runners.ParentRunner.run(ParentRunner.java:363) [junit-4.12.jar:4.12]
	at org.springframework.test.context.junit4.SpringJUnit4ClassRunner.run(SpringJUnit4ClassRunner.java:163) [spring-test-4.1.8.RELEASE.jar:4.1.8.RELEASE]
	at org.apache.maven.surefire.junit4.JUnit4Provider.execute(JUnit4Provider.java:264) [surefire-junit4-2.17.jar:2.17]
	at org.apache.maven.surefire.junit4.JUnit4Provider.executeTestSet(JUnit4Provider.java:153) [surefire-junit4-2.17.jar:2.17]
	at org.apache.maven.surefire.junit4.JUnit4Provider.invoke(JUnit4Provider.java:124) [surefire-junit4-2.17.jar:2.17]
	at org.apache.maven.surefire.booter.ForkedBooter.invokeProviderInSameClassLoader(ForkedBooter.java:200) [surefire-booter-2.17.jar:2.17]
	at org.apache.maven.surefire.booter.ForkedBooter.runSuitesInProcess(ForkedBooter.java:153) [surefire-booter-2.17.jar:2.17]
	at org.apache.maven.surefire.booter.ForkedBooter.main(ForkedBooter.java:103) [surefire-booter-2.17.jar:2.17]
Caused by: org.springframework.beans.factory.BeanCreationException: Could not autowire field: private java.lang.String edu.tamu.framework.util.JwtUtility.secret_key; nested exception is java.lang.IllegalArgumentException: Could not resolve placeholder 'auth.security.jwt.secret-key' in string value "${auth.security.jwt.secret-key}"
	at org.springframework.beans.factory.annotation.AutowiredAnnotationBeanPostProcessor$AutowiredFieldElement.inject(AutowiredAnnotationBeanPostProcessor.java:561) ~[spring-beans-4.1.8.RELEASE.jar:4.1.8.RELEASE]
	at org.springframework.beans.factory.annotation.InjectionMetadata.inject(InjectionMetadata.java:88) ~[spring-beans-4.1.8.RELEASE.jar:4.1.8.RELEASE]
	at org.springframework.beans.factory.annotation.AutowiredAnnotationBeanPostProcessor.postProcessPropertyValues(AutowiredAnnotationBeanPostProcessor.java:331) ~[spring-beans-4.1.8.RELEASE.jar:4.1.8.RELEASE]
	... 41 common frames omitted
Caused by: java.lang.IllegalArgumentException: Could not resolve placeholder 'auth.security.jwt.secret-key' in string value "${auth.security.jwt.secret-key}"
	at org.springframework.util.PropertyPlaceholderHelper.parseStringValue(PropertyPlaceholderHelper.java:174) ~[spring-core-4.1.8.RELEASE.jar:4.1.8.RELEASE]
	at org.springframework.util.PropertyPlaceholderHelper.replacePlaceholders(PropertyPlaceholderHelper.java:126) ~[spring-core-4.1.8.RELEASE.jar:4.1.8.RELEASE]
	at org.springframework.core.env.AbstractPropertyResolver.doResolvePlaceholders(AbstractPropertyResolver.java:204) ~[spring-core-4.1.8.RELEASE.jar:4.1.8.RELEASE]
	at org.springframework.core.env.AbstractPropertyResolver.resolveRequiredPlaceholders(AbstractPropertyResolver.java:178) ~[spring-core-4.1.8.RELEASE.jar:4.1.8.RELEASE]
	at org.springframework.context.support.PropertySourcesPlaceholderConfigurer$2.resolveStringValue(PropertySourcesPlaceholderConfigurer.java:175) ~[spring-context-4.1.8.RELEASE.jar:4.1.8.RELEASE]
	at org.springframework.beans.factory.support.AbstractBeanFactory.resolveEmbeddedValue(AbstractBeanFactory.java:801) ~[spring-beans-4.1.8.RELEASE.jar:4.1.8.RELEASE]
	at org.springframework.beans.factory.support.DefaultListableBeanFactory.doResolveDependency(DefaultListableBeanFactory.java:955) ~[spring-beans-4.1.8.RELEASE.jar:4.1.8.RELEASE]
	at org.springframework.beans.factory.support.DefaultListableBeanFactory.resolveDependency(DefaultListableBeanFactory.java:942) ~[spring-beans-4.1.8.RELEASE.jar:4.1.8.RELEASE]
	at org.springframework.beans.factory.annotation.AutowiredAnnotationBeanPostProcessor$AutowiredFieldElement.inject(AutowiredAnnotationBeanPostProcessor.java:533) ~[spring-beans-4.1.8.RELEASE.jar:4.1.8.RELEASE]
	... 43 common frames omitted
10:13:59.374 [main] DEBUG o.s.b.f.s.DefaultListableBeanFactory - Destroying singletons in org.springframework.beans.factory.support.DefaultListableBeanFactory@5d878b25: defining beans [org.springframework.context.annotation.internalConfigurationAnnotationProcessor,org.springframework.context.annotation.internalAutowiredAnnotationProcessor,org.springframework.context.annotation.internalRequiredAnnotationProcessor,org.springframework.context.annotation.internalCommonAnnotationProcessor,org.springframework.context.annotation.internalPersistenceAnnotationProcessor,testDataSourceConfiguration,org.springframework.context.annotation.ConfigurationClassPostProcessor.importAwareProcessor,org.springframework.context.annotation.ConfigurationClassPostProcessor.enhancedConfigurationProcessor,coreCorsFilter,coreScheduleConfig,coreSecurityConfig,coreWebAppConfig,coreWebMvcConfig,reportingController,symlinkRepo,httpRequestService,stompConnectionService,webSocketRequestService,emailUtility,httpUtility,jwtUtility,appControllerAspect,appConfig,appWebConfigSupport,appWebMvcConfig,appWebSocketConfig,securityConfig,springContext,adminController,mockAuthServiceController,userController,webServerInit,org.springframework.scheduling.annotation.SchedulingConfiguration,org.springframework.context.annotation.internalScheduledAnnotationProcessor,taskScheduler,org.springframework.security.config.annotation.authentication.configuration.AuthenticationConfiguration,authenticationManagerBuilder,enableGlobalAuthenticationAutowiredConfigurer,org.springframework.security.config.annotation.web.configuration.WebSecurityConfiguration,delegatingApplicationListener,webSecurityExpressionHandler,springSecurityFilterChain,privilegeEvaluator,autowiredWebSecurityConfigurersIgnoreParents,org.springframework.security.config.annotation.configuration.ObjectPostProcessorConfiguration,objectPostProcessor,org.springframework.security.config.annotation.web.servlet.configuration.WebMvcSecurityConfiguration,requestDataValueProcessor,jackson2Converter,objectMapper,securityContext,stopmConnectionService,stompConnectEvent,stompDisconnectEvent,org.springframework.boot.autoconfigure.web.WebMvcAutoConfiguration$WebMvcAutoConfigurationAdapter$FaviconConfiguration,faviconHandlerMapping,faviconRequestHandler,org.springframework.boot.autoconfigure.web.WebMvcAutoConfiguration$EnableWebMvcConfiguration,requestMappingHandlerAdapter,requestMappingHandlerMapping,mvcContentNegotiationManager,viewControllerHandlerMapping,beanNameHandlerMapping,resourceHandlerMapping,mvcResourceUrlProvider,defaultServletHandlerMapping,mvcConversionService,mvcValidator,mvcPathMatcher,mvcUrlPathHelper,mvcUriComponentsContributor,httpRequestHandlerAdapter,simpleControllerHandlerAdapter,handlerExceptionResolver,mvcViewResolver,resourceUrlEncodingFilter,org.springframework.boot.autoconfigure.condition.BeanTypeRegistry,defaultViewResolver,requestContextListener,viewResolver,spring.mvc.CONFIGURATION_PROPERTIES,spring.resources.CONFIGURATION_PROPERTIES,org.springframework.boot.context.properties.ConfigurationPropertiesBindingPostProcessor,org.springframework.boot.context.properties.ConfigurationPropertiesBindingPostProcessor.store,restInterceptor,restRequestMappingHandler,webSocketRequestMappingHandler,org.springframework.web.socket.config.annotation.DelegatingWebSocketMessageBrokerConfiguration,stompWebSocketHandlerMapping,subProtocolWebSocketHandler,messageBrokerSockJsTaskScheduler,webSocketScopeConfigurer,webSocketMessageBrokerStats,clientInboundChannel,clientInboundChannelExecutor,clientOutboundChannel,clientOutboundChannelExecutor,brokerChannel,brokerChannelExecutor,simpAnnotationMethodMessageHandler,simpleBrokerMessageHandler,stompBrokerRelayMessageHandler,userDestinationMessageHandler,brokerMessagingTemplate,brokerMessageConverter,userDestinationResolver,userSessionRegistry,appStompInterceptor,org.springframework.boot.autoconfigure.AutoConfigurationPackages,dataSource,org.springframework.boot.autoconfigure.PropertyPlaceholderAutoConfiguration,propertySourcesPlaceholderConfigurer,org.springframework.boot.autoconfigure.websocket.WebSocketAutoConfiguration$TomcatWebSocketConfiguration,websocketContainerCustomizer,org.springframework.boot.autoconfigure.websocket.WebSocketAutoConfiguration,org.springframework.boot.autoconfigure.aop.AopAutoConfiguration$JdkDynamicAutoProxyConfiguration,org.springframework.aop.config.internalAutoProxyCreator,org.springframework.boot.autoconfigure.aop.AopAutoConfiguration,org.springframework.boot.autoconfigure.jta.JtaAutoConfiguration,spring.jta.CONFIGURATION_PROPERTIES,org.springframework.boot.autoconfigure.jdbc.DataSourceAutoConfiguration$JdbcTemplateConfiguration,jdbcTemplate,namedParameterJdbcTemplate,org.springframework.boot.autoconfigure.jdbc.DataSourceAutoConfiguration$DataSourceInitializerConfiguration,dataSourceInitializer,org.springframework.boot.autoconfigure.jdbc.metadata.DataSourcePoolMetadataProvidersConfiguration$TomcatDataSourcePoolMetadataProviderConfiguration,tomcatPoolDataSourceMetadataProvider,org.springframework.boot.autoconfigure.jdbc.metadata.DataSourcePoolMetadataProvidersConfiguration,org.springframework.boot.autoconfigure.jdbc.DataSourceAutoConfiguration,spring.datasource.CONFIGURATION_PROPERTIES,dataSourceInitializerPostProcessor,org.springframework.boot.autoconfigure.orm.jpa.HibernateJpaAutoConfiguration,transactionManager,jpaVendorAdapter,entityManagerFactoryBuilder,entityManagerFactory,spring.jpa.CONFIGURATION_PROPERTIES,dataSourceInitializedPublisher,org.springframework.boot.autoconfigure.dao.PersistenceExceptionTranslationAutoConfiguration,persistenceExceptionTranslationPostProcessor,org.springframework.boot.autoconfigure.data.jpa.JpaRepositoriesAutoConfiguration,org.springframework.data.repository.core.support.RepositoryInterfaceAwareBeanPostProcessor,foo,jpaMappingContext,userRepoImpl,userRepo,org.springframework.boot.autoconfigure.jackson.JacksonAutoConfiguration$JacksonObjectMapperBuilderConfiguration,jacksonObjectMapperBuilder,http.mappers.CONFIGURATION_PROPERTIES,spring.jackson.CONFIGURATION_PROPERTIES,org.springframework.boot.autoconfigure.jackson.JacksonAutoConfiguration$JacksonObjectMapperConfiguration,org.springframework.boot.autoconfigure.jackson.JacksonAutoConfiguration,org.springframework.boot.autoconfigure.web.HttpMessageConvertersAutoConfiguration$StringHttpMessageConverterConfiguration,stringHttpMessageConverter,spring.http.encoding.CONFIGURATION_PROPERTIES,org.springframework.boot.autoconfigure.web.JacksonHttpMessageConvertersConfiguration$MappingJackson2HttpMessageConverterConfiguration,org.springframework.boot.autoconfigure.web.JacksonHttpMessageConvertersConfiguration,org.springframework.boot.autoconfigure.web.HttpMessageConvertersAutoConfiguration,messageConverters,org.springframework.boot.autoconfigure.jmx.JmxAutoConfiguration,mbeanExporter,objectNamingStrategy,mbeanServer,org.springframework.transaction.annotation.ProxyTransactionManagementConfiguration,org.springframework.transaction.config.internalTransactionAdvisor,transactionAttributeSource,transactionInterceptor,org.springframework.boot.autoconfigure.jdbc.DataSourceTransactionManagerAutoConfiguration$TransactionManagementConfiguration,org.springframework.boot.autoconfigure.jdbc.DataSourceTransactionManagerAutoConfiguration,org.springframework.boot.autoconfigure.security.AuthenticationManagerConfiguration$AuthenticationManagerConfigurationListener,org.springframework.boot.autoconfigure.security.AuthenticationManagerConfiguration,authenticationManager,springBootAuthenticationConfigurerAdapter,org.springframework.boot.autoconfigure.security.BootGlobalAuthenticationConfiguration,bootGlobalAuthenticationConfigurationAdapter,org.springframework.boot.autoconfigure.security.SecurityAutoConfiguration,authenticationEventPublisher,securityProperties,org.springframework.boot.autoconfigure.web.HttpEncodingAutoConfiguration,characterEncodingFilter,org.springframework.boot.autoconfigure.web.MultipartAutoConfiguration,multipartConfigElement,multipartResolver,multipart.CONFIGURATION_PROPERTIES,org.springframework.orm.jpa.SharedEntityManagerCreator#0]; root of factory hierarchy
10:13:59.375 [main] DEBUG o.s.b.f.s.DisposableBeanAdapter - Invoking destroy() on bean with name 'objectPostProcessor'
10:13:59.375 [main] DEBUG o.s.b.f.s.DisposableBeanAdapter - Invoking destroy() on bean with name 'entityManagerFactory'
10:13:59.375 [main] INFO  o.s.o.j.LocalContainerEntityManagerFactoryBean - Closing JPA EntityManagerFactory for persistence unit 'default'
10:13:59.375 [main] DEBUG o.h.internal.SessionFactoryImpl - HHH000031: Closing
10:13:59.375 [main] DEBUG o.h.s.i.AbstractServiceRegistryImpl - Implicitly destroying ServiceRegistry on de-registration of all child ServiceRegistries
10:13:59.375 [main] DEBUG o.h.b.r.i.BootstrapServiceRegistryImpl - Implicitly destroying Boot-strap registry on de-registration of all child ServiceRegistries
10:13:59.375 [main] DEBUG o.h.j.i.EntityManagerFactoryRegistry - Remove: name=default
10:13:59.375 [main] DEBUG o.s.b.f.s.DisposableBeanAdapter - Invoking destroy method 'shutdown' on bean with name 'dataSource'
10:13:59.375 [main] DEBUG o.s.j.d.SimpleDriverDataSource - Creating new JDBC Driver Connection to [jdbc:h2:mem:testdb;DB_CLOSE_DELAY=-1;DB_CLOSE_ON_EXIT=false]
10:13:59.376 [main] DEBUG o.s.b.f.s.DisposableBeanAdapter - Invoking destroy() on bean with name 'org.springframework.context.annotation.internalScheduledAnnotationProcessor'
10:13:59.376 [main] DEBUG o.s.b.f.s.DisposableBeanAdapter - Invoking destroy() on bean with name 'org.springframework.boot.context.properties.ConfigurationPropertiesBindingPostProcessor'
10:13:59.377 [main] ERROR o.s.test.context.TestContextManager - Caught exception while allowing TestExecutionListener [org.springframework.test.context.support.DependencyInjectionTestExecutionListener@2b73bd6b] to prepare test instance [edu.tamu.app.model.impl.UserTest@1bedc703]
java.lang.IllegalStateException: Failed to load ApplicationContext
	at org.springframework.test.context.DefaultCacheAwareContextLoaderDelegate.loadContext(DefaultCacheAwareContextLoaderDelegate.java:94) ~[spring-test-4.1.8.RELEASE.jar:4.1.8.RELEASE]
	at org.springframework.test.context.DefaultTestContext.getApplicationContext(DefaultTestContext.java:72) ~[spring-test-4.1.8.RELEASE.jar:4.1.8.RELEASE]
	at org.springframework.test.context.support.DependencyInjectionTestExecutionListener.injectDependencies(DependencyInjectionTestExecutionListener.java:117) ~[spring-test-4.1.8.RELEASE.jar:4.1.8.RELEASE]
	at org.springframework.test.context.support.DependencyInjectionTestExecutionListener.prepareTestInstance(DependencyInjectionTestExecutionListener.java:83) ~[spring-test-4.1.8.RELEASE.jar:4.1.8.RELEASE]
	at org.springframework.test.context.TestContextManager.prepareTestInstance(TestContextManager.java:212) ~[spring-test-4.1.8.RELEASE.jar:4.1.8.RELEASE]
	at org.springframework.test.context.junit4.SpringJUnit4ClassRunner.createTest(SpringJUnit4ClassRunner.java:200) [spring-test-4.1.8.RELEASE.jar:4.1.8.RELEASE]
	at org.springframework.test.context.junit4.SpringJUnit4ClassRunner$1.runReflectiveCall(SpringJUnit4ClassRunner.java:259) [spring-test-4.1.8.RELEASE.jar:4.1.8.RELEASE]
	at org.junit.internal.runners.model.ReflectiveCallable.run(ReflectiveCallable.java:12) [junit-4.12.jar:4.12]
	at org.springframework.test.context.junit4.SpringJUnit4ClassRunner.methodBlock(SpringJUnit4ClassRunner.java:261) [spring-test-4.1.8.RELEASE.jar:4.1.8.RELEASE]
	at org.springframework.test.context.junit4.SpringJUnit4ClassRunner.runChild(SpringJUnit4ClassRunner.java:219) [spring-test-4.1.8.RELEASE.jar:4.1.8.RELEASE]
	at org.springframework.test.context.junit4.SpringJUnit4ClassRunner.runChild(SpringJUnit4ClassRunner.java:83) [spring-test-4.1.8.RELEASE.jar:4.1.8.RELEASE]
	at org.junit.runners.ParentRunner$3.run(ParentRunner.java:290) [junit-4.12.jar:4.12]
	at org.junit.runners.ParentRunner$1.schedule(ParentRunner.java:71) [junit-4.12.jar:4.12]
	at org.junit.runners.ParentRunner.runChildren(ParentRunner.java:288) [junit-4.12.jar:4.12]
	at org.junit.runners.ParentRunner.access$000(ParentRunner.java:58) [junit-4.12.jar:4.12]
	at org.junit.runners.ParentRunner$2.evaluate(ParentRunner.java:268) [junit-4.12.jar:4.12]
	at org.springframework.test.context.junit4.statements.RunBeforeTestClassCallbacks.evaluate(RunBeforeTestClassCallbacks.java:61) [spring-test-4.1.8.RELEASE.jar:4.1.8.RELEASE]
	at org.springframework.test.context.junit4.statements.RunAfterTestClassCallbacks.evaluate(RunAfterTestClassCallbacks.java:70) [spring-test-4.1.8.RELEASE.jar:4.1.8.RELEASE]
	at org.junit.runners.ParentRunner.run(ParentRunner.java:363) [junit-4.12.jar:4.12]
	at org.springframework.test.context.junit4.SpringJUnit4ClassRunner.run(SpringJUnit4ClassRunner.java:163) [spring-test-4.1.8.RELEASE.jar:4.1.8.RELEASE]
	at org.apache.maven.surefire.junit4.JUnit4Provider.execute(JUnit4Provider.java:264) [surefire-junit4-2.17.jar:2.17]
	at org.apache.maven.surefire.junit4.JUnit4Provider.executeTestSet(JUnit4Provider.java:153) [surefire-junit4-2.17.jar:2.17]
	at org.apache.maven.surefire.junit4.JUnit4Provider.invoke(JUnit4Provider.java:124) [surefire-junit4-2.17.jar:2.17]
	at org.apache.maven.surefire.booter.ForkedBooter.invokeProviderInSameClassLoader(ForkedBooter.java:200) [surefire-booter-2.17.jar:2.17]
	at org.apache.maven.surefire.booter.ForkedBooter.runSuitesInProcess(ForkedBooter.java:153) [surefire-booter-2.17.jar:2.17]
	at org.apache.maven.surefire.booter.ForkedBooter.main(ForkedBooter.java:103) [surefire-booter-2.17.jar:2.17]
Caused by: org.springframework.beans.factory.BeanCreationException: Error creating bean with name 'jwtUtility': Injection of autowired dependencies failed; nested exception is org.springframework.beans.factory.BeanCreationException: Could not autowire field: private java.lang.String edu.tamu.framework.util.JwtUtility.secret_key; nested exception is java.lang.IllegalArgumentException: Could not resolve placeholder 'auth.security.jwt.secret-key' in string value "${auth.security.jwt.secret-key}"
	at org.springframework.beans.factory.annotation.AutowiredAnnotationBeanPostProcessor.postProcessPropertyValues(AutowiredAnnotationBeanPostProcessor.java:334) ~[spring-beans-4.1.8.RELEASE.jar:4.1.8.RELEASE]
	at org.springframework.beans.factory.support.AbstractAutowireCapableBeanFactory.populateBean(AbstractAutowireCapableBeanFactory.java:1208) ~[spring-beans-4.1.8.RELEASE.jar:4.1.8.RELEASE]
	at org.springframework.beans.factory.support.AbstractAutowireCapableBeanFactory.doCreateBean(AbstractAutowireCapableBeanFactory.java:537) ~[spring-beans-4.1.8.RELEASE.jar:4.1.8.RELEASE]
	at org.springframework.beans.factory.support.AbstractAutowireCapableBeanFactory.createBean(AbstractAutowireCapableBeanFactory.java:476) ~[spring-beans-4.1.8.RELEASE.jar:4.1.8.RELEASE]
	at org.springframework.beans.factory.support.AbstractBeanFactory$1.getObject(AbstractBeanFactory.java:303) ~[spring-beans-4.1.8.RELEASE.jar:4.1.8.RELEASE]
	at org.springframework.beans.factory.support.DefaultSingletonBeanRegistry.getSingleton(DefaultSingletonBeanRegistry.java:230) ~[spring-beans-4.1.8.RELEASE.jar:4.1.8.RELEASE]
	at org.springframework.beans.factory.support.AbstractBeanFactory.doGetBean(AbstractBeanFactory.java:299) ~[spring-beans-4.1.8.RELEASE.jar:4.1.8.RELEASE]
	at org.springframework.beans.factory.support.AbstractBeanFactory.getBean(AbstractBeanFactory.java:194) ~[spring-beans-4.1.8.RELEASE.jar:4.1.8.RELEASE]
	at org.springframework.beans.factory.support.DefaultListableBeanFactory.preInstantiateSingletons(DefaultListableBeanFactory.java:755) ~[spring-beans-4.1.8.RELEASE.jar:4.1.8.RELEASE]
	at org.springframework.context.support.AbstractApplicationContext.finishBeanFactoryInitialization(AbstractApplicationContext.java:759) ~[spring-context-4.1.8.RELEASE.jar:4.1.8.RELEASE]
	at org.springframework.context.support.AbstractApplicationContext.refresh(AbstractApplicationContext.java:480) ~[spring-context-4.1.8.RELEASE.jar:4.1.8.RELEASE]
	at org.springframework.test.context.support.AbstractGenericContextLoader.loadContext(AbstractGenericContextLoader.java:125) ~[spring-test-4.1.8.RELEASE.jar:4.1.8.RELEASE]
	at org.springframework.test.context.support.AbstractGenericContextLoader.loadContext(AbstractGenericContextLoader.java:60) ~[spring-test-4.1.8.RELEASE.jar:4.1.8.RELEASE]
	at org.springframework.test.context.support.AbstractDelegatingSmartContextLoader.delegateLoading(AbstractDelegatingSmartContextLoader.java:109) ~[spring-test-4.1.8.RELEASE.jar:4.1.8.RELEASE]
	at org.springframework.test.context.support.AbstractDelegatingSmartContextLoader.loadContext(AbstractDelegatingSmartContextLoader.java:261) ~[spring-test-4.1.8.RELEASE.jar:4.1.8.RELEASE]
	at org.springframework.test.context.DefaultCacheAwareContextLoaderDelegate.loadContextInternal(DefaultCacheAwareContextLoaderDelegate.java:68) ~[spring-test-4.1.8.RELEASE.jar:4.1.8.RELEASE]
	at org.springframework.test.context.DefaultCacheAwareContextLoaderDelegate.loadContext(DefaultCacheAwareContextLoaderDelegate.java:86) ~[spring-test-4.1.8.RELEASE.jar:4.1.8.RELEASE]
	... 25 common frames omitted
Caused by: org.springframework.beans.factory.BeanCreationException: Could not autowire field: private java.lang.String edu.tamu.framework.util.JwtUtility.secret_key; nested exception is java.lang.IllegalArgumentException: Could not resolve placeholder 'auth.security.jwt.secret-key' in string value "${auth.security.jwt.secret-key}"
	at org.springframework.beans.factory.annotation.AutowiredAnnotationBeanPostProcessor$AutowiredFieldElement.inject(AutowiredAnnotationBeanPostProcessor.java:561) ~[spring-beans-4.1.8.RELEASE.jar:4.1.8.RELEASE]
	at org.springframework.beans.factory.annotation.InjectionMetadata.inject(InjectionMetadata.java:88) ~[spring-beans-4.1.8.RELEASE.jar:4.1.8.RELEASE]
	at org.springframework.beans.factory.annotation.AutowiredAnnotationBeanPostProcessor.postProcessPropertyValues(AutowiredAnnotationBeanPostProcessor.java:331) ~[spring-beans-4.1.8.RELEASE.jar:4.1.8.RELEASE]
	... 41 common frames omitted
Caused by: java.lang.IllegalArgumentException: Could not resolve placeholder 'auth.security.jwt.secret-key' in string value "${auth.security.jwt.secret-key}"
	at org.springframework.util.PropertyPlaceholderHelper.parseStringValue(PropertyPlaceholderHelper.java:174) ~[spring-core-4.1.8.RELEASE.jar:4.1.8.RELEASE]
	at org.springframework.util.PropertyPlaceholderHelper.replacePlaceholders(PropertyPlaceholderHelper.java:126) ~[spring-core-4.1.8.RELEASE.jar:4.1.8.RELEASE]
	at org.springframework.core.env.AbstractPropertyResolver.doResolvePlaceholders(AbstractPropertyResolver.java:204) ~[spring-core-4.1.8.RELEASE.jar:4.1.8.RELEASE]
	at org.springframework.core.env.AbstractPropertyResolver.resolveRequiredPlaceholders(AbstractPropertyResolver.java:178) ~[spring-core-4.1.8.RELEASE.jar:4.1.8.RELEASE]
	at org.springframework.context.support.PropertySourcesPlaceholderConfigurer$2.resolveStringValue(PropertySourcesPlaceholderConfigurer.java:175) ~[spring-context-4.1.8.RELEASE.jar:4.1.8.RELEASE]
	at org.springframework.beans.factory.support.AbstractBeanFactory.resolveEmbeddedValue(AbstractBeanFactory.java:801) ~[spring-beans-4.1.8.RELEASE.jar:4.1.8.RELEASE]
	at org.springframework.beans.factory.support.DefaultListableBeanFactory.doResolveDependency(DefaultListableBeanFactory.java:955) ~[spring-beans-4.1.8.RELEASE.jar:4.1.8.RELEASE]
	at org.springframework.beans.factory.support.DefaultListableBeanFactory.resolveDependency(DefaultListableBeanFactory.java:942) ~[spring-beans-4.1.8.RELEASE.jar:4.1.8.RELEASE]
	at org.springframework.beans.factory.annotation.AutowiredAnnotationBeanPostProcessor$AutowiredFieldElement.inject(AutowiredAnnotationBeanPostProcessor.java:533) ~[spring-beans-4.1.8.RELEASE.jar:4.1.8.RELEASE]
	... 43 common frames omitted
]]></system-out>
  </testcase>
  <testcase name="testDuplicateUser" classname="edu.tamu.app.model.impl.UserTest" time="0.001">
    <error message="Failed to load ApplicationContext" type="java.lang.IllegalStateException">java.lang.IllegalStateException: Failed to load ApplicationContext
	at org.springframework.test.context.DefaultCacheAwareContextLoaderDelegate.loadContext(DefaultCacheAwareContextLoaderDelegate.java:94)
	at org.springframework.test.context.DefaultTestContext.getApplicationContext(DefaultTestContext.java:72)
	at org.springframework.test.context.support.DependencyInjectionTestExecutionListener.injectDependencies(DependencyInjectionTestExecutionListener.java:117)
	at org.springframework.test.context.support.DependencyInjectionTestExecutionListener.prepareTestInstance(DependencyInjectionTestExecutionListener.java:83)
	at org.springframework.test.context.TestContextManager.prepareTestInstance(TestContextManager.java:212)
	at org.springframework.test.context.junit4.SpringJUnit4ClassRunner.createTest(SpringJUnit4ClassRunner.java:200)
	at org.springframework.test.context.junit4.SpringJUnit4ClassRunner$1.runReflectiveCall(SpringJUnit4ClassRunner.java:259)
	at org.junit.internal.runners.model.ReflectiveCallable.run(ReflectiveCallable.java:12)
	at org.springframework.test.context.junit4.SpringJUnit4ClassRunner.methodBlock(SpringJUnit4ClassRunner.java:261)
	at org.springframework.test.context.junit4.SpringJUnit4ClassRunner.runChild(SpringJUnit4ClassRunner.java:219)
	at org.springframework.test.context.junit4.SpringJUnit4ClassRunner.runChild(SpringJUnit4ClassRunner.java:83)
	at org.junit.runners.ParentRunner$3.run(ParentRunner.java:290)
	at org.junit.runners.ParentRunner$1.schedule(ParentRunner.java:71)
	at org.junit.runners.ParentRunner.runChildren(ParentRunner.java:288)
	at org.junit.runners.ParentRunner.access$000(ParentRunner.java:58)
	at org.junit.runners.ParentRunner$2.evaluate(ParentRunner.java:268)
	at org.springframework.test.context.junit4.statements.RunBeforeTestClassCallbacks.evaluate(RunBeforeTestClassCallbacks.java:61)
	at org.springframework.test.context.junit4.statements.RunAfterTestClassCallbacks.evaluate(RunAfterTestClassCallbacks.java:70)
	at org.junit.runners.ParentRunner.run(ParentRunner.java:363)
	at org.springframework.test.context.junit4.SpringJUnit4ClassRunner.run(SpringJUnit4ClassRunner.java:163)
	at org.apache.maven.surefire.junit4.JUnit4Provider.execute(JUnit4Provider.java:264)
	at org.apache.maven.surefire.junit4.JUnit4Provider.executeTestSet(JUnit4Provider.java:153)
	at org.apache.maven.surefire.junit4.JUnit4Provider.invoke(JUnit4Provider.java:124)
	at org.apache.maven.surefire.booter.ForkedBooter.invokeProviderInSameClassLoader(ForkedBooter.java:200)
	at org.apache.maven.surefire.booter.ForkedBooter.runSuitesInProcess(ForkedBooter.java:153)
	at org.apache.maven.surefire.booter.ForkedBooter.main(ForkedBooter.java:103)
Caused by: org.springframework.beans.factory.BeanCreationException: Error creating bean with name 'jwtUtility': Injection of autowired dependencies failed; nested exception is org.springframework.beans.factory.BeanCreationException: Could not autowire field: private java.lang.String edu.tamu.framework.util.JwtUtility.secret_key; nested exception is java.lang.IllegalArgumentException: Could not resolve placeholder 'auth.security.jwt.secret-key' in string value "${auth.security.jwt.secret-key}"
	at org.springframework.beans.factory.annotation.AutowiredAnnotationBeanPostProcessor.postProcessPropertyValues(AutowiredAnnotationBeanPostProcessor.java:334)
	at org.springframework.beans.factory.support.AbstractAutowireCapableBeanFactory.populateBean(AbstractAutowireCapableBeanFactory.java:1208)
	at org.springframework.beans.factory.support.AbstractAutowireCapableBeanFactory.doCreateBean(AbstractAutowireCapableBeanFactory.java:537)
	at org.springframework.beans.factory.support.AbstractAutowireCapableBeanFactory.createBean(AbstractAutowireCapableBeanFactory.java:476)
	at org.springframework.beans.factory.support.AbstractBeanFactory$1.getObject(AbstractBeanFactory.java:303)
	at org.springframework.beans.factory.support.DefaultSingletonBeanRegistry.getSingleton(DefaultSingletonBeanRegistry.java:230)
	at org.springframework.beans.factory.support.AbstractBeanFactory.doGetBean(AbstractBeanFactory.java:299)
	at org.springframework.beans.factory.support.AbstractBeanFactory.getBean(AbstractBeanFactory.java:194)
	at org.springframework.beans.factory.support.DefaultListableBeanFactory.preInstantiateSingletons(DefaultListableBeanFactory.java:755)
	at org.springframework.context.support.AbstractApplicationContext.finishBeanFactoryInitialization(AbstractApplicationContext.java:759)
	at org.springframework.context.support.AbstractApplicationContext.refresh(AbstractApplicationContext.java:480)
	at org.springframework.test.context.support.AbstractGenericContextLoader.loadContext(AbstractGenericContextLoader.java:125)
	at org.springframework.test.context.support.AbstractGenericContextLoader.loadContext(AbstractGenericContextLoader.java:60)
	at org.springframework.test.context.support.AbstractDelegatingSmartContextLoader.delegateLoading(AbstractDelegatingSmartContextLoader.java:109)
	at org.springframework.test.context.support.AbstractDelegatingSmartContextLoader.loadContext(AbstractDelegatingSmartContextLoader.java:261)
	at org.springframework.test.context.DefaultCacheAwareContextLoaderDelegate.loadContextInternal(DefaultCacheAwareContextLoaderDelegate.java:68)
	at org.springframework.test.context.DefaultCacheAwareContextLoaderDelegate.loadContext(DefaultCacheAwareContextLoaderDelegate.java:86)
	at org.springframework.test.context.DefaultTestContext.getApplicationContext(DefaultTestContext.java:72)
	at org.springframework.test.context.support.DependencyInjectionTestExecutionListener.injectDependencies(DependencyInjectionTestExecutionListener.java:117)
	at org.springframework.test.context.support.DependencyInjectionTestExecutionListener.prepareTestInstance(DependencyInjectionTestExecutionListener.java:83)
	at org.springframework.test.context.TestContextManager.prepareTestInstance(TestContextManager.java:212)
	at org.springframework.test.context.junit4.SpringJUnit4ClassRunner.createTest(SpringJUnit4ClassRunner.java:200)
	at org.springframework.test.context.junit4.SpringJUnit4ClassRunner$1.runReflectiveCall(SpringJUnit4ClassRunner.java:259)
	at org.junit.internal.runners.model.ReflectiveCallable.run(ReflectiveCallable.java:12)
	at org.springframework.test.context.junit4.SpringJUnit4ClassRunner.methodBlock(SpringJUnit4ClassRunner.java:261)
	at org.springframework.test.context.junit4.SpringJUnit4ClassRunner.runChild(SpringJUnit4ClassRunner.java:219)
	at org.springframework.test.context.junit4.SpringJUnit4ClassRunner.runChild(SpringJUnit4ClassRunner.java:83)
	at org.junit.runners.ParentRunner$3.run(ParentRunner.java:290)
	at org.junit.runners.ParentRunner$1.schedule(ParentRunner.java:71)
	at org.junit.runners.ParentRunner.runChildren(ParentRunner.java:288)
	at org.junit.runners.ParentRunner.access$000(ParentRunner.java:58)
	at org.junit.runners.ParentRunner$2.evaluate(ParentRunner.java:268)
	at org.springframework.test.context.junit4.statements.RunBeforeTestClassCallbacks.evaluate(RunBeforeTestClassCallbacks.java:61)
	at org.springframework.test.context.junit4.statements.RunAfterTestClassCallbacks.evaluate(RunAfterTestClassCallbacks.java:70)
	at org.junit.runners.ParentRunner.run(ParentRunner.java:363)
	at org.springframework.test.context.junit4.SpringJUnit4ClassRunner.run(SpringJUnit4ClassRunner.java:163)
	at org.apache.maven.surefire.junit4.JUnit4Provider.execute(JUnit4Provider.java:264)
	at org.apache.maven.surefire.junit4.JUnit4Provider.executeTestSet(JUnit4Provider.java:153)
	at org.apache.maven.surefire.junit4.JUnit4Provider.invoke(JUnit4Provider.java:124)
	at org.apache.maven.surefire.booter.ForkedBooter.invokeProviderInSameClassLoader(ForkedBooter.java:200)
	at org.apache.maven.surefire.booter.ForkedBooter.runSuitesInProcess(ForkedBooter.java:153)
	at org.apache.maven.surefire.booter.ForkedBooter.main(ForkedBooter.java:103)
Caused by: org.springframework.beans.factory.BeanCreationException: Could not autowire field: private java.lang.String edu.tamu.framework.util.JwtUtility.secret_key; nested exception is java.lang.IllegalArgumentException: Could not resolve placeholder 'auth.security.jwt.secret-key' in string value "${auth.security.jwt.secret-key}"
	at org.springframework.beans.factory.annotation.AutowiredAnnotationBeanPostProcessor$AutowiredFieldElement.inject(AutowiredAnnotationBeanPostProcessor.java:561)
	at org.springframework.beans.factory.annotation.InjectionMetadata.inject(InjectionMetadata.java:88)
	at org.springframework.beans.factory.annotation.AutowiredAnnotationBeanPostProcessor.postProcessPropertyValues(AutowiredAnnotationBeanPostProcessor.java:331)
	at org.springframework.beans.factory.support.AbstractAutowireCapableBeanFactory.populateBean(AbstractAutowireCapableBeanFactory.java:1208)
	at org.springframework.beans.factory.support.AbstractAutowireCapableBeanFactory.doCreateBean(AbstractAutowireCapableBeanFactory.java:537)
	at org.springframework.beans.factory.support.AbstractAutowireCapableBeanFactory.createBean(AbstractAutowireCapableBeanFactory.java:476)
	at org.springframework.beans.factory.support.AbstractBeanFactory$1.getObject(AbstractBeanFactory.java:303)
	at org.springframework.beans.factory.support.DefaultSingletonBeanRegistry.getSingleton(DefaultSingletonBeanRegistry.java:230)
	at org.springframework.beans.factory.support.AbstractBeanFactory.doGetBean(AbstractBeanFactory.java:299)
	at org.springframework.beans.factory.support.AbstractBeanFactory.getBean(AbstractBeanFactory.java:194)
	at org.springframework.beans.factory.support.DefaultListableBeanFactory.preInstantiateSingletons(DefaultListableBeanFactory.java:755)
	at org.springframework.context.support.AbstractApplicationContext.finishBeanFactoryInitialization(AbstractApplicationContext.java:759)
	at org.springframework.context.support.AbstractApplicationContext.refresh(AbstractApplicationContext.java:480)
	at org.springframework.test.context.support.AbstractGenericContextLoader.loadContext(AbstractGenericContextLoader.java:125)
	at org.springframework.test.context.support.AbstractGenericContextLoader.loadContext(AbstractGenericContextLoader.java:60)
	at org.springframework.test.context.support.AbstractDelegatingSmartContextLoader.delegateLoading(AbstractDelegatingSmartContextLoader.java:109)
	at org.springframework.test.context.support.AbstractDelegatingSmartContextLoader.loadContext(AbstractDelegatingSmartContextLoader.java:261)
	at org.springframework.test.context.DefaultCacheAwareContextLoaderDelegate.loadContextInternal(DefaultCacheAwareContextLoaderDelegate.java:68)
	at org.springframework.test.context.DefaultCacheAwareContextLoaderDelegate.loadContext(DefaultCacheAwareContextLoaderDelegate.java:86)
	at org.springframework.test.context.DefaultTestContext.getApplicationContext(DefaultTestContext.java:72)
	at org.springframework.test.context.support.DependencyInjectionTestExecutionListener.injectDependencies(DependencyInjectionTestExecutionListener.java:117)
	at org.springframework.test.context.support.DependencyInjectionTestExecutionListener.prepareTestInstance(DependencyInjectionTestExecutionListener.java:83)
	at org.springframework.test.context.TestContextManager.prepareTestInstance(TestContextManager.java:212)
	at org.springframework.test.context.junit4.SpringJUnit4ClassRunner.createTest(SpringJUnit4ClassRunner.java:200)
	at org.springframework.test.context.junit4.SpringJUnit4ClassRunner$1.runReflectiveCall(SpringJUnit4ClassRunner.java:259)
	at org.junit.internal.runners.model.ReflectiveCallable.run(ReflectiveCallable.java:12)
	at org.springframework.test.context.junit4.SpringJUnit4ClassRunner.methodBlock(SpringJUnit4ClassRunner.java:261)
	at org.springframework.test.context.junit4.SpringJUnit4ClassRunner.runChild(SpringJUnit4ClassRunner.java:219)
	at org.springframework.test.context.junit4.SpringJUnit4ClassRunner.runChild(SpringJUnit4ClassRunner.java:83)
	at org.junit.runners.ParentRunner$3.run(ParentRunner.java:290)
	at org.junit.runners.ParentRunner$1.schedule(ParentRunner.java:71)
	at org.junit.runners.ParentRunner.runChildren(ParentRunner.java:288)
	at org.junit.runners.ParentRunner.access$000(ParentRunner.java:58)
	at org.junit.runners.ParentRunner$2.evaluate(ParentRunner.java:268)
	at org.springframework.test.context.junit4.statements.RunBeforeTestClassCallbacks.evaluate(RunBeforeTestClassCallbacks.java:61)
	at org.springframework.test.context.junit4.statements.RunAfterTestClassCallbacks.evaluate(RunAfterTestClassCallbacks.java:70)
	at org.junit.runners.ParentRunner.run(ParentRunner.java:363)
	at org.springframework.test.context.junit4.SpringJUnit4ClassRunner.run(SpringJUnit4ClassRunner.java:163)
	at org.apache.maven.surefire.junit4.JUnit4Provider.execute(JUnit4Provider.java:264)
	at org.apache.maven.surefire.junit4.JUnit4Provider.executeTestSet(JUnit4Provider.java:153)
	at org.apache.maven.surefire.junit4.JUnit4Provider.invoke(JUnit4Provider.java:124)
	at org.apache.maven.surefire.booter.ForkedBooter.invokeProviderInSameClassLoader(ForkedBooter.java:200)
	at org.apache.maven.surefire.booter.ForkedBooter.runSuitesInProcess(ForkedBooter.java:153)
	at org.apache.maven.surefire.booter.ForkedBooter.main(ForkedBooter.java:103)
Caused by: java.lang.IllegalArgumentException: Could not resolve placeholder 'auth.security.jwt.secret-key' in string value "${auth.security.jwt.secret-key}"
	at org.springframework.util.PropertyPlaceholderHelper.parseStringValue(PropertyPlaceholderHelper.java:174)
	at org.springframework.util.PropertyPlaceholderHelper.replacePlaceholders(PropertyPlaceholderHelper.java:126)
	at org.springframework.core.env.AbstractPropertyResolver.doResolvePlaceholders(AbstractPropertyResolver.java:204)
	at org.springframework.core.env.AbstractPropertyResolver.resolveRequiredPlaceholders(AbstractPropertyResolver.java:178)
	at org.springframework.context.support.PropertySourcesPlaceholderConfigurer$2.resolveStringValue(PropertySourcesPlaceholderConfigurer.java:175)
	at org.springframework.beans.factory.support.AbstractBeanFactory.resolveEmbeddedValue(AbstractBeanFactory.java:801)
	at org.springframework.beans.factory.support.DefaultListableBeanFactory.doResolveDependency(DefaultListableBeanFactory.java:955)
	at org.springframework.beans.factory.support.DefaultListableBeanFactory.resolveDependency(DefaultListableBeanFactory.java:942)
	at org.springframework.beans.factory.annotation.AutowiredAnnotationBeanPostProcessor$AutowiredFieldElement.inject(AutowiredAnnotationBeanPostProcessor.java:533)
	at org.springframework.beans.factory.annotation.InjectionMetadata.inject(InjectionMetadata.java:88)
	at org.springframework.beans.factory.annotation.AutowiredAnnotationBeanPostProcessor.postProcessPropertyValues(AutowiredAnnotationBeanPostProcessor.java:331)
	at org.springframework.beans.factory.support.AbstractAutowireCapableBeanFactory.populateBean(AbstractAutowireCapableBeanFactory.java:1208)
	at org.springframework.beans.factory.support.AbstractAutowireCapableBeanFactory.doCreateBean(AbstractAutowireCapableBeanFactory.java:537)
	at org.springframework.beans.factory.support.AbstractAutowireCapableBeanFactory.createBean(AbstractAutowireCapableBeanFactory.java:476)
	at org.springframework.beans.factory.support.AbstractBeanFactory$1.getObject(AbstractBeanFactory.java:303)
	at org.springframework.beans.factory.support.DefaultSingletonBeanRegistry.getSingleton(DefaultSingletonBeanRegistry.java:230)
	at org.springframework.beans.factory.support.AbstractBeanFactory.doGetBean(AbstractBeanFactory.java:299)
	at org.springframework.beans.factory.support.AbstractBeanFactory.getBean(AbstractBeanFactory.java:194)
	at org.springframework.beans.factory.support.DefaultListableBeanFactory.preInstantiateSingletons(DefaultListableBeanFactory.java:755)
	at org.springframework.context.support.AbstractApplicationContext.finishBeanFactoryInitialization(AbstractApplicationContext.java:759)
	at org.springframework.context.support.AbstractApplicationContext.refresh(AbstractApplicationContext.java:480)
	at org.springframework.test.context.support.AbstractGenericContextLoader.loadContext(AbstractGenericContextLoader.java:125)
	at org.springframework.test.context.support.AbstractGenericContextLoader.loadContext(AbstractGenericContextLoader.java:60)
	at org.springframework.test.context.support.AbstractDelegatingSmartContextLoader.delegateLoading(AbstractDelegatingSmartContextLoader.java:109)
	at org.springframework.test.context.support.AbstractDelegatingSmartContextLoader.loadContext(AbstractDelegatingSmartContextLoader.java:261)
	at org.springframework.test.context.DefaultCacheAwareContextLoaderDelegate.loadContextInternal(DefaultCacheAwareContextLoaderDelegate.java:68)
	at org.springframework.test.context.DefaultCacheAwareContextLoaderDelegate.loadContext(DefaultCacheAwareContextLoaderDelegate.java:86)
	at org.springframework.test.context.DefaultTestContext.getApplicationContext(DefaultTestContext.java:72)
	at org.springframework.test.context.support.DependencyInjectionTestExecutionListener.injectDependencies(DependencyInjectionTestExecutionListener.java:117)
	at org.springframework.test.context.support.DependencyInjectionTestExecutionListener.prepareTestInstance(DependencyInjectionTestExecutionListener.java:83)
	at org.springframework.test.context.TestContextManager.prepareTestInstance(TestContextManager.java:212)
	at org.springframework.test.context.junit4.SpringJUnit4ClassRunner.createTest(SpringJUnit4ClassRunner.java:200)
	at org.springframework.test.context.junit4.SpringJUnit4ClassRunner$1.runReflectiveCall(SpringJUnit4ClassRunner.java:259)
	at org.junit.internal.runners.model.ReflectiveCallable.run(ReflectiveCallable.java:12)
	at org.springframework.test.context.junit4.SpringJUnit4ClassRunner.methodBlock(SpringJUnit4ClassRunner.java:261)
	at org.springframework.test.context.junit4.SpringJUnit4ClassRunner.runChild(SpringJUnit4ClassRunner.java:219)
	at org.springframework.test.context.junit4.SpringJUnit4ClassRunner.runChild(SpringJUnit4ClassRunner.java:83)
	at org.junit.runners.ParentRunner$3.run(ParentRunner.java:290)
	at org.junit.runners.ParentRunner$1.schedule(ParentRunner.java:71)
	at org.junit.runners.ParentRunner.runChildren(ParentRunner.java:288)
	at org.junit.runners.ParentRunner.access$000(ParentRunner.java:58)
	at org.junit.runners.ParentRunner$2.evaluate(ParentRunner.java:268)
	at org.springframework.test.context.junit4.statements.RunBeforeTestClassCallbacks.evaluate(RunBeforeTestClassCallbacks.java:61)
	at org.springframework.test.context.junit4.statements.RunAfterTestClassCallbacks.evaluate(RunAfterTestClassCallbacks.java:70)
	at org.junit.runners.ParentRunner.run(ParentRunner.java:363)
	at org.springframework.test.context.junit4.SpringJUnit4ClassRunner.run(SpringJUnit4ClassRunner.java:163)
	at org.apache.maven.surefire.junit4.JUnit4Provider.execute(JUnit4Provider.java:264)
	at org.apache.maven.surefire.junit4.JUnit4Provider.executeTestSet(JUnit4Provider.java:153)
	at org.apache.maven.surefire.junit4.JUnit4Provider.invoke(JUnit4Provider.java:124)
	at org.apache.maven.surefire.booter.ForkedBooter.invokeProviderInSameClassLoader(ForkedBooter.java:200)
	at org.apache.maven.surefire.booter.ForkedBooter.runSuitesInProcess(ForkedBooter.java:153)
	at org.apache.maven.surefire.booter.ForkedBooter.main(ForkedBooter.java:103)
</error>
    <system-out><![CDATA[10:13:59.378 [main] DEBUG o.s.t.annotation.ProfileValueUtils - Retrieved @ProfileValueSourceConfiguration [null] for test class [edu.tamu.app.model.impl.UserTest]
10:13:59.378 [main] DEBUG o.s.t.annotation.ProfileValueUtils - Retrieved ProfileValueSource type [class org.springframework.test.annotation.SystemProfileValueSource] for class [edu.tamu.app.model.impl.UserTest]
10:13:59.378 [main] DEBUG o.s.t.c.s.DependencyInjectionTestExecutionListener - Performing dependency injection for test context [[DefaultTestContext@673e76b3 testClass = UserTest, testInstance = edu.tamu.app.model.impl.UserTest@35fa450f, testMethod = [null], testException = [null], mergedContextConfiguration = [MergedContextConfiguration@18d11527 testClass = UserTest, locations = '{}', classes = '{class edu.tamu.app.config.TestDataSourceConfiguration}', contextInitializerClasses = '[]', activeProfiles = '{}', propertySourceLocations = '{}', propertySourceProperties = '{}', contextLoader = 'org.springframework.test.context.support.DelegatingSmartContextLoader', parent = [null]]]].
10:13:59.378 [main] DEBUG o.s.t.c.s.AbstractDelegatingSmartContextLoader - Delegating to AnnotationConfigContextLoader to load context from [MergedContextConfiguration@18d11527 testClass = UserTest, locations = '{}', classes = '{class edu.tamu.app.config.TestDataSourceConfiguration}', contextInitializerClasses = '[]', activeProfiles = '{}', propertySourceLocations = '{}', propertySourceProperties = '{}', contextLoader = 'org.springframework.test.context.support.DelegatingSmartContextLoader', parent = [null]].
10:13:59.378 [main] DEBUG o.s.t.c.s.AbstractGenericContextLoader - Loading ApplicationContext for merged context configuration [[MergedContextConfiguration@18d11527 testClass = UserTest, locations = '{}', classes = '{class edu.tamu.app.config.TestDataSourceConfiguration}', contextInitializerClasses = '[]', activeProfiles = '{}', propertySourceLocations = '{}', propertySourceProperties = '{}', contextLoader = 'org.springframework.test.context.support.DelegatingSmartContextLoader', parent = [null]]].
10:13:59.378 [main] DEBUG o.s.core.env.StandardEnvironment - Adding [systemProperties] PropertySource with lowest search precedence
10:13:59.378 [main] DEBUG o.s.core.env.StandardEnvironment - Adding [systemEnvironment] PropertySource with lowest search precedence
10:13:59.378 [main] DEBUG o.s.core.env.StandardEnvironment - Initialized StandardEnvironment with PropertySources [systemProperties,systemEnvironment]
10:13:59.378 [main] DEBUG o.s.t.c.s.AnnotationConfigContextLoader - Registering annotated classes: {class edu.tamu.app.config.TestDataSourceConfiguration}
10:13:59.379 [main] INFO  o.s.c.s.GenericApplicationContext - Refreshing org.springframework.context.support.GenericApplicationContext@3e03046d: startup date [Fri Jan 08 10:13:59 CST 2016]; root of context hierarchy
10:13:59.379 [main] DEBUG o.s.c.s.GenericApplicationContext - Bean factory for org.springframework.context.support.GenericApplicationContext@3e03046d: org.springframework.beans.factory.support.DefaultListableBeanFactory@9b3be1c: defining beans [org.springframework.context.annotation.internalConfigurationAnnotationProcessor,org.springframework.context.annotation.internalAutowiredAnnotationProcessor,org.springframework.context.annotation.internalRequiredAnnotationProcessor,org.springframework.context.annotation.internalCommonAnnotationProcessor,org.springframework.context.annotation.internalPersistenceAnnotationProcessor,testDataSourceConfiguration]; root of factory hierarchy
10:13:59.379 [main] DEBUG o.s.b.f.s.DefaultListableBeanFactory - Creating shared instance of singleton bean 'org.springframework.context.annotation.internalConfigurationAnnotationProcessor'
10:13:59.379 [main] DEBUG o.s.b.f.s.DefaultListableBeanFactory - Creating instance of bean 'org.springframework.context.annotation.internalConfigurationAnnotationProcessor'
10:13:59.379 [main] DEBUG o.s.b.f.s.DefaultListableBeanFactory - Eagerly caching bean 'org.springframework.context.annotation.internalConfigurationAnnotationProcessor' to allow for resolving potential circular references
10:13:59.379 [main] DEBUG o.s.b.f.s.DefaultListableBeanFactory - Finished creating instance of bean 'org.springframework.context.annotation.internalConfigurationAnnotationProcessor'
10:13:59.379 [main] DEBUG o.s.core.env.StandardEnvironment - Adding [class path resource [config/application.properties]] PropertySource with lowest search precedence
10:13:59.381 [main] DEBUG o.s.core.env.StandardEnvironment - Adding [systemProperties] PropertySource with lowest search precedence
10:13:59.381 [main] DEBUG o.s.core.env.StandardEnvironment - Adding [systemEnvironment] PropertySource with lowest search precedence
10:13:59.381 [main] DEBUG o.s.core.env.StandardEnvironment - Initialized StandardEnvironment with PropertySources [systemProperties,systemEnvironment]
10:13:59.381 [main] DEBUG o.s.c.a.ClassPathBeanDefinitionScanner - JSR-250 'javax.annotation.ManagedBean' found and supported for component scanning
10:13:59.382 [main] DEBUG o.s.c.i.s.PathMatchingResourcePatternResolver - Looking for matching resources in jar file [file:/Users/huff/.m2/repository/edu/tamu/framework/webservice-framework-core/2.0.0-SNAPSHOT/webservice-framework-core-2.0.0-SNAPSHOT.jar]
10:13:59.382 [main] DEBUG o.s.c.i.s.PathMatchingResourcePatternResolver - Resolved location pattern [classpath*:edu/tamu/framework/**/*.class] to resources [URL [jar:file:/Users/huff/.m2/repository/edu/tamu/framework/webservice-framework-core/2.0.0-SNAPSHOT/webservice-framework-core-2.0.0-SNAPSHOT.jar!/edu/tamu/framework/aspect/annotation/ApiMapping.class], URL [jar:file:/Users/huff/.m2/repository/edu/tamu/framework/webservice-framework-core/2.0.0-SNAPSHOT/webservice-framework-core-2.0.0-SNAPSHOT.jar!/edu/tamu/framework/aspect/annotation/ApiVariable.class], URL [jar:file:/Users/huff/.m2/repository/edu/tamu/framework/webservice-framework-core/2.0.0-SNAPSHOT/webservice-framework-core-2.0.0-SNAPSHOT.jar!/edu/tamu/framework/aspect/annotation/Auth.class], URL [jar:file:/Users/huff/.m2/repository/edu/tamu/framework/webservice-framework-core/2.0.0-SNAPSHOT/webservice-framework-core-2.0.0-SNAPSHOT.jar!/edu/tamu/framework/aspect/annotation/Data.class], URL [jar:file:/Users/huff/.m2/repository/edu/tamu/framework/webservice-framework-core/2.0.0-SNAPSHOT/webservice-framework-core-2.0.0-SNAPSHOT.jar!/edu/tamu/framework/aspect/annotation/InputStream.class], URL [jar:file:/Users/huff/.m2/repository/edu/tamu/framework/webservice-framework-core/2.0.0-SNAPSHOT/webservice-framework-core-2.0.0-SNAPSHOT.jar!/edu/tamu/framework/aspect/annotation/Parameters.class], URL [jar:file:/Users/huff/.m2/repository/edu/tamu/framework/webservice-framework-core/2.0.0-SNAPSHOT/webservice-framework-core-2.0.0-SNAPSHOT.jar!/edu/tamu/framework/aspect/annotation/Shib.class], URL [jar:file:/Users/huff/.m2/repository/edu/tamu/framework/webservice-framework-core/2.0.0-SNAPSHOT/webservice-framework-core-2.0.0-SNAPSHOT.jar!/edu/tamu/framework/aspect/annotation/SkipAop.class], URL [jar:file:/Users/huff/.m2/repository/edu/tamu/framework/webservice-framework-core/2.0.0-SNAPSHOT/webservice-framework-core-2.0.0-SNAPSHOT.jar!/edu/tamu/framework/aspect/CoreControllerAspect$PreProcessObject.class], URL [jar:file:/Users/huff/.m2/repository/edu/tamu/framework/webservice-framework-core/2.0.0-SNAPSHOT/webservice-framework-core-2.0.0-SNAPSHOT.jar!/edu/tamu/framework/aspect/CoreControllerAspect$Protocol.class], URL [jar:file:/Users/huff/.m2/repository/edu/tamu/framework/webservice-framework-core/2.0.0-SNAPSHOT/webservice-framework-core-2.0.0-SNAPSHOT.jar!/edu/tamu/framework/aspect/CoreControllerAspect.class], URL [jar:file:/Users/huff/.m2/repository/edu/tamu/framework/webservice-framework-core/2.0.0-SNAPSHOT/webservice-framework-core-2.0.0-SNAPSHOT.jar!/edu/tamu/framework/config/CoreCorsFilter.class], URL [jar:file:/Users/huff/.m2/repository/edu/tamu/framework/webservice-framework-core/2.0.0-SNAPSHOT/webservice-framework-core-2.0.0-SNAPSHOT.jar!/edu/tamu/framework/config/CoreScheduleConfig.class], URL [jar:file:/Users/huff/.m2/repository/edu/tamu/framework/webservice-framework-core/2.0.0-SNAPSHOT/webservice-framework-core-2.0.0-SNAPSHOT.jar!/edu/tamu/framework/config/CoreSecurityConfig.class], URL [jar:file:/Users/huff/.m2/repository/edu/tamu/framework/webservice-framework-core/2.0.0-SNAPSHOT/webservice-framework-core-2.0.0-SNAPSHOT.jar!/edu/tamu/framework/config/CoreWebAppConfig.class], URL [jar:file:/Users/huff/.m2/repository/edu/tamu/framework/webservice-framework-core/2.0.0-SNAPSHOT/webservice-framework-core-2.0.0-SNAPSHOT.jar!/edu/tamu/framework/config/CoreWebConfigSupport.class], URL [jar:file:/Users/huff/.m2/repository/edu/tamu/framework/webservice-framework-core/2.0.0-SNAPSHOT/webservice-framework-core-2.0.0-SNAPSHOT.jar!/edu/tamu/framework/config/CoreWebMvcConfig.class], URL [jar:file:/Users/huff/.m2/repository/edu/tamu/framework/webservice-framework-core/2.0.0-SNAPSHOT/webservice-framework-core-2.0.0-SNAPSHOT.jar!/edu/tamu/framework/config/CoreWebSocketConfig.class], URL [jar:file:/Users/huff/.m2/repository/edu/tamu/framework/webservice-framework-core/2.0.0-SNAPSHOT/webservice-framework-core-2.0.0-SNAPSHOT.jar!/edu/tamu/framework/controller/ReportingController$1.class], URL [jar:file:/Users/huff/.m2/repository/edu/tamu/framework/webservice-framework-core/2.0.0-SNAPSHOT/webservice-framework-core-2.0.0-SNAPSHOT.jar!/edu/tamu/framework/controller/ReportingController.class], URL [jar:file:/Users/huff/.m2/repository/edu/tamu/framework/webservice-framework-core/2.0.0-SNAPSHOT/webservice-framework-core-2.0.0-SNAPSHOT.jar!/edu/tamu/framework/CoreContextInitializedHandler.class], URL [jar:file:/Users/huff/.m2/repository/edu/tamu/framework/webservice-framework-core/2.0.0-SNAPSHOT/webservice-framework-core-2.0.0-SNAPSHOT.jar!/edu/tamu/framework/enums/ApiResponseType.class], URL [jar:file:/Users/huff/.m2/repository/edu/tamu/framework/webservice-framework-core/2.0.0-SNAPSHOT/webservice-framework-core-2.0.0-SNAPSHOT.jar!/edu/tamu/framework/enums/CoreRoles.class], URL [jar:file:/Users/huff/.m2/repository/edu/tamu/framework/webservice-framework-core/2.0.0-SNAPSHOT/webservice-framework-core-2.0.0-SNAPSHOT.jar!/edu/tamu/framework/events/StompConnectEvent.class], URL [jar:file:/Users/huff/.m2/repository/edu/tamu/framework/webservice-framework-core/2.0.0-SNAPSHOT/webservice-framework-core-2.0.0-SNAPSHOT.jar!/edu/tamu/framework/events/StompDisconnectEvent.class], URL [jar:file:/Users/huff/.m2/repository/edu/tamu/framework/webservice-framework-core/2.0.0-SNAPSHOT/webservice-framework-core-2.0.0-SNAPSHOT.jar!/edu/tamu/framework/interceptor/CoreRestInterceptor$ExpiredJwtException.class], URL [jar:file:/Users/huff/.m2/repository/edu/tamu/framework/webservice-framework-core/2.0.0-SNAPSHOT/webservice-framework-core-2.0.0-SNAPSHOT.jar!/edu/tamu/framework/interceptor/CoreRestInterceptor$InvalidJwtException.class], URL [jar:file:/Users/huff/.m2/repository/edu/tamu/framework/webservice-framework-core/2.0.0-SNAPSHOT/webservice-framework-core-2.0.0-SNAPSHOT.jar!/edu/tamu/framework/interceptor/CoreRestInterceptor$MissingJwtException.class], URL [jar:file:/Users/huff/.m2/repository/edu/tamu/framework/webservice-framework-core/2.0.0-SNAPSHOT/webservice-framework-core-2.0.0-SNAPSHOT.jar!/edu/tamu/framework/interceptor/CoreRestInterceptor.class], URL [jar:file:/Users/huff/.m2/repository/edu/tamu/framework/webservice-framework-core/2.0.0-SNAPSHOT/webservice-framework-core-2.0.0-SNAPSHOT.jar!/edu/tamu/framework/interceptor/CoreStompInterceptor$1.class], URL [jar:file:/Users/huff/.m2/repository/edu/tamu/framework/webservice-framework-core/2.0.0-SNAPSHOT/webservice-framework-core-2.0.0-SNAPSHOT.jar!/edu/tamu/framework/interceptor/CoreStompInterceptor.class], URL [jar:file:/Users/huff/.m2/repository/edu/tamu/framework/webservice-framework-core/2.0.0-SNAPSHOT/webservice-framework-core-2.0.0-SNAPSHOT.jar!/edu/tamu/framework/mapping/condition/RestRequestCondition.class], URL [jar:file:/Users/huff/.m2/repository/edu/tamu/framework/webservice-framework-core/2.0.0-SNAPSHOT/webservice-framework-core-2.0.0-SNAPSHOT.jar!/edu/tamu/framework/mapping/condition/WebSocketRequestCondition.class], URL [jar:file:/Users/huff/.m2/repository/edu/tamu/framework/webservice-framework-core/2.0.0-SNAPSHOT/webservice-framework-core-2.0.0-SNAPSHOT.jar!/edu/tamu/framework/mapping/info/CustomSimpMessageMappingInfo.class], URL [jar:file:/Users/huff/.m2/repository/edu/tamu/framework/webservice-framework-core/2.0.0-SNAPSHOT/webservice-framework-core-2.0.0-SNAPSHOT.jar!/edu/tamu/framework/mapping/RestRequestMappingHandler.class], URL [jar:file:/Users/huff/.m2/repository/edu/tamu/framework/webservice-framework-core/2.0.0-SNAPSHOT/webservice-framework-core-2.0.0-SNAPSHOT.jar!/edu/tamu/framework/mapping/WebSocketRequestMappingHandler$1.class], URL [jar:file:/Users/huff/.m2/repository/edu/tamu/framework/webservice-framework-core/2.0.0-SNAPSHOT/webservice-framework-core-2.0.0-SNAPSHOT.jar!/edu/tamu/framework/mapping/WebSocketRequestMappingHandler.class], URL [jar:file:/Users/huff/.m2/repository/edu/tamu/framework/webservice-framework-core/2.0.0-SNAPSHOT/webservice-framework-core-2.0.0-SNAPSHOT.jar!/edu/tamu/framework/model/AbstractCoreUserImpl.class], URL [jar:file:/Users/huff/.m2/repository/edu/tamu/framework/webservice-framework-core/2.0.0-SNAPSHOT/webservice-framework-core-2.0.0-SNAPSHOT.jar!/edu/tamu/framework/model/ApiResponse$Meta.class], URL [jar:file:/Users/huff/.m2/repository/edu/tamu/framework/webservice-framework-core/2.0.0-SNAPSHOT/webservice-framework-core-2.0.0-SNAPSHOT.jar!/edu/tamu/framework/model/ApiResponse.class], URL [jar:file:/Users/huff/.m2/repository/edu/tamu/framework/webservice-framework-core/2.0.0-SNAPSHOT/webservice-framework-core-2.0.0-SNAPSHOT.jar!/edu/tamu/framework/model/CoreUser.class], URL [jar:file:/Users/huff/.m2/repository/edu/tamu/framework/webservice-framework-core/2.0.0-SNAPSHOT/webservice-framework-core-2.0.0-SNAPSHOT.jar!/edu/tamu/framework/model/Credentials.class], URL [jar:file:/Users/huff/.m2/repository/edu/tamu/framework/webservice-framework-core/2.0.0-SNAPSHOT/webservice-framework-core-2.0.0-SNAPSHOT.jar!/edu/tamu/framework/model/HttpRequest.class], URL [jar:file:/Users/huff/.m2/repository/edu/tamu/framework/webservice-framework-core/2.0.0-SNAPSHOT/webservice-framework-core-2.0.0-SNAPSHOT.jar!/edu/tamu/framework/model/jwt/JWTclaim.class], URL [jar:file:/Users/huff/.m2/repository/edu/tamu/framework/webservice-framework-core/2.0.0-SNAPSHOT/webservice-framework-core-2.0.0-SNAPSHOT.jar!/edu/tamu/framework/model/jwt/JWTheader.class], URL [jar:file:/Users/huff/.m2/repository/edu/tamu/framework/webservice-framework-core/2.0.0-SNAPSHOT/webservice-framework-core-2.0.0-SNAPSHOT.jar!/edu/tamu/framework/model/jwt/JWTtoken.class], URL [jar:file:/Users/huff/.m2/repository/edu/tamu/framework/webservice-framework-core/2.0.0-SNAPSHOT/webservice-framework-core-2.0.0-SNAPSHOT.jar!/edu/tamu/framework/model/repo/SymlinkRepo.class], URL [jar:file:/Users/huff/.m2/repository/edu/tamu/framework/webservice-framework-core/2.0.0-SNAPSHOT/webservice-framework-core-2.0.0-SNAPSHOT.jar!/edu/tamu/framework/model/Symlink.class], URL [jar:file:/Users/huff/.m2/repository/edu/tamu/framework/webservice-framework-core/2.0.0-SNAPSHOT/webservice-framework-core-2.0.0-SNAPSHOT.jar!/edu/tamu/framework/model/WebSocketRequest.class], URL [jar:file:/Users/huff/.m2/repository/edu/tamu/framework/webservice-framework-core/2.0.0-SNAPSHOT/webservice-framework-core-2.0.0-SNAPSHOT.jar!/edu/tamu/framework/service/HttpRequestService.class], URL [jar:file:/Users/huff/.m2/repository/edu/tamu/framework/webservice-framework-core/2.0.0-SNAPSHOT/webservice-framework-core-2.0.0-SNAPSHOT.jar!/edu/tamu/framework/service/StompConnectionService.class], URL [jar:file:/Users/huff/.m2/repository/edu/tamu/framework/webservice-framework-core/2.0.0-SNAPSHOT/webservice-framework-core-2.0.0-SNAPSHOT.jar!/edu/tamu/framework/service/WebSocketRequestService.class], URL [jar:file:/Users/huff/.m2/repository/edu/tamu/framework/webservice-framework-core/2.0.0-SNAPSHOT/webservice-framework-core-2.0.0-SNAPSHOT.jar!/edu/tamu/framework/util/EmailUtility.class], URL [jar:file:/Users/huff/.m2/repository/edu/tamu/framework/webservice-framework-core/2.0.0-SNAPSHOT/webservice-framework-core-2.0.0-SNAPSHOT.jar!/edu/tamu/framework/util/HttpUtility.class], URL [jar:file:/Users/huff/.m2/repository/edu/tamu/framework/webservice-framework-core/2.0.0-SNAPSHOT/webservice-framework-core-2.0.0-SNAPSHOT.jar!/edu/tamu/framework/util/JwtUtility.class]]
10:13:59.383 [main] DEBUG o.s.c.a.ClassPathBeanDefinitionScanner - Ignored because not a concrete top-level class: URL [jar:file:/Users/huff/.m2/repository/edu/tamu/framework/webservice-framework-core/2.0.0-SNAPSHOT/webservice-framework-core-2.0.0-SNAPSHOT.jar!/edu/tamu/framework/aspect/CoreControllerAspect.class]
10:13:59.384 [main] DEBUG o.s.c.a.ClassPathBeanDefinitionScanner - Identified candidate component class: URL [jar:file:/Users/huff/.m2/repository/edu/tamu/framework/webservice-framework-core/2.0.0-SNAPSHOT/webservice-framework-core-2.0.0-SNAPSHOT.jar!/edu/tamu/framework/config/CoreCorsFilter.class]
10:13:59.384 [main] DEBUG o.s.c.a.ClassPathBeanDefinitionScanner - Identified candidate component class: URL [jar:file:/Users/huff/.m2/repository/edu/tamu/framework/webservice-framework-core/2.0.0-SNAPSHOT/webservice-framework-core-2.0.0-SNAPSHOT.jar!/edu/tamu/framework/config/CoreScheduleConfig.class]
10:13:59.384 [main] DEBUG o.s.c.a.ClassPathBeanDefinitionScanner - Identified candidate component class: URL [jar:file:/Users/huff/.m2/repository/edu/tamu/framework/webservice-framework-core/2.0.0-SNAPSHOT/webservice-framework-core-2.0.0-SNAPSHOT.jar!/edu/tamu/framework/config/CoreSecurityConfig.class]
10:13:59.385 [main] DEBUG o.s.c.a.ClassPathBeanDefinitionScanner - Identified candidate component class: URL [jar:file:/Users/huff/.m2/repository/edu/tamu/framework/webservice-framework-core/2.0.0-SNAPSHOT/webservice-framework-core-2.0.0-SNAPSHOT.jar!/edu/tamu/framework/config/CoreWebAppConfig.class]
10:13:59.385 [main] DEBUG o.s.c.a.ClassPathBeanDefinitionScanner - Ignored because not a concrete top-level class: URL [jar:file:/Users/huff/.m2/repository/edu/tamu/framework/webservice-framework-core/2.0.0-SNAPSHOT/webservice-framework-core-2.0.0-SNAPSHOT.jar!/edu/tamu/framework/config/CoreWebConfigSupport.class]
10:13:59.385 [main] DEBUG o.s.c.a.ClassPathBeanDefinitionScanner - Identified candidate component class: URL [jar:file:/Users/huff/.m2/repository/edu/tamu/framework/webservice-framework-core/2.0.0-SNAPSHOT/webservice-framework-core-2.0.0-SNAPSHOT.jar!/edu/tamu/framework/config/CoreWebMvcConfig.class]
10:13:59.385 [main] DEBUG o.s.c.a.ClassPathBeanDefinitionScanner - Ignored because not a concrete top-level class: URL [jar:file:/Users/huff/.m2/repository/edu/tamu/framework/webservice-framework-core/2.0.0-SNAPSHOT/webservice-framework-core-2.0.0-SNAPSHOT.jar!/edu/tamu/framework/config/CoreWebSocketConfig.class]
10:13:59.385 [main] DEBUG o.s.c.a.ClassPathBeanDefinitionScanner - Identified candidate component class: URL [jar:file:/Users/huff/.m2/repository/edu/tamu/framework/webservice-framework-core/2.0.0-SNAPSHOT/webservice-framework-core-2.0.0-SNAPSHOT.jar!/edu/tamu/framework/controller/ReportingController.class]
10:13:59.386 [main] DEBUG o.s.c.a.ClassPathBeanDefinitionScanner - Ignored because not a concrete top-level class: URL [jar:file:/Users/huff/.m2/repository/edu/tamu/framework/webservice-framework-core/2.0.0-SNAPSHOT/webservice-framework-core-2.0.0-SNAPSHOT.jar!/edu/tamu/framework/CoreContextInitializedHandler.class]
10:13:59.387 [main] DEBUG o.s.c.a.ClassPathBeanDefinitionScanner - Ignored because not a concrete top-level class: URL [jar:file:/Users/huff/.m2/repository/edu/tamu/framework/webservice-framework-core/2.0.0-SNAPSHOT/webservice-framework-core-2.0.0-SNAPSHOT.jar!/edu/tamu/framework/interceptor/CoreRestInterceptor.class]
10:13:59.387 [main] DEBUG o.s.c.a.ClassPathBeanDefinitionScanner - Ignored because not a concrete top-level class: URL [jar:file:/Users/huff/.m2/repository/edu/tamu/framework/webservice-framework-core/2.0.0-SNAPSHOT/webservice-framework-core-2.0.0-SNAPSHOT.jar!/edu/tamu/framework/interceptor/CoreStompInterceptor.class]
10:13:59.389 [main] DEBUG o.s.c.a.ClassPathBeanDefinitionScanner - Identified candidate component class: URL [jar:file:/Users/huff/.m2/repository/edu/tamu/framework/webservice-framework-core/2.0.0-SNAPSHOT/webservice-framework-core-2.0.0-SNAPSHOT.jar!/edu/tamu/framework/model/repo/SymlinkRepo.class]
10:13:59.389 [main] DEBUG o.s.c.a.ClassPathBeanDefinitionScanner - Identified candidate component class: URL [jar:file:/Users/huff/.m2/repository/edu/tamu/framework/webservice-framework-core/2.0.0-SNAPSHOT/webservice-framework-core-2.0.0-SNAPSHOT.jar!/edu/tamu/framework/service/HttpRequestService.class]
10:13:59.389 [main] DEBUG o.s.c.a.ClassPathBeanDefinitionScanner - Identified candidate component class: URL [jar:file:/Users/huff/.m2/repository/edu/tamu/framework/webservice-framework-core/2.0.0-SNAPSHOT/webservice-framework-core-2.0.0-SNAPSHOT.jar!/edu/tamu/framework/service/StompConnectionService.class]
10:13:59.389 [main] DEBUG o.s.c.a.ClassPathBeanDefinitionScanner - Identified candidate component class: URL [jar:file:/Users/huff/.m2/repository/edu/tamu/framework/webservice-framework-core/2.0.0-SNAPSHOT/webservice-framework-core-2.0.0-SNAPSHOT.jar!/edu/tamu/framework/service/WebSocketRequestService.class]
10:13:59.389 [main] DEBUG o.s.c.a.ClassPathBeanDefinitionScanner - Identified candidate component class: URL [jar:file:/Users/huff/.m2/repository/edu/tamu/framework/webservice-framework-core/2.0.0-SNAPSHOT/webservice-framework-core-2.0.0-SNAPSHOT.jar!/edu/tamu/framework/util/EmailUtility.class]
10:13:59.389 [main] DEBUG o.s.c.a.ClassPathBeanDefinitionScanner - Identified candidate component class: URL [jar:file:/Users/huff/.m2/repository/edu/tamu/framework/webservice-framework-core/2.0.0-SNAPSHOT/webservice-framework-core-2.0.0-SNAPSHOT.jar!/edu/tamu/framework/util/HttpUtility.class]
10:13:59.390 [main] DEBUG o.s.c.a.ClassPathBeanDefinitionScanner - Identified candidate component class: URL [jar:file:/Users/huff/.m2/repository/edu/tamu/framework/webservice-framework-core/2.0.0-SNAPSHOT/webservice-framework-core-2.0.0-SNAPSHOT.jar!/edu/tamu/framework/util/JwtUtility.class]
10:13:59.390 [main] DEBUG o.s.c.i.s.PathMatchingResourcePatternResolver - Looking for matching resources in directory tree [/Users/huff/development/java/apps/TAMU-Webservice-Seed/target/test-classes/edu/tamu/app]
10:13:59.390 [main] DEBUG o.s.c.i.s.PathMatchingResourcePatternResolver - Searching directory [/Users/huff/development/java/apps/TAMU-Webservice-Seed/target/test-classes/edu/tamu/app] for files matching pattern [/Users/huff/development/java/apps/TAMU-Webservice-Seed/target/test-classes/edu/tamu/app/**/*.class]
10:13:59.390 [main] DEBUG o.s.c.i.s.PathMatchingResourcePatternResolver - Searching directory [/Users/huff/development/java/apps/TAMU-Webservice-Seed/target/test-classes/edu/tamu/app/config] for files matching pattern [/Users/huff/development/java/apps/TAMU-Webservice-Seed/target/test-classes/edu/tamu/app/**/*.class]
10:13:59.390 [main] DEBUG o.s.c.i.s.PathMatchingResourcePatternResolver - Searching directory [/Users/huff/development/java/apps/TAMU-Webservice-Seed/target/test-classes/edu/tamu/app/model] for files matching pattern [/Users/huff/development/java/apps/TAMU-Webservice-Seed/target/test-classes/edu/tamu/app/**/*.class]
10:13:59.390 [main] DEBUG o.s.c.i.s.PathMatchingResourcePatternResolver - Searching directory [/Users/huff/development/java/apps/TAMU-Webservice-Seed/target/test-classes/edu/tamu/app/model/impl] for files matching pattern [/Users/huff/development/java/apps/TAMU-Webservice-Seed/target/test-classes/edu/tamu/app/**/*.class]
10:13:59.390 [main] DEBUG o.s.c.i.s.PathMatchingResourcePatternResolver - Looking for matching resources in directory tree [/Users/huff/development/java/apps/TAMU-Webservice-Seed/target/classes/edu/tamu/app]
10:13:59.390 [main] DEBUG o.s.c.i.s.PathMatchingResourcePatternResolver - Searching directory [/Users/huff/development/java/apps/TAMU-Webservice-Seed/target/classes/edu/tamu/app] for files matching pattern [/Users/huff/development/java/apps/TAMU-Webservice-Seed/target/classes/edu/tamu/app/**/*.class]
10:13:59.391 [main] DEBUG o.s.c.i.s.PathMatchingResourcePatternResolver - Searching directory [/Users/huff/development/java/apps/TAMU-Webservice-Seed/target/classes/edu/tamu/app/aspect] for files matching pattern [/Users/huff/development/java/apps/TAMU-Webservice-Seed/target/classes/edu/tamu/app/**/*.class]
10:13:59.391 [main] DEBUG o.s.c.i.s.PathMatchingResourcePatternResolver - Searching directory [/Users/huff/development/java/apps/TAMU-Webservice-Seed/target/classes/edu/tamu/app/config] for files matching pattern [/Users/huff/development/java/apps/TAMU-Webservice-Seed/target/classes/edu/tamu/app/**/*.class]
10:13:59.391 [main] DEBUG o.s.c.i.s.PathMatchingResourcePatternResolver - Searching directory [/Users/huff/development/java/apps/TAMU-Webservice-Seed/target/classes/edu/tamu/app/controller] for files matching pattern [/Users/huff/development/java/apps/TAMU-Webservice-Seed/target/classes/edu/tamu/app/**/*.class]
10:13:59.391 [main] DEBUG o.s.c.i.s.PathMatchingResourcePatternResolver - Searching directory [/Users/huff/development/java/apps/TAMU-Webservice-Seed/target/classes/edu/tamu/app/controller/interceptor] for files matching pattern [/Users/huff/development/java/apps/TAMU-Webservice-Seed/target/classes/edu/tamu/app/**/*.class]
10:13:59.391 [main] DEBUG o.s.c.i.s.PathMatchingResourcePatternResolver - Searching directory [/Users/huff/development/java/apps/TAMU-Webservice-Seed/target/classes/edu/tamu/app/model] for files matching pattern [/Users/huff/development/java/apps/TAMU-Webservice-Seed/target/classes/edu/tamu/app/**/*.class]
10:13:59.391 [main] DEBUG o.s.c.i.s.PathMatchingResourcePatternResolver - Searching directory [/Users/huff/development/java/apps/TAMU-Webservice-Seed/target/classes/edu/tamu/app/model/repo] for files matching pattern [/Users/huff/development/java/apps/TAMU-Webservice-Seed/target/classes/edu/tamu/app/**/*.class]
10:13:59.391 [main] DEBUG o.s.c.i.s.PathMatchingResourcePatternResolver - Searching directory [/Users/huff/development/java/apps/TAMU-Webservice-Seed/target/classes/edu/tamu/app/model/repo/impl] for files matching pattern [/Users/huff/development/java/apps/TAMU-Webservice-Seed/target/classes/edu/tamu/app/**/*.class]
10:13:59.391 [main] DEBUG o.s.c.i.s.PathMatchingResourcePatternResolver - Resolved location pattern [classpath*:edu/tamu/app/**/*.class] to resources [file [/Users/huff/development/java/apps/TAMU-Webservice-Seed/target/test-classes/edu/tamu/app/config/TestDataSourceConfiguration.class], file [/Users/huff/development/java/apps/TAMU-Webservice-Seed/target/test-classes/edu/tamu/app/model/impl/ShibTest.class], file [/Users/huff/development/java/apps/TAMU-Webservice-Seed/target/test-classes/edu/tamu/app/model/impl/UserTest.class], file [/Users/huff/development/java/apps/TAMU-Webservice-Seed/target/classes/edu/tamu/app/aspect/AppControllerAspect.class], file [/Users/huff/development/java/apps/TAMU-Webservice-Seed/target/classes/edu/tamu/app/config/AppConfig.class], file [/Users/huff/development/java/apps/TAMU-Webservice-Seed/target/classes/edu/tamu/app/config/AppWebConfigSupport.class], file [/Users/huff/development/java/apps/TAMU-Webservice-Seed/target/classes/edu/tamu/app/config/AppWebMvcConfig.class], file [/Users/huff/development/java/apps/TAMU-Webservice-Seed/target/classes/edu/tamu/app/config/AppWebSocketConfig.class], file [/Users/huff/development/java/apps/TAMU-Webservice-Seed/target/classes/edu/tamu/app/config/SecurityConfig.class], file [/Users/huff/development/java/apps/TAMU-Webservice-Seed/target/classes/edu/tamu/app/config/SpringContext.class], file [/Users/huff/development/java/apps/TAMU-Webservice-Seed/target/classes/edu/tamu/app/controller/AdminController.class], file [/Users/huff/development/java/apps/TAMU-Webservice-Seed/target/classes/edu/tamu/app/controller/interceptor/AppRestInterceptor.class], file [/Users/huff/development/java/apps/TAMU-Webservice-Seed/target/classes/edu/tamu/app/controller/interceptor/AppStompInterceptor.class], file [/Users/huff/development/java/apps/TAMU-Webservice-Seed/target/classes/edu/tamu/app/controller/MockAuthServiceController.class], file [/Users/huff/development/java/apps/TAMU-Webservice-Seed/target/classes/edu/tamu/app/controller/UserController$1.class], file [/Users/huff/development/java/apps/TAMU-Webservice-Seed/target/classes/edu/tamu/app/controller/UserController.class], file [/Users/huff/development/java/apps/TAMU-Webservice-Seed/target/classes/edu/tamu/app/model/AppUser.class], file [/Users/huff/development/java/apps/TAMU-Webservice-Seed/target/classes/edu/tamu/app/model/repo/impl/UserRepoImpl.class], file [/Users/huff/development/java/apps/TAMU-Webservice-Seed/target/classes/edu/tamu/app/model/repo/UserRepo.class], file [/Users/huff/development/java/apps/TAMU-Webservice-Seed/target/classes/edu/tamu/app/model/repo/UserRepoCustom.class], file [/Users/huff/development/java/apps/TAMU-Webservice-Seed/target/classes/edu/tamu/app/WebServerInit.class]]
10:13:59.392 [main] DEBUG o.s.c.a.ClassPathBeanDefinitionScanner - Identified candidate component class: file [/Users/huff/development/java/apps/TAMU-Webservice-Seed/target/classes/edu/tamu/app/aspect/AppControllerAspect.class]
10:13:59.392 [main] DEBUG o.s.c.a.ClassPathBeanDefinitionScanner - Identified candidate component class: file [/Users/huff/development/java/apps/TAMU-Webservice-Seed/target/classes/edu/tamu/app/config/AppConfig.class]
10:13:59.392 [main] DEBUG o.s.c.a.ClassPathBeanDefinitionScanner - Identified candidate component class: file [/Users/huff/development/java/apps/TAMU-Webservice-Seed/target/classes/edu/tamu/app/config/AppWebConfigSupport.class]
10:13:59.392 [main] DEBUG o.s.c.a.ClassPathBeanDefinitionScanner - Identified candidate component class: file [/Users/huff/development/java/apps/TAMU-Webservice-Seed/target/classes/edu/tamu/app/config/AppWebMvcConfig.class]
10:13:59.392 [main] DEBUG o.s.c.a.ClassPathBeanDefinitionScanner - Identified candidate component class: file [/Users/huff/development/java/apps/TAMU-Webservice-Seed/target/classes/edu/tamu/app/config/AppWebSocketConfig.class]
10:13:59.392 [main] DEBUG o.s.c.a.ClassPathBeanDefinitionScanner - Identified candidate component class: file [/Users/huff/development/java/apps/TAMU-Webservice-Seed/target/classes/edu/tamu/app/config/SecurityConfig.class]
10:13:59.392 [main] DEBUG o.s.c.a.ClassPathBeanDefinitionScanner - Identified candidate component class: file [/Users/huff/development/java/apps/TAMU-Webservice-Seed/target/classes/edu/tamu/app/config/SpringContext.class]
10:13:59.392 [main] DEBUG o.s.c.a.ClassPathBeanDefinitionScanner - Identified candidate component class: file [/Users/huff/development/java/apps/TAMU-Webservice-Seed/target/classes/edu/tamu/app/controller/AdminController.class]
10:13:59.393 [main] DEBUG o.s.c.a.ClassPathBeanDefinitionScanner - Identified candidate component class: file [/Users/huff/development/java/apps/TAMU-Webservice-Seed/target/classes/edu/tamu/app/controller/MockAuthServiceController.class]
10:13:59.393 [main] DEBUG o.s.c.a.ClassPathBeanDefinitionScanner - Identified candidate component class: file [/Users/huff/development/java/apps/TAMU-Webservice-Seed/target/classes/edu/tamu/app/controller/UserController.class]
10:13:59.393 [main] DEBUG o.s.c.a.ClassPathBeanDefinitionScanner - Ignored because not a concrete top-level class: file [/Users/huff/development/java/apps/TAMU-Webservice-Seed/target/classes/edu/tamu/app/model/repo/UserRepo.class]
10:13:59.393 [main] DEBUG o.s.c.a.ClassPathBeanDefinitionScanner - Identified candidate component class: file [/Users/huff/development/java/apps/TAMU-Webservice-Seed/target/classes/edu/tamu/app/WebServerInit.class]
10:13:59.403 [main] DEBUG o.s.core.env.StandardEnvironment - Adding [systemProperties] PropertySource with lowest search precedence
10:13:59.403 [main] DEBUG o.s.core.env.StandardEnvironment - Adding [systemEnvironment] PropertySource with lowest search precedence
10:13:59.403 [main] DEBUG o.s.core.env.StandardEnvironment - Initialized StandardEnvironment with PropertySources [systemProperties,systemEnvironment]
10:13:59.403 [main] DEBUG o.s.c.a.ClassPathBeanDefinitionScanner - JSR-250 'javax.annotation.ManagedBean' found and supported for component scanning
10:13:59.403 [main] DEBUG o.s.c.i.s.PathMatchingResourcePatternResolver - Looking for matching resources in jar file [file:/Users/huff/.m2/repository/edu/tamu/framework/webservice-framework-core/2.0.0-SNAPSHOT/webservice-framework-core-2.0.0-SNAPSHOT.jar]
10:13:59.404 [main] DEBUG o.s.c.i.s.PathMatchingResourcePatternResolver - Resolved location pattern [classpath*:edu/tamu/framework/config/**/*.class] to resources [URL [jar:file:/Users/huff/.m2/repository/edu/tamu/framework/webservice-framework-core/2.0.0-SNAPSHOT/webservice-framework-core-2.0.0-SNAPSHOT.jar!/edu/tamu/framework/config/CoreCorsFilter.class], URL [jar:file:/Users/huff/.m2/repository/edu/tamu/framework/webservice-framework-core/2.0.0-SNAPSHOT/webservice-framework-core-2.0.0-SNAPSHOT.jar!/edu/tamu/framework/config/CoreScheduleConfig.class], URL [jar:file:/Users/huff/.m2/repository/edu/tamu/framework/webservice-framework-core/2.0.0-SNAPSHOT/webservice-framework-core-2.0.0-SNAPSHOT.jar!/edu/tamu/framework/config/CoreSecurityConfig.class], URL [jar:file:/Users/huff/.m2/repository/edu/tamu/framework/webservice-framework-core/2.0.0-SNAPSHOT/webservice-framework-core-2.0.0-SNAPSHOT.jar!/edu/tamu/framework/config/CoreWebAppConfig.class], URL [jar:file:/Users/huff/.m2/repository/edu/tamu/framework/webservice-framework-core/2.0.0-SNAPSHOT/webservice-framework-core-2.0.0-SNAPSHOT.jar!/edu/tamu/framework/config/CoreWebConfigSupport.class], URL [jar:file:/Users/huff/.m2/repository/edu/tamu/framework/webservice-framework-core/2.0.0-SNAPSHOT/webservice-framework-core-2.0.0-SNAPSHOT.jar!/edu/tamu/framework/config/CoreWebMvcConfig.class], URL [jar:file:/Users/huff/.m2/repository/edu/tamu/framework/webservice-framework-core/2.0.0-SNAPSHOT/webservice-framework-core-2.0.0-SNAPSHOT.jar!/edu/tamu/framework/config/CoreWebSocketConfig.class]]
10:13:59.404 [main] DEBUG o.s.c.a.ClassPathBeanDefinitionScanner - Identified candidate component class: URL [jar:file:/Users/huff/.m2/repository/edu/tamu/framework/webservice-framework-core/2.0.0-SNAPSHOT/webservice-framework-core-2.0.0-SNAPSHOT.jar!/edu/tamu/framework/config/CoreCorsFilter.class]
10:13:59.404 [main] DEBUG o.s.c.a.ClassPathBeanDefinitionScanner - Identified candidate component class: URL [jar:file:/Users/huff/.m2/repository/edu/tamu/framework/webservice-framework-core/2.0.0-SNAPSHOT/webservice-framework-core-2.0.0-SNAPSHOT.jar!/edu/tamu/framework/config/CoreScheduleConfig.class]
10:13:59.404 [main] DEBUG o.s.c.a.ClassPathBeanDefinitionScanner - Identified candidate component class: URL [jar:file:/Users/huff/.m2/repository/edu/tamu/framework/webservice-framework-core/2.0.0-SNAPSHOT/webservice-framework-core-2.0.0-SNAPSHOT.jar!/edu/tamu/framework/config/CoreSecurityConfig.class]
10:13:59.404 [main] DEBUG o.s.c.a.ClassPathBeanDefinitionScanner - Ignored because not a concrete top-level class: URL [jar:file:/Users/huff/.m2/repository/edu/tamu/framework/webservice-framework-core/2.0.0-SNAPSHOT/webservice-framework-core-2.0.0-SNAPSHOT.jar!/edu/tamu/framework/config/CoreWebConfigSupport.class]
10:13:59.404 [main] DEBUG o.s.c.a.ClassPathBeanDefinitionScanner - Identified candidate component class: URL [jar:file:/Users/huff/.m2/repository/edu/tamu/framework/webservice-framework-core/2.0.0-SNAPSHOT/webservice-framework-core-2.0.0-SNAPSHOT.jar!/edu/tamu/framework/config/CoreWebMvcConfig.class]
10:13:59.405 [main] DEBUG o.s.c.a.ClassPathBeanDefinitionScanner - Ignored because not a concrete top-level class: URL [jar:file:/Users/huff/.m2/repository/edu/tamu/framework/webservice-framework-core/2.0.0-SNAPSHOT/webservice-framework-core-2.0.0-SNAPSHOT.jar!/edu/tamu/framework/config/CoreWebSocketConfig.class]
10:13:59.405 [main] DEBUG o.s.c.i.s.PathMatchingResourcePatternResolver - Looking for matching resources in jar file [file:/Users/huff/.m2/repository/edu/tamu/framework/webservice-framework-core/2.0.0-SNAPSHOT/webservice-framework-core-2.0.0-SNAPSHOT.jar]
10:13:59.405 [main] DEBUG o.s.c.i.s.PathMatchingResourcePatternResolver - Resolved location pattern [classpath*:edu/tamu/framework/interceptor/**/*.class] to resources [URL [jar:file:/Users/huff/.m2/repository/edu/tamu/framework/webservice-framework-core/2.0.0-SNAPSHOT/webservice-framework-core-2.0.0-SNAPSHOT.jar!/edu/tamu/framework/interceptor/CoreRestInterceptor$ExpiredJwtException.class], URL [jar:file:/Users/huff/.m2/repository/edu/tamu/framework/webservice-framework-core/2.0.0-SNAPSHOT/webservice-framework-core-2.0.0-SNAPSHOT.jar!/edu/tamu/framework/interceptor/CoreRestInterceptor$InvalidJwtException.class], URL [jar:file:/Users/huff/.m2/repository/edu/tamu/framework/webservice-framework-core/2.0.0-SNAPSHOT/webservice-framework-core-2.0.0-SNAPSHOT.jar!/edu/tamu/framework/interceptor/CoreRestInterceptor$MissingJwtException.class], URL [jar:file:/Users/huff/.m2/repository/edu/tamu/framework/webservice-framework-core/2.0.0-SNAPSHOT/webservice-framework-core-2.0.0-SNAPSHOT.jar!/edu/tamu/framework/interceptor/CoreRestInterceptor.class], URL [jar:file:/Users/huff/.m2/repository/edu/tamu/framework/webservice-framework-core/2.0.0-SNAPSHOT/webservice-framework-core-2.0.0-SNAPSHOT.jar!/edu/tamu/framework/interceptor/CoreStompInterceptor$1.class], URL [jar:file:/Users/huff/.m2/repository/edu/tamu/framework/webservice-framework-core/2.0.0-SNAPSHOT/webservice-framework-core-2.0.0-SNAPSHOT.jar!/edu/tamu/framework/interceptor/CoreStompInterceptor.class]]
10:13:59.405 [main] DEBUG o.s.c.a.ClassPathBeanDefinitionScanner - Ignored because not a concrete top-level class: URL [jar:file:/Users/huff/.m2/repository/edu/tamu/framework/webservice-framework-core/2.0.0-SNAPSHOT/webservice-framework-core-2.0.0-SNAPSHOT.jar!/edu/tamu/framework/interceptor/CoreRestInterceptor.class]
10:13:59.406 [main] DEBUG o.s.c.a.ClassPathBeanDefinitionScanner - Ignored because not a concrete top-level class: URL [jar:file:/Users/huff/.m2/repository/edu/tamu/framework/webservice-framework-core/2.0.0-SNAPSHOT/webservice-framework-core-2.0.0-SNAPSHOT.jar!/edu/tamu/framework/interceptor/CoreStompInterceptor.class]
10:13:59.406 [main] DEBUG o.s.c.i.s.PathMatchingResourcePatternResolver - Looking for matching resources in jar file [file:/Users/huff/.m2/repository/edu/tamu/framework/webservice-framework-core/2.0.0-SNAPSHOT/webservice-framework-core-2.0.0-SNAPSHOT.jar]
10:13:59.406 [main] DEBUG o.s.c.i.s.PathMatchingResourcePatternResolver - Resolved location pattern [classpath*:edu/tamu/framework/controller/**/*.class] to resources [URL [jar:file:/Users/huff/.m2/repository/edu/tamu/framework/webservice-framework-core/2.0.0-SNAPSHOT/webservice-framework-core-2.0.0-SNAPSHOT.jar!/edu/tamu/framework/controller/ReportingController$1.class], URL [jar:file:/Users/huff/.m2/repository/edu/tamu/framework/webservice-framework-core/2.0.0-SNAPSHOT/webservice-framework-core-2.0.0-SNAPSHOT.jar!/edu/tamu/framework/controller/ReportingController.class]]
10:13:59.406 [main] DEBUG o.s.c.a.ClassPathBeanDefinitionScanner - Identified candidate component class: URL [jar:file:/Users/huff/.m2/repository/edu/tamu/framework/webservice-framework-core/2.0.0-SNAPSHOT/webservice-framework-core-2.0.0-SNAPSHOT.jar!/edu/tamu/framework/controller/ReportingController.class]
10:13:59.419 [main] DEBUG o.s.core.env.StandardEnvironment - Adding [systemProperties] PropertySource with lowest search precedence
10:13:59.419 [main] DEBUG o.s.core.env.StandardEnvironment - Adding [systemEnvironment] PropertySource with lowest search precedence
10:13:59.419 [main] DEBUG o.s.core.env.StandardEnvironment - Initialized StandardEnvironment with PropertySources [systemProperties,systemEnvironment]
10:13:59.419 [main] DEBUG o.s.c.a.ClassPathBeanDefinitionScanner - JSR-250 'javax.annotation.ManagedBean' found and supported for component scanning
10:13:59.420 [main] DEBUG o.s.c.i.s.PathMatchingResourcePatternResolver - Resolved location pattern [classpath*:org/tdl/vireo/config/**/*.class] to resources []
10:13:59.420 [main] DEBUG o.s.c.i.s.PathMatchingResourcePatternResolver - Resolved location pattern [classpath*:org/tdl/vireo/controller/**/*.class] to resources []
10:13:59.420 [main] DEBUG o.s.core.env.StandardEnvironment - Adding [systemProperties] PropertySource with lowest search precedence
10:13:59.420 [main] DEBUG o.s.core.env.StandardEnvironment - Adding [systemEnvironment] PropertySource with lowest search precedence
10:13:59.420 [main] DEBUG o.s.core.env.StandardEnvironment - Initialized StandardEnvironment with PropertySources [systemProperties,systemEnvironment]
10:13:59.420 [main] DEBUG o.s.c.a.ClassPathBeanDefinitionScanner - JSR-250 'javax.annotation.ManagedBean' found and supported for component scanning
10:13:59.421 [main] DEBUG o.s.c.i.s.PathMatchingResourcePatternResolver - Looking for matching resources in jar file [file:/Users/huff/.m2/repository/edu/tamu/framework/webservice-framework-core/2.0.0-SNAPSHOT/webservice-framework-core-2.0.0-SNAPSHOT.jar]
10:13:59.421 [main] DEBUG o.s.c.i.s.PathMatchingResourcePatternResolver - Resolved location pattern [classpath*:edu/tamu/framework/config/**/*.class] to resources [URL [jar:file:/Users/huff/.m2/repository/edu/tamu/framework/webservice-framework-core/2.0.0-SNAPSHOT/webservice-framework-core-2.0.0-SNAPSHOT.jar!/edu/tamu/framework/config/CoreCorsFilter.class], URL [jar:file:/Users/huff/.m2/repository/edu/tamu/framework/webservice-framework-core/2.0.0-SNAPSHOT/webservice-framework-core-2.0.0-SNAPSHOT.jar!/edu/tamu/framework/config/CoreScheduleConfig.class], URL [jar:file:/Users/huff/.m2/repository/edu/tamu/framework/webservice-framework-core/2.0.0-SNAPSHOT/webservice-framework-core-2.0.0-SNAPSHOT.jar!/edu/tamu/framework/config/CoreSecurityConfig.class], URL [jar:file:/Users/huff/.m2/repository/edu/tamu/framework/webservice-framework-core/2.0.0-SNAPSHOT/webservice-framework-core-2.0.0-SNAPSHOT.jar!/edu/tamu/framework/config/CoreWebAppConfig.class], URL [jar:file:/Users/huff/.m2/repository/edu/tamu/framework/webservice-framework-core/2.0.0-SNAPSHOT/webservice-framework-core-2.0.0-SNAPSHOT.jar!/edu/tamu/framework/config/CoreWebConfigSupport.class], URL [jar:file:/Users/huff/.m2/repository/edu/tamu/framework/webservice-framework-core/2.0.0-SNAPSHOT/webservice-framework-core-2.0.0-SNAPSHOT.jar!/edu/tamu/framework/config/CoreWebMvcConfig.class], URL [jar:file:/Users/huff/.m2/repository/edu/tamu/framework/webservice-framework-core/2.0.0-SNAPSHOT/webservice-framework-core-2.0.0-SNAPSHOT.jar!/edu/tamu/framework/config/CoreWebSocketConfig.class]]
10:13:59.421 [main] DEBUG o.s.c.a.ClassPathBeanDefinitionScanner - Identified candidate component class: URL [jar:file:/Users/huff/.m2/repository/edu/tamu/framework/webservice-framework-core/2.0.0-SNAPSHOT/webservice-framework-core-2.0.0-SNAPSHOT.jar!/edu/tamu/framework/config/CoreCorsFilter.class]
10:13:59.421 [main] DEBUG o.s.c.a.ClassPathBeanDefinitionScanner - Identified candidate component class: URL [jar:file:/Users/huff/.m2/repository/edu/tamu/framework/webservice-framework-core/2.0.0-SNAPSHOT/webservice-framework-core-2.0.0-SNAPSHOT.jar!/edu/tamu/framework/config/CoreScheduleConfig.class]
10:13:59.421 [main] DEBUG o.s.c.a.ClassPathBeanDefinitionScanner - Identified candidate component class: URL [jar:file:/Users/huff/.m2/repository/edu/tamu/framework/webservice-framework-core/2.0.0-SNAPSHOT/webservice-framework-core-2.0.0-SNAPSHOT.jar!/edu/tamu/framework/config/CoreSecurityConfig.class]
10:13:59.422 [main] DEBUG o.s.c.a.ClassPathBeanDefinitionScanner - Ignored because not a concrete top-level class: URL [jar:file:/Users/huff/.m2/repository/edu/tamu/framework/webservice-framework-core/2.0.0-SNAPSHOT/webservice-framework-core-2.0.0-SNAPSHOT.jar!/edu/tamu/framework/config/CoreWebConfigSupport.class]
10:13:59.422 [main] DEBUG o.s.c.a.ClassPathBeanDefinitionScanner - Identified candidate component class: URL [jar:file:/Users/huff/.m2/repository/edu/tamu/framework/webservice-framework-core/2.0.0-SNAPSHOT/webservice-framework-core-2.0.0-SNAPSHOT.jar!/edu/tamu/framework/config/CoreWebMvcConfig.class]
10:13:59.422 [main] DEBUG o.s.c.a.ClassPathBeanDefinitionScanner - Ignored because not a concrete top-level class: URL [jar:file:/Users/huff/.m2/repository/edu/tamu/framework/webservice-framework-core/2.0.0-SNAPSHOT/webservice-framework-core-2.0.0-SNAPSHOT.jar!/edu/tamu/framework/config/CoreWebSocketConfig.class]
10:13:59.422 [main] DEBUG o.s.c.i.s.PathMatchingResourcePatternResolver - Looking for matching resources in jar file [file:/Users/huff/.m2/repository/edu/tamu/framework/webservice-framework-core/2.0.0-SNAPSHOT/webservice-framework-core-2.0.0-SNAPSHOT.jar]
10:13:59.422 [main] DEBUG o.s.c.i.s.PathMatchingResourcePatternResolver - Resolved location pattern [classpath*:edu/tamu/framework/interceptor/**/*.class] to resources [URL [jar:file:/Users/huff/.m2/repository/edu/tamu/framework/webservice-framework-core/2.0.0-SNAPSHOT/webservice-framework-core-2.0.0-SNAPSHOT.jar!/edu/tamu/framework/interceptor/CoreRestInterceptor$ExpiredJwtException.class], URL [jar:file:/Users/huff/.m2/repository/edu/tamu/framework/webservice-framework-core/2.0.0-SNAPSHOT/webservice-framework-core-2.0.0-SNAPSHOT.jar!/edu/tamu/framework/interceptor/CoreRestInterceptor$InvalidJwtException.class], URL [jar:file:/Users/huff/.m2/repository/edu/tamu/framework/webservice-framework-core/2.0.0-SNAPSHOT/webservice-framework-core-2.0.0-SNAPSHOT.jar!/edu/tamu/framework/interceptor/CoreRestInterceptor$MissingJwtException.class], URL [jar:file:/Users/huff/.m2/repository/edu/tamu/framework/webservice-framework-core/2.0.0-SNAPSHOT/webservice-framework-core-2.0.0-SNAPSHOT.jar!/edu/tamu/framework/interceptor/CoreRestInterceptor.class], URL [jar:file:/Users/huff/.m2/repository/edu/tamu/framework/webservice-framework-core/2.0.0-SNAPSHOT/webservice-framework-core-2.0.0-SNAPSHOT.jar!/edu/tamu/framework/interceptor/CoreStompInterceptor$1.class], URL [jar:file:/Users/huff/.m2/repository/edu/tamu/framework/webservice-framework-core/2.0.0-SNAPSHOT/webservice-framework-core-2.0.0-SNAPSHOT.jar!/edu/tamu/framework/interceptor/CoreStompInterceptor.class]]
10:13:59.423 [main] DEBUG o.s.c.a.ClassPathBeanDefinitionScanner - Ignored because not a concrete top-level class: URL [jar:file:/Users/huff/.m2/repository/edu/tamu/framework/webservice-framework-core/2.0.0-SNAPSHOT/webservice-framework-core-2.0.0-SNAPSHOT.jar!/edu/tamu/framework/interceptor/CoreRestInterceptor.class]
10:13:59.423 [main] DEBUG o.s.c.a.ClassPathBeanDefinitionScanner - Ignored because not a concrete top-level class: URL [jar:file:/Users/huff/.m2/repository/edu/tamu/framework/webservice-framework-core/2.0.0-SNAPSHOT/webservice-framework-core-2.0.0-SNAPSHOT.jar!/edu/tamu/framework/interceptor/CoreStompInterceptor.class]
10:13:59.423 [main] DEBUG o.s.c.i.s.PathMatchingResourcePatternResolver - Looking for matching resources in jar file [file:/Users/huff/.m2/repository/edu/tamu/framework/webservice-framework-core/2.0.0-SNAPSHOT/webservice-framework-core-2.0.0-SNAPSHOT.jar]
10:13:59.424 [main] DEBUG o.s.c.i.s.PathMatchingResourcePatternResolver - Resolved location pattern [classpath*:edu/tamu/framework/controller/**/*.class] to resources [URL [jar:file:/Users/huff/.m2/repository/edu/tamu/framework/webservice-framework-core/2.0.0-SNAPSHOT/webservice-framework-core-2.0.0-SNAPSHOT.jar!/edu/tamu/framework/controller/ReportingController$1.class], URL [jar:file:/Users/huff/.m2/repository/edu/tamu/framework/webservice-framework-core/2.0.0-SNAPSHOT/webservice-framework-core-2.0.0-SNAPSHOT.jar!/edu/tamu/framework/controller/ReportingController.class]]
10:13:59.424 [main] DEBUG o.s.c.a.ClassPathBeanDefinitionScanner - Identified candidate component class: URL [jar:file:/Users/huff/.m2/repository/edu/tamu/framework/webservice-framework-core/2.0.0-SNAPSHOT/webservice-framework-core-2.0.0-SNAPSHOT.jar!/edu/tamu/framework/controller/ReportingController.class]
10:13:59.434 [main] DEBUG o.s.core.env.StandardEnvironment - Adding [systemProperties] PropertySource with lowest search precedence
10:13:59.434 [main] DEBUG o.s.core.env.StandardEnvironment - Adding [systemEnvironment] PropertySource with lowest search precedence
10:13:59.434 [main] DEBUG o.s.core.env.StandardEnvironment - Initialized StandardEnvironment with PropertySources [systemProperties,systemEnvironment]
10:13:59.434 [main] DEBUG o.s.c.a.ClassPathBeanDefinitionScanner - JSR-250 'javax.annotation.ManagedBean' found and supported for component scanning
10:13:59.435 [main] DEBUG o.s.c.i.s.PathMatchingResourcePatternResolver - Looking for matching resources in jar file [file:/Users/huff/.m2/repository/edu/tamu/framework/webservice-framework-core/2.0.0-SNAPSHOT/webservice-framework-core-2.0.0-SNAPSHOT.jar]
10:13:59.436 [main] DEBUG o.s.c.i.s.PathMatchingResourcePatternResolver - Resolved location pattern [classpath*:edu/tamu/framework/**/*.class] to resources [URL [jar:file:/Users/huff/.m2/repository/edu/tamu/framework/webservice-framework-core/2.0.0-SNAPSHOT/webservice-framework-core-2.0.0-SNAPSHOT.jar!/edu/tamu/framework/aspect/annotation/ApiMapping.class], URL [jar:file:/Users/huff/.m2/repository/edu/tamu/framework/webservice-framework-core/2.0.0-SNAPSHOT/webservice-framework-core-2.0.0-SNAPSHOT.jar!/edu/tamu/framework/aspect/annotation/ApiVariable.class], URL [jar:file:/Users/huff/.m2/repository/edu/tamu/framework/webservice-framework-core/2.0.0-SNAPSHOT/webservice-framework-core-2.0.0-SNAPSHOT.jar!/edu/tamu/framework/aspect/annotation/Auth.class], URL [jar:file:/Users/huff/.m2/repository/edu/tamu/framework/webservice-framework-core/2.0.0-SNAPSHOT/webservice-framework-core-2.0.0-SNAPSHOT.jar!/edu/tamu/framework/aspect/annotation/Data.class], URL [jar:file:/Users/huff/.m2/repository/edu/tamu/framework/webservice-framework-core/2.0.0-SNAPSHOT/webservice-framework-core-2.0.0-SNAPSHOT.jar!/edu/tamu/framework/aspect/annotation/InputStream.class], URL [jar:file:/Users/huff/.m2/repository/edu/tamu/framework/webservice-framework-core/2.0.0-SNAPSHOT/webservice-framework-core-2.0.0-SNAPSHOT.jar!/edu/tamu/framework/aspect/annotation/Parameters.class], URL [jar:file:/Users/huff/.m2/repository/edu/tamu/framework/webservice-framework-core/2.0.0-SNAPSHOT/webservice-framework-core-2.0.0-SNAPSHOT.jar!/edu/tamu/framework/aspect/annotation/Shib.class], URL [jar:file:/Users/huff/.m2/repository/edu/tamu/framework/webservice-framework-core/2.0.0-SNAPSHOT/webservice-framework-core-2.0.0-SNAPSHOT.jar!/edu/tamu/framework/aspect/annotation/SkipAop.class], URL [jar:file:/Users/huff/.m2/repository/edu/tamu/framework/webservice-framework-core/2.0.0-SNAPSHOT/webservice-framework-core-2.0.0-SNAPSHOT.jar!/edu/tamu/framework/aspect/CoreControllerAspect$PreProcessObject.class], URL [jar:file:/Users/huff/.m2/repository/edu/tamu/framework/webservice-framework-core/2.0.0-SNAPSHOT/webservice-framework-core-2.0.0-SNAPSHOT.jar!/edu/tamu/framework/aspect/CoreControllerAspect$Protocol.class], URL [jar:file:/Users/huff/.m2/repository/edu/tamu/framework/webservice-framework-core/2.0.0-SNAPSHOT/webservice-framework-core-2.0.0-SNAPSHOT.jar!/edu/tamu/framework/aspect/CoreControllerAspect.class], URL [jar:file:/Users/huff/.m2/repository/edu/tamu/framework/webservice-framework-core/2.0.0-SNAPSHOT/webservice-framework-core-2.0.0-SNAPSHOT.jar!/edu/tamu/framework/config/CoreCorsFilter.class], URL [jar:file:/Users/huff/.m2/repository/edu/tamu/framework/webservice-framework-core/2.0.0-SNAPSHOT/webservice-framework-core-2.0.0-SNAPSHOT.jar!/edu/tamu/framework/config/CoreScheduleConfig.class], URL [jar:file:/Users/huff/.m2/repository/edu/tamu/framework/webservice-framework-core/2.0.0-SNAPSHOT/webservice-framework-core-2.0.0-SNAPSHOT.jar!/edu/tamu/framework/config/CoreSecurityConfig.class], URL [jar:file:/Users/huff/.m2/repository/edu/tamu/framework/webservice-framework-core/2.0.0-SNAPSHOT/webservice-framework-core-2.0.0-SNAPSHOT.jar!/edu/tamu/framework/config/CoreWebAppConfig.class], URL [jar:file:/Users/huff/.m2/repository/edu/tamu/framework/webservice-framework-core/2.0.0-SNAPSHOT/webservice-framework-core-2.0.0-SNAPSHOT.jar!/edu/tamu/framework/config/CoreWebConfigSupport.class], URL [jar:file:/Users/huff/.m2/repository/edu/tamu/framework/webservice-framework-core/2.0.0-SNAPSHOT/webservice-framework-core-2.0.0-SNAPSHOT.jar!/edu/tamu/framework/config/CoreWebMvcConfig.class], URL [jar:file:/Users/huff/.m2/repository/edu/tamu/framework/webservice-framework-core/2.0.0-SNAPSHOT/webservice-framework-core-2.0.0-SNAPSHOT.jar!/edu/tamu/framework/config/CoreWebSocketConfig.class], URL [jar:file:/Users/huff/.m2/repository/edu/tamu/framework/webservice-framework-core/2.0.0-SNAPSHOT/webservice-framework-core-2.0.0-SNAPSHOT.jar!/edu/tamu/framework/controller/ReportingController$1.class], URL [jar:file:/Users/huff/.m2/repository/edu/tamu/framework/webservice-framework-core/2.0.0-SNAPSHOT/webservice-framework-core-2.0.0-SNAPSHOT.jar!/edu/tamu/framework/controller/ReportingController.class], URL [jar:file:/Users/huff/.m2/repository/edu/tamu/framework/webservice-framework-core/2.0.0-SNAPSHOT/webservice-framework-core-2.0.0-SNAPSHOT.jar!/edu/tamu/framework/CoreContextInitializedHandler.class], URL [jar:file:/Users/huff/.m2/repository/edu/tamu/framework/webservice-framework-core/2.0.0-SNAPSHOT/webservice-framework-core-2.0.0-SNAPSHOT.jar!/edu/tamu/framework/enums/ApiResponseType.class], URL [jar:file:/Users/huff/.m2/repository/edu/tamu/framework/webservice-framework-core/2.0.0-SNAPSHOT/webservice-framework-core-2.0.0-SNAPSHOT.jar!/edu/tamu/framework/enums/CoreRoles.class], URL [jar:file:/Users/huff/.m2/repository/edu/tamu/framework/webservice-framework-core/2.0.0-SNAPSHOT/webservice-framework-core-2.0.0-SNAPSHOT.jar!/edu/tamu/framework/events/StompConnectEvent.class], URL [jar:file:/Users/huff/.m2/repository/edu/tamu/framework/webservice-framework-core/2.0.0-SNAPSHOT/webservice-framework-core-2.0.0-SNAPSHOT.jar!/edu/tamu/framework/events/StompDisconnectEvent.class], URL [jar:file:/Users/huff/.m2/repository/edu/tamu/framework/webservice-framework-core/2.0.0-SNAPSHOT/webservice-framework-core-2.0.0-SNAPSHOT.jar!/edu/tamu/framework/interceptor/CoreRestInterceptor$ExpiredJwtException.class], URL [jar:file:/Users/huff/.m2/repository/edu/tamu/framework/webservice-framework-core/2.0.0-SNAPSHOT/webservice-framework-core-2.0.0-SNAPSHOT.jar!/edu/tamu/framework/interceptor/CoreRestInterceptor$InvalidJwtException.class], URL [jar:file:/Users/huff/.m2/repository/edu/tamu/framework/webservice-framework-core/2.0.0-SNAPSHOT/webservice-framework-core-2.0.0-SNAPSHOT.jar!/edu/tamu/framework/interceptor/CoreRestInterceptor$MissingJwtException.class], URL [jar:file:/Users/huff/.m2/repository/edu/tamu/framework/webservice-framework-core/2.0.0-SNAPSHOT/webservice-framework-core-2.0.0-SNAPSHOT.jar!/edu/tamu/framework/interceptor/CoreRestInterceptor.class], URL [jar:file:/Users/huff/.m2/repository/edu/tamu/framework/webservice-framework-core/2.0.0-SNAPSHOT/webservice-framework-core-2.0.0-SNAPSHOT.jar!/edu/tamu/framework/interceptor/CoreStompInterceptor$1.class], URL [jar:file:/Users/huff/.m2/repository/edu/tamu/framework/webservice-framework-core/2.0.0-SNAPSHOT/webservice-framework-core-2.0.0-SNAPSHOT.jar!/edu/tamu/framework/interceptor/CoreStompInterceptor.class], URL [jar:file:/Users/huff/.m2/repository/edu/tamu/framework/webservice-framework-core/2.0.0-SNAPSHOT/webservice-framework-core-2.0.0-SNAPSHOT.jar!/edu/tamu/framework/mapping/condition/RestRequestCondition.class], URL [jar:file:/Users/huff/.m2/repository/edu/tamu/framework/webservice-framework-core/2.0.0-SNAPSHOT/webservice-framework-core-2.0.0-SNAPSHOT.jar!/edu/tamu/framework/mapping/condition/WebSocketRequestCondition.class], URL [jar:file:/Users/huff/.m2/repository/edu/tamu/framework/webservice-framework-core/2.0.0-SNAPSHOT/webservice-framework-core-2.0.0-SNAPSHOT.jar!/edu/tamu/framework/mapping/info/CustomSimpMessageMappingInfo.class], URL [jar:file:/Users/huff/.m2/repository/edu/tamu/framework/webservice-framework-core/2.0.0-SNAPSHOT/webservice-framework-core-2.0.0-SNAPSHOT.jar!/edu/tamu/framework/mapping/RestRequestMappingHandler.class], URL [jar:file:/Users/huff/.m2/repository/edu/tamu/framework/webservice-framework-core/2.0.0-SNAPSHOT/webservice-framework-core-2.0.0-SNAPSHOT.jar!/edu/tamu/framework/mapping/WebSocketRequestMappingHandler$1.class], URL [jar:file:/Users/huff/.m2/repository/edu/tamu/framework/webservice-framework-core/2.0.0-SNAPSHOT/webservice-framework-core-2.0.0-SNAPSHOT.jar!/edu/tamu/framework/mapping/WebSocketRequestMappingHandler.class], URL [jar:file:/Users/huff/.m2/repository/edu/tamu/framework/webservice-framework-core/2.0.0-SNAPSHOT/webservice-framework-core-2.0.0-SNAPSHOT.jar!/edu/tamu/framework/model/AbstractCoreUserImpl.class], URL [jar:file:/Users/huff/.m2/repository/edu/tamu/framework/webservice-framework-core/2.0.0-SNAPSHOT/webservice-framework-core-2.0.0-SNAPSHOT.jar!/edu/tamu/framework/model/ApiResponse$Meta.class], URL [jar:file:/Users/huff/.m2/repository/edu/tamu/framework/webservice-framework-core/2.0.0-SNAPSHOT/webservice-framework-core-2.0.0-SNAPSHOT.jar!/edu/tamu/framework/model/ApiResponse.class], URL [jar:file:/Users/huff/.m2/repository/edu/tamu/framework/webservice-framework-core/2.0.0-SNAPSHOT/webservice-framework-core-2.0.0-SNAPSHOT.jar!/edu/tamu/framework/model/CoreUser.class], URL [jar:file:/Users/huff/.m2/repository/edu/tamu/framework/webservice-framework-core/2.0.0-SNAPSHOT/webservice-framework-core-2.0.0-SNAPSHOT.jar!/edu/tamu/framework/model/Credentials.class], URL [jar:file:/Users/huff/.m2/repository/edu/tamu/framework/webservice-framework-core/2.0.0-SNAPSHOT/webservice-framework-core-2.0.0-SNAPSHOT.jar!/edu/tamu/framework/model/HttpRequest.class], URL [jar:file:/Users/huff/.m2/repository/edu/tamu/framework/webservice-framework-core/2.0.0-SNAPSHOT/webservice-framework-core-2.0.0-SNAPSHOT.jar!/edu/tamu/framework/model/jwt/JWTclaim.class], URL [jar:file:/Users/huff/.m2/repository/edu/tamu/framework/webservice-framework-core/2.0.0-SNAPSHOT/webservice-framework-core-2.0.0-SNAPSHOT.jar!/edu/tamu/framework/model/jwt/JWTheader.class], URL [jar:file:/Users/huff/.m2/repository/edu/tamu/framework/webservice-framework-core/2.0.0-SNAPSHOT/webservice-framework-core-2.0.0-SNAPSHOT.jar!/edu/tamu/framework/model/jwt/JWTtoken.class], URL [jar:file:/Users/huff/.m2/repository/edu/tamu/framework/webservice-framework-core/2.0.0-SNAPSHOT/webservice-framework-core-2.0.0-SNAPSHOT.jar!/edu/tamu/framework/model/repo/SymlinkRepo.class], URL [jar:file:/Users/huff/.m2/repository/edu/tamu/framework/webservice-framework-core/2.0.0-SNAPSHOT/webservice-framework-core-2.0.0-SNAPSHOT.jar!/edu/tamu/framework/model/Symlink.class], URL [jar:file:/Users/huff/.m2/repository/edu/tamu/framework/webservice-framework-core/2.0.0-SNAPSHOT/webservice-framework-core-2.0.0-SNAPSHOT.jar!/edu/tamu/framework/model/WebSocketRequest.class], URL [jar:file:/Users/huff/.m2/repository/edu/tamu/framework/webservice-framework-core/2.0.0-SNAPSHOT/webservice-framework-core-2.0.0-SNAPSHOT.jar!/edu/tamu/framework/service/HttpRequestService.class], URL [jar:file:/Users/huff/.m2/repository/edu/tamu/framework/webservice-framework-core/2.0.0-SNAPSHOT/webservice-framework-core-2.0.0-SNAPSHOT.jar!/edu/tamu/framework/service/StompConnectionService.class], URL [jar:file:/Users/huff/.m2/repository/edu/tamu/framework/webservice-framework-core/2.0.0-SNAPSHOT/webservice-framework-core-2.0.0-SNAPSHOT.jar!/edu/tamu/framework/service/WebSocketRequestService.class], URL [jar:file:/Users/huff/.m2/repository/edu/tamu/framework/webservice-framework-core/2.0.0-SNAPSHOT/webservice-framework-core-2.0.0-SNAPSHOT.jar!/edu/tamu/framework/util/EmailUtility.class], URL [jar:file:/Users/huff/.m2/repository/edu/tamu/framework/webservice-framework-core/2.0.0-SNAPSHOT/webservice-framework-core-2.0.0-SNAPSHOT.jar!/edu/tamu/framework/util/HttpUtility.class], URL [jar:file:/Users/huff/.m2/repository/edu/tamu/framework/webservice-framework-core/2.0.0-SNAPSHOT/webservice-framework-core-2.0.0-SNAPSHOT.jar!/edu/tamu/framework/util/JwtUtility.class]]
10:13:59.437 [main] DEBUG o.s.c.a.ClassPathBeanDefinitionScanner - Ignored because not a concrete top-level class: URL [jar:file:/Users/huff/.m2/repository/edu/tamu/framework/webservice-framework-core/2.0.0-SNAPSHOT/webservice-framework-core-2.0.0-SNAPSHOT.jar!/edu/tamu/framework/aspect/CoreControllerAspect.class]
10:13:59.437 [main] DEBUG o.s.c.a.ClassPathBeanDefinitionScanner - Identified candidate component class: URL [jar:file:/Users/huff/.m2/repository/edu/tamu/framework/webservice-framework-core/2.0.0-SNAPSHOT/webservice-framework-core-2.0.0-SNAPSHOT.jar!/edu/tamu/framework/config/CoreCorsFilter.class]
10:13:59.437 [main] DEBUG o.s.c.a.ClassPathBeanDefinitionScanner - Identified candidate component class: URL [jar:file:/Users/huff/.m2/repository/edu/tamu/framework/webservice-framework-core/2.0.0-SNAPSHOT/webservice-framework-core-2.0.0-SNAPSHOT.jar!/edu/tamu/framework/config/CoreScheduleConfig.class]
10:13:59.437 [main] DEBUG o.s.c.a.ClassPathBeanDefinitionScanner - Identified candidate component class: URL [jar:file:/Users/huff/.m2/repository/edu/tamu/framework/webservice-framework-core/2.0.0-SNAPSHOT/webservice-framework-core-2.0.0-SNAPSHOT.jar!/edu/tamu/framework/config/CoreSecurityConfig.class]
10:13:59.438 [main] DEBUG o.s.c.a.ClassPathBeanDefinitionScanner - Identified candidate component class: URL [jar:file:/Users/huff/.m2/repository/edu/tamu/framework/webservice-framework-core/2.0.0-SNAPSHOT/webservice-framework-core-2.0.0-SNAPSHOT.jar!/edu/tamu/framework/config/CoreWebAppConfig.class]
10:13:59.438 [main] DEBUG o.s.c.a.ClassPathBeanDefinitionScanner - Ignored because not a concrete top-level class: URL [jar:file:/Users/huff/.m2/repository/edu/tamu/framework/webservice-framework-core/2.0.0-SNAPSHOT/webservice-framework-core-2.0.0-SNAPSHOT.jar!/edu/tamu/framework/config/CoreWebConfigSupport.class]
10:13:59.438 [main] DEBUG o.s.c.a.ClassPathBeanDefinitionScanner - Identified candidate component class: URL [jar:file:/Users/huff/.m2/repository/edu/tamu/framework/webservice-framework-core/2.0.0-SNAPSHOT/webservice-framework-core-2.0.0-SNAPSHOT.jar!/edu/tamu/framework/config/CoreWebMvcConfig.class]
10:13:59.438 [main] DEBUG o.s.c.a.ClassPathBeanDefinitionScanner - Ignored because not a concrete top-level class: URL [jar:file:/Users/huff/.m2/repository/edu/tamu/framework/webservice-framework-core/2.0.0-SNAPSHOT/webservice-framework-core-2.0.0-SNAPSHOT.jar!/edu/tamu/framework/config/CoreWebSocketConfig.class]
10:13:59.438 [main] DEBUG o.s.c.a.ClassPathBeanDefinitionScanner - Identified candidate component class: URL [jar:file:/Users/huff/.m2/repository/edu/tamu/framework/webservice-framework-core/2.0.0-SNAPSHOT/webservice-framework-core-2.0.0-SNAPSHOT.jar!/edu/tamu/framework/controller/ReportingController.class]
10:13:59.439 [main] DEBUG o.s.c.a.ClassPathBeanDefinitionScanner - Ignored because not a concrete top-level class: URL [jar:file:/Users/huff/.m2/repository/edu/tamu/framework/webservice-framework-core/2.0.0-SNAPSHOT/webservice-framework-core-2.0.0-SNAPSHOT.jar!/edu/tamu/framework/CoreContextInitializedHandler.class]
10:13:59.439 [main] DEBUG o.s.c.a.ClassPathBeanDefinitionScanner - Ignored because not a concrete top-level class: URL [jar:file:/Users/huff/.m2/repository/edu/tamu/framework/webservice-framework-core/2.0.0-SNAPSHOT/webservice-framework-core-2.0.0-SNAPSHOT.jar!/edu/tamu/framework/interceptor/CoreRestInterceptor.class]
10:13:59.440 [main] DEBUG o.s.c.a.ClassPathBeanDefinitionScanner - Ignored because not a concrete top-level class: URL [jar:file:/Users/huff/.m2/repository/edu/tamu/framework/webservice-framework-core/2.0.0-SNAPSHOT/webservice-framework-core-2.0.0-SNAPSHOT.jar!/edu/tamu/framework/interceptor/CoreStompInterceptor.class]
10:13:59.441 [main] DEBUG o.s.c.a.ClassPathBeanDefinitionScanner - Identified candidate component class: URL [jar:file:/Users/huff/.m2/repository/edu/tamu/framework/webservice-framework-core/2.0.0-SNAPSHOT/webservice-framework-core-2.0.0-SNAPSHOT.jar!/edu/tamu/framework/model/repo/SymlinkRepo.class]
10:13:59.442 [main] DEBUG o.s.c.a.ClassPathBeanDefinitionScanner - Identified candidate component class: URL [jar:file:/Users/huff/.m2/repository/edu/tamu/framework/webservice-framework-core/2.0.0-SNAPSHOT/webservice-framework-core-2.0.0-SNAPSHOT.jar!/edu/tamu/framework/service/HttpRequestService.class]
10:13:59.442 [main] DEBUG o.s.c.a.ClassPathBeanDefinitionScanner - Identified candidate component class: URL [jar:file:/Users/huff/.m2/repository/edu/tamu/framework/webservice-framework-core/2.0.0-SNAPSHOT/webservice-framework-core-2.0.0-SNAPSHOT.jar!/edu/tamu/framework/service/StompConnectionService.class]
10:13:59.442 [main] DEBUG o.s.c.a.ClassPathBeanDefinitionScanner - Identified candidate component class: URL [jar:file:/Users/huff/.m2/repository/edu/tamu/framework/webservice-framework-core/2.0.0-SNAPSHOT/webservice-framework-core-2.0.0-SNAPSHOT.jar!/edu/tamu/framework/service/WebSocketRequestService.class]
10:13:59.442 [main] DEBUG o.s.c.a.ClassPathBeanDefinitionScanner - Identified candidate component class: URL [jar:file:/Users/huff/.m2/repository/edu/tamu/framework/webservice-framework-core/2.0.0-SNAPSHOT/webservice-framework-core-2.0.0-SNAPSHOT.jar!/edu/tamu/framework/util/EmailUtility.class]
10:13:59.442 [main] DEBUG o.s.c.a.ClassPathBeanDefinitionScanner - Identified candidate component class: URL [jar:file:/Users/huff/.m2/repository/edu/tamu/framework/webservice-framework-core/2.0.0-SNAPSHOT/webservice-framework-core-2.0.0-SNAPSHOT.jar!/edu/tamu/framework/util/HttpUtility.class]
10:13:59.442 [main] DEBUG o.s.c.a.ClassPathBeanDefinitionScanner - Identified candidate component class: URL [jar:file:/Users/huff/.m2/repository/edu/tamu/framework/webservice-framework-core/2.0.0-SNAPSHOT/webservice-framework-core-2.0.0-SNAPSHOT.jar!/edu/tamu/framework/util/JwtUtility.class]
10:13:59.443 [main] DEBUG o.s.c.i.s.PathMatchingResourcePatternResolver - Looking for matching resources in directory tree [/Users/huff/development/java/apps/TAMU-Webservice-Seed/target/test-classes/edu/tamu/app]
10:13:59.443 [main] DEBUG o.s.c.i.s.PathMatchingResourcePatternResolver - Searching directory [/Users/huff/development/java/apps/TAMU-Webservice-Seed/target/test-classes/edu/tamu/app] for files matching pattern [/Users/huff/development/java/apps/TAMU-Webservice-Seed/target/test-classes/edu/tamu/app/**/*.class]
10:13:59.443 [main] DEBUG o.s.c.i.s.PathMatchingResourcePatternResolver - Searching directory [/Users/huff/development/java/apps/TAMU-Webservice-Seed/target/test-classes/edu/tamu/app/config] for files matching pattern [/Users/huff/development/java/apps/TAMU-Webservice-Seed/target/test-classes/edu/tamu/app/**/*.class]
10:13:59.443 [main] DEBUG o.s.c.i.s.PathMatchingResourcePatternResolver - Searching directory [/Users/huff/development/java/apps/TAMU-Webservice-Seed/target/test-classes/edu/tamu/app/model] for files matching pattern [/Users/huff/development/java/apps/TAMU-Webservice-Seed/target/test-classes/edu/tamu/app/**/*.class]
10:13:59.443 [main] DEBUG o.s.c.i.s.PathMatchingResourcePatternResolver - Searching directory [/Users/huff/development/java/apps/TAMU-Webservice-Seed/target/test-classes/edu/tamu/app/model/impl] for files matching pattern [/Users/huff/development/java/apps/TAMU-Webservice-Seed/target/test-classes/edu/tamu/app/**/*.class]
10:13:59.443 [main] DEBUG o.s.c.i.s.PathMatchingResourcePatternResolver - Looking for matching resources in directory tree [/Users/huff/development/java/apps/TAMU-Webservice-Seed/target/classes/edu/tamu/app]
10:13:59.443 [main] DEBUG o.s.c.i.s.PathMatchingResourcePatternResolver - Searching directory [/Users/huff/development/java/apps/TAMU-Webservice-Seed/target/classes/edu/tamu/app] for files matching pattern [/Users/huff/development/java/apps/TAMU-Webservice-Seed/target/classes/edu/tamu/app/**/*.class]
10:13:59.443 [main] DEBUG o.s.c.i.s.PathMatchingResourcePatternResolver - Searching directory [/Users/huff/development/java/apps/TAMU-Webservice-Seed/target/classes/edu/tamu/app/aspect] for files matching pattern [/Users/huff/development/java/apps/TAMU-Webservice-Seed/target/classes/edu/tamu/app/**/*.class]
10:13:59.443 [main] DEBUG o.s.c.i.s.PathMatchingResourcePatternResolver - Searching directory [/Users/huff/development/java/apps/TAMU-Webservice-Seed/target/classes/edu/tamu/app/config] for files matching pattern [/Users/huff/development/java/apps/TAMU-Webservice-Seed/target/classes/edu/tamu/app/**/*.class]
10:13:59.443 [main] DEBUG o.s.c.i.s.PathMatchingResourcePatternResolver - Searching directory [/Users/huff/development/java/apps/TAMU-Webservice-Seed/target/classes/edu/tamu/app/controller] for files matching pattern [/Users/huff/development/java/apps/TAMU-Webservice-Seed/target/classes/edu/tamu/app/**/*.class]
10:13:59.444 [main] DEBUG o.s.c.i.s.PathMatchingResourcePatternResolver - Searching directory [/Users/huff/development/java/apps/TAMU-Webservice-Seed/target/classes/edu/tamu/app/controller/interceptor] for files matching pattern [/Users/huff/development/java/apps/TAMU-Webservice-Seed/target/classes/edu/tamu/app/**/*.class]
10:13:59.444 [main] DEBUG o.s.c.i.s.PathMatchingResourcePatternResolver - Searching directory [/Users/huff/development/java/apps/TAMU-Webservice-Seed/target/classes/edu/tamu/app/model] for files matching pattern [/Users/huff/development/java/apps/TAMU-Webservice-Seed/target/classes/edu/tamu/app/**/*.class]
10:13:59.444 [main] DEBUG o.s.c.i.s.PathMatchingResourcePatternResolver - Searching directory [/Users/huff/development/java/apps/TAMU-Webservice-Seed/target/classes/edu/tamu/app/model/repo] for files matching pattern [/Users/huff/development/java/apps/TAMU-Webservice-Seed/target/classes/edu/tamu/app/**/*.class]
10:13:59.444 [main] DEBUG o.s.c.i.s.PathMatchingResourcePatternResolver - Searching directory [/Users/huff/development/java/apps/TAMU-Webservice-Seed/target/classes/edu/tamu/app/model/repo/impl] for files matching pattern [/Users/huff/development/java/apps/TAMU-Webservice-Seed/target/classes/edu/tamu/app/**/*.class]
10:13:59.444 [main] DEBUG o.s.c.i.s.PathMatchingResourcePatternResolver - Resolved location pattern [classpath*:edu/tamu/app/**/*.class] to resources [file [/Users/huff/development/java/apps/TAMU-Webservice-Seed/target/test-classes/edu/tamu/app/config/TestDataSourceConfiguration.class], file [/Users/huff/development/java/apps/TAMU-Webservice-Seed/target/test-classes/edu/tamu/app/model/impl/ShibTest.class], file [/Users/huff/development/java/apps/TAMU-Webservice-Seed/target/test-classes/edu/tamu/app/model/impl/UserTest.class], file [/Users/huff/development/java/apps/TAMU-Webservice-Seed/target/classes/edu/tamu/app/aspect/AppControllerAspect.class], file [/Users/huff/development/java/apps/TAMU-Webservice-Seed/target/classes/edu/tamu/app/config/AppConfig.class], file [/Users/huff/development/java/apps/TAMU-Webservice-Seed/target/classes/edu/tamu/app/config/AppWebConfigSupport.class], file [/Users/huff/development/java/apps/TAMU-Webservice-Seed/target/classes/edu/tamu/app/config/AppWebMvcConfig.class], file [/Users/huff/development/java/apps/TAMU-Webservice-Seed/target/classes/edu/tamu/app/config/AppWebSocketConfig.class], file [/Users/huff/development/java/apps/TAMU-Webservice-Seed/target/classes/edu/tamu/app/config/SecurityConfig.class], file [/Users/huff/development/java/apps/TAMU-Webservice-Seed/target/classes/edu/tamu/app/config/SpringContext.class], file [/Users/huff/development/java/apps/TAMU-Webservice-Seed/target/classes/edu/tamu/app/controller/AdminController.class], file [/Users/huff/development/java/apps/TAMU-Webservice-Seed/target/classes/edu/tamu/app/controller/interceptor/AppRestInterceptor.class], file [/Users/huff/development/java/apps/TAMU-Webservice-Seed/target/classes/edu/tamu/app/controller/interceptor/AppStompInterceptor.class], file [/Users/huff/development/java/apps/TAMU-Webservice-Seed/target/classes/edu/tamu/app/controller/MockAuthServiceController.class], file [/Users/huff/development/java/apps/TAMU-Webservice-Seed/target/classes/edu/tamu/app/controller/UserController$1.class], file [/Users/huff/development/java/apps/TAMU-Webservice-Seed/target/classes/edu/tamu/app/controller/UserController.class], file [/Users/huff/development/java/apps/TAMU-Webservice-Seed/target/classes/edu/tamu/app/model/AppUser.class], file [/Users/huff/development/java/apps/TAMU-Webservice-Seed/target/classes/edu/tamu/app/model/repo/impl/UserRepoImpl.class], file [/Users/huff/development/java/apps/TAMU-Webservice-Seed/target/classes/edu/tamu/app/model/repo/UserRepo.class], file [/Users/huff/development/java/apps/TAMU-Webservice-Seed/target/classes/edu/tamu/app/model/repo/UserRepoCustom.class], file [/Users/huff/development/java/apps/TAMU-Webservice-Seed/target/classes/edu/tamu/app/WebServerInit.class]]
10:13:59.444 [main] DEBUG o.s.c.a.ClassPathBeanDefinitionScanner - Identified candidate component class: file [/Users/huff/development/java/apps/TAMU-Webservice-Seed/target/test-classes/edu/tamu/app/config/TestDataSourceConfiguration.class]
10:13:59.445 [main] DEBUG o.s.c.a.ClassPathBeanDefinitionScanner - Identified candidate component class: file [/Users/huff/development/java/apps/TAMU-Webservice-Seed/target/classes/edu/tamu/app/aspect/AppControllerAspect.class]
10:13:59.445 [main] DEBUG o.s.c.a.ClassPathBeanDefinitionScanner - Identified candidate component class: file [/Users/huff/development/java/apps/TAMU-Webservice-Seed/target/classes/edu/tamu/app/config/AppConfig.class]
10:13:59.445 [main] DEBUG o.s.c.a.ClassPathBeanDefinitionScanner - Identified candidate component class: file [/Users/huff/development/java/apps/TAMU-Webservice-Seed/target/classes/edu/tamu/app/config/AppWebConfigSupport.class]
10:13:59.445 [main] DEBUG o.s.c.a.ClassPathBeanDefinitionScanner - Identified candidate component class: file [/Users/huff/development/java/apps/TAMU-Webservice-Seed/target/classes/edu/tamu/app/config/AppWebMvcConfig.class]
10:13:59.445 [main] DEBUG o.s.c.a.ClassPathBeanDefinitionScanner - Identified candidate component class: file [/Users/huff/development/java/apps/TAMU-Webservice-Seed/target/classes/edu/tamu/app/config/AppWebSocketConfig.class]
10:13:59.446 [main] DEBUG o.s.c.a.ClassPathBeanDefinitionScanner - Identified candidate component class: file [/Users/huff/development/java/apps/TAMU-Webservice-Seed/target/classes/edu/tamu/app/config/SecurityConfig.class]
10:13:59.446 [main] DEBUG o.s.c.a.ClassPathBeanDefinitionScanner - Identified candidate component class: file [/Users/huff/development/java/apps/TAMU-Webservice-Seed/target/classes/edu/tamu/app/config/SpringContext.class]
10:13:59.446 [main] DEBUG o.s.c.a.ClassPathBeanDefinitionScanner - Identified candidate component class: file [/Users/huff/development/java/apps/TAMU-Webservice-Seed/target/classes/edu/tamu/app/controller/AdminController.class]
10:13:59.446 [main] DEBUG o.s.c.a.ClassPathBeanDefinitionScanner - Identified candidate component class: file [/Users/huff/development/java/apps/TAMU-Webservice-Seed/target/classes/edu/tamu/app/controller/MockAuthServiceController.class]
10:13:59.447 [main] DEBUG o.s.c.a.ClassPathBeanDefinitionScanner - Identified candidate component class: file [/Users/huff/development/java/apps/TAMU-Webservice-Seed/target/classes/edu/tamu/app/controller/UserController.class]
10:13:59.447 [main] DEBUG o.s.c.a.ClassPathBeanDefinitionScanner - Ignored because not a concrete top-level class: file [/Users/huff/development/java/apps/TAMU-Webservice-Seed/target/classes/edu/tamu/app/model/repo/UserRepo.class]
10:13:59.471 [main] DEBUG o.s.c.e.PropertySourcesPropertyResolver - Searching for key 'spring.messages.basename' in [systemProperties]
10:13:59.471 [main] DEBUG o.s.c.e.PropertySourcesPropertyResolver - Searching for key 'spring.messages.basename' in [systemEnvironment]
10:13:59.471 [main] DEBUG o.s.c.e.PropertySourcesPropertyResolver - Searching for key 'spring.messages.basename' in [class path resource [config/application.properties]]
10:13:59.471 [main] DEBUG o.s.c.e.PropertySourcesPropertyResolver - Could not find key 'spring.messages.basename' in any property source. Returning [null]
10:13:59.471 [main] DEBUG o.s.b.f.s.DefaultListableBeanFactory - Returning cached instance of singleton bean 'autoConfigurationReport'
10:13:59.472 [main] DEBUG o.s.b.f.s.DefaultListableBeanFactory - Returning cached instance of singleton bean 'autoConfigurationReport'
10:13:59.472 [main] DEBUG o.s.b.f.s.DefaultListableBeanFactory - Returning cached instance of singleton bean 'autoConfigurationReport'
10:13:59.472 [main] DEBUG o.s.b.f.s.DefaultListableBeanFactory - Returning cached instance of singleton bean 'autoConfigurationReport'
10:13:59.472 [main] DEBUG o.s.b.f.s.DefaultListableBeanFactory - Returning cached instance of singleton bean 'autoConfigurationReport'
10:13:59.473 [main] DEBUG o.s.b.f.s.DefaultListableBeanFactory - Returning cached instance of singleton bean 'autoConfigurationReport'
10:13:59.473 [main] DEBUG o.s.b.f.s.DefaultListableBeanFactory - Returning cached instance of singleton bean 'autoConfigurationReport'
10:13:59.473 [main] DEBUG o.s.b.f.s.DefaultListableBeanFactory - Returning cached instance of singleton bean 'autoConfigurationReport'
10:13:59.473 [main] DEBUG o.s.b.f.s.DefaultListableBeanFactory - Returning cached instance of singleton bean 'autoConfigurationReport'
10:13:59.473 [main] DEBUG o.s.b.f.s.DefaultListableBeanFactory - Returning cached instance of singleton bean 'autoConfigurationReport'
10:13:59.473 [main] DEBUG o.s.b.f.s.DefaultListableBeanFactory - Returning cached instance of singleton bean 'autoConfigurationReport'
10:13:59.473 [main] DEBUG o.s.b.f.s.DefaultListableBeanFactory - Returning cached instance of singleton bean 'autoConfigurationReport'
10:13:59.474 [main] DEBUG o.s.b.f.s.DefaultListableBeanFactory - Returning cached instance of singleton bean 'autoConfigurationReport'
10:13:59.474 [main] DEBUG o.s.b.f.s.DefaultListableBeanFactory - Returning cached instance of singleton bean 'autoConfigurationReport'
10:13:59.474 [main] DEBUG o.s.b.f.s.DefaultListableBeanFactory - Returning cached instance of singleton bean 'autoConfigurationReport'
10:13:59.475 [main] DEBUG o.s.b.f.s.DefaultListableBeanFactory - Returning cached instance of singleton bean 'autoConfigurationReport'
10:13:59.475 [main] DEBUG o.s.b.f.s.DefaultListableBeanFactory - Returning cached instance of singleton bean 'autoConfigurationReport'
10:13:59.476 [main] DEBUG o.s.b.f.s.DefaultListableBeanFactory - Returning cached instance of singleton bean 'autoConfigurationReport'
10:13:59.476 [main] DEBUG o.s.b.f.s.DefaultListableBeanFactory - Returning cached instance of singleton bean 'autoConfigurationReport'
10:13:59.477 [main] DEBUG o.s.b.f.s.DefaultListableBeanFactory - Returning cached instance of singleton bean 'autoConfigurationReport'
10:13:59.477 [main] DEBUG o.s.b.f.s.DefaultListableBeanFactory - Returning cached instance of singleton bean 'autoConfigurationReport'
10:13:59.477 [main] DEBUG o.s.b.f.s.DefaultListableBeanFactory - Returning cached instance of singleton bean 'autoConfigurationReport'
10:13:59.478 [main] DEBUG o.s.b.f.s.DefaultListableBeanFactory - Returning cached instance of singleton bean 'autoConfigurationReport'
10:13:59.479 [main] DEBUG o.s.b.f.s.DefaultListableBeanFactory - Returning cached instance of singleton bean 'autoConfigurationReport'
10:13:59.479 [main] DEBUG o.s.b.f.s.DefaultListableBeanFactory - Returning cached instance of singleton bean 'autoConfigurationReport'
10:13:59.479 [main] DEBUG o.s.b.f.s.DefaultListableBeanFactory - Returning cached instance of singleton bean 'autoConfigurationReport'
10:13:59.480 [main] DEBUG o.s.b.f.s.DefaultListableBeanFactory - Returning cached instance of singleton bean 'autoConfigurationReport'
10:13:59.480 [main] DEBUG o.s.b.f.s.DefaultListableBeanFactory - Returning cached instance of singleton bean 'autoConfigurationReport'
10:13:59.481 [main] DEBUG o.s.b.f.s.DefaultListableBeanFactory - Returning cached instance of singleton bean 'autoConfigurationReport'
10:13:59.482 [main] DEBUG o.s.b.f.s.DefaultListableBeanFactory - Returning cached instance of singleton bean 'autoConfigurationReport'
10:13:59.482 [main] DEBUG o.s.b.f.s.DefaultListableBeanFactory - Returning cached instance of singleton bean 'autoConfigurationReport'
10:13:59.482 [main] DEBUG o.s.b.f.s.DefaultListableBeanFactory - Returning cached instance of singleton bean 'autoConfigurationReport'
10:13:59.482 [main] DEBUG o.s.b.f.s.DefaultListableBeanFactory - Returning cached instance of singleton bean 'autoConfigurationReport'
10:13:59.483 [main] DEBUG o.s.b.f.s.DefaultListableBeanFactory - Returning cached instance of singleton bean 'autoConfigurationReport'
10:13:59.483 [main] DEBUG o.s.b.f.s.DefaultListableBeanFactory - Returning cached instance of singleton bean 'autoConfigurationReport'
10:13:59.484 [main] DEBUG o.s.b.f.s.DefaultListableBeanFactory - Returning cached instance of singleton bean 'autoConfigurationReport'
10:13:59.485 [main] DEBUG o.s.b.f.s.DefaultListableBeanFactory - Returning cached instance of singleton bean 'autoConfigurationReport'
10:13:59.485 [main] DEBUG o.s.b.f.s.DefaultListableBeanFactory - Returning cached instance of singleton bean 'autoConfigurationReport'
10:13:59.485 [main] DEBUG o.s.b.f.s.DefaultListableBeanFactory - Returning cached instance of singleton bean 'autoConfigurationReport'
10:13:59.486 [main] DEBUG o.s.b.f.s.DefaultListableBeanFactory - Returning cached instance of singleton bean 'autoConfigurationReport'
10:13:59.486 [main] DEBUG o.s.b.f.s.DefaultListableBeanFactory - Returning cached instance of singleton bean 'autoConfigurationReport'
10:13:59.486 [main] DEBUG o.s.b.f.s.DefaultListableBeanFactory - Returning cached instance of singleton bean 'autoConfigurationReport'
10:13:59.488 [main] DEBUG o.s.b.f.s.DefaultListableBeanFactory - Returning cached instance of singleton bean 'autoConfigurationReport'
10:13:59.488 [main] DEBUG o.s.b.f.s.DefaultListableBeanFactory - Returning cached instance of singleton bean 'autoConfigurationReport'
10:13:59.489 [main] DEBUG o.s.b.f.s.DefaultListableBeanFactory - Returning cached instance of singleton bean 'autoConfigurationReport'
10:13:59.489 [main] DEBUG o.s.b.f.s.DefaultListableBeanFactory - Returning cached instance of singleton bean 'autoConfigurationReport'
10:13:59.489 [main] DEBUG o.s.b.f.s.DefaultListableBeanFactory - Returning cached instance of singleton bean 'autoConfigurationReport'
10:13:59.491 [main] DEBUG o.s.b.f.s.DefaultListableBeanFactory - Returning cached instance of singleton bean 'autoConfigurationReport'
10:13:59.491 [main] DEBUG o.s.b.f.s.DefaultListableBeanFactory - Returning cached instance of singleton bean 'autoConfigurationReport'
10:13:59.492 [main] DEBUG o.s.b.f.s.DefaultListableBeanFactory - Returning cached instance of singleton bean 'autoConfigurationReport'
10:13:59.492 [main] DEBUG o.s.b.f.s.DefaultListableBeanFactory - Returning cached instance of singleton bean 'autoConfigurationReport'
10:13:59.493 [main] DEBUG o.s.b.f.s.DefaultListableBeanFactory - Returning cached instance of singleton bean 'autoConfigurationReport'
10:13:59.494 [main] DEBUG o.s.b.f.s.DefaultListableBeanFactory - Returning cached instance of singleton bean 'autoConfigurationReport'
10:13:59.494 [main] DEBUG o.s.b.f.s.DefaultListableBeanFactory - Returning cached instance of singleton bean 'autoConfigurationReport'
10:13:59.495 [main] DEBUG o.s.b.f.s.DefaultListableBeanFactory - Returning cached instance of singleton bean 'autoConfigurationReport'
10:13:59.495 [main] DEBUG o.s.b.f.s.DefaultListableBeanFactory - Returning cached instance of singleton bean 'autoConfigurationReport'
10:13:59.498 [main] DEBUG o.s.b.f.s.DefaultListableBeanFactory - Returning cached instance of singleton bean 'autoConfigurationReport'
10:13:59.498 [main] DEBUG o.s.b.f.s.DefaultListableBeanFactory - Returning cached instance of singleton bean 'autoConfigurationReport'
10:13:59.498 [main] DEBUG o.s.b.f.s.DefaultListableBeanFactory - Returning cached instance of singleton bean 'autoConfigurationReport'
10:13:59.499 [main] DEBUG o.s.b.f.s.DefaultListableBeanFactory - Returning cached instance of singleton bean 'autoConfigurationReport'
10:13:59.499 [main] DEBUG o.s.b.f.s.DefaultListableBeanFactory - Returning cached instance of singleton bean 'autoConfigurationReport'
10:13:59.500 [main] DEBUG o.s.b.f.s.DefaultListableBeanFactory - Returning cached instance of singleton bean 'autoConfigurationReport'
10:13:59.500 [main] DEBUG o.s.b.f.s.DefaultListableBeanFactory - Returning cached instance of singleton bean 'autoConfigurationReport'
10:13:59.500 [main] DEBUG o.s.b.f.s.DefaultListableBeanFactory - Returning cached instance of singleton bean 'autoConfigurationReport'
10:13:59.501 [main] DEBUG o.s.b.f.s.DefaultListableBeanFactory - Returning cached instance of singleton bean 'autoConfigurationReport'
10:13:59.502 [main] DEBUG o.s.b.f.s.DefaultListableBeanFactory - Returning cached instance of singleton bean 'autoConfigurationReport'
10:13:59.502 [main] DEBUG o.s.b.f.s.DefaultListableBeanFactory - Returning cached instance of singleton bean 'autoConfigurationReport'
10:13:59.502 [main] DEBUG o.s.b.f.s.DefaultListableBeanFactory - Returning cached instance of singleton bean 'autoConfigurationReport'
10:13:59.503 [main] DEBUG o.s.b.f.s.DefaultListableBeanFactory - Returning cached instance of singleton bean 'autoConfigurationReport'
10:13:59.503 [main] DEBUG o.s.b.f.s.DefaultListableBeanFactory - Returning cached instance of singleton bean 'autoConfigurationReport'
10:13:59.503 [main] DEBUG o.s.b.f.s.DefaultListableBeanFactory - Returning cached instance of singleton bean 'autoConfigurationReport'
10:13:59.504 [main] DEBUG o.s.b.f.s.DefaultListableBeanFactory - Returning cached instance of singleton bean 'autoConfigurationReport'
10:13:59.504 [main] DEBUG o.s.b.f.s.DefaultListableBeanFactory - Returning cached instance of singleton bean 'autoConfigurationReport'
10:13:59.504 [main] DEBUG o.s.b.f.s.DefaultListableBeanFactory - Returning cached instance of singleton bean 'autoConfigurationReport'
10:13:59.507 [main] DEBUG o.s.b.f.s.DefaultListableBeanFactory - Returning cached instance of singleton bean 'autoConfigurationReport'
10:13:59.508 [main] DEBUG o.s.b.f.s.DefaultListableBeanFactory - Returning cached instance of singleton bean 'autoConfigurationReport'
10:13:59.508 [main] DEBUG o.s.b.f.s.DefaultListableBeanFactory - Returning cached instance of singleton bean 'autoConfigurationReport'
10:13:59.508 [main] DEBUG o.s.b.f.s.DefaultListableBeanFactory - Returning cached instance of singleton bean 'autoConfigurationReport'
10:13:59.509 [main] DEBUG o.s.b.f.s.DefaultListableBeanFactory - Returning cached instance of singleton bean 'autoConfigurationReport'
10:13:59.509 [main] DEBUG o.s.b.f.s.DefaultListableBeanFactory - Returning cached instance of singleton bean 'autoConfigurationReport'
10:13:59.509 [main] DEBUG o.s.b.f.s.DefaultListableBeanFactory - Returning cached instance of singleton bean 'autoConfigurationReport'
10:13:59.509 [main] DEBUG o.s.b.f.s.DefaultListableBeanFactory - Returning cached instance of singleton bean 'autoConfigurationReport'
10:13:59.510 [main] DEBUG o.s.b.f.s.DefaultListableBeanFactory - Returning cached instance of singleton bean 'autoConfigurationReport'
10:13:59.511 [main] DEBUG o.s.b.f.s.DefaultListableBeanFactory - Returning cached instance of singleton bean 'autoConfigurationReport'
10:13:59.512 [main] DEBUG o.s.b.f.s.DefaultListableBeanFactory - Returning cached instance of singleton bean 'autoConfigurationReport'
10:13:59.512 [main] DEBUG o.s.b.f.s.DefaultListableBeanFactory - Returning cached instance of singleton bean 'autoConfigurationReport'
10:13:59.512 [main] DEBUG o.s.b.f.s.DefaultListableBeanFactory - Returning cached instance of singleton bean 'autoConfigurationReport'
10:13:59.513 [main] DEBUG o.s.b.f.s.DefaultListableBeanFactory - Returning cached instance of singleton bean 'autoConfigurationReport'
10:13:59.514 [main] DEBUG o.s.b.f.s.DefaultListableBeanFactory - Returning cached instance of singleton bean 'autoConfigurationReport'
10:13:59.514 [main] DEBUG o.s.b.f.s.DefaultListableBeanFactory - Returning cached instance of singleton bean 'autoConfigurationReport'
10:13:59.514 [main] DEBUG o.s.b.f.s.DefaultListableBeanFactory - Returning cached instance of singleton bean 'autoConfigurationReport'
10:13:59.515 [main] DEBUG o.s.b.f.s.DefaultListableBeanFactory - Returning cached instance of singleton bean 'autoConfigurationReport'
10:13:59.516 [main] DEBUG o.s.b.f.s.DefaultListableBeanFactory - Returning cached instance of singleton bean 'autoConfigurationReport'
10:13:59.516 [main] DEBUG o.s.b.f.s.DefaultListableBeanFactory - Returning cached instance of singleton bean 'autoConfigurationReport'
10:13:59.518 [main] DEBUG o.s.b.f.s.DefaultListableBeanFactory - Returning cached instance of singleton bean 'autoConfigurationReport'
10:13:59.518 [main] DEBUG o.s.b.f.s.DefaultListableBeanFactory - Returning cached instance of singleton bean 'autoConfigurationReport'
10:13:59.519 [main] DEBUG o.s.b.f.s.DefaultListableBeanFactory - Returning cached instance of singleton bean 'autoConfigurationReport'
10:13:59.520 [main] DEBUG o.s.b.f.s.DefaultListableBeanFactory - Returning cached instance of singleton bean 'autoConfigurationReport'
10:13:59.520 [main] DEBUG o.s.b.f.s.DefaultListableBeanFactory - Returning cached instance of singleton bean 'autoConfigurationReport'
10:13:59.520 [main] DEBUG o.s.b.f.s.DefaultListableBeanFactory - Returning cached instance of singleton bean 'autoConfigurationReport'
10:13:59.521 [main] DEBUG o.s.b.f.s.DefaultListableBeanFactory - Returning cached instance of singleton bean 'autoConfigurationReport'
10:13:59.521 [main] DEBUG o.s.b.f.s.DefaultListableBeanFactory - Returning cached instance of singleton bean 'autoConfigurationReport'
10:13:59.521 [main] DEBUG o.s.b.f.s.DefaultListableBeanFactory - Returning cached instance of singleton bean 'autoConfigurationReport'
10:13:59.521 [main] DEBUG o.s.b.f.s.DefaultListableBeanFactory - Returning cached instance of singleton bean 'autoConfigurationReport'
10:13:59.522 [main] DEBUG o.s.b.f.s.DefaultListableBeanFactory - Returning cached instance of singleton bean 'autoConfigurationReport'
10:13:59.522 [main] DEBUG o.s.b.f.s.DefaultListableBeanFactory - Returning cached instance of singleton bean 'autoConfigurationReport'
10:13:59.523 [main] DEBUG o.s.b.f.s.DefaultListableBeanFactory - Returning cached instance of singleton bean 'autoConfigurationReport'
10:13:59.523 [main] DEBUG o.s.c.a.ConfigurationClassBeanDefinitionReader - Registered bean definition for imported class 'org.springframework.scheduling.annotation.SchedulingConfiguration'
10:13:59.523 [main] DEBUG o.s.c.a.ConfigurationClassBeanDefinitionReader - Registering bean definition for @Bean method org.springframework.scheduling.annotation.SchedulingConfiguration.org.springframework.context.annotation.internalScheduledAnnotationProcessor()
10:13:59.523 [main] DEBUG o.s.c.a.ConfigurationClassBeanDefinitionReader - Registering bean definition for @Bean method edu.tamu.framework.config.CoreScheduleConfig.taskScheduler()
10:13:59.523 [main] DEBUG o.s.c.a.ConfigurationClassBeanDefinitionReader - Registered bean definition for imported class 'org.springframework.security.config.annotation.authentication.configuration.AuthenticationConfiguration'
10:13:59.523 [main] DEBUG o.s.c.a.ConfigurationClassBeanDefinitionReader - Registering bean definition for @Bean method org.springframework.security.config.annotation.authentication.configuration.AuthenticationConfiguration.authenticationManagerBuilder()
10:13:59.523 [main] DEBUG o.s.c.a.ConfigurationClassBeanDefinitionReader - Registering bean definition for @Bean method org.springframework.security.config.annotation.authentication.configuration.AuthenticationConfiguration.enableGlobalAuthenticationAutowiredConfigurer()
10:13:59.523 [main] DEBUG o.s.c.a.ConfigurationClassBeanDefinitionReader - Registered bean definition for imported class 'org.springframework.security.config.annotation.web.configuration.WebSecurityConfiguration'
10:13:59.523 [main] DEBUG o.s.c.a.ConfigurationClassBeanDefinitionReader - Registering bean definition for @Bean method org.springframework.security.config.annotation.web.configuration.WebSecurityConfiguration.delegatingApplicationListener()
10:13:59.523 [main] DEBUG o.s.c.a.ConfigurationClassBeanDefinitionReader - Registering bean definition for @Bean method org.springframework.security.config.annotation.web.configuration.WebSecurityConfiguration.webSecurityExpressionHandler()
10:13:59.523 [main] DEBUG o.s.c.a.ConfigurationClassBeanDefinitionReader - Registering bean definition for @Bean method org.springframework.security.config.annotation.web.configuration.WebSecurityConfiguration.springSecurityFilterChain()
10:13:59.523 [main] DEBUG o.s.c.a.ConfigurationClassBeanDefinitionReader - Registering bean definition for @Bean method org.springframework.security.config.annotation.web.configuration.WebSecurityConfiguration.privilegeEvaluator()
10:13:59.524 [main] DEBUG o.s.c.a.ConfigurationClassBeanDefinitionReader - Registering bean definition for @Bean method org.springframework.security.config.annotation.web.configuration.WebSecurityConfiguration.autowiredWebSecurityConfigurersIgnoreParents()
10:13:59.524 [main] DEBUG o.s.c.a.ConfigurationClassBeanDefinitionReader - Registered bean definition for imported class 'org.springframework.security.config.annotation.configuration.ObjectPostProcessorConfiguration'
10:13:59.524 [main] DEBUG o.s.c.a.ConfigurationClassBeanDefinitionReader - Registering bean definition for @Bean method org.springframework.security.config.annotation.configuration.ObjectPostProcessorConfiguration.objectPostProcessor()
10:13:59.524 [main] DEBUG o.s.c.a.ConfigurationClassBeanDefinitionReader - Registered bean definition for imported class 'org.springframework.security.config.annotation.web.servlet.configuration.WebMvcSecurityConfiguration'
10:13:59.524 [main] DEBUG o.s.c.a.ConfigurationClassBeanDefinitionReader - Registering bean definition for @Bean method org.springframework.security.config.annotation.web.servlet.configuration.WebMvcSecurityConfiguration.requestDataValueProcessor()
10:13:59.524 [main] DEBUG o.s.c.a.ConfigurationClassBeanDefinitionReader - Registering bean definition for @Bean method edu.tamu.framework.config.CoreWebAppConfig.jackson2Converter()
10:13:59.524 [main] DEBUG o.s.c.a.ConfigurationClassBeanDefinitionReader - Registering bean definition for @Bean method edu.tamu.framework.config.CoreWebAppConfig.objectMapper()
10:13:59.524 [main] DEBUG o.s.c.a.ConfigurationClassBeanDefinitionReader - Registering bean definition for @Bean method edu.tamu.framework.config.CoreWebAppConfig.securityContext()
10:13:59.524 [main] DEBUG o.s.c.a.ConfigurationClassBeanDefinitionReader - Registering bean definition for @Bean method edu.tamu.framework.config.CoreWebAppConfig.stopmConnectionService()
10:13:59.524 [main] DEBUG o.s.c.a.ConfigurationClassBeanDefinitionReader - Registering bean definition for @Bean method edu.tamu.framework.config.CoreWebAppConfig.stompConnectEvent()
10:13:59.524 [main] DEBUG o.s.c.a.ConfigurationClassBeanDefinitionReader - Registering bean definition for @Bean method edu.tamu.framework.config.CoreWebAppConfig.stompDisconnectEvent()
10:13:59.524 [main] DEBUG o.s.b.f.s.DefaultListableBeanFactory - Returning cached instance of singleton bean 'autoConfigurationReport'
10:13:59.524 [main] DEBUG o.s.c.a.ConfigurationClassBeanDefinitionReader - Registered bean definition for imported class 'org.springframework.boot.autoconfigure.web.WebMvcAutoConfiguration$WebMvcAutoConfigurationAdapter$FaviconConfiguration'
10:13:59.524 [main] DEBUG o.s.c.a.ConfigurationClassBeanDefinitionReader - Registering bean definition for @Bean method org.springframework.boot.autoconfigure.web.WebMvcAutoConfiguration$WebMvcAutoConfigurationAdapter$FaviconConfiguration.faviconHandlerMapping()
10:13:59.524 [main] DEBUG o.s.c.a.ConfigurationClassBeanDefinitionReader - Registering bean definition for @Bean method org.springframework.boot.autoconfigure.web.WebMvcAutoConfiguration$WebMvcAutoConfigurationAdapter$FaviconConfiguration.faviconRequestHandler()
10:13:59.524 [main] DEBUG o.s.c.a.ConfigurationClassBeanDefinitionReader - Registered bean definition for imported class 'org.springframework.boot.autoconfigure.web.WebMvcAutoConfiguration$EnableWebMvcConfiguration'
10:13:59.524 [main] DEBUG o.s.c.a.ConfigurationClassBeanDefinitionReader - Registering bean definition for @Bean method org.springframework.boot.autoconfigure.web.WebMvcAutoConfiguration$EnableWebMvcConfiguration.requestMappingHandlerAdapter()
10:13:59.524 [main] DEBUG o.s.c.a.ConfigurationClassBeanDefinitionReader - Registering bean definition for @Bean method org.springframework.boot.autoconfigure.web.WebMvcAutoConfiguration$EnableWebMvcConfiguration.requestMappingHandlerMapping()
10:13:59.524 [main] DEBUG o.s.c.a.ConfigurationClassBeanDefinitionReader - Registering bean definition for @Bean method org.springframework.boot.autoconfigure.web.WebMvcAutoConfiguration$EnableWebMvcConfiguration.mvcContentNegotiationManager()
10:13:59.524 [main] DEBUG o.s.c.a.ConfigurationClassBeanDefinitionReader - Registering bean definition for @Bean method org.springframework.boot.autoconfigure.web.WebMvcAutoConfiguration$EnableWebMvcConfiguration.viewControllerHandlerMapping()
10:13:59.524 [main] DEBUG o.s.c.a.ConfigurationClassBeanDefinitionReader - Registering bean definition for @Bean method org.springframework.boot.autoconfigure.web.WebMvcAutoConfiguration$EnableWebMvcConfiguration.beanNameHandlerMapping()
10:13:59.524 [main] DEBUG o.s.c.a.ConfigurationClassBeanDefinitionReader - Registering bean definition for @Bean method org.springframework.boot.autoconfigure.web.WebMvcAutoConfiguration$EnableWebMvcConfiguration.resourceHandlerMapping()
10:13:59.524 [main] DEBUG o.s.c.a.ConfigurationClassBeanDefinitionReader - Registering bean definition for @Bean method org.springframework.boot.autoconfigure.web.WebMvcAutoConfiguration$EnableWebMvcConfiguration.mvcResourceUrlProvider()
10:13:59.524 [main] DEBUG o.s.c.a.ConfigurationClassBeanDefinitionReader - Registering bean definition for @Bean method org.springframework.boot.autoconfigure.web.WebMvcAutoConfiguration$EnableWebMvcConfiguration.defaultServletHandlerMapping()
10:13:59.524 [main] DEBUG o.s.c.a.ConfigurationClassBeanDefinitionReader - Registering bean definition for @Bean method org.springframework.boot.autoconfigure.web.WebMvcAutoConfiguration$EnableWebMvcConfiguration.mvcConversionService()
10:13:59.524 [main] DEBUG o.s.c.a.ConfigurationClassBeanDefinitionReader - Registering bean definition for @Bean method org.springframework.boot.autoconfigure.web.WebMvcAutoConfiguration$EnableWebMvcConfiguration.mvcValidator()
10:13:59.524 [main] DEBUG o.s.c.a.ConfigurationClassBeanDefinitionReader - Registering bean definition for @Bean method org.springframework.boot.autoconfigure.web.WebMvcAutoConfiguration$EnableWebMvcConfiguration.mvcPathMatcher()
10:13:59.524 [main] DEBUG o.s.c.a.ConfigurationClassBeanDefinitionReader - Registering bean definition for @Bean method org.springframework.boot.autoconfigure.web.WebMvcAutoConfiguration$EnableWebMvcConfiguration.mvcUrlPathHelper()
10:13:59.524 [main] DEBUG o.s.c.a.ConfigurationClassBeanDefinitionReader - Registering bean definition for @Bean method org.springframework.boot.autoconfigure.web.WebMvcAutoConfiguration$EnableWebMvcConfiguration.mvcUriComponentsContributor()
10:13:59.524 [main] DEBUG o.s.c.a.ConfigurationClassBeanDefinitionReader - Registering bean definition for @Bean method org.springframework.boot.autoconfigure.web.WebMvcAutoConfiguration$EnableWebMvcConfiguration.httpRequestHandlerAdapter()
10:13:59.524 [main] DEBUG o.s.c.a.ConfigurationClassBeanDefinitionReader - Registering bean definition for @Bean method org.springframework.boot.autoconfigure.web.WebMvcAutoConfiguration$EnableWebMvcConfiguration.simpleControllerHandlerAdapter()
10:13:59.524 [main] DEBUG o.s.c.a.ConfigurationClassBeanDefinitionReader - Registering bean definition for @Bean method org.springframework.boot.autoconfigure.web.WebMvcAutoConfiguration$EnableWebMvcConfiguration.handlerExceptionResolver()
10:13:59.524 [main] DEBUG o.s.c.a.ConfigurationClassBeanDefinitionReader - Registering bean definition for @Bean method org.springframework.boot.autoconfigure.web.WebMvcAutoConfiguration$EnableWebMvcConfiguration.mvcViewResolver()
10:13:59.524 [main] DEBUG o.s.c.a.ConfigurationClassBeanDefinitionReader - Registering bean definition for @Bean method edu.tamu.framework.config.CoreWebMvcConfig.resourceUrlEncodingFilter()
10:13:59.525 [main] DEBUG o.s.b.f.s.DefaultListableBeanFactory - Creating shared instance of singleton bean 'org.springframework.boot.autoconfigure.condition.BeanTypeRegistry'
10:13:59.525 [main] DEBUG o.s.b.f.s.DefaultListableBeanFactory - Creating instance of bean 'org.springframework.boot.autoconfigure.condition.BeanTypeRegistry'
10:13:59.525 [main] DEBUG o.s.b.f.s.DefaultListableBeanFactory - Eagerly caching bean 'org.springframework.boot.autoconfigure.condition.BeanTypeRegistry' to allow for resolving potential circular references
10:13:59.525 [main] DEBUG o.s.b.f.s.DefaultListableBeanFactory - Finished creating instance of bean 'org.springframework.boot.autoconfigure.condition.BeanTypeRegistry'
10:13:59.526 [main] DEBUG o.s.b.f.s.DefaultListableBeanFactory - Returning cached instance of singleton bean 'autoConfigurationReport'
10:13:59.526 [main] DEBUG o.s.c.a.ConfigurationClassBeanDefinitionReader - Registering bean definition for @Bean method edu.tamu.framework.config.CoreWebMvcConfig.defaultViewResolver()
10:13:59.526 [main] DEBUG o.s.b.f.s.DefaultListableBeanFactory - Returning cached instance of singleton bean 'org.springframework.boot.autoconfigure.condition.BeanTypeRegistry'
10:13:59.526 [main] DEBUG o.s.b.f.s.DefaultListableBeanFactory - Returning cached instance of singleton bean 'autoConfigurationReport'
10:13:59.526 [main] DEBUG o.s.c.a.ConfigurationClassBeanDefinitionReader - Registering bean definition for @Bean method edu.tamu.framework.config.CoreWebMvcConfig.requestContextListener()
10:13:59.526 [main] DEBUG o.s.b.f.s.DefaultListableBeanFactory - Returning cached instance of singleton bean 'org.springframework.boot.autoconfigure.condition.BeanTypeRegistry'
10:13:59.527 [main] DEBUG o.s.b.f.s.DefaultListableBeanFactory - Returning cached instance of singleton bean 'autoConfigurationReport'
10:13:59.527 [main] DEBUG o.s.b.f.s.DefaultListableBeanFactory - Returning cached instance of singleton bean 'org.springframework.boot.autoconfigure.condition.BeanTypeRegistry'
10:13:59.527 [main] DEBUG o.s.b.f.s.DefaultListableBeanFactory - Returning cached instance of singleton bean 'org.springframework.boot.autoconfigure.condition.BeanTypeRegistry'
10:13:59.527 [main] DEBUG o.s.b.f.s.DefaultListableBeanFactory - Returning cached instance of singleton bean 'autoConfigurationReport'
10:13:59.527 [main] DEBUG o.s.b.f.s.DefaultListableBeanFactory - Returning cached instance of singleton bean 'org.springframework.boot.autoconfigure.condition.BeanTypeRegistry'
10:13:59.527 [main] DEBUG o.s.b.f.s.DefaultListableBeanFactory - Returning cached instance of singleton bean 'org.springframework.boot.autoconfigure.condition.BeanTypeRegistry'
10:13:59.527 [main] DEBUG o.s.b.f.s.DefaultListableBeanFactory - Returning cached instance of singleton bean 'autoConfigurationReport'
10:13:59.527 [main] DEBUG o.s.c.a.ConfigurationClassBeanDefinitionReader - Registering bean definition for @Bean method edu.tamu.framework.config.CoreWebMvcConfig.viewResolver()
10:13:59.527 [main] DEBUG o.s.b.f.s.DefaultListableBeanFactory - Returning cached instance of singleton bean 'org.springframework.boot.autoconfigure.condition.BeanTypeRegistry'
10:13:59.527 [main] DEBUG o.s.b.f.s.DefaultListableBeanFactory - Returning cached instance of singleton bean 'autoConfigurationReport'
10:13:59.527 [main] DEBUG o.s.b.f.s.DefaultListableBeanFactory - Returning cached instance of singleton bean 'autoConfigurationReport'
10:13:59.528 [main] DEBUG o.s.b.f.s.DefaultListableBeanFactory - Returning cached instance of singleton bean 'autoConfigurationReport'
10:13:59.528 [main] DEBUG o.s.c.a.ConfigurationClassBeanDefinitionReader - Registering bean definition for @Bean method edu.tamu.app.config.AppConfig.restInterceptor()
10:13:59.528 [main] DEBUG o.s.c.a.ConfigurationClassBeanDefinitionReader - Registering bean definition for @Bean method edu.tamu.app.config.AppConfig.jackson2Converter()
10:13:59.528 [main] INFO  o.s.b.f.s.DefaultListableBeanFactory - Overriding bean definition for bean 'jackson2Converter': replacing [Root bean: class [null]; scope=; abstract=false; lazyInit=false; autowireMode=3; dependencyCheck=0; autowireCandidate=true; primary=false; factoryBeanName=coreWebAppConfig; factoryMethodName=jackson2Converter; initMethodName=null; destroyMethodName=(inferred); defined in class path resource [edu/tamu/framework/config/CoreWebAppConfig.class]] with [Root bean: class [null]; scope=; abstract=false; lazyInit=false; autowireMode=3; dependencyCheck=0; autowireCandidate=true; primary=false; factoryBeanName=appConfig; factoryMethodName=jackson2Converter; initMethodName=null; destroyMethodName=(inferred); defined in class path resource [edu/tamu/app/config/AppConfig.class]]
10:13:59.528 [main] DEBUG o.s.c.a.ConfigurationClassBeanDefinitionReader - Registering bean definition for @Bean method edu.tamu.app.config.AppConfig.objectMapper()
10:13:59.528 [main] INFO  o.s.b.f.s.DefaultListableBeanFactory - Overriding bean definition for bean 'objectMapper': replacing [Root bean: class [null]; scope=; abstract=false; lazyInit=false; autowireMode=3; dependencyCheck=0; autowireCandidate=true; primary=false; factoryBeanName=coreWebAppConfig; factoryMethodName=objectMapper; initMethodName=null; destroyMethodName=(inferred); defined in class path resource [edu/tamu/framework/config/CoreWebAppConfig.class]] with [Root bean: class [null]; scope=; abstract=false; lazyInit=false; autowireMode=3; dependencyCheck=0; autowireCandidate=true; primary=false; factoryBeanName=appConfig; factoryMethodName=objectMapper; initMethodName=null; destroyMethodName=(inferred); defined in class path resource [edu/tamu/app/config/AppConfig.class]]
10:13:59.528 [main] DEBUG o.s.c.a.ConfigurationClassBeanDefinitionReader - Registering bean definition for @Bean method edu.tamu.app.config.AppConfig.securityContext()
10:13:59.528 [main] INFO  o.s.b.f.s.DefaultListableBeanFactory - Overriding bean definition for bean 'securityContext': replacing [Root bean: class [null]; scope=; abstract=false; lazyInit=false; autowireMode=3; dependencyCheck=0; autowireCandidate=true; primary=false; factoryBeanName=coreWebAppConfig; factoryMethodName=securityContext; initMethodName=null; destroyMethodName=(inferred); defined in class path resource [edu/tamu/framework/config/CoreWebAppConfig.class]] with [Root bean: class [null]; scope=; abstract=false; lazyInit=false; autowireMode=3; dependencyCheck=0; autowireCandidate=true; primary=false; factoryBeanName=appConfig; factoryMethodName=securityContext; initMethodName=null; destroyMethodName=(inferred); defined in class path resource [edu/tamu/app/config/AppConfig.class]]
10:13:59.528 [main] DEBUG o.s.c.a.ConfigurationClassBeanDefinitionReader - Registering bean definition for @Bean method edu.tamu.app.config.AppConfig.stopmConnectionService()
10:13:59.528 [main] INFO  o.s.b.f.s.DefaultListableBeanFactory - Overriding bean definition for bean 'stopmConnectionService': replacing [Root bean: class [null]; scope=; abstract=false; lazyInit=false; autowireMode=3; dependencyCheck=0; autowireCandidate=true; primary=false; factoryBeanName=coreWebAppConfig; factoryMethodName=stopmConnectionService; initMethodName=null; destroyMethodName=(inferred); defined in class path resource [edu/tamu/framework/config/CoreWebAppConfig.class]] with [Root bean: class [null]; scope=; abstract=false; lazyInit=false; autowireMode=3; dependencyCheck=0; autowireCandidate=true; primary=false; factoryBeanName=appConfig; factoryMethodName=stopmConnectionService; initMethodName=null; destroyMethodName=(inferred); defined in class path resource [edu/tamu/app/config/AppConfig.class]]
10:13:59.528 [main] DEBUG o.s.c.a.ConfigurationClassBeanDefinitionReader - Registering bean definition for @Bean method edu.tamu.app.config.AppConfig.stompConnectEvent()
10:13:59.528 [main] INFO  o.s.b.f.s.DefaultListableBeanFactory - Overriding bean definition for bean 'stompConnectEvent': replacing [Root bean: class [null]; scope=; abstract=false; lazyInit=false; autowireMode=3; dependencyCheck=0; autowireCandidate=true; primary=false; factoryBeanName=coreWebAppConfig; factoryMethodName=stompConnectEvent; initMethodName=null; destroyMethodName=(inferred); defined in class path resource [edu/tamu/framework/config/CoreWebAppConfig.class]] with [Root bean: class [null]; scope=; abstract=false; lazyInit=false; autowireMode=3; dependencyCheck=0; autowireCandidate=true; primary=false; factoryBeanName=appConfig; factoryMethodName=stompConnectEvent; initMethodName=null; destroyMethodName=(inferred); defined in class path resource [edu/tamu/app/config/AppConfig.class]]
10:13:59.528 [main] DEBUG o.s.c.a.ConfigurationClassBeanDefinitionReader - Registering bean definition for @Bean method edu.tamu.app.config.AppConfig.stompDisconnectEvent()
10:13:59.528 [main] INFO  o.s.b.f.s.DefaultListableBeanFactory - Overriding bean definition for bean 'stompDisconnectEvent': replacing [Root bean: class [null]; scope=; abstract=false; lazyInit=false; autowireMode=3; dependencyCheck=0; autowireCandidate=true; primary=false; factoryBeanName=coreWebAppConfig; factoryMethodName=stompDisconnectEvent; initMethodName=null; destroyMethodName=(inferred); defined in class path resource [edu/tamu/framework/config/CoreWebAppConfig.class]] with [Root bean: class [null]; scope=; abstract=false; lazyInit=false; autowireMode=3; dependencyCheck=0; autowireCandidate=true; primary=false; factoryBeanName=appConfig; factoryMethodName=stompDisconnectEvent; initMethodName=null; destroyMethodName=(inferred); defined in class path resource [edu/tamu/app/config/AppConfig.class]]
10:13:59.528 [main] DEBUG o.s.c.a.ConfigurationClassBeanDefinitionReader - Registering bean definition for @Bean method edu.tamu.app.config.AppWebConfigSupport.restRequestMappingHandler()
10:13:59.528 [main] DEBUG o.s.c.a.ConfigurationClassBeanDefinitionReader - Registering bean definition for @Bean method edu.tamu.app.config.AppWebConfigSupport.webSocketRequestMappingHandler()
10:13:59.529 [main] DEBUG o.s.c.a.ConfigurationClassBeanDefinitionReader - Registering bean definition for @Bean method edu.tamu.app.config.AppWebMvcConfig.resourceUrlEncodingFilter()
10:13:59.529 [main] INFO  o.s.b.f.s.DefaultListableBeanFactory - Overriding bean definition for bean 'resourceUrlEncodingFilter': replacing [Root bean: class [null]; scope=; abstract=false; lazyInit=false; autowireMode=3; dependencyCheck=0; autowireCandidate=true; primary=false; factoryBeanName=coreWebMvcConfig; factoryMethodName=resourceUrlEncodingFilter; initMethodName=null; destroyMethodName=(inferred); defined in class path resource [edu/tamu/framework/config/CoreWebMvcConfig.class]] with [Root bean: class [null]; scope=; abstract=false; lazyInit=false; autowireMode=3; dependencyCheck=0; autowireCandidate=true; primary=false; factoryBeanName=appWebMvcConfig; factoryMethodName=resourceUrlEncodingFilter; initMethodName=null; destroyMethodName=(inferred); defined in class path resource [edu/tamu/app/config/AppWebMvcConfig.class]]
10:13:59.529 [main] DEBUG o.s.c.a.ConfigurationClassBeanDefinitionReader - Registered bean definition for imported class 'org.springframework.web.socket.config.annotation.DelegatingWebSocketMessageBrokerConfiguration'
10:13:59.529 [main] DEBUG o.s.c.a.ConfigurationClassBeanDefinitionReader - Registering bean definition for @Bean method org.springframework.web.socket.config.annotation.DelegatingWebSocketMessageBrokerConfiguration.stompWebSocketHandlerMapping()
10:13:59.529 [main] DEBUG o.s.c.a.ConfigurationClassBeanDefinitionReader - Registering bean definition for @Bean method org.springframework.web.socket.config.annotation.DelegatingWebSocketMessageBrokerConfiguration.subProtocolWebSocketHandler()
10:13:59.529 [main] DEBUG o.s.c.a.ConfigurationClassBeanDefinitionReader - Registering bean definition for @Bean method org.springframework.web.socket.config.annotation.DelegatingWebSocketMessageBrokerConfiguration.messageBrokerSockJsTaskScheduler()
10:13:59.529 [main] DEBUG o.s.c.a.ConfigurationClassBeanDefinitionReader - Registering bean definition for @Bean method org.springframework.web.socket.config.annotation.DelegatingWebSocketMessageBrokerConfiguration.webSocketScopeConfigurer()
10:13:59.529 [main] DEBUG o.s.c.a.ConfigurationClassBeanDefinitionReader - Registering bean definition for @Bean method org.springframework.web.socket.config.annotation.DelegatingWebSocketMessageBrokerConfiguration.webSocketMessageBrokerStats()
10:13:59.529 [main] DEBUG o.s.c.a.ConfigurationClassBeanDefinitionReader - Registering bean definition for @Bean method org.springframework.web.socket.config.annotation.DelegatingWebSocketMessageBrokerConfiguration.clientInboundChannel()
10:13:59.529 [main] DEBUG o.s.c.a.ConfigurationClassBeanDefinitionReader - Registering bean definition for @Bean method org.springframework.web.socket.config.annotation.DelegatingWebSocketMessageBrokerConfiguration.clientInboundChannelExecutor()
10:13:59.529 [main] DEBUG o.s.c.a.ConfigurationClassBeanDefinitionReader - Registering bean definition for @Bean method org.springframework.web.socket.config.annotation.DelegatingWebSocketMessageBrokerConfiguration.clientOutboundChannel()
10:13:59.529 [main] DEBUG o.s.c.a.ConfigurationClassBeanDefinitionReader - Registering bean definition for @Bean method org.springframework.web.socket.config.annotation.DelegatingWebSocketMessageBrokerConfiguration.clientOutboundChannelExecutor()
10:13:59.529 [main] DEBUG o.s.c.a.ConfigurationClassBeanDefinitionReader - Registering bean definition for @Bean method org.springframework.web.socket.config.annotation.DelegatingWebSocketMessageBrokerConfiguration.brokerChannel()
10:13:59.529 [main] DEBUG o.s.c.a.ConfigurationClassBeanDefinitionReader - Registering bean definition for @Bean method org.springframework.web.socket.config.annotation.DelegatingWebSocketMessageBrokerConfiguration.brokerChannelExecutor()
10:13:59.529 [main] DEBUG o.s.c.a.ConfigurationClassBeanDefinitionReader - Registering bean definition for @Bean method org.springframework.web.socket.config.annotation.DelegatingWebSocketMessageBrokerConfiguration.simpAnnotationMethodMessageHandler()
10:13:59.529 [main] DEBUG o.s.c.a.ConfigurationClassBeanDefinitionReader - Registering bean definition for @Bean method org.springframework.web.socket.config.annotation.DelegatingWebSocketMessageBrokerConfiguration.simpleBrokerMessageHandler()
10:13:59.529 [main] DEBUG o.s.c.a.ConfigurationClassBeanDefinitionReader - Registering bean definition for @Bean method org.springframework.web.socket.config.annotation.DelegatingWebSocketMessageBrokerConfiguration.stompBrokerRelayMessageHandler()
10:13:59.529 [main] DEBUG o.s.c.a.ConfigurationClassBeanDefinitionReader - Registering bean definition for @Bean method org.springframework.web.socket.config.annotation.DelegatingWebSocketMessageBrokerConfiguration.userDestinationMessageHandler()
10:13:59.529 [main] DEBUG o.s.c.a.ConfigurationClassBeanDefinitionReader - Registering bean definition for @Bean method org.springframework.web.socket.config.annotation.DelegatingWebSocketMessageBrokerConfiguration.brokerMessagingTemplate()
10:13:59.529 [main] DEBUG o.s.c.a.ConfigurationClassBeanDefinitionReader - Registering bean definition for @Bean method org.springframework.web.socket.config.annotation.DelegatingWebSocketMessageBrokerConfiguration.brokerMessageConverter()
10:13:59.529 [main] DEBUG o.s.c.a.ConfigurationClassBeanDefinitionReader - Registering bean definition for @Bean method org.springframework.web.socket.config.annotation.DelegatingWebSocketMessageBrokerConfiguration.userDestinationResolver()
10:13:59.529 [main] DEBUG o.s.c.a.ConfigurationClassBeanDefinitionReader - Registering bean definition for @Bean method org.springframework.web.socket.config.annotation.DelegatingWebSocketMessageBrokerConfiguration.userSessionRegistry()
10:13:59.529 [main] DEBUG o.s.c.a.ConfigurationClassBeanDefinitionReader - Registering bean definition for @Bean method edu.tamu.app.config.AppWebSocketConfig.appStompInterceptor()
10:13:59.530 [main] DEBUG o.s.c.a.ConfigurationClassBeanDefinitionReader - Registering bean definition for @Bean method edu.tamu.app.config.TestDataSourceConfiguration.dataSource()
10:13:59.530 [main] DEBUG o.s.c.a.ConfigurationClassBeanDefinitionReader - Registered bean definition for imported class 'org.springframework.boot.autoconfigure.PropertyPlaceholderAutoConfiguration'
10:13:59.530 [main] DEBUG o.s.b.f.s.DefaultListableBeanFactory - Returning cached instance of singleton bean 'org.springframework.boot.autoconfigure.condition.BeanTypeRegistry'
10:13:59.531 [main] DEBUG o.s.b.f.s.DefaultListableBeanFactory - Returning cached instance of singleton bean 'autoConfigurationReport'
10:13:59.531 [main] DEBUG o.s.c.a.ConfigurationClassBeanDefinitionReader - Registering bean definition for @Bean method org.springframework.boot.autoconfigure.PropertyPlaceholderAutoConfiguration.propertySourcesPlaceholderConfigurer()
10:13:59.531 [main] DEBUG o.s.b.f.s.DefaultListableBeanFactory - Returning cached instance of singleton bean 'autoConfigurationReport'
10:13:59.531 [main] DEBUG o.s.b.f.s.DefaultListableBeanFactory - Returning cached instance of singleton bean 'autoConfigurationReport'
10:13:59.531 [main] DEBUG o.s.c.a.ConfigurationClassBeanDefinitionReader - Registered bean definition for imported class 'org.springframework.boot.autoconfigure.websocket.WebSocketAutoConfiguration$TomcatWebSocketConfiguration'
10:13:59.531 [main] DEBUG o.s.b.f.s.DefaultListableBeanFactory - Returning cached instance of singleton bean 'autoConfigurationReport'
10:13:59.531 [main] DEBUG o.s.c.a.ConfigurationClassBeanDefinitionReader - Registering bean definition for @Bean method org.springframework.boot.autoconfigure.websocket.WebSocketAutoConfiguration$TomcatWebSocketConfiguration.websocketContainerCustomizer()
10:13:59.531 [main] DEBUG o.s.c.a.ConfigurationClassBeanDefinitionReader - Registered bean definition for imported class 'org.springframework.boot.autoconfigure.websocket.WebSocketAutoConfiguration'
10:13:59.531 [main] DEBUG o.s.b.f.s.DefaultListableBeanFactory - Returning cached instance of singleton bean 'autoConfigurationReport'
10:13:59.532 [main] DEBUG o.s.b.f.s.DefaultListableBeanFactory - Returning cached instance of singleton bean 'autoConfigurationReport'
10:13:59.532 [main] DEBUG o.s.b.f.s.DefaultListableBeanFactory - Returning cached instance of singleton bean 'autoConfigurationReport'
10:13:59.532 [main] DEBUG o.s.c.a.ConfigurationClassBeanDefinitionReader - Registered bean definition for imported class 'org.springframework.boot.autoconfigure.aop.AopAutoConfiguration$JdkDynamicAutoProxyConfiguration'
10:13:59.532 [main] DEBUG o.s.c.a.ConfigurationClassBeanDefinitionReader - Registered bean definition for imported class 'org.springframework.boot.autoconfigure.aop.AopAutoConfiguration'
10:13:59.532 [main] DEBUG o.s.b.f.s.DefaultListableBeanFactory - Returning cached instance of singleton bean 'autoConfigurationReport'
10:13:59.532 [main] DEBUG o.s.b.f.s.DefaultListableBeanFactory - Returning cached instance of singleton bean 'autoConfigurationReport'
10:13:59.532 [main] DEBUG o.s.c.a.ConfigurationClassBeanDefinitionReader - Registered bean definition for imported class 'org.springframework.boot.autoconfigure.jta.JtaAutoConfiguration'
10:13:59.532 [main] DEBUG o.s.b.f.s.DefaultListableBeanFactory - Returning cached instance of singleton bean 'autoConfigurationReport'
10:13:59.532 [main] DEBUG o.s.b.f.s.DefaultListableBeanFactory - Returning cached instance of singleton bean 'org.springframework.boot.autoconfigure.condition.BeanTypeRegistry'
10:13:59.533 [main] DEBUG o.s.b.f.s.DefaultListableBeanFactory - Returning cached instance of singleton bean 'autoConfigurationReport'
10:13:59.533 [main] DEBUG o.s.b.f.s.DefaultListableBeanFactory - Returning cached instance of singleton bean 'autoConfigurationReport'
10:13:59.535 [main] DEBUG o.s.b.f.s.DefaultListableBeanFactory - Returning cached instance of singleton bean 'autoConfigurationReport'
10:13:59.535 [main] DEBUG o.s.c.a.ConfigurationClassBeanDefinitionReader - Registered bean definition for imported class 'org.springframework.boot.autoconfigure.jdbc.DataSourceAutoConfiguration$JdbcTemplateConfiguration'
10:13:59.535 [main] DEBUG o.s.b.f.s.DefaultListableBeanFactory - Returning cached instance of singleton bean 'org.springframework.boot.autoconfigure.condition.BeanTypeRegistry'
10:13:59.535 [main] DEBUG o.s.b.f.s.DefaultListableBeanFactory - Returning cached instance of singleton bean 'autoConfigurationReport'
10:13:59.535 [main] DEBUG o.s.c.a.ConfigurationClassBeanDefinitionReader - Registering bean definition for @Bean method org.springframework.boot.autoconfigure.jdbc.DataSourceAutoConfiguration$JdbcTemplateConfiguration.jdbcTemplate()
10:13:59.536 [main] DEBUG o.s.b.f.s.DefaultListableBeanFactory - Returning cached instance of singleton bean 'org.springframework.boot.autoconfigure.condition.BeanTypeRegistry'
10:13:59.536 [main] DEBUG o.s.b.f.s.DefaultListableBeanFactory - Returning cached instance of singleton bean 'autoConfigurationReport'
10:13:59.536 [main] DEBUG o.s.c.a.ConfigurationClassBeanDefinitionReader - Registering bean definition for @Bean method org.springframework.boot.autoconfigure.jdbc.DataSourceAutoConfiguration$JdbcTemplateConfiguration.namedParameterJdbcTemplate()
10:13:59.536 [main] DEBUG o.s.b.f.s.DefaultListableBeanFactory - Returning cached instance of singleton bean 'autoConfigurationReport'
10:13:59.536 [main] DEBUG o.s.b.f.s.DefaultListableBeanFactory - Returning cached instance of singleton bean 'org.springframework.boot.autoconfigure.condition.BeanTypeRegistry'
10:13:59.536 [main] DEBUG o.s.b.f.s.DefaultListableBeanFactory - Returning cached instance of singleton bean 'org.springframework.boot.autoconfigure.condition.BeanTypeRegistry'
10:13:59.536 [main] DEBUG o.s.b.f.s.DefaultListableBeanFactory - Returning cached instance of singleton bean 'autoConfigurationReport'
10:13:59.536 [main] DEBUG o.s.b.f.s.DefaultListableBeanFactory - Returning cached instance of singleton bean 'org.springframework.boot.autoconfigure.condition.BeanTypeRegistry'
10:13:59.536 [main] DEBUG o.s.b.f.s.DefaultListableBeanFactory - Returning cached instance of singleton bean 'autoConfigurationReport'
10:13:59.536 [main] DEBUG o.s.c.a.ConfigurationClassBeanDefinitionReader - Registered bean definition for imported class 'org.springframework.boot.autoconfigure.jdbc.DataSourceAutoConfiguration$DataSourceInitializerConfiguration'
10:13:59.536 [main] DEBUG o.s.c.a.ConfigurationClassBeanDefinitionReader - Registering bean definition for @Bean method org.springframework.boot.autoconfigure.jdbc.DataSourceAutoConfiguration$DataSourceInitializerConfiguration.dataSourceInitializer()
10:13:59.536 [main] DEBUG o.s.b.f.s.DefaultListableBeanFactory - Returning cached instance of singleton bean 'autoConfigurationReport'
10:13:59.537 [main] DEBUG o.s.c.a.ConfigurationClassBeanDefinitionReader - Registered bean definition for imported class 'org.springframework.boot.autoconfigure.jdbc.metadata.DataSourcePoolMetadataProvidersConfiguration$TomcatDataSourcePoolMetadataProviderConfiguration'
10:13:59.537 [main] DEBUG o.s.c.a.ConfigurationClassBeanDefinitionReader - Registering bean definition for @Bean method org.springframework.boot.autoconfigure.jdbc.metadata.DataSourcePoolMetadataProvidersConfiguration$TomcatDataSourcePoolMetadataProviderConfiguration.tomcatPoolDataSourceMetadataProvider()
10:13:59.537 [main] DEBUG o.s.c.a.ConfigurationClassBeanDefinitionReader - Registered bean definition for imported class 'org.springframework.boot.autoconfigure.jdbc.metadata.DataSourcePoolMetadataProvidersConfiguration'
10:13:59.537 [main] DEBUG o.s.c.a.ConfigurationClassBeanDefinitionReader - Registered bean definition for imported class 'org.springframework.boot.autoconfigure.jdbc.DataSourceAutoConfiguration'
10:13:59.537 [main] DEBUG o.s.b.f.s.DefaultListableBeanFactory - Returning cached instance of singleton bean 'autoConfigurationReport'
10:13:59.537 [main] DEBUG o.s.b.f.s.DefaultListableBeanFactory - Returning cached instance of singleton bean 'autoConfigurationReport'
10:13:59.537 [main] DEBUG o.s.c.a.ConfigurationClassBeanDefinitionReader - Registered bean definition for imported class 'org.springframework.boot.autoconfigure.orm.jpa.HibernateJpaAutoConfiguration'
10:13:59.537 [main] DEBUG o.s.b.f.s.DefaultListableBeanFactory - Returning cached instance of singleton bean 'org.springframework.boot.autoconfigure.condition.BeanTypeRegistry'
10:13:59.537 [main] DEBUG o.s.b.f.s.DefaultListableBeanFactory - Returning cached instance of singleton bean 'autoConfigurationReport'
10:13:59.537 [main] DEBUG o.s.c.a.ConfigurationClassBeanDefinitionReader - Registering bean definition for @Bean method org.springframework.boot.autoconfigure.orm.jpa.HibernateJpaAutoConfiguration.transactionManager()
10:13:59.537 [main] DEBUG o.s.b.f.s.DefaultListableBeanFactory - Returning cached instance of singleton bean 'org.springframework.boot.autoconfigure.condition.BeanTypeRegistry'
10:13:59.537 [main] DEBUG o.s.b.f.s.DefaultListableBeanFactory - Returning cached instance of singleton bean 'autoConfigurationReport'
10:13:59.537 [main] DEBUG o.s.c.a.ConfigurationClassBeanDefinitionReader - Registering bean definition for @Bean method org.springframework.boot.autoconfigure.orm.jpa.HibernateJpaAutoConfiguration.jpaVendorAdapter()
10:13:59.537 [main] DEBUG o.s.b.f.s.DefaultListableBeanFactory - Returning cached instance of singleton bean 'org.springframework.boot.autoconfigure.condition.BeanTypeRegistry'
10:13:59.537 [main] DEBUG o.s.b.f.s.DefaultListableBeanFactory - Returning cached instance of singleton bean 'autoConfigurationReport'
10:13:59.538 [main] DEBUG o.s.c.a.ConfigurationClassBeanDefinitionReader - Registering bean definition for @Bean method org.springframework.boot.autoconfigure.orm.jpa.HibernateJpaAutoConfiguration.entityManagerFactoryBuilder()
10:13:59.538 [main] DEBUG o.s.b.f.s.DefaultListableBeanFactory - Returning cached instance of singleton bean 'org.springframework.boot.autoconfigure.condition.BeanTypeRegistry'
10:13:59.538 [main] DEBUG o.s.b.f.s.DefaultListableBeanFactory - Returning cached instance of singleton bean 'autoConfigurationReport'
10:13:59.538 [main] DEBUG o.s.c.a.ConfigurationClassBeanDefinitionReader - Registering bean definition for @Bean method org.springframework.boot.autoconfigure.orm.jpa.HibernateJpaAutoConfiguration.entityManagerFactory()
10:13:59.538 [main] DEBUG o.s.b.f.s.DefaultListableBeanFactory - Returning cached instance of singleton bean 'autoConfigurationReport'
10:13:59.538 [main] DEBUG o.s.c.a.ConfigurationClassBeanDefinitionReader - Registered bean definition for imported class 'org.springframework.boot.autoconfigure.dao.PersistenceExceptionTranslationAutoConfiguration'
10:13:59.538 [main] DEBUG o.s.b.f.s.DefaultListableBeanFactory - Returning cached instance of singleton bean 'org.springframework.boot.autoconfigure.condition.BeanTypeRegistry'
10:13:59.538 [main] DEBUG o.s.b.f.s.DefaultListableBeanFactory - Returning cached instance of singleton bean 'autoConfigurationReport'
10:13:59.538 [main] DEBUG o.s.b.f.s.DefaultListableBeanFactory - Returning cached instance of singleton bean 'autoConfigurationReport'
10:13:59.538 [main] DEBUG o.s.c.a.ConfigurationClassBeanDefinitionReader - Registering bean definition for @Bean method org.springframework.boot.autoconfigure.dao.PersistenceExceptionTranslationAutoConfiguration.persistenceExceptionTranslationPostProcessor()
10:13:59.538 [main] DEBUG o.s.b.f.s.DefaultListableBeanFactory - Returning cached instance of singleton bean 'autoConfigurationReport'
10:13:59.538 [main] DEBUG o.s.b.f.s.DefaultListableBeanFactory - Returning cached instance of singleton bean 'org.springframework.boot.autoconfigure.condition.BeanTypeRegistry'
10:13:59.538 [main] DEBUG o.s.b.f.s.DefaultListableBeanFactory - Returning cached instance of singleton bean 'org.springframework.boot.autoconfigure.condition.BeanTypeRegistry'
10:13:59.538 [main] DEBUG o.s.b.f.s.DefaultListableBeanFactory - Returning cached instance of singleton bean 'org.springframework.boot.autoconfigure.condition.BeanTypeRegistry'
10:13:59.538 [main] DEBUG o.s.b.f.s.DefaultListableBeanFactory - Returning cached instance of singleton bean 'autoConfigurationReport'
10:13:59.538 [main] DEBUG o.s.b.f.s.DefaultListableBeanFactory - Returning cached instance of singleton bean 'org.springframework.boot.autoconfigure.condition.BeanTypeRegistry'
10:13:59.538 [main] DEBUG o.s.b.f.s.DefaultListableBeanFactory - Returning cached instance of singleton bean 'org.springframework.boot.autoconfigure.condition.BeanTypeRegistry'
10:13:59.538 [main] DEBUG o.s.b.f.s.DefaultListableBeanFactory - Returning cached instance of singleton bean 'org.springframework.boot.autoconfigure.condition.BeanTypeRegistry'
10:13:59.538 [main] DEBUG o.s.b.f.s.DefaultListableBeanFactory - Returning cached instance of singleton bean 'autoConfigurationReport'
10:13:59.539 [main] DEBUG o.s.b.f.s.DefaultListableBeanFactory - Returning cached instance of singleton bean 'autoConfigurationReport'
10:13:59.539 [main] DEBUG o.s.c.a.ConfigurationClassBeanDefinitionReader - Registered bean definition for imported class 'org.springframework.boot.autoconfigure.data.jpa.JpaRepositoriesAutoConfiguration'
10:13:59.539 [main] DEBUG o.s.core.env.StandardEnvironment - Adding [systemProperties] PropertySource with lowest search precedence
10:13:59.539 [main] DEBUG o.s.core.env.StandardEnvironment - Adding [systemEnvironment] PropertySource with lowest search precedence
10:13:59.539 [main] DEBUG o.s.core.env.StandardEnvironment - Initialized StandardEnvironment with PropertySources [systemProperties,systemEnvironment]
10:13:59.539 [main] DEBUG o.s.c.i.s.PathMatchingResourcePatternResolver - Looking for matching resources in jar file [file:/Users/huff/.m2/repository/org/springframework/data/spring-data-jpa/1.7.4.RELEASE/spring-data-jpa-1.7.4.RELEASE.jar]
10:13:59.540 [main] DEBUG o.s.c.i.s.PathMatchingResourcePatternResolver - Looking for matching resources in jar file [file:/Users/huff/.m2/repository/org/springframework/data/spring-data-commons/1.9.4.RELEASE/spring-data-commons-1.9.4.RELEASE.jar]
10:13:59.541 [main] DEBUG o.s.c.i.s.PathMatchingResourcePatternResolver - Resolved location pattern [classpath*:org/springframework/data/**/repository/support/**/*.class] to resources [URL [jar:file:/Users/huff/.m2/repository/org/springframework/data/spring-data-jpa/1.7.4.RELEASE/spring-data-jpa-1.7.4.RELEASE.jar!/org/springframework/data/jpa/repository/support/Querydsl$1.class], URL [jar:file:/Users/huff/.m2/repository/org/springframework/data/spring-data-jpa/1.7.4.RELEASE/spring-data-jpa-1.7.4.RELEASE.jar!/org/springframework/data/jpa/repository/support/CrudMethodMetadataPostProcessor$ThreadBoundTargetSource.class], URL [jar:file:/Users/huff/.m2/repository/org/springframework/data/spring-data-jpa/1.7.4.RELEASE/spring-data-jpa-1.7.4.RELEASE.jar!/org/springframework/data/jpa/repository/support/JpaPersistableEntityInformation.class], URL [jar:file:/Users/huff/.m2/repository/org/springframework/data/spring-data-jpa/1.7.4.RELEASE/spring-data-jpa-1.7.4.RELEASE.jar!/org/springframework/data/jpa/repository/support/PersistenceProvider$4.class], URL [jar:file:/Users/huff/.m2/repository/org/springframework/data/spring-data-jpa/1.7.4.RELEASE/spring-data-jpa-1.7.4.RELEASE.jar!/org/springframework/data/jpa/repository/support/CrudMethodMetadataPostProcessor.class], URL [jar:file:/Users/huff/.m2/repository/org/springframework/data/spring-data-jpa/1.7.4.RELEASE/spring-data-jpa-1.7.4.RELEASE.jar!/org/springframework/data/jpa/repository/support/CrudMethodMetadataPostProcessor$1.class], URL [jar:file:/Users/huff/.m2/repository/org/springframework/data/spring-data-jpa/1.7.4.RELEASE/spring-data-jpa-1.7.4.RELEASE.jar!/org/springframework/data/jpa/repository/support/JpaEntityInformation.class], URL [jar:file:/Users/huff/.m2/repository/org/springframework/data/spring-data-jpa/1.7.4.RELEASE/spring-data-jpa-1.7.4.RELEASE.jar!/org/springframework/data/jpa/repository/support/JpaMetamodelEntityInformation.class], URL [jar:file:/Users/huff/.m2/repository/org/springframework/data/spring-data-jpa/1.7.4.RELEASE/spring-data-jpa-1.7.4.RELEASE.jar!/org/springframework/data/jpa/repository/support/JpaMetamodelEntityInformation$IdMetadata.class], URL [jar:file:/Users/huff/.m2/repository/org/springframework/data/spring-data-jpa/1.7.4.RELEASE/spring-data-jpa-1.7.4.RELEASE.jar!/org/springframework/data/jpa/repository/support/JpaEntityInformationSupport.class], URL [jar:file:/Users/huff/.m2/repository/org/springframework/data/spring-data-jpa/1.7.4.RELEASE/spring-data-jpa-1.7.4.RELEASE.jar!/org/springframework/data/jpa/repository/support/PersistenceProvider$3.class], URL [jar:file:/Users/huff/.m2/repository/org/springframework/data/spring-data-jpa/1.7.4.RELEASE/spring-data-jpa-1.7.4.RELEASE.jar!/org/springframework/data/jpa/repository/support/QueryDslRepositorySupport.class], URL [jar:file:/Users/huff/.m2/repository/org/springframework/data/spring-data-jpa/1.7.4.RELEASE/spring-data-jpa-1.7.4.RELEASE.jar!/org/springframework/data/jpa/repository/support/JpaRepositoryFactory.class], URL [jar:file:/Users/huff/.m2/repository/org/springframework/data/spring-data-jpa/1.7.4.RELEASE/spring-data-jpa-1.7.4.RELEASE.jar!/org/springframework/data/jpa/repository/support/CrudMethodMetadataPostProcessor$DefaultCrudMethodMetadata.class], URL [jar:file:/Users/huff/.m2/repository/org/springframework/data/spring-data-jpa/1.7.4.RELEASE/spring-data-jpa-1.7.4.RELEASE.jar!/org/springframework/data/jpa/repository/support/PersistenceProvider.class], URL [jar:file:/Users/huff/.m2/repository/org/springframework/data/spring-data-jpa/1.7.4.RELEASE/spring-data-jpa-1.7.4.RELEASE.jar!/org/springframework/data/jpa/repository/support/SimpleJpaRepository.class], URL [jar:file:/Users/huff/.m2/repository/org/springframework/data/spring-data-jpa/1.7.4.RELEASE/spring-data-jpa-1.7.4.RELEASE.jar!/org/springframework/data/jpa/repository/support/CrudMethodMetadataPostProcessor$CrudMethodMetadataPopulatingMethodIntercceptor.class], URL [jar:file:/Users/huff/.m2/repository/org/springframework/data/spring-data-jpa/1.7.4.RELEASE/spring-data-jpa-1.7.4.RELEASE.jar!/org/springframework/data/jpa/repository/support/Querydsl.class], URL [jar:file:/Users/huff/.m2/repository/org/springframework/data/spring-data-jpa/1.7.4.RELEASE/spring-data-jpa-1.7.4.RELEASE.jar!/org/springframework/data/jpa/repository/support/CrudMethodMetadata.class], URL [jar:file:/Users/huff/.m2/repository/org/springframework/data/spring-data-jpa/1.7.4.RELEASE/spring-data-jpa-1.7.4.RELEASE.jar!/org/springframework/data/jpa/repository/support/EntityManagerBeanDefinitionRegistrarPostProcessor.class], URL [jar:file:/Users/huff/.m2/repository/org/springframework/data/spring-data-jpa/1.7.4.RELEASE/spring-data-jpa-1.7.4.RELEASE.jar!/org/springframework/data/jpa/repository/support/JpaMetamodelEntityInformation$IdentifierDerivingDirectFieldAccessFallbackBeanWrapper.class], URL [jar:file:/Users/huff/.m2/repository/org/springframework/data/spring-data-jpa/1.7.4.RELEASE/spring-data-jpa-1.7.4.RELEASE.jar!/org/springframework/data/jpa/repository/support/PersistenceProvider$1.class], URL [jar:file:/Users/huff/.m2/repository/org/springframework/data/spring-data-jpa/1.7.4.RELEASE/spring-data-jpa-1.7.4.RELEASE.jar!/org/springframework/data/jpa/repository/support/QueryDslJpaRepository.class], URL [jar:file:/Users/huff/.m2/repository/org/springframework/data/spring-data-jpa/1.7.4.RELEASE/spring-data-jpa-1.7.4.RELEASE.jar!/org/springframework/data/jpa/repository/support/PersistenceProvider$2.class], URL [jar:file:/Users/huff/.m2/repository/org/springframework/data/spring-data-jpa/1.7.4.RELEASE/spring-data-jpa-1.7.4.RELEASE.jar!/org/springframework/data/jpa/repository/support/JpaRepositoryFactoryBean.class], URL [jar:file:/Users/huff/.m2/repository/org/springframework/data/spring-data-jpa/1.7.4.RELEASE/spring-data-jpa-1.7.4.RELEASE.jar!/org/springframework/data/jpa/repository/support/PersistenceProvider$Constants.class], URL [jar:file:/Users/huff/.m2/repository/org/springframework/data/spring-data-jpa/1.7.4.RELEASE/spring-data-jpa-1.7.4.RELEASE.jar!/org/springframework/data/jpa/repository/support/SimpleJpaRepository$ByIdsSpecification.class], URL [jar:file:/Users/huff/.m2/repository/org/springframework/data/spring-data-commons/1.9.4.RELEASE/spring-data-commons-1.9.4.RELEASE.jar!/org/springframework/data/repository/support/Repositories$EmptyRepositoryFactoryInformation.class], URL [jar:file:/Users/huff/.m2/repository/org/springframework/data/spring-data-commons/1.9.4.RELEASE/spring-data-commons-1.9.4.RELEASE.jar!/org/springframework/data/repository/support/DomainClassPropertyEditorRegistrar.class], URL [jar:file:/Users/huff/.m2/repository/org/springframework/data/spring-data-commons/1.9.4.RELEASE/spring-data-commons-1.9.4.RELEASE.jar!/org/springframework/data/repository/support/CrudRepositoryInvoker.class], URL [jar:file:/Users/huff/.m2/repository/org/springframework/data/spring-data-commons/1.9.4.RELEASE/spring-data-commons-1.9.4.RELEASE.jar!/org/springframework/data/repository/support/Repositories.class], URL [jar:file:/Users/huff/.m2/repository/org/springframework/data/spring-data-commons/1.9.4.RELEASE/spring-data-commons-1.9.4.RELEASE.jar!/org/springframework/data/repository/support/ReflectionRepositoryInvoker.class], URL [jar:file:/Users/huff/.m2/repository/org/springframework/data/spring-data-commons/1.9.4.RELEASE/spring-data-commons-1.9.4.RELEASE.jar!/org/springframework/data/repository/support/DomainClassPropertyEditor.class], URL [jar:file:/Users/huff/.m2/repository/org/springframework/data/spring-data-commons/1.9.4.RELEASE/spring-data-commons-1.9.4.RELEASE.jar!/org/springframework/data/repository/support/DomainClassConverter.class]]
10:13:59.547 [main] DEBUG o.s.c.a.ClassPathScanningCandidateComponentProvider - Identified candidate component class: URL [jar:file:/Users/huff/.m2/repository/org/springframework/data/spring-data-jpa/1.7.4.RELEASE/spring-data-jpa-1.7.4.RELEASE.jar!/org/springframework/data/jpa/repository/support/JpaRepositoryFactory.class]
10:13:59.561 [main] DEBUG o.s.core.env.StandardEnvironment - Adding [systemProperties] PropertySource with lowest search precedence
10:13:59.561 [main] DEBUG o.s.core.env.StandardEnvironment - Adding [systemEnvironment] PropertySource with lowest search precedence
10:13:59.561 [main] DEBUG o.s.core.env.StandardEnvironment - Initialized StandardEnvironment with PropertySources [systemProperties,systemEnvironment]
10:13:59.561 [main] DEBUG o.s.b.f.s.DefaultListableBeanFactory - Creating shared instance of singleton bean 'org.springframework.boot.autoconfigure.AutoConfigurationPackages'
10:13:59.561 [main] DEBUG o.s.b.f.s.DefaultListableBeanFactory - Creating instance of bean 'org.springframework.boot.autoconfigure.AutoConfigurationPackages'
10:13:59.562 [main] DEBUG o.s.b.f.s.DefaultListableBeanFactory - Eagerly caching bean 'org.springframework.boot.autoconfigure.AutoConfigurationPackages' to allow for resolving potential circular references
10:13:59.562 [main] DEBUG o.s.b.f.s.DefaultListableBeanFactory - Finished creating instance of bean 'org.springframework.boot.autoconfigure.AutoConfigurationPackages'
10:13:59.562 [main] DEBUG o.s.b.a.AutoConfigurationPackages - @EnableAutoConfiguration was declared on a class in the package 'edu.tamu.app'. Automatic @Repository and @Entity scanning is enabled.
10:13:59.562 [main] DEBUG o.s.c.i.s.PathMatchingResourcePatternResolver - Looking for matching resources in directory tree [/Users/huff/development/java/apps/TAMU-Webservice-Seed/target/test-classes/edu/tamu/app]
10:13:59.562 [main] DEBUG o.s.c.i.s.PathMatchingResourcePatternResolver - Searching directory [/Users/huff/development/java/apps/TAMU-Webservice-Seed/target/test-classes/edu/tamu/app] for files matching pattern [/Users/huff/development/java/apps/TAMU-Webservice-Seed/target/test-classes/edu/tamu/app/**/*.class]
10:13:59.562 [main] DEBUG o.s.c.i.s.PathMatchingResourcePatternResolver - Searching directory [/Users/huff/development/java/apps/TAMU-Webservice-Seed/target/test-classes/edu/tamu/app/config] for files matching pattern [/Users/huff/development/java/apps/TAMU-Webservice-Seed/target/test-classes/edu/tamu/app/**/*.class]
10:13:59.562 [main] DEBUG o.s.c.i.s.PathMatchingResourcePatternResolver - Searching directory [/Users/huff/development/java/apps/TAMU-Webservice-Seed/target/test-classes/edu/tamu/app/model] for files matching pattern [/Users/huff/development/java/apps/TAMU-Webservice-Seed/target/test-classes/edu/tamu/app/**/*.class]
10:13:59.563 [main] DEBUG o.s.c.i.s.PathMatchingResourcePatternResolver - Searching directory [/Users/huff/development/java/apps/TAMU-Webservice-Seed/target/test-classes/edu/tamu/app/model/impl] for files matching pattern [/Users/huff/development/java/apps/TAMU-Webservice-Seed/target/test-classes/edu/tamu/app/**/*.class]
10:13:59.563 [main] DEBUG o.s.c.i.s.PathMatchingResourcePatternResolver - Looking for matching resources in directory tree [/Users/huff/development/java/apps/TAMU-Webservice-Seed/target/classes/edu/tamu/app]
10:13:59.563 [main] DEBUG o.s.c.i.s.PathMatchingResourcePatternResolver - Searching directory [/Users/huff/development/java/apps/TAMU-Webservice-Seed/target/classes/edu/tamu/app] for files matching pattern [/Users/huff/development/java/apps/TAMU-Webservice-Seed/target/classes/edu/tamu/app/**/*.class]
10:13:59.563 [main] DEBUG o.s.c.i.s.PathMatchingResourcePatternResolver - Searching directory [/Users/huff/development/java/apps/TAMU-Webservice-Seed/target/classes/edu/tamu/app/aspect] for files matching pattern [/Users/huff/development/java/apps/TAMU-Webservice-Seed/target/classes/edu/tamu/app/**/*.class]
10:13:59.563 [main] DEBUG o.s.c.i.s.PathMatchingResourcePatternResolver - Searching directory [/Users/huff/development/java/apps/TAMU-Webservice-Seed/target/classes/edu/tamu/app/config] for files matching pattern [/Users/huff/development/java/apps/TAMU-Webservice-Seed/target/classes/edu/tamu/app/**/*.class]
10:13:59.563 [main] DEBUG o.s.c.i.s.PathMatchingResourcePatternResolver - Searching directory [/Users/huff/development/java/apps/TAMU-Webservice-Seed/target/classes/edu/tamu/app/controller] for files matching pattern [/Users/huff/development/java/apps/TAMU-Webservice-Seed/target/classes/edu/tamu/app/**/*.class]
10:13:59.563 [main] DEBUG o.s.c.i.s.PathMatchingResourcePatternResolver - Searching directory [/Users/huff/development/java/apps/TAMU-Webservice-Seed/target/classes/edu/tamu/app/controller/interceptor] for files matching pattern [/Users/huff/development/java/apps/TAMU-Webservice-Seed/target/classes/edu/tamu/app/**/*.class]
10:13:59.563 [main] DEBUG o.s.c.i.s.PathMatchingResourcePatternResolver - Searching directory [/Users/huff/development/java/apps/TAMU-Webservice-Seed/target/classes/edu/tamu/app/model] for files matching pattern [/Users/huff/development/java/apps/TAMU-Webservice-Seed/target/classes/edu/tamu/app/**/*.class]
10:13:59.563 [main] DEBUG o.s.c.i.s.PathMatchingResourcePatternResolver - Searching directory [/Users/huff/development/java/apps/TAMU-Webservice-Seed/target/classes/edu/tamu/app/model/repo] for files matching pattern [/Users/huff/development/java/apps/TAMU-Webservice-Seed/target/classes/edu/tamu/app/**/*.class]
10:13:59.564 [main] DEBUG o.s.c.i.s.PathMatchingResourcePatternResolver - Searching directory [/Users/huff/development/java/apps/TAMU-Webservice-Seed/target/classes/edu/tamu/app/model/repo/impl] for files matching pattern [/Users/huff/development/java/apps/TAMU-Webservice-Seed/target/classes/edu/tamu/app/**/*.class]
10:13:59.564 [main] DEBUG o.s.c.i.s.PathMatchingResourcePatternResolver - Resolved location pattern [classpath*:edu/tamu/app/**/*.class] to resources [file [/Users/huff/development/java/apps/TAMU-Webservice-Seed/target/test-classes/edu/tamu/app/config/TestDataSourceConfiguration.class], file [/Users/huff/development/java/apps/TAMU-Webservice-Seed/target/test-classes/edu/tamu/app/model/impl/ShibTest.class], file [/Users/huff/development/java/apps/TAMU-Webservice-Seed/target/test-classes/edu/tamu/app/model/impl/UserTest.class], file [/Users/huff/development/java/apps/TAMU-Webservice-Seed/target/classes/edu/tamu/app/aspect/AppControllerAspect.class], file [/Users/huff/development/java/apps/TAMU-Webservice-Seed/target/classes/edu/tamu/app/config/AppConfig.class], file [/Users/huff/development/java/apps/TAMU-Webservice-Seed/target/classes/edu/tamu/app/config/AppWebConfigSupport.class], file [/Users/huff/development/java/apps/TAMU-Webservice-Seed/target/classes/edu/tamu/app/config/AppWebMvcConfig.class], file [/Users/huff/development/java/apps/TAMU-Webservice-Seed/target/classes/edu/tamu/app/config/AppWebSocketConfig.class], file [/Users/huff/development/java/apps/TAMU-Webservice-Seed/target/classes/edu/tamu/app/config/SecurityConfig.class], file [/Users/huff/development/java/apps/TAMU-Webservice-Seed/target/classes/edu/tamu/app/config/SpringContext.class], file [/Users/huff/development/java/apps/TAMU-Webservice-Seed/target/classes/edu/tamu/app/controller/AdminController.class], file [/Users/huff/development/java/apps/TAMU-Webservice-Seed/target/classes/edu/tamu/app/controller/interceptor/AppRestInterceptor.class], file [/Users/huff/development/java/apps/TAMU-Webservice-Seed/target/classes/edu/tamu/app/controller/interceptor/AppStompInterceptor.class], file [/Users/huff/development/java/apps/TAMU-Webservice-Seed/target/classes/edu/tamu/app/controller/MockAuthServiceController.class], file [/Users/huff/development/java/apps/TAMU-Webservice-Seed/target/classes/edu/tamu/app/controller/UserController$1.class], file [/Users/huff/development/java/apps/TAMU-Webservice-Seed/target/classes/edu/tamu/app/controller/UserController.class], file [/Users/huff/development/java/apps/TAMU-Webservice-Seed/target/classes/edu/tamu/app/model/AppUser.class], file [/Users/huff/development/java/apps/TAMU-Webservice-Seed/target/classes/edu/tamu/app/model/repo/impl/UserRepoImpl.class], file [/Users/huff/development/java/apps/TAMU-Webservice-Seed/target/classes/edu/tamu/app/model/repo/UserRepo.class], file [/Users/huff/development/java/apps/TAMU-Webservice-Seed/target/classes/edu/tamu/app/model/repo/UserRepoCustom.class], file [/Users/huff/development/java/apps/TAMU-Webservice-Seed/target/classes/edu/tamu/app/WebServerInit.class]]
10:13:59.573 [main] DEBUG o.s.d.r.c.RepositoryComponentProvider - Identified candidate component class: file [/Users/huff/development/java/apps/TAMU-Webservice-Seed/target/classes/edu/tamu/app/model/repo/UserRepo.class]
10:13:59.574 [main] DEBUG o.s.b.f.s.DefaultListableBeanFactory - Returning cached instance of singleton bean 'org.springframework.boot.autoconfigure.AutoConfigurationPackages'
10:13:59.575 [main] DEBUG o.s.core.env.StandardEnvironment - Adding [systemProperties] PropertySource with lowest search precedence
10:13:59.575 [main] DEBUG o.s.core.env.StandardEnvironment - Adding [systemEnvironment] PropertySource with lowest search precedence
10:13:59.575 [main] DEBUG o.s.core.env.StandardEnvironment - Initialized StandardEnvironment with PropertySources [systemProperties,systemEnvironment]
10:13:59.575 [main] DEBUG o.s.c.i.s.PathMatchingResourcePatternResolver - Looking for matching resources in directory tree [/Users/huff/development/java/apps/TAMU-Webservice-Seed/target/test-classes/edu/tamu/app]
10:13:59.575 [main] DEBUG o.s.c.i.s.PathMatchingResourcePatternResolver - Searching directory [/Users/huff/development/java/apps/TAMU-Webservice-Seed/target/test-classes/edu/tamu/app] for files matching pattern [/Users/huff/development/java/apps/TAMU-Webservice-Seed/target/test-classes/edu/tamu/app/**/*UserRepoImpl.class]
10:13:59.575 [main] DEBUG o.s.c.i.s.PathMatchingResourcePatternResolver - Searching directory [/Users/huff/development/java/apps/TAMU-Webservice-Seed/target/test-classes/edu/tamu/app/config] for files matching pattern [/Users/huff/development/java/apps/TAMU-Webservice-Seed/target/test-classes/edu/tamu/app/**/*UserRepoImpl.class]
10:13:59.575 [main] DEBUG o.s.c.i.s.PathMatchingResourcePatternResolver - Searching directory [/Users/huff/development/java/apps/TAMU-Webservice-Seed/target/test-classes/edu/tamu/app/model] for files matching pattern [/Users/huff/development/java/apps/TAMU-Webservice-Seed/target/test-classes/edu/tamu/app/**/*UserRepoImpl.class]
10:13:59.575 [main] DEBUG o.s.c.i.s.PathMatchingResourcePatternResolver - Searching directory [/Users/huff/development/java/apps/TAMU-Webservice-Seed/target/test-classes/edu/tamu/app/model/impl] for files matching pattern [/Users/huff/development/java/apps/TAMU-Webservice-Seed/target/test-classes/edu/tamu/app/**/*UserRepoImpl.class]
10:13:59.575 [main] DEBUG o.s.c.i.s.PathMatchingResourcePatternResolver - Looking for matching resources in directory tree [/Users/huff/development/java/apps/TAMU-Webservice-Seed/target/classes/edu/tamu/app]
10:13:59.575 [main] DEBUG o.s.c.i.s.PathMatchingResourcePatternResolver - Searching directory [/Users/huff/development/java/apps/TAMU-Webservice-Seed/target/classes/edu/tamu/app] for files matching pattern [/Users/huff/development/java/apps/TAMU-Webservice-Seed/target/classes/edu/tamu/app/**/*UserRepoImpl.class]
10:13:59.575 [main] DEBUG o.s.c.i.s.PathMatchingResourcePatternResolver - Searching directory [/Users/huff/development/java/apps/TAMU-Webservice-Seed/target/classes/edu/tamu/app/aspect] for files matching pattern [/Users/huff/development/java/apps/TAMU-Webservice-Seed/target/classes/edu/tamu/app/**/*UserRepoImpl.class]
10:13:59.576 [main] DEBUG o.s.c.i.s.PathMatchingResourcePatternResolver - Searching directory [/Users/huff/development/java/apps/TAMU-Webservice-Seed/target/classes/edu/tamu/app/config] for files matching pattern [/Users/huff/development/java/apps/TAMU-Webservice-Seed/target/classes/edu/tamu/app/**/*UserRepoImpl.class]
10:13:59.576 [main] DEBUG o.s.c.i.s.PathMatchingResourcePatternResolver - Searching directory [/Users/huff/development/java/apps/TAMU-Webservice-Seed/target/classes/edu/tamu/app/controller] for files matching pattern [/Users/huff/development/java/apps/TAMU-Webservice-Seed/target/classes/edu/tamu/app/**/*UserRepoImpl.class]
10:13:59.576 [main] DEBUG o.s.c.i.s.PathMatchingResourcePatternResolver - Searching directory [/Users/huff/development/java/apps/TAMU-Webservice-Seed/target/classes/edu/tamu/app/controller/interceptor] for files matching pattern [/Users/huff/development/java/apps/TAMU-Webservice-Seed/target/classes/edu/tamu/app/**/*UserRepoImpl.class]
10:13:59.576 [main] DEBUG o.s.c.i.s.PathMatchingResourcePatternResolver - Searching directory [/Users/huff/development/java/apps/TAMU-Webservice-Seed/target/classes/edu/tamu/app/model] for files matching pattern [/Users/huff/development/java/apps/TAMU-Webservice-Seed/target/classes/edu/tamu/app/**/*UserRepoImpl.class]
10:13:59.576 [main] DEBUG o.s.c.i.s.PathMatchingResourcePatternResolver - Searching directory [/Users/huff/development/java/apps/TAMU-Webservice-Seed/target/classes/edu/tamu/app/model/repo] for files matching pattern [/Users/huff/development/java/apps/TAMU-Webservice-Seed/target/classes/edu/tamu/app/**/*UserRepoImpl.class]
10:13:59.576 [main] DEBUG o.s.c.i.s.PathMatchingResourcePatternResolver - Searching directory [/Users/huff/development/java/apps/TAMU-Webservice-Seed/target/classes/edu/tamu/app/model/repo/impl] for files matching pattern [/Users/huff/development/java/apps/TAMU-Webservice-Seed/target/classes/edu/tamu/app/**/*UserRepoImpl.class]
10:13:59.576 [main] DEBUG o.s.c.i.s.PathMatchingResourcePatternResolver - Resolved location pattern [classpath*:edu/tamu/app/**/*UserRepoImpl.class] to resources [file [/Users/huff/development/java/apps/TAMU-Webservice-Seed/target/classes/edu/tamu/app/model/repo/impl/UserRepoImpl.class]]
10:13:59.576 [main] DEBUG o.s.c.a.ClassPathScanningCandidateComponentProvider - Identified candidate component class: file [/Users/huff/development/java/apps/TAMU-Webservice-Seed/target/classes/edu/tamu/app/model/repo/impl/UserRepoImpl.class]
10:13:59.576 [main] DEBUG o.s.d.r.c.RepositoryBeanDefinitionBuilder - Registering custom repository implementation: userRepoImpl edu.tamu.app.model.repo.impl.UserRepoImpl
10:13:59.577 [main] DEBUG o.s.d.r.c.RepositoryConfigurationDelegate - Spring Data JPA - Registering repository: userRepo - Interface: edu.tamu.app.model.repo.UserRepo - Factory: org.springframework.data.jpa.repository.support.JpaRepositoryFactoryBean
10:13:59.577 [main] DEBUG o.s.b.f.s.DefaultListableBeanFactory - Returning cached instance of singleton bean 'autoConfigurationReport'
10:13:59.577 [main] DEBUG o.s.b.f.s.DefaultListableBeanFactory - Returning cached instance of singleton bean 'autoConfigurationReport'
10:13:59.577 [main] DEBUG o.s.c.a.ConfigurationClassBeanDefinitionReader - Registered bean definition for imported class 'org.springframework.boot.autoconfigure.jackson.JacksonAutoConfiguration$JacksonObjectMapperBuilderConfiguration'
10:13:59.577 [main] DEBUG o.s.b.f.s.DefaultListableBeanFactory - Returning cached instance of singleton bean 'org.springframework.boot.autoconfigure.condition.BeanTypeRegistry'
10:13:59.577 [main] DEBUG o.s.b.f.s.DefaultListableBeanFactory - Returning cached instance of singleton bean 'autoConfigurationReport'
10:13:59.577 [main] DEBUG o.s.c.a.ConfigurationClassBeanDefinitionReader - Registering bean definition for @Bean method org.springframework.boot.autoconfigure.jackson.JacksonAutoConfiguration$JacksonObjectMapperBuilderConfiguration.jacksonObjectMapperBuilder()
10:13:59.577 [main] DEBUG o.s.b.f.s.DefaultListableBeanFactory - Returning cached instance of singleton bean 'autoConfigurationReport'
10:13:59.577 [main] DEBUG o.s.c.a.ConfigurationClassBeanDefinitionReader - Registered bean definition for imported class 'org.springframework.boot.autoconfigure.jackson.JacksonAutoConfiguration$JacksonObjectMapperConfiguration'
10:13:59.577 [main] DEBUG o.s.b.f.s.DefaultListableBeanFactory - Returning cached instance of singleton bean 'org.springframework.boot.autoconfigure.condition.BeanTypeRegistry'
10:13:59.577 [main] DEBUG o.s.b.f.s.DefaultListableBeanFactory - Returning cached instance of singleton bean 'autoConfigurationReport'
10:13:59.577 [main] DEBUG o.s.c.a.ConfigurationClassBeanDefinitionReader - Registered bean definition for imported class 'org.springframework.boot.autoconfigure.jackson.JacksonAutoConfiguration'
10:13:59.577 [main] DEBUG o.s.b.f.s.DefaultListableBeanFactory - Returning cached instance of singleton bean 'autoConfigurationReport'
10:13:59.578 [main] DEBUG o.s.b.f.s.DefaultListableBeanFactory - Returning cached instance of singleton bean 'autoConfigurationReport'
10:13:59.578 [main] DEBUG o.s.c.a.ConfigurationClassBeanDefinitionReader - Registered bean definition for imported class 'org.springframework.boot.autoconfigure.web.HttpMessageConvertersAutoConfiguration$StringHttpMessageConverterConfiguration'
10:13:59.578 [main] DEBUG o.s.b.f.s.DefaultListableBeanFactory - Returning cached instance of singleton bean 'org.springframework.boot.autoconfigure.condition.BeanTypeRegistry'
10:13:59.578 [main] DEBUG o.s.b.f.s.DefaultListableBeanFactory - Returning cached instance of singleton bean 'autoConfigurationReport'
10:13:59.578 [main] DEBUG o.s.c.a.ConfigurationClassBeanDefinitionReader - Registering bean definition for @Bean method org.springframework.boot.autoconfigure.web.HttpMessageConvertersAutoConfiguration$StringHttpMessageConverterConfiguration.stringHttpMessageConverter()
10:13:59.578 [main] DEBUG o.s.b.f.s.DefaultListableBeanFactory - Returning cached instance of singleton bean 'autoConfigurationReport'
10:13:59.578 [main] DEBUG o.s.b.f.s.DefaultListableBeanFactory - Returning cached instance of singleton bean 'org.springframework.boot.autoconfigure.condition.BeanTypeRegistry'
10:13:59.578 [main] DEBUG o.s.b.f.s.DefaultListableBeanFactory - Returning cached instance of singleton bean 'autoConfigurationReport'
10:13:59.578 [main] DEBUG o.s.b.f.s.DefaultListableBeanFactory - Returning cached instance of singleton bean 'autoConfigurationReport'
10:13:59.578 [main] DEBUG o.s.c.a.ConfigurationClassBeanDefinitionReader - Registered bean definition for imported class 'org.springframework.boot.autoconfigure.web.JacksonHttpMessageConvertersConfiguration$MappingJackson2HttpMessageConverterConfiguration'
10:13:59.578 [main] DEBUG o.s.b.f.s.DefaultListableBeanFactory - Returning cached instance of singleton bean 'org.springframework.boot.autoconfigure.condition.BeanTypeRegistry'
10:13:59.579 [main] DEBUG o.s.b.f.s.DefaultListableBeanFactory - Returning cached instance of singleton bean 'autoConfigurationReport'
10:13:59.579 [main] DEBUG o.s.c.a.ConfigurationClassBeanDefinitionReader - Registered bean definition for imported class 'org.springframework.boot.autoconfigure.web.JacksonHttpMessageConvertersConfiguration'
10:13:59.579 [main] DEBUG o.s.c.a.ConfigurationClassBeanDefinitionReader - Registered bean definition for imported class 'org.springframework.boot.autoconfigure.web.HttpMessageConvertersAutoConfiguration'
10:13:59.579 [main] DEBUG o.s.b.f.s.DefaultListableBeanFactory - Returning cached instance of singleton bean 'org.springframework.boot.autoconfigure.condition.BeanTypeRegistry'
10:13:59.579 [main] DEBUG o.s.b.f.s.DefaultListableBeanFactory - Returning cached instance of singleton bean 'autoConfigurationReport'
10:13:59.579 [main] DEBUG o.s.c.a.ConfigurationClassBeanDefinitionReader - Registering bean definition for @Bean method org.springframework.boot.autoconfigure.web.HttpMessageConvertersAutoConfiguration.messageConverters()
10:13:59.579 [main] DEBUG o.s.b.f.s.DefaultListableBeanFactory - Returning cached instance of singleton bean 'autoConfigurationReport'
10:13:59.579 [main] DEBUG o.s.b.f.s.DefaultListableBeanFactory - Returning cached instance of singleton bean 'autoConfigurationReport'
10:13:59.580 [main] DEBUG o.s.c.a.ConfigurationClassBeanDefinitionReader - Registered bean definition for imported class 'org.springframework.boot.autoconfigure.jmx.JmxAutoConfiguration'
10:13:59.580 [main] DEBUG o.s.b.f.s.DefaultListableBeanFactory - Returning cached instance of singleton bean 'org.springframework.boot.autoconfigure.condition.BeanTypeRegistry'
10:13:59.580 [main] DEBUG o.s.b.f.s.DefaultListableBeanFactory - Returning cached instance of singleton bean 'autoConfigurationReport'
10:13:59.580 [main] DEBUG o.s.c.a.ConfigurationClassBeanDefinitionReader - Registering bean definition for @Bean method org.springframework.boot.autoconfigure.jmx.JmxAutoConfiguration.mbeanExporter()
10:13:59.580 [main] DEBUG o.s.b.f.s.DefaultListableBeanFactory - Returning cached instance of singleton bean 'org.springframework.boot.autoconfigure.condition.BeanTypeRegistry'
10:13:59.580 [main] DEBUG o.s.b.f.s.DefaultListableBeanFactory - Returning cached instance of singleton bean 'autoConfigurationReport'
10:13:59.580 [main] DEBUG o.s.c.a.ConfigurationClassBeanDefinitionReader - Registering bean definition for @Bean method org.springframework.boot.autoconfigure.jmx.JmxAutoConfiguration.objectNamingStrategy()
10:13:59.580 [main] DEBUG o.s.b.f.s.DefaultListableBeanFactory - Returning cached instance of singleton bean 'org.springframework.boot.autoconfigure.condition.BeanTypeRegistry'
10:13:59.580 [main] DEBUG o.s.b.f.s.DefaultListableBeanFactory - Returning cached instance of singleton bean 'autoConfigurationReport'
10:13:59.580 [main] DEBUG o.s.c.a.ConfigurationClassBeanDefinitionReader - Registering bean definition for @Bean method org.springframework.boot.autoconfigure.jmx.JmxAutoConfiguration.mbeanServer()
10:13:59.580 [main] DEBUG o.s.b.f.s.DefaultListableBeanFactory - Returning cached instance of singleton bean 'autoConfigurationReport'
10:13:59.580 [main] DEBUG o.s.b.f.s.DefaultListableBeanFactory - Returning cached instance of singleton bean 'org.springframework.boot.autoconfigure.condition.BeanTypeRegistry'
10:13:59.580 [main] DEBUG o.s.b.f.s.DefaultListableBeanFactory - Returning cached instance of singleton bean 'autoConfigurationReport'
10:13:59.580 [main] DEBUG o.s.c.a.ConfigurationClassBeanDefinitionReader - Registered bean definition for imported class 'org.springframework.transaction.annotation.ProxyTransactionManagementConfiguration'
10:13:59.580 [main] DEBUG o.s.c.a.ConfigurationClassBeanDefinitionReader - Registering bean definition for @Bean method org.springframework.transaction.annotation.ProxyTransactionManagementConfiguration.org.springframework.transaction.config.internalTransactionAdvisor()
10:13:59.580 [main] DEBUG o.s.c.a.ConfigurationClassBeanDefinitionReader - Registering bean definition for @Bean method org.springframework.transaction.annotation.ProxyTransactionManagementConfiguration.transactionAttributeSource()
10:13:59.581 [main] DEBUG o.s.c.a.ConfigurationClassBeanDefinitionReader - Registering bean definition for @Bean method org.springframework.transaction.annotation.ProxyTransactionManagementConfiguration.transactionInterceptor()
10:13:59.581 [main] DEBUG o.s.c.a.ConfigurationClassBeanDefinitionReader - Registered bean definition for imported class 'org.springframework.boot.autoconfigure.jdbc.DataSourceTransactionManagerAutoConfiguration$TransactionManagementConfiguration'
10:13:59.581 [main] DEBUG o.s.c.a.ConfigurationClassBeanDefinitionReader - Registered bean definition for imported class 'org.springframework.boot.autoconfigure.jdbc.DataSourceTransactionManagerAutoConfiguration'
10:13:59.581 [main] DEBUG o.s.b.f.s.DefaultListableBeanFactory - Returning cached instance of singleton bean 'org.springframework.boot.autoconfigure.condition.BeanTypeRegistry'
10:13:59.581 [main] DEBUG o.s.b.f.s.DefaultListableBeanFactory - Returning cached instance of singleton bean 'autoConfigurationReport'
10:13:59.581 [main] DEBUG o.s.b.f.s.DefaultListableBeanFactory - Returning cached instance of singleton bean 'autoConfigurationReport'
10:13:59.581 [main] DEBUG o.s.b.f.s.DefaultListableBeanFactory - Returning cached instance of singleton bean 'org.springframework.boot.autoconfigure.condition.BeanTypeRegistry'
10:13:59.581 [main] DEBUG o.s.b.f.s.DefaultListableBeanFactory - Returning cached instance of singleton bean 'org.springframework.boot.autoconfigure.condition.BeanTypeRegistry'
10:13:59.581 [main] DEBUG o.s.b.f.s.DefaultListableBeanFactory - Returning cached instance of singleton bean 'autoConfigurationReport'
10:13:59.581 [main] DEBUG o.s.b.f.s.DefaultListableBeanFactory - Returning cached instance of singleton bean 'org.springframework.boot.autoconfigure.condition.BeanTypeRegistry'
10:13:59.581 [main] DEBUG o.s.b.f.s.DefaultListableBeanFactory - Returning cached instance of singleton bean 'org.springframework.boot.autoconfigure.condition.BeanTypeRegistry'
10:13:59.581 [main] DEBUG o.s.b.f.s.DefaultListableBeanFactory - Returning cached instance of singleton bean 'autoConfigurationReport'
10:13:59.581 [main] DEBUG o.s.c.a.ConfigurationClassBeanDefinitionReader - Registered bean definition for imported class 'org.springframework.boot.autoconfigure.security.AuthenticationManagerConfiguration$AuthenticationManagerConfigurationListener'
10:13:59.581 [main] DEBUG o.s.c.a.ConfigurationClassBeanDefinitionReader - Registered bean definition for imported class 'org.springframework.boot.autoconfigure.security.AuthenticationManagerConfiguration'
10:13:59.581 [main] DEBUG o.s.c.a.ConfigurationClassBeanDefinitionReader - Registering bean definition for @Bean method org.springframework.boot.autoconfigure.security.AuthenticationManagerConfiguration.authenticationManager()
10:13:59.581 [main] DEBUG o.s.c.a.ConfigurationClassBeanDefinitionReader - Registering bean definition for @Bean method org.springframework.boot.autoconfigure.security.AuthenticationManagerConfiguration.springBootAuthenticationConfigurerAdapter()
10:13:59.581 [main] DEBUG o.s.b.f.s.DefaultListableBeanFactory - Returning cached instance of singleton bean 'autoConfigurationReport'
10:13:59.581 [main] DEBUG o.s.c.a.ConfigurationClassBeanDefinitionReader - Registered bean definition for imported class 'org.springframework.boot.autoconfigure.security.BootGlobalAuthenticationConfiguration'
10:13:59.581 [main] DEBUG o.s.c.a.ConfigurationClassBeanDefinitionReader - Registering bean definition for @Bean method org.springframework.boot.autoconfigure.security.BootGlobalAuthenticationConfiguration.bootGlobalAuthenticationConfigurationAdapter()
10:13:59.582 [main] DEBUG o.s.c.a.ConfigurationClassBeanDefinitionReader - Registered bean definition for imported class 'org.springframework.boot.autoconfigure.security.SecurityAutoConfiguration'
10:13:59.582 [main] DEBUG o.s.b.f.s.DefaultListableBeanFactory - Returning cached instance of singleton bean 'org.springframework.boot.autoconfigure.condition.BeanTypeRegistry'
10:13:59.582 [main] DEBUG o.s.b.f.s.DefaultListableBeanFactory - Returning cached instance of singleton bean 'autoConfigurationReport'
10:13:59.582 [main] DEBUG o.s.c.a.ConfigurationClassBeanDefinitionReader - Registering bean definition for @Bean method org.springframework.boot.autoconfigure.security.SecurityAutoConfiguration.authenticationEventPublisher()
10:13:59.582 [main] DEBUG o.s.b.f.s.DefaultListableBeanFactory - Returning cached instance of singleton bean 'org.springframework.boot.autoconfigure.condition.BeanTypeRegistry'
10:13:59.582 [main] DEBUG o.s.b.f.s.DefaultListableBeanFactory - Returning cached instance of singleton bean 'autoConfigurationReport'
10:13:59.582 [main] DEBUG o.s.c.a.ConfigurationClassBeanDefinitionReader - Registering bean definition for @Bean method org.springframework.boot.autoconfigure.security.SecurityAutoConfiguration.securityProperties()
10:13:59.582 [main] DEBUG o.s.b.f.s.DefaultListableBeanFactory - Returning cached instance of singleton bean 'autoConfigurationReport'
10:13:59.582 [main] DEBUG o.s.b.f.s.DefaultListableBeanFactory - Returning cached instance of singleton bean 'autoConfigurationReport'
10:13:59.582 [main] DEBUG o.s.c.a.ConfigurationClassBeanDefinitionReader - Registered bean definition for imported class 'org.springframework.boot.autoconfigure.web.HttpEncodingAutoConfiguration'
10:13:59.582 [main] DEBUG o.s.b.f.s.DefaultListableBeanFactory - Returning cached instance of singleton bean 'org.springframework.boot.autoconfigure.condition.BeanTypeRegistry'
10:13:59.582 [main] DEBUG o.s.b.f.s.DefaultListableBeanFactory - Returning cached instance of singleton bean 'autoConfigurationReport'
10:13:59.582 [main] DEBUG o.s.c.a.ConfigurationClassBeanDefinitionReader - Registering bean definition for @Bean method org.springframework.boot.autoconfigure.web.HttpEncodingAutoConfiguration.characterEncodingFilter()
10:13:59.583 [main] DEBUG o.s.b.f.s.DefaultListableBeanFactory - Returning cached instance of singleton bean 'autoConfigurationReport'
10:13:59.583 [main] DEBUG o.s.b.f.s.DefaultListableBeanFactory - Returning cached instance of singleton bean 'autoConfigurationReport'
10:13:59.583 [main] DEBUG o.s.c.a.ConfigurationClassBeanDefinitionReader - Registered bean definition for imported class 'org.springframework.boot.autoconfigure.web.MultipartAutoConfiguration'
10:13:59.583 [main] DEBUG o.s.b.f.s.DefaultListableBeanFactory - Returning cached instance of singleton bean 'org.springframework.boot.autoconfigure.condition.BeanTypeRegistry'
10:13:59.583 [main] DEBUG o.s.b.f.s.DefaultListableBeanFactory - Returning cached instance of singleton bean 'autoConfigurationReport'
10:13:59.583 [main] DEBUG o.s.c.a.ConfigurationClassBeanDefinitionReader - Registering bean definition for @Bean method org.springframework.boot.autoconfigure.web.MultipartAutoConfiguration.multipartConfigElement()
10:13:59.583 [main] DEBUG o.s.b.f.s.DefaultListableBeanFactory - Returning cached instance of singleton bean 'org.springframework.boot.autoconfigure.condition.BeanTypeRegistry'
10:13:59.583 [main] DEBUG o.s.b.f.s.DefaultListableBeanFactory - Returning cached instance of singleton bean 'autoConfigurationReport'
10:13:59.583 [main] DEBUG o.s.c.a.ConfigurationClassBeanDefinitionReader - Registering bean definition for @Bean method org.springframework.boot.autoconfigure.web.MultipartAutoConfiguration.multipartResolver()
10:13:59.590 [main] DEBUG o.s.c.a.ConfigurationClassEnhancer - Successfully enhanced edu.tamu.app.config.TestDataSourceConfiguration; enhanced class name is: edu.tamu.app.config.TestDataSourceConfiguration$$EnhancerBySpringCGLIB$$720fb83c
10:13:59.590 [main] DEBUG o.s.c.a.ConfigurationClassPostProcessor - Replacing bean definition 'testDataSourceConfiguration' existing class name 'edu.tamu.app.config.TestDataSourceConfiguration' with enhanced class name 'edu.tamu.app.config.TestDataSourceConfiguration$$EnhancerBySpringCGLIB$$720fb83c'
10:13:59.591 [main] DEBUG o.s.c.a.ConfigurationClassEnhancer - Successfully enhanced edu.tamu.framework.config.CoreScheduleConfig; enhanced class name is: edu.tamu.framework.config.CoreScheduleConfig$$EnhancerBySpringCGLIB$$dd7086ae
10:13:59.591 [main] DEBUG o.s.c.a.ConfigurationClassPostProcessor - Replacing bean definition 'coreScheduleConfig' existing class name 'edu.tamu.framework.config.CoreScheduleConfig' with enhanced class name 'edu.tamu.framework.config.CoreScheduleConfig$$EnhancerBySpringCGLIB$$dd7086ae'
10:13:59.591 [main] DEBUG o.s.c.a.ConfigurationClassEnhancer - Successfully enhanced edu.tamu.framework.config.CoreSecurityConfig; enhanced class name is: edu.tamu.framework.config.CoreSecurityConfig$$EnhancerBySpringCGLIB$$1119397
10:13:59.591 [main] DEBUG o.s.c.a.ConfigurationClassPostProcessor - Replacing bean definition 'coreSecurityConfig' existing class name 'edu.tamu.framework.config.CoreSecurityConfig' with enhanced class name 'edu.tamu.framework.config.CoreSecurityConfig$$EnhancerBySpringCGLIB$$1119397'
10:13:59.591 [main] DEBUG o.s.c.a.ConfigurationClassEnhancer - Successfully enhanced edu.tamu.framework.config.CoreWebAppConfig; enhanced class name is: edu.tamu.framework.config.CoreWebAppConfig$$EnhancerBySpringCGLIB$$d1ffea44
10:13:59.591 [main] DEBUG o.s.c.a.ConfigurationClassPostProcessor - Replacing bean definition 'coreWebAppConfig' existing class name 'edu.tamu.framework.config.CoreWebAppConfig' with enhanced class name 'edu.tamu.framework.config.CoreWebAppConfig$$EnhancerBySpringCGLIB$$d1ffea44'
10:13:59.591 [main] DEBUG o.s.c.a.ConfigurationClassEnhancer - Successfully enhanced edu.tamu.framework.config.CoreWebMvcConfig; enhanced class name is: edu.tamu.framework.config.CoreWebMvcConfig$$EnhancerBySpringCGLIB$$f912643d
10:13:59.591 [main] DEBUG o.s.c.a.ConfigurationClassPostProcessor - Replacing bean definition 'coreWebMvcConfig' existing class name 'edu.tamu.framework.config.CoreWebMvcConfig' with enhanced class name 'edu.tamu.framework.config.CoreWebMvcConfig$$EnhancerBySpringCGLIB$$f912643d'
10:13:59.591 [main] DEBUG o.s.c.a.ConfigurationClassEnhancer - Successfully enhanced edu.tamu.app.config.AppConfig; enhanced class name is: edu.tamu.app.config.AppConfig$$EnhancerBySpringCGLIB$$cc52f1e0
10:13:59.591 [main] DEBUG o.s.c.a.ConfigurationClassPostProcessor - Replacing bean definition 'appConfig' existing class name 'edu.tamu.app.config.AppConfig' with enhanced class name 'edu.tamu.app.config.AppConfig$$EnhancerBySpringCGLIB$$cc52f1e0'
10:13:59.591 [main] DEBUG o.s.c.a.ConfigurationClassEnhancer - Successfully enhanced edu.tamu.app.config.AppWebConfigSupport; enhanced class name is: edu.tamu.app.config.AppWebConfigSupport$$EnhancerBySpringCGLIB$$674c2717
10:13:59.591 [main] DEBUG o.s.c.a.ConfigurationClassPostProcessor - Replacing bean definition 'appWebConfigSupport' existing class name 'edu.tamu.app.config.AppWebConfigSupport' with enhanced class name 'edu.tamu.app.config.AppWebConfigSupport$$EnhancerBySpringCGLIB$$674c2717'
10:13:59.591 [main] DEBUG o.s.c.a.ConfigurationClassEnhancer - Successfully enhanced edu.tamu.app.config.AppWebMvcConfig; enhanced class name is: edu.tamu.app.config.AppWebMvcConfig$$EnhancerBySpringCGLIB$$6a39926
10:13:59.591 [main] DEBUG o.s.c.a.ConfigurationClassPostProcessor - Replacing bean definition 'appWebMvcConfig' existing class name 'edu.tamu.app.config.AppWebMvcConfig' with enhanced class name 'edu.tamu.app.config.AppWebMvcConfig$$EnhancerBySpringCGLIB$$6a39926'
10:13:59.591 [main] DEBUG o.s.c.a.ConfigurationClassEnhancer - Successfully enhanced edu.tamu.app.config.AppWebSocketConfig; enhanced class name is: edu.tamu.app.config.AppWebSocketConfig$$EnhancerBySpringCGLIB$$75c6bcc1
10:13:59.591 [main] DEBUG o.s.c.a.ConfigurationClassPostProcessor - Replacing bean definition 'appWebSocketConfig' existing class name 'edu.tamu.app.config.AppWebSocketConfig' with enhanced class name 'edu.tamu.app.config.AppWebSocketConfig$$EnhancerBySpringCGLIB$$75c6bcc1'
10:13:59.591 [main] DEBUG o.s.c.a.ConfigurationClassEnhancer - Successfully enhanced edu.tamu.app.config.SecurityConfig; enhanced class name is: edu.tamu.app.config.SecurityConfig$$EnhancerBySpringCGLIB$$58e7fabb
10:13:59.591 [main] DEBUG o.s.c.a.ConfigurationClassPostProcessor - Replacing bean definition 'securityConfig' existing class name 'edu.tamu.app.config.SecurityConfig' with enhanced class name 'edu.tamu.app.config.SecurityConfig$$EnhancerBySpringCGLIB$$58e7fabb'
10:13:59.591 [main] DEBUG o.s.c.a.ConfigurationClassEnhancer - Successfully enhanced edu.tamu.app.WebServerInit; enhanced class name is: edu.tamu.app.WebServerInit$$EnhancerBySpringCGLIB$$e2d08a14
10:13:59.591 [main] DEBUG o.s.c.a.ConfigurationClassPostProcessor - Replacing bean definition 'webServerInit' existing class name 'edu.tamu.app.WebServerInit' with enhanced class name 'edu.tamu.app.WebServerInit$$EnhancerBySpringCGLIB$$e2d08a14'
10:13:59.591 [main] DEBUG o.s.c.a.ConfigurationClassEnhancer - Successfully enhanced org.springframework.scheduling.annotation.SchedulingConfiguration; enhanced class name is: org.springframework.scheduling.annotation.SchedulingConfiguration$$EnhancerBySpringCGLIB$$f1a0b6d1
10:13:59.591 [main] DEBUG o.s.c.a.ConfigurationClassPostProcessor - Replacing bean definition 'org.springframework.scheduling.annotation.SchedulingConfiguration' existing class name 'org.springframework.scheduling.annotation.SchedulingConfiguration' with enhanced class name 'org.springframework.scheduling.annotation.SchedulingConfiguration$$EnhancerBySpringCGLIB$$f1a0b6d1'
10:13:59.591 [main] DEBUG o.s.c.a.ConfigurationClassEnhancer - Successfully enhanced org.springframework.security.config.annotation.authentication.configuration.AuthenticationConfiguration; enhanced class name is: org.springframework.security.config.annotation.authentication.configuration.AuthenticationConfiguration$$EnhancerBySpringCGLIB$$42095c85
10:13:59.591 [main] DEBUG o.s.c.a.ConfigurationClassPostProcessor - Replacing bean definition 'org.springframework.security.config.annotation.authentication.configuration.AuthenticationConfiguration' existing class name 'org.springframework.security.config.annotation.authentication.configuration.AuthenticationConfiguration' with enhanced class name 'org.springframework.security.config.annotation.authentication.configuration.AuthenticationConfiguration$$EnhancerBySpringCGLIB$$42095c85'
10:13:59.591 [main] DEBUG o.s.c.a.ConfigurationClassEnhancer - Successfully enhanced org.springframework.security.config.annotation.authentication.configuration.AuthenticationConfiguration; enhanced class name is: org.springframework.security.config.annotation.authentication.configuration.AuthenticationConfiguration$$EnhancerBySpringCGLIB$$42095c85
10:13:59.591 [main] DEBUG o.s.c.a.ConfigurationClassPostProcessor - Replacing bean definition 'enableGlobalAuthenticationAutowiredConfigurer' existing class name 'org.springframework.security.config.annotation.authentication.configuration.AuthenticationConfiguration' with enhanced class name 'org.springframework.security.config.annotation.authentication.configuration.AuthenticationConfiguration$$EnhancerBySpringCGLIB$$42095c85'
10:13:59.591 [main] DEBUG o.s.c.a.ConfigurationClassEnhancer - Successfully enhanced org.springframework.security.config.annotation.web.configuration.WebSecurityConfiguration; enhanced class name is: org.springframework.security.config.annotation.web.configuration.WebSecurityConfiguration$$EnhancerBySpringCGLIB$$95d5be49
10:13:59.591 [main] DEBUG o.s.c.a.ConfigurationClassPostProcessor - Replacing bean definition 'org.springframework.security.config.annotation.web.configuration.WebSecurityConfiguration' existing class name 'org.springframework.security.config.annotation.web.configuration.WebSecurityConfiguration' with enhanced class name 'org.springframework.security.config.annotation.web.configuration.WebSecurityConfiguration$$EnhancerBySpringCGLIB$$95d5be49'
10:13:59.591 [main] DEBUG o.s.c.a.ConfigurationClassEnhancer - Successfully enhanced org.springframework.security.config.annotation.web.configuration.WebSecurityConfiguration; enhanced class name is: org.springframework.security.config.annotation.web.configuration.WebSecurityConfiguration$$EnhancerBySpringCGLIB$$95d5be49
10:13:59.591 [main] DEBUG o.s.c.a.ConfigurationClassPostProcessor - Replacing bean definition 'delegatingApplicationListener' existing class name 'org.springframework.security.config.annotation.web.configuration.WebSecurityConfiguration' with enhanced class name 'org.springframework.security.config.annotation.web.configuration.WebSecurityConfiguration$$EnhancerBySpringCGLIB$$95d5be49'
10:13:59.591 [main] DEBUG o.s.c.a.ConfigurationClassEnhancer - Successfully enhanced org.springframework.security.config.annotation.configuration.ObjectPostProcessorConfiguration; enhanced class name is: org.springframework.security.config.annotation.configuration.ObjectPostProcessorConfiguration$$EnhancerBySpringCGLIB$$aa6c7cb0
10:13:59.591 [main] DEBUG o.s.c.a.ConfigurationClassPostProcessor - Replacing bean definition 'org.springframework.security.config.annotation.configuration.ObjectPostProcessorConfiguration' existing class name 'org.springframework.security.config.annotation.configuration.ObjectPostProcessorConfiguration' with enhanced class name 'org.springframework.security.config.annotation.configuration.ObjectPostProcessorConfiguration$$EnhancerBySpringCGLIB$$aa6c7cb0'
10:13:59.591 [main] DEBUG o.s.c.a.ConfigurationClassEnhancer - Successfully enhanced org.springframework.security.config.annotation.web.servlet.configuration.WebMvcSecurityConfiguration; enhanced class name is: org.springframework.security.config.annotation.web.servlet.configuration.WebMvcSecurityConfiguration$$EnhancerBySpringCGLIB$$343e81b6
10:13:59.592 [main] DEBUG o.s.c.a.ConfigurationClassPostProcessor - Replacing bean definition 'org.springframework.security.config.annotation.web.servlet.configuration.WebMvcSecurityConfiguration' existing class name 'org.springframework.security.config.annotation.web.servlet.configuration.WebMvcSecurityConfiguration' with enhanced class name 'org.springframework.security.config.annotation.web.servlet.configuration.WebMvcSecurityConfiguration$$EnhancerBySpringCGLIB$$343e81b6'
10:13:59.592 [main] DEBUG o.s.c.a.ConfigurationClassEnhancer - Successfully enhanced org.springframework.boot.autoconfigure.web.WebMvcAutoConfiguration$WebMvcAutoConfigurationAdapter$FaviconConfiguration; enhanced class name is: org.springframework.boot.autoconfigure.web.WebMvcAutoConfiguration$WebMvcAutoConfigurationAdapter$FaviconConfiguration$$EnhancerBySpringCGLIB$$c841f12a
10:13:59.592 [main] DEBUG o.s.c.a.ConfigurationClassPostProcessor - Replacing bean definition 'org.springframework.boot.autoconfigure.web.WebMvcAutoConfiguration$WebMvcAutoConfigurationAdapter$FaviconConfiguration' existing class name 'org.springframework.boot.autoconfigure.web.WebMvcAutoConfiguration$WebMvcAutoConfigurationAdapter$FaviconConfiguration' with enhanced class name 'org.springframework.boot.autoconfigure.web.WebMvcAutoConfiguration$WebMvcAutoConfigurationAdapter$FaviconConfiguration$$EnhancerBySpringCGLIB$$c841f12a'
10:13:59.592 [main] DEBUG o.s.c.a.ConfigurationClassEnhancer - Successfully enhanced org.springframework.boot.autoconfigure.web.WebMvcAutoConfiguration$EnableWebMvcConfiguration; enhanced class name is: org.springframework.boot.autoconfigure.web.WebMvcAutoConfiguration$EnableWebMvcConfiguration$$EnhancerBySpringCGLIB$$a721489f
10:13:59.592 [main] DEBUG o.s.c.a.ConfigurationClassPostProcessor - Replacing bean definition 'org.springframework.boot.autoconfigure.web.WebMvcAutoConfiguration$EnableWebMvcConfiguration' existing class name 'org.springframework.boot.autoconfigure.web.WebMvcAutoConfiguration$EnableWebMvcConfiguration' with enhanced class name 'org.springframework.boot.autoconfigure.web.WebMvcAutoConfiguration$EnableWebMvcConfiguration$$EnhancerBySpringCGLIB$$a721489f'
10:13:59.592 [main] DEBUG o.s.c.a.ConfigurationClassEnhancer - Successfully enhanced org.springframework.web.socket.config.annotation.DelegatingWebSocketMessageBrokerConfiguration; enhanced class name is: org.springframework.web.socket.config.annotation.DelegatingWebSocketMessageBrokerConfiguration$$EnhancerBySpringCGLIB$$556a5629
10:13:59.592 [main] DEBUG o.s.c.a.ConfigurationClassPostProcessor - Replacing bean definition 'org.springframework.web.socket.config.annotation.DelegatingWebSocketMessageBrokerConfiguration' existing class name 'org.springframework.web.socket.config.annotation.DelegatingWebSocketMessageBrokerConfiguration' with enhanced class name 'org.springframework.web.socket.config.annotation.DelegatingWebSocketMessageBrokerConfiguration$$EnhancerBySpringCGLIB$$556a5629'
10:13:59.592 [main] DEBUG o.s.c.a.ConfigurationClassEnhancer - Successfully enhanced org.springframework.web.socket.config.annotation.DelegatingWebSocketMessageBrokerConfiguration; enhanced class name is: org.springframework.web.socket.config.annotation.DelegatingWebSocketMessageBrokerConfiguration$$EnhancerBySpringCGLIB$$556a5629
10:13:59.592 [main] DEBUG o.s.c.a.ConfigurationClassPostProcessor - Replacing bean definition 'webSocketScopeConfigurer' existing class name 'org.springframework.web.socket.config.annotation.DelegatingWebSocketMessageBrokerConfiguration' with enhanced class name 'org.springframework.web.socket.config.annotation.DelegatingWebSocketMessageBrokerConfiguration$$EnhancerBySpringCGLIB$$556a5629'
10:13:59.592 [main] DEBUG o.s.c.a.ConfigurationClassEnhancer - Successfully enhanced org.springframework.boot.autoconfigure.PropertyPlaceholderAutoConfiguration; enhanced class name is: org.springframework.boot.autoconfigure.PropertyPlaceholderAutoConfiguration$$EnhancerBySpringCGLIB$$d24454f0
10:13:59.592 [main] DEBUG o.s.c.a.ConfigurationClassPostProcessor - Replacing bean definition 'org.springframework.boot.autoconfigure.PropertyPlaceholderAutoConfiguration' existing class name 'org.springframework.boot.autoconfigure.PropertyPlaceholderAutoConfiguration' with enhanced class name 'org.springframework.boot.autoconfigure.PropertyPlaceholderAutoConfiguration$$EnhancerBySpringCGLIB$$d24454f0'
10:13:59.592 [main] DEBUG o.s.c.a.ConfigurationClassEnhancer - Successfully enhanced org.springframework.boot.autoconfigure.PropertyPlaceholderAutoConfiguration; enhanced class name is: org.springframework.boot.autoconfigure.PropertyPlaceholderAutoConfiguration$$EnhancerBySpringCGLIB$$d24454f0
10:13:59.592 [main] DEBUG o.s.c.a.ConfigurationClassPostProcessor - Replacing bean definition 'propertySourcesPlaceholderConfigurer' existing class name 'org.springframework.boot.autoconfigure.PropertyPlaceholderAutoConfiguration' with enhanced class name 'org.springframework.boot.autoconfigure.PropertyPlaceholderAutoConfiguration$$EnhancerBySpringCGLIB$$d24454f0'
10:13:59.592 [main] DEBUG o.s.c.a.ConfigurationClassEnhancer - Successfully enhanced org.springframework.boot.autoconfigure.websocket.WebSocketAutoConfiguration$TomcatWebSocketConfiguration; enhanced class name is: org.springframework.boot.autoconfigure.websocket.WebSocketAutoConfiguration$TomcatWebSocketConfiguration$$EnhancerBySpringCGLIB$$2604e2bf
10:13:59.592 [main] DEBUG o.s.c.a.ConfigurationClassPostProcessor - Replacing bean definition 'org.springframework.boot.autoconfigure.websocket.WebSocketAutoConfiguration$TomcatWebSocketConfiguration' existing class name 'org.springframework.boot.autoconfigure.websocket.WebSocketAutoConfiguration$TomcatWebSocketConfiguration' with enhanced class name 'org.springframework.boot.autoconfigure.websocket.WebSocketAutoConfiguration$TomcatWebSocketConfiguration$$EnhancerBySpringCGLIB$$2604e2bf'
10:13:59.592 [main] DEBUG o.s.c.a.ConfigurationClassEnhancer - Successfully enhanced org.springframework.boot.autoconfigure.websocket.WebSocketAutoConfiguration; enhanced class name is: org.springframework.boot.autoconfigure.websocket.WebSocketAutoConfiguration$$EnhancerBySpringCGLIB$$a8601d0e
10:13:59.592 [main] DEBUG o.s.c.a.ConfigurationClassPostProcessor - Replacing bean definition 'org.springframework.boot.autoconfigure.websocket.WebSocketAutoConfiguration' existing class name 'org.springframework.boot.autoconfigure.websocket.WebSocketAutoConfiguration' with enhanced class name 'org.springframework.boot.autoconfigure.websocket.WebSocketAutoConfiguration$$EnhancerBySpringCGLIB$$a8601d0e'
10:13:59.592 [main] DEBUG o.s.c.a.ConfigurationClassEnhancer - Successfully enhanced org.springframework.boot.autoconfigure.aop.AopAutoConfiguration$JdkDynamicAutoProxyConfiguration; enhanced class name is: org.springframework.boot.autoconfigure.aop.AopAutoConfiguration$JdkDynamicAutoProxyConfiguration$$EnhancerBySpringCGLIB$$43fc6107
10:13:59.592 [main] DEBUG o.s.c.a.ConfigurationClassPostProcessor - Replacing bean definition 'org.springframework.boot.autoconfigure.aop.AopAutoConfiguration$JdkDynamicAutoProxyConfiguration' existing class name 'org.springframework.boot.autoconfigure.aop.AopAutoConfiguration$JdkDynamicAutoProxyConfiguration' with enhanced class name 'org.springframework.boot.autoconfigure.aop.AopAutoConfiguration$JdkDynamicAutoProxyConfiguration$$EnhancerBySpringCGLIB$$43fc6107'
10:13:59.592 [main] DEBUG o.s.c.a.ConfigurationClassEnhancer - Successfully enhanced org.springframework.boot.autoconfigure.aop.AopAutoConfiguration; enhanced class name is: org.springframework.boot.autoconfigure.aop.AopAutoConfiguration$$EnhancerBySpringCGLIB$$10e10238
10:13:59.592 [main] DEBUG o.s.c.a.ConfigurationClassPostProcessor - Replacing bean definition 'org.springframework.boot.autoconfigure.aop.AopAutoConfiguration' existing class name 'org.springframework.boot.autoconfigure.aop.AopAutoConfiguration' with enhanced class name 'org.springframework.boot.autoconfigure.aop.AopAutoConfiguration$$EnhancerBySpringCGLIB$$10e10238'
10:13:59.592 [main] DEBUG o.s.c.a.ConfigurationClassEnhancer - Successfully enhanced org.springframework.boot.autoconfigure.jdbc.DataSourceAutoConfiguration$JdbcTemplateConfiguration; enhanced class name is: org.springframework.boot.autoconfigure.jdbc.DataSourceAutoConfiguration$JdbcTemplateConfiguration$$EnhancerBySpringCGLIB$$9056ccf3
10:13:59.592 [main] DEBUG o.s.c.a.ConfigurationClassPostProcessor - Replacing bean definition 'org.springframework.boot.autoconfigure.jdbc.DataSourceAutoConfiguration$JdbcTemplateConfiguration' existing class name 'org.springframework.boot.autoconfigure.jdbc.DataSourceAutoConfiguration$JdbcTemplateConfiguration' with enhanced class name 'org.springframework.boot.autoconfigure.jdbc.DataSourceAutoConfiguration$JdbcTemplateConfiguration$$EnhancerBySpringCGLIB$$9056ccf3'
10:13:59.592 [main] DEBUG o.s.c.a.ConfigurationClassEnhancer - Successfully enhanced org.springframework.boot.autoconfigure.jdbc.DataSourceAutoConfiguration$DataSourceInitializerConfiguration; enhanced class name is: org.springframework.boot.autoconfigure.jdbc.DataSourceAutoConfiguration$DataSourceInitializerConfiguration$$EnhancerBySpringCGLIB$$dc0f44fd
10:13:59.592 [main] DEBUG o.s.c.a.ConfigurationClassPostProcessor - Replacing bean definition 'org.springframework.boot.autoconfigure.jdbc.DataSourceAutoConfiguration$DataSourceInitializerConfiguration' existing class name 'org.springframework.boot.autoconfigure.jdbc.DataSourceAutoConfiguration$DataSourceInitializerConfiguration' with enhanced class name 'org.springframework.boot.autoconfigure.jdbc.DataSourceAutoConfiguration$DataSourceInitializerConfiguration$$EnhancerBySpringCGLIB$$dc0f44fd'
10:13:59.592 [main] DEBUG o.s.c.a.ConfigurationClassEnhancer - Successfully enhanced org.springframework.boot.autoconfigure.jdbc.metadata.DataSourcePoolMetadataProvidersConfiguration$TomcatDataSourcePoolMetadataProviderConfiguration; enhanced class name is: org.springframework.boot.autoconfigure.jdbc.metadata.DataSourcePoolMetadataProvidersConfiguration$TomcatDataSourcePoolMetadataProviderConfiguration$$EnhancerBySpringCGLIB$$5026f424
10:13:59.592 [main] DEBUG o.s.c.a.ConfigurationClassPostProcessor - Replacing bean definition 'org.springframework.boot.autoconfigure.jdbc.metadata.DataSourcePoolMetadataProvidersConfiguration$TomcatDataSourcePoolMetadataProviderConfiguration' existing class name 'org.springframework.boot.autoconfigure.jdbc.metadata.DataSourcePoolMetadataProvidersConfiguration$TomcatDataSourcePoolMetadataProviderConfiguration' with enhanced class name 'org.springframework.boot.autoconfigure.jdbc.metadata.DataSourcePoolMetadataProvidersConfiguration$TomcatDataSourcePoolMetadataProviderConfiguration$$EnhancerBySpringCGLIB$$5026f424'
10:13:59.592 [main] DEBUG o.s.c.a.ConfigurationClassEnhancer - Successfully enhanced org.springframework.boot.autoconfigure.jdbc.metadata.DataSourcePoolMetadataProvidersConfiguration; enhanced class name is: org.springframework.boot.autoconfigure.jdbc.metadata.DataSourcePoolMetadataProvidersConfiguration$$EnhancerBySpringCGLIB$$da5827d7
10:13:59.592 [main] DEBUG o.s.c.a.ConfigurationClassPostProcessor - Replacing bean definition 'org.springframework.boot.autoconfigure.jdbc.metadata.DataSourcePoolMetadataProvidersConfiguration' existing class name 'org.springframework.boot.autoconfigure.jdbc.metadata.DataSourcePoolMetadataProvidersConfiguration' with enhanced class name 'org.springframework.boot.autoconfigure.jdbc.metadata.DataSourcePoolMetadataProvidersConfiguration$$EnhancerBySpringCGLIB$$da5827d7'
10:13:59.592 [main] DEBUG o.s.c.a.ConfigurationClassEnhancer - Successfully enhanced org.springframework.boot.autoconfigure.jdbc.DataSourceAutoConfiguration; enhanced class name is: org.springframework.boot.autoconfigure.jdbc.DataSourceAutoConfiguration$$EnhancerBySpringCGLIB$$110deb16
10:13:59.592 [main] DEBUG o.s.c.a.ConfigurationClassPostProcessor - Replacing bean definition 'org.springframework.boot.autoconfigure.jdbc.DataSourceAutoConfiguration' existing class name 'org.springframework.boot.autoconfigure.jdbc.DataSourceAutoConfiguration' with enhanced class name 'org.springframework.boot.autoconfigure.jdbc.DataSourceAutoConfiguration$$EnhancerBySpringCGLIB$$110deb16'
10:13:59.592 [main] DEBUG o.s.c.a.ConfigurationClassEnhancer - Successfully enhanced org.springframework.boot.autoconfigure.orm.jpa.HibernateJpaAutoConfiguration; enhanced class name is: org.springframework.boot.autoconfigure.orm.jpa.HibernateJpaAutoConfiguration$$EnhancerBySpringCGLIB$$6c5793d6
10:13:59.592 [main] DEBUG o.s.c.a.ConfigurationClassPostProcessor - Replacing bean definition 'org.springframework.boot.autoconfigure.orm.jpa.HibernateJpaAutoConfiguration' existing class name 'org.springframework.boot.autoconfigure.orm.jpa.HibernateJpaAutoConfiguration' with enhanced class name 'org.springframework.boot.autoconfigure.orm.jpa.HibernateJpaAutoConfiguration$$EnhancerBySpringCGLIB$$6c5793d6'
10:13:59.592 [main] DEBUG o.s.c.a.ConfigurationClassEnhancer - Successfully enhanced org.springframework.boot.autoconfigure.data.jpa.JpaRepositoriesAutoConfiguration; enhanced class name is: org.springframework.boot.autoconfigure.data.jpa.JpaRepositoriesAutoConfiguration$$EnhancerBySpringCGLIB$$7e6a7aea
10:13:59.592 [main] DEBUG o.s.c.a.ConfigurationClassPostProcessor - Replacing bean definition 'org.springframework.boot.autoconfigure.data.jpa.JpaRepositoriesAutoConfiguration' existing class name 'org.springframework.boot.autoconfigure.data.jpa.JpaRepositoriesAutoConfiguration' with enhanced class name 'org.springframework.boot.autoconfigure.data.jpa.JpaRepositoriesAutoConfiguration$$EnhancerBySpringCGLIB$$7e6a7aea'
10:13:59.592 [main] DEBUG o.s.c.a.ConfigurationClassEnhancer - Successfully enhanced org.springframework.boot.autoconfigure.jackson.JacksonAutoConfiguration$JacksonObjectMapperBuilderConfiguration; enhanced class name is: org.springframework.boot.autoconfigure.jackson.JacksonAutoConfiguration$JacksonObjectMapperBuilderConfiguration$$EnhancerBySpringCGLIB$$378c8820
10:13:59.592 [main] DEBUG o.s.c.a.ConfigurationClassPostProcessor - Replacing bean definition 'org.springframework.boot.autoconfigure.jackson.JacksonAutoConfiguration$JacksonObjectMapperBuilderConfiguration' existing class name 'org.springframework.boot.autoconfigure.jackson.JacksonAutoConfiguration$JacksonObjectMapperBuilderConfiguration' with enhanced class name 'org.springframework.boot.autoconfigure.jackson.JacksonAutoConfiguration$JacksonObjectMapperBuilderConfiguration$$EnhancerBySpringCGLIB$$378c8820'
10:13:59.592 [main] DEBUG o.s.c.a.ConfigurationClassEnhancer - Successfully enhanced org.springframework.boot.autoconfigure.jackson.JacksonAutoConfiguration$JacksonObjectMapperConfiguration; enhanced class name is: org.springframework.boot.autoconfigure.jackson.JacksonAutoConfiguration$JacksonObjectMapperConfiguration$$EnhancerBySpringCGLIB$$faba1527
10:13:59.592 [main] DEBUG o.s.c.a.ConfigurationClassPostProcessor - Replacing bean definition 'org.springframework.boot.autoconfigure.jackson.JacksonAutoConfiguration$JacksonObjectMapperConfiguration' existing class name 'org.springframework.boot.autoconfigure.jackson.JacksonAutoConfiguration$JacksonObjectMapperConfiguration' with enhanced class name 'org.springframework.boot.autoconfigure.jackson.JacksonAutoConfiguration$JacksonObjectMapperConfiguration$$EnhancerBySpringCGLIB$$faba1527'
10:13:59.592 [main] DEBUG o.s.c.a.ConfigurationClassEnhancer - Successfully enhanced org.springframework.boot.autoconfigure.jackson.JacksonAutoConfiguration; enhanced class name is: org.springframework.boot.autoconfigure.jackson.JacksonAutoConfiguration$$EnhancerBySpringCGLIB$$1fcd2cd6
10:13:59.592 [main] DEBUG o.s.c.a.ConfigurationClassPostProcessor - Replacing bean definition 'org.springframework.boot.autoconfigure.jackson.JacksonAutoConfiguration' existing class name 'org.springframework.boot.autoconfigure.jackson.JacksonAutoConfiguration' with enhanced class name 'org.springframework.boot.autoconfigure.jackson.JacksonAutoConfiguration$$EnhancerBySpringCGLIB$$1fcd2cd6'
10:13:59.592 [main] DEBUG o.s.c.a.ConfigurationClassEnhancer - Successfully enhanced org.springframework.boot.autoconfigure.web.HttpMessageConvertersAutoConfiguration$StringHttpMessageConverterConfiguration; enhanced class name is: org.springframework.boot.autoconfigure.web.HttpMessageConvertersAutoConfiguration$StringHttpMessageConverterConfiguration$$EnhancerBySpringCGLIB$$f7e83cb6
10:13:59.592 [main] DEBUG o.s.c.a.ConfigurationClassPostProcessor - Replacing bean definition 'org.springframework.boot.autoconfigure.web.HttpMessageConvertersAutoConfiguration$StringHttpMessageConverterConfiguration' existing class name 'org.springframework.boot.autoconfigure.web.HttpMessageConvertersAutoConfiguration$StringHttpMessageConverterConfiguration' with enhanced class name 'org.springframework.boot.autoconfigure.web.HttpMessageConvertersAutoConfiguration$StringHttpMessageConverterConfiguration$$EnhancerBySpringCGLIB$$f7e83cb6'
10:13:59.592 [main] DEBUG o.s.c.a.ConfigurationClassEnhancer - Successfully enhanced org.springframework.boot.autoconfigure.web.JacksonHttpMessageConvertersConfiguration$MappingJackson2HttpMessageConverterConfiguration; enhanced class name is: org.springframework.boot.autoconfigure.web.JacksonHttpMessageConvertersConfiguration$MappingJackson2HttpMessageConverterConfiguration$$EnhancerBySpringCGLIB$$277926b6
10:13:59.592 [main] DEBUG o.s.c.a.ConfigurationClassPostProcessor - Replacing bean definition 'org.springframework.boot.autoconfigure.web.JacksonHttpMessageConvertersConfiguration$MappingJackson2HttpMessageConverterConfiguration' existing class name 'org.springframework.boot.autoconfigure.web.JacksonHttpMessageConvertersConfiguration$MappingJackson2HttpMessageConverterConfiguration' with enhanced class name 'org.springframework.boot.autoconfigure.web.JacksonHttpMessageConvertersConfiguration$MappingJackson2HttpMessageConverterConfiguration$$EnhancerBySpringCGLIB$$277926b6'
10:13:59.593 [main] DEBUG o.s.c.a.ConfigurationClassEnhancer - Successfully enhanced org.springframework.boot.autoconfigure.web.JacksonHttpMessageConvertersConfiguration; enhanced class name is: org.springframework.boot.autoconfigure.web.JacksonHttpMessageConvertersConfiguration$$EnhancerBySpringCGLIB$$77d4e86c
10:13:59.593 [main] DEBUG o.s.c.a.ConfigurationClassPostProcessor - Replacing bean definition 'org.springframework.boot.autoconfigure.web.JacksonHttpMessageConvertersConfiguration' existing class name 'org.springframework.boot.autoconfigure.web.JacksonHttpMessageConvertersConfiguration' with enhanced class name 'org.springframework.boot.autoconfigure.web.JacksonHttpMessageConvertersConfiguration$$EnhancerBySpringCGLIB$$77d4e86c'
10:13:59.593 [main] DEBUG o.s.c.a.ConfigurationClassEnhancer - Successfully enhanced org.springframework.boot.autoconfigure.web.HttpMessageConvertersAutoConfiguration; enhanced class name is: org.springframework.boot.autoconfigure.web.HttpMessageConvertersAutoConfiguration$$EnhancerBySpringCGLIB$$dcdf0616
10:13:59.593 [main] DEBUG o.s.c.a.ConfigurationClassPostProcessor - Replacing bean definition 'org.springframework.boot.autoconfigure.web.HttpMessageConvertersAutoConfiguration' existing class name 'org.springframework.boot.autoconfigure.web.HttpMessageConvertersAutoConfiguration' with enhanced class name 'org.springframework.boot.autoconfigure.web.HttpMessageConvertersAutoConfiguration$$EnhancerBySpringCGLIB$$dcdf0616'
10:13:59.593 [main] DEBUG o.s.c.a.ConfigurationClassEnhancer - Successfully enhanced org.springframework.boot.autoconfigure.jmx.JmxAutoConfiguration; enhanced class name is: org.springframework.boot.autoconfigure.jmx.JmxAutoConfiguration$$EnhancerBySpringCGLIB$$fa26ef52
10:13:59.593 [main] DEBUG o.s.c.a.ConfigurationClassPostProcessor - Replacing bean definition 'org.springframework.boot.autoconfigure.jmx.JmxAutoConfiguration' existing class name 'org.springframework.boot.autoconfigure.jmx.JmxAutoConfiguration' with enhanced class name 'org.springframework.boot.autoconfigure.jmx.JmxAutoConfiguration$$EnhancerBySpringCGLIB$$fa26ef52'
10:13:59.593 [main] DEBUG o.s.c.a.ConfigurationClassEnhancer - Successfully enhanced org.springframework.transaction.annotation.ProxyTransactionManagementConfiguration; enhanced class name is: org.springframework.transaction.annotation.ProxyTransactionManagementConfiguration$$EnhancerBySpringCGLIB$$814b33b6
10:13:59.593 [main] DEBUG o.s.c.a.ConfigurationClassPostProcessor - Replacing bean definition 'org.springframework.transaction.annotation.ProxyTransactionManagementConfiguration' existing class name 'org.springframework.transaction.annotation.ProxyTransactionManagementConfiguration' with enhanced class name 'org.springframework.transaction.annotation.ProxyTransactionManagementConfiguration$$EnhancerBySpringCGLIB$$814b33b6'
10:13:59.593 [main] DEBUG o.s.c.a.ConfigurationClassEnhancer - Successfully enhanced org.springframework.boot.autoconfigure.jdbc.DataSourceTransactionManagerAutoConfiguration$TransactionManagementConfiguration; enhanced class name is: org.springframework.boot.autoconfigure.jdbc.DataSourceTransactionManagerAutoConfiguration$TransactionManagementConfiguration$$EnhancerBySpringCGLIB$$22a83a88
10:13:59.593 [main] DEBUG o.s.c.a.ConfigurationClassPostProcessor - Replacing bean definition 'org.springframework.boot.autoconfigure.jdbc.DataSourceTransactionManagerAutoConfiguration$TransactionManagementConfiguration' existing class name 'org.springframework.boot.autoconfigure.jdbc.DataSourceTransactionManagerAutoConfiguration$TransactionManagementConfiguration' with enhanced class name 'org.springframework.boot.autoconfigure.jdbc.DataSourceTransactionManagerAutoConfiguration$TransactionManagementConfiguration$$EnhancerBySpringCGLIB$$22a83a88'
10:13:59.593 [main] DEBUG o.s.c.a.ConfigurationClassEnhancer - Successfully enhanced org.springframework.boot.autoconfigure.jdbc.DataSourceTransactionManagerAutoConfiguration; enhanced class name is: org.springframework.boot.autoconfigure.jdbc.DataSourceTransactionManagerAutoConfiguration$$EnhancerBySpringCGLIB$$5b5e6de7
10:13:59.593 [main] DEBUG o.s.c.a.ConfigurationClassPostProcessor - Replacing bean definition 'org.springframework.boot.autoconfigure.jdbc.DataSourceTransactionManagerAutoConfiguration' existing class name 'org.springframework.boot.autoconfigure.jdbc.DataSourceTransactionManagerAutoConfiguration' with enhanced class name 'org.springframework.boot.autoconfigure.jdbc.DataSourceTransactionManagerAutoConfiguration$$EnhancerBySpringCGLIB$$5b5e6de7'
10:13:59.593 [main] DEBUG o.s.c.a.ConfigurationClassEnhancer - Successfully enhanced org.springframework.boot.autoconfigure.security.AuthenticationManagerConfiguration; enhanced class name is: org.springframework.boot.autoconfigure.security.AuthenticationManagerConfiguration$$EnhancerBySpringCGLIB$$ef1ff3de
10:13:59.593 [main] DEBUG o.s.c.a.ConfigurationClassPostProcessor - Replacing bean definition 'org.springframework.boot.autoconfigure.security.AuthenticationManagerConfiguration' existing class name 'org.springframework.boot.autoconfigure.security.AuthenticationManagerConfiguration' with enhanced class name 'org.springframework.boot.autoconfigure.security.AuthenticationManagerConfiguration$$EnhancerBySpringCGLIB$$ef1ff3de'
10:13:59.593 [main] DEBUG o.s.c.a.ConfigurationClassEnhancer - Successfully enhanced org.springframework.boot.autoconfigure.security.AuthenticationManagerConfiguration; enhanced class name is: org.springframework.boot.autoconfigure.security.AuthenticationManagerConfiguration$$EnhancerBySpringCGLIB$$ef1ff3de
10:13:59.593 [main] DEBUG o.s.c.a.ConfigurationClassPostProcessor - Replacing bean definition 'springBootAuthenticationConfigurerAdapter' existing class name 'org.springframework.boot.autoconfigure.security.AuthenticationManagerConfiguration' with enhanced class name 'org.springframework.boot.autoconfigure.security.AuthenticationManagerConfiguration$$EnhancerBySpringCGLIB$$ef1ff3de'
10:13:59.593 [main] DEBUG o.s.c.a.ConfigurationClassEnhancer - Successfully enhanced org.springframework.boot.autoconfigure.security.BootGlobalAuthenticationConfiguration; enhanced class name is: org.springframework.boot.autoconfigure.security.BootGlobalAuthenticationConfiguration$$EnhancerBySpringCGLIB$$19f97fa2
10:13:59.593 [main] DEBUG o.s.c.a.ConfigurationClassPostProcessor - Replacing bean definition 'org.springframework.boot.autoconfigure.security.BootGlobalAuthenticationConfiguration' existing class name 'org.springframework.boot.autoconfigure.security.BootGlobalAuthenticationConfiguration' with enhanced class name 'org.springframework.boot.autoconfigure.security.BootGlobalAuthenticationConfiguration$$EnhancerBySpringCGLIB$$19f97fa2'
10:13:59.593 [main] DEBUG o.s.c.a.ConfigurationClassEnhancer - Successfully enhanced org.springframework.boot.autoconfigure.security.BootGlobalAuthenticationConfiguration; enhanced class name is: org.springframework.boot.autoconfigure.security.BootGlobalAuthenticationConfiguration$$EnhancerBySpringCGLIB$$19f97fa2
10:13:59.593 [main] DEBUG o.s.c.a.ConfigurationClassPostProcessor - Replacing bean definition 'bootGlobalAuthenticationConfigurationAdapter' existing class name 'org.springframework.boot.autoconfigure.security.BootGlobalAuthenticationConfiguration' with enhanced class name 'org.springframework.boot.autoconfigure.security.BootGlobalAuthenticationConfiguration$$EnhancerBySpringCGLIB$$19f97fa2'
10:13:59.593 [main] DEBUG o.s.c.a.ConfigurationClassEnhancer - Successfully enhanced org.springframework.boot.autoconfigure.security.SecurityAutoConfiguration; enhanced class name is: org.springframework.boot.autoconfigure.security.SecurityAutoConfiguration$$EnhancerBySpringCGLIB$$f033cbe0
10:13:59.593 [main] DEBUG o.s.c.a.ConfigurationClassPostProcessor - Replacing bean definition 'org.springframework.boot.autoconfigure.security.SecurityAutoConfiguration' existing class name 'org.springframework.boot.autoconfigure.security.SecurityAutoConfiguration' with enhanced class name 'org.springframework.boot.autoconfigure.security.SecurityAutoConfiguration$$EnhancerBySpringCGLIB$$f033cbe0'
10:13:59.593 [main] DEBUG o.s.c.a.ConfigurationClassEnhancer - Successfully enhanced org.springframework.boot.autoconfigure.web.HttpEncodingAutoConfiguration; enhanced class name is: org.springframework.boot.autoconfigure.web.HttpEncodingAutoConfiguration$$EnhancerBySpringCGLIB$$190c2101
10:13:59.593 [main] DEBUG o.s.c.a.ConfigurationClassPostProcessor - Replacing bean definition 'org.springframework.boot.autoconfigure.web.HttpEncodingAutoConfiguration' existing class name 'org.springframework.boot.autoconfigure.web.HttpEncodingAutoConfiguration' with enhanced class name 'org.springframework.boot.autoconfigure.web.HttpEncodingAutoConfiguration$$EnhancerBySpringCGLIB$$190c2101'
10:13:59.593 [main] DEBUG o.s.c.a.ConfigurationClassEnhancer - Successfully enhanced org.springframework.boot.autoconfigure.web.MultipartAutoConfiguration; enhanced class name is: org.springframework.boot.autoconfigure.web.MultipartAutoConfiguration$$EnhancerBySpringCGLIB$$8bbbf63c
10:13:59.593 [main] DEBUG o.s.c.a.ConfigurationClassPostProcessor - Replacing bean definition 'org.springframework.boot.autoconfigure.web.MultipartAutoConfiguration' existing class name 'org.springframework.boot.autoconfigure.web.MultipartAutoConfiguration' with enhanced class name 'org.springframework.boot.autoconfigure.web.MultipartAutoConfiguration$$EnhancerBySpringCGLIB$$8bbbf63c'
10:13:59.595 [main] DEBUG o.s.b.f.s.DefaultListableBeanFactory - Creating shared instance of singleton bean 'propertySourcesPlaceholderConfigurer'
10:13:59.595 [main] DEBUG o.s.b.f.s.DefaultListableBeanFactory - Creating instance of bean 'propertySourcesPlaceholderConfigurer'
10:13:59.595 [main] DEBUG o.s.b.f.s.DefaultListableBeanFactory - Eagerly caching bean 'propertySourcesPlaceholderConfigurer' to allow for resolving potential circular references
10:13:59.595 [main] DEBUG o.s.b.f.s.DefaultListableBeanFactory - Finished creating instance of bean 'propertySourcesPlaceholderConfigurer'
10:13:59.595 [main] DEBUG o.s.core.env.MutablePropertySources - Adding [environmentProperties] PropertySource with lowest search precedence
10:13:59.595 [main] DEBUG o.s.core.env.MutablePropertySources - Adding [localProperties] PropertySource with lowest search precedence
10:13:59.597 [main] DEBUG o.s.b.f.s.DefaultListableBeanFactory - Creating shared instance of singleton bean 'webSocketScopeConfigurer'
10:13:59.597 [main] DEBUG o.s.b.f.s.DefaultListableBeanFactory - Creating instance of bean 'webSocketScopeConfigurer'
10:13:59.597 [main] DEBUG o.s.b.f.s.DefaultListableBeanFactory - Eagerly caching bean 'webSocketScopeConfigurer' to allow for resolving potential circular references
10:13:59.598 [main] DEBUG o.s.b.f.s.DefaultListableBeanFactory - Finished creating instance of bean 'webSocketScopeConfigurer'
10:13:59.598 [main] DEBUG o.s.b.f.s.DefaultListableBeanFactory - Registering scope 'websocket' with implementation [org.springframework.messaging.simp.SimpSessionScope@2b395581]
10:13:59.598 [main] DEBUG o.s.b.f.s.DefaultListableBeanFactory - Creating shared instance of singleton bean 'org.springframework.boot.context.properties.ConfigurationPropertiesBindingPostProcessor.store'
10:13:59.598 [main] DEBUG o.s.b.f.s.DefaultListableBeanFactory - Creating instance of bean 'org.springframework.boot.context.properties.ConfigurationPropertiesBindingPostProcessor.store'
10:13:59.598 [main] DEBUG o.s.b.f.s.DefaultListableBeanFactory - Eagerly caching bean 'org.springframework.boot.context.properties.ConfigurationPropertiesBindingPostProcessor.store' to allow for resolving potential circular references
10:13:59.598 [main] DEBUG o.s.b.f.s.DefaultListableBeanFactory - Finished creating instance of bean 'org.springframework.boot.context.properties.ConfigurationPropertiesBindingPostProcessor.store'
10:13:59.598 [main] DEBUG o.s.b.f.s.DefaultListableBeanFactory - Creating shared instance of singleton bean 'foo'
10:13:59.598 [main] DEBUG o.s.b.f.s.DefaultListableBeanFactory - Creating instance of bean 'foo'
10:13:59.598 [main] DEBUG o.s.b.f.s.DefaultListableBeanFactory - Eagerly caching bean 'foo' to allow for resolving potential circular references
10:13:59.598 [main] DEBUG o.s.b.f.s.DefaultListableBeanFactory - Finished creating instance of bean 'foo'
10:13:59.604 [main] DEBUG o.s.b.f.s.DefaultListableBeanFactory - Creating shared instance of singleton bean 'org.springframework.context.annotation.internalAutowiredAnnotationProcessor'
10:13:59.604 [main] DEBUG o.s.b.f.s.DefaultListableBeanFactory - Creating instance of bean 'org.springframework.context.annotation.internalAutowiredAnnotationProcessor'
10:13:59.605 [main] DEBUG o.s.b.f.s.DefaultListableBeanFactory - Eagerly caching bean 'org.springframework.context.annotation.internalAutowiredAnnotationProcessor' to allow for resolving potential circular references
10:13:59.605 [main] DEBUG o.s.b.f.s.DefaultListableBeanFactory - Finished creating instance of bean 'org.springframework.context.annotation.internalAutowiredAnnotationProcessor'
10:13:59.605 [main] DEBUG o.s.b.f.s.DefaultListableBeanFactory - Creating shared instance of singleton bean 'org.springframework.context.annotation.internalRequiredAnnotationProcessor'
10:13:59.605 [main] DEBUG o.s.b.f.s.DefaultListableBeanFactory - Creating instance of bean 'org.springframework.context.annotation.internalRequiredAnnotationProcessor'
10:13:59.605 [main] DEBUG o.s.b.f.s.DefaultListableBeanFactory - Eagerly caching bean 'org.springframework.context.annotation.internalRequiredAnnotationProcessor' to allow for resolving potential circular references
10:13:59.605 [main] DEBUG o.s.b.f.s.DefaultListableBeanFactory - Finished creating instance of bean 'org.springframework.context.annotation.internalRequiredAnnotationProcessor'
10:13:59.605 [main] DEBUG o.s.b.f.s.DefaultListableBeanFactory - Creating shared instance of singleton bean 'org.springframework.context.annotation.internalCommonAnnotationProcessor'
10:13:59.605 [main] DEBUG o.s.b.f.s.DefaultListableBeanFactory - Creating instance of bean 'org.springframework.context.annotation.internalCommonAnnotationProcessor'
10:13:59.605 [main] DEBUG o.s.b.f.s.DefaultListableBeanFactory - Eagerly caching bean 'org.springframework.context.annotation.internalCommonAnnotationProcessor' to allow for resolving potential circular references
10:13:59.605 [main] DEBUG o.s.b.f.s.DefaultListableBeanFactory - Finished creating instance of bean 'org.springframework.context.annotation.internalCommonAnnotationProcessor'
10:13:59.605 [main] DEBUG o.s.b.f.s.DefaultListableBeanFactory - Creating shared instance of singleton bean 'org.springframework.context.annotation.internalPersistenceAnnotationProcessor'
10:13:59.605 [main] DEBUG o.s.b.f.s.DefaultListableBeanFactory - Creating instance of bean 'org.springframework.context.annotation.internalPersistenceAnnotationProcessor'
10:13:59.605 [main] DEBUG o.s.b.f.s.DefaultListableBeanFactory - Eagerly caching bean 'org.springframework.context.annotation.internalPersistenceAnnotationProcessor' to allow for resolving potential circular references
10:13:59.605 [main] DEBUG o.s.b.f.s.DefaultListableBeanFactory - Finished creating instance of bean 'org.springframework.context.annotation.internalPersistenceAnnotationProcessor'
10:13:59.605 [main] DEBUG o.s.b.f.s.DefaultListableBeanFactory - Creating shared instance of singleton bean 'org.springframework.context.annotation.ConfigurationClassPostProcessor.importAwareProcessor'
10:13:59.605 [main] DEBUG o.s.b.f.s.DefaultListableBeanFactory - Creating instance of bean 'org.springframework.context.annotation.ConfigurationClassPostProcessor.importAwareProcessor'
10:13:59.605 [main] DEBUG o.s.b.f.s.DefaultListableBeanFactory - Eagerly caching bean 'org.springframework.context.annotation.ConfigurationClassPostProcessor.importAwareProcessor' to allow for resolving potential circular references
10:13:59.605 [main] DEBUG o.s.b.f.s.DefaultListableBeanFactory - Finished creating instance of bean 'org.springframework.context.annotation.ConfigurationClassPostProcessor.importAwareProcessor'
10:13:59.605 [main] DEBUG o.s.b.f.s.DefaultListableBeanFactory - Creating shared instance of singleton bean 'org.springframework.context.annotation.ConfigurationClassPostProcessor.enhancedConfigurationProcessor'
10:13:59.605 [main] DEBUG o.s.b.f.s.DefaultListableBeanFactory - Creating instance of bean 'org.springframework.context.annotation.ConfigurationClassPostProcessor.enhancedConfigurationProcessor'
10:13:59.605 [main] DEBUG o.s.b.f.s.DefaultListableBeanFactory - Eagerly caching bean 'org.springframework.context.annotation.ConfigurationClassPostProcessor.enhancedConfigurationProcessor' to allow for resolving potential circular references
10:13:59.605 [main] DEBUG o.s.b.f.s.DefaultListableBeanFactory - Finished creating instance of bean 'org.springframework.context.annotation.ConfigurationClassPostProcessor.enhancedConfigurationProcessor'
10:13:59.605 [main] DEBUG o.s.b.f.s.DefaultListableBeanFactory - Creating shared instance of singleton bean 'org.springframework.boot.context.properties.ConfigurationPropertiesBindingPostProcessor'
10:13:59.605 [main] DEBUG o.s.b.f.s.DefaultListableBeanFactory - Creating instance of bean 'org.springframework.boot.context.properties.ConfigurationPropertiesBindingPostProcessor'
10:13:59.606 [main] DEBUG o.s.core.env.StandardEnvironment - Adding [systemProperties] PropertySource with lowest search precedence
10:13:59.606 [main] DEBUG o.s.core.env.StandardEnvironment - Adding [systemEnvironment] PropertySource with lowest search precedence
10:13:59.606 [main] DEBUG o.s.core.env.StandardEnvironment - Initialized StandardEnvironment with PropertySources [systemProperties,systemEnvironment]
10:13:59.606 [main] DEBUG o.s.b.f.s.DefaultListableBeanFactory - Eagerly caching bean 'org.springframework.boot.context.properties.ConfigurationPropertiesBindingPostProcessor' to allow for resolving potential circular references
10:13:59.606 [main] DEBUG o.s.b.f.s.DefaultListableBeanFactory - Returning cached instance of singleton bean 'org.springframework.boot.context.properties.ConfigurationPropertiesBindingPostProcessor.store'
10:13:59.606 [main] DEBUG o.s.b.f.s.DefaultListableBeanFactory - Invoking afterPropertiesSet() on bean with name 'org.springframework.boot.context.properties.ConfigurationPropertiesBindingPostProcessor'
10:13:59.609 [main] DEBUG o.s.b.f.s.DefaultListableBeanFactory - Returning cached instance of singleton bean 'propertySourcesPlaceholderConfigurer'
10:13:59.609 [main] DEBUG o.h.v.i.e.r.DefaultTraversableResolver - Found javax.persistence.Persistence on classpath containing 'getPersistenceUtil'. Assuming JPA 2 environment. Trying to instantiate JPA aware TraversableResolver
10:13:59.609 [main] DEBUG o.h.v.i.e.r.DefaultTraversableResolver - Instantiated JPA aware TraversableResolver of type org.hibernate.validator.internal.engine.resolver.JPATraversableResolver.
10:13:59.609 [main] DEBUG o.h.v.i.engine.ConfigurationImpl - Setting custom MessageInterpolator of type org.springframework.validation.beanvalidation.LocaleContextMessageInterpolator
10:13:59.609 [main] DEBUG o.h.v.i.engine.ConfigurationImpl - Setting custom ConstraintValidatorFactory of type org.springframework.validation.beanvalidation.SpringConstraintValidatorFactory
10:13:59.609 [main] DEBUG o.h.v.i.engine.ConfigurationImpl - Setting custom ParameterNameProvider of type com.sun.proxy.$Proxy37
10:13:59.609 [main] DEBUG o.h.v.i.xml.ValidationXmlParser - Trying to load META-INF/validation.xml for XML based Validator configuration.
10:13:59.610 [main] DEBUG o.h.v.i.xml.ValidationXmlParser - No META-INF/validation.xml found. Using annotation based configuration only.
10:13:59.610 [main] DEBUG o.s.b.f.s.DefaultListableBeanFactory - Finished creating instance of bean 'org.springframework.boot.context.properties.ConfigurationPropertiesBindingPostProcessor'
10:13:59.611 [main] DEBUG o.s.b.f.s.DefaultListableBeanFactory - Creating shared instance of singleton bean 'org.springframework.data.repository.core.support.RepositoryInterfaceAwareBeanPostProcessor'
10:13:59.611 [main] DEBUG o.s.b.f.s.DefaultListableBeanFactory - Creating instance of bean 'org.springframework.data.repository.core.support.RepositoryInterfaceAwareBeanPostProcessor'
10:13:59.611 [main] DEBUG o.s.b.f.s.DefaultListableBeanFactory - Eagerly caching bean 'org.springframework.data.repository.core.support.RepositoryInterfaceAwareBeanPostProcessor' to allow for resolving potential circular references
10:13:59.611 [main] DEBUG o.s.b.f.s.DefaultListableBeanFactory - Finished creating instance of bean 'org.springframework.data.repository.core.support.RepositoryInterfaceAwareBeanPostProcessor'
10:13:59.611 [main] DEBUG o.s.b.f.s.DefaultListableBeanFactory - Creating shared instance of singleton bean 'org.springframework.context.annotation.internalScheduledAnnotationProcessor'
10:13:59.611 [main] DEBUG o.s.b.f.s.DefaultListableBeanFactory - Creating instance of bean 'org.springframework.context.annotation.internalScheduledAnnotationProcessor'
10:13:59.611 [main] DEBUG o.s.b.f.s.DefaultListableBeanFactory - Creating shared instance of singleton bean 'org.springframework.scheduling.annotation.SchedulingConfiguration'
10:13:59.611 [main] DEBUG o.s.b.f.s.DefaultListableBeanFactory - Creating instance of bean 'org.springframework.scheduling.annotation.SchedulingConfiguration'
10:13:59.611 [main] DEBUG o.s.b.f.s.DefaultListableBeanFactory - Eagerly caching bean 'org.springframework.scheduling.annotation.SchedulingConfiguration' to allow for resolving potential circular references
10:13:59.611 [main] INFO  o.s.c.s.PostProcessorRegistrationDelegate$BeanPostProcessorChecker - Bean 'org.springframework.scheduling.annotation.SchedulingConfiguration' of type [class org.springframework.scheduling.annotation.SchedulingConfiguration$$EnhancerBySpringCGLIB$$f1a0b6d1] is not eligible for getting processed by all BeanPostProcessors (for example: not eligible for auto-proxying)
10:13:59.611 [main] DEBUG o.s.b.f.s.DefaultListableBeanFactory - Finished creating instance of bean 'org.springframework.scheduling.annotation.SchedulingConfiguration'
10:13:59.611 [main] DEBUG o.s.b.f.s.DefaultListableBeanFactory - Eagerly caching bean 'org.springframework.context.annotation.internalScheduledAnnotationProcessor' to allow for resolving potential circular references
10:13:59.611 [main] DEBUG o.s.b.f.s.DefaultListableBeanFactory - Finished creating instance of bean 'org.springframework.context.annotation.internalScheduledAnnotationProcessor'
10:13:59.611 [main] DEBUG o.s.b.f.s.DefaultListableBeanFactory - Creating shared instance of singleton bean 'org.springframework.aop.config.internalAutoProxyCreator'
10:13:59.611 [main] DEBUG o.s.b.f.s.DefaultListableBeanFactory - Creating instance of bean 'org.springframework.aop.config.internalAutoProxyCreator'
10:13:59.612 [main] DEBUG o.s.b.f.s.DefaultListableBeanFactory - Eagerly caching bean 'org.springframework.aop.config.internalAutoProxyCreator' to allow for resolving potential circular references
10:13:59.612 [main] DEBUG o.s.b.f.s.DefaultListableBeanFactory - Finished creating instance of bean 'org.springframework.aop.config.internalAutoProxyCreator'
10:13:59.612 [main] DEBUG o.s.b.f.s.DefaultListableBeanFactory - Creating shared instance of singleton bean 'dataSourceInitializerPostProcessor'
10:13:59.612 [main] DEBUG o.s.b.f.s.DefaultListableBeanFactory - Creating instance of bean 'dataSourceInitializerPostProcessor'
10:13:59.612 [main] DEBUG o.s.b.f.annotation.InjectionMetadata - Registered injected element on class [org.springframework.boot.autoconfigure.jdbc.DataSourceInitializerPostProcessor]: AutowiredFieldElement for private org.springframework.beans.factory.BeanFactory org.springframework.boot.autoconfigure.jdbc.DataSourceInitializerPostProcessor.beanFactory
10:13:59.612 [main] DEBUG o.s.b.f.s.DefaultListableBeanFactory - Eagerly caching bean 'dataSourceInitializerPostProcessor' to allow for resolving potential circular references
10:13:59.612 [main] DEBUG o.s.b.f.annotation.InjectionMetadata - Processing injected element of bean 'dataSourceInitializerPostProcessor': AutowiredFieldElement for private org.springframework.beans.factory.BeanFactory org.springframework.boot.autoconfigure.jdbc.DataSourceInitializerPostProcessor.beanFactory
10:13:59.614 [main] DEBUG o.s.b.f.a.AutowiredAnnotationBeanPostProcessor - Autowiring by type from bean name 'dataSourceInitializerPostProcessor' to bean named 'org.springframework.beans.factory.support.DefaultListableBeanFactory@9b3be1c'
10:13:59.614 [main] DEBUG o.s.b.f.s.DefaultListableBeanFactory - Finished creating instance of bean 'dataSourceInitializerPostProcessor'
10:13:59.615 [main] DEBUG o.s.b.f.s.DefaultListableBeanFactory - Creating shared instance of singleton bean 'persistenceExceptionTranslationPostProcessor'
10:13:59.615 [main] DEBUG o.s.b.f.s.DefaultListableBeanFactory - Creating instance of bean 'persistenceExceptionTranslationPostProcessor'
10:13:59.615 [main] DEBUG o.s.b.f.s.DefaultListableBeanFactory - Eagerly caching bean 'persistenceExceptionTranslationPostProcessor' to allow for resolving potential circular references
10:13:59.615 [main] DEBUG o.s.b.f.s.DefaultListableBeanFactory - Finished creating instance of bean 'persistenceExceptionTranslationPostProcessor'
10:13:59.615 [main] DEBUG o.s.b.f.s.DefaultListableBeanFactory - Creating shared instance of singleton bean 'dataSourceInitializedPublisher'
10:13:59.615 [main] DEBUG o.s.b.f.s.DefaultListableBeanFactory - Creating instance of bean 'dataSourceInitializedPublisher'
10:13:59.615 [main] DEBUG o.s.b.f.annotation.InjectionMetadata - Registered injected element on class [org.springframework.boot.autoconfigure.orm.jpa.DataSourceInitializedPublisher]: AutowiredFieldElement for private org.springframework.context.ApplicationContext org.springframework.boot.autoconfigure.orm.jpa.DataSourceInitializedPublisher.applicationContext
10:13:59.615 [main] DEBUG o.s.b.f.s.DefaultListableBeanFactory - Eagerly caching bean 'dataSourceInitializedPublisher' to allow for resolving potential circular references
10:13:59.615 [main] DEBUG o.s.b.f.annotation.InjectionMetadata - Processing injected element of bean 'dataSourceInitializedPublisher': AutowiredFieldElement for private org.springframework.context.ApplicationContext org.springframework.boot.autoconfigure.orm.jpa.DataSourceInitializedPublisher.applicationContext
10:13:59.618 [main] DEBUG o.s.b.f.a.AutowiredAnnotationBeanPostProcessor - Autowiring by type from bean name 'dataSourceInitializedPublisher' to bean named 'org.springframework.context.support.GenericApplicationContext@3e03046d'
10:13:59.618 [main] DEBUG o.s.b.f.s.DefaultListableBeanFactory - Finished creating instance of bean 'dataSourceInitializedPublisher'
10:13:59.618 [main] DEBUG o.s.c.s.GenericApplicationContext - Unable to locate MessageSource with name 'messageSource': using default [org.springframework.context.support.DelegatingMessageSource@1a2724d3]
10:13:59.618 [main] DEBUG o.s.c.s.GenericApplicationContext - Unable to locate ApplicationEventMulticaster with name 'applicationEventMulticaster': using default [org.springframework.context.event.SimpleApplicationEventMulticaster@7dd91ffc]
10:13:59.625 [main] DEBUG o.s.b.f.s.DefaultListableBeanFactory - Creating shared instance of singleton bean 'entityManagerFactory'
10:13:59.625 [main] DEBUG o.s.b.f.s.DefaultListableBeanFactory - Creating instance of bean 'entityManagerFactory'
10:13:59.628 [main] DEBUG o.s.b.f.s.DefaultListableBeanFactory - Creating shared instance of singleton bean 'org.springframework.transaction.config.internalTransactionAdvisor'
10:13:59.628 [main] DEBUG o.s.b.f.s.DefaultListableBeanFactory - Creating instance of bean 'org.springframework.transaction.config.internalTransactionAdvisor'
10:13:59.628 [main] DEBUG o.s.b.f.s.DefaultListableBeanFactory - Creating shared instance of singleton bean 'org.springframework.transaction.annotation.ProxyTransactionManagementConfiguration'
10:13:59.628 [main] DEBUG o.s.b.f.s.DefaultListableBeanFactory - Creating instance of bean 'org.springframework.transaction.annotation.ProxyTransactionManagementConfiguration'
10:13:59.628 [main] DEBUG o.s.a.f.a.BeanFactoryAdvisorRetrievalHelper - Skipping currently created advisor 'org.springframework.transaction.config.internalTransactionAdvisor'
10:13:59.632 [main] DEBUG o.s.a.a.a.ReflectiveAspectJAdvisorFactory - Found AspectJ method: public edu.tamu.framework.model.ApiResponse edu.tamu.framework.aspect.CoreControllerAspect.polpulateCredentialsAndAuthorize(org.aspectj.lang.ProceedingJoinPoint,edu.tamu.framework.aspect.annotation.Auth) throws java.lang.Throwable
10:13:59.633 [main] DEBUG o.s.a.a.a.ReflectiveAspectJAdvisorFactory - Found AspectJ method: public edu.tamu.framework.model.ApiResponse edu.tamu.framework.aspect.CoreControllerAspect.populateCredentials(org.aspectj.lang.ProceedingJoinPoint) throws java.lang.Throwable
10:13:59.637 [main] DEBUG o.s.b.f.annotation.InjectionMetadata - Registered injected element on class [org.springframework.transaction.annotation.ProxyTransactionManagementConfiguration$$EnhancerBySpringCGLIB$$814b33b6]: AutowiredMethodElement for void org.springframework.transaction.annotation.AbstractTransactionManagementConfiguration.setConfigurers(java.util.Collection)
10:13:59.637 [main] DEBUG o.s.b.f.s.DefaultListableBeanFactory - Eagerly caching bean 'org.springframework.transaction.annotation.ProxyTransactionManagementConfiguration' to allow for resolving potential circular references
10:13:59.638 [main] DEBUG o.s.b.f.annotation.InjectionMetadata - Processing injected element of bean 'org.springframework.transaction.annotation.ProxyTransactionManagementConfiguration': AutowiredMethodElement for void org.springframework.transaction.annotation.AbstractTransactionManagementConfiguration.setConfigurers(java.util.Collection)
10:13:59.641 [main] DEBUG o.s.b.f.s.DefaultListableBeanFactory - Returning cached instance of singleton bean 'org.springframework.context.annotation.ConfigurationClassPostProcessor.importRegistry'
10:13:59.641 [main] DEBUG o.s.a.f.a.BeanFactoryAdvisorRetrievalHelper - Skipping currently created advisor 'org.springframework.transaction.config.internalTransactionAdvisor'
10:13:59.641 [main] DEBUG o.s.a.f.a.BeanFactoryAdvisorRetrievalHelper - Skipping currently created advisor 'org.springframework.transaction.config.internalTransactionAdvisor'
10:13:59.643 [main] DEBUG o.s.s.a.ScheduledAnnotationBeanPostProcessor - No @Scheduled annotations found on bean class: class org.springframework.transaction.annotation.ProxyTransactionManagementConfiguration$$EnhancerBySpringCGLIB$$814b33b6
10:13:59.643 [main] DEBUG o.s.b.f.s.DefaultListableBeanFactory - Finished creating instance of bean 'org.springframework.transaction.annotation.ProxyTransactionManagementConfiguration'
10:13:59.644 [main] DEBUG o.s.b.f.s.DefaultListableBeanFactory - Creating shared instance of singleton bean 'transactionAttributeSource'
10:13:59.644 [main] DEBUG o.s.b.f.s.DefaultListableBeanFactory - Creating instance of bean 'transactionAttributeSource'
10:13:59.644 [main] DEBUG o.s.a.f.a.BeanFactoryAdvisorRetrievalHelper - Skipping currently created advisor 'org.springframework.transaction.config.internalTransactionAdvisor'
10:13:59.644 [main] DEBUG o.s.b.f.s.DefaultListableBeanFactory - Returning cached instance of singleton bean 'org.springframework.transaction.annotation.ProxyTransactionManagementConfiguration'
10:13:59.644 [main] DEBUG o.s.b.f.s.DefaultListableBeanFactory - Eagerly caching bean 'transactionAttributeSource' to allow for resolving potential circular references
10:13:59.644 [main] DEBUG o.s.a.f.a.BeanFactoryAdvisorRetrievalHelper - Skipping currently created advisor 'org.springframework.transaction.config.internalTransactionAdvisor'
10:13:59.644 [main] DEBUG o.s.a.f.a.BeanFactoryAdvisorRetrievalHelper - Skipping currently created advisor 'org.springframework.transaction.config.internalTransactionAdvisor'
10:13:59.644 [main] DEBUG o.s.s.a.ScheduledAnnotationBeanPostProcessor - No @Scheduled annotations found on bean class: class org.springframework.transaction.annotation.AnnotationTransactionAttributeSource
10:13:59.645 [main] DEBUG o.s.b.f.s.DefaultListableBeanFactory - Finished creating instance of bean 'transactionAttributeSource'
10:13:59.645 [main] DEBUG o.s.b.f.s.DefaultListableBeanFactory - Creating shared instance of singleton bean 'transactionInterceptor'
10:13:59.645 [main] DEBUG o.s.b.f.s.DefaultListableBeanFactory - Creating instance of bean 'transactionInterceptor'
10:13:59.645 [main] DEBUG o.s.b.f.s.DefaultListableBeanFactory - Returning cached instance of singleton bean 'org.springframework.transaction.annotation.ProxyTransactionManagementConfiguration'
10:13:59.645 [main] DEBUG o.s.b.f.s.DefaultListableBeanFactory - Returning cached instance of singleton bean 'transactionAttributeSource'
10:13:59.645 [main] DEBUG o.s.b.f.s.DefaultListableBeanFactory - Eagerly caching bean 'transactionInterceptor' to allow for resolving potential circular references
10:13:59.645 [main] DEBUG o.s.b.f.s.DefaultListableBeanFactory - Invoking afterPropertiesSet() on bean with name 'transactionInterceptor'
10:13:59.645 [main] DEBUG o.s.s.a.ScheduledAnnotationBeanPostProcessor - No @Scheduled annotations found on bean class: class org.springframework.transaction.interceptor.TransactionInterceptor
10:13:59.645 [main] DEBUG o.s.b.f.s.DefaultListableBeanFactory - Finished creating instance of bean 'transactionInterceptor'
10:13:59.645 [main] DEBUG o.s.b.f.s.DefaultListableBeanFactory - Eagerly caching bean 'org.springframework.transaction.config.internalTransactionAdvisor' to allow for resolving potential circular references
10:13:59.645 [main] DEBUG o.s.s.a.ScheduledAnnotationBeanPostProcessor - No @Scheduled annotations found on bean class: class org.springframework.transaction.interceptor.BeanFactoryTransactionAttributeSourceAdvisor
10:13:59.645 [main] DEBUG o.s.b.f.s.DefaultListableBeanFactory - Finished creating instance of bean 'org.springframework.transaction.config.internalTransactionAdvisor'
10:13:59.645 [main] DEBUG o.s.b.f.s.DefaultListableBeanFactory - Creating shared instance of singleton bean 'org.springframework.boot.autoconfigure.orm.jpa.HibernateJpaAutoConfiguration'
10:13:59.646 [main] DEBUG o.s.b.f.s.DefaultListableBeanFactory - Creating instance of bean 'org.springframework.boot.autoconfigure.orm.jpa.HibernateJpaAutoConfiguration'
10:13:59.646 [main] DEBUG o.s.b.f.s.DefaultListableBeanFactory - Returning cached instance of singleton bean 'org.springframework.transaction.config.internalTransactionAdvisor'
10:13:59.646 [main] DEBUG o.s.b.f.annotation.InjectionMetadata - Registered injected element on class [org.springframework.boot.autoconfigure.orm.jpa.HibernateJpaAutoConfiguration$$EnhancerBySpringCGLIB$$6c5793d6]: AutowiredFieldElement for private javax.sql.DataSource org.springframework.boot.autoconfigure.orm.jpa.JpaBaseConfiguration.dataSource
10:13:59.646 [main] DEBUG o.s.b.f.annotation.InjectionMetadata - Registered injected element on class [org.springframework.boot.autoconfigure.orm.jpa.HibernateJpaAutoConfiguration$$EnhancerBySpringCGLIB$$6c5793d6]: AutowiredFieldElement for private org.springframework.orm.jpa.persistenceunit.PersistenceUnitManager org.springframework.boot.autoconfigure.orm.jpa.JpaBaseConfiguration.persistenceUnitManager
10:13:59.646 [main] DEBUG o.s.b.f.annotation.InjectionMetadata - Registered injected element on class [org.springframework.boot.autoconfigure.orm.jpa.HibernateJpaAutoConfiguration$$EnhancerBySpringCGLIB$$6c5793d6]: AutowiredFieldElement for private org.springframework.boot.autoconfigure.orm.jpa.JpaProperties org.springframework.boot.autoconfigure.orm.jpa.JpaBaseConfiguration.jpaProperties
10:13:59.646 [main] DEBUG o.s.b.f.annotation.InjectionMetadata - Registered injected element on class [org.springframework.boot.autoconfigure.orm.jpa.HibernateJpaAutoConfiguration$$EnhancerBySpringCGLIB$$6c5793d6]: AutowiredFieldElement for private org.springframework.transaction.jta.JtaTransactionManager org.springframework.boot.autoconfigure.orm.jpa.JpaBaseConfiguration.jtaTransactionManager
10:13:59.646 [main] DEBUG o.s.b.f.annotation.InjectionMetadata - Registered injected element on class [org.springframework.boot.autoconfigure.orm.jpa.HibernateJpaAutoConfiguration$$EnhancerBySpringCGLIB$$6c5793d6]: AutowiredFieldElement for private org.springframework.boot.autoconfigure.orm.jpa.JpaProperties org.springframework.boot.autoconfigure.orm.jpa.HibernateJpaAutoConfiguration.properties
10:13:59.646 [main] DEBUG o.s.b.f.annotation.InjectionMetadata - Registered injected element on class [org.springframework.boot.autoconfigure.orm.jpa.HibernateJpaAutoConfiguration$$EnhancerBySpringCGLIB$$6c5793d6]: AutowiredFieldElement for private javax.sql.DataSource org.springframework.boot.autoconfigure.orm.jpa.HibernateJpaAutoConfiguration.dataSource
10:13:59.646 [main] DEBUG o.s.b.f.s.DefaultListableBeanFactory - Eagerly caching bean 'org.springframework.boot.autoconfigure.orm.jpa.HibernateJpaAutoConfiguration' to allow for resolving potential circular references
10:13:59.646 [main] DEBUG o.s.b.f.annotation.InjectionMetadata - Processing injected element of bean 'org.springframework.boot.autoconfigure.orm.jpa.HibernateJpaAutoConfiguration': AutowiredFieldElement for private javax.sql.DataSource org.springframework.boot.autoconfigure.orm.jpa.JpaBaseConfiguration.dataSource
10:13:59.650 [main] DEBUG o.s.b.f.s.DefaultListableBeanFactory - Creating shared instance of singleton bean 'dataSource'
10:13:59.650 [main] DEBUG o.s.b.f.s.DefaultListableBeanFactory - Creating instance of bean 'dataSource'
10:13:59.650 [main] DEBUG o.s.b.f.s.DefaultListableBeanFactory - Returning cached instance of singleton bean 'org.springframework.transaction.config.internalTransactionAdvisor'
10:13:59.650 [main] DEBUG o.s.b.f.s.DefaultListableBeanFactory - Creating shared instance of singleton bean 'testDataSourceConfiguration'
10:13:59.650 [main] DEBUG o.s.b.f.s.DefaultListableBeanFactory - Creating instance of bean 'testDataSourceConfiguration'
10:13:59.650 [main] DEBUG o.s.b.f.s.DefaultListableBeanFactory - Returning cached instance of singleton bean 'org.springframework.transaction.config.internalTransactionAdvisor'
10:13:59.650 [main] DEBUG o.s.b.f.annotation.InjectionMetadata - Registered injected element on class [edu.tamu.app.config.TestDataSourceConfiguration$$EnhancerBySpringCGLIB$$720fb83c]: AutowiredFieldElement for private org.springframework.core.env.Environment edu.tamu.app.config.TestDataSourceConfiguration.environment
10:13:59.650 [main] DEBUG o.s.b.f.s.DefaultListableBeanFactory - Eagerly caching bean 'testDataSourceConfiguration' to allow for resolving potential circular references
10:13:59.650 [main] DEBUG o.s.b.f.annotation.InjectionMetadata - Processing injected element of bean 'testDataSourceConfiguration': AutowiredFieldElement for private org.springframework.core.env.Environment edu.tamu.app.config.TestDataSourceConfiguration.environment
10:13:59.654 [main] DEBUG o.s.b.f.s.DefaultListableBeanFactory - Returning cached instance of singleton bean 'environment'
10:13:59.654 [main] DEBUG o.s.b.f.a.AutowiredAnnotationBeanPostProcessor - Autowiring by type from bean name 'testDataSourceConfiguration' to bean named 'environment'
10:13:59.654 [main] DEBUG o.s.b.f.s.DefaultListableBeanFactory - Returning cached instance of singleton bean 'org.springframework.transaction.config.internalTransactionAdvisor'
10:13:59.654 [main] DEBUG o.s.b.f.s.DefaultListableBeanFactory - Returning cached instance of singleton bean 'org.springframework.transaction.config.internalTransactionAdvisor'
10:13:59.655 [main] DEBUG o.s.s.a.ScheduledAnnotationBeanPostProcessor - No @Scheduled annotations found on bean class: class edu.tamu.app.config.TestDataSourceConfiguration$$EnhancerBySpringCGLIB$$720fb83c
10:13:59.655 [main] DEBUG o.s.b.f.s.DefaultListableBeanFactory - Finished creating instance of bean 'testDataSourceConfiguration'
10:13:59.655 [main] INFO  o.s.j.d.e.EmbeddedDatabaseFactory - Creating embedded database 'testdb'
10:13:59.655 [main] DEBUG o.s.jdbc.datasource.DataSourceUtils - Fetching JDBC Connection from DataSource
10:13:59.655 [main] DEBUG o.s.j.d.SimpleDriverDataSource - Creating new JDBC Driver Connection to [jdbc:h2:mem:testdb;DB_CLOSE_DELAY=-1;DB_CLOSE_ON_EXIT=false]
10:13:59.657 [main] DEBUG o.s.jdbc.datasource.DataSourceUtils - Returning JDBC Connection to DataSource
10:13:59.657 [main] DEBUG o.s.b.f.s.DefaultListableBeanFactory - Eagerly caching bean 'dataSource' to allow for resolving potential circular references
10:13:59.657 [main] DEBUG o.s.b.f.s.DefaultListableBeanFactory - Returning cached instance of singleton bean 'org.springframework.transaction.config.internalTransactionAdvisor'
10:13:59.657 [main] DEBUG o.s.b.f.s.DefaultListableBeanFactory - Returning cached instance of singleton bean 'org.springframework.transaction.config.internalTransactionAdvisor'
10:13:59.663 [main] DEBUG o.s.b.f.s.DefaultListableBeanFactory - Creating shared instance of singleton bean 'dataSourceInitializer'
10:13:59.663 [main] DEBUG o.s.b.f.s.DefaultListableBeanFactory - Creating instance of bean 'dataSourceInitializer'
10:13:59.664 [main] DEBUG o.s.b.f.s.DefaultListableBeanFactory - Returning cached instance of singleton bean 'org.springframework.transaction.config.internalTransactionAdvisor'
10:13:59.664 [main] DEBUG o.s.b.f.s.DefaultListableBeanFactory - Creating shared instance of singleton bean 'org.springframework.boot.autoconfigure.jdbc.DataSourceAutoConfiguration$DataSourceInitializerConfiguration'
10:13:59.664 [main] DEBUG o.s.b.f.s.DefaultListableBeanFactory - Creating instance of bean 'org.springframework.boot.autoconfigure.jdbc.DataSourceAutoConfiguration$DataSourceInitializerConfiguration'
10:13:59.664 [main] DEBUG o.s.b.f.s.DefaultListableBeanFactory - Returning cached instance of singleton bean 'org.springframework.transaction.config.internalTransactionAdvisor'
10:13:59.664 [main] DEBUG o.s.b.f.s.DefaultListableBeanFactory - Eagerly caching bean 'org.springframework.boot.autoconfigure.jdbc.DataSourceAutoConfiguration$DataSourceInitializerConfiguration' to allow for resolving potential circular references
10:13:59.664 [main] DEBUG o.s.b.f.s.DefaultListableBeanFactory - Returning cached instance of singleton bean 'org.springframework.transaction.config.internalTransactionAdvisor'
10:13:59.664 [main] DEBUG o.s.b.f.s.DefaultListableBeanFactory - Returning cached instance of singleton bean 'org.springframework.transaction.config.internalTransactionAdvisor'
10:13:59.665 [main] DEBUG o.s.s.a.ScheduledAnnotationBeanPostProcessor - No @Scheduled annotations found on bean class: class org.springframework.boot.autoconfigure.jdbc.DataSourceAutoConfiguration$DataSourceInitializerConfiguration$$EnhancerBySpringCGLIB$$dc0f44fd
10:13:59.665 [main] DEBUG o.s.b.f.s.DefaultListableBeanFactory - Finished creating instance of bean 'org.springframework.boot.autoconfigure.jdbc.DataSourceAutoConfiguration$DataSourceInitializerConfiguration'
10:13:59.665 [main] DEBUG o.s.c.a.CommonAnnotationBeanPostProcessor - Found init method on class [org.springframework.boot.autoconfigure.jdbc.DataSourceInitializer]: public void org.springframework.boot.autoconfigure.jdbc.DataSourceInitializer.init()
10:13:59.665 [main] DEBUG o.s.c.a.CommonAnnotationBeanPostProcessor - Registered init method on class [org.springframework.boot.autoconfigure.jdbc.DataSourceInitializer]: org.springframework.beans.factory.annotation.InitDestroyAnnotationBeanPostProcessor$LifecycleElement@316510
10:13:59.666 [main] DEBUG o.s.b.f.annotation.InjectionMetadata - Registered injected element on class [org.springframework.boot.autoconfigure.jdbc.DataSourceInitializer]: AutowiredFieldElement for private org.springframework.context.ConfigurableApplicationContext org.springframework.boot.autoconfigure.jdbc.DataSourceInitializer.applicationContext
10:13:59.666 [main] DEBUG o.s.b.f.annotation.InjectionMetadata - Registered injected element on class [org.springframework.boot.autoconfigure.jdbc.DataSourceInitializer]: AutowiredFieldElement for private org.springframework.boot.autoconfigure.jdbc.DataSourceProperties org.springframework.boot.autoconfigure.jdbc.DataSourceInitializer.properties
10:13:59.666 [main] DEBUG o.s.b.f.s.DefaultListableBeanFactory - Eagerly caching bean 'dataSourceInitializer' to allow for resolving potential circular references
10:13:59.666 [main] DEBUG o.s.b.f.annotation.InjectionMetadata - Processing injected element of bean 'dataSourceInitializer': AutowiredFieldElement for private org.springframework.context.ConfigurableApplicationContext org.springframework.boot.autoconfigure.jdbc.DataSourceInitializer.applicationContext
10:13:59.669 [main] DEBUG o.s.b.f.a.AutowiredAnnotationBeanPostProcessor - Autowiring by type from bean name 'dataSourceInitializer' to bean named 'org.springframework.context.support.GenericApplicationContext@3e03046d'
10:13:59.669 [main] DEBUG o.s.b.f.annotation.InjectionMetadata - Processing injected element of bean 'dataSourceInitializer': AutowiredFieldElement for private org.springframework.boot.autoconfigure.jdbc.DataSourceProperties org.springframework.boot.autoconfigure.jdbc.DataSourceInitializer.properties
10:13:59.674 [main] DEBUG o.s.b.f.s.DefaultListableBeanFactory - Creating shared instance of singleton bean 'spring.datasource.CONFIGURATION_PROPERTIES'
10:13:59.674 [main] DEBUG o.s.b.f.s.DefaultListableBeanFactory - Creating instance of bean 'spring.datasource.CONFIGURATION_PROPERTIES'
10:13:59.674 [main] DEBUG o.s.b.f.s.DefaultListableBeanFactory - Returning cached instance of singleton bean 'org.springframework.transaction.config.internalTransactionAdvisor'
10:13:59.675 [main] DEBUG o.s.b.f.s.DefaultListableBeanFactory - Eagerly caching bean 'spring.datasource.CONFIGURATION_PROPERTIES' to allow for resolving potential circular references
10:13:59.683 [main] DEBUG o.s.core.env.MutablePropertySources - Adding [systemProperties] PropertySource with lowest search precedence
10:13:59.683 [main] DEBUG o.s.core.env.MutablePropertySources - Adding [systemEnvironment] PropertySource with lowest search precedence
10:13:59.683 [main] DEBUG o.s.core.env.MutablePropertySources - Adding [class path resource [config/application.properties]] PropertySource with lowest search precedence
10:13:59.683 [main] DEBUG o.s.core.env.MutablePropertySources - Adding [localProperties] PropertySource with lowest search precedence
10:13:59.683 [main] DEBUG o.s.core.env.MutablePropertySources - Adding [systemProperties] PropertySource with lowest search precedence
10:13:59.683 [main] DEBUG o.s.core.env.MutablePropertySources - Adding [systemEnvironment] PropertySource with lowest search precedence
10:13:59.683 [main] DEBUG o.s.core.env.MutablePropertySources - Adding [class path resource [config/application.properties]] PropertySource with lowest search precedence
10:13:59.683 [main] DEBUG o.s.core.env.MutablePropertySources - Adding [localProperties] PropertySource with lowest search precedence
10:13:59.683 [main] DEBUG o.s.c.e.PropertySourcesPropertyResolver - Searching for key 'app.security.jwt.secret_key' in [systemProperties]
10:13:59.683 [main] DEBUG o.s.c.e.PropertySourcesPropertyResolver - Searching for key 'app.security.jwt.secret_key' in [systemEnvironment]
10:13:59.683 [main] DEBUG o.s.c.e.PropertySourcesPropertyResolver - Searching for key 'app.security.jwt.secret_key' in [class path resource [config/application.properties]]
10:13:59.683 [main] DEBUG o.s.c.e.PropertySourcesPropertyResolver - Found key 'app.security.jwt.secret_key' in [class path resource [config/application.properties]] with type [String] and value 'verysecretsecret'
10:13:59.684 [main] DEBUG o.s.core.env.MutablePropertySources - Adding [systemProperties] PropertySource with lowest search precedence
10:13:59.684 [main] DEBUG o.s.core.env.MutablePropertySources - Adding [systemEnvironment] PropertySource with lowest search precedence
10:13:59.684 [main] DEBUG o.s.core.env.MutablePropertySources - Adding [class path resource [config/application.properties]] PropertySource with lowest search precedence
10:13:59.684 [main] DEBUG o.s.core.env.MutablePropertySources - Adding [localProperties] PropertySource with lowest search precedence
10:13:59.684 [main] DEBUG o.s.c.e.PropertySourcesPropertyResolver - Searching for key 'app.whitelist' in [systemProperties]
10:13:59.684 [main] DEBUG o.s.c.e.PropertySourcesPropertyResolver - Searching for key 'app.whitelist' in [systemEnvironment]
10:13:59.684 [main] DEBUG o.s.c.e.PropertySourcesPropertyResolver - Searching for key 'app.whitelist' in [class path resource [config/application.properties]]
10:13:59.684 [main] DEBUG o.s.c.e.PropertySourcesPropertyResolver - Found key 'app.whitelist' in [class path resource [config/application.properties]] with type [String] and value '127.0.0.1'
10:13:59.684 [main] DEBUG o.s.core.env.MutablePropertySources - Adding [systemProperties] PropertySource with lowest search precedence
10:13:59.684 [main] DEBUG o.s.core.env.MutablePropertySources - Adding [systemEnvironment] PropertySource with lowest search precedence
10:13:59.684 [main] DEBUG o.s.core.env.MutablePropertySources - Adding [class path resource [config/application.properties]] PropertySource with lowest search precedence
10:13:59.684 [main] DEBUG o.s.core.env.MutablePropertySources - Adding [localProperties] PropertySource with lowest search precedence
10:13:59.684 [main] DEBUG o.s.c.e.PropertySourcesPropertyResolver - Searching for key 'app.email.address' in [systemProperties]
10:13:59.684 [main] DEBUG o.s.c.e.PropertySourcesPropertyResolver - Searching for key 'app.email.address' in [systemEnvironment]
10:13:59.684 [main] DEBUG o.s.c.e.PropertySourcesPropertyResolver - Searching for key 'app.email.address' in [class path resource [config/application.properties]]
10:13:59.684 [main] DEBUG o.s.c.e.PropertySourcesPropertyResolver - Found key 'app.email.address' in [class path resource [config/application.properties]] with type [String] and value 'dhahn@library.tamu.edu'
10:13:59.684 [main] DEBUG o.s.core.env.MutablePropertySources - Adding [systemProperties] PropertySource with lowest search precedence
10:13:59.684 [main] DEBUG o.s.core.env.MutablePropertySources - Adding [systemEnvironment] PropertySource with lowest search precedence
10:13:59.684 [main] DEBUG o.s.core.env.MutablePropertySources - Adding [class path resource [config/application.properties]] PropertySource with lowest search precedence
10:13:59.684 [main] DEBUG o.s.core.env.MutablePropertySources - Adding [localProperties] PropertySource with lowest search precedence
10:13:59.684 [main] DEBUG o.s.c.e.PropertySourcesPropertyResolver - Searching for key 'app.service.voyager.app' in [systemProperties]
10:13:59.684 [main] DEBUG o.s.c.e.PropertySourcesPropertyResolver - Searching for key 'app.service.voyager.app' in [systemEnvironment]
10:13:59.684 [main] DEBUG o.s.c.e.PropertySourcesPropertyResolver - Searching for key 'app.service.voyager.app' in [class path resource [config/application.properties]]
10:13:59.684 [main] DEBUG o.s.c.e.PropertySourcesPropertyResolver - Found key 'app.service.voyager.app' in [class path resource [config/application.properties]] with type [String] and value 'vxws'
10:13:59.684 [main] DEBUG o.s.core.env.MutablePropertySources - Adding [systemProperties] PropertySource with lowest search precedence
10:13:59.684 [main] DEBUG o.s.core.env.MutablePropertySources - Adding [systemEnvironment] PropertySource with lowest search precedence
10:13:59.684 [main] DEBUG o.s.core.env.MutablePropertySources - Adding [class path resource [config/application.properties]] PropertySource with lowest search precedence
10:13:59.684 [main] DEBUG o.s.core.env.MutablePropertySources - Adding [localProperties] PropertySource with lowest search precedence
10:13:59.684 [main] DEBUG o.s.c.e.PropertySourcesPropertyResolver - Searching for key 'spring.datasource.test-on-borrow' in [systemProperties]
10:13:59.684 [main] DEBUG o.s.c.e.PropertySourcesPropertyResolver - Searching for key 'spring.datasource.test-on-borrow' in [systemEnvironment]
10:13:59.684 [main] DEBUG o.s.c.e.PropertySourcesPropertyResolver - Searching for key 'spring.datasource.test-on-borrow' in [class path resource [config/application.properties]]
10:13:59.684 [main] DEBUG o.s.c.e.PropertySourcesPropertyResolver - Found key 'spring.datasource.test-on-borrow' in [class path resource [config/application.properties]] with type [String] and value 'true'
10:13:59.684 [main] DEBUG o.s.core.env.MutablePropertySources - Adding [systemProperties] PropertySource with lowest search precedence
10:13:59.684 [main] DEBUG o.s.core.env.MutablePropertySources - Adding [systemEnvironment] PropertySource with lowest search precedence
10:13:59.684 [main] DEBUG o.s.core.env.MutablePropertySources - Adding [class path resource [config/application.properties]] PropertySource with lowest search precedence
10:13:59.684 [main] DEBUG o.s.core.env.MutablePropertySources - Adding [localProperties] PropertySource with lowest search precedence
10:13:59.684 [main] DEBUG o.s.c.e.PropertySourcesPropertyResolver - Searching for key 'shib.email' in [systemProperties]
10:13:59.684 [main] DEBUG o.s.c.e.PropertySourcesPropertyResolver - Searching for key 'shib.email' in [systemEnvironment]
10:13:59.684 [main] DEBUG o.s.c.e.PropertySourcesPropertyResolver - Searching for key 'shib.email' in [class path resource [config/application.properties]]
10:13:59.684 [main] DEBUG o.s.c.e.PropertySourcesPropertyResolver - Found key 'shib.email' in [class path resource [config/application.properties]] with type [String] and value 'tdl-mail'
10:13:59.684 [main] DEBUG o.s.core.env.MutablePropertySources - Adding [systemProperties] PropertySource with lowest search precedence
10:13:59.684 [main] DEBUG o.s.core.env.MutablePropertySources - Adding [systemEnvironment] PropertySource with lowest search precedence
10:13:59.685 [main] DEBUG o.s.core.env.MutablePropertySources - Adding [class path resource [config/application.properties]] PropertySource with lowest search precedence
10:13:59.685 [main] DEBUG o.s.core.env.MutablePropertySources - Adding [localProperties] PropertySource with lowest search precedence
10:13:59.685 [main] DEBUG o.s.c.e.PropertySourcesPropertyResolver - Searching for key 'spring.datasource.url' in [systemProperties]
10:13:59.685 [main] DEBUG o.s.c.e.PropertySourcesPropertyResolver - Searching for key 'spring.datasource.url' in [systemEnvironment]
10:13:59.685 [main] DEBUG o.s.c.e.PropertySourcesPropertyResolver - Searching for key 'spring.datasource.url' in [class path resource [config/application.properties]]
10:13:59.685 [main] DEBUG o.s.c.e.PropertySourcesPropertyResolver - Found key 'spring.datasource.url' in [class path resource [config/application.properties]] with type [String] and value 'jdbc:postgresql://localhost:5432/spring_seed'
10:13:59.685 [main] DEBUG o.s.core.env.MutablePropertySources - Adding [systemProperties] PropertySource with lowest search precedence
10:13:59.685 [main] DEBUG o.s.core.env.MutablePropertySources - Adding [systemEnvironment] PropertySource with lowest search precedence
10:13:59.685 [main] DEBUG o.s.core.env.MutablePropertySources - Adding [class path resource [config/application.properties]] PropertySource with lowest search precedence
10:13:59.685 [main] DEBUG o.s.core.env.MutablePropertySources - Adding [localProperties] PropertySource with lowest search precedence
10:13:59.685 [main] DEBUG o.s.c.e.PropertySourcesPropertyResolver - Searching for key 'shib.netid' in [systemProperties]
10:13:59.685 [main] DEBUG o.s.c.e.PropertySourcesPropertyResolver - Searching for key 'shib.netid' in [systemEnvironment]
10:13:59.685 [main] DEBUG o.s.c.e.PropertySourcesPropertyResolver - Searching for key 'shib.netid' in [class path resource [config/application.properties]]
10:13:59.685 [main] DEBUG o.s.c.e.PropertySourcesPropertyResolver - Found key 'shib.netid' in [class path resource [config/application.properties]] with type [String] and value 'edupersonprincipalnameunscoped'
10:13:59.685 [main] DEBUG o.s.core.env.MutablePropertySources - Adding [systemProperties] PropertySource with lowest search precedence
10:13:59.685 [main] DEBUG o.s.core.env.MutablePropertySources - Adding [systemEnvironment] PropertySource with lowest search precedence
10:13:59.685 [main] DEBUG o.s.core.env.MutablePropertySources - Adding [class path resource [config/application.properties]] PropertySource with lowest search precedence
10:13:59.685 [main] DEBUG o.s.core.env.MutablePropertySources - Adding [localProperties] PropertySource with lowest search precedence
10:13:59.685 [main] DEBUG o.s.c.e.PropertySourcesPropertyResolver - Searching for key 'shib.keys' in [systemProperties]
10:13:59.685 [main] DEBUG o.s.c.e.PropertySourcesPropertyResolver - Searching for key 'shib.keys' in [systemEnvironment]
10:13:59.685 [main] DEBUG o.s.c.e.PropertySourcesPropertyResolver - Searching for key 'shib.keys' in [class path resource [config/application.properties]]
10:13:59.685 [main] DEBUG o.s.c.e.PropertySourcesPropertyResolver - Found key 'shib.keys' in [class path resource [config/application.properties]] with type [String] and value 'netid,uin,lastName,firstName,email'
10:13:59.685 [main] DEBUG o.s.core.env.MutablePropertySources - Adding [systemProperties] PropertySource with lowest search precedence
10:13:59.685 [main] DEBUG o.s.core.env.MutablePropertySources - Adding [systemEnvironment] PropertySource with lowest search precedence
10:13:59.685 [main] DEBUG o.s.core.env.MutablePropertySources - Adding [class path resource [config/application.properties]] PropertySource with lowest search precedence
10:13:59.685 [main] DEBUG o.s.core.env.MutablePropertySources - Adding [localProperties] PropertySource with lowest search precedence
10:13:59.685 [main] DEBUG o.s.c.e.PropertySourcesPropertyResolver - Searching for key 'spring.datasource.password' in [systemProperties]
10:13:59.685 [main] DEBUG o.s.c.e.PropertySourcesPropertyResolver - Searching for key 'spring.datasource.password' in [systemEnvironment]
10:13:59.685 [main] DEBUG o.s.c.e.PropertySourcesPropertyResolver - Searching for key 'spring.datasource.password' in [class path resource [config/application.properties]]
10:13:59.685 [main] DEBUG o.s.c.e.PropertySourcesPropertyResolver - Found key 'spring.datasource.password' in [class path resource [config/application.properties]] with type [String] and value 'spring'
10:13:59.685 [main] DEBUG o.s.core.env.MutablePropertySources - Adding [systemProperties] PropertySource with lowest search precedence
10:13:59.685 [main] DEBUG o.s.core.env.MutablePropertySources - Adding [systemEnvironment] PropertySource with lowest search precedence
10:13:59.685 [main] DEBUG o.s.core.env.MutablePropertySources - Adding [class path resource [config/application.properties]] PropertySource with lowest search precedence
10:13:59.685 [main] DEBUG o.s.core.env.MutablePropertySources - Adding [localProperties] PropertySource with lowest search precedence
10:13:59.685 [main] DEBUG o.s.c.e.PropertySourcesPropertyResolver - Searching for key 'spring.jpa.database-platform' in [systemProperties]
10:13:59.685 [main] DEBUG o.s.c.e.PropertySourcesPropertyResolver - Searching for key 'spring.jpa.database-platform' in [systemEnvironment]
10:13:59.685 [main] DEBUG o.s.c.e.PropertySourcesPropertyResolver - Searching for key 'spring.jpa.database-platform' in [class path resource [config/application.properties]]
10:13:59.685 [main] DEBUG o.s.c.e.PropertySourcesPropertyResolver - Found key 'spring.jpa.database-platform' in [class path resource [config/application.properties]] with type [String] and value 'org.hibernate.dialect.PostgreSQLDialect'
10:13:59.685 [main] DEBUG o.s.core.env.MutablePropertySources - Adding [systemProperties] PropertySource with lowest search precedence
10:13:59.685 [main] DEBUG o.s.core.env.MutablePropertySources - Adding [systemEnvironment] PropertySource with lowest search precedence
10:13:59.685 [main] DEBUG o.s.core.env.MutablePropertySources - Adding [class path resource [config/application.properties]] PropertySource with lowest search precedence
10:13:59.685 [main] DEBUG o.s.core.env.MutablePropertySources - Adding [localProperties] PropertySource with lowest search precedence
10:13:59.685 [main] DEBUG o.s.c.e.PropertySourcesPropertyResolver - Searching for key 'spring.jpa.show_sql' in [systemProperties]
10:13:59.685 [main] DEBUG o.s.c.e.PropertySourcesPropertyResolver - Searching for key 'spring.jpa.show_sql' in [systemEnvironment]
10:13:59.685 [main] DEBUG o.s.c.e.PropertySourcesPropertyResolver - Searching for key 'spring.jpa.show_sql' in [class path resource [config/application.properties]]
10:13:59.685 [main] DEBUG o.s.c.e.PropertySourcesPropertyResolver - Found key 'spring.jpa.show_sql' in [class path resource [config/application.properties]] with type [String] and value 'false'
10:13:59.685 [main] DEBUG o.s.core.env.MutablePropertySources - Adding [systemProperties] PropertySource with lowest search precedence
10:13:59.685 [main] DEBUG o.s.core.env.MutablePropertySources - Adding [systemEnvironment] PropertySource with lowest search precedence
10:13:59.685 [main] DEBUG o.s.core.env.MutablePropertySources - Adding [class path resource [config/application.properties]] PropertySource with lowest search precedence
10:13:59.685 [main] DEBUG o.s.core.env.MutablePropertySources - Adding [localProperties] PropertySource with lowest search precedence
10:13:59.685 [main] DEBUG o.s.c.e.PropertySourcesPropertyResolver - Searching for key 'app.service.voyager.ports' in [systemProperties]
10:13:59.685 [main] DEBUG o.s.c.e.PropertySourcesPropertyResolver - Searching for key 'app.service.voyager.ports' in [systemEnvironment]
10:13:59.685 [main] DEBUG o.s.c.e.PropertySourcesPropertyResolver - Searching for key 'app.service.voyager.ports' in [class path resource [config/application.properties]]
10:13:59.685 [main] DEBUG o.s.c.e.PropertySourcesPropertyResolver - Found key 'app.service.voyager.ports' in [class path resource [config/application.properties]] with type [String] and value '7014,7414'
10:13:59.685 [main] DEBUG o.s.core.env.MutablePropertySources - Adding [systemProperties] PropertySource with lowest search precedence
10:13:59.685 [main] DEBUG o.s.core.env.MutablePropertySources - Adding [systemEnvironment] PropertySource with lowest search precedence
10:13:59.685 [main] DEBUG o.s.core.env.MutablePropertySources - Adding [class path resource [config/application.properties]] PropertySource with lowest search precedence
10:13:59.685 [main] DEBUG o.s.core.env.MutablePropertySources - Adding [localProperties] PropertySource with lowest search precedence
10:13:59.685 [main] DEBUG o.s.c.e.PropertySourcesPropertyResolver - Searching for key 'spring.datasource.validation-query' in [systemProperties]
10:13:59.685 [main] DEBUG o.s.c.e.PropertySourcesPropertyResolver - Searching for key 'spring.datasource.validation-query' in [systemEnvironment]
10:13:59.685 [main] DEBUG o.s.c.e.PropertySourcesPropertyResolver - Searching for key 'spring.datasource.validation-query' in [class path resource [config/application.properties]]
10:13:59.685 [main] DEBUG o.s.c.e.PropertySourcesPropertyResolver - Found key 'spring.datasource.validation-query' in [class path resource [config/application.properties]] with type [String] and value 'select version();'
10:13:59.686 [main] DEBUG o.s.core.env.MutablePropertySources - Adding [systemProperties] PropertySource with lowest search precedence
10:13:59.686 [main] DEBUG o.s.core.env.MutablePropertySources - Adding [systemEnvironment] PropertySource with lowest search precedence
10:13:59.686 [main] DEBUG o.s.core.env.MutablePropertySources - Adding [class path resource [config/application.properties]] PropertySource with lowest search precedence
10:13:59.686 [main] DEBUG o.s.core.env.MutablePropertySources - Adding [localProperties] PropertySource with lowest search precedence
10:13:59.686 [main] DEBUG o.s.c.e.PropertySourcesPropertyResolver - Searching for key 'shib.firstName' in [systemProperties]
10:13:59.686 [main] DEBUG o.s.c.e.PropertySourcesPropertyResolver - Searching for key 'shib.firstName' in [systemEnvironment]
10:13:59.686 [main] DEBUG o.s.c.e.PropertySourcesPropertyResolver - Searching for key 'shib.firstName' in [class path resource [config/application.properties]]
10:13:59.686 [main] DEBUG o.s.c.e.PropertySourcesPropertyResolver - Found key 'shib.firstName' in [class path resource [config/application.properties]] with type [String] and value 'tdl-givenname'
10:13:59.686 [main] DEBUG o.s.core.env.MutablePropertySources - Adding [systemProperties] PropertySource with lowest search precedence
10:13:59.686 [main] DEBUG o.s.core.env.MutablePropertySources - Adding [systemEnvironment] PropertySource with lowest search precedence
10:13:59.686 [main] DEBUG o.s.core.env.MutablePropertySources - Adding [class path resource [config/application.properties]] PropertySource with lowest search precedence
10:13:59.686 [main] DEBUG o.s.core.env.MutablePropertySources - Adding [localProperties] PropertySource with lowest search precedence
10:13:59.686 [main] DEBUG o.s.c.e.PropertySourcesPropertyResolver - Searching for key 'shib.uin' in [systemProperties]
10:13:59.686 [main] DEBUG o.s.c.e.PropertySourcesPropertyResolver - Searching for key 'shib.uin' in [systemEnvironment]
10:13:59.686 [main] DEBUG o.s.c.e.PropertySourcesPropertyResolver - Searching for key 'shib.uin' in [class path resource [config/application.properties]]
10:13:59.686 [main] DEBUG o.s.c.e.PropertySourcesPropertyResolver - Found key 'shib.uin' in [class path resource [config/application.properties]] with type [String] and value 'tamuuin'
10:13:59.686 [main] DEBUG o.s.core.env.MutablePropertySources - Adding [systemProperties] PropertySource with lowest search precedence
10:13:59.686 [main] DEBUG o.s.core.env.MutablePropertySources - Adding [systemEnvironment] PropertySource with lowest search precedence
10:13:59.686 [main] DEBUG o.s.core.env.MutablePropertySources - Adding [class path resource [config/application.properties]] PropertySource with lowest search precedence
10:13:59.686 [main] DEBUG o.s.core.env.MutablePropertySources - Adding [localProperties] PropertySource with lowest search precedence
10:13:59.686 [main] DEBUG o.s.c.e.PropertySourcesPropertyResolver - Searching for key 'spring.datasource.defaultAutoCommit' in [systemProperties]
10:13:59.686 [main] DEBUG o.s.c.e.PropertySourcesPropertyResolver - Searching for key 'spring.datasource.defaultAutoCommit' in [systemEnvironment]
10:13:59.686 [main] DEBUG o.s.c.e.PropertySourcesPropertyResolver - Searching for key 'spring.datasource.defaultAutoCommit' in [class path resource [config/application.properties]]
10:13:59.686 [main] DEBUG o.s.c.e.PropertySourcesPropertyResolver - Found key 'spring.datasource.defaultAutoCommit' in [class path resource [config/application.properties]] with type [String] and value 'false'
10:13:59.686 [main] DEBUG o.s.core.env.MutablePropertySources - Adding [systemProperties] PropertySource with lowest search precedence
10:13:59.686 [main] DEBUG o.s.core.env.MutablePropertySources - Adding [systemEnvironment] PropertySource with lowest search precedence
10:13:59.686 [main] DEBUG o.s.core.env.MutablePropertySources - Adding [class path resource [config/application.properties]] PropertySource with lowest search precedence
10:13:59.686 [main] DEBUG o.s.core.env.MutablePropertySources - Adding [localProperties] PropertySource with lowest search precedence
10:13:59.686 [main] DEBUG o.s.c.e.PropertySourcesPropertyResolver - Searching for key 'spring.datasource.username' in [systemProperties]
10:13:59.686 [main] DEBUG o.s.c.e.PropertySourcesPropertyResolver - Searching for key 'spring.datasource.username' in [systemEnvironment]
10:13:59.686 [main] DEBUG o.s.c.e.PropertySourcesPropertyResolver - Searching for key 'spring.datasource.username' in [class path resource [config/application.properties]]
10:13:59.686 [main] DEBUG o.s.c.e.PropertySourcesPropertyResolver - Found key 'spring.datasource.username' in [class path resource [config/application.properties]] with type [String] and value 'spring'
10:13:59.686 [main] DEBUG o.s.core.env.MutablePropertySources - Adding [systemProperties] PropertySource with lowest search precedence
10:13:59.686 [main] DEBUG o.s.core.env.MutablePropertySources - Adding [systemEnvironment] PropertySource with lowest search precedence
10:13:59.686 [main] DEBUG o.s.core.env.MutablePropertySources - Adding [class path resource [config/application.properties]] PropertySource with lowest search precedence
10:13:59.686 [main] DEBUG o.s.core.env.MutablePropertySources - Adding [localProperties] PropertySource with lowest search precedence
10:13:59.686 [main] DEBUG o.s.c.e.PropertySourcesPropertyResolver - Searching for key 'app.service.voyager.host' in [systemProperties]
10:13:59.686 [main] DEBUG o.s.c.e.PropertySourcesPropertyResolver - Searching for key 'app.service.voyager.host' in [systemEnvironment]
10:13:59.686 [main] DEBUG o.s.c.e.PropertySourcesPropertyResolver - Searching for key 'app.service.voyager.host' in [class path resource [config/application.properties]]
10:13:59.686 [main] DEBUG o.s.c.e.PropertySourcesPropertyResolver - Found key 'app.service.voyager.host' in [class path resource [config/application.properties]] with type [String] and value 'surprise.tamu.edu'
10:13:59.686 [main] DEBUG o.s.core.env.MutablePropertySources - Adding [systemProperties] PropertySource with lowest search precedence
10:13:59.686 [main] DEBUG o.s.core.env.MutablePropertySources - Adding [systemEnvironment] PropertySource with lowest search precedence
10:13:59.686 [main] DEBUG o.s.core.env.MutablePropertySources - Adding [class path resource [config/application.properties]] PropertySource with lowest search precedence
10:13:59.686 [main] DEBUG o.s.core.env.MutablePropertySources - Adding [localProperties] PropertySource with lowest search precedence
10:13:59.686 [main] DEBUG o.s.c.e.PropertySourcesPropertyResolver - Searching for key 'logging.level.org.springframework' in [systemProperties]
10:13:59.686 [main] DEBUG o.s.c.e.PropertySourcesPropertyResolver - Searching for key 'logging.level.org.springframework' in [systemEnvironment]
10:13:59.686 [main] DEBUG o.s.c.e.PropertySourcesPropertyResolver - Searching for key 'logging.level.org.springframework' in [class path resource [config/application.properties]]
10:13:59.686 [main] DEBUG o.s.c.e.PropertySourcesPropertyResolver - Found key 'logging.level.org.springframework' in [class path resource [config/application.properties]] with type [String] and value 'INFO'
10:13:59.686 [main] DEBUG o.s.core.env.MutablePropertySources - Adding [systemProperties] PropertySource with lowest search precedence
10:13:59.686 [main] DEBUG o.s.core.env.MutablePropertySources - Adding [systemEnvironment] PropertySource with lowest search precedence
10:13:59.686 [main] DEBUG o.s.core.env.MutablePropertySources - Adding [class path resource [config/application.properties]] PropertySource with lowest search precedence
10:13:59.686 [main] DEBUG o.s.core.env.MutablePropertySources - Adding [localProperties] PropertySource with lowest search precedence
10:13:59.686 [main] DEBUG o.s.c.e.PropertySourcesPropertyResolver - Searching for key 'spring.datasource.driverClassName' in [systemProperties]
10:13:59.686 [main] DEBUG o.s.c.e.PropertySourcesPropertyResolver - Searching for key 'spring.datasource.driverClassName' in [systemEnvironment]
10:13:59.686 [main] DEBUG o.s.c.e.PropertySourcesPropertyResolver - Searching for key 'spring.datasource.driverClassName' in [class path resource [config/application.properties]]
10:13:59.686 [main] DEBUG o.s.c.e.PropertySourcesPropertyResolver - Found key 'spring.datasource.driverClassName' in [class path resource [config/application.properties]] with type [String] and value 'org.postgresql.Driver'
10:13:59.686 [main] DEBUG o.s.core.env.MutablePropertySources - Adding [systemProperties] PropertySource with lowest search precedence
10:13:59.686 [main] DEBUG o.s.core.env.MutablePropertySources - Adding [systemEnvironment] PropertySource with lowest search precedence
10:13:59.686 [main] DEBUG o.s.core.env.MutablePropertySources - Adding [class path resource [config/application.properties]] PropertySource with lowest search precedence
10:13:59.686 [main] DEBUG o.s.core.env.MutablePropertySources - Adding [localProperties] PropertySource with lowest search precedence
10:13:59.686 [main] DEBUG o.s.c.e.PropertySourcesPropertyResolver - Searching for key 'app.authority.admins' in [systemProperties]
10:13:59.686 [main] DEBUG o.s.c.e.PropertySourcesPropertyResolver - Searching for key 'app.authority.admins' in [systemEnvironment]
10:13:59.686 [main] DEBUG o.s.c.e.PropertySourcesPropertyResolver - Searching for key 'app.authority.admins' in [class path resource [config/application.properties]]
10:13:59.686 [main] DEBUG o.s.c.e.PropertySourcesPropertyResolver - Found key 'app.authority.admins' in [class path resource [config/application.properties]] with type [String] and value '402001311,613001223,102001721,222004429,709005486,523008230,724001395,123456789'
10:13:59.686 [main] DEBUG o.s.core.env.MutablePropertySources - Adding [systemProperties] PropertySource with lowest search precedence
10:13:59.686 [main] DEBUG o.s.core.env.MutablePropertySources - Adding [systemEnvironment] PropertySource with lowest search precedence
10:13:59.686 [main] DEBUG o.s.core.env.MutablePropertySources - Adding [class path resource [config/application.properties]] PropertySource with lowest search precedence
10:13:59.686 [main] DEBUG o.s.core.env.MutablePropertySources - Adding [localProperties] PropertySource with lowest search precedence
10:13:59.686 [main] DEBUG o.s.c.e.PropertySourcesPropertyResolver - Searching for key 'shib.lastName' in [systemProperties]
10:13:59.686 [main] DEBUG o.s.c.e.PropertySourcesPropertyResolver - Searching for key 'shib.lastName' in [systemEnvironment]
10:13:59.686 [main] DEBUG o.s.c.e.PropertySourcesPropertyResolver - Searching for key 'shib.lastName' in [class path resource [config/application.properties]]
10:13:59.686 [main] DEBUG o.s.c.e.PropertySourcesPropertyResolver - Found key 'shib.lastName' in [class path resource [config/application.properties]] with type [String] and value 'tdl-sn'
10:13:59.686 [main] DEBUG o.s.core.env.MutablePropertySources - Adding [systemProperties] PropertySource with lowest search precedence
10:13:59.686 [main] DEBUG o.s.core.env.MutablePropertySources - Adding [systemEnvironment] PropertySource with lowest search precedence
10:13:59.687 [main] DEBUG o.s.core.env.MutablePropertySources - Adding [class path resource [config/application.properties]] PropertySource with lowest search precedence
10:13:59.687 [main] DEBUG o.s.core.env.MutablePropertySources - Adding [localProperties] PropertySource with lowest search precedence
10:13:59.687 [main] DEBUG o.s.c.e.PropertySourcesPropertyResolver - Searching for key 'app.email.host' in [systemProperties]
10:13:59.687 [main] DEBUG o.s.c.e.PropertySourcesPropertyResolver - Searching for key 'app.email.host' in [systemEnvironment]
10:13:59.687 [main] DEBUG o.s.c.e.PropertySourcesPropertyResolver - Searching for key 'app.email.host' in [class path resource [config/application.properties]]
10:13:59.687 [main] DEBUG o.s.c.e.PropertySourcesPropertyResolver - Found key 'app.email.host' in [class path resource [config/application.properties]] with type [String] and value 'relay.tamu.edu'
10:13:59.687 [main] DEBUG o.s.core.env.MutablePropertySources - Adding [systemProperties] PropertySource with lowest search precedence
10:13:59.687 [main] DEBUG o.s.core.env.MutablePropertySources - Adding [systemEnvironment] PropertySource with lowest search precedence
10:13:59.687 [main] DEBUG o.s.core.env.MutablePropertySources - Adding [class path resource [config/application.properties]] PropertySource with lowest search precedence
10:13:59.687 [main] DEBUG o.s.core.env.MutablePropertySources - Adding [localProperties] PropertySource with lowest search precedence
10:13:59.687 [main] DEBUG o.s.c.e.PropertySourcesPropertyResolver - Searching for key 'server.port' in [systemProperties]
10:13:59.687 [main] DEBUG o.s.c.e.PropertySourcesPropertyResolver - Searching for key 'server.port' in [systemEnvironment]
10:13:59.687 [main] DEBUG o.s.c.e.PropertySourcesPropertyResolver - Searching for key 'server.port' in [class path resource [config/application.properties]]
10:13:59.687 [main] DEBUG o.s.c.e.PropertySourcesPropertyResolver - Found key 'server.port' in [class path resource [config/application.properties]] with type [String] and value '9000'
10:13:59.687 [main] DEBUG o.s.core.env.MutablePropertySources - Adding [systemProperties] PropertySource with lowest search precedence
10:13:59.687 [main] DEBUG o.s.core.env.MutablePropertySources - Adding [systemEnvironment] PropertySource with lowest search precedence
10:13:59.687 [main] DEBUG o.s.core.env.MutablePropertySources - Adding [class path resource [config/application.properties]] PropertySource with lowest search precedence
10:13:59.687 [main] DEBUG o.s.core.env.MutablePropertySources - Adding [localProperties] PropertySource with lowest search precedence
10:13:59.687 [main] DEBUG o.s.c.e.PropertySourcesPropertyResolver - Searching for key 'spring.jpa.hibernate.ddl-auto' in [systemProperties]
10:13:59.687 [main] DEBUG o.s.c.e.PropertySourcesPropertyResolver - Searching for key 'spring.jpa.hibernate.ddl-auto' in [systemEnvironment]
10:13:59.687 [main] DEBUG o.s.c.e.PropertySourcesPropertyResolver - Searching for key 'spring.jpa.hibernate.ddl-auto' in [class path resource [config/application.properties]]
10:13:59.687 [main] DEBUG o.s.c.e.PropertySourcesPropertyResolver - Found key 'spring.jpa.hibernate.ddl-auto' in [class path resource [config/application.properties]] with type [String] and value 'create'
10:13:59.687 [main] DEBUG o.s.core.env.MutablePropertySources - Adding [systemProperties] PropertySource with lowest search precedence
10:13:59.687 [main] DEBUG o.s.core.env.MutablePropertySources - Adding [systemEnvironment] PropertySource with lowest search precedence
10:13:59.687 [main] DEBUG o.s.core.env.MutablePropertySources - Adding [class path resource [config/application.properties]] PropertySource with lowest search precedence
10:13:59.687 [main] DEBUG o.s.core.env.MutablePropertySources - Adding [localProperties] PropertySource with lowest search precedence
10:13:59.687 [main] DEBUG o.s.c.e.PropertySourcesPropertyResolver - Searching for key 'app.security.allow-access' in [systemProperties]
10:13:59.687 [main] DEBUG o.s.c.e.PropertySourcesPropertyResolver - Searching for key 'app.security.allow-access' in [systemEnvironment]
10:13:59.687 [main] DEBUG o.s.c.e.PropertySourcesPropertyResolver - Searching for key 'app.security.allow-access' in [class path resource [config/application.properties]]
10:13:59.687 [main] DEBUG o.s.c.e.PropertySourcesPropertyResolver - Found key 'app.security.allow-access' in [class path resource [config/application.properties]] with type [String] and value 'http://localhost,http://machuff.tamu.edu,http://imacdev.tamu.edu,http://savell.evans.tamu.edu,http://jcreel.tamu.edu'
10:13:59.774 [main] DEBUG o.s.beans.BeanWrapperImpl - Could not read previous value of property 'url'
java.lang.reflect.InvocationTargetException: null
	at sun.reflect.NativeMethodAccessorImpl.invoke0(Native Method) ~[na:1.8.0_25]
	at sun.reflect.NativeMethodAccessorImpl.invoke(NativeMethodAccessorImpl.java:62) ~[na:1.8.0_25]
	at sun.reflect.DelegatingMethodAccessorImpl.invoke(DelegatingMethodAccessorImpl.java:43) ~[na:1.8.0_25]
	at java.lang.reflect.Method.invoke(Method.java:483) ~[na:1.8.0_25]
	at org.springframework.beans.BeanWrapperImpl.setPropertyValue(BeanWrapperImpl.java:1118) [spring-beans-4.1.8.RELEASE.jar:4.1.8.RELEASE]
	at org.springframework.beans.BeanWrapperImpl.setPropertyValue(BeanWrapperImpl.java:927) [spring-beans-4.1.8.RELEASE.jar:4.1.8.RELEASE]
	at org.springframework.beans.AbstractPropertyAccessor.setPropertyValues(AbstractPropertyAccessor.java:95) [spring-beans-4.1.8.RELEASE.jar:4.1.8.RELEASE]
	at org.springframework.validation.DataBinder.applyPropertyValues(DataBinder.java:750) [spring-context-4.1.8.RELEASE.jar:4.1.8.RELEASE]
	at org.springframework.validation.DataBinder.doBind(DataBinder.java:646) [spring-context-4.1.8.RELEASE.jar:4.1.8.RELEASE]
	at org.springframework.boot.bind.RelaxedDataBinder.doBind(RelaxedDataBinder.java:123) [spring-boot-1.2.7.RELEASE.jar:1.2.7.RELEASE]
	at org.springframework.validation.DataBinder.bind(DataBinder.java:631) [spring-context-4.1.8.RELEASE.jar:4.1.8.RELEASE]
	at org.springframework.boot.bind.PropertiesConfigurationFactory.doBindPropertiesToTarget(PropertiesConfigurationFactory.java:254) [spring-boot-1.2.7.RELEASE.jar:1.2.7.RELEASE]
	at org.springframework.boot.bind.PropertiesConfigurationFactory.bindPropertiesToTarget(PropertiesConfigurationFactory.java:227) [spring-boot-1.2.7.RELEASE.jar:1.2.7.RELEASE]
	at org.springframework.boot.context.properties.ConfigurationPropertiesBindingPostProcessor.postProcessBeforeInitialization(ConfigurationPropertiesBindingPostProcessor.java:297) [spring-boot-1.2.7.RELEASE.jar:1.2.7.RELEASE]
	at org.springframework.boot.context.properties.ConfigurationPropertiesBindingPostProcessor.postProcessBeforeInitialization(ConfigurationPropertiesBindingPostProcessor.java:251) [spring-boot-1.2.7.RELEASE.jar:1.2.7.RELEASE]
	at org.springframework.beans.factory.support.AbstractAutowireCapableBeanFactory.applyBeanPostProcessorsBeforeInitialization(AbstractAutowireCapableBeanFactory.java:408) [spring-beans-4.1.8.RELEASE.jar:4.1.8.RELEASE]
	at org.springframework.beans.factory.support.AbstractAutowireCapableBeanFactory.initializeBean(AbstractAutowireCapableBeanFactory.java:1564) [spring-beans-4.1.8.RELEASE.jar:4.1.8.RELEASE]
	at org.springframework.beans.factory.support.AbstractAutowireCapableBeanFactory.doCreateBean(AbstractAutowireCapableBeanFactory.java:539) [spring-beans-4.1.8.RELEASE.jar:4.1.8.RELEASE]
	at org.springframework.beans.factory.support.AbstractAutowireCapableBeanFactory.createBean(AbstractAutowireCapableBeanFactory.java:476) [spring-beans-4.1.8.RELEASE.jar:4.1.8.RELEASE]
	at org.springframework.beans.factory.support.AbstractBeanFactory$1.getObject(AbstractBeanFactory.java:303) [spring-beans-4.1.8.RELEASE.jar:4.1.8.RELEASE]
	at org.springframework.beans.factory.support.DefaultSingletonBeanRegistry.getSingleton(DefaultSingletonBeanRegistry.java:230) [spring-beans-4.1.8.RELEASE.jar:4.1.8.RELEASE]
	at org.springframework.beans.factory.support.AbstractBeanFactory.doGetBean(AbstractBeanFactory.java:299) [spring-beans-4.1.8.RELEASE.jar:4.1.8.RELEASE]
	at org.springframework.beans.factory.support.AbstractBeanFactory.getBean(AbstractBeanFactory.java:194) [spring-beans-4.1.8.RELEASE.jar:4.1.8.RELEASE]
	at org.springframework.beans.factory.support.DefaultListableBeanFactory.findAutowireCandidates(DefaultListableBeanFactory.java:1120) [spring-beans-4.1.8.RELEASE.jar:4.1.8.RELEASE]
	at org.springframework.beans.factory.support.DefaultListableBeanFactory.doResolveDependency(DefaultListableBeanFactory.java:1044) [spring-beans-4.1.8.RELEASE.jar:4.1.8.RELEASE]
	at org.springframework.beans.factory.support.DefaultListableBeanFactory.resolveDependency(DefaultListableBeanFactory.java:942) [spring-beans-4.1.8.RELEASE.jar:4.1.8.RELEASE]
	at org.springframework.beans.factory.annotation.AutowiredAnnotationBeanPostProcessor$AutowiredFieldElement.inject(AutowiredAnnotationBeanPostProcessor.java:533) [spring-beans-4.1.8.RELEASE.jar:4.1.8.RELEASE]
	at org.springframework.beans.factory.annotation.InjectionMetadata.inject(InjectionMetadata.java:88) [spring-beans-4.1.8.RELEASE.jar:4.1.8.RELEASE]
	at org.springframework.beans.factory.annotation.AutowiredAnnotationBeanPostProcessor.postProcessPropertyValues(AutowiredAnnotationBeanPostProcessor.java:331) [spring-beans-4.1.8.RELEASE.jar:4.1.8.RELEASE]
	at org.springframework.beans.factory.support.AbstractAutowireCapableBeanFactory.populateBean(AbstractAutowireCapableBeanFactory.java:1208) [spring-beans-4.1.8.RELEASE.jar:4.1.8.RELEASE]
	at org.springframework.beans.factory.support.AbstractAutowireCapableBeanFactory.doCreateBean(AbstractAutowireCapableBeanFactory.java:537) [spring-beans-4.1.8.RELEASE.jar:4.1.8.RELEASE]
	at org.springframework.beans.factory.support.AbstractAutowireCapableBeanFactory.createBean(AbstractAutowireCapableBeanFactory.java:476) [spring-beans-4.1.8.RELEASE.jar:4.1.8.RELEASE]
	at org.springframework.beans.factory.support.AbstractBeanFactory$1.getObject(AbstractBeanFactory.java:303) [spring-beans-4.1.8.RELEASE.jar:4.1.8.RELEASE]
	at org.springframework.beans.factory.support.DefaultSingletonBeanRegistry.getSingleton(DefaultSingletonBeanRegistry.java:230) [spring-beans-4.1.8.RELEASE.jar:4.1.8.RELEASE]
	at org.springframework.beans.factory.support.AbstractBeanFactory.doGetBean(AbstractBeanFactory.java:299) [spring-beans-4.1.8.RELEASE.jar:4.1.8.RELEASE]
	at org.springframework.beans.factory.support.AbstractBeanFactory.getBean(AbstractBeanFactory.java:217) [spring-beans-4.1.8.RELEASE.jar:4.1.8.RELEASE]
	at org.springframework.beans.factory.support.DefaultListableBeanFactory.getBean(DefaultListableBeanFactory.java:350) [spring-beans-4.1.8.RELEASE.jar:4.1.8.RELEASE]
	at org.springframework.beans.factory.support.DefaultListableBeanFactory.getBean(DefaultListableBeanFactory.java:331) [spring-beans-4.1.8.RELEASE.jar:4.1.8.RELEASE]
	at org.springframework.boot.autoconfigure.jdbc.DataSourceInitializerPostProcessor.postProcessAfterInitialization(DataSourceInitializerPostProcessor.java:62) [spring-boot-autoconfigure-1.2.7.RELEASE.jar:1.2.7.RELEASE]
	at org.springframework.beans.factory.support.AbstractAutowireCapableBeanFactory.applyBeanPostProcessorsAfterInitialization(AbstractAutowireCapableBeanFactory.java:422) [spring-beans-4.1.8.RELEASE.jar:4.1.8.RELEASE]
	at org.springframework.beans.factory.support.AbstractAutowireCapableBeanFactory.initializeBean(AbstractAutowireCapableBeanFactory.java:1577) [spring-beans-4.1.8.RELEASE.jar:4.1.8.RELEASE]
	at org.springframework.beans.factory.support.AbstractAutowireCapableBeanFactory.doCreateBean(AbstractAutowireCapableBeanFactory.java:539) [spring-beans-4.1.8.RELEASE.jar:4.1.8.RELEASE]
	at org.springframework.beans.factory.support.AbstractAutowireCapableBeanFactory.createBean(AbstractAutowireCapableBeanFactory.java:476) [spring-beans-4.1.8.RELEASE.jar:4.1.8.RELEASE]
	at org.springframework.beans.factory.support.AbstractBeanFactory$1.getObject(AbstractBeanFactory.java:303) [spring-beans-4.1.8.RELEASE.jar:4.1.8.RELEASE]
	at org.springframework.beans.factory.support.DefaultSingletonBeanRegistry.getSingleton(DefaultSingletonBeanRegistry.java:230) [spring-beans-4.1.8.RELEASE.jar:4.1.8.RELEASE]
	at org.springframework.beans.factory.support.AbstractBeanFactory.doGetBean(AbstractBeanFactory.java:299) [spring-beans-4.1.8.RELEASE.jar:4.1.8.RELEASE]
	at org.springframework.beans.factory.support.AbstractBeanFactory.getBean(AbstractBeanFactory.java:194) [spring-beans-4.1.8.RELEASE.jar:4.1.8.RELEASE]
	at org.springframework.beans.factory.support.DefaultListableBeanFactory.findAutowireCandidates(DefaultListableBeanFactory.java:1120) [spring-beans-4.1.8.RELEASE.jar:4.1.8.RELEASE]
	at org.springframework.beans.factory.support.DefaultListableBeanFactory.doResolveDependency(DefaultListableBeanFactory.java:1044) [spring-beans-4.1.8.RELEASE.jar:4.1.8.RELEASE]
	at org.springframework.beans.factory.support.DefaultListableBeanFactory.resolveDependency(DefaultListableBeanFactory.java:942) [spring-beans-4.1.8.RELEASE.jar:4.1.8.RELEASE]
	at org.springframework.beans.factory.annotation.AutowiredAnnotationBeanPostProcessor$AutowiredFieldElement.inject(AutowiredAnnotationBeanPostProcessor.java:533) [spring-beans-4.1.8.RELEASE.jar:4.1.8.RELEASE]
	at org.springframework.beans.factory.annotation.InjectionMetadata.inject(InjectionMetadata.java:88) [spring-beans-4.1.8.RELEASE.jar:4.1.8.RELEASE]
	at org.springframework.beans.factory.annotation.AutowiredAnnotationBeanPostProcessor.postProcessPropertyValues(AutowiredAnnotationBeanPostProcessor.java:331) [spring-beans-4.1.8.RELEASE.jar:4.1.8.RELEASE]
	at org.springframework.beans.factory.support.AbstractAutowireCapableBeanFactory.populateBean(AbstractAutowireCapableBeanFactory.java:1208) [spring-beans-4.1.8.RELEASE.jar:4.1.8.RELEASE]
	at org.springframework.beans.factory.support.AbstractAutowireCapableBeanFactory.doCreateBean(AbstractAutowireCapableBeanFactory.java:537) [spring-beans-4.1.8.RELEASE.jar:4.1.8.RELEASE]
	at org.springframework.beans.factory.support.AbstractAutowireCapableBeanFactory.createBean(AbstractAutowireCapableBeanFactory.java:476) [spring-beans-4.1.8.RELEASE.jar:4.1.8.RELEASE]
	at org.springframework.beans.factory.support.AbstractBeanFactory$1.getObject(AbstractBeanFactory.java:303) [spring-beans-4.1.8.RELEASE.jar:4.1.8.RELEASE]
	at org.springframework.beans.factory.support.DefaultSingletonBeanRegistry.getSingleton(DefaultSingletonBeanRegistry.java:230) [spring-beans-4.1.8.RELEASE.jar:4.1.8.RELEASE]
	at org.springframework.beans.factory.support.AbstractBeanFactory.doGetBean(AbstractBeanFactory.java:299) [spring-beans-4.1.8.RELEASE.jar:4.1.8.RELEASE]
	at org.springframework.beans.factory.support.AbstractBeanFactory.getBean(AbstractBeanFactory.java:194) [spring-beans-4.1.8.RELEASE.jar:4.1.8.RELEASE]
	at org.springframework.beans.factory.support.ConstructorResolver.instantiateUsingFactoryMethod(ConstructorResolver.java:368) [spring-beans-4.1.8.RELEASE.jar:4.1.8.RELEASE]
	at org.springframework.beans.factory.support.AbstractAutowireCapableBeanFactory.instantiateUsingFactoryMethod(AbstractAutowireCapableBeanFactory.java:1117) [spring-beans-4.1.8.RELEASE.jar:4.1.8.RELEASE]
	at org.springframework.beans.factory.support.AbstractAutowireCapableBeanFactory.createBeanInstance(AbstractAutowireCapableBeanFactory.java:1012) [spring-beans-4.1.8.RELEASE.jar:4.1.8.RELEASE]
	at org.springframework.beans.factory.support.AbstractAutowireCapableBeanFactory.doCreateBean(AbstractAutowireCapableBeanFactory.java:504) [spring-beans-4.1.8.RELEASE.jar:4.1.8.RELEASE]
	at org.springframework.beans.factory.support.AbstractAutowireCapableBeanFactory.createBean(AbstractAutowireCapableBeanFactory.java:476) [spring-beans-4.1.8.RELEASE.jar:4.1.8.RELEASE]
	at org.springframework.beans.factory.support.AbstractBeanFactory$1.getObject(AbstractBeanFactory.java:303) [spring-beans-4.1.8.RELEASE.jar:4.1.8.RELEASE]
	at org.springframework.beans.factory.support.DefaultSingletonBeanRegistry.getSingleton(DefaultSingletonBeanRegistry.java:230) [spring-beans-4.1.8.RELEASE.jar:4.1.8.RELEASE]
	at org.springframework.beans.factory.support.AbstractBeanFactory.doGetBean(AbstractBeanFactory.java:299) [spring-beans-4.1.8.RELEASE.jar:4.1.8.RELEASE]
	at org.springframework.beans.factory.support.AbstractBeanFactory.getBean(AbstractBeanFactory.java:194) [spring-beans-4.1.8.RELEASE.jar:4.1.8.RELEASE]
	at org.springframework.context.support.AbstractApplicationContext.getBean(AbstractApplicationContext.java:960) [spring-context-4.1.8.RELEASE.jar:4.1.8.RELEASE]
	at org.springframework.context.support.AbstractApplicationContext.finishBeanFactoryInitialization(AbstractApplicationContext.java:749) [spring-context-4.1.8.RELEASE.jar:4.1.8.RELEASE]
	at org.springframework.context.support.AbstractApplicationContext.refresh(AbstractApplicationContext.java:480) [spring-context-4.1.8.RELEASE.jar:4.1.8.RELEASE]
	at org.springframework.test.context.support.AbstractGenericContextLoader.loadContext(AbstractGenericContextLoader.java:125) [spring-test-4.1.8.RELEASE.jar:4.1.8.RELEASE]
	at org.springframework.test.context.support.AbstractGenericContextLoader.loadContext(AbstractGenericContextLoader.java:60) [spring-test-4.1.8.RELEASE.jar:4.1.8.RELEASE]
	at org.springframework.test.context.support.AbstractDelegatingSmartContextLoader.delegateLoading(AbstractDelegatingSmartContextLoader.java:109) [spring-test-4.1.8.RELEASE.jar:4.1.8.RELEASE]
	at org.springframework.test.context.support.AbstractDelegatingSmartContextLoader.loadContext(AbstractDelegatingSmartContextLoader.java:261) [spring-test-4.1.8.RELEASE.jar:4.1.8.RELEASE]
	at org.springframework.test.context.DefaultCacheAwareContextLoaderDelegate.loadContextInternal(DefaultCacheAwareContextLoaderDelegate.java:68) [spring-test-4.1.8.RELEASE.jar:4.1.8.RELEASE]
	at org.springframework.test.context.DefaultCacheAwareContextLoaderDelegate.loadContext(DefaultCacheAwareContextLoaderDelegate.java:86) [spring-test-4.1.8.RELEASE.jar:4.1.8.RELEASE]
	at org.springframework.test.context.DefaultTestContext.getApplicationContext(DefaultTestContext.java:72) [spring-test-4.1.8.RELEASE.jar:4.1.8.RELEASE]
	at org.springframework.test.context.support.DependencyInjectionTestExecutionListener.injectDependencies(DependencyInjectionTestExecutionListener.java:117) [spring-test-4.1.8.RELEASE.jar:4.1.8.RELEASE]
	at org.springframework.test.context.support.DependencyInjectionTestExecutionListener.prepareTestInstance(DependencyInjectionTestExecutionListener.java:83) [spring-test-4.1.8.RELEASE.jar:4.1.8.RELEASE]
	at org.springframework.test.context.TestContextManager.prepareTestInstance(TestContextManager.java:212) [spring-test-4.1.8.RELEASE.jar:4.1.8.RELEASE]
	at org.springframework.test.context.junit4.SpringJUnit4ClassRunner.createTest(SpringJUnit4ClassRunner.java:200) [spring-test-4.1.8.RELEASE.jar:4.1.8.RELEASE]
	at org.springframework.test.context.junit4.SpringJUnit4ClassRunner$1.runReflectiveCall(SpringJUnit4ClassRunner.java:259) [spring-test-4.1.8.RELEASE.jar:4.1.8.RELEASE]
	at org.junit.internal.runners.model.ReflectiveCallable.run(ReflectiveCallable.java:12) [junit-4.12.jar:4.12]
	at org.springframework.test.context.junit4.SpringJUnit4ClassRunner.methodBlock(SpringJUnit4ClassRunner.java:261) [spring-test-4.1.8.RELEASE.jar:4.1.8.RELEASE]
	at org.springframework.test.context.junit4.SpringJUnit4ClassRunner.runChild(SpringJUnit4ClassRunner.java:219) [spring-test-4.1.8.RELEASE.jar:4.1.8.RELEASE]
	at org.springframework.test.context.junit4.SpringJUnit4ClassRunner.runChild(SpringJUnit4ClassRunner.java:83) [spring-test-4.1.8.RELEASE.jar:4.1.8.RELEASE]
	at org.junit.runners.ParentRunner$3.run(ParentRunner.java:290) [junit-4.12.jar:4.12]
	at org.junit.runners.ParentRunner$1.schedule(ParentRunner.java:71) [junit-4.12.jar:4.12]
	at org.junit.runners.ParentRunner.runChildren(ParentRunner.java:288) [junit-4.12.jar:4.12]
	at org.junit.runners.ParentRunner.access$000(ParentRunner.java:58) [junit-4.12.jar:4.12]
	at org.junit.runners.ParentRunner$2.evaluate(ParentRunner.java:268) [junit-4.12.jar:4.12]
	at org.springframework.test.context.junit4.statements.RunBeforeTestClassCallbacks.evaluate(RunBeforeTestClassCallbacks.java:61) [spring-test-4.1.8.RELEASE.jar:4.1.8.RELEASE]
	at org.springframework.test.context.junit4.statements.RunAfterTestClassCallbacks.evaluate(RunAfterTestClassCallbacks.java:70) [spring-test-4.1.8.RELEASE.jar:4.1.8.RELEASE]
	at org.junit.runners.ParentRunner.run(ParentRunner.java:363) [junit-4.12.jar:4.12]
	at org.springframework.test.context.junit4.SpringJUnit4ClassRunner.run(SpringJUnit4ClassRunner.java:163) [spring-test-4.1.8.RELEASE.jar:4.1.8.RELEASE]
	at org.apache.maven.surefire.junit4.JUnit4Provider.execute(JUnit4Provider.java:264) [surefire-junit4-2.17.jar:2.17]
	at org.apache.maven.surefire.junit4.JUnit4Provider.executeTestSet(JUnit4Provider.java:153) [surefire-junit4-2.17.jar:2.17]
	at org.apache.maven.surefire.junit4.JUnit4Provider.invoke(JUnit4Provider.java:124) [surefire-junit4-2.17.jar:2.17]
	at org.apache.maven.surefire.booter.ForkedBooter.invokeProviderInSameClassLoader(ForkedBooter.java:200) [surefire-booter-2.17.jar:2.17]
	at org.apache.maven.surefire.booter.ForkedBooter.runSuitesInProcess(ForkedBooter.java:153) [surefire-booter-2.17.jar:2.17]
	at org.apache.maven.surefire.booter.ForkedBooter.main(ForkedBooter.java:103) [surefire-booter-2.17.jar:2.17]
Caused by: org.springframework.beans.factory.BeanCreationException: Cannot determine embedded database url for database type NONE. If you want an embedded database please put a supported one on the classpath.
	at org.springframework.boot.autoconfigure.jdbc.DataSourceProperties.getUrl(DataSourceProperties.java:152) ~[spring-boot-autoconfigure-1.2.7.RELEASE.jar:1.2.7.RELEASE]
	... 103 common frames omitted
10:13:59.779 [main] DEBUG o.s.b.f.s.DefaultListableBeanFactory - Invoking afterPropertiesSet() on bean with name 'spring.datasource.CONFIGURATION_PROPERTIES'
10:13:59.780 [main] DEBUG o.s.b.f.s.DefaultListableBeanFactory - Returning cached instance of singleton bean 'org.springframework.transaction.config.internalTransactionAdvisor'
10:13:59.780 [main] DEBUG o.s.b.f.s.DefaultListableBeanFactory - Returning cached instance of singleton bean 'org.springframework.transaction.config.internalTransactionAdvisor'
10:13:59.783 [main] DEBUG o.s.s.a.ScheduledAnnotationBeanPostProcessor - No @Scheduled annotations found on bean class: class org.springframework.boot.autoconfigure.jdbc.DataSourceProperties
10:13:59.783 [main] DEBUG o.s.b.f.s.DefaultListableBeanFactory - Finished creating instance of bean 'spring.datasource.CONFIGURATION_PROPERTIES'
10:13:59.783 [main] DEBUG o.s.b.f.a.AutowiredAnnotationBeanPostProcessor - Autowiring by type from bean name 'dataSourceInitializer' to bean named 'spring.datasource.CONFIGURATION_PROPERTIES'
10:13:59.783 [main] DEBUG o.s.c.a.CommonAnnotationBeanPostProcessor - Invoking init method on bean 'dataSourceInitializer': public void org.springframework.boot.autoconfigure.jdbc.DataSourceInitializer.init()
10:13:59.793 [main] DEBUG o.s.b.f.s.DefaultListableBeanFactory - Returning eagerly cached instance of singleton bean 'dataSource' that is not fully initialized yet - a consequence of a circular reference
10:13:59.793 [main] DEBUG o.s.b.f.s.DefaultListableBeanFactory - Returning cached instance of singleton bean 'org.springframework.transaction.config.internalTransactionAdvisor'
10:13:59.793 [main] DEBUG o.s.b.f.s.DefaultListableBeanFactory - Returning cached instance of singleton bean 'org.springframework.transaction.config.internalTransactionAdvisor'
10:13:59.794 [main] DEBUG o.s.s.a.ScheduledAnnotationBeanPostProcessor - No @Scheduled annotations found on bean class: class org.springframework.boot.autoconfigure.jdbc.DataSourceInitializer
10:13:59.794 [main] DEBUG o.s.b.f.s.DefaultListableBeanFactory - Finished creating instance of bean 'dataSourceInitializer'
10:13:59.794 [main] DEBUG o.s.s.a.ScheduledAnnotationBeanPostProcessor - No @Scheduled annotations found on bean class: class org.springframework.jdbc.datasource.embedded.EmbeddedDatabaseFactory$EmbeddedDataSourceProxy
10:13:59.794 [main] DEBUG o.s.b.f.s.DefaultListableBeanFactory - Finished creating instance of bean 'dataSource'
10:13:59.794 [main] DEBUG o.s.b.f.a.AutowiredAnnotationBeanPostProcessor - Autowiring by type from bean name 'org.springframework.boot.autoconfigure.orm.jpa.HibernateJpaAutoConfiguration' to bean named 'dataSource'
10:13:59.794 [main] DEBUG o.s.b.f.annotation.InjectionMetadata - Processing injected element of bean 'org.springframework.boot.autoconfigure.orm.jpa.HibernateJpaAutoConfiguration': AutowiredFieldElement for private org.springframework.orm.jpa.persistenceunit.PersistenceUnitManager org.springframework.boot.autoconfigure.orm.jpa.JpaBaseConfiguration.persistenceUnitManager
10:13:59.797 [main] DEBUG o.s.b.f.annotation.InjectionMetadata - Processing injected element of bean 'org.springframework.boot.autoconfigure.orm.jpa.HibernateJpaAutoConfiguration': AutowiredFieldElement for private org.springframework.boot.autoconfigure.orm.jpa.JpaProperties org.springframework.boot.autoconfigure.orm.jpa.JpaBaseConfiguration.jpaProperties
10:13:59.800 [main] DEBUG o.s.b.f.s.DefaultListableBeanFactory - Creating shared instance of singleton bean 'spring.jpa.CONFIGURATION_PROPERTIES'
10:13:59.800 [main] DEBUG o.s.b.f.s.DefaultListableBeanFactory - Creating instance of bean 'spring.jpa.CONFIGURATION_PROPERTIES'
10:13:59.800 [main] DEBUG o.s.b.f.s.DefaultListableBeanFactory - Returning cached instance of singleton bean 'org.springframework.transaction.config.internalTransactionAdvisor'
10:13:59.801 [main] DEBUG o.s.b.f.s.DefaultListableBeanFactory - Eagerly caching bean 'spring.jpa.CONFIGURATION_PROPERTIES' to allow for resolving potential circular references
10:13:59.803 [main] DEBUG o.s.core.env.MutablePropertySources - Adding [systemProperties] PropertySource with lowest search precedence
10:13:59.803 [main] DEBUG o.s.core.env.MutablePropertySources - Adding [systemEnvironment] PropertySource with lowest search precedence
10:13:59.803 [main] DEBUG o.s.core.env.MutablePropertySources - Adding [class path resource [config/application.properties]] PropertySource with lowest search precedence
10:13:59.803 [main] DEBUG o.s.core.env.MutablePropertySources - Adding [localProperties] PropertySource with lowest search precedence
10:13:59.803 [main] DEBUG o.s.core.env.MutablePropertySources - Adding [systemProperties] PropertySource with lowest search precedence
10:13:59.804 [main] DEBUG o.s.core.env.MutablePropertySources - Adding [systemEnvironment] PropertySource with lowest search precedence
10:13:59.804 [main] DEBUG o.s.core.env.MutablePropertySources - Adding [class path resource [config/application.properties]] PropertySource with lowest search precedence
10:13:59.804 [main] DEBUG o.s.core.env.MutablePropertySources - Adding [localProperties] PropertySource with lowest search precedence
10:13:59.804 [main] DEBUG o.s.c.e.PropertySourcesPropertyResolver - Searching for key 'app.security.jwt.secret_key' in [systemProperties]
10:13:59.804 [main] DEBUG o.s.c.e.PropertySourcesPropertyResolver - Searching for key 'app.security.jwt.secret_key' in [systemEnvironment]
10:13:59.804 [main] DEBUG o.s.c.e.PropertySourcesPropertyResolver - Searching for key 'app.security.jwt.secret_key' in [class path resource [config/application.properties]]
10:13:59.804 [main] DEBUG o.s.c.e.PropertySourcesPropertyResolver - Found key 'app.security.jwt.secret_key' in [class path resource [config/application.properties]] with type [String] and value 'verysecretsecret'
10:13:59.804 [main] DEBUG o.s.core.env.MutablePropertySources - Adding [systemProperties] PropertySource with lowest search precedence
10:13:59.804 [main] DEBUG o.s.core.env.MutablePropertySources - Adding [systemEnvironment] PropertySource with lowest search precedence
10:13:59.804 [main] DEBUG o.s.core.env.MutablePropertySources - Adding [class path resource [config/application.properties]] PropertySource with lowest search precedence
10:13:59.804 [main] DEBUG o.s.core.env.MutablePropertySources - Adding [localProperties] PropertySource with lowest search precedence
10:13:59.804 [main] DEBUG o.s.c.e.PropertySourcesPropertyResolver - Searching for key 'app.whitelist' in [systemProperties]
10:13:59.804 [main] DEBUG o.s.c.e.PropertySourcesPropertyResolver - Searching for key 'app.whitelist' in [systemEnvironment]
10:13:59.804 [main] DEBUG o.s.c.e.PropertySourcesPropertyResolver - Searching for key 'app.whitelist' in [class path resource [config/application.properties]]
10:13:59.804 [main] DEBUG o.s.c.e.PropertySourcesPropertyResolver - Found key 'app.whitelist' in [class path resource [config/application.properties]] with type [String] and value '127.0.0.1'
10:13:59.804 [main] DEBUG o.s.core.env.MutablePropertySources - Adding [systemProperties] PropertySource with lowest search precedence
10:13:59.804 [main] DEBUG o.s.core.env.MutablePropertySources - Adding [systemEnvironment] PropertySource with lowest search precedence
10:13:59.804 [main] DEBUG o.s.core.env.MutablePropertySources - Adding [class path resource [config/application.properties]] PropertySource with lowest search precedence
10:13:59.804 [main] DEBUG o.s.core.env.MutablePropertySources - Adding [localProperties] PropertySource with lowest search precedence
10:13:59.804 [main] DEBUG o.s.c.e.PropertySourcesPropertyResolver - Searching for key 'app.email.address' in [systemProperties]
10:13:59.804 [main] DEBUG o.s.c.e.PropertySourcesPropertyResolver - Searching for key 'app.email.address' in [systemEnvironment]
10:13:59.804 [main] DEBUG o.s.c.e.PropertySourcesPropertyResolver - Searching for key 'app.email.address' in [class path resource [config/application.properties]]
10:13:59.804 [main] DEBUG o.s.c.e.PropertySourcesPropertyResolver - Found key 'app.email.address' in [class path resource [config/application.properties]] with type [String] and value 'dhahn@library.tamu.edu'
10:13:59.804 [main] DEBUG o.s.core.env.MutablePropertySources - Adding [systemProperties] PropertySource with lowest search precedence
10:13:59.804 [main] DEBUG o.s.core.env.MutablePropertySources - Adding [systemEnvironment] PropertySource with lowest search precedence
10:13:59.804 [main] DEBUG o.s.core.env.MutablePropertySources - Adding [class path resource [config/application.properties]] PropertySource with lowest search precedence
10:13:59.804 [main] DEBUG o.s.core.env.MutablePropertySources - Adding [localProperties] PropertySource with lowest search precedence
10:13:59.804 [main] DEBUG o.s.c.e.PropertySourcesPropertyResolver - Searching for key 'app.service.voyager.app' in [systemProperties]
10:13:59.804 [main] DEBUG o.s.c.e.PropertySourcesPropertyResolver - Searching for key 'app.service.voyager.app' in [systemEnvironment]
10:13:59.804 [main] DEBUG o.s.c.e.PropertySourcesPropertyResolver - Searching for key 'app.service.voyager.app' in [class path resource [config/application.properties]]
10:13:59.804 [main] DEBUG o.s.c.e.PropertySourcesPropertyResolver - Found key 'app.service.voyager.app' in [class path resource [config/application.properties]] with type [String] and value 'vxws'
10:13:59.804 [main] DEBUG o.s.core.env.MutablePropertySources - Adding [systemProperties] PropertySource with lowest search precedence
10:13:59.804 [main] DEBUG o.s.core.env.MutablePropertySources - Adding [systemEnvironment] PropertySource with lowest search precedence
10:13:59.804 [main] DEBUG o.s.core.env.MutablePropertySources - Adding [class path resource [config/application.properties]] PropertySource with lowest search precedence
10:13:59.804 [main] DEBUG o.s.core.env.MutablePropertySources - Adding [localProperties] PropertySource with lowest search precedence
10:13:59.804 [main] DEBUG o.s.c.e.PropertySourcesPropertyResolver - Searching for key 'spring.datasource.test-on-borrow' in [systemProperties]
10:13:59.804 [main] DEBUG o.s.c.e.PropertySourcesPropertyResolver - Searching for key 'spring.datasource.test-on-borrow' in [systemEnvironment]
10:13:59.804 [main] DEBUG o.s.c.e.PropertySourcesPropertyResolver - Searching for key 'spring.datasource.test-on-borrow' in [class path resource [config/application.properties]]
10:13:59.804 [main] DEBUG o.s.c.e.PropertySourcesPropertyResolver - Found key 'spring.datasource.test-on-borrow' in [class path resource [config/application.properties]] with type [String] and value 'true'
10:13:59.804 [main] DEBUG o.s.core.env.MutablePropertySources - Adding [systemProperties] PropertySource with lowest search precedence
10:13:59.804 [main] DEBUG o.s.core.env.MutablePropertySources - Adding [systemEnvironment] PropertySource with lowest search precedence
10:13:59.804 [main] DEBUG o.s.core.env.MutablePropertySources - Adding [class path resource [config/application.properties]] PropertySource with lowest search precedence
10:13:59.804 [main] DEBUG o.s.core.env.MutablePropertySources - Adding [localProperties] PropertySource with lowest search precedence
10:13:59.804 [main] DEBUG o.s.c.e.PropertySourcesPropertyResolver - Searching for key 'shib.email' in [systemProperties]
10:13:59.804 [main] DEBUG o.s.c.e.PropertySourcesPropertyResolver - Searching for key 'shib.email' in [systemEnvironment]
10:13:59.804 [main] DEBUG o.s.c.e.PropertySourcesPropertyResolver - Searching for key 'shib.email' in [class path resource [config/application.properties]]
10:13:59.804 [main] DEBUG o.s.c.e.PropertySourcesPropertyResolver - Found key 'shib.email' in [class path resource [config/application.properties]] with type [String] and value 'tdl-mail'
10:13:59.804 [main] DEBUG o.s.core.env.MutablePropertySources - Adding [systemProperties] PropertySource with lowest search precedence
10:13:59.804 [main] DEBUG o.s.core.env.MutablePropertySources - Adding [systemEnvironment] PropertySource with lowest search precedence
10:13:59.804 [main] DEBUG o.s.core.env.MutablePropertySources - Adding [class path resource [config/application.properties]] PropertySource with lowest search precedence
10:13:59.804 [main] DEBUG o.s.core.env.MutablePropertySources - Adding [localProperties] PropertySource with lowest search precedence
10:13:59.804 [main] DEBUG o.s.c.e.PropertySourcesPropertyResolver - Searching for key 'spring.datasource.url' in [systemProperties]
10:13:59.804 [main] DEBUG o.s.c.e.PropertySourcesPropertyResolver - Searching for key 'spring.datasource.url' in [systemEnvironment]
10:13:59.804 [main] DEBUG o.s.c.e.PropertySourcesPropertyResolver - Searching for key 'spring.datasource.url' in [class path resource [config/application.properties]]
10:13:59.804 [main] DEBUG o.s.c.e.PropertySourcesPropertyResolver - Found key 'spring.datasource.url' in [class path resource [config/application.properties]] with type [String] and value 'jdbc:postgresql://localhost:5432/spring_seed'
10:13:59.804 [main] DEBUG o.s.core.env.MutablePropertySources - Adding [systemProperties] PropertySource with lowest search precedence
10:13:59.804 [main] DEBUG o.s.core.env.MutablePropertySources - Adding [systemEnvironment] PropertySource with lowest search precedence
10:13:59.804 [main] DEBUG o.s.core.env.MutablePropertySources - Adding [class path resource [config/application.properties]] PropertySource with lowest search precedence
10:13:59.804 [main] DEBUG o.s.core.env.MutablePropertySources - Adding [localProperties] PropertySource with lowest search precedence
10:13:59.804 [main] DEBUG o.s.c.e.PropertySourcesPropertyResolver - Searching for key 'shib.netid' in [systemProperties]
10:13:59.804 [main] DEBUG o.s.c.e.PropertySourcesPropertyResolver - Searching for key 'shib.netid' in [systemEnvironment]
10:13:59.804 [main] DEBUG o.s.c.e.PropertySourcesPropertyResolver - Searching for key 'shib.netid' in [class path resource [config/application.properties]]
10:13:59.804 [main] DEBUG o.s.c.e.PropertySourcesPropertyResolver - Found key 'shib.netid' in [class path resource [config/application.properties]] with type [String] and value 'edupersonprincipalnameunscoped'
10:13:59.804 [main] DEBUG o.s.core.env.MutablePropertySources - Adding [systemProperties] PropertySource with lowest search precedence
10:13:59.804 [main] DEBUG o.s.core.env.MutablePropertySources - Adding [systemEnvironment] PropertySource with lowest search precedence
10:13:59.804 [main] DEBUG o.s.core.env.MutablePropertySources - Adding [class path resource [config/application.properties]] PropertySource with lowest search precedence
10:13:59.804 [main] DEBUG o.s.core.env.MutablePropertySources - Adding [localProperties] PropertySource with lowest search precedence
10:13:59.804 [main] DEBUG o.s.c.e.PropertySourcesPropertyResolver - Searching for key 'shib.keys' in [systemProperties]
10:13:59.804 [main] DEBUG o.s.c.e.PropertySourcesPropertyResolver - Searching for key 'shib.keys' in [systemEnvironment]
10:13:59.805 [main] DEBUG o.s.c.e.PropertySourcesPropertyResolver - Searching for key 'shib.keys' in [class path resource [config/application.properties]]
10:13:59.805 [main] DEBUG o.s.c.e.PropertySourcesPropertyResolver - Found key 'shib.keys' in [class path resource [config/application.properties]] with type [String] and value 'netid,uin,lastName,firstName,email'
10:13:59.805 [main] DEBUG o.s.core.env.MutablePropertySources - Adding [systemProperties] PropertySource with lowest search precedence
10:13:59.805 [main] DEBUG o.s.core.env.MutablePropertySources - Adding [systemEnvironment] PropertySource with lowest search precedence
10:13:59.805 [main] DEBUG o.s.core.env.MutablePropertySources - Adding [class path resource [config/application.properties]] PropertySource with lowest search precedence
10:13:59.805 [main] DEBUG o.s.core.env.MutablePropertySources - Adding [localProperties] PropertySource with lowest search precedence
10:13:59.805 [main] DEBUG o.s.c.e.PropertySourcesPropertyResolver - Searching for key 'spring.datasource.password' in [systemProperties]
10:13:59.805 [main] DEBUG o.s.c.e.PropertySourcesPropertyResolver - Searching for key 'spring.datasource.password' in [systemEnvironment]
10:13:59.805 [main] DEBUG o.s.c.e.PropertySourcesPropertyResolver - Searching for key 'spring.datasource.password' in [class path resource [config/application.properties]]
10:13:59.805 [main] DEBUG o.s.c.e.PropertySourcesPropertyResolver - Found key 'spring.datasource.password' in [class path resource [config/application.properties]] with type [String] and value 'spring'
10:13:59.805 [main] DEBUG o.s.core.env.MutablePropertySources - Adding [systemProperties] PropertySource with lowest search precedence
10:13:59.805 [main] DEBUG o.s.core.env.MutablePropertySources - Adding [systemEnvironment] PropertySource with lowest search precedence
10:13:59.805 [main] DEBUG o.s.core.env.MutablePropertySources - Adding [class path resource [config/application.properties]] PropertySource with lowest search precedence
10:13:59.805 [main] DEBUG o.s.core.env.MutablePropertySources - Adding [localProperties] PropertySource with lowest search precedence
10:13:59.805 [main] DEBUG o.s.c.e.PropertySourcesPropertyResolver - Searching for key 'spring.jpa.database-platform' in [systemProperties]
10:13:59.805 [main] DEBUG o.s.c.e.PropertySourcesPropertyResolver - Searching for key 'spring.jpa.database-platform' in [systemEnvironment]
10:13:59.805 [main] DEBUG o.s.c.e.PropertySourcesPropertyResolver - Searching for key 'spring.jpa.database-platform' in [class path resource [config/application.properties]]
10:13:59.805 [main] DEBUG o.s.c.e.PropertySourcesPropertyResolver - Found key 'spring.jpa.database-platform' in [class path resource [config/application.properties]] with type [String] and value 'org.hibernate.dialect.PostgreSQLDialect'
10:13:59.805 [main] DEBUG o.s.core.env.MutablePropertySources - Adding [systemProperties] PropertySource with lowest search precedence
10:13:59.805 [main] DEBUG o.s.core.env.MutablePropertySources - Adding [systemEnvironment] PropertySource with lowest search precedence
10:13:59.805 [main] DEBUG o.s.core.env.MutablePropertySources - Adding [class path resource [config/application.properties]] PropertySource with lowest search precedence
10:13:59.805 [main] DEBUG o.s.core.env.MutablePropertySources - Adding [localProperties] PropertySource with lowest search precedence
10:13:59.805 [main] DEBUG o.s.c.e.PropertySourcesPropertyResolver - Searching for key 'spring.jpa.show_sql' in [systemProperties]
10:13:59.805 [main] DEBUG o.s.c.e.PropertySourcesPropertyResolver - Searching for key 'spring.jpa.show_sql' in [systemEnvironment]
10:13:59.805 [main] DEBUG o.s.c.e.PropertySourcesPropertyResolver - Searching for key 'spring.jpa.show_sql' in [class path resource [config/application.properties]]
10:13:59.805 [main] DEBUG o.s.c.e.PropertySourcesPropertyResolver - Found key 'spring.jpa.show_sql' in [class path resource [config/application.properties]] with type [String] and value 'false'
10:13:59.805 [main] DEBUG o.s.core.env.MutablePropertySources - Adding [systemProperties] PropertySource with lowest search precedence
10:13:59.805 [main] DEBUG o.s.core.env.MutablePropertySources - Adding [systemEnvironment] PropertySource with lowest search precedence
10:13:59.805 [main] DEBUG o.s.core.env.MutablePropertySources - Adding [class path resource [config/application.properties]] PropertySource with lowest search precedence
10:13:59.805 [main] DEBUG o.s.core.env.MutablePropertySources - Adding [localProperties] PropertySource with lowest search precedence
10:13:59.805 [main] DEBUG o.s.c.e.PropertySourcesPropertyResolver - Searching for key 'app.service.voyager.ports' in [systemProperties]
10:13:59.805 [main] DEBUG o.s.c.e.PropertySourcesPropertyResolver - Searching for key 'app.service.voyager.ports' in [systemEnvironment]
10:13:59.805 [main] DEBUG o.s.c.e.PropertySourcesPropertyResolver - Searching for key 'app.service.voyager.ports' in [class path resource [config/application.properties]]
10:13:59.805 [main] DEBUG o.s.c.e.PropertySourcesPropertyResolver - Found key 'app.service.voyager.ports' in [class path resource [config/application.properties]] with type [String] and value '7014,7414'
10:13:59.805 [main] DEBUG o.s.core.env.MutablePropertySources - Adding [systemProperties] PropertySource with lowest search precedence
10:13:59.805 [main] DEBUG o.s.core.env.MutablePropertySources - Adding [systemEnvironment] PropertySource with lowest search precedence
10:13:59.805 [main] DEBUG o.s.core.env.MutablePropertySources - Adding [class path resource [config/application.properties]] PropertySource with lowest search precedence
10:13:59.805 [main] DEBUG o.s.core.env.MutablePropertySources - Adding [localProperties] PropertySource with lowest search precedence
10:13:59.805 [main] DEBUG o.s.c.e.PropertySourcesPropertyResolver - Searching for key 'spring.datasource.validation-query' in [systemProperties]
10:13:59.805 [main] DEBUG o.s.c.e.PropertySourcesPropertyResolver - Searching for key 'spring.datasource.validation-query' in [systemEnvironment]
10:13:59.805 [main] DEBUG o.s.c.e.PropertySourcesPropertyResolver - Searching for key 'spring.datasource.validation-query' in [class path resource [config/application.properties]]
10:13:59.805 [main] DEBUG o.s.c.e.PropertySourcesPropertyResolver - Found key 'spring.datasource.validation-query' in [class path resource [config/application.properties]] with type [String] and value 'select version();'
10:13:59.805 [main] DEBUG o.s.core.env.MutablePropertySources - Adding [systemProperties] PropertySource with lowest search precedence
10:13:59.805 [main] DEBUG o.s.core.env.MutablePropertySources - Adding [systemEnvironment] PropertySource with lowest search precedence
10:13:59.805 [main] DEBUG o.s.core.env.MutablePropertySources - Adding [class path resource [config/application.properties]] PropertySource with lowest search precedence
10:13:59.805 [main] DEBUG o.s.core.env.MutablePropertySources - Adding [localProperties] PropertySource with lowest search precedence
10:13:59.805 [main] DEBUG o.s.c.e.PropertySourcesPropertyResolver - Searching for key 'shib.firstName' in [systemProperties]
10:13:59.805 [main] DEBUG o.s.c.e.PropertySourcesPropertyResolver - Searching for key 'shib.firstName' in [systemEnvironment]
10:13:59.805 [main] DEBUG o.s.c.e.PropertySourcesPropertyResolver - Searching for key 'shib.firstName' in [class path resource [config/application.properties]]
10:13:59.805 [main] DEBUG o.s.c.e.PropertySourcesPropertyResolver - Found key 'shib.firstName' in [class path resource [config/application.properties]] with type [String] and value 'tdl-givenname'
10:13:59.805 [main] DEBUG o.s.core.env.MutablePropertySources - Adding [systemProperties] PropertySource with lowest search precedence
10:13:59.805 [main] DEBUG o.s.core.env.MutablePropertySources - Adding [systemEnvironment] PropertySource with lowest search precedence
10:13:59.805 [main] DEBUG o.s.core.env.MutablePropertySources - Adding [class path resource [config/application.properties]] PropertySource with lowest search precedence
10:13:59.805 [main] DEBUG o.s.core.env.MutablePropertySources - Adding [localProperties] PropertySource with lowest search precedence
10:13:59.805 [main] DEBUG o.s.c.e.PropertySourcesPropertyResolver - Searching for key 'shib.uin' in [systemProperties]
10:13:59.805 [main] DEBUG o.s.c.e.PropertySourcesPropertyResolver - Searching for key 'shib.uin' in [systemEnvironment]
10:13:59.805 [main] DEBUG o.s.c.e.PropertySourcesPropertyResolver - Searching for key 'shib.uin' in [class path resource [config/application.properties]]
10:13:59.805 [main] DEBUG o.s.c.e.PropertySourcesPropertyResolver - Found key 'shib.uin' in [class path resource [config/application.properties]] with type [String] and value 'tamuuin'
10:13:59.805 [main] DEBUG o.s.core.env.MutablePropertySources - Adding [systemProperties] PropertySource with lowest search precedence
10:13:59.805 [main] DEBUG o.s.core.env.MutablePropertySources - Adding [systemEnvironment] PropertySource with lowest search precedence
10:13:59.805 [main] DEBUG o.s.core.env.MutablePropertySources - Adding [class path resource [config/application.properties]] PropertySource with lowest search precedence
10:13:59.805 [main] DEBUG o.s.core.env.MutablePropertySources - Adding [localProperties] PropertySource with lowest search precedence
10:13:59.805 [main] DEBUG o.s.c.e.PropertySourcesPropertyResolver - Searching for key 'spring.datasource.defaultAutoCommit' in [systemProperties]
10:13:59.805 [main] DEBUG o.s.c.e.PropertySourcesPropertyResolver - Searching for key 'spring.datasource.defaultAutoCommit' in [systemEnvironment]
10:13:59.805 [main] DEBUG o.s.c.e.PropertySourcesPropertyResolver - Searching for key 'spring.datasource.defaultAutoCommit' in [class path resource [config/application.properties]]
10:13:59.805 [main] DEBUG o.s.c.e.PropertySourcesPropertyResolver - Found key 'spring.datasource.defaultAutoCommit' in [class path resource [config/application.properties]] with type [String] and value 'false'
10:13:59.805 [main] DEBUG o.s.core.env.MutablePropertySources - Adding [systemProperties] PropertySource with lowest search precedence
10:13:59.805 [main] DEBUG o.s.core.env.MutablePropertySources - Adding [systemEnvironment] PropertySource with lowest search precedence
10:13:59.805 [main] DEBUG o.s.core.env.MutablePropertySources - Adding [class path resource [config/application.properties]] PropertySource with lowest search precedence
10:13:59.805 [main] DEBUG o.s.core.env.MutablePropertySources - Adding [localProperties] PropertySource with lowest search precedence
10:13:59.805 [main] DEBUG o.s.c.e.PropertySourcesPropertyResolver - Searching for key 'spring.datasource.username' in [systemProperties]
10:13:59.805 [main] DEBUG o.s.c.e.PropertySourcesPropertyResolver - Searching for key 'spring.datasource.username' in [systemEnvironment]
10:13:59.805 [main] DEBUG o.s.c.e.PropertySourcesPropertyResolver - Searching for key 'spring.datasource.username' in [class path resource [config/application.properties]]
10:13:59.805 [main] DEBUG o.s.c.e.PropertySourcesPropertyResolver - Found key 'spring.datasource.username' in [class path resource [config/application.properties]] with type [String] and value 'spring'
10:13:59.805 [main] DEBUG o.s.core.env.MutablePropertySources - Adding [systemProperties] PropertySource with lowest search precedence
10:13:59.805 [main] DEBUG o.s.core.env.MutablePropertySources - Adding [systemEnvironment] PropertySource with lowest search precedence
10:13:59.805 [main] DEBUG o.s.core.env.MutablePropertySources - Adding [class path resource [config/application.properties]] PropertySource with lowest search precedence
10:13:59.805 [main] DEBUG o.s.core.env.MutablePropertySources - Adding [localProperties] PropertySource with lowest search precedence
10:13:59.805 [main] DEBUG o.s.c.e.PropertySourcesPropertyResolver - Searching for key 'app.service.voyager.host' in [systemProperties]
10:13:59.805 [main] DEBUG o.s.c.e.PropertySourcesPropertyResolver - Searching for key 'app.service.voyager.host' in [systemEnvironment]
10:13:59.805 [main] DEBUG o.s.c.e.PropertySourcesPropertyResolver - Searching for key 'app.service.voyager.host' in [class path resource [config/application.properties]]
10:13:59.805 [main] DEBUG o.s.c.e.PropertySourcesPropertyResolver - Found key 'app.service.voyager.host' in [class path resource [config/application.properties]] with type [String] and value 'surprise.tamu.edu'
10:13:59.805 [main] DEBUG o.s.core.env.MutablePropertySources - Adding [systemProperties] PropertySource with lowest search precedence
10:13:59.805 [main] DEBUG o.s.core.env.MutablePropertySources - Adding [systemEnvironment] PropertySource with lowest search precedence
10:13:59.805 [main] DEBUG o.s.core.env.MutablePropertySources - Adding [class path resource [config/application.properties]] PropertySource with lowest search precedence
10:13:59.805 [main] DEBUG o.s.core.env.MutablePropertySources - Adding [localProperties] PropertySource with lowest search precedence
10:13:59.806 [main] DEBUG o.s.c.e.PropertySourcesPropertyResolver - Searching for key 'logging.level.org.springframework' in [systemProperties]
10:13:59.806 [main] DEBUG o.s.c.e.PropertySourcesPropertyResolver - Searching for key 'logging.level.org.springframework' in [systemEnvironment]
10:13:59.806 [main] DEBUG o.s.c.e.PropertySourcesPropertyResolver - Searching for key 'logging.level.org.springframework' in [class path resource [config/application.properties]]
10:13:59.806 [main] DEBUG o.s.c.e.PropertySourcesPropertyResolver - Found key 'logging.level.org.springframework' in [class path resource [config/application.properties]] with type [String] and value 'INFO'
10:13:59.806 [main] DEBUG o.s.core.env.MutablePropertySources - Adding [systemProperties] PropertySource with lowest search precedence
10:13:59.806 [main] DEBUG o.s.core.env.MutablePropertySources - Adding [systemEnvironment] PropertySource with lowest search precedence
10:13:59.806 [main] DEBUG o.s.core.env.MutablePropertySources - Adding [class path resource [config/application.properties]] PropertySource with lowest search precedence
10:13:59.806 [main] DEBUG o.s.core.env.MutablePropertySources - Adding [localProperties] PropertySource with lowest search precedence
10:13:59.806 [main] DEBUG o.s.c.e.PropertySourcesPropertyResolver - Searching for key 'spring.datasource.driverClassName' in [systemProperties]
10:13:59.806 [main] DEBUG o.s.c.e.PropertySourcesPropertyResolver - Searching for key 'spring.datasource.driverClassName' in [systemEnvironment]
10:13:59.806 [main] DEBUG o.s.c.e.PropertySourcesPropertyResolver - Searching for key 'spring.datasource.driverClassName' in [class path resource [config/application.properties]]
10:13:59.806 [main] DEBUG o.s.c.e.PropertySourcesPropertyResolver - Found key 'spring.datasource.driverClassName' in [class path resource [config/application.properties]] with type [String] and value 'org.postgresql.Driver'
10:13:59.806 [main] DEBUG o.s.core.env.MutablePropertySources - Adding [systemProperties] PropertySource with lowest search precedence
10:13:59.806 [main] DEBUG o.s.core.env.MutablePropertySources - Adding [systemEnvironment] PropertySource with lowest search precedence
10:13:59.806 [main] DEBUG o.s.core.env.MutablePropertySources - Adding [class path resource [config/application.properties]] PropertySource with lowest search precedence
10:13:59.806 [main] DEBUG o.s.core.env.MutablePropertySources - Adding [localProperties] PropertySource with lowest search precedence
10:13:59.806 [main] DEBUG o.s.c.e.PropertySourcesPropertyResolver - Searching for key 'app.authority.admins' in [systemProperties]
10:13:59.806 [main] DEBUG o.s.c.e.PropertySourcesPropertyResolver - Searching for key 'app.authority.admins' in [systemEnvironment]
10:13:59.806 [main] DEBUG o.s.c.e.PropertySourcesPropertyResolver - Searching for key 'app.authority.admins' in [class path resource [config/application.properties]]
10:13:59.806 [main] DEBUG o.s.c.e.PropertySourcesPropertyResolver - Found key 'app.authority.admins' in [class path resource [config/application.properties]] with type [String] and value '402001311,613001223,102001721,222004429,709005486,523008230,724001395,123456789'
10:13:59.806 [main] DEBUG o.s.core.env.MutablePropertySources - Adding [systemProperties] PropertySource with lowest search precedence
10:13:59.806 [main] DEBUG o.s.core.env.MutablePropertySources - Adding [systemEnvironment] PropertySource with lowest search precedence
10:13:59.806 [main] DEBUG o.s.core.env.MutablePropertySources - Adding [class path resource [config/application.properties]] PropertySource with lowest search precedence
10:13:59.806 [main] DEBUG o.s.core.env.MutablePropertySources - Adding [localProperties] PropertySource with lowest search precedence
10:13:59.806 [main] DEBUG o.s.c.e.PropertySourcesPropertyResolver - Searching for key 'shib.lastName' in [systemProperties]
10:13:59.806 [main] DEBUG o.s.c.e.PropertySourcesPropertyResolver - Searching for key 'shib.lastName' in [systemEnvironment]
10:13:59.806 [main] DEBUG o.s.c.e.PropertySourcesPropertyResolver - Searching for key 'shib.lastName' in [class path resource [config/application.properties]]
10:13:59.806 [main] DEBUG o.s.c.e.PropertySourcesPropertyResolver - Found key 'shib.lastName' in [class path resource [config/application.properties]] with type [String] and value 'tdl-sn'
10:13:59.806 [main] DEBUG o.s.core.env.MutablePropertySources - Adding [systemProperties] PropertySource with lowest search precedence
10:13:59.806 [main] DEBUG o.s.core.env.MutablePropertySources - Adding [systemEnvironment] PropertySource with lowest search precedence
10:13:59.806 [main] DEBUG o.s.core.env.MutablePropertySources - Adding [class path resource [config/application.properties]] PropertySource with lowest search precedence
10:13:59.806 [main] DEBUG o.s.core.env.MutablePropertySources - Adding [localProperties] PropertySource with lowest search precedence
10:13:59.806 [main] DEBUG o.s.c.e.PropertySourcesPropertyResolver - Searching for key 'app.email.host' in [systemProperties]
10:13:59.806 [main] DEBUG o.s.c.e.PropertySourcesPropertyResolver - Searching for key 'app.email.host' in [systemEnvironment]
10:13:59.806 [main] DEBUG o.s.c.e.PropertySourcesPropertyResolver - Searching for key 'app.email.host' in [class path resource [config/application.properties]]
10:13:59.806 [main] DEBUG o.s.c.e.PropertySourcesPropertyResolver - Found key 'app.email.host' in [class path resource [config/application.properties]] with type [String] and value 'relay.tamu.edu'
10:13:59.806 [main] DEBUG o.s.core.env.MutablePropertySources - Adding [systemProperties] PropertySource with lowest search precedence
10:13:59.806 [main] DEBUG o.s.core.env.MutablePropertySources - Adding [systemEnvironment] PropertySource with lowest search precedence
10:13:59.806 [main] DEBUG o.s.core.env.MutablePropertySources - Adding [class path resource [config/application.properties]] PropertySource with lowest search precedence
10:13:59.806 [main] DEBUG o.s.core.env.MutablePropertySources - Adding [localProperties] PropertySource with lowest search precedence
10:13:59.806 [main] DEBUG o.s.c.e.PropertySourcesPropertyResolver - Searching for key 'server.port' in [systemProperties]
10:13:59.806 [main] DEBUG o.s.c.e.PropertySourcesPropertyResolver - Searching for key 'server.port' in [systemEnvironment]
10:13:59.806 [main] DEBUG o.s.c.e.PropertySourcesPropertyResolver - Searching for key 'server.port' in [class path resource [config/application.properties]]
10:13:59.806 [main] DEBUG o.s.c.e.PropertySourcesPropertyResolver - Found key 'server.port' in [class path resource [config/application.properties]] with type [String] and value '9000'
10:13:59.806 [main] DEBUG o.s.core.env.MutablePropertySources - Adding [systemProperties] PropertySource with lowest search precedence
10:13:59.806 [main] DEBUG o.s.core.env.MutablePropertySources - Adding [systemEnvironment] PropertySource with lowest search precedence
10:13:59.806 [main] DEBUG o.s.core.env.MutablePropertySources - Adding [class path resource [config/application.properties]] PropertySource with lowest search precedence
10:13:59.806 [main] DEBUG o.s.core.env.MutablePropertySources - Adding [localProperties] PropertySource with lowest search precedence
10:13:59.806 [main] DEBUG o.s.c.e.PropertySourcesPropertyResolver - Searching for key 'spring.jpa.hibernate.ddl-auto' in [systemProperties]
10:13:59.806 [main] DEBUG o.s.c.e.PropertySourcesPropertyResolver - Searching for key 'spring.jpa.hibernate.ddl-auto' in [systemEnvironment]
10:13:59.806 [main] DEBUG o.s.c.e.PropertySourcesPropertyResolver - Searching for key 'spring.jpa.hibernate.ddl-auto' in [class path resource [config/application.properties]]
10:13:59.806 [main] DEBUG o.s.c.e.PropertySourcesPropertyResolver - Found key 'spring.jpa.hibernate.ddl-auto' in [class path resource [config/application.properties]] with type [String] and value 'create'
10:13:59.806 [main] DEBUG o.s.core.env.MutablePropertySources - Adding [systemProperties] PropertySource with lowest search precedence
10:13:59.806 [main] DEBUG o.s.core.env.MutablePropertySources - Adding [systemEnvironment] PropertySource with lowest search precedence
10:13:59.806 [main] DEBUG o.s.core.env.MutablePropertySources - Adding [class path resource [config/application.properties]] PropertySource with lowest search precedence
10:13:59.806 [main] DEBUG o.s.core.env.MutablePropertySources - Adding [localProperties] PropertySource with lowest search precedence
10:13:59.806 [main] DEBUG o.s.c.e.PropertySourcesPropertyResolver - Searching for key 'app.security.allow-access' in [systemProperties]
10:13:59.806 [main] DEBUG o.s.c.e.PropertySourcesPropertyResolver - Searching for key 'app.security.allow-access' in [systemEnvironment]
10:13:59.806 [main] DEBUG o.s.c.e.PropertySourcesPropertyResolver - Searching for key 'app.security.allow-access' in [class path resource [config/application.properties]]
10:13:59.806 [main] DEBUG o.s.c.e.PropertySourcesPropertyResolver - Found key 'app.security.allow-access' in [class path resource [config/application.properties]] with type [String] and value 'http://localhost,http://machuff.tamu.edu,http://imacdev.tamu.edu,http://savell.evans.tamu.edu,http://jcreel.tamu.edu'
10:13:59.810 [main] DEBUG o.s.b.f.s.DefaultListableBeanFactory - Returning cached instance of singleton bean 'org.springframework.transaction.config.internalTransactionAdvisor'
10:13:59.810 [main] DEBUG o.s.b.f.s.DefaultListableBeanFactory - Returning cached instance of singleton bean 'org.springframework.transaction.config.internalTransactionAdvisor'
10:13:59.811 [main] DEBUG o.s.s.a.ScheduledAnnotationBeanPostProcessor - No @Scheduled annotations found on bean class: class org.springframework.boot.autoconfigure.orm.jpa.JpaProperties
10:13:59.811 [main] DEBUG o.s.b.f.s.DefaultListableBeanFactory - Finished creating instance of bean 'spring.jpa.CONFIGURATION_PROPERTIES'
10:13:59.811 [main] DEBUG o.s.b.f.a.AutowiredAnnotationBeanPostProcessor - Autowiring by type from bean name 'org.springframework.boot.autoconfigure.orm.jpa.HibernateJpaAutoConfiguration' to bean named 'spring.jpa.CONFIGURATION_PROPERTIES'
10:13:59.811 [main] DEBUG o.s.b.f.annotation.InjectionMetadata - Processing injected element of bean 'org.springframework.boot.autoconfigure.orm.jpa.HibernateJpaAutoConfiguration': AutowiredFieldElement for private org.springframework.transaction.jta.JtaTransactionManager org.springframework.boot.autoconfigure.orm.jpa.JpaBaseConfiguration.jtaTransactionManager
10:13:59.814 [main] DEBUG o.s.b.f.annotation.InjectionMetadata - Processing injected element of bean 'org.springframework.boot.autoconfigure.orm.jpa.HibernateJpaAutoConfiguration': AutowiredFieldElement for private org.springframework.boot.autoconfigure.orm.jpa.JpaProperties org.springframework.boot.autoconfigure.orm.jpa.HibernateJpaAutoConfiguration.properties
10:13:59.819 [main] DEBUG o.s.b.f.s.DefaultListableBeanFactory - Returning cached instance of singleton bean 'spring.jpa.CONFIGURATION_PROPERTIES'
10:13:59.819 [main] DEBUG o.s.b.f.a.AutowiredAnnotationBeanPostProcessor - Autowiring by type from bean name 'org.springframework.boot.autoconfigure.orm.jpa.HibernateJpaAutoConfiguration' to bean named 'spring.jpa.CONFIGURATION_PROPERTIES'
10:13:59.819 [main] DEBUG o.s.b.f.annotation.InjectionMetadata - Processing injected element of bean 'org.springframework.boot.autoconfigure.orm.jpa.HibernateJpaAutoConfiguration': AutowiredFieldElement for private javax.sql.DataSource org.springframework.boot.autoconfigure.orm.jpa.HibernateJpaAutoConfiguration.dataSource
10:13:59.823 [main] DEBUG o.s.b.f.s.DefaultListableBeanFactory - Returning cached instance of singleton bean 'dataSource'
10:13:59.824 [main] DEBUG o.s.b.f.a.AutowiredAnnotationBeanPostProcessor - Autowiring by type from bean name 'org.springframework.boot.autoconfigure.orm.jpa.HibernateJpaAutoConfiguration' to bean named 'dataSource'
10:13:59.824 [main] DEBUG o.s.b.f.s.DefaultListableBeanFactory - Returning cached instance of singleton bean 'org.springframework.transaction.config.internalTransactionAdvisor'
10:13:59.824 [main] DEBUG o.s.b.f.s.DefaultListableBeanFactory - Returning cached instance of singleton bean 'org.springframework.transaction.config.internalTransactionAdvisor'
10:13:59.826 [main] DEBUG o.s.s.a.ScheduledAnnotationBeanPostProcessor - No @Scheduled annotations found on bean class: class org.springframework.boot.autoconfigure.orm.jpa.HibernateJpaAutoConfiguration$$EnhancerBySpringCGLIB$$6c5793d6
10:13:59.826 [main] DEBUG o.s.b.f.s.DefaultListableBeanFactory - Finished creating instance of bean 'org.springframework.boot.autoconfigure.orm.jpa.HibernateJpaAutoConfiguration'
10:13:59.829 [main] DEBUG o.s.b.f.s.DefaultListableBeanFactory - Creating shared instance of singleton bean 'entityManagerFactoryBuilder'
10:13:59.829 [main] DEBUG o.s.b.f.s.DefaultListableBeanFactory - Creating instance of bean 'entityManagerFactoryBuilder'
10:13:59.829 [main] DEBUG o.s.b.f.s.DefaultListableBeanFactory - Returning cached instance of singleton bean 'org.springframework.transaction.config.internalTransactionAdvisor'
10:13:59.829 [main] DEBUG o.s.b.f.s.DefaultListableBeanFactory - Returning cached instance of singleton bean 'org.springframework.boot.autoconfigure.orm.jpa.HibernateJpaAutoConfiguration'
10:13:59.831 [main] DEBUG o.s.b.f.s.DefaultListableBeanFactory - Creating shared instance of singleton bean 'jpaVendorAdapter'
10:13:59.831 [main] DEBUG o.s.b.f.s.DefaultListableBeanFactory - Creating instance of bean 'jpaVendorAdapter'
10:13:59.831 [main] DEBUG o.s.b.f.s.DefaultListableBeanFactory - Returning cached instance of singleton bean 'org.springframework.transaction.config.internalTransactionAdvisor'
10:13:59.831 [main] DEBUG o.s.b.f.s.DefaultListableBeanFactory - Returning cached instance of singleton bean 'org.springframework.boot.autoconfigure.orm.jpa.HibernateJpaAutoConfiguration'
10:13:59.831 [main] DEBUG o.s.b.f.s.DefaultListableBeanFactory - Eagerly caching bean 'jpaVendorAdapter' to allow for resolving potential circular references
10:13:59.833 [main] DEBUG o.s.b.f.s.DefaultListableBeanFactory - Returning cached instance of singleton bean 'org.springframework.transaction.config.internalTransactionAdvisor'
10:13:59.833 [main] DEBUG o.s.b.f.s.DefaultListableBeanFactory - Returning cached instance of singleton bean 'org.springframework.transaction.config.internalTransactionAdvisor'
10:13:59.834 [main] DEBUG o.s.s.a.ScheduledAnnotationBeanPostProcessor - No @Scheduled annotations found on bean class: class org.springframework.orm.jpa.vendor.HibernateJpaVendorAdapter
10:13:59.835 [main] DEBUG o.s.b.f.s.DefaultListableBeanFactory - Finished creating instance of bean 'jpaVendorAdapter'
10:13:59.835 [main] DEBUG o.s.b.f.s.DefaultListableBeanFactory - Autowiring by type from bean name 'entityManagerFactoryBuilder' via factory method to bean named 'jpaVendorAdapter'
10:13:59.835 [main] DEBUG o.s.b.f.s.DefaultListableBeanFactory - Eagerly caching bean 'entityManagerFactoryBuilder' to allow for resolving potential circular references
10:13:59.835 [main] DEBUG o.s.b.f.s.DefaultListableBeanFactory - Returning cached instance of singleton bean 'org.springframework.transaction.config.internalTransactionAdvisor'
10:13:59.835 [main] DEBUG o.s.b.f.s.DefaultListableBeanFactory - Returning cached instance of singleton bean 'org.springframework.transaction.config.internalTransactionAdvisor'
10:13:59.835 [main] DEBUG o.s.s.a.ScheduledAnnotationBeanPostProcessor - No @Scheduled annotations found on bean class: class org.springframework.boot.autoconfigure.orm.jpa.EntityManagerFactoryBuilder
10:13:59.835 [main] DEBUG o.s.b.f.s.DefaultListableBeanFactory - Finished creating instance of bean 'entityManagerFactoryBuilder'
10:13:59.835 [main] DEBUG o.s.b.f.s.DefaultListableBeanFactory - Autowiring by type from bean name 'entityManagerFactory' via factory method to bean named 'entityManagerFactoryBuilder'
10:13:59.836 [main] DEBUG o.s.b.f.s.DefaultListableBeanFactory - Returning cached instance of singleton bean 'org.springframework.boot.autoconfigure.AutoConfigurationPackages'
10:13:59.836 [main] DEBUG o.s.b.f.s.DefaultListableBeanFactory - Returning cached instance of singleton bean 'org.springframework.boot.autoconfigure.AutoConfigurationPackages'
10:13:59.836 [main] DEBUG o.s.b.f.s.DefaultListableBeanFactory - Eagerly caching bean 'entityManagerFactory' to allow for resolving potential circular references
10:13:59.837 [main] DEBUG o.s.b.f.s.DefaultListableBeanFactory - Invoking afterPropertiesSet() on bean with name 'entityManagerFactory'
10:13:59.837 [main] DEBUG o.s.c.i.s.PathMatchingResourcePatternResolver - Looking for matching resources in directory tree [/Users/huff/development/java/apps/TAMU-Webservice-Seed/target/test-classes/edu/tamu/app]
10:13:59.838 [main] DEBUG o.s.c.i.s.PathMatchingResourcePatternResolver - Searching directory [/Users/huff/development/java/apps/TAMU-Webservice-Seed/target/test-classes/edu/tamu/app] for files matching pattern [/Users/huff/development/java/apps/TAMU-Webservice-Seed/target/test-classes/edu/tamu/app/**/*.class]
10:13:59.838 [main] DEBUG o.s.c.i.s.PathMatchingResourcePatternResolver - Searching directory [/Users/huff/development/java/apps/TAMU-Webservice-Seed/target/test-classes/edu/tamu/app/config] for files matching pattern [/Users/huff/development/java/apps/TAMU-Webservice-Seed/target/test-classes/edu/tamu/app/**/*.class]
10:13:59.838 [main] DEBUG o.s.c.i.s.PathMatchingResourcePatternResolver - Searching directory [/Users/huff/development/java/apps/TAMU-Webservice-Seed/target/test-classes/edu/tamu/app/model] for files matching pattern [/Users/huff/development/java/apps/TAMU-Webservice-Seed/target/test-classes/edu/tamu/app/**/*.class]
10:13:59.838 [main] DEBUG o.s.c.i.s.PathMatchingResourcePatternResolver - Searching directory [/Users/huff/development/java/apps/TAMU-Webservice-Seed/target/test-classes/edu/tamu/app/model/impl] for files matching pattern [/Users/huff/development/java/apps/TAMU-Webservice-Seed/target/test-classes/edu/tamu/app/**/*.class]
10:13:59.838 [main] DEBUG o.s.c.i.s.PathMatchingResourcePatternResolver - Looking for matching resources in directory tree [/Users/huff/development/java/apps/TAMU-Webservice-Seed/target/classes/edu/tamu/app]
10:13:59.838 [main] DEBUG o.s.c.i.s.PathMatchingResourcePatternResolver - Searching directory [/Users/huff/development/java/apps/TAMU-Webservice-Seed/target/classes/edu/tamu/app] for files matching pattern [/Users/huff/development/java/apps/TAMU-Webservice-Seed/target/classes/edu/tamu/app/**/*.class]
10:13:59.838 [main] DEBUG o.s.c.i.s.PathMatchingResourcePatternResolver - Searching directory [/Users/huff/development/java/apps/TAMU-Webservice-Seed/target/classes/edu/tamu/app/aspect] for files matching pattern [/Users/huff/development/java/apps/TAMU-Webservice-Seed/target/classes/edu/tamu/app/**/*.class]
10:13:59.838 [main] DEBUG o.s.c.i.s.PathMatchingResourcePatternResolver - Searching directory [/Users/huff/development/java/apps/TAMU-Webservice-Seed/target/classes/edu/tamu/app/config] for files matching pattern [/Users/huff/development/java/apps/TAMU-Webservice-Seed/target/classes/edu/tamu/app/**/*.class]
10:13:59.838 [main] DEBUG o.s.c.i.s.PathMatchingResourcePatternResolver - Searching directory [/Users/huff/development/java/apps/TAMU-Webservice-Seed/target/classes/edu/tamu/app/controller] for files matching pattern [/Users/huff/development/java/apps/TAMU-Webservice-Seed/target/classes/edu/tamu/app/**/*.class]
10:13:59.838 [main] DEBUG o.s.c.i.s.PathMatchingResourcePatternResolver - Searching directory [/Users/huff/development/java/apps/TAMU-Webservice-Seed/target/classes/edu/tamu/app/controller/interceptor] for files matching pattern [/Users/huff/development/java/apps/TAMU-Webservice-Seed/target/classes/edu/tamu/app/**/*.class]
10:13:59.839 [main] DEBUG o.s.c.i.s.PathMatchingResourcePatternResolver - Searching directory [/Users/huff/development/java/apps/TAMU-Webservice-Seed/target/classes/edu/tamu/app/model] for files matching pattern [/Users/huff/development/java/apps/TAMU-Webservice-Seed/target/classes/edu/tamu/app/**/*.class]
10:13:59.839 [main] DEBUG o.s.c.i.s.PathMatchingResourcePatternResolver - Searching directory [/Users/huff/development/java/apps/TAMU-Webservice-Seed/target/classes/edu/tamu/app/model/repo] for files matching pattern [/Users/huff/development/java/apps/TAMU-Webservice-Seed/target/classes/edu/tamu/app/**/*.class]
10:13:59.839 [main] DEBUG o.s.c.i.s.PathMatchingResourcePatternResolver - Searching directory [/Users/huff/development/java/apps/TAMU-Webservice-Seed/target/classes/edu/tamu/app/model/repo/impl] for files matching pattern [/Users/huff/development/java/apps/TAMU-Webservice-Seed/target/classes/edu/tamu/app/**/*.class]
10:13:59.839 [main] DEBUG o.s.c.i.s.PathMatchingResourcePatternResolver - Resolved location pattern [classpath*:edu/tamu/app/**/*.class] to resources [file [/Users/huff/development/java/apps/TAMU-Webservice-Seed/target/test-classes/edu/tamu/app/config/TestDataSourceConfiguration.class], file [/Users/huff/development/java/apps/TAMU-Webservice-Seed/target/test-classes/edu/tamu/app/model/impl/ShibTest.class], file [/Users/huff/development/java/apps/TAMU-Webservice-Seed/target/test-classes/edu/tamu/app/model/impl/UserTest.class], file [/Users/huff/development/java/apps/TAMU-Webservice-Seed/target/classes/edu/tamu/app/aspect/AppControllerAspect.class], file [/Users/huff/development/java/apps/TAMU-Webservice-Seed/target/classes/edu/tamu/app/config/AppConfig.class], file [/Users/huff/development/java/apps/TAMU-Webservice-Seed/target/classes/edu/tamu/app/config/AppWebConfigSupport.class], file [/Users/huff/development/java/apps/TAMU-Webservice-Seed/target/classes/edu/tamu/app/config/AppWebMvcConfig.class], file [/Users/huff/development/java/apps/TAMU-Webservice-Seed/target/classes/edu/tamu/app/config/AppWebSocketConfig.class], file [/Users/huff/development/java/apps/TAMU-Webservice-Seed/target/classes/edu/tamu/app/config/SecurityConfig.class], file [/Users/huff/development/java/apps/TAMU-Webservice-Seed/target/classes/edu/tamu/app/config/SpringContext.class], file [/Users/huff/development/java/apps/TAMU-Webservice-Seed/target/classes/edu/tamu/app/controller/AdminController.class], file [/Users/huff/development/java/apps/TAMU-Webservice-Seed/target/classes/edu/tamu/app/controller/interceptor/AppRestInterceptor.class], file [/Users/huff/development/java/apps/TAMU-Webservice-Seed/target/classes/edu/tamu/app/controller/interceptor/AppStompInterceptor.class], file [/Users/huff/development/java/apps/TAMU-Webservice-Seed/target/classes/edu/tamu/app/controller/MockAuthServiceController.class], file [/Users/huff/development/java/apps/TAMU-Webservice-Seed/target/classes/edu/tamu/app/controller/UserController$1.class], file [/Users/huff/development/java/apps/TAMU-Webservice-Seed/target/classes/edu/tamu/app/controller/UserController.class], file [/Users/huff/development/java/apps/TAMU-Webservice-Seed/target/classes/edu/tamu/app/model/AppUser.class], file [/Users/huff/development/java/apps/TAMU-Webservice-Seed/target/classes/edu/tamu/app/model/repo/impl/UserRepoImpl.class], file [/Users/huff/development/java/apps/TAMU-Webservice-Seed/target/classes/edu/tamu/app/model/repo/UserRepo.class], file [/Users/huff/development/java/apps/TAMU-Webservice-Seed/target/classes/edu/tamu/app/model/repo/UserRepoCustom.class], file [/Users/huff/development/java/apps/TAMU-Webservice-Seed/target/classes/edu/tamu/app/WebServerInit.class]]
10:13:59.841 [main] INFO  o.s.o.j.LocalContainerEntityManagerFactoryBean - Building JPA container EntityManagerFactory for persistence unit 'default'
10:13:59.841 [main] DEBUG o.h.jpa.internal.util.LogHelper - PersistenceUnitInfo [
	name: default
	persistence provider classname: null
	classloader: sun.misc.Launcher$AppClassLoader@4aa298b7
	excludeUnlistedClasses: true
	JTA datasource: null
	Non JTA datasource: org.springframework.jdbc.datasource.embedded.EmbeddedDatabaseFactory$EmbeddedDataSourceProxy@1214d23c
	Transaction type: RESOURCE_LOCAL
	PU root URL: file:/Users/huff/development/java/apps/TAMU-Webservice-Seed/target/test-classes/
	Shared Cache Mode: UNSPECIFIED
	Validation Mode: AUTO
	Jar files URLs []
	Managed classes names [
		edu.tamu.app.model.AppUser]
	Mapping files names []
	Properties []
10:13:59.841 [main] DEBUG o.h.i.internal.IntegratorServiceImpl - Adding Integrator [org.hibernate.cfg.beanvalidation.BeanValidationIntegrator].
10:13:59.841 [main] DEBUG o.h.i.internal.IntegratorServiceImpl - Adding Integrator [org.hibernate.secure.spi.JaccIntegrator].
10:13:59.841 [main] DEBUG o.h.i.internal.IntegratorServiceImpl - Adding Integrator [org.hibernate.cache.internal.CollectionCacheInvalidator].
10:13:59.841 [main] DEBUG o.h.i.internal.IntegratorServiceImpl - Adding Integrator [org.hibernate.jpa.event.spi.JpaIntegrator].
10:13:59.841 [main] DEBUG o.h.b.r.s.i.StrategySelectorImpl - Registering named strategy selector [org.hibernate.dialect.Dialect] : [MySQL5] -> [org.hibernate.dialect.MySQL5Dialect] (replacing [org.hibernate.dialect.MySQL5Dialect])
10:13:59.841 [main] DEBUG o.h.b.r.s.i.StrategySelectorImpl - Registering named strategy selector [org.hibernate.dialect.Dialect] : [MySQL5InnoDB] -> [org.hibernate.dialect.MySQL5InnoDBDialect] (replacing [org.hibernate.dialect.MySQL5InnoDBDialect])
10:13:59.843 [main] DEBUG o.h.service.spi.ServiceBinding - Overriding existing service binding [org.hibernate.secure.spi.JaccService]
10:13:59.843 [main] DEBUG org.hibernate.type.BasicTypeRegistry - Adding type registration boolean -> org.hibernate.type.BooleanType@7ed9499e
10:13:59.843 [main] DEBUG org.hibernate.type.BasicTypeRegistry - Adding type registration boolean -> org.hibernate.type.BooleanType@7ed9499e
10:13:59.843 [main] DEBUG org.hibernate.type.BasicTypeRegistry - Adding type registration java.lang.Boolean -> org.hibernate.type.BooleanType@7ed9499e
10:13:59.843 [main] DEBUG org.hibernate.type.BasicTypeRegistry - Adding type registration numeric_boolean -> org.hibernate.type.NumericBooleanType@10acd6
10:13:59.843 [main] DEBUG org.hibernate.type.BasicTypeRegistry - Adding type registration true_false -> org.hibernate.type.TrueFalseType@2f651f93
10:13:59.843 [main] DEBUG org.hibernate.type.BasicTypeRegistry - Adding type registration yes_no -> org.hibernate.type.YesNoType@747d1932
10:13:59.843 [main] DEBUG org.hibernate.type.BasicTypeRegistry - Adding type registration byte -> org.hibernate.type.ByteType@7c891ba7
10:13:59.843 [main] DEBUG org.hibernate.type.BasicTypeRegistry - Adding type registration byte -> org.hibernate.type.ByteType@7c891ba7
10:13:59.843 [main] DEBUG org.hibernate.type.BasicTypeRegistry - Adding type registration java.lang.Byte -> org.hibernate.type.ByteType@7c891ba7
10:13:59.843 [main] DEBUG org.hibernate.type.BasicTypeRegistry - Adding type registration character -> org.hibernate.type.CharacterType@5496c165
10:13:59.843 [main] DEBUG org.hibernate.type.BasicTypeRegistry - Adding type registration char -> org.hibernate.type.CharacterType@5496c165
10:13:59.843 [main] DEBUG org.hibernate.type.BasicTypeRegistry - Adding type registration java.lang.Character -> org.hibernate.type.CharacterType@5496c165
10:13:59.843 [main] DEBUG org.hibernate.type.BasicTypeRegistry - Adding type registration short -> org.hibernate.type.ShortType@50d951e7
10:13:59.843 [main] DEBUG org.hibernate.type.BasicTypeRegistry - Adding type registration short -> org.hibernate.type.ShortType@50d951e7
10:13:59.843 [main] DEBUG org.hibernate.type.BasicTypeRegistry - Adding type registration java.lang.Short -> org.hibernate.type.ShortType@50d951e7
10:13:59.843 [main] DEBUG org.hibernate.type.BasicTypeRegistry - Adding type registration integer -> org.hibernate.type.IntegerType@6aba5d30
10:13:59.843 [main] DEBUG org.hibernate.type.BasicTypeRegistry - Adding type registration int -> org.hibernate.type.IntegerType@6aba5d30
10:13:59.844 [main] DEBUG org.hibernate.type.BasicTypeRegistry - Adding type registration java.lang.Integer -> org.hibernate.type.IntegerType@6aba5d30
10:13:59.844 [main] DEBUG org.hibernate.type.BasicTypeRegistry - Adding type registration long -> org.hibernate.type.LongType@2c6aed22
10:13:59.844 [main] DEBUG org.hibernate.type.BasicTypeRegistry - Adding type registration long -> org.hibernate.type.LongType@2c6aed22
10:13:59.844 [main] DEBUG org.hibernate.type.BasicTypeRegistry - Adding type registration java.lang.Long -> org.hibernate.type.LongType@2c6aed22
10:13:59.844 [main] DEBUG org.hibernate.type.BasicTypeRegistry - Adding type registration float -> org.hibernate.type.FloatType@52cb4f50
10:13:59.844 [main] DEBUG org.hibernate.type.BasicTypeRegistry - Adding type registration float -> org.hibernate.type.FloatType@52cb4f50
10:13:59.844 [main] DEBUG org.hibernate.type.BasicTypeRegistry - Adding type registration java.lang.Float -> org.hibernate.type.FloatType@52cb4f50
10:13:59.844 [main] DEBUG org.hibernate.type.BasicTypeRegistry - Adding type registration double -> org.hibernate.type.DoubleType@572e6fd9
10:13:59.844 [main] DEBUG org.hibernate.type.BasicTypeRegistry - Adding type registration double -> org.hibernate.type.DoubleType@572e6fd9
10:13:59.844 [main] DEBUG org.hibernate.type.BasicTypeRegistry - Adding type registration java.lang.Double -> org.hibernate.type.DoubleType@572e6fd9
10:13:59.844 [main] DEBUG org.hibernate.type.BasicTypeRegistry - Adding type registration big_decimal -> org.hibernate.type.BigDecimalType@8a98f38
10:13:59.844 [main] DEBUG org.hibernate.type.BasicTypeRegistry - Adding type registration java.math.BigDecimal -> org.hibernate.type.BigDecimalType@8a98f38
10:13:59.844 [main] DEBUG org.hibernate.type.BasicTypeRegistry - Adding type registration big_integer -> org.hibernate.type.BigIntegerType@5fb65013
10:13:59.844 [main] DEBUG org.hibernate.type.BasicTypeRegistry - Adding type registration java.math.BigInteger -> org.hibernate.type.BigIntegerType@5fb65013
10:13:59.844 [main] DEBUG org.hibernate.type.BasicTypeRegistry - Adding type registration string -> org.hibernate.type.StringType@444cc791
10:13:59.844 [main] DEBUG org.hibernate.type.BasicTypeRegistry - Adding type registration java.lang.String -> org.hibernate.type.StringType@444cc791
10:13:59.844 [main] DEBUG org.hibernate.type.BasicTypeRegistry - Adding type registration nstring -> org.hibernate.type.StringNVarcharType@73437222
10:13:59.844 [main] DEBUG org.hibernate.type.BasicTypeRegistry - Adding type registration ncharacter -> org.hibernate.type.CharacterNCharType@12ffd1de
10:13:59.844 [main] DEBUG org.hibernate.type.BasicTypeRegistry - Adding type registration url -> org.hibernate.type.UrlType@6dfcffb5
10:13:59.844 [main] DEBUG org.hibernate.type.BasicTypeRegistry - Adding type registration java.net.URL -> org.hibernate.type.UrlType@6dfcffb5
10:13:59.844 [main] DEBUG org.hibernate.type.BasicTypeRegistry - Adding type registration date -> org.hibernate.type.DateType@23706db8
10:13:59.844 [main] DEBUG org.hibernate.type.BasicTypeRegistry - Adding type registration java.sql.Date -> org.hibernate.type.DateType@23706db8
10:13:59.844 [main] DEBUG org.hibernate.type.BasicTypeRegistry - Adding type registration time -> org.hibernate.type.TimeType@7bca6fac
10:13:59.844 [main] DEBUG org.hibernate.type.BasicTypeRegistry - Adding type registration java.sql.Time -> org.hibernate.type.TimeType@7bca6fac
10:13:59.844 [main] DEBUG org.hibernate.type.BasicTypeRegistry - Adding type registration timestamp -> org.hibernate.type.TimestampType@31d6f3fe
10:13:59.844 [main] DEBUG org.hibernate.type.BasicTypeRegistry - Adding type registration java.sql.Timestamp -> org.hibernate.type.TimestampType@31d6f3fe
10:13:59.844 [main] DEBUG org.hibernate.type.BasicTypeRegistry - Adding type registration java.util.Date -> org.hibernate.type.TimestampType@31d6f3fe
10:13:59.844 [main] DEBUG org.hibernate.type.BasicTypeRegistry - Adding type registration dbtimestamp -> org.hibernate.type.DbTimestampType@37303f12
10:13:59.844 [main] DEBUG org.hibernate.type.BasicTypeRegistry - Adding type registration calendar -> org.hibernate.type.CalendarType@5c73f672
10:13:59.844 [main] DEBUG org.hibernate.type.BasicTypeRegistry - Adding type registration java.util.Calendar -> org.hibernate.type.CalendarType@5c73f672
10:13:59.844 [main] DEBUG org.hibernate.type.BasicTypeRegistry - Adding type registration java.util.GregorianCalendar -> org.hibernate.type.CalendarType@5c73f672
10:13:59.844 [main] DEBUG org.hibernate.type.BasicTypeRegistry - Adding type registration calendar_date -> org.hibernate.type.CalendarDateType@4dc8c0ea
10:13:59.844 [main] DEBUG org.hibernate.type.BasicTypeRegistry - Adding type registration locale -> org.hibernate.type.LocaleType@2f508f3c
10:13:59.844 [main] DEBUG org.hibernate.type.BasicTypeRegistry - Adding type registration java.util.Locale -> org.hibernate.type.LocaleType@2f508f3c
10:13:59.844 [main] DEBUG org.hibernate.type.BasicTypeRegistry - Adding type registration currency -> org.hibernate.type.CurrencyType@2459319c
10:13:59.844 [main] DEBUG org.hibernate.type.BasicTypeRegistry - Adding type registration java.util.Currency -> org.hibernate.type.CurrencyType@2459319c
10:13:59.844 [main] DEBUG org.hibernate.type.BasicTypeRegistry - Adding type registration timezone -> org.hibernate.type.TimeZoneType@69a2b3b6
10:13:59.844 [main] DEBUG org.hibernate.type.BasicTypeRegistry - Adding type registration java.util.TimeZone -> org.hibernate.type.TimeZoneType@69a2b3b6
10:13:59.844 [main] DEBUG org.hibernate.type.BasicTypeRegistry - Adding type registration class -> org.hibernate.type.ClassType@228cea97
10:13:59.844 [main] DEBUG org.hibernate.type.BasicTypeRegistry - Adding type registration java.lang.Class -> org.hibernate.type.ClassType@228cea97
10:13:59.844 [main] DEBUG org.hibernate.type.BasicTypeRegistry - Adding type registration uuid-binary -> org.hibernate.type.UUIDBinaryType@151ef57f
10:13:59.844 [main] DEBUG org.hibernate.type.BasicTypeRegistry - Adding type registration java.util.UUID -> org.hibernate.type.UUIDBinaryType@151ef57f
10:13:59.844 [main] DEBUG org.hibernate.type.BasicTypeRegistry - Adding type registration uuid-char -> org.hibernate.type.UUIDCharType@2cc03cd1
10:13:59.844 [main] DEBUG org.hibernate.type.BasicTypeRegistry - Adding type registration pg-uuid -> org.hibernate.type.PostgresUUIDType@3b9632d1
10:13:59.844 [main] DEBUG org.hibernate.type.BasicTypeRegistry - Adding type registration binary -> org.hibernate.type.BinaryType@26d96e5
10:13:59.844 [main] DEBUG org.hibernate.type.BasicTypeRegistry - Adding type registration byte[] -> org.hibernate.type.BinaryType@26d96e5
10:13:59.844 [main] DEBUG org.hibernate.type.BasicTypeRegistry - Adding type registration [B -> org.hibernate.type.BinaryType@26d96e5
10:13:59.844 [main] DEBUG org.hibernate.type.BasicTypeRegistry - Adding type registration wrapper-binary -> org.hibernate.type.WrapperBinaryType@5fac521d
10:13:59.844 [main] DEBUG org.hibernate.type.BasicTypeRegistry - Adding type registration Byte[] -> org.hibernate.type.WrapperBinaryType@5fac521d
10:13:59.844 [main] DEBUG org.hibernate.type.BasicTypeRegistry - Adding type registration [Ljava.lang.Byte; -> org.hibernate.type.WrapperBinaryType@5fac521d
10:13:59.844 [main] DEBUG org.hibernate.type.BasicTypeRegistry - Adding type registration image -> org.hibernate.type.ImageType@7a0f244f
10:13:59.844 [main] DEBUG org.hibernate.type.BasicTypeRegistry - Adding type registration characters -> org.hibernate.type.CharArrayType@2330e3e0
10:13:59.844 [main] DEBUG org.hibernate.type.BasicTypeRegistry - Adding type registration char[] -> org.hibernate.type.CharArrayType@2330e3e0
10:13:59.844 [main] DEBUG org.hibernate.type.BasicTypeRegistry - Adding type registration [C -> org.hibernate.type.CharArrayType@2330e3e0
10:13:59.844 [main] DEBUG org.hibernate.type.BasicTypeRegistry - Adding type registration wrapper-characters -> org.hibernate.type.CharacterArrayType@40e60ece
10:13:59.844 [main] DEBUG org.hibernate.type.BasicTypeRegistry - Adding type registration [Ljava.lang.Character; -> org.hibernate.type.CharacterArrayType@40e60ece
10:13:59.844 [main] DEBUG org.hibernate.type.BasicTypeRegistry - Adding type registration Character[] -> org.hibernate.type.CharacterArrayType@40e60ece
10:13:59.844 [main] DEBUG org.hibernate.type.BasicTypeRegistry - Adding type registration text -> org.hibernate.type.TextType@61f39bb
10:13:59.844 [main] DEBUG org.hibernate.type.BasicTypeRegistry - Adding type registration ntext -> org.hibernate.type.NTextType@78525ef9
10:13:59.844 [main] DEBUG org.hibernate.type.BasicTypeRegistry - Adding type registration blob -> org.hibernate.type.BlobType@36fc05ff
10:13:59.844 [main] DEBUG org.hibernate.type.BasicTypeRegistry - Adding type registration java.sql.Blob -> org.hibernate.type.BlobType@36fc05ff
10:13:59.844 [main] DEBUG org.hibernate.type.BasicTypeRegistry - Adding type registration materialized_blob -> org.hibernate.type.MaterializedBlobType@4339e0de
10:13:59.844 [main] DEBUG org.hibernate.type.BasicTypeRegistry - Adding type registration clob -> org.hibernate.type.ClobType@5c1f6d57
10:13:59.844 [main] DEBUG org.hibernate.type.BasicTypeRegistry - Adding type registration java.sql.Clob -> org.hibernate.type.ClobType@5c1f6d57
10:13:59.844 [main] DEBUG org.hibernate.type.BasicTypeRegistry - Adding type registration nclob -> org.hibernate.type.NClobType@39fa8ad2
10:13:59.844 [main] DEBUG org.hibernate.type.BasicTypeRegistry - Adding type registration java.sql.NClob -> org.hibernate.type.NClobType@39fa8ad2
10:13:59.844 [main] DEBUG org.hibernate.type.BasicTypeRegistry - Adding type registration materialized_clob -> org.hibernate.type.MaterializedClobType@cf67838
10:13:59.844 [main] DEBUG org.hibernate.type.BasicTypeRegistry - Adding type registration materialized_nclob -> org.hibernate.type.MaterializedNClobType@53b8afea
10:13:59.844 [main] DEBUG org.hibernate.type.BasicTypeRegistry - Adding type registration serializable -> org.hibernate.type.SerializableType@24934262
10:13:59.844 [main] DEBUG org.hibernate.type.BasicTypeRegistry - Adding type registration object -> org.hibernate.type.ObjectType@34f392be
10:13:59.844 [main] DEBUG org.hibernate.type.BasicTypeRegistry - Adding type registration java.lang.Object -> org.hibernate.type.ObjectType@34f392be
10:13:59.844 [main] DEBUG org.hibernate.type.BasicTypeRegistry - Adding type registration imm_date -> org.hibernate.type.AdaptedImmutableType@1209a0f
10:13:59.844 [main] DEBUG org.hibernate.type.BasicTypeRegistry - Adding type registration imm_time -> org.hibernate.type.AdaptedImmutableType@696174d3
10:13:59.844 [main] DEBUG org.hibernate.type.BasicTypeRegistry - Adding type registration imm_timestamp -> org.hibernate.type.AdaptedImmutableType@66715ca9
10:13:59.844 [main] DEBUG org.hibernate.type.BasicTypeRegistry - Adding type registration imm_dbtimestamp -> org.hibernate.type.AdaptedImmutableType@577f9dfd
10:13:59.844 [main] DEBUG org.hibernate.type.BasicTypeRegistry - Adding type registration imm_calendar -> org.hibernate.type.AdaptedImmutableType@520a95ff
10:13:59.844 [main] DEBUG org.hibernate.type.BasicTypeRegistry - Adding type registration imm_calendar_date -> org.hibernate.type.AdaptedImmutableType@30afb481
10:13:59.844 [main] DEBUG org.hibernate.type.BasicTypeRegistry - Adding type registration imm_binary -> org.hibernate.type.AdaptedImmutableType@5c573229
10:13:59.844 [main] DEBUG org.hibernate.type.BasicTypeRegistry - Adding type registration imm_serializable -> org.hibernate.type.AdaptedImmutableType@77ecdc2b
10:13:59.845 [main] DEBUG o.h.i.f.i.DefaultIdentifierGeneratorFactory - Registering IdentifierGenerator strategy [uuid2] -> [org.hibernate.id.UUIDGenerator]
10:13:59.845 [main] DEBUG o.h.i.f.i.DefaultIdentifierGeneratorFactory - Registering IdentifierGenerator strategy [guid] -> [org.hibernate.id.GUIDGenerator]
10:13:59.845 [main] DEBUG o.h.i.f.i.DefaultIdentifierGeneratorFactory - Registering IdentifierGenerator strategy [uuid] -> [org.hibernate.id.UUIDHexGenerator]
10:13:59.845 [main] DEBUG o.h.i.f.i.DefaultIdentifierGeneratorFactory - Registering IdentifierGenerator strategy [uuid.hex] -> [org.hibernate.id.UUIDHexGenerator]
10:13:59.845 [main] DEBUG o.h.i.f.i.DefaultIdentifierGeneratorFactory - Registering IdentifierGenerator strategy [hilo] -> [org.hibernate.id.TableHiLoGenerator]
10:13:59.845 [main] DEBUG o.h.i.f.i.DefaultIdentifierGeneratorFactory - Registering IdentifierGenerator strategy [assigned] -> [org.hibernate.id.Assigned]
10:13:59.845 [main] DEBUG o.h.i.f.i.DefaultIdentifierGeneratorFactory - Registering IdentifierGenerator strategy [identity] -> [org.hibernate.id.IdentityGenerator]
10:13:59.845 [main] DEBUG o.h.i.f.i.DefaultIdentifierGeneratorFactory - Registering IdentifierGenerator strategy [select] -> [org.hibernate.id.SelectGenerator]
10:13:59.845 [main] DEBUG o.h.i.f.i.DefaultIdentifierGeneratorFactory - Registering IdentifierGenerator strategy [sequence] -> [org.hibernate.id.SequenceGenerator]
10:13:59.845 [main] DEBUG o.h.i.f.i.DefaultIdentifierGeneratorFactory - Registering IdentifierGenerator strategy [seqhilo] -> [org.hibernate.id.SequenceHiLoGenerator]
10:13:59.845 [main] DEBUG o.h.i.f.i.DefaultIdentifierGeneratorFactory - Registering IdentifierGenerator strategy [increment] -> [org.hibernate.id.IncrementGenerator]
10:13:59.845 [main] DEBUG o.h.i.f.i.DefaultIdentifierGeneratorFactory - Registering IdentifierGenerator strategy [foreign] -> [org.hibernate.id.ForeignGenerator]
10:13:59.845 [main] DEBUG o.h.i.f.i.DefaultIdentifierGeneratorFactory - Registering IdentifierGenerator strategy [sequence-identity] -> [org.hibernate.id.SequenceIdentityGenerator]
10:13:59.845 [main] DEBUG o.h.i.f.i.DefaultIdentifierGeneratorFactory - Registering IdentifierGenerator strategy [enhanced-sequence] -> [org.hibernate.id.enhanced.SequenceStyleGenerator]
10:13:59.845 [main] DEBUG o.h.i.f.i.DefaultIdentifierGeneratorFactory - Registering IdentifierGenerator strategy [enhanced-table] -> [org.hibernate.id.enhanced.TableGenerator]
10:13:59.845 [main] DEBUG org.hibernate.cfg.Configuration - Preparing to build session factory with filters : {}
10:13:59.845 [main] DEBUG o.s.j.d.SimpleDriverDataSource - Creating new JDBC Driver Connection to [jdbc:h2:mem:testdb;DB_CLOSE_DELAY=-1;DB_CLOSE_ON_EXIT=false]
10:13:59.846 [main] DEBUG o.h.e.jdbc.internal.JdbcServicesImpl - Database ->
       name : H2
    version : 1.4.190 (2015-10-11)
      major : 1
      minor : 4
10:13:59.846 [main] DEBUG o.h.e.jdbc.internal.JdbcServicesImpl - Driver ->
       name : H2 JDBC Driver
    version : 1.4.190 (2015-10-11)
      major : 1
      minor : 4
10:13:59.846 [main] DEBUG o.h.e.jdbc.internal.JdbcServicesImpl - JDBC version : 4.0
10:13:59.846 [main] DEBUG o.h.e.j.c.i.StandardRefCursorSupport - Unexpected error trying to gauge level of JDBC REF_CURSOR support : null
10:13:59.848 [main] INFO  org.hibernate.dialect.Dialect - HHH000400: Using dialect: org.hibernate.dialect.PostgreSQLDialect
10:13:59.849 [main] DEBUG org.hibernate.cfg.Configuration - Processing hbm.xml files
10:13:59.849 [main] DEBUG org.hibernate.cfg.Configuration - Process annotated classes
10:13:59.849 [main] DEBUG org.hibernate.cfg.AnnotationBinder - Binding entity from annotated class: edu.tamu.framework.model.AbstractCoreUserImpl
10:13:59.849 [main] DEBUG org.hibernate.cfg.Ejb3Column - Binding column: Ejb3DiscriminatorColumn{logicalColumnName'DTYPE', discriminatorTypeName='string'}
10:13:59.849 [main] DEBUG o.h.cfg.annotations.EntityBinder - Import with entity name AbstractCoreUserImpl
10:13:59.849 [main] DEBUG o.h.cfg.annotations.EntityBinder - Bind entity edu.tamu.framework.model.AbstractCoreUserImpl on table core_users
10:13:59.850 [main] DEBUG org.hibernate.cfg.Ejb3Column - Binding column: Ejb3Column{table=org.hibernate.mapping.Table(core_users), mappingColumn=uin, insertable=true, updatable=true, unique=false}
10:13:59.850 [main] DEBUG o.h.cfg.annotations.PropertyBinder - MetadataSourceProcessor property uin with lazy=false
10:13:59.850 [main] DEBUG o.h.cfg.AbstractPropertyHolder - Attempting to locate auto-apply AttributeConverter for property [edu.tamu.framework.model.AbstractCoreUserImpl:uin]
10:13:59.850 [main] DEBUG o.h.c.annotations.SimpleValueBinder - building SimpleValue for uin
10:13:59.850 [main] DEBUG o.h.cfg.annotations.PropertyBinder - Building property uin
10:13:59.850 [main] DEBUG org.hibernate.cfg.Ejb3Column - Binding column: Ejb3Column{table=org.hibernate.mapping.Table(core_users), mappingColumn=role, insertable=true, updatable=true, unique=false}
10:13:59.850 [main] DEBUG o.h.cfg.annotations.PropertyBinder - MetadataSourceProcessor property role with lazy=false
10:13:59.850 [main] DEBUG o.h.cfg.AbstractPropertyHolder - Attempting to locate auto-apply AttributeConverter for property [edu.tamu.framework.model.AbstractCoreUserImpl:role]
10:13:59.850 [main] DEBUG o.h.c.annotations.SimpleValueBinder - building SimpleValue for role
10:13:59.850 [main] DEBUG o.h.cfg.annotations.PropertyBinder - Building property role
10:13:59.850 [main] DEBUG org.hibernate.cfg.AnnotationBinder - Binding entity from annotated class: edu.tamu.app.model.AppUser
10:13:59.850 [main] DEBUG o.h.cfg.annotations.EntityBinder - Import with entity name AppUser
10:13:59.851 [main] DEBUG org.hibernate.cfg.Ejb3Column - Binding column: Ejb3Column{table=org.hibernate.mapping.Table(core_users), mappingColumn=first_name, insertable=true, updatable=true, unique=false}
10:13:59.851 [main] DEBUG o.h.cfg.annotations.PropertyBinder - MetadataSourceProcessor property firstName with lazy=false
10:13:59.851 [main] DEBUG o.h.cfg.AbstractPropertyHolder - Attempting to locate auto-apply AttributeConverter for property [edu.tamu.app.model.AppUser:firstName]
10:13:59.851 [main] DEBUG o.h.c.annotations.SimpleValueBinder - building SimpleValue for firstName
10:13:59.851 [main] DEBUG o.h.cfg.annotations.PropertyBinder - Building property firstName
10:13:59.851 [main] DEBUG org.hibernate.cfg.Ejb3Column - Binding column: Ejb3Column{table=org.hibernate.mapping.Table(core_users), mappingColumn=last_name, insertable=true, updatable=true, unique=false}
10:13:59.851 [main] DEBUG o.h.cfg.annotations.PropertyBinder - MetadataSourceProcessor property lastName with lazy=false
10:13:59.851 [main] DEBUG o.h.cfg.AbstractPropertyHolder - Attempting to locate auto-apply AttributeConverter for property [edu.tamu.app.model.AppUser:lastName]
10:13:59.851 [main] DEBUG o.h.c.annotations.SimpleValueBinder - building SimpleValue for lastName
10:13:59.851 [main] DEBUG o.h.cfg.annotations.PropertyBinder - Building property lastName
10:13:59.851 [main] DEBUG o.h.c.annotations.SimpleValueBinder - Starting fillSimpleValue for uin
10:13:59.851 [main] DEBUG o.h.c.annotations.SimpleValueBinder - Starting fillSimpleValue for role
10:13:59.851 [main] DEBUG o.h.c.annotations.SimpleValueBinder - Starting fillSimpleValue for firstName
10:13:59.851 [main] DEBUG o.h.c.annotations.SimpleValueBinder - Starting fillSimpleValue for lastName
10:13:59.851 [main] DEBUG org.hibernate.cfg.Configuration - Processing fk mappings (*ToOne and JoinedSubclass)
10:13:59.851 [main] DEBUG org.hibernate.cfg.Configuration - Processing extends queue
10:13:59.851 [main] DEBUG org.hibernate.cfg.Configuration - Processing extends queue
10:13:59.851 [main] DEBUG org.hibernate.cfg.Configuration - Processing collection mappings
10:13:59.851 [main] DEBUG org.hibernate.cfg.Configuration - Processing native query and ResultSetMapping mappings
10:13:59.851 [main] DEBUG org.hibernate.cfg.Configuration - Processing association property references
10:13:59.851 [main] DEBUG org.hibernate.cfg.Configuration - Creating tables' unique integer identifiers
10:13:59.851 [main] DEBUG org.hibernate.cfg.Configuration - Processing foreign key constraints
10:13:59.852 [main] DEBUG org.hibernate.cfg.SettingsFactory - Automatic flush during beforeCompletion(): disabled
10:13:59.852 [main] DEBUG org.hibernate.cfg.SettingsFactory - Automatic session close at end of transaction: disabled
10:13:59.852 [main] DEBUG org.hibernate.cfg.SettingsFactory - JDBC batch size: 15
10:13:59.852 [main] DEBUG org.hibernate.cfg.SettingsFactory - JDBC batch updates for versioned data: disabled
10:13:59.852 [main] DEBUG org.hibernate.cfg.SettingsFactory - Scrollable result sets: enabled
10:13:59.852 [main] DEBUG org.hibernate.cfg.SettingsFactory - Wrap result sets: disabled
10:13:59.852 [main] DEBUG org.hibernate.cfg.SettingsFactory - JDBC3 getGeneratedKeys(): enabled
10:13:59.852 [main] DEBUG org.hibernate.cfg.SettingsFactory - multi-tenancy strategy : NONE
10:13:59.852 [main] DEBUG org.hibernate.cfg.SettingsFactory - Connection release mode: auto
10:13:59.852 [main] DEBUG org.hibernate.cfg.SettingsFactory - Using BatchFetchStyle : LEGACY
10:13:59.852 [main] DEBUG org.hibernate.cfg.SettingsFactory - Default batch fetch size: 1
10:13:59.852 [main] DEBUG org.hibernate.cfg.SettingsFactory - Generate SQL with comments: disabled
10:13:59.852 [main] DEBUG org.hibernate.cfg.SettingsFactory - Order SQL updates by primary key: disabled
10:13:59.852 [main] DEBUG org.hibernate.cfg.SettingsFactory - Order SQL inserts for batching: disabled
10:13:59.852 [main] DEBUG org.hibernate.cfg.SettingsFactory - Default null ordering: none
10:13:59.852 [main] DEBUG org.hibernate.cfg.SettingsFactory - Query translator: org.hibernate.hql.internal.ast.ASTQueryTranslatorFactory
10:13:59.852 [main] INFO  o.h.h.i.a.ASTQueryTranslatorFactory - HHH000397: Using ASTQueryTranslatorFactory
10:13:59.852 [main] DEBUG org.hibernate.cfg.SettingsFactory - Query language substitutions: {}
10:13:59.852 [main] DEBUG org.hibernate.cfg.SettingsFactory - JPA-QL strict compliance: disabled
10:13:59.852 [main] DEBUG org.hibernate.cfg.SettingsFactory - Second-level cache: enabled
10:13:59.852 [main] DEBUG org.hibernate.cfg.SettingsFactory - Query cache: disabled
10:13:59.852 [main] DEBUG o.h.c.i.RegionFactoryInitiator - Cache region factory : org.hibernate.cache.internal.NoCachingRegionFactory
10:13:59.852 [main] DEBUG org.hibernate.cfg.SettingsFactory - Optimize cache for minimal puts: disabled
10:13:59.852 [main] DEBUG org.hibernate.cfg.SettingsFactory - Structured second-level cache entries: disabled
10:13:59.852 [main] DEBUG org.hibernate.cfg.SettingsFactory - Second-level cache direct-reference entries: disabled
10:13:59.852 [main] DEBUG org.hibernate.cfg.SettingsFactory - Automatic eviction of collection cache: disabled
10:13:59.852 [main] DEBUG org.hibernate.cfg.SettingsFactory - Statistics: disabled
10:13:59.852 [main] DEBUG org.hibernate.cfg.SettingsFactory - Deleted entity synthetic identifier rollback: disabled
10:13:59.852 [main] DEBUG org.hibernate.cfg.SettingsFactory - Default entity-mode: pojo
10:13:59.852 [main] DEBUG org.hibernate.cfg.SettingsFactory - Named query checking : enabled
10:13:59.852 [main] DEBUG org.hibernate.cfg.SettingsFactory - Check Nullability in Core (should be disabled when Bean Validation is on): enabled
10:13:59.852 [main] DEBUG org.hibernate.cfg.SettingsFactory - Allow initialization of lazy state outside session : : disabled
10:13:59.852 [main] DEBUG org.hibernate.cfg.SettingsFactory - JTA Track by Thread: enabled
10:13:59.852 [main] DEBUG o.h.internal.SessionFactoryImpl - Building session factory
10:13:59.852 [main] DEBUG o.h.internal.SessionFactoryImpl - Session factory constructed with filter configurations : {}
10:13:59.852 [main] DEBUG o.h.internal.SessionFactoryImpl - Instantiating session factory with properties: {java.runtime.name=Java(TM) SE Runtime Environment, sun.boot.library.path=/Library/Java/JavaVirtualMachines/jdk1.8.0_25.jdk/Contents/Home/jre/lib, java.vm.version=25.25-b02, gopherProxySet=false, java.vm.vendor=Oracle Corporation, java.vendor.url=http://java.oracle.com/, path.separator=:, java.vm.name=Java HotSpot(TM) 64-Bit Server VM, file.encoding.pkg=sun.io, user.country=US, sun.java.launcher=SUN_STANDARD, sun.os.patch.level=unknown, hibernate.ejb.naming_strategy=org.springframework.boot.orm.jpa.hibernate.SpringNamingStrategy, java.vm.specification.name=Java Virtual Machine Specification, user.dir=/Users/huff/development/java/apps/TAMU-Webservice-Seed, javax.persistence.sharedCache.mode=UNSPECIFIED, java.runtime.version=1.8.0_25-b17, java.awt.graphicsenv=sun.awt.CGraphicsEnvironment, basedir=/Users/huff/development/java/apps/TAMU-Webservice-Seed, java.endorsed.dirs=/Library/Java/JavaVirtualMachines/jdk1.8.0_25.jdk/Contents/Home/jre/lib/endorsed, os.arch=x86_64, surefire.real.class.path=/Users/huff/development/java/apps/TAMU-Webservice-Seed/target/surefire/surefirebooter1089328261698794894.jar, java.io.tmpdir=/var/folders/s5/4szgmjf93r9gj2y1w3x35z514ml7xy/T/, line.separator=
, java.vm.specification.vendor=Oracle Corporation, os.name=Mac OS X, sun.jnu.encoding=UTF-8, java.library.path=/Users/huff/Library/Java/Extensions:/Library/Java/Extensions:/Network/Library/Java/Extensions:/System/Library/Java/Extensions:/usr/lib/java:., surefire.test.class.path=/Users/huff/development/java/apps/TAMU-Webservice-Seed/target/test-classes:/Users/huff/development/java/apps/TAMU-Webservice-Seed/target/classes:/Users/huff/.m2/repository/edu/tamu/framework/webservice-framework-core/2.0.0-SNAPSHOT/webservice-framework-core-2.0.0-SNAPSHOT.jar:/Users/huff/.m2/repository/org/springframework/boot/spring-boot-starter-websocket/1.2.7.RELEASE/spring-boot-starter-websocket-1.2.7.RELEASE.jar:/Users/huff/.m2/repository/org/springframework/boot/spring-boot-starter/1.2.7.RELEASE/spring-boot-starter-1.2.7.RELEASE.jar:/Users/huff/.m2/repository/org/springframework/boot/spring-boot/1.2.7.RELEASE/spring-boot-1.2.7.RELEASE.jar:/Users/huff/.m2/repository/org/springframework/boot/spring-boot-autoconfigure/1.2.7.RELEASE/spring-boot-autoconfigure-1.2.7.RELEASE.jar:/Users/huff/.m2/repository/org/springframework/boot/spring-boot-starter-logging/1.2.7.RELEASE/spring-boot-starter-logging-1.2.7.RELEASE.jar:/Users/huff/.m2/repository/org/slf4j/jul-to-slf4j/1.7.12/jul-to-slf4j-1.7.12.jar:/Users/huff/.m2/repository/org/slf4j/log4j-over-slf4j/1.7.12/log4j-over-slf4j-1.7.12.jar:/Users/huff/.m2/repository/ch/qos/logback/logback-classic/1.1.3/logback-classic-1.1.3.jar:/Users/huff/.m2/repository/ch/qos/logback/logback-core/1.1.3/logback-core-1.1.3.jar:/Users/huff/.m2/repository/org/yaml/snakeyaml/1.14/snakeyaml-1.14.jar:/Users/huff/.m2/repository/org/springframework/boot/spring-boot-starter-web/1.2.7.RELEASE/spring-boot-starter-web-1.2.7.RELEASE.jar:/Users/huff/.m2/repository/com/fasterxml/jackson/core/jackson-databind/2.4.6/jackson-databind-2.4.6.jar:/Users/huff/.m2/repository/com/fasterxml/jackson/core/jackson-annotations/2.4.6/jackson-annotations-2.4.6.jar:/Users/huff/.m2/repository/com/fasterxml/jackson/core/jackson-core/2.4.6/jackson-core-2.4.6.jar:/Users/huff/.m2/repository/org/hibernate/hibernate-validator/5.1.3.Final/hibernate-validator-5.1.3.Final.jar:/Users/huff/.m2/repository/javax/validation/validation-api/1.1.0.Final/validation-api-1.1.0.Final.jar:/Users/huff/.m2/repository/com/fasterxml/classmate/1.0.0/classmate-1.0.0.jar:/Users/huff/.m2/repository/org/springframework/spring-core/4.1.8.RELEASE/spring-core-4.1.8.RELEASE.jar:/Users/huff/.m2/repository/org/springframework/spring-websocket/4.1.8.RELEASE/spring-websocket-4.1.8.RELEASE.jar:/Users/huff/.m2/repository/org/springframework/boot/spring-boot-starter-tomcat/1.2.7.RELEASE/spring-boot-starter-tomcat-1.2.7.RELEASE.jar:/Users/huff/.m2/repository/org/apache/tomcat/embed/tomcat-embed-core/8.0.28/tomcat-embed-core-8.0.28.jar:/Users/huff/.m2/repository/org/apache/tomcat/embed/tomcat-embed-el/8.0.28/tomcat-embed-el-8.0.28.jar:/Users/huff/.m2/repository/org/apache/tomcat/embed/tomcat-embed-logging-juli/8.0.28/tomcat-embed-logging-juli-8.0.28.jar:/Users/huff/.m2/repository/org/apache/tomcat/embed/tomcat-embed-websocket/8.0.28/tomcat-embed-websocket-8.0.28.jar:/Users/huff/.m2/repository/org/springframework/boot/spring-boot-configuration-processor/1.2.7.RELEASE/spring-boot-configuration-processor-1.2.7.RELEASE.jar:/Users/huff/.m2/repository/org/json/json/20140107/json-20140107.jar:/Users/huff/.m2/repository/org/springframework/spring-messaging/4.1.8.RELEASE/spring-messaging-4.1.8.RELEASE.jar:/Users/huff/.m2/repository/org/springframework/spring-beans/4.1.8.RELEASE/spring-beans-4.1.8.RELEASE.jar:/Users/huff/.m2/repository/org/springframework/spring-context/4.1.8.RELEASE/spring-context-4.1.8.RELEASE.jar:/Users/huff/.m2/repository/org/springframework/boot/spring-boot-starter-data-jpa/1.2.7.RELEASE/spring-boot-starter-data-jpa-1.2.7.RELEASE.jar:/Users/huff/.m2/repository/org/springframework/boot/spring-boot-starter-aop/1.2.7.RELEASE/spring-boot-starter-aop-1.2.7.RELEASE.jar:/Users/huff/.m2/repository/org/aspectj/aspectjrt/1.8.7/aspectjrt-1.8.7.jar:/Users/huff/.m2/repository/org/aspectj/aspectjweaver/1.8.7/aspectjweaver-1.8.7.jar:/Users/huff/.m2/repository/org/springframework/boot/spring-boot-starter-jdbc/1.2.7.RELEASE/spring-boot-starter-jdbc-1.2.7.RELEASE.jar:/Users/huff/.m2/repository/org/springframework/spring-jdbc/4.1.8.RELEASE/spring-jdbc-4.1.8.RELEASE.jar:/Users/huff/.m2/repository/org/apache/tomcat/tomcat-jdbc/8.0.28/tomcat-jdbc-8.0.28.jar:/Users/huff/.m2/repository/org/apache/tomcat/tomcat-juli/8.0.28/tomcat-juli-8.0.28.jar:/Users/huff/.m2/repository/org/springframework/spring-tx/4.1.8.RELEASE/spring-tx-4.1.8.RELEASE.jar:/Users/huff/.m2/repository/org/hibernate/hibernate-entitymanager/4.3.11.Final/hibernate-entitymanager-4.3.11.Final.jar:/Users/huff/.m2/repository/org/jboss/logging/jboss-logging/3.1.3.GA/jboss-logging-3.1.3.GA.jar:/Users/huff/.m2/repository/org/jboss/logging/jboss-logging-annotations/1.2.0.Beta1/jboss-logging-annotations-1.2.0.Beta1.jar:/Users/huff/.m2/repository/org/hibernate/hibernate-core/4.3.11.Final/hibernate-core-4.3.11.Final.jar:/Users/huff/.m2/repository/antlr/antlr/2.7.7/antlr-2.7.7.jar:/Users/huff/.m2/repository/org/jboss/jandex/1.1.0.Final/jandex-1.1.0.Final.jar:/Users/huff/.m2/repository/dom4j/dom4j/1.6.1/dom4j-1.6.1.jar:/Users/huff/.m2/repository/xml-apis/xml-apis/1.0.b2/xml-apis-1.0.b2.jar:/Users/huff/.m2/repository/org/hibernate/common/hibernate-commons-annotations/4.0.5.Final/hibernate-commons-annotations-4.0.5.Final.jar:/Users/huff/.m2/repository/org/hibernate/javax/persistence/hibernate-jpa-2.1-api/1.0.0.Final/hibernate-jpa-2.1-api-1.0.0.Final.jar:/Users/huff/.m2/repository/org/javassist/javassist/3.18.1-GA/javassist-3.18.1-GA.jar:/Users/huff/.m2/repository/javax/transaction/javax.transaction-api/1.2/javax.transaction-api-1.2.jar:/Users/huff/.m2/repository/org/springframework/spring-orm/4.1.8.RELEASE/spring-orm-4.1.8.RELEASE.jar:/Users/huff/.m2/repository/org/springframework/data/spring-data-jpa/1.7.4.RELEASE/spring-data-jpa-1.7.4.RELEASE.jar:/Users/huff/.m2/repository/org/springframework/data/spring-data-commons/1.9.4.RELEASE/spring-data-commons-1.9.4.RELEASE.jar:/Users/huff/.m2/repository/org/slf4j/jcl-over-slf4j/1.7.12/jcl-over-slf4j-1.7.12.jar:/Users/huff/.m2/repository/org/springframework/spring-aspects/4.1.8.RELEASE/spring-aspects-4.1.8.RELEASE.jar:/Users/huff/.m2/repository/org/springframework/boot/spring-boot-starter-security/1.2.7.RELEASE/spring-boot-starter-security-1.2.7.RELEASE.jar:/Users/huff/.m2/repository/org/springframework/spring-expression/4.1.8.RELEASE/spring-expression-4.1.8.RELEASE.jar:/Users/huff/.m2/repository/org/springframework/spring-web/4.1.8.RELEASE/spring-web-4.1.8.RELEASE.jar:/Users/huff/.m2/repository/org/springframework/security/spring-security-config/3.2.8.RELEASE/spring-security-config-3.2.8.RELEASE.jar:/Users/huff/.m2/repository/aopalliance/aopalliance/1.0/aopalliance-1.0.jar:/Users/huff/.m2/repository/org/springframework/security/spring-security-web/3.2.8.RELEASE/spring-security-web-3.2.8.RELEASE.jar:/Users/huff/.m2/repository/org/springframework/spring-aop/4.1.8.RELEASE/spring-aop-4.1.8.RELEASE.jar:/Users/huff/.m2/repository/org/springframework/security/spring-security-jwt/1.0.3.RELEASE/spring-security-jwt-1.0.3.RELEASE.jar:/Users/huff/.m2/repository/org/bouncycastle/bcpkix-jdk15on/1.47/bcpkix-jdk15on-1.47.jar:/Users/huff/.m2/repository/org/bouncycastle/bcprov-jdk15on/1.47/bcprov-jdk15on-1.47.jar:/Users/huff/.m2/repository/org/springframework/security/oauth/spring-security-oauth2/2.0.5.RELEASE/spring-security-oauth2-2.0.5.RELEASE.jar:/Users/huff/.m2/repository/org/springframework/spring-webmvc/4.1.8.RELEASE/spring-webmvc-4.1.8.RELEASE.jar:/Users/huff/.m2/repository/org/springframework/security/spring-security-core/3.2.8.RELEASE/spring-security-core-3.2.8.RELEASE.jar:/Users/huff/.m2/repository/commons-codec/commons-codec/1.6/commons-codec-1.6.jar:/Users/huff/.m2/repository/org/codehaus/jackson/jackson-mapper-asl/1.9.13/jackson-mapper-asl-1.9.13.jar:/Users/huff/.m2/repository/org/codehaus/jackson/jackson-core-asl/1.9.13/jackson-core-asl-1.9.13.jar:/Users/huff/.m2/repository/commons-collections/commons-collections/3.2.1/commons-collections-3.2.1.jar:/Users/huff/.m2/repository/commons-io/commons-io/2.4/commons-io-2.4.jar:/Users/huff/.m2/repository/org/postgresql/postgresql/9.3-1102-jdbc41/postgresql-9.3-1102-jdbc41.jar:/Users/huff/.m2/repository/com/h2database/h2/1.4.190/h2-1.4.190.jar:/Users/huff/.m2/repository/log4j/log4j/1.2.17/log4j-1.2.17.jar:/Users/huff/.m2/repository/junit/junit/4.12/junit-4.12.jar:/Users/huff/.m2/repository/org/hamcrest/hamcrest-core/1.3/hamcrest-core-1.3.jar:/Users/huff/.m2/repository/org/mockito/mockito-all/1.10.19/mockito-all-1.10.19.jar:/Users/huff/.m2/repository/org/hamcrest/hamcrest-library/1.3/hamcrest-library-1.3.jar:/Users/huff/.m2/repository/org/springframework/spring-test/4.1.8.RELEASE/spring-test-4.1.8.RELEASE.jar:/Users/huff/.m2/repository/com/jayway/jsonpath/json-path/0.9.1/json-path-0.9.1.jar:/Users/huff/.m2/repository/net/minidev/json-smart/1.2/json-smart-1.2.jar:/Users/huff/.m2/repository/org/slf4j/slf4j-api/1.7.12/slf4j-api-1.7.12.jar:/Users/huff/.m2/repository/com/jayway/jsonpath/json-path-assert/0.8.1/json-path-assert-0.8.1.jar:/Users/huff/.m2/repository/com/github/springtestdbunit/spring-test-dbunit/1.1.0/spring-test-dbunit-1.1.0.jar:/Users/huff/.m2/repository/org/springframework/spring-context-support/4.1.8.RELEASE/spring-context-support-4.1.8.RELEASE.jar:/Users/huff/.m2/repository/com/sun/mail/javax.mail/1.5.4/javax.mail-1.5.4.jar:/Users/huff/.m2/repository/javax/activation/activation/1.1/activation-1.1.jar:/Users/huff/.m2/repository/org/dbunit/dbunit/2.4.9/dbunit-2.4.9.jar:, hibernate.ejb.persistenceUnitName=default, java.specification.name=Java Platform API Specification, java.class.version=52.0, hibernate.transaction.jta.platform=org.hibernate.engine.transaction.jta.platform.internal.NoJtaPlatform@46702c26, sun.management.compiler=HotSpot 64-Bit Tiered Compilers, os.version=10.11.2, http.nonProxyHosts=local|*.local|169.254/16|*.169.254/16, user.home=/Users/huff, user.timezone=America/Chicago, java.awt.printerjob=sun.lwawt.macosx.CPrinterJob, java.specification.version=1.8, file.encoding=UTF-8, javax.persistence.nonJtaDataSource=org.springframework.jdbc.datasource.embedded.EmbeddedDatabaseFactory$EmbeddedDataSourceProxy@1214d23c, user.name=huff, java.class.path=/Users/huff/development/java/apps/TAMU-Webservice-Seed/target/test-classes:/Users/huff/development/java/apps/TAMU-Webservice-Seed/target/classes:/Users/huff/.m2/repository/edu/tamu/framework/webservice-framework-core/2.0.0-SNAPSHOT/webservice-framework-core-2.0.0-SNAPSHOT.jar:/Users/huff/.m2/repository/org/springframework/boot/spring-boot-starter-websocket/1.2.7.RELEASE/spring-boot-starter-websocket-1.2.7.RELEASE.jar:/Users/huff/.m2/repository/org/springframework/boot/spring-boot-starter/1.2.7.RELEASE/spring-boot-starter-1.2.7.RELEASE.jar:/Users/huff/.m2/repository/org/springframework/boot/spring-boot/1.2.7.RELEASE/spring-boot-1.2.7.RELEASE.jar:/Users/huff/.m2/repository/org/springframework/boot/spring-boot-autoconfigure/1.2.7.RELEASE/spring-boot-autoconfigure-1.2.7.RELEASE.jar:/Users/huff/.m2/repository/org/springframework/boot/spring-boot-starter-logging/1.2.7.RELEASE/spring-boot-starter-logging-1.2.7.RELEASE.jar:/Users/huff/.m2/repository/org/slf4j/jul-to-slf4j/1.7.12/jul-to-slf4j-1.7.12.jar:/Users/huff/.m2/repository/org/slf4j/log4j-over-slf4j/1.7.12/log4j-over-slf4j-1.7.12.jar:/Users/huff/.m2/repository/ch/qos/logback/logback-classic/1.1.3/logback-classic-1.1.3.jar:/Users/huff/.m2/repository/ch/qos/logback/logback-core/1.1.3/logback-core-1.1.3.jar:/Users/huff/.m2/repository/org/yaml/snakeyaml/1.14/snakeyaml-1.14.jar:/Users/huff/.m2/repository/org/springframework/boot/spring-boot-starter-web/1.2.7.RELEASE/spring-boot-starter-web-1.2.7.RELEASE.jar:/Users/huff/.m2/repository/com/fasterxml/jackson/core/jackson-databind/2.4.6/jackson-databind-2.4.6.jar:/Users/huff/.m2/repository/com/fasterxml/jackson/core/jackson-annotations/2.4.6/jackson-annotations-2.4.6.jar:/Users/huff/.m2/repository/com/fasterxml/jackson/core/jackson-core/2.4.6/jackson-core-2.4.6.jar:/Users/huff/.m2/repository/org/hibernate/hibernate-validator/5.1.3.Final/hibernate-validator-5.1.3.Final.jar:/Users/huff/.m2/repository/javax/validation/validation-api/1.1.0.Final/validation-api-1.1.0.Final.jar:/Users/huff/.m2/repository/com/fasterxml/classmate/1.0.0/classmate-1.0.0.jar:/Users/huff/.m2/repository/org/springframework/spring-core/4.1.8.RELEASE/spring-core-4.1.8.RELEASE.jar:/Users/huff/.m2/repository/org/springframework/spring-websocket/4.1.8.RELEASE/spring-websocket-4.1.8.RELEASE.jar:/Users/huff/.m2/repository/org/springframework/boot/spring-boot-starter-tomcat/1.2.7.RELEASE/spring-boot-starter-tomcat-1.2.7.RELEASE.jar:/Users/huff/.m2/repository/org/apache/tomcat/embed/tomcat-embed-core/8.0.28/tomcat-embed-core-8.0.28.jar:/Users/huff/.m2/repository/org/apache/tomcat/embed/tomcat-embed-el/8.0.28/tomcat-embed-el-8.0.28.jar:/Users/huff/.m2/repository/org/apache/tomcat/embed/tomcat-embed-logging-juli/8.0.28/tomcat-embed-logging-juli-8.0.28.jar:/Users/huff/.m2/repository/org/apache/tomcat/embed/tomcat-embed-websocket/8.0.28/tomcat-embed-websocket-8.0.28.jar:/Users/huff/.m2/repository/org/springframework/boot/spring-boot-configuration-processor/1.2.7.RELEASE/spring-boot-configuration-processor-1.2.7.RELEASE.jar:/Users/huff/.m2/repository/org/json/json/20140107/json-20140107.jar:/Users/huff/.m2/repository/org/springframework/spring-messaging/4.1.8.RELEASE/spring-messaging-4.1.8.RELEASE.jar:/Users/huff/.m2/repository/org/springframework/spring-beans/4.1.8.RELEASE/spring-beans-4.1.8.RELEASE.jar:/Users/huff/.m2/repository/org/springframework/spring-context/4.1.8.RELEASE/spring-context-4.1.8.RELEASE.jar:/Users/huff/.m2/repository/org/springframework/boot/spring-boot-starter-data-jpa/1.2.7.RELEASE/spring-boot-starter-data-jpa-1.2.7.RELEASE.jar:/Users/huff/.m2/repository/org/springframework/boot/spring-boot-starter-aop/1.2.7.RELEASE/spring-boot-starter-aop-1.2.7.RELEASE.jar:/Users/huff/.m2/repository/org/aspectj/aspectjrt/1.8.7/aspectjrt-1.8.7.jar:/Users/huff/.m2/repository/org/aspectj/aspectjweaver/1.8.7/aspectjweaver-1.8.7.jar:/Users/huff/.m2/repository/org/springframework/boot/spring-boot-starter-jdbc/1.2.7.RELEASE/spring-boot-starter-jdbc-1.2.7.RELEASE.jar:/Users/huff/.m2/repository/org/springframework/spring-jdbc/4.1.8.RELEASE/spring-jdbc-4.1.8.RELEASE.jar:/Users/huff/.m2/repository/org/apache/tomcat/tomcat-jdbc/8.0.28/tomcat-jdbc-8.0.28.jar:/Users/huff/.m2/repository/org/apache/tomcat/tomcat-juli/8.0.28/tomcat-juli-8.0.28.jar:/Users/huff/.m2/repository/org/springframework/spring-tx/4.1.8.RELEASE/spring-tx-4.1.8.RELEASE.jar:/Users/huff/.m2/repository/org/hibernate/hibernate-entitymanager/4.3.11.Final/hibernate-entitymanager-4.3.11.Final.jar:/Users/huff/.m2/repository/org/jboss/logging/jboss-logging/3.1.3.GA/jboss-logging-3.1.3.GA.jar:/Users/huff/.m2/repository/org/jboss/logging/jboss-logging-annotations/1.2.0.Beta1/jboss-logging-annotations-1.2.0.Beta1.jar:/Users/huff/.m2/repository/org/hibernate/hibernate-core/4.3.11.Final/hibernate-core-4.3.11.Final.jar:/Users/huff/.m2/repository/antlr/antlr/2.7.7/antlr-2.7.7.jar:/Users/huff/.m2/repository/org/jboss/jandex/1.1.0.Final/jandex-1.1.0.Final.jar:/Users/huff/.m2/repository/dom4j/dom4j/1.6.1/dom4j-1.6.1.jar:/Users/huff/.m2/repository/xml-apis/xml-apis/1.0.b2/xml-apis-1.0.b2.jar:/Users/huff/.m2/repository/org/hibernate/common/hibernate-commons-annotations/4.0.5.Final/hibernate-commons-annotations-4.0.5.Final.jar:/Users/huff/.m2/repository/org/hibernate/javax/persistence/hibernate-jpa-2.1-api/1.0.0.Final/hibernate-jpa-2.1-api-1.0.0.Final.jar:/Users/huff/.m2/repository/org/javassist/javassist/3.18.1-GA/javassist-3.18.1-GA.jar:/Users/huff/.m2/repository/javax/transaction/javax.transaction-api/1.2/javax.transaction-api-1.2.jar:/Users/huff/.m2/repository/org/springframework/spring-orm/4.1.8.RELEASE/spring-orm-4.1.8.RELEASE.jar:/Users/huff/.m2/repository/org/springframework/data/spring-data-jpa/1.7.4.RELEASE/spring-data-jpa-1.7.4.RELEASE.jar:/Users/huff/.m2/repository/org/springframework/data/spring-data-commons/1.9.4.RELEASE/spring-data-commons-1.9.4.RELEASE.jar:/Users/huff/.m2/repository/org/slf4j/jcl-over-slf4j/1.7.12/jcl-over-slf4j-1.7.12.jar:/Users/huff/.m2/repository/org/springframework/spring-aspects/4.1.8.RELEASE/spring-aspects-4.1.8.RELEASE.jar:/Users/huff/.m2/repository/org/springframework/boot/spring-boot-starter-security/1.2.7.RELEASE/spring-boot-starter-security-1.2.7.RELEASE.jar:/Users/huff/.m2/repository/org/springframework/spring-expression/4.1.8.RELEASE/spring-expression-4.1.8.RELEASE.jar:/Users/huff/.m2/repository/org/springframework/spring-web/4.1.8.RELEASE/spring-web-4.1.8.RELEASE.jar:/Users/huff/.m2/repository/org/springframework/security/spring-security-config/3.2.8.RELEASE/spring-security-config-3.2.8.RELEASE.jar:/Users/huff/.m2/repository/aopalliance/aopalliance/1.0/aopalliance-1.0.jar:/Users/huff/.m2/repository/org/springframework/security/spring-security-web/3.2.8.RELEASE/spring-security-web-3.2.8.RELEASE.jar:/Users/huff/.m2/repository/org/springframework/spring-aop/4.1.8.RELEASE/spring-aop-4.1.8.RELEASE.jar:/Users/huff/.m2/repository/org/springframework/security/spring-security-jwt/1.0.3.RELEASE/spring-security-jwt-1.0.3.RELEASE.jar:/Users/huff/.m2/repository/org/bouncycastle/bcpkix-jdk15on/1.47/bcpkix-jdk15on-1.47.jar:/Users/huff/.m2/repository/org/bouncycastle/bcprov-jdk15on/1.47/bcprov-jdk15on-1.47.jar:/Users/huff/.m2/repository/org/springframework/security/oauth/spring-security-oauth2/2.0.5.RELEASE/spring-security-oauth2-2.0.5.RELEASE.jar:/Users/huff/.m2/repository/org/springframework/spring-webmvc/4.1.8.RELEASE/spring-webmvc-4.1.8.RELEASE.jar:/Users/huff/.m2/repository/org/springframework/security/spring-security-core/3.2.8.RELEASE/spring-security-core-3.2.8.RELEASE.jar:/Users/huff/.m2/repository/commons-codec/commons-codec/1.6/commons-codec-1.6.jar:/Users/huff/.m2/repository/org/codehaus/jackson/jackson-mapper-asl/1.9.13/jackson-mapper-asl-1.9.13.jar:/Users/huff/.m2/repository/org/codehaus/jackson/jackson-core-asl/1.9.13/jackson-core-asl-1.9.13.jar:/Users/huff/.m2/repository/commons-collections/commons-collections/3.2.1/commons-collections-3.2.1.jar:/Users/huff/.m2/repository/commons-io/commons-io/2.4/commons-io-2.4.jar:/Users/huff/.m2/repository/org/postgresql/postgresql/9.3-1102-jdbc41/postgresql-9.3-1102-jdbc41.jar:/Users/huff/.m2/repository/com/h2database/h2/1.4.190/h2-1.4.190.jar:/Users/huff/.m2/repository/log4j/log4j/1.2.17/log4j-1.2.17.jar:/Users/huff/.m2/repository/junit/junit/4.12/junit-4.12.jar:/Users/huff/.m2/repository/org/hamcrest/hamcrest-core/1.3/hamcrest-core-1.3.jar:/Users/huff/.m2/repository/org/mockito/mockito-all/1.10.19/mockito-all-1.10.19.jar:/Users/huff/.m2/repository/org/hamcrest/hamcrest-library/1.3/hamcrest-library-1.3.jar:/Users/huff/.m2/repository/org/springframework/spring-test/4.1.8.RELEASE/spring-test-4.1.8.RELEASE.jar:/Users/huff/.m2/repository/com/jayway/jsonpath/json-path/0.9.1/json-path-0.9.1.jar:/Users/huff/.m2/repository/net/minidev/json-smart/1.2/json-smart-1.2.jar:/Users/huff/.m2/repository/org/slf4j/slf4j-api/1.7.12/slf4j-api-1.7.12.jar:/Users/huff/.m2/repository/com/jayway/jsonpath/json-path-assert/0.8.1/json-path-assert-0.8.1.jar:/Users/huff/.m2/repository/com/github/springtestdbunit/spring-test-dbunit/1.1.0/spring-test-dbunit-1.1.0.jar:/Users/huff/.m2/repository/org/springframework/spring-context-support/4.1.8.RELEASE/spring-context-support-4.1.8.RELEASE.jar:/Users/huff/.m2/repository/com/sun/mail/javax.mail/1.5.4/javax.mail-1.5.4.jar:/Users/huff/.m2/repository/javax/activation/activation/1.1/activation-1.1.jar:/Users/huff/.m2/repository/org/dbunit/dbunit/2.4.9/dbunit-2.4.9.jar:, hibernate.bytecode.use_reflection_optimizer=false, javax.persistence.validation.mode=AUTO, java.vm.specification.version=1.8, sun.arch.data.model=64, java.home=/Library/Java/JavaVirtualMachines/jdk1.8.0_25.jdk/Contents/Home/jre, sun.java.command=/Users/huff/development/java/apps/TAMU-Webservice-Seed/target/surefire/surefirebooter1089328261698794894.jar /Users/huff/development/java/apps/TAMU-Webservice-Seed/target/surefire/surefire1295332344547738185tmp /Users/huff/development/java/apps/TAMU-Webservice-Seed/target/surefire/surefire_0941214524567993650tmp, hibernate.dialect=org.hibernate.dialect.PostgreSQLDialect, java.specification.vendor=Oracle Corporation, user.language=en, awt.toolkit=sun.lwawt.macosx.LWCToolkit, java.vm.info=mixed mode, java.version=1.8.0_25, java.ext.dirs=/Users/huff/Library/Java/Extensions:/Library/Java/JavaVirtualMachines/jdk1.8.0_25.jdk/Contents/Home/jre/lib/ext:/Library/Java/Extensions:/Network/Library/Java/Extensions:/System/Library/Java/Extensions:/usr/lib/java, sun.boot.class.path=/Library/Java/JavaVirtualMachines/jdk1.8.0_25.jdk/Contents/Home/jre/lib/resources.jar:/Library/Java/JavaVirtualMachines/jdk1.8.0_25.jdk/Contents/Home/jre/lib/rt.jar:/Library/Java/JavaVirtualMachines/jdk1.8.0_25.jdk/Contents/Home/jre/lib/sunrsasign.jar:/Library/Java/JavaVirtualMachines/jdk1.8.0_25.jdk/Contents/Home/jre/lib/jsse.jar:/Library/Java/JavaVirtualMachines/jdk1.8.0_25.jdk/Contents/Home/jre/lib/jce.jar:/Library/Java/JavaVirtualMachines/jdk1.8.0_25.jdk/Contents/Home/jre/lib/charsets.jar:/Library/Java/JavaVirtualMachines/jdk1.8.0_25.jdk/Contents/Home/jre/lib/jfr.jar:/Library/Java/JavaVirtualMachines/jdk1.8.0_25.jdk/Contents/Home/jre/classes, java.vendor=Oracle Corporation, localRepository=/Users/huff/.m2/repository, file.separator=/, java.vendor.url.bug=http://bugreport.sun.com/bugreport/, hibernate.hbm2ddl.auto=create, sun.cpu.endian=little, sun.io.unicode.encoding=UnicodeBig, socksNonProxyHosts=local|*.local|169.254/16|*.169.254/16, ftp.nonProxyHosts=local|*.local|169.254/16|*.169.254/16, sun.cpu.isalist=}
10:13:59.853 [main] DEBUG o.h.v.i.e.r.DefaultTraversableResolver - Found javax.persistence.Persistence on classpath containing 'getPersistenceUtil'. Assuming JPA 2 environment. Trying to instantiate JPA aware TraversableResolver
10:13:59.853 [main] DEBUG o.h.v.i.e.r.DefaultTraversableResolver - Instantiated JPA aware TraversableResolver of type org.hibernate.validator.internal.engine.resolver.JPATraversableResolver.
10:13:59.854 [main] DEBUG o.h.v.i.xml.ValidationXmlParser - Trying to load META-INF/validation.xml for XML based Validator configuration.
10:13:59.854 [main] DEBUG o.h.v.i.xml.ValidationXmlParser - No META-INF/validation.xml found. Using annotation based configuration only.
10:13:59.858 [main] DEBUG o.h.secure.spi.JaccIntegrator - Skipping JACC integration as it was not enabled
10:13:59.858 [main] DEBUG o.hibernate.engine.spi.CascadeStyles - External cascade style regsitration [persist : STYLE_PERSIST_SKIPLAZY] overrode base registration [STYLE_PERSIST_SKIPLAZY]
10:13:59.859 [main] DEBUG o.h.i.f.i.DefaultIdentifierGeneratorFactory - Setting dialect [org.hibernate.dialect.PostgreSQLDialect]
10:13:59.861 [main] DEBUG o.h.p.entity.AbstractEntityPersister - Static SQL for entity: edu.tamu.app.model.AppUser
10:13:59.861 [main] DEBUG o.h.p.entity.AbstractEntityPersister -  Version select: select uin from core_users where uin =?
10:13:59.861 [main] DEBUG o.h.p.entity.AbstractEntityPersister -  Snapshot select: select appuser_.uin, appuser_.role as role3_0_, appuser_.first_name as first_na4_0_, appuser_.last_name as last_nam5_0_ from core_users appuser_ where appuser_.uin=?
10:13:59.861 [main] DEBUG o.h.p.entity.AbstractEntityPersister -  Insert 0: insert into core_users (role, first_name, last_name, dtype, uin) values (?, ?, ?, 'AppUser', ?)
10:13:59.861 [main] DEBUG o.h.p.entity.AbstractEntityPersister -  Update 0: update core_users set role=?, first_name=?, last_name=? where uin=?
10:13:59.861 [main] DEBUG o.h.p.entity.AbstractEntityPersister -  Delete 0: delete from core_users where uin=?
10:13:59.861 [main] DEBUG o.h.l.p.b.i.spaces.QuerySpacesImpl - Adding QuerySpace : uid = <gen:0> -> org.hibernate.loader.plan.build.internal.spaces.EntityQuerySpaceImpl@2086d469]
10:13:59.861 [main] DEBUG o.h.p.w.spi.MetamodelGraphWalker - Visiting attribute path : role
10:13:59.861 [main] DEBUG o.h.p.w.spi.MetamodelGraphWalker - Visiting attribute path : firstName
10:13:59.861 [main] DEBUG o.h.p.w.spi.MetamodelGraphWalker - Visiting attribute path : lastName
10:13:59.861 [main] DEBUG o.h.l.p.b.i.FetchStyleLoadPlanBuildingAssociationVisitationStrategy - Building LoadPlan...
10:13:59.861 [main] DEBUG o.h.l.p.e.i.LoadQueryJoinAndFetchProcessor - processing queryspace <gen:0>
10:13:59.862 [main] DEBUG o.h.l.p.b.spi.LoadPlanTreePrinter - LoadPlan(entity=edu.tamu.app.model.AppUser)
    - Returns
       - EntityReturnImpl(entity=edu.tamu.app.model.AppUser, querySpaceUid=<gen:0>, path=edu.tamu.app.model.AppUser)
    - QuerySpaces
       - EntityQuerySpaceImpl(uid=<gen:0>, entity=edu.tamu.app.model.AppUser)
          - SQL table alias mapping - appuser0_
          - alias suffix - 0_
          - suffixed key columns - {uin2_0_0_}

10:13:59.862 [main] DEBUG o.h.loader.entity.plan.EntityLoader - Static select for entity edu.tamu.app.model.AppUser [NONE]: select appuser0_.uin as uin2_0_0_, appuser0_.role as role3_0_0_, appuser0_.first_name as first_na4_0_0_, appuser0_.last_name as last_nam5_0_0_ from core_users appuser0_ where appuser0_.uin=? and appuser0_.dtype='AppUser'
10:13:59.862 [main] DEBUG o.h.l.p.b.i.spaces.QuerySpacesImpl - Adding QuerySpace : uid = <gen:0> -> org.hibernate.loader.plan.build.internal.spaces.EntityQuerySpaceImpl@17c53dfb]
10:13:59.862 [main] DEBUG o.h.p.w.spi.MetamodelGraphWalker - Visiting attribute path : role
10:13:59.862 [main] DEBUG o.h.p.w.spi.MetamodelGraphWalker - Visiting attribute path : firstName
10:13:59.862 [main] DEBUG o.h.p.w.spi.MetamodelGraphWalker - Visiting attribute path : lastName
10:13:59.862 [main] DEBUG o.h.l.p.b.i.FetchStyleLoadPlanBuildingAssociationVisitationStrategy - Building LoadPlan...
10:13:59.862 [main] DEBUG o.h.l.p.e.i.LoadQueryJoinAndFetchProcessor - processing queryspace <gen:0>
10:13:59.862 [main] DEBUG o.h.l.p.b.spi.LoadPlanTreePrinter - LoadPlan(entity=edu.tamu.app.model.AppUser)
    - Returns
       - EntityReturnImpl(entity=edu.tamu.app.model.AppUser, querySpaceUid=<gen:0>, path=edu.tamu.app.model.AppUser)
    - QuerySpaces
       - EntityQuerySpaceImpl(uid=<gen:0>, entity=edu.tamu.app.model.AppUser)
          - SQL table alias mapping - appuser0_
          - alias suffix - 0_
          - suffixed key columns - {uin2_0_0_}

10:13:59.862 [main] DEBUG o.h.loader.entity.plan.EntityLoader - Static select for entity edu.tamu.app.model.AppUser [READ]: select appuser0_.uin as uin2_0_0_, appuser0_.role as role3_0_0_, appuser0_.first_name as first_na4_0_0_, appuser0_.last_name as last_nam5_0_0_ from core_users appuser0_ where appuser0_.uin=? and appuser0_.dtype='AppUser'
10:13:59.862 [main] DEBUG o.h.l.p.b.i.spaces.QuerySpacesImpl - Adding QuerySpace : uid = <gen:0> -> org.hibernate.loader.plan.build.internal.spaces.EntityQuerySpaceImpl@efe49ab]
10:13:59.862 [main] DEBUG o.h.p.w.spi.MetamodelGraphWalker - Visiting attribute path : role
10:13:59.862 [main] DEBUG o.h.p.w.spi.MetamodelGraphWalker - Visiting attribute path : firstName
10:13:59.862 [main] DEBUG o.h.p.w.spi.MetamodelGraphWalker - Visiting attribute path : lastName
10:13:59.862 [main] DEBUG o.h.l.p.b.i.FetchStyleLoadPlanBuildingAssociationVisitationStrategy - Building LoadPlan...
10:13:59.862 [main] DEBUG o.h.l.p.e.i.LoadQueryJoinAndFetchProcessor - processing queryspace <gen:0>
10:13:59.862 [main] DEBUG o.h.l.p.b.spi.LoadPlanTreePrinter - LoadPlan(entity=edu.tamu.app.model.AppUser)
    - Returns
       - EntityReturnImpl(entity=edu.tamu.app.model.AppUser, querySpaceUid=<gen:0>, path=edu.tamu.app.model.AppUser)
    - QuerySpaces
       - EntityQuerySpaceImpl(uid=<gen:0>, entity=edu.tamu.app.model.AppUser)
          - SQL table alias mapping - appuser0_
          - alias suffix - 0_
          - suffixed key columns - {uin2_0_0_}

10:13:59.862 [main] DEBUG o.h.loader.entity.plan.EntityLoader - Static select for entity edu.tamu.app.model.AppUser [UPGRADE]: select appuser0_.uin as uin2_0_0_, appuser0_.role as role3_0_0_, appuser0_.first_name as first_na4_0_0_, appuser0_.last_name as last_nam5_0_0_ from core_users appuser0_ where appuser0_.uin=? and appuser0_.dtype='AppUser' for update
10:13:59.862 [main] DEBUG o.h.l.p.b.i.spaces.QuerySpacesImpl - Adding QuerySpace : uid = <gen:0> -> org.hibernate.loader.plan.build.internal.spaces.EntityQuerySpaceImpl@53dba9cd]
10:13:59.862 [main] DEBUG o.h.p.w.spi.MetamodelGraphWalker - Visiting attribute path : role
10:13:59.863 [main] DEBUG o.h.p.w.spi.MetamodelGraphWalker - Visiting attribute path : firstName
10:13:59.863 [main] DEBUG o.h.p.w.spi.MetamodelGraphWalker - Visiting attribute path : lastName
10:13:59.863 [main] DEBUG o.h.l.p.b.i.FetchStyleLoadPlanBuildingAssociationVisitationStrategy - Building LoadPlan...
10:13:59.863 [main] DEBUG o.h.l.p.e.i.LoadQueryJoinAndFetchProcessor - processing queryspace <gen:0>
10:13:59.863 [main] DEBUG o.h.l.p.b.spi.LoadPlanTreePrinter - LoadPlan(entity=edu.tamu.app.model.AppUser)
    - Returns
       - EntityReturnImpl(entity=edu.tamu.app.model.AppUser, querySpaceUid=<gen:0>, path=edu.tamu.app.model.AppUser)
    - QuerySpaces
       - EntityQuerySpaceImpl(uid=<gen:0>, entity=edu.tamu.app.model.AppUser)
          - SQL table alias mapping - appuser0_
          - alias suffix - 0_
          - suffixed key columns - {uin2_0_0_}

10:13:59.863 [main] DEBUG o.h.loader.entity.plan.EntityLoader - Static select for entity edu.tamu.app.model.AppUser [UPGRADE_NOWAIT]: select appuser0_.uin as uin2_0_0_, appuser0_.role as role3_0_0_, appuser0_.first_name as first_na4_0_0_, appuser0_.last_name as last_nam5_0_0_ from core_users appuser0_ where appuser0_.uin=? and appuser0_.dtype='AppUser' for update nowait 
10:13:59.863 [main] DEBUG o.h.l.p.b.i.spaces.QuerySpacesImpl - Adding QuerySpace : uid = <gen:0> -> org.hibernate.loader.plan.build.internal.spaces.EntityQuerySpaceImpl@5834198f]
10:13:59.863 [main] DEBUG o.h.p.w.spi.MetamodelGraphWalker - Visiting attribute path : role
10:13:59.863 [main] DEBUG o.h.p.w.spi.MetamodelGraphWalker - Visiting attribute path : firstName
10:13:59.863 [main] DEBUG o.h.p.w.spi.MetamodelGraphWalker - Visiting attribute path : lastName
10:13:59.863 [main] DEBUG o.h.l.p.b.i.FetchStyleLoadPlanBuildingAssociationVisitationStrategy - Building LoadPlan...
10:13:59.863 [main] DEBUG o.h.l.p.e.i.LoadQueryJoinAndFetchProcessor - processing queryspace <gen:0>
10:13:59.863 [main] DEBUG o.h.l.p.b.spi.LoadPlanTreePrinter - LoadPlan(entity=edu.tamu.app.model.AppUser)
    - Returns
       - EntityReturnImpl(entity=edu.tamu.app.model.AppUser, querySpaceUid=<gen:0>, path=edu.tamu.app.model.AppUser)
    - QuerySpaces
       - EntityQuerySpaceImpl(uid=<gen:0>, entity=edu.tamu.app.model.AppUser)
          - SQL table alias mapping - appuser0_
          - alias suffix - 0_
          - suffixed key columns - {uin2_0_0_}

10:13:59.863 [main] DEBUG o.h.loader.entity.plan.EntityLoader - Static select for entity edu.tamu.app.model.AppUser [UPGRADE_SKIPLOCKED]: select appuser0_.uin as uin2_0_0_, appuser0_.role as role3_0_0_, appuser0_.first_name as first_na4_0_0_, appuser0_.last_name as last_nam5_0_0_ from core_users appuser0_ where appuser0_.uin=? and appuser0_.dtype='AppUser' for update
10:13:59.863 [main] DEBUG o.h.l.p.b.i.spaces.QuerySpacesImpl - Adding QuerySpace : uid = <gen:0> -> org.hibernate.loader.plan.build.internal.spaces.EntityQuerySpaceImpl@402d6012]
10:13:59.863 [main] DEBUG o.h.p.w.spi.MetamodelGraphWalker - Visiting attribute path : role
10:13:59.863 [main] DEBUG o.h.p.w.spi.MetamodelGraphWalker - Visiting attribute path : firstName
10:13:59.863 [main] DEBUG o.h.p.w.spi.MetamodelGraphWalker - Visiting attribute path : lastName
10:13:59.863 [main] DEBUG o.h.l.p.b.i.FetchStyleLoadPlanBuildingAssociationVisitationStrategy - Building LoadPlan...
10:13:59.863 [main] DEBUG o.h.l.p.e.i.LoadQueryJoinAndFetchProcessor - processing queryspace <gen:0>
10:13:59.863 [main] DEBUG o.h.l.p.b.spi.LoadPlanTreePrinter - LoadPlan(entity=edu.tamu.app.model.AppUser)
    - Returns
       - EntityReturnImpl(entity=edu.tamu.app.model.AppUser, querySpaceUid=<gen:0>, path=edu.tamu.app.model.AppUser)
    - QuerySpaces
       - EntityQuerySpaceImpl(uid=<gen:0>, entity=edu.tamu.app.model.AppUser)
          - SQL table alias mapping - appuser0_
          - alias suffix - 0_
          - suffixed key columns - {uin2_0_0_}

10:13:59.864 [main] DEBUG o.h.loader.entity.plan.EntityLoader - Static select for entity edu.tamu.app.model.AppUser [FORCE]: select appuser0_.uin as uin2_0_0_, appuser0_.role as role3_0_0_, appuser0_.first_name as first_na4_0_0_, appuser0_.last_name as last_nam5_0_0_ from core_users appuser0_ where appuser0_.uin=? and appuser0_.dtype='AppUser' for update nowait 
10:13:59.864 [main] DEBUG o.h.l.p.b.i.spaces.QuerySpacesImpl - Adding QuerySpace : uid = <gen:0> -> org.hibernate.loader.plan.build.internal.spaces.EntityQuerySpaceImpl@41d20f06]
10:13:59.864 [main] DEBUG o.h.p.w.spi.MetamodelGraphWalker - Visiting attribute path : role
10:13:59.864 [main] DEBUG o.h.p.w.spi.MetamodelGraphWalker - Visiting attribute path : firstName
10:13:59.864 [main] DEBUG o.h.p.w.spi.MetamodelGraphWalker - Visiting attribute path : lastName
10:13:59.864 [main] DEBUG o.h.l.p.b.i.FetchStyleLoadPlanBuildingAssociationVisitationStrategy - Building LoadPlan...
10:13:59.864 [main] DEBUG o.h.l.p.e.i.LoadQueryJoinAndFetchProcessor - processing queryspace <gen:0>
10:13:59.864 [main] DEBUG o.h.l.p.b.spi.LoadPlanTreePrinter - LoadPlan(entity=edu.tamu.app.model.AppUser)
    - Returns
       - EntityReturnImpl(entity=edu.tamu.app.model.AppUser, querySpaceUid=<gen:0>, path=edu.tamu.app.model.AppUser)
    - QuerySpaces
       - EntityQuerySpaceImpl(uid=<gen:0>, entity=edu.tamu.app.model.AppUser)
          - SQL table alias mapping - appuser0_
          - alias suffix - 0_
          - suffixed key columns - {uin2_0_0_}

10:13:59.864 [main] DEBUG o.h.loader.entity.plan.EntityLoader - Static select for entity edu.tamu.app.model.AppUser [PESSIMISTIC_READ]: select appuser0_.uin as uin2_0_0_, appuser0_.role as role3_0_0_, appuser0_.first_name as first_na4_0_0_, appuser0_.last_name as last_nam5_0_0_ from core_users appuser0_ where appuser0_.uin=? and appuser0_.dtype='AppUser' for share
10:13:59.864 [main] DEBUG o.h.l.p.b.i.spaces.QuerySpacesImpl - Adding QuerySpace : uid = <gen:0> -> org.hibernate.loader.plan.build.internal.spaces.EntityQuerySpaceImpl@1573e8a5]
10:13:59.864 [main] DEBUG o.h.p.w.spi.MetamodelGraphWalker - Visiting attribute path : role
10:13:59.864 [main] DEBUG o.h.p.w.spi.MetamodelGraphWalker - Visiting attribute path : firstName
10:13:59.864 [main] DEBUG o.h.p.w.spi.MetamodelGraphWalker - Visiting attribute path : lastName
10:13:59.864 [main] DEBUG o.h.l.p.b.i.FetchStyleLoadPlanBuildingAssociationVisitationStrategy - Building LoadPlan...
10:13:59.864 [main] DEBUG o.h.l.p.e.i.LoadQueryJoinAndFetchProcessor - processing queryspace <gen:0>
10:13:59.864 [main] DEBUG o.h.l.p.b.spi.LoadPlanTreePrinter - LoadPlan(entity=edu.tamu.app.model.AppUser)
    - Returns
       - EntityReturnImpl(entity=edu.tamu.app.model.AppUser, querySpaceUid=<gen:0>, path=edu.tamu.app.model.AppUser)
    - QuerySpaces
       - EntityQuerySpaceImpl(uid=<gen:0>, entity=edu.tamu.app.model.AppUser)
          - SQL table alias mapping - appuser0_
          - alias suffix - 0_
          - suffixed key columns - {uin2_0_0_}

10:13:59.864 [main] DEBUG o.h.loader.entity.plan.EntityLoader - Static select for entity edu.tamu.app.model.AppUser [PESSIMISTIC_WRITE]: select appuser0_.uin as uin2_0_0_, appuser0_.role as role3_0_0_, appuser0_.first_name as first_na4_0_0_, appuser0_.last_name as last_nam5_0_0_ from core_users appuser0_ where appuser0_.uin=? and appuser0_.dtype='AppUser' for update
10:13:59.864 [main] DEBUG o.h.l.p.b.i.spaces.QuerySpacesImpl - Adding QuerySpace : uid = <gen:0> -> org.hibernate.loader.plan.build.internal.spaces.EntityQuerySpaceImpl@69f9b561]
10:13:59.864 [main] DEBUG o.h.p.w.spi.MetamodelGraphWalker - Visiting attribute path : role
10:13:59.864 [main] DEBUG o.h.p.w.spi.MetamodelGraphWalker - Visiting attribute path : firstName
10:13:59.864 [main] DEBUG o.h.p.w.spi.MetamodelGraphWalker - Visiting attribute path : lastName
10:13:59.864 [main] DEBUG o.h.l.p.b.i.FetchStyleLoadPlanBuildingAssociationVisitationStrategy - Building LoadPlan...
10:13:59.865 [main] DEBUG o.h.l.p.e.i.LoadQueryJoinAndFetchProcessor - processing queryspace <gen:0>
10:13:59.865 [main] DEBUG o.h.l.p.b.spi.LoadPlanTreePrinter - LoadPlan(entity=edu.tamu.app.model.AppUser)
    - Returns
       - EntityReturnImpl(entity=edu.tamu.app.model.AppUser, querySpaceUid=<gen:0>, path=edu.tamu.app.model.AppUser)
    - QuerySpaces
       - EntityQuerySpaceImpl(uid=<gen:0>, entity=edu.tamu.app.model.AppUser)
          - SQL table alias mapping - appuser0_
          - alias suffix - 0_
          - suffixed key columns - {uin2_0_0_}

10:13:59.865 [main] DEBUG o.h.loader.entity.plan.EntityLoader - Static select for entity edu.tamu.app.model.AppUser [PESSIMISTIC_FORCE_INCREMENT]: select appuser0_.uin as uin2_0_0_, appuser0_.role as role3_0_0_, appuser0_.first_name as first_na4_0_0_, appuser0_.last_name as last_nam5_0_0_ from core_users appuser0_ where appuser0_.uin=? and appuser0_.dtype='AppUser' for update nowait 
10:13:59.865 [main] DEBUG o.h.l.p.b.i.spaces.QuerySpacesImpl - Adding QuerySpace : uid = <gen:0> -> org.hibernate.loader.plan.build.internal.spaces.EntityQuerySpaceImpl@7433ca19]
10:13:59.865 [main] DEBUG o.h.p.w.spi.MetamodelGraphWalker - Visiting attribute path : role
10:13:59.865 [main] DEBUG o.h.p.w.spi.MetamodelGraphWalker - Visiting attribute path : firstName
10:13:59.865 [main] DEBUG o.h.p.w.spi.MetamodelGraphWalker - Visiting attribute path : lastName
10:13:59.865 [main] DEBUG o.h.l.p.b.i.FetchStyleLoadPlanBuildingAssociationVisitationStrategy - Building LoadPlan...
10:13:59.865 [main] DEBUG o.h.l.p.e.i.LoadQueryJoinAndFetchProcessor - processing queryspace <gen:0>
10:13:59.865 [main] DEBUG o.h.l.p.b.spi.LoadPlanTreePrinter - LoadPlan(entity=edu.tamu.app.model.AppUser)
    - Returns
       - EntityReturnImpl(entity=edu.tamu.app.model.AppUser, querySpaceUid=<gen:0>, path=edu.tamu.app.model.AppUser)
    - QuerySpaces
       - EntityQuerySpaceImpl(uid=<gen:0>, entity=edu.tamu.app.model.AppUser)
          - SQL table alias mapping - appuser0_
          - alias suffix - 0_
          - suffixed key columns - {uin2_0_0_}

10:13:59.865 [main] DEBUG o.h.loader.entity.plan.EntityLoader - Static select for entity edu.tamu.app.model.AppUser [OPTIMISTIC]: select appuser0_.uin as uin2_0_0_, appuser0_.role as role3_0_0_, appuser0_.first_name as first_na4_0_0_, appuser0_.last_name as last_nam5_0_0_ from core_users appuser0_ where appuser0_.uin=? and appuser0_.dtype='AppUser'
10:13:59.865 [main] DEBUG o.h.l.p.b.i.spaces.QuerySpacesImpl - Adding QuerySpace : uid = <gen:0> -> org.hibernate.loader.plan.build.internal.spaces.EntityQuerySpaceImpl@79d4ff58]
10:13:59.865 [main] DEBUG o.h.p.w.spi.MetamodelGraphWalker - Visiting attribute path : role
10:13:59.865 [main] DEBUG o.h.p.w.spi.MetamodelGraphWalker - Visiting attribute path : firstName
10:13:59.865 [main] DEBUG o.h.p.w.spi.MetamodelGraphWalker - Visiting attribute path : lastName
10:13:59.865 [main] DEBUG o.h.l.p.b.i.FetchStyleLoadPlanBuildingAssociationVisitationStrategy - Building LoadPlan...
10:13:59.865 [main] DEBUG o.h.l.p.e.i.LoadQueryJoinAndFetchProcessor - processing queryspace <gen:0>
10:13:59.865 [main] DEBUG o.h.l.p.b.spi.LoadPlanTreePrinter - LoadPlan(entity=edu.tamu.app.model.AppUser)
    - Returns
       - EntityReturnImpl(entity=edu.tamu.app.model.AppUser, querySpaceUid=<gen:0>, path=edu.tamu.app.model.AppUser)
    - QuerySpaces
       - EntityQuerySpaceImpl(uid=<gen:0>, entity=edu.tamu.app.model.AppUser)
          - SQL table alias mapping - appuser0_
          - alias suffix - 0_
          - suffixed key columns - {uin2_0_0_}

10:13:59.865 [main] DEBUG o.h.loader.entity.plan.EntityLoader - Static select for entity edu.tamu.app.model.AppUser [OPTIMISTIC_FORCE_INCREMENT]: select appuser0_.uin as uin2_0_0_, appuser0_.role as role3_0_0_, appuser0_.first_name as first_na4_0_0_, appuser0_.last_name as last_nam5_0_0_ from core_users appuser0_ where appuser0_.uin=? and appuser0_.dtype='AppUser'
10:13:59.866 [main] DEBUG org.hibernate.loader.Loader - Static select for action ACTION_MERGE on entity edu.tamu.app.model.AppUser: select appuser0_.uin as uin2_0_0_, appuser0_.role as role3_0_0_, appuser0_.first_name as first_na4_0_0_, appuser0_.last_name as last_nam5_0_0_ from core_users appuser0_ where appuser0_.uin=? and appuser0_.dtype='AppUser'
10:13:59.866 [main] DEBUG org.hibernate.loader.Loader - Static select for action ACTION_REFRESH on entity edu.tamu.app.model.AppUser: select appuser0_.uin as uin2_0_0_, appuser0_.role as role3_0_0_, appuser0_.first_name as first_na4_0_0_, appuser0_.last_name as last_nam5_0_0_ from core_users appuser0_ where appuser0_.uin=? and appuser0_.dtype='AppUser'
10:13:59.866 [main] DEBUG o.h.p.entity.AbstractEntityPersister - Static SQL for entity: edu.tamu.framework.model.AbstractCoreUserImpl
10:13:59.866 [main] DEBUG o.h.p.entity.AbstractEntityPersister -  Version select: select uin from core_users where uin =?
10:13:59.866 [main] DEBUG o.h.p.entity.AbstractEntityPersister -  Snapshot select: select abstractco_.uin, abstractco_.role as role3_0_ from core_users abstractco_ where abstractco_.uin=?
10:13:59.866 [main] DEBUG o.h.p.entity.AbstractEntityPersister -  Insert 0: insert into core_users (role, dtype, uin) values (?, 'AbstractCoreUserImpl', ?)
10:13:59.866 [main] DEBUG o.h.p.entity.AbstractEntityPersister -  Update 0: update core_users set role=? where uin=?
10:13:59.866 [main] DEBUG o.h.p.entity.AbstractEntityPersister -  Delete 0: delete from core_users where uin=?
10:13:59.866 [main] DEBUG o.h.l.p.b.i.spaces.QuerySpacesImpl - Adding QuerySpace : uid = <gen:0> -> org.hibernate.loader.plan.build.internal.spaces.EntityQuerySpaceImpl@14485747]
10:13:59.866 [main] DEBUG o.h.p.w.spi.MetamodelGraphWalker - Visiting attribute path : role
10:13:59.866 [main] DEBUG o.h.p.w.spi.MetamodelGraphWalker - Visiting attribute path : firstName
10:13:59.866 [main] DEBUG o.h.p.w.spi.MetamodelGraphWalker - Visiting attribute path : lastName
10:13:59.866 [main] DEBUG o.h.l.p.b.i.FetchStyleLoadPlanBuildingAssociationVisitationStrategy - Building LoadPlan...
10:13:59.866 [main] DEBUG o.h.l.p.e.i.LoadQueryJoinAndFetchProcessor - processing queryspace <gen:0>
10:13:59.866 [main] DEBUG o.h.l.p.b.spi.LoadPlanTreePrinter - LoadPlan(entity=edu.tamu.framework.model.AbstractCoreUserImpl)
    - Returns
       - EntityReturnImpl(entity=edu.tamu.framework.model.AbstractCoreUserImpl, querySpaceUid=<gen:0>, path=edu.tamu.framework.model.AbstractCoreUserImpl)
    - QuerySpaces
       - EntityQuerySpaceImpl(uid=<gen:0>, entity=edu.tamu.framework.model.AbstractCoreUserImpl)
          - SQL table alias mapping - abstractco0_
          - alias suffix - 0_
          - suffixed key columns - {uin2_0_0_}

10:13:59.866 [main] DEBUG o.h.loader.entity.plan.EntityLoader - Static select for entity edu.tamu.framework.model.AbstractCoreUserImpl [NONE]: select abstractco0_.uin as uin2_0_0_, abstractco0_.role as role3_0_0_, abstractco0_.first_name as first_na4_0_0_, abstractco0_.last_name as last_nam5_0_0_, abstractco0_.dtype as dtype1_0_0_ from core_users abstractco0_ where abstractco0_.uin=?
10:13:59.866 [main] DEBUG o.h.l.p.b.i.spaces.QuerySpacesImpl - Adding QuerySpace : uid = <gen:0> -> org.hibernate.loader.plan.build.internal.spaces.EntityQuerySpaceImpl@78eafad]
10:13:59.867 [main] DEBUG o.h.p.w.spi.MetamodelGraphWalker - Visiting attribute path : role
10:13:59.867 [main] DEBUG o.h.p.w.spi.MetamodelGraphWalker - Visiting attribute path : firstName
10:13:59.867 [main] DEBUG o.h.p.w.spi.MetamodelGraphWalker - Visiting attribute path : lastName
10:13:59.867 [main] DEBUG o.h.l.p.b.i.FetchStyleLoadPlanBuildingAssociationVisitationStrategy - Building LoadPlan...
10:13:59.867 [main] DEBUG o.h.l.p.e.i.LoadQueryJoinAndFetchProcessor - processing queryspace <gen:0>
10:13:59.867 [main] DEBUG o.h.l.p.b.spi.LoadPlanTreePrinter - LoadPlan(entity=edu.tamu.framework.model.AbstractCoreUserImpl)
    - Returns
       - EntityReturnImpl(entity=edu.tamu.framework.model.AbstractCoreUserImpl, querySpaceUid=<gen:0>, path=edu.tamu.framework.model.AbstractCoreUserImpl)
    - QuerySpaces
       - EntityQuerySpaceImpl(uid=<gen:0>, entity=edu.tamu.framework.model.AbstractCoreUserImpl)
          - SQL table alias mapping - abstractco0_
          - alias suffix - 0_
          - suffixed key columns - {uin2_0_0_}

10:13:59.867 [main] DEBUG o.h.loader.entity.plan.EntityLoader - Static select for entity edu.tamu.framework.model.AbstractCoreUserImpl [READ]: select abstractco0_.uin as uin2_0_0_, abstractco0_.role as role3_0_0_, abstractco0_.first_name as first_na4_0_0_, abstractco0_.last_name as last_nam5_0_0_, abstractco0_.dtype as dtype1_0_0_ from core_users abstractco0_ where abstractco0_.uin=?
10:13:59.868 [main] DEBUG o.h.l.p.b.i.spaces.QuerySpacesImpl - Adding QuerySpace : uid = <gen:0> -> org.hibernate.loader.plan.build.internal.spaces.EntityQuerySpaceImpl@26d028f7]
10:13:59.868 [main] DEBUG o.h.p.w.spi.MetamodelGraphWalker - Visiting attribute path : role
10:13:59.868 [main] DEBUG o.h.p.w.spi.MetamodelGraphWalker - Visiting attribute path : firstName
10:13:59.868 [main] DEBUG o.h.p.w.spi.MetamodelGraphWalker - Visiting attribute path : lastName
10:13:59.868 [main] DEBUG o.h.l.p.b.i.FetchStyleLoadPlanBuildingAssociationVisitationStrategy - Building LoadPlan...
10:13:59.868 [main] DEBUG o.h.l.p.e.i.LoadQueryJoinAndFetchProcessor - processing queryspace <gen:0>
10:13:59.868 [main] DEBUG o.h.l.p.b.spi.LoadPlanTreePrinter - LoadPlan(entity=edu.tamu.framework.model.AbstractCoreUserImpl)
    - Returns
       - EntityReturnImpl(entity=edu.tamu.framework.model.AbstractCoreUserImpl, querySpaceUid=<gen:0>, path=edu.tamu.framework.model.AbstractCoreUserImpl)
    - QuerySpaces
       - EntityQuerySpaceImpl(uid=<gen:0>, entity=edu.tamu.framework.model.AbstractCoreUserImpl)
          - SQL table alias mapping - abstractco0_
          - alias suffix - 0_
          - suffixed key columns - {uin2_0_0_}

10:13:59.868 [main] DEBUG o.h.loader.entity.plan.EntityLoader - Static select for entity edu.tamu.framework.model.AbstractCoreUserImpl [UPGRADE]: select abstractco0_.uin as uin2_0_0_, abstractco0_.role as role3_0_0_, abstractco0_.first_name as first_na4_0_0_, abstractco0_.last_name as last_nam5_0_0_, abstractco0_.dtype as dtype1_0_0_ from core_users abstractco0_ where abstractco0_.uin=? for update
10:13:59.868 [main] DEBUG o.h.l.p.b.i.spaces.QuerySpacesImpl - Adding QuerySpace : uid = <gen:0> -> org.hibernate.loader.plan.build.internal.spaces.EntityQuerySpaceImpl@782cc5fa]
10:13:59.868 [main] DEBUG o.h.p.w.spi.MetamodelGraphWalker - Visiting attribute path : role
10:13:59.868 [main] DEBUG o.h.p.w.spi.MetamodelGraphWalker - Visiting attribute path : firstName
10:13:59.869 [main] DEBUG o.h.p.w.spi.MetamodelGraphWalker - Visiting attribute path : lastName
10:13:59.869 [main] DEBUG o.h.l.p.b.i.FetchStyleLoadPlanBuildingAssociationVisitationStrategy - Building LoadPlan...
10:13:59.869 [main] DEBUG o.h.l.p.e.i.LoadQueryJoinAndFetchProcessor - processing queryspace <gen:0>
10:13:59.869 [main] DEBUG o.h.l.p.b.spi.LoadPlanTreePrinter - LoadPlan(entity=edu.tamu.framework.model.AbstractCoreUserImpl)
    - Returns
       - EntityReturnImpl(entity=edu.tamu.framework.model.AbstractCoreUserImpl, querySpaceUid=<gen:0>, path=edu.tamu.framework.model.AbstractCoreUserImpl)
    - QuerySpaces
       - EntityQuerySpaceImpl(uid=<gen:0>, entity=edu.tamu.framework.model.AbstractCoreUserImpl)
          - SQL table alias mapping - abstractco0_
          - alias suffix - 0_
          - suffixed key columns - {uin2_0_0_}

10:13:59.869 [main] DEBUG o.h.loader.entity.plan.EntityLoader - Static select for entity edu.tamu.framework.model.AbstractCoreUserImpl [UPGRADE_NOWAIT]: select abstractco0_.uin as uin2_0_0_, abstractco0_.role as role3_0_0_, abstractco0_.first_name as first_na4_0_0_, abstractco0_.last_name as last_nam5_0_0_, abstractco0_.dtype as dtype1_0_0_ from core_users abstractco0_ where abstractco0_.uin=? for update nowait 
10:13:59.869 [main] DEBUG o.h.l.p.b.i.spaces.QuerySpacesImpl - Adding QuerySpace : uid = <gen:0> -> org.hibernate.loader.plan.build.internal.spaces.EntityQuerySpaceImpl@ae3c140]
10:13:59.869 [main] DEBUG o.h.p.w.spi.MetamodelGraphWalker - Visiting attribute path : role
10:13:59.869 [main] DEBUG o.h.p.w.spi.MetamodelGraphWalker - Visiting attribute path : firstName
10:13:59.869 [main] DEBUG o.h.p.w.spi.MetamodelGraphWalker - Visiting attribute path : lastName
10:13:59.869 [main] DEBUG o.h.l.p.b.i.FetchStyleLoadPlanBuildingAssociationVisitationStrategy - Building LoadPlan...
10:13:59.869 [main] DEBUG o.h.l.p.e.i.LoadQueryJoinAndFetchProcessor - processing queryspace <gen:0>
10:13:59.869 [main] DEBUG o.h.l.p.b.spi.LoadPlanTreePrinter - LoadPlan(entity=edu.tamu.framework.model.AbstractCoreUserImpl)
    - Returns
       - EntityReturnImpl(entity=edu.tamu.framework.model.AbstractCoreUserImpl, querySpaceUid=<gen:0>, path=edu.tamu.framework.model.AbstractCoreUserImpl)
    - QuerySpaces
       - EntityQuerySpaceImpl(uid=<gen:0>, entity=edu.tamu.framework.model.AbstractCoreUserImpl)
          - SQL table alias mapping - abstractco0_
          - alias suffix - 0_
          - suffixed key columns - {uin2_0_0_}

10:13:59.870 [main] DEBUG o.h.loader.entity.plan.EntityLoader - Static select for entity edu.tamu.framework.model.AbstractCoreUserImpl [UPGRADE_SKIPLOCKED]: select abstractco0_.uin as uin2_0_0_, abstractco0_.role as role3_0_0_, abstractco0_.first_name as first_na4_0_0_, abstractco0_.last_name as last_nam5_0_0_, abstractco0_.dtype as dtype1_0_0_ from core_users abstractco0_ where abstractco0_.uin=? for update
10:13:59.870 [main] DEBUG o.h.l.p.b.i.spaces.QuerySpacesImpl - Adding QuerySpace : uid = <gen:0> -> org.hibernate.loader.plan.build.internal.spaces.EntityQuerySpaceImpl@71b0289b]
10:13:59.870 [main] DEBUG o.h.p.w.spi.MetamodelGraphWalker - Visiting attribute path : role
10:13:59.870 [main] DEBUG o.h.p.w.spi.MetamodelGraphWalker - Visiting attribute path : firstName
10:13:59.870 [main] DEBUG o.h.p.w.spi.MetamodelGraphWalker - Visiting attribute path : lastName
10:13:59.870 [main] DEBUG o.h.l.p.b.i.FetchStyleLoadPlanBuildingAssociationVisitationStrategy - Building LoadPlan...
10:13:59.870 [main] DEBUG o.h.l.p.e.i.LoadQueryJoinAndFetchProcessor - processing queryspace <gen:0>
10:13:59.870 [main] DEBUG o.h.l.p.b.spi.LoadPlanTreePrinter - LoadPlan(entity=edu.tamu.framework.model.AbstractCoreUserImpl)
    - Returns
       - EntityReturnImpl(entity=edu.tamu.framework.model.AbstractCoreUserImpl, querySpaceUid=<gen:0>, path=edu.tamu.framework.model.AbstractCoreUserImpl)
    - QuerySpaces
       - EntityQuerySpaceImpl(uid=<gen:0>, entity=edu.tamu.framework.model.AbstractCoreUserImpl)
          - SQL table alias mapping - abstractco0_
          - alias suffix - 0_
          - suffixed key columns - {uin2_0_0_}

10:13:59.870 [main] DEBUG o.h.loader.entity.plan.EntityLoader - Static select for entity edu.tamu.framework.model.AbstractCoreUserImpl [FORCE]: select abstractco0_.uin as uin2_0_0_, abstractco0_.role as role3_0_0_, abstractco0_.first_name as first_na4_0_0_, abstractco0_.last_name as last_nam5_0_0_, abstractco0_.dtype as dtype1_0_0_ from core_users abstractco0_ where abstractco0_.uin=? for update nowait 
10:13:59.870 [main] DEBUG o.h.l.p.b.i.spaces.QuerySpacesImpl - Adding QuerySpace : uid = <gen:0> -> org.hibernate.loader.plan.build.internal.spaces.EntityQuerySpaceImpl@563172d3]
10:13:59.870 [main] DEBUG o.h.p.w.spi.MetamodelGraphWalker - Visiting attribute path : role
10:13:59.870 [main] DEBUG o.h.p.w.spi.MetamodelGraphWalker - Visiting attribute path : firstName
10:13:59.870 [main] DEBUG o.h.p.w.spi.MetamodelGraphWalker - Visiting attribute path : lastName
10:13:59.870 [main] DEBUG o.h.l.p.b.i.FetchStyleLoadPlanBuildingAssociationVisitationStrategy - Building LoadPlan...
10:13:59.870 [main] DEBUG o.h.l.p.e.i.LoadQueryJoinAndFetchProcessor - processing queryspace <gen:0>
10:13:59.870 [main] DEBUG o.h.l.p.b.spi.LoadPlanTreePrinter - LoadPlan(entity=edu.tamu.framework.model.AbstractCoreUserImpl)
    - Returns
       - EntityReturnImpl(entity=edu.tamu.framework.model.AbstractCoreUserImpl, querySpaceUid=<gen:0>, path=edu.tamu.framework.model.AbstractCoreUserImpl)
    - QuerySpaces
       - EntityQuerySpaceImpl(uid=<gen:0>, entity=edu.tamu.framework.model.AbstractCoreUserImpl)
          - SQL table alias mapping - abstractco0_
          - alias suffix - 0_
          - suffixed key columns - {uin2_0_0_}

10:13:59.870 [main] DEBUG o.h.loader.entity.plan.EntityLoader - Static select for entity edu.tamu.framework.model.AbstractCoreUserImpl [PESSIMISTIC_READ]: select abstractco0_.uin as uin2_0_0_, abstractco0_.role as role3_0_0_, abstractco0_.first_name as first_na4_0_0_, abstractco0_.last_name as last_nam5_0_0_, abstractco0_.dtype as dtype1_0_0_ from core_users abstractco0_ where abstractco0_.uin=? for share
10:13:59.870 [main] DEBUG o.h.l.p.b.i.spaces.QuerySpacesImpl - Adding QuerySpace : uid = <gen:0> -> org.hibernate.loader.plan.build.internal.spaces.EntityQuerySpaceImpl@20027c44]
10:13:59.871 [main] DEBUG o.h.p.w.spi.MetamodelGraphWalker - Visiting attribute path : role
10:13:59.871 [main] DEBUG o.h.p.w.spi.MetamodelGraphWalker - Visiting attribute path : firstName
10:13:59.871 [main] DEBUG o.h.p.w.spi.MetamodelGraphWalker - Visiting attribute path : lastName
10:13:59.871 [main] DEBUG o.h.l.p.b.i.FetchStyleLoadPlanBuildingAssociationVisitationStrategy - Building LoadPlan...
10:13:59.871 [main] DEBUG o.h.l.p.e.i.LoadQueryJoinAndFetchProcessor - processing queryspace <gen:0>
10:13:59.871 [main] DEBUG o.h.l.p.b.spi.LoadPlanTreePrinter - LoadPlan(entity=edu.tamu.framework.model.AbstractCoreUserImpl)
    - Returns
       - EntityReturnImpl(entity=edu.tamu.framework.model.AbstractCoreUserImpl, querySpaceUid=<gen:0>, path=edu.tamu.framework.model.AbstractCoreUserImpl)
    - QuerySpaces
       - EntityQuerySpaceImpl(uid=<gen:0>, entity=edu.tamu.framework.model.AbstractCoreUserImpl)
          - SQL table alias mapping - abstractco0_
          - alias suffix - 0_
          - suffixed key columns - {uin2_0_0_}

10:13:59.871 [main] DEBUG o.h.loader.entity.plan.EntityLoader - Static select for entity edu.tamu.framework.model.AbstractCoreUserImpl [PESSIMISTIC_WRITE]: select abstractco0_.uin as uin2_0_0_, abstractco0_.role as role3_0_0_, abstractco0_.first_name as first_na4_0_0_, abstractco0_.last_name as last_nam5_0_0_, abstractco0_.dtype as dtype1_0_0_ from core_users abstractco0_ where abstractco0_.uin=? for update
10:13:59.871 [main] DEBUG o.h.l.p.b.i.spaces.QuerySpacesImpl - Adding QuerySpace : uid = <gen:0> -> org.hibernate.loader.plan.build.internal.spaces.EntityQuerySpaceImpl@5d84e363]
10:13:59.871 [main] DEBUG o.h.p.w.spi.MetamodelGraphWalker - Visiting attribute path : role
10:13:59.871 [main] DEBUG o.h.p.w.spi.MetamodelGraphWalker - Visiting attribute path : firstName
10:13:59.871 [main] DEBUG o.h.p.w.spi.MetamodelGraphWalker - Visiting attribute path : lastName
10:13:59.871 [main] DEBUG o.h.l.p.b.i.FetchStyleLoadPlanBuildingAssociationVisitationStrategy - Building LoadPlan...
10:13:59.871 [main] DEBUG o.h.l.p.e.i.LoadQueryJoinAndFetchProcessor - processing queryspace <gen:0>
10:13:59.871 [main] DEBUG o.h.l.p.b.spi.LoadPlanTreePrinter - LoadPlan(entity=edu.tamu.framework.model.AbstractCoreUserImpl)
    - Returns
       - EntityReturnImpl(entity=edu.tamu.framework.model.AbstractCoreUserImpl, querySpaceUid=<gen:0>, path=edu.tamu.framework.model.AbstractCoreUserImpl)
    - QuerySpaces
       - EntityQuerySpaceImpl(uid=<gen:0>, entity=edu.tamu.framework.model.AbstractCoreUserImpl)
          - SQL table alias mapping - abstractco0_
          - alias suffix - 0_
          - suffixed key columns - {uin2_0_0_}

10:13:59.871 [main] DEBUG o.h.loader.entity.plan.EntityLoader - Static select for entity edu.tamu.framework.model.AbstractCoreUserImpl [PESSIMISTIC_FORCE_INCREMENT]: select abstractco0_.uin as uin2_0_0_, abstractco0_.role as role3_0_0_, abstractco0_.first_name as first_na4_0_0_, abstractco0_.last_name as last_nam5_0_0_, abstractco0_.dtype as dtype1_0_0_ from core_users abstractco0_ where abstractco0_.uin=? for update nowait 
10:13:59.871 [main] DEBUG o.h.l.p.b.i.spaces.QuerySpacesImpl - Adding QuerySpace : uid = <gen:0> -> org.hibernate.loader.plan.build.internal.spaces.EntityQuerySpaceImpl@da34eb0]
10:13:59.871 [main] DEBUG o.h.p.w.spi.MetamodelGraphWalker - Visiting attribute path : role
10:13:59.871 [main] DEBUG o.h.p.w.spi.MetamodelGraphWalker - Visiting attribute path : firstName
10:13:59.871 [main] DEBUG o.h.p.w.spi.MetamodelGraphWalker - Visiting attribute path : lastName
10:13:59.871 [main] DEBUG o.h.l.p.b.i.FetchStyleLoadPlanBuildingAssociationVisitationStrategy - Building LoadPlan...
10:13:59.872 [main] DEBUG o.h.l.p.e.i.LoadQueryJoinAndFetchProcessor - processing queryspace <gen:0>
10:13:59.872 [main] DEBUG o.h.l.p.b.spi.LoadPlanTreePrinter - LoadPlan(entity=edu.tamu.framework.model.AbstractCoreUserImpl)
    - Returns
       - EntityReturnImpl(entity=edu.tamu.framework.model.AbstractCoreUserImpl, querySpaceUid=<gen:0>, path=edu.tamu.framework.model.AbstractCoreUserImpl)
    - QuerySpaces
       - EntityQuerySpaceImpl(uid=<gen:0>, entity=edu.tamu.framework.model.AbstractCoreUserImpl)
          - SQL table alias mapping - abstractco0_
          - alias suffix - 0_
          - suffixed key columns - {uin2_0_0_}

10:13:59.872 [main] DEBUG o.h.loader.entity.plan.EntityLoader - Static select for entity edu.tamu.framework.model.AbstractCoreUserImpl [OPTIMISTIC]: select abstractco0_.uin as uin2_0_0_, abstractco0_.role as role3_0_0_, abstractco0_.first_name as first_na4_0_0_, abstractco0_.last_name as last_nam5_0_0_, abstractco0_.dtype as dtype1_0_0_ from core_users abstractco0_ where abstractco0_.uin=?
10:13:59.872 [main] DEBUG o.h.l.p.b.i.spaces.QuerySpacesImpl - Adding QuerySpace : uid = <gen:0> -> org.hibernate.loader.plan.build.internal.spaces.EntityQuerySpaceImpl@2bf3ec4]
10:13:59.872 [main] DEBUG o.h.p.w.spi.MetamodelGraphWalker - Visiting attribute path : role
10:13:59.872 [main] DEBUG o.h.p.w.spi.MetamodelGraphWalker - Visiting attribute path : firstName
10:13:59.872 [main] DEBUG o.h.p.w.spi.MetamodelGraphWalker - Visiting attribute path : lastName
10:13:59.872 [main] DEBUG o.h.l.p.b.i.FetchStyleLoadPlanBuildingAssociationVisitationStrategy - Building LoadPlan...
10:13:59.872 [main] DEBUG o.h.l.p.e.i.LoadQueryJoinAndFetchProcessor - processing queryspace <gen:0>
10:13:59.872 [main] DEBUG o.h.l.p.b.spi.LoadPlanTreePrinter - LoadPlan(entity=edu.tamu.framework.model.AbstractCoreUserImpl)
    - Returns
       - EntityReturnImpl(entity=edu.tamu.framework.model.AbstractCoreUserImpl, querySpaceUid=<gen:0>, path=edu.tamu.framework.model.AbstractCoreUserImpl)
    - QuerySpaces
       - EntityQuerySpaceImpl(uid=<gen:0>, entity=edu.tamu.framework.model.AbstractCoreUserImpl)
          - SQL table alias mapping - abstractco0_
          - alias suffix - 0_
          - suffixed key columns - {uin2_0_0_}

10:13:59.872 [main] DEBUG o.h.loader.entity.plan.EntityLoader - Static select for entity edu.tamu.framework.model.AbstractCoreUserImpl [OPTIMISTIC_FORCE_INCREMENT]: select abstractco0_.uin as uin2_0_0_, abstractco0_.role as role3_0_0_, abstractco0_.first_name as first_na4_0_0_, abstractco0_.last_name as last_nam5_0_0_, abstractco0_.dtype as dtype1_0_0_ from core_users abstractco0_ where abstractco0_.uin=?
10:13:59.873 [main] DEBUG org.hibernate.loader.Loader - Static select for action ACTION_MERGE on entity edu.tamu.framework.model.AbstractCoreUserImpl: select abstractco0_.uin as uin2_0_0_, abstractco0_.role as role3_0_0_, abstractco0_.first_name as first_na4_0_0_, abstractco0_.last_name as last_nam5_0_0_, abstractco0_.dtype as dtype1_0_0_ from core_users abstractco0_ where abstractco0_.uin=?
10:13:59.873 [main] DEBUG org.hibernate.loader.Loader - Static select for action ACTION_REFRESH on entity edu.tamu.framework.model.AbstractCoreUserImpl: select abstractco0_.uin as uin2_0_0_, abstractco0_.role as role3_0_0_, abstractco0_.first_name as first_na4_0_0_, abstractco0_.last_name as last_nam5_0_0_, abstractco0_.dtype as dtype1_0_0_ from core_users abstractco0_ where abstractco0_.uin=?
10:13:59.873 [main] DEBUG o.h.internal.SessionFactoryRegistry - Registering SessionFactory: 79a36e51-d66c-466d-a0e0-dc7efc9e321f (<unnamed>)
10:13:59.873 [main] DEBUG o.h.internal.SessionFactoryRegistry - Not binding SessionFactory to JNDI, no JNDI name configured
10:13:59.873 [main] DEBUG o.h.internal.SessionFactoryImpl - Instantiated session factory
10:13:59.874 [main] DEBUG org.hibernate.cfg.Configuration - Processing hbm.xml files
10:13:59.874 [main] DEBUG org.hibernate.cfg.Configuration - Process annotated classes
10:13:59.874 [main] DEBUG org.hibernate.cfg.Configuration - Processing fk mappings (*ToOne and JoinedSubclass)
10:13:59.874 [main] DEBUG org.hibernate.cfg.Configuration - Processing extends queue
10:13:59.874 [main] DEBUG org.hibernate.cfg.Configuration - Processing extends queue
10:13:59.874 [main] DEBUG org.hibernate.cfg.Configuration - Processing collection mappings
10:13:59.874 [main] DEBUG org.hibernate.cfg.Configuration - Processing native query and ResultSetMapping mappings
10:13:59.874 [main] DEBUG org.hibernate.cfg.Configuration - Processing association property references
10:13:59.874 [main] DEBUG org.hibernate.cfg.Configuration - Creating tables' unique integer identifiers
10:13:59.874 [main] DEBUG org.hibernate.cfg.Configuration - Processing foreign key constraints
10:13:59.874 [main] DEBUG o.h.i.f.i.DefaultIdentifierGeneratorFactory - Setting dialect [org.hibernate.dialect.PostgreSQLDialect]
10:13:59.874 [main] DEBUG org.hibernate.cfg.Configuration - Processing hbm.xml files
10:13:59.874 [main] DEBUG org.hibernate.cfg.Configuration - Process annotated classes
10:13:59.874 [main] DEBUG org.hibernate.cfg.Configuration - Processing fk mappings (*ToOne and JoinedSubclass)
10:13:59.874 [main] DEBUG org.hibernate.cfg.Configuration - Processing extends queue
10:13:59.874 [main] DEBUG org.hibernate.cfg.Configuration - Processing extends queue
10:13:59.874 [main] DEBUG org.hibernate.cfg.Configuration - Processing collection mappings
10:13:59.874 [main] DEBUG org.hibernate.cfg.Configuration - Processing native query and ResultSetMapping mappings
10:13:59.874 [main] DEBUG org.hibernate.cfg.Configuration - Processing association property references
10:13:59.874 [main] DEBUG org.hibernate.cfg.Configuration - Creating tables' unique integer identifiers
10:13:59.874 [main] DEBUG org.hibernate.cfg.Configuration - Processing foreign key constraints
10:13:59.874 [main] DEBUG o.h.i.f.i.DefaultIdentifierGeneratorFactory - Setting dialect [org.hibernate.dialect.PostgreSQLDialect]
10:13:59.874 [main] DEBUG o.h.i.f.i.DefaultIdentifierGeneratorFactory - Setting dialect [org.hibernate.dialect.PostgreSQLDialect]
10:13:59.874 [main] INFO  o.h.tool.hbm2ddl.SchemaExport - HHH000227: Running hbm2ddl schema export
10:13:59.875 [main] DEBUG o.h.tool.hbm2ddl.SchemaExport - Import file not found: /import.sql
10:13:59.875 [main] DEBUG o.s.j.d.SimpleDriverDataSource - Creating new JDBC Driver Connection to [jdbc:h2:mem:testdb;DB_CLOSE_DELAY=-1;DB_CLOSE_ON_EXIT=false]
10:13:59.876 [main] DEBUG org.hibernate.SQL - drop table if exists core_users cascade
10:13:59.877 [main] DEBUG org.hibernate.SQL - create table core_users (dtype varchar(31) not null, uin int8 not null, role varchar(255), first_name varchar(255), last_name varchar(255), primary key (uin))
10:13:59.878 [main] INFO  o.h.tool.hbm2ddl.SchemaExport - HHH000230: Schema export complete
10:13:59.878 [main] DEBUG o.h.internal.NamedQueryRepository - Checking 0 named HQL queries
10:13:59.878 [main] DEBUG o.h.internal.NamedQueryRepository - Checking 0 named SQL queries
10:13:59.878 [main] DEBUG o.h.s.internal.StatisticsInitiator - Statistics initialized [enabled=false]
10:13:59.878 [main] DEBUG o.h.j.i.schemagen.JpaSchemaGenerator - No actions specified; doing nothing
10:13:59.879 [main] DEBUG o.h.j.i.EntityManagerFactoryRegistry - Registering EntityManagerFactory: default 
10:13:59.879 [main] DEBUG o.s.b.f.s.DefaultListableBeanFactory - Returning cached instance of singleton bean 'org.springframework.transaction.config.internalTransactionAdvisor'
10:13:59.880 [main] DEBUG o.s.b.f.s.DefaultListableBeanFactory - Returning cached instance of singleton bean 'org.springframework.transaction.config.internalTransactionAdvisor'
10:13:59.888 [main] DEBUG o.s.s.a.ScheduledAnnotationBeanPostProcessor - No @Scheduled annotations found on bean class: class org.springframework.orm.jpa.LocalContainerEntityManagerFactoryBean
10:13:59.888 [main] DEBUG o.s.b.f.s.DefaultListableBeanFactory - Finished creating instance of bean 'entityManagerFactory'
10:13:59.888 [main] DEBUG o.s.b.f.s.DefaultListableBeanFactory - Pre-instantiating singletons in org.springframework.beans.factory.support.DefaultListableBeanFactory@9b3be1c: defining beans [org.springframework.context.annotation.internalConfigurationAnnotationProcessor,org.springframework.context.annotation.internalAutowiredAnnotationProcessor,org.springframework.context.annotation.internalRequiredAnnotationProcessor,org.springframework.context.annotation.internalCommonAnnotationProcessor,org.springframework.context.annotation.internalPersistenceAnnotationProcessor,testDataSourceConfiguration,org.springframework.context.annotation.ConfigurationClassPostProcessor.importAwareProcessor,org.springframework.context.annotation.ConfigurationClassPostProcessor.enhancedConfigurationProcessor,coreCorsFilter,coreScheduleConfig,coreSecurityConfig,coreWebAppConfig,coreWebMvcConfig,reportingController,symlinkRepo,httpRequestService,stompConnectionService,webSocketRequestService,emailUtility,httpUtility,jwtUtility,appControllerAspect,appConfig,appWebConfigSupport,appWebMvcConfig,appWebSocketConfig,securityConfig,springContext,adminController,mockAuthServiceController,userController,webServerInit,org.springframework.scheduling.annotation.SchedulingConfiguration,org.springframework.context.annotation.internalScheduledAnnotationProcessor,taskScheduler,org.springframework.security.config.annotation.authentication.configuration.AuthenticationConfiguration,authenticationManagerBuilder,enableGlobalAuthenticationAutowiredConfigurer,org.springframework.security.config.annotation.web.configuration.WebSecurityConfiguration,delegatingApplicationListener,webSecurityExpressionHandler,springSecurityFilterChain,privilegeEvaluator,autowiredWebSecurityConfigurersIgnoreParents,org.springframework.security.config.annotation.configuration.ObjectPostProcessorConfiguration,objectPostProcessor,org.springframework.security.config.annotation.web.servlet.configuration.WebMvcSecurityConfiguration,requestDataValueProcessor,jackson2Converter,objectMapper,securityContext,stopmConnectionService,stompConnectEvent,stompDisconnectEvent,org.springframework.boot.autoconfigure.web.WebMvcAutoConfiguration$WebMvcAutoConfigurationAdapter$FaviconConfiguration,faviconHandlerMapping,faviconRequestHandler,org.springframework.boot.autoconfigure.web.WebMvcAutoConfiguration$EnableWebMvcConfiguration,requestMappingHandlerAdapter,requestMappingHandlerMapping,mvcContentNegotiationManager,viewControllerHandlerMapping,beanNameHandlerMapping,resourceHandlerMapping,mvcResourceUrlProvider,defaultServletHandlerMapping,mvcConversionService,mvcValidator,mvcPathMatcher,mvcUrlPathHelper,mvcUriComponentsContributor,httpRequestHandlerAdapter,simpleControllerHandlerAdapter,handlerExceptionResolver,mvcViewResolver,resourceUrlEncodingFilter,org.springframework.boot.autoconfigure.condition.BeanTypeRegistry,defaultViewResolver,requestContextListener,viewResolver,spring.mvc.CONFIGURATION_PROPERTIES,spring.resources.CONFIGURATION_PROPERTIES,org.springframework.boot.context.properties.ConfigurationPropertiesBindingPostProcessor,org.springframework.boot.context.properties.ConfigurationPropertiesBindingPostProcessor.store,restInterceptor,restRequestMappingHandler,webSocketRequestMappingHandler,org.springframework.web.socket.config.annotation.DelegatingWebSocketMessageBrokerConfiguration,stompWebSocketHandlerMapping,subProtocolWebSocketHandler,messageBrokerSockJsTaskScheduler,webSocketScopeConfigurer,webSocketMessageBrokerStats,clientInboundChannel,clientInboundChannelExecutor,clientOutboundChannel,clientOutboundChannelExecutor,brokerChannel,brokerChannelExecutor,simpAnnotationMethodMessageHandler,simpleBrokerMessageHandler,stompBrokerRelayMessageHandler,userDestinationMessageHandler,brokerMessagingTemplate,brokerMessageConverter,userDestinationResolver,userSessionRegistry,appStompInterceptor,org.springframework.boot.autoconfigure.AutoConfigurationPackages,dataSource,org.springframework.boot.autoconfigure.PropertyPlaceholderAutoConfiguration,propertySourcesPlaceholderConfigurer,org.springframework.boot.autoconfigure.websocket.WebSocketAutoConfiguration$TomcatWebSocketConfiguration,websocketContainerCustomizer,org.springframework.boot.autoconfigure.websocket.WebSocketAutoConfiguration,org.springframework.boot.autoconfigure.aop.AopAutoConfiguration$JdkDynamicAutoProxyConfiguration,org.springframework.aop.config.internalAutoProxyCreator,org.springframework.boot.autoconfigure.aop.AopAutoConfiguration,org.springframework.boot.autoconfigure.jta.JtaAutoConfiguration,spring.jta.CONFIGURATION_PROPERTIES,org.springframework.boot.autoconfigure.jdbc.DataSourceAutoConfiguration$JdbcTemplateConfiguration,jdbcTemplate,namedParameterJdbcTemplate,org.springframework.boot.autoconfigure.jdbc.DataSourceAutoConfiguration$DataSourceInitializerConfiguration,dataSourceInitializer,org.springframework.boot.autoconfigure.jdbc.metadata.DataSourcePoolMetadataProvidersConfiguration$TomcatDataSourcePoolMetadataProviderConfiguration,tomcatPoolDataSourceMetadataProvider,org.springframework.boot.autoconfigure.jdbc.metadata.DataSourcePoolMetadataProvidersConfiguration,org.springframework.boot.autoconfigure.jdbc.DataSourceAutoConfiguration,spring.datasource.CONFIGURATION_PROPERTIES,dataSourceInitializerPostProcessor,org.springframework.boot.autoconfigure.orm.jpa.HibernateJpaAutoConfiguration,transactionManager,jpaVendorAdapter,entityManagerFactoryBuilder,entityManagerFactory,spring.jpa.CONFIGURATION_PROPERTIES,dataSourceInitializedPublisher,org.springframework.boot.autoconfigure.dao.PersistenceExceptionTranslationAutoConfiguration,persistenceExceptionTranslationPostProcessor,org.springframework.boot.autoconfigure.data.jpa.JpaRepositoriesAutoConfiguration,org.springframework.data.repository.core.support.RepositoryInterfaceAwareBeanPostProcessor,foo,jpaMappingContext,userRepoImpl,userRepo,org.springframework.boot.autoconfigure.jackson.JacksonAutoConfiguration$JacksonObjectMapperBuilderConfiguration,jacksonObjectMapperBuilder,http.mappers.CONFIGURATION_PROPERTIES,spring.jackson.CONFIGURATION_PROPERTIES,org.springframework.boot.autoconfigure.jackson.JacksonAutoConfiguration$JacksonObjectMapperConfiguration,org.springframework.boot.autoconfigure.jackson.JacksonAutoConfiguration,org.springframework.boot.autoconfigure.web.HttpMessageConvertersAutoConfiguration$StringHttpMessageConverterConfiguration,stringHttpMessageConverter,spring.http.encoding.CONFIGURATION_PROPERTIES,org.springframework.boot.autoconfigure.web.JacksonHttpMessageConvertersConfiguration$MappingJackson2HttpMessageConverterConfiguration,org.springframework.boot.autoconfigure.web.JacksonHttpMessageConvertersConfiguration,org.springframework.boot.autoconfigure.web.HttpMessageConvertersAutoConfiguration,messageConverters,org.springframework.boot.autoconfigure.jmx.JmxAutoConfiguration,mbeanExporter,objectNamingStrategy,mbeanServer,org.springframework.transaction.annotation.ProxyTransactionManagementConfiguration,org.springframework.transaction.config.internalTransactionAdvisor,transactionAttributeSource,transactionInterceptor,org.springframework.boot.autoconfigure.jdbc.DataSourceTransactionManagerAutoConfiguration$TransactionManagementConfiguration,org.springframework.boot.autoconfigure.jdbc.DataSourceTransactionManagerAutoConfiguration,org.springframework.boot.autoconfigure.security.AuthenticationManagerConfiguration$AuthenticationManagerConfigurationListener,org.springframework.boot.autoconfigure.security.AuthenticationManagerConfiguration,authenticationManager,springBootAuthenticationConfigurerAdapter,org.springframework.boot.autoconfigure.security.BootGlobalAuthenticationConfiguration,bootGlobalAuthenticationConfigurationAdapter,org.springframework.boot.autoconfigure.security.SecurityAutoConfiguration,authenticationEventPublisher,securityProperties,org.springframework.boot.autoconfigure.web.HttpEncodingAutoConfiguration,characterEncodingFilter,org.springframework.boot.autoconfigure.web.MultipartAutoConfiguration,multipartConfigElement,multipartResolver,multipart.CONFIGURATION_PROPERTIES,org.springframework.orm.jpa.SharedEntityManagerCreator#0]; root of factory hierarchy
10:13:59.888 [main] DEBUG o.s.b.f.s.DefaultListableBeanFactory - Returning cached instance of singleton bean 'org.springframework.context.annotation.internalConfigurationAnnotationProcessor'
10:13:59.888 [main] DEBUG o.s.b.f.s.DefaultListableBeanFactory - Returning cached instance of singleton bean 'org.springframework.context.annotation.internalAutowiredAnnotationProcessor'
10:13:59.888 [main] DEBUG o.s.b.f.s.DefaultListableBeanFactory - Returning cached instance of singleton bean 'org.springframework.context.annotation.internalRequiredAnnotationProcessor'
10:13:59.888 [main] DEBUG o.s.b.f.s.DefaultListableBeanFactory - Returning cached instance of singleton bean 'org.springframework.context.annotation.internalCommonAnnotationProcessor'
10:13:59.888 [main] DEBUG o.s.b.f.s.DefaultListableBeanFactory - Returning cached instance of singleton bean 'org.springframework.context.annotation.internalPersistenceAnnotationProcessor'
10:13:59.888 [main] DEBUG o.s.b.f.s.DefaultListableBeanFactory - Returning cached instance of singleton bean 'testDataSourceConfiguration'
10:13:59.888 [main] DEBUG o.s.b.f.s.DefaultListableBeanFactory - Returning cached instance of singleton bean 'org.springframework.context.annotation.ConfigurationClassPostProcessor.importAwareProcessor'
10:13:59.888 [main] DEBUG o.s.b.f.s.DefaultListableBeanFactory - Returning cached instance of singleton bean 'org.springframework.context.annotation.ConfigurationClassPostProcessor.enhancedConfigurationProcessor'
10:13:59.888 [main] DEBUG o.s.b.f.s.DefaultListableBeanFactory - Creating shared instance of singleton bean 'coreCorsFilter'
10:13:59.888 [main] DEBUG o.s.b.f.s.DefaultListableBeanFactory - Creating instance of bean 'coreCorsFilter'
10:13:59.888 [main] DEBUG o.s.b.f.s.DefaultListableBeanFactory - Returning cached instance of singleton bean 'org.springframework.transaction.config.internalTransactionAdvisor'
10:13:59.895 [main] DEBUG o.s.b.f.annotation.InjectionMetadata - Registered injected element on class [edu.tamu.framework.config.CoreCorsFilter]: AutowiredFieldElement for private java.lang.String[] edu.tamu.framework.config.CoreCorsFilter.hosts
10:13:59.895 [main] DEBUG o.s.b.f.s.DefaultListableBeanFactory - Eagerly caching bean 'coreCorsFilter' to allow for resolving potential circular references
10:13:59.895 [main] DEBUG o.s.b.f.annotation.InjectionMetadata - Processing injected element of bean 'coreCorsFilter': AutowiredFieldElement for private java.lang.String[] edu.tamu.framework.config.CoreCorsFilter.hosts
10:13:59.895 [main] DEBUG o.s.c.e.PropertySourcesPropertyResolver - Searching for key 'app.security.allow-access' in [environmentProperties]
10:13:59.895 [main] DEBUG o.s.c.e.PropertySourcesPropertyResolver - Searching for key 'app.security.allow-access' in [systemProperties]
10:13:59.895 [main] DEBUG o.s.c.e.PropertySourcesPropertyResolver - Searching for key 'app.security.allow-access' in [systemEnvironment]
10:13:59.895 [main] DEBUG o.s.c.e.PropertySourcesPropertyResolver - Searching for key 'app.security.allow-access' in [class path resource [config/application.properties]]
10:13:59.895 [main] DEBUG o.s.c.e.PropertySourcesPropertyResolver - Found key 'app.security.allow-access' in [class path resource [config/application.properties]] with type [String] and value 'http://localhost,http://machuff.tamu.edu,http://imacdev.tamu.edu,http://savell.evans.tamu.edu,http://jcreel.tamu.edu'
10:13:59.895 [main] DEBUG o.s.c.e.PropertySourcesPropertyResolver - Found key 'app.security.allow-access' in [environmentProperties] with type [String] and value 'http://localhost,http://machuff.tamu.edu,http://imacdev.tamu.edu,http://savell.evans.tamu.edu,http://jcreel.tamu.edu'
10:13:59.896 [main] DEBUG o.s.b.f.s.DefaultListableBeanFactory - Returning cached instance of singleton bean 'org.springframework.transaction.config.internalTransactionAdvisor'
10:13:59.896 [main] DEBUG o.s.b.f.s.DefaultListableBeanFactory - Returning cached instance of singleton bean 'org.springframework.transaction.config.internalTransactionAdvisor'
10:13:59.896 [main] DEBUG o.s.s.a.ScheduledAnnotationBeanPostProcessor - No @Scheduled annotations found on bean class: class edu.tamu.framework.config.CoreCorsFilter
10:13:59.897 [main] DEBUG o.s.b.f.s.DefaultListableBeanFactory - Finished creating instance of bean 'coreCorsFilter'
10:13:59.897 [main] DEBUG o.s.b.f.s.DefaultListableBeanFactory - Creating shared instance of singleton bean 'coreScheduleConfig'
10:13:59.897 [main] DEBUG o.s.b.f.s.DefaultListableBeanFactory - Creating instance of bean 'coreScheduleConfig'
10:13:59.898 [main] DEBUG o.s.b.f.s.DefaultListableBeanFactory - Returning cached instance of singleton bean 'org.springframework.transaction.config.internalTransactionAdvisor'
10:13:59.898 [main] DEBUG o.s.b.f.s.DefaultListableBeanFactory - Eagerly caching bean 'coreScheduleConfig' to allow for resolving potential circular references
10:13:59.899 [main] DEBUG o.s.b.f.s.DefaultListableBeanFactory - Returning cached instance of singleton bean 'org.springframework.transaction.config.internalTransactionAdvisor'
10:13:59.899 [main] DEBUG o.s.b.f.s.DefaultListableBeanFactory - Returning cached instance of singleton bean 'org.springframework.transaction.config.internalTransactionAdvisor'
10:13:59.900 [main] DEBUG o.s.s.a.ScheduledAnnotationBeanPostProcessor - No @Scheduled annotations found on bean class: class edu.tamu.framework.config.CoreScheduleConfig$$EnhancerBySpringCGLIB$$dd7086ae
10:13:59.900 [main] DEBUG o.s.b.f.s.DefaultListableBeanFactory - Finished creating instance of bean 'coreScheduleConfig'
10:13:59.900 [main] DEBUG o.s.b.f.s.DefaultListableBeanFactory - Creating shared instance of singleton bean 'coreSecurityConfig'
10:13:59.900 [main] DEBUG o.s.b.f.s.DefaultListableBeanFactory - Creating instance of bean 'coreSecurityConfig'
10:13:59.900 [main] DEBUG o.s.b.f.s.DefaultListableBeanFactory - Returning cached instance of singleton bean 'org.springframework.transaction.config.internalTransactionAdvisor'
10:13:59.904 [main] DEBUG o.s.b.f.annotation.InjectionMetadata - Registered injected element on class [edu.tamu.framework.config.CoreSecurityConfig$$EnhancerBySpringCGLIB$$1119397]: AutowiredMethodElement for public void org.springframework.security.config.annotation.web.configuration.WebSecurityConfigurerAdapter.setTrustResolver(org.springframework.security.authentication.AuthenticationTrustResolver)
10:13:59.904 [main] DEBUG o.s.b.f.annotation.InjectionMetadata - Registered injected element on class [edu.tamu.framework.config.CoreSecurityConfig$$EnhancerBySpringCGLIB$$1119397]: AutowiredMethodElement for public void org.springframework.security.config.annotation.web.configuration.WebSecurityConfigurerAdapter.setContentNegotationStrategy(org.springframework.web.accept.ContentNegotiationStrategy)
10:13:59.904 [main] DEBUG o.s.b.f.annotation.InjectionMetadata - Registered injected element on class [edu.tamu.framework.config.CoreSecurityConfig$$EnhancerBySpringCGLIB$$1119397]: AutowiredMethodElement for public void org.springframework.security.config.annotation.web.configuration.WebSecurityConfigurerAdapter.setAuthenticationConfiguration(org.springframework.security.config.annotation.authentication.configuration.AuthenticationConfiguration)
10:13:59.904 [main] DEBUG o.s.b.f.annotation.InjectionMetadata - Registered injected element on class [edu.tamu.framework.config.CoreSecurityConfig$$EnhancerBySpringCGLIB$$1119397]: AutowiredMethodElement for public void org.springframework.security.config.annotation.web.configuration.WebSecurityConfigurerAdapter.setApplicationContext(org.springframework.context.ApplicationContext)
10:13:59.904 [main] DEBUG o.s.b.f.annotation.InjectionMetadata - Registered injected element on class [edu.tamu.framework.config.CoreSecurityConfig$$EnhancerBySpringCGLIB$$1119397]: AutowiredMethodElement for public void org.springframework.security.config.annotation.web.configuration.WebSecurityConfigurerAdapter.setObjectPostProcessor(org.springframework.security.config.annotation.ObjectPostProcessor)
10:13:59.904 [main] DEBUG o.s.b.f.s.DefaultListableBeanFactory - Eagerly caching bean 'coreSecurityConfig' to allow for resolving potential circular references
10:13:59.904 [main] DEBUG o.s.b.f.annotation.InjectionMetadata - Processing injected element of bean 'coreSecurityConfig': AutowiredMethodElement for public void org.springframework.security.config.annotation.web.configuration.WebSecurityConfigurerAdapter.setTrustResolver(org.springframework.security.authentication.AuthenticationTrustResolver)
10:13:59.906 [main] DEBUG o.s.b.f.annotation.InjectionMetadata - Processing injected element of bean 'coreSecurityConfig': AutowiredMethodElement for public void org.springframework.security.config.annotation.web.configuration.WebSecurityConfigurerAdapter.setContentNegotationStrategy(org.springframework.web.accept.ContentNegotiationStrategy)
10:13:59.907 [main] DEBUG o.s.b.f.s.DefaultListableBeanFactory - Creating shared instance of singleton bean 'mvcContentNegotiationManager'
10:13:59.907 [main] DEBUG o.s.b.f.s.DefaultListableBeanFactory - Creating instance of bean 'mvcContentNegotiationManager'
10:13:59.907 [main] DEBUG o.s.b.f.s.DefaultListableBeanFactory - Returning cached instance of singleton bean 'org.springframework.transaction.config.internalTransactionAdvisor'
10:13:59.907 [main] DEBUG o.s.b.f.s.DefaultListableBeanFactory - Creating shared instance of singleton bean 'org.springframework.boot.autoconfigure.web.WebMvcAutoConfiguration$EnableWebMvcConfiguration'
10:13:59.907 [main] DEBUG o.s.b.f.s.DefaultListableBeanFactory - Creating instance of bean 'org.springframework.boot.autoconfigure.web.WebMvcAutoConfiguration$EnableWebMvcConfiguration'
10:13:59.907 [main] DEBUG o.s.b.f.s.DefaultListableBeanFactory - Returning cached instance of singleton bean 'org.springframework.transaction.config.internalTransactionAdvisor'
10:13:59.908 [main] DEBUG o.s.b.f.annotation.InjectionMetadata - Registered injected element on class [org.springframework.boot.autoconfigure.web.WebMvcAutoConfiguration$EnableWebMvcConfiguration$$EnhancerBySpringCGLIB$$a721489f]: AutowiredMethodElement for public void org.springframework.web.servlet.config.annotation.DelegatingWebMvcConfiguration.setConfigurers(java.util.List)
10:13:59.908 [main] DEBUG o.s.b.f.annotation.InjectionMetadata - Registered injected element on class [org.springframework.boot.autoconfigure.web.WebMvcAutoConfiguration$EnableWebMvcConfiguration$$EnhancerBySpringCGLIB$$a721489f]: AutowiredFieldElement for private org.springframework.boot.autoconfigure.web.WebMvcProperties org.springframework.boot.autoconfigure.web.WebMvcAutoConfiguration$EnableWebMvcConfiguration.mvcProperties
10:13:59.908 [main] DEBUG o.s.b.f.s.DefaultListableBeanFactory - Eagerly caching bean 'org.springframework.boot.autoconfigure.web.WebMvcAutoConfiguration$EnableWebMvcConfiguration' to allow for resolving potential circular references
10:13:59.909 [main] DEBUG o.s.b.f.annotation.InjectionMetadata - Processing injected element of bean 'org.springframework.boot.autoconfigure.web.WebMvcAutoConfiguration$EnableWebMvcConfiguration': AutowiredMethodElement for public void org.springframework.web.servlet.config.annotation.DelegatingWebMvcConfiguration.setConfigurers(java.util.List)
10:13:59.909 [main] DEBUG o.s.b.f.s.DefaultListableBeanFactory - Creating shared instance of singleton bean 'coreWebAppConfig'
10:13:59.910 [main] DEBUG o.s.b.f.s.DefaultListableBeanFactory - Creating instance of bean 'coreWebAppConfig'
10:13:59.910 [main] DEBUG o.s.b.f.s.DefaultListableBeanFactory - Returning cached instance of singleton bean 'org.springframework.transaction.config.internalTransactionAdvisor'
10:13:59.910 [main] DEBUG o.s.b.f.s.DefaultListableBeanFactory - Eagerly caching bean 'coreWebAppConfig' to allow for resolving potential circular references
10:13:59.910 [main] DEBUG o.s.b.f.s.DefaultListableBeanFactory - Returning cached instance of singleton bean 'org.springframework.transaction.config.internalTransactionAdvisor'
10:13:59.910 [main] DEBUG o.s.b.f.s.DefaultListableBeanFactory - Returning cached instance of singleton bean 'org.springframework.transaction.config.internalTransactionAdvisor'
10:13:59.915 [main] DEBUG o.s.s.a.ScheduledAnnotationBeanPostProcessor - No @Scheduled annotations found on bean class: class edu.tamu.framework.config.CoreWebAppConfig$$EnhancerBySpringCGLIB$$d1ffea44
10:13:59.915 [main] DEBUG o.s.b.f.s.DefaultListableBeanFactory - Finished creating instance of bean 'coreWebAppConfig'
10:13:59.915 [main] DEBUG o.s.b.f.s.DefaultListableBeanFactory - Creating shared instance of singleton bean 'coreWebMvcConfig'
10:13:59.915 [main] DEBUG o.s.b.f.s.DefaultListableBeanFactory - Creating instance of bean 'coreWebMvcConfig'
10:13:59.915 [main] DEBUG o.s.b.f.s.DefaultListableBeanFactory - Returning cached instance of singleton bean 'org.springframework.transaction.config.internalTransactionAdvisor'
10:13:59.916 [main] DEBUG o.s.b.f.annotation.InjectionMetadata - Registered injected element on class [edu.tamu.framework.config.CoreWebMvcConfig$$EnhancerBySpringCGLIB$$f912643d]: AutowiredFieldElement for private java.lang.String org.springframework.boot.autoconfigure.web.WebMvcAutoConfiguration$WebMvcAutoConfigurationAdapter.prefix
10:13:59.916 [main] DEBUG o.s.b.f.annotation.InjectionMetadata - Registered injected element on class [edu.tamu.framework.config.CoreWebMvcConfig$$EnhancerBySpringCGLIB$$f912643d]: AutowiredFieldElement for private java.lang.String org.springframework.boot.autoconfigure.web.WebMvcAutoConfiguration$WebMvcAutoConfigurationAdapter.suffix
10:13:59.916 [main] DEBUG o.s.b.f.annotation.InjectionMetadata - Registered injected element on class [edu.tamu.framework.config.CoreWebMvcConfig$$EnhancerBySpringCGLIB$$f912643d]: AutowiredFieldElement for private org.springframework.boot.autoconfigure.web.ResourceProperties org.springframework.boot.autoconfigure.web.WebMvcAutoConfiguration$WebMvcAutoConfigurationAdapter.resourceProperties
10:13:59.916 [main] DEBUG o.s.b.f.annotation.InjectionMetadata - Registered injected element on class [edu.tamu.framework.config.CoreWebMvcConfig$$EnhancerBySpringCGLIB$$f912643d]: AutowiredFieldElement for private org.springframework.boot.autoconfigure.web.WebMvcProperties org.springframework.boot.autoconfigure.web.WebMvcAutoConfiguration$WebMvcAutoConfigurationAdapter.mvcProperties
10:13:59.916 [main] DEBUG o.s.b.f.annotation.InjectionMetadata - Registered injected element on class [edu.tamu.framework.config.CoreWebMvcConfig$$EnhancerBySpringCGLIB$$f912643d]: AutowiredFieldElement for private org.springframework.beans.factory.ListableBeanFactory org.springframework.boot.autoconfigure.web.WebMvcAutoConfiguration$WebMvcAutoConfigurationAdapter.beanFactory
10:13:59.916 [main] DEBUG o.s.b.f.annotation.InjectionMetadata - Registered injected element on class [edu.tamu.framework.config.CoreWebMvcConfig$$EnhancerBySpringCGLIB$$f912643d]: AutowiredFieldElement for private org.springframework.core.io.ResourceLoader org.springframework.boot.autoconfigure.web.WebMvcAutoConfiguration$WebMvcAutoConfigurationAdapter.resourceLoader
10:13:59.916 [main] DEBUG o.s.b.f.annotation.InjectionMetadata - Registered injected element on class [edu.tamu.framework.config.CoreWebMvcConfig$$EnhancerBySpringCGLIB$$f912643d]: AutowiredFieldElement for private org.springframework.boot.autoconfigure.web.HttpMessageConverters org.springframework.boot.autoconfigure.web.WebMvcAutoConfiguration$WebMvcAutoConfigurationAdapter.messageConverters
10:13:59.916 [main] DEBUG o.s.b.f.annotation.InjectionMetadata - Registered injected element on class [edu.tamu.framework.config.CoreWebMvcConfig$$EnhancerBySpringCGLIB$$f912643d]: AutowiredFieldElement for private org.springframework.core.env.Environment edu.tamu.framework.config.CoreWebMvcConfig.env
10:13:59.916 [main] DEBUG o.s.b.f.s.DefaultListableBeanFactory - Eagerly caching bean 'coreWebMvcConfig' to allow for resolving potential circular references
10:13:59.917 [main] DEBUG o.s.b.f.annotation.InjectionMetadata - Processing injected element of bean 'coreWebMvcConfig': AutowiredFieldElement for private java.lang.String org.springframework.boot.autoconfigure.web.WebMvcAutoConfiguration$WebMvcAutoConfigurationAdapter.prefix
10:13:59.917 [main] DEBUG o.s.c.e.PropertySourcesPropertyResolver - Searching for key 'spring.view.prefix:' in [environmentProperties]
10:13:59.917 [main] DEBUG o.s.c.e.PropertySourcesPropertyResolver - Searching for key 'spring.view.prefix:' in [systemProperties]
10:13:59.917 [main] DEBUG o.s.c.e.PropertySourcesPropertyResolver - Searching for key 'spring.view.prefix:' in [systemEnvironment]
10:13:59.917 [main] DEBUG o.s.c.e.PropertySourcesPropertyResolver - Searching for key 'spring.view.prefix:' in [class path resource [config/application.properties]]
10:13:59.917 [main] DEBUG o.s.c.e.PropertySourcesPropertyResolver - Could not find key 'spring.view.prefix:' in any property source. Returning [null]
10:13:59.917 [main] DEBUG o.s.c.e.PropertySourcesPropertyResolver - Searching for key 'spring.view.prefix:' in [localProperties]
10:13:59.917 [main] DEBUG o.s.c.e.PropertySourcesPropertyResolver - Could not find key 'spring.view.prefix:' in any property source. Returning [null]
10:13:59.917 [main] DEBUG o.s.c.e.PropertySourcesPropertyResolver - Searching for key 'spring.view.prefix' in [environmentProperties]
10:13:59.917 [main] DEBUG o.s.c.e.PropertySourcesPropertyResolver - Searching for key 'spring.view.prefix' in [systemProperties]
10:13:59.917 [main] DEBUG o.s.c.e.PropertySourcesPropertyResolver - Searching for key 'spring.view.prefix' in [systemEnvironment]
10:13:59.917 [main] DEBUG o.s.c.e.PropertySourcesPropertyResolver - Searching for key 'spring.view.prefix' in [class path resource [config/application.properties]]
10:13:59.917 [main] DEBUG o.s.c.e.PropertySourcesPropertyResolver - Could not find key 'spring.view.prefix' in any property source. Returning [null]
10:13:59.917 [main] DEBUG o.s.c.e.PropertySourcesPropertyResolver - Searching for key 'spring.view.prefix' in [localProperties]
10:13:59.917 [main] DEBUG o.s.c.e.PropertySourcesPropertyResolver - Could not find key 'spring.view.prefix' in any property source. Returning [null]
10:13:59.917 [main] DEBUG o.s.b.f.annotation.InjectionMetadata - Processing injected element of bean 'coreWebMvcConfig': AutowiredFieldElement for private java.lang.String org.springframework.boot.autoconfigure.web.WebMvcAutoConfiguration$WebMvcAutoConfigurationAdapter.suffix
10:13:59.917 [main] DEBUG o.s.c.e.PropertySourcesPropertyResolver - Searching for key 'spring.view.suffix:' in [environmentProperties]
10:13:59.917 [main] DEBUG o.s.c.e.PropertySourcesPropertyResolver - Searching for key 'spring.view.suffix:' in [systemProperties]
10:13:59.917 [main] DEBUG o.s.c.e.PropertySourcesPropertyResolver - Searching for key 'spring.view.suffix:' in [systemEnvironment]
10:13:59.917 [main] DEBUG o.s.c.e.PropertySourcesPropertyResolver - Searching for key 'spring.view.suffix:' in [class path resource [config/application.properties]]
10:13:59.917 [main] DEBUG o.s.c.e.PropertySourcesPropertyResolver - Could not find key 'spring.view.suffix:' in any property source. Returning [null]
10:13:59.917 [main] DEBUG o.s.c.e.PropertySourcesPropertyResolver - Searching for key 'spring.view.suffix:' in [localProperties]
10:13:59.917 [main] DEBUG o.s.c.e.PropertySourcesPropertyResolver - Could not find key 'spring.view.suffix:' in any property source. Returning [null]
10:13:59.917 [main] DEBUG o.s.c.e.PropertySourcesPropertyResolver - Searching for key 'spring.view.suffix' in [environmentProperties]
10:13:59.917 [main] DEBUG o.s.c.e.PropertySourcesPropertyResolver - Searching for key 'spring.view.suffix' in [systemProperties]
10:13:59.917 [main] DEBUG o.s.c.e.PropertySourcesPropertyResolver - Searching for key 'spring.view.suffix' in [systemEnvironment]
10:13:59.917 [main] DEBUG o.s.c.e.PropertySourcesPropertyResolver - Searching for key 'spring.view.suffix' in [class path resource [config/application.properties]]
10:13:59.917 [main] DEBUG o.s.c.e.PropertySourcesPropertyResolver - Could not find key 'spring.view.suffix' in any property source. Returning [null]
10:13:59.917 [main] DEBUG o.s.c.e.PropertySourcesPropertyResolver - Searching for key 'spring.view.suffix' in [localProperties]
10:13:59.918 [main] DEBUG o.s.c.e.PropertySourcesPropertyResolver - Could not find key 'spring.view.suffix' in any property source. Returning [null]
10:13:59.918 [main] DEBUG o.s.b.f.annotation.InjectionMetadata - Processing injected element of bean 'coreWebMvcConfig': AutowiredFieldElement for private org.springframework.boot.autoconfigure.web.ResourceProperties org.springframework.boot.autoconfigure.web.WebMvcAutoConfiguration$WebMvcAutoConfigurationAdapter.resourceProperties
10:13:59.918 [main] DEBUG o.s.b.f.s.DefaultListableBeanFactory - Creating shared instance of singleton bean 'spring.resources.CONFIGURATION_PROPERTIES'
10:13:59.918 [main] DEBUG o.s.b.f.s.DefaultListableBeanFactory - Creating instance of bean 'spring.resources.CONFIGURATION_PROPERTIES'
10:13:59.918 [main] DEBUG o.s.b.f.s.DefaultListableBeanFactory - Returning cached instance of singleton bean 'org.springframework.transaction.config.internalTransactionAdvisor'
10:13:59.919 [main] DEBUG o.s.b.f.s.DefaultListableBeanFactory - Eagerly caching bean 'spring.resources.CONFIGURATION_PROPERTIES' to allow for resolving potential circular references
10:13:59.919 [main] DEBUG o.s.core.env.MutablePropertySources - Adding [systemProperties] PropertySource with lowest search precedence
10:13:59.919 [main] DEBUG o.s.core.env.MutablePropertySources - Adding [systemEnvironment] PropertySource with lowest search precedence
10:13:59.919 [main] DEBUG o.s.core.env.MutablePropertySources - Adding [class path resource [config/application.properties]] PropertySource with lowest search precedence
10:13:59.919 [main] DEBUG o.s.core.env.MutablePropertySources - Adding [localProperties] PropertySource with lowest search precedence
10:13:59.919 [main] DEBUG o.s.core.env.MutablePropertySources - Adding [systemProperties] PropertySource with lowest search precedence
10:13:59.919 [main] DEBUG o.s.core.env.MutablePropertySources - Adding [systemEnvironment] PropertySource with lowest search precedence
10:13:59.919 [main] DEBUG o.s.core.env.MutablePropertySources - Adding [class path resource [config/application.properties]] PropertySource with lowest search precedence
10:13:59.919 [main] DEBUG o.s.core.env.MutablePropertySources - Adding [localProperties] PropertySource with lowest search precedence
10:13:59.919 [main] DEBUG o.s.c.e.PropertySourcesPropertyResolver - Searching for key 'app.security.jwt.secret_key' in [systemProperties]
10:13:59.919 [main] DEBUG o.s.c.e.PropertySourcesPropertyResolver - Searching for key 'app.security.jwt.secret_key' in [systemEnvironment]
10:13:59.919 [main] DEBUG o.s.c.e.PropertySourcesPropertyResolver - Searching for key 'app.security.jwt.secret_key' in [class path resource [config/application.properties]]
10:13:59.919 [main] DEBUG o.s.c.e.PropertySourcesPropertyResolver - Found key 'app.security.jwt.secret_key' in [class path resource [config/application.properties]] with type [String] and value 'verysecretsecret'
10:13:59.920 [main] DEBUG o.s.core.env.MutablePropertySources - Adding [systemProperties] PropertySource with lowest search precedence
10:13:59.920 [main] DEBUG o.s.core.env.MutablePropertySources - Adding [systemEnvironment] PropertySource with lowest search precedence
10:13:59.920 [main] DEBUG o.s.core.env.MutablePropertySources - Adding [class path resource [config/application.properties]] PropertySource with lowest search precedence
10:13:59.920 [main] DEBUG o.s.core.env.MutablePropertySources - Adding [localProperties] PropertySource with lowest search precedence
10:13:59.920 [main] DEBUG o.s.c.e.PropertySourcesPropertyResolver - Searching for key 'app.whitelist' in [systemProperties]
10:13:59.920 [main] DEBUG o.s.c.e.PropertySourcesPropertyResolver - Searching for key 'app.whitelist' in [systemEnvironment]
10:13:59.920 [main] DEBUG o.s.c.e.PropertySourcesPropertyResolver - Searching for key 'app.whitelist' in [class path resource [config/application.properties]]
10:13:59.920 [main] DEBUG o.s.c.e.PropertySourcesPropertyResolver - Found key 'app.whitelist' in [class path resource [config/application.properties]] with type [String] and value '127.0.0.1'
10:13:59.920 [main] DEBUG o.s.core.env.MutablePropertySources - Adding [systemProperties] PropertySource with lowest search precedence
10:13:59.920 [main] DEBUG o.s.core.env.MutablePropertySources - Adding [systemEnvironment] PropertySource with lowest search precedence
10:13:59.920 [main] DEBUG o.s.core.env.MutablePropertySources - Adding [class path resource [config/application.properties]] PropertySource with lowest search precedence
10:13:59.920 [main] DEBUG o.s.core.env.MutablePropertySources - Adding [localProperties] PropertySource with lowest search precedence
10:13:59.920 [main] DEBUG o.s.c.e.PropertySourcesPropertyResolver - Searching for key 'app.email.address' in [systemProperties]
10:13:59.920 [main] DEBUG o.s.c.e.PropertySourcesPropertyResolver - Searching for key 'app.email.address' in [systemEnvironment]
10:13:59.920 [main] DEBUG o.s.c.e.PropertySourcesPropertyResolver - Searching for key 'app.email.address' in [class path resource [config/application.properties]]
10:13:59.920 [main] DEBUG o.s.c.e.PropertySourcesPropertyResolver - Found key 'app.email.address' in [class path resource [config/application.properties]] with type [String] and value 'dhahn@library.tamu.edu'
10:13:59.920 [main] DEBUG o.s.core.env.MutablePropertySources - Adding [systemProperties] PropertySource with lowest search precedence
10:13:59.920 [main] DEBUG o.s.core.env.MutablePropertySources - Adding [systemEnvironment] PropertySource with lowest search precedence
10:13:59.920 [main] DEBUG o.s.core.env.MutablePropertySources - Adding [class path resource [config/application.properties]] PropertySource with lowest search precedence
10:13:59.920 [main] DEBUG o.s.core.env.MutablePropertySources - Adding [localProperties] PropertySource with lowest search precedence
10:13:59.920 [main] DEBUG o.s.c.e.PropertySourcesPropertyResolver - Searching for key 'app.service.voyager.app' in [systemProperties]
10:13:59.920 [main] DEBUG o.s.c.e.PropertySourcesPropertyResolver - Searching for key 'app.service.voyager.app' in [systemEnvironment]
10:13:59.920 [main] DEBUG o.s.c.e.PropertySourcesPropertyResolver - Searching for key 'app.service.voyager.app' in [class path resource [config/application.properties]]
10:13:59.920 [main] DEBUG o.s.c.e.PropertySourcesPropertyResolver - Found key 'app.service.voyager.app' in [class path resource [config/application.properties]] with type [String] and value 'vxws'
10:13:59.920 [main] DEBUG o.s.core.env.MutablePropertySources - Adding [systemProperties] PropertySource with lowest search precedence
10:13:59.920 [main] DEBUG o.s.core.env.MutablePropertySources - Adding [systemEnvironment] PropertySource with lowest search precedence
10:13:59.920 [main] DEBUG o.s.core.env.MutablePropertySources - Adding [class path resource [config/application.properties]] PropertySource with lowest search precedence
10:13:59.920 [main] DEBUG o.s.core.env.MutablePropertySources - Adding [localProperties] PropertySource with lowest search precedence
10:13:59.920 [main] DEBUG o.s.c.e.PropertySourcesPropertyResolver - Searching for key 'spring.datasource.test-on-borrow' in [systemProperties]
10:13:59.920 [main] DEBUG o.s.c.e.PropertySourcesPropertyResolver - Searching for key 'spring.datasource.test-on-borrow' in [systemEnvironment]
10:13:59.920 [main] DEBUG o.s.c.e.PropertySourcesPropertyResolver - Searching for key 'spring.datasource.test-on-borrow' in [class path resource [config/application.properties]]
10:13:59.920 [main] DEBUG o.s.c.e.PropertySourcesPropertyResolver - Found key 'spring.datasource.test-on-borrow' in [class path resource [config/application.properties]] with type [String] and value 'true'
10:13:59.920 [main] DEBUG o.s.core.env.MutablePropertySources - Adding [systemProperties] PropertySource with lowest search precedence
10:13:59.920 [main] DEBUG o.s.core.env.MutablePropertySources - Adding [systemEnvironment] PropertySource with lowest search precedence
10:13:59.920 [main] DEBUG o.s.core.env.MutablePropertySources - Adding [class path resource [config/application.properties]] PropertySource with lowest search precedence
10:13:59.920 [main] DEBUG o.s.core.env.MutablePropertySources - Adding [localProperties] PropertySource with lowest search precedence
10:13:59.920 [main] DEBUG o.s.c.e.PropertySourcesPropertyResolver - Searching for key 'shib.email' in [systemProperties]
10:13:59.920 [main] DEBUG o.s.c.e.PropertySourcesPropertyResolver - Searching for key 'shib.email' in [systemEnvironment]
10:13:59.920 [main] DEBUG o.s.c.e.PropertySourcesPropertyResolver - Searching for key 'shib.email' in [class path resource [config/application.properties]]
10:13:59.920 [main] DEBUG o.s.c.e.PropertySourcesPropertyResolver - Found key 'shib.email' in [class path resource [config/application.properties]] with type [String] and value 'tdl-mail'
10:13:59.920 [main] DEBUG o.s.core.env.MutablePropertySources - Adding [systemProperties] PropertySource with lowest search precedence
10:13:59.920 [main] DEBUG o.s.core.env.MutablePropertySources - Adding [systemEnvironment] PropertySource with lowest search precedence
10:13:59.920 [main] DEBUG o.s.core.env.MutablePropertySources - Adding [class path resource [config/application.properties]] PropertySource with lowest search precedence
10:13:59.920 [main] DEBUG o.s.core.env.MutablePropertySources - Adding [localProperties] PropertySource with lowest search precedence
10:13:59.920 [main] DEBUG o.s.c.e.PropertySourcesPropertyResolver - Searching for key 'spring.datasource.url' in [systemProperties]
10:13:59.920 [main] DEBUG o.s.c.e.PropertySourcesPropertyResolver - Searching for key 'spring.datasource.url' in [systemEnvironment]
10:13:59.920 [main] DEBUG o.s.c.e.PropertySourcesPropertyResolver - Searching for key 'spring.datasource.url' in [class path resource [config/application.properties]]
10:13:59.920 [main] DEBUG o.s.c.e.PropertySourcesPropertyResolver - Found key 'spring.datasource.url' in [class path resource [config/application.properties]] with type [String] and value 'jdbc:postgresql://localhost:5432/spring_seed'
10:13:59.920 [main] DEBUG o.s.core.env.MutablePropertySources - Adding [systemProperties] PropertySource with lowest search precedence
10:13:59.920 [main] DEBUG o.s.core.env.MutablePropertySources - Adding [systemEnvironment] PropertySource with lowest search precedence
10:13:59.920 [main] DEBUG o.s.core.env.MutablePropertySources - Adding [class path resource [config/application.properties]] PropertySource with lowest search precedence
10:13:59.920 [main] DEBUG o.s.core.env.MutablePropertySources - Adding [localProperties] PropertySource with lowest search precedence
10:13:59.920 [main] DEBUG o.s.c.e.PropertySourcesPropertyResolver - Searching for key 'shib.netid' in [systemProperties]
10:13:59.920 [main] DEBUG o.s.c.e.PropertySourcesPropertyResolver - Searching for key 'shib.netid' in [systemEnvironment]
10:13:59.921 [main] DEBUG o.s.c.e.PropertySourcesPropertyResolver - Searching for key 'shib.netid' in [class path resource [config/application.properties]]
10:13:59.921 [main] DEBUG o.s.c.e.PropertySourcesPropertyResolver - Found key 'shib.netid' in [class path resource [config/application.properties]] with type [String] and value 'edupersonprincipalnameunscoped'
10:13:59.921 [main] DEBUG o.s.core.env.MutablePropertySources - Adding [systemProperties] PropertySource with lowest search precedence
10:13:59.921 [main] DEBUG o.s.core.env.MutablePropertySources - Adding [systemEnvironment] PropertySource with lowest search precedence
10:13:59.921 [main] DEBUG o.s.core.env.MutablePropertySources - Adding [class path resource [config/application.properties]] PropertySource with lowest search precedence
10:13:59.921 [main] DEBUG o.s.core.env.MutablePropertySources - Adding [localProperties] PropertySource with lowest search precedence
10:13:59.921 [main] DEBUG o.s.c.e.PropertySourcesPropertyResolver - Searching for key 'shib.keys' in [systemProperties]
10:13:59.921 [main] DEBUG o.s.c.e.PropertySourcesPropertyResolver - Searching for key 'shib.keys' in [systemEnvironment]
10:13:59.921 [main] DEBUG o.s.c.e.PropertySourcesPropertyResolver - Searching for key 'shib.keys' in [class path resource [config/application.properties]]
10:13:59.921 [main] DEBUG o.s.c.e.PropertySourcesPropertyResolver - Found key 'shib.keys' in [class path resource [config/application.properties]] with type [String] and value 'netid,uin,lastName,firstName,email'
10:13:59.921 [main] DEBUG o.s.core.env.MutablePropertySources - Adding [systemProperties] PropertySource with lowest search precedence
10:13:59.921 [main] DEBUG o.s.core.env.MutablePropertySources - Adding [systemEnvironment] PropertySource with lowest search precedence
10:13:59.921 [main] DEBUG o.s.core.env.MutablePropertySources - Adding [class path resource [config/application.properties]] PropertySource with lowest search precedence
10:13:59.921 [main] DEBUG o.s.core.env.MutablePropertySources - Adding [localProperties] PropertySource with lowest search precedence
10:13:59.921 [main] DEBUG o.s.c.e.PropertySourcesPropertyResolver - Searching for key 'spring.datasource.password' in [systemProperties]
10:13:59.921 [main] DEBUG o.s.c.e.PropertySourcesPropertyResolver - Searching for key 'spring.datasource.password' in [systemEnvironment]
10:13:59.921 [main] DEBUG o.s.c.e.PropertySourcesPropertyResolver - Searching for key 'spring.datasource.password' in [class path resource [config/application.properties]]
10:13:59.921 [main] DEBUG o.s.c.e.PropertySourcesPropertyResolver - Found key 'spring.datasource.password' in [class path resource [config/application.properties]] with type [String] and value 'spring'
10:13:59.921 [main] DEBUG o.s.core.env.MutablePropertySources - Adding [systemProperties] PropertySource with lowest search precedence
10:13:59.921 [main] DEBUG o.s.core.env.MutablePropertySources - Adding [systemEnvironment] PropertySource with lowest search precedence
10:13:59.921 [main] DEBUG o.s.core.env.MutablePropertySources - Adding [class path resource [config/application.properties]] PropertySource with lowest search precedence
10:13:59.921 [main] DEBUG o.s.core.env.MutablePropertySources - Adding [localProperties] PropertySource with lowest search precedence
10:13:59.921 [main] DEBUG o.s.c.e.PropertySourcesPropertyResolver - Searching for key 'spring.jpa.database-platform' in [systemProperties]
10:13:59.921 [main] DEBUG o.s.c.e.PropertySourcesPropertyResolver - Searching for key 'spring.jpa.database-platform' in [systemEnvironment]
10:13:59.921 [main] DEBUG o.s.c.e.PropertySourcesPropertyResolver - Searching for key 'spring.jpa.database-platform' in [class path resource [config/application.properties]]
10:13:59.921 [main] DEBUG o.s.c.e.PropertySourcesPropertyResolver - Found key 'spring.jpa.database-platform' in [class path resource [config/application.properties]] with type [String] and value 'org.hibernate.dialect.PostgreSQLDialect'
10:13:59.921 [main] DEBUG o.s.core.env.MutablePropertySources - Adding [systemProperties] PropertySource with lowest search precedence
10:13:59.921 [main] DEBUG o.s.core.env.MutablePropertySources - Adding [systemEnvironment] PropertySource with lowest search precedence
10:13:59.921 [main] DEBUG o.s.core.env.MutablePropertySources - Adding [class path resource [config/application.properties]] PropertySource with lowest search precedence
10:13:59.921 [main] DEBUG o.s.core.env.MutablePropertySources - Adding [localProperties] PropertySource with lowest search precedence
10:13:59.921 [main] DEBUG o.s.c.e.PropertySourcesPropertyResolver - Searching for key 'spring.jpa.show_sql' in [systemProperties]
10:13:59.921 [main] DEBUG o.s.c.e.PropertySourcesPropertyResolver - Searching for key 'spring.jpa.show_sql' in [systemEnvironment]
10:13:59.921 [main] DEBUG o.s.c.e.PropertySourcesPropertyResolver - Searching for key 'spring.jpa.show_sql' in [class path resource [config/application.properties]]
10:13:59.921 [main] DEBUG o.s.c.e.PropertySourcesPropertyResolver - Found key 'spring.jpa.show_sql' in [class path resource [config/application.properties]] with type [String] and value 'false'
10:13:59.921 [main] DEBUG o.s.core.env.MutablePropertySources - Adding [systemProperties] PropertySource with lowest search precedence
10:13:59.921 [main] DEBUG o.s.core.env.MutablePropertySources - Adding [systemEnvironment] PropertySource with lowest search precedence
10:13:59.921 [main] DEBUG o.s.core.env.MutablePropertySources - Adding [class path resource [config/application.properties]] PropertySource with lowest search precedence
10:13:59.921 [main] DEBUG o.s.core.env.MutablePropertySources - Adding [localProperties] PropertySource with lowest search precedence
10:13:59.921 [main] DEBUG o.s.c.e.PropertySourcesPropertyResolver - Searching for key 'app.service.voyager.ports' in [systemProperties]
10:13:59.921 [main] DEBUG o.s.c.e.PropertySourcesPropertyResolver - Searching for key 'app.service.voyager.ports' in [systemEnvironment]
10:13:59.921 [main] DEBUG o.s.c.e.PropertySourcesPropertyResolver - Searching for key 'app.service.voyager.ports' in [class path resource [config/application.properties]]
10:13:59.921 [main] DEBUG o.s.c.e.PropertySourcesPropertyResolver - Found key 'app.service.voyager.ports' in [class path resource [config/application.properties]] with type [String] and value '7014,7414'
10:13:59.921 [main] DEBUG o.s.core.env.MutablePropertySources - Adding [systemProperties] PropertySource with lowest search precedence
10:13:59.921 [main] DEBUG o.s.core.env.MutablePropertySources - Adding [systemEnvironment] PropertySource with lowest search precedence
10:13:59.921 [main] DEBUG o.s.core.env.MutablePropertySources - Adding [class path resource [config/application.properties]] PropertySource with lowest search precedence
10:13:59.921 [main] DEBUG o.s.core.env.MutablePropertySources - Adding [localProperties] PropertySource with lowest search precedence
10:13:59.921 [main] DEBUG o.s.c.e.PropertySourcesPropertyResolver - Searching for key 'spring.datasource.validation-query' in [systemProperties]
10:13:59.921 [main] DEBUG o.s.c.e.PropertySourcesPropertyResolver - Searching for key 'spring.datasource.validation-query' in [systemEnvironment]
10:13:59.921 [main] DEBUG o.s.c.e.PropertySourcesPropertyResolver - Searching for key 'spring.datasource.validation-query' in [class path resource [config/application.properties]]
10:13:59.921 [main] DEBUG o.s.c.e.PropertySourcesPropertyResolver - Found key 'spring.datasource.validation-query' in [class path resource [config/application.properties]] with type [String] and value 'select version();'
10:13:59.921 [main] DEBUG o.s.core.env.MutablePropertySources - Adding [systemProperties] PropertySource with lowest search precedence
10:13:59.921 [main] DEBUG o.s.core.env.MutablePropertySources - Adding [systemEnvironment] PropertySource with lowest search precedence
10:13:59.921 [main] DEBUG o.s.core.env.MutablePropertySources - Adding [class path resource [config/application.properties]] PropertySource with lowest search precedence
10:13:59.921 [main] DEBUG o.s.core.env.MutablePropertySources - Adding [localProperties] PropertySource with lowest search precedence
10:13:59.921 [main] DEBUG o.s.c.e.PropertySourcesPropertyResolver - Searching for key 'shib.firstName' in [systemProperties]
10:13:59.921 [main] DEBUG o.s.c.e.PropertySourcesPropertyResolver - Searching for key 'shib.firstName' in [systemEnvironment]
10:13:59.921 [main] DEBUG o.s.c.e.PropertySourcesPropertyResolver - Searching for key 'shib.firstName' in [class path resource [config/application.properties]]
10:13:59.921 [main] DEBUG o.s.c.e.PropertySourcesPropertyResolver - Found key 'shib.firstName' in [class path resource [config/application.properties]] with type [String] and value 'tdl-givenname'
10:13:59.921 [main] DEBUG o.s.core.env.MutablePropertySources - Adding [systemProperties] PropertySource with lowest search precedence
10:13:59.921 [main] DEBUG o.s.core.env.MutablePropertySources - Adding [systemEnvironment] PropertySource with lowest search precedence
10:13:59.921 [main] DEBUG o.s.core.env.MutablePropertySources - Adding [class path resource [config/application.properties]] PropertySource with lowest search precedence
10:13:59.921 [main] DEBUG o.s.core.env.MutablePropertySources - Adding [localProperties] PropertySource with lowest search precedence
10:13:59.921 [main] DEBUG o.s.c.e.PropertySourcesPropertyResolver - Searching for key 'shib.uin' in [systemProperties]
10:13:59.921 [main] DEBUG o.s.c.e.PropertySourcesPropertyResolver - Searching for key 'shib.uin' in [systemEnvironment]
10:13:59.921 [main] DEBUG o.s.c.e.PropertySourcesPropertyResolver - Searching for key 'shib.uin' in [class path resource [config/application.properties]]
10:13:59.921 [main] DEBUG o.s.c.e.PropertySourcesPropertyResolver - Found key 'shib.uin' in [class path resource [config/application.properties]] with type [String] and value 'tamuuin'
10:13:59.921 [main] DEBUG o.s.core.env.MutablePropertySources - Adding [systemProperties] PropertySource with lowest search precedence
10:13:59.921 [main] DEBUG o.s.core.env.MutablePropertySources - Adding [systemEnvironment] PropertySource with lowest search precedence
10:13:59.921 [main] DEBUG o.s.core.env.MutablePropertySources - Adding [class path resource [config/application.properties]] PropertySource with lowest search precedence
10:13:59.921 [main] DEBUG o.s.core.env.MutablePropertySources - Adding [localProperties] PropertySource with lowest search precedence
10:13:59.921 [main] DEBUG o.s.c.e.PropertySourcesPropertyResolver - Searching for key 'spring.datasource.defaultAutoCommit' in [systemProperties]
10:13:59.921 [main] DEBUG o.s.c.e.PropertySourcesPropertyResolver - Searching for key 'spring.datasource.defaultAutoCommit' in [systemEnvironment]
10:13:59.921 [main] DEBUG o.s.c.e.PropertySourcesPropertyResolver - Searching for key 'spring.datasource.defaultAutoCommit' in [class path resource [config/application.properties]]
10:13:59.921 [main] DEBUG o.s.c.e.PropertySourcesPropertyResolver - Found key 'spring.datasource.defaultAutoCommit' in [class path resource [config/application.properties]] with type [String] and value 'false'
10:13:59.921 [main] DEBUG o.s.core.env.MutablePropertySources - Adding [systemProperties] PropertySource with lowest search precedence
10:13:59.921 [main] DEBUG o.s.core.env.MutablePropertySources - Adding [systemEnvironment] PropertySource with lowest search precedence
10:13:59.921 [main] DEBUG o.s.core.env.MutablePropertySources - Adding [class path resource [config/application.properties]] PropertySource with lowest search precedence
10:13:59.921 [main] DEBUG o.s.core.env.MutablePropertySources - Adding [localProperties] PropertySource with lowest search precedence
10:13:59.921 [main] DEBUG o.s.c.e.PropertySourcesPropertyResolver - Searching for key 'spring.datasource.username' in [systemProperties]
10:13:59.922 [main] DEBUG o.s.c.e.PropertySourcesPropertyResolver - Searching for key 'spring.datasource.username' in [systemEnvironment]
10:13:59.922 [main] DEBUG o.s.c.e.PropertySourcesPropertyResolver - Searching for key 'spring.datasource.username' in [class path resource [config/application.properties]]
10:13:59.922 [main] DEBUG o.s.c.e.PropertySourcesPropertyResolver - Found key 'spring.datasource.username' in [class path resource [config/application.properties]] with type [String] and value 'spring'
10:13:59.922 [main] DEBUG o.s.core.env.MutablePropertySources - Adding [systemProperties] PropertySource with lowest search precedence
10:13:59.922 [main] DEBUG o.s.core.env.MutablePropertySources - Adding [systemEnvironment] PropertySource with lowest search precedence
10:13:59.922 [main] DEBUG o.s.core.env.MutablePropertySources - Adding [class path resource [config/application.properties]] PropertySource with lowest search precedence
10:13:59.922 [main] DEBUG o.s.core.env.MutablePropertySources - Adding [localProperties] PropertySource with lowest search precedence
10:13:59.922 [main] DEBUG o.s.c.e.PropertySourcesPropertyResolver - Searching for key 'app.service.voyager.host' in [systemProperties]
10:13:59.922 [main] DEBUG o.s.c.e.PropertySourcesPropertyResolver - Searching for key 'app.service.voyager.host' in [systemEnvironment]
10:13:59.922 [main] DEBUG o.s.c.e.PropertySourcesPropertyResolver - Searching for key 'app.service.voyager.host' in [class path resource [config/application.properties]]
10:13:59.922 [main] DEBUG o.s.c.e.PropertySourcesPropertyResolver - Found key 'app.service.voyager.host' in [class path resource [config/application.properties]] with type [String] and value 'surprise.tamu.edu'
10:13:59.922 [main] DEBUG o.s.core.env.MutablePropertySources - Adding [systemProperties] PropertySource with lowest search precedence
10:13:59.922 [main] DEBUG o.s.core.env.MutablePropertySources - Adding [systemEnvironment] PropertySource with lowest search precedence
10:13:59.922 [main] DEBUG o.s.core.env.MutablePropertySources - Adding [class path resource [config/application.properties]] PropertySource with lowest search precedence
10:13:59.922 [main] DEBUG o.s.core.env.MutablePropertySources - Adding [localProperties] PropertySource with lowest search precedence
10:13:59.922 [main] DEBUG o.s.c.e.PropertySourcesPropertyResolver - Searching for key 'logging.level.org.springframework' in [systemProperties]
10:13:59.922 [main] DEBUG o.s.c.e.PropertySourcesPropertyResolver - Searching for key 'logging.level.org.springframework' in [systemEnvironment]
10:13:59.922 [main] DEBUG o.s.c.e.PropertySourcesPropertyResolver - Searching for key 'logging.level.org.springframework' in [class path resource [config/application.properties]]
10:13:59.922 [main] DEBUG o.s.c.e.PropertySourcesPropertyResolver - Found key 'logging.level.org.springframework' in [class path resource [config/application.properties]] with type [String] and value 'INFO'
10:13:59.922 [main] DEBUG o.s.core.env.MutablePropertySources - Adding [systemProperties] PropertySource with lowest search precedence
10:13:59.922 [main] DEBUG o.s.core.env.MutablePropertySources - Adding [systemEnvironment] PropertySource with lowest search precedence
10:13:59.922 [main] DEBUG o.s.core.env.MutablePropertySources - Adding [class path resource [config/application.properties]] PropertySource with lowest search precedence
10:13:59.922 [main] DEBUG o.s.core.env.MutablePropertySources - Adding [localProperties] PropertySource with lowest search precedence
10:13:59.922 [main] DEBUG o.s.c.e.PropertySourcesPropertyResolver - Searching for key 'spring.datasource.driverClassName' in [systemProperties]
10:13:59.922 [main] DEBUG o.s.c.e.PropertySourcesPropertyResolver - Searching for key 'spring.datasource.driverClassName' in [systemEnvironment]
10:13:59.922 [main] DEBUG o.s.c.e.PropertySourcesPropertyResolver - Searching for key 'spring.datasource.driverClassName' in [class path resource [config/application.properties]]
10:13:59.922 [main] DEBUG o.s.c.e.PropertySourcesPropertyResolver - Found key 'spring.datasource.driverClassName' in [class path resource [config/application.properties]] with type [String] and value 'org.postgresql.Driver'
10:13:59.922 [main] DEBUG o.s.core.env.MutablePropertySources - Adding [systemProperties] PropertySource with lowest search precedence
10:13:59.922 [main] DEBUG o.s.core.env.MutablePropertySources - Adding [systemEnvironment] PropertySource with lowest search precedence
10:13:59.922 [main] DEBUG o.s.core.env.MutablePropertySources - Adding [class path resource [config/application.properties]] PropertySource with lowest search precedence
10:13:59.922 [main] DEBUG o.s.core.env.MutablePropertySources - Adding [localProperties] PropertySource with lowest search precedence
10:13:59.922 [main] DEBUG o.s.c.e.PropertySourcesPropertyResolver - Searching for key 'app.authority.admins' in [systemProperties]
10:13:59.922 [main] DEBUG o.s.c.e.PropertySourcesPropertyResolver - Searching for key 'app.authority.admins' in [systemEnvironment]
10:13:59.922 [main] DEBUG o.s.c.e.PropertySourcesPropertyResolver - Searching for key 'app.authority.admins' in [class path resource [config/application.properties]]
10:13:59.922 [main] DEBUG o.s.c.e.PropertySourcesPropertyResolver - Found key 'app.authority.admins' in [class path resource [config/application.properties]] with type [String] and value '402001311,613001223,102001721,222004429,709005486,523008230,724001395,123456789'
10:13:59.922 [main] DEBUG o.s.core.env.MutablePropertySources - Adding [systemProperties] PropertySource with lowest search precedence
10:13:59.922 [main] DEBUG o.s.core.env.MutablePropertySources - Adding [systemEnvironment] PropertySource with lowest search precedence
10:13:59.922 [main] DEBUG o.s.core.env.MutablePropertySources - Adding [class path resource [config/application.properties]] PropertySource with lowest search precedence
10:13:59.922 [main] DEBUG o.s.core.env.MutablePropertySources - Adding [localProperties] PropertySource with lowest search precedence
10:13:59.922 [main] DEBUG o.s.c.e.PropertySourcesPropertyResolver - Searching for key 'shib.lastName' in [systemProperties]
10:13:59.922 [main] DEBUG o.s.c.e.PropertySourcesPropertyResolver - Searching for key 'shib.lastName' in [systemEnvironment]
10:13:59.922 [main] DEBUG o.s.c.e.PropertySourcesPropertyResolver - Searching for key 'shib.lastName' in [class path resource [config/application.properties]]
10:13:59.922 [main] DEBUG o.s.c.e.PropertySourcesPropertyResolver - Found key 'shib.lastName' in [class path resource [config/application.properties]] with type [String] and value 'tdl-sn'
10:13:59.922 [main] DEBUG o.s.core.env.MutablePropertySources - Adding [systemProperties] PropertySource with lowest search precedence
10:13:59.922 [main] DEBUG o.s.core.env.MutablePropertySources - Adding [systemEnvironment] PropertySource with lowest search precedence
10:13:59.922 [main] DEBUG o.s.core.env.MutablePropertySources - Adding [class path resource [config/application.properties]] PropertySource with lowest search precedence
10:13:59.922 [main] DEBUG o.s.core.env.MutablePropertySources - Adding [localProperties] PropertySource with lowest search precedence
10:13:59.922 [main] DEBUG o.s.c.e.PropertySourcesPropertyResolver - Searching for key 'app.email.host' in [systemProperties]
10:13:59.922 [main] DEBUG o.s.c.e.PropertySourcesPropertyResolver - Searching for key 'app.email.host' in [systemEnvironment]
10:13:59.922 [main] DEBUG o.s.c.e.PropertySourcesPropertyResolver - Searching for key 'app.email.host' in [class path resource [config/application.properties]]
10:13:59.922 [main] DEBUG o.s.c.e.PropertySourcesPropertyResolver - Found key 'app.email.host' in [class path resource [config/application.properties]] with type [String] and value 'relay.tamu.edu'
10:13:59.922 [main] DEBUG o.s.core.env.MutablePropertySources - Adding [systemProperties] PropertySource with lowest search precedence
10:13:59.922 [main] DEBUG o.s.core.env.MutablePropertySources - Adding [systemEnvironment] PropertySource with lowest search precedence
10:13:59.922 [main] DEBUG o.s.core.env.MutablePropertySources - Adding [class path resource [config/application.properties]] PropertySource with lowest search precedence
10:13:59.922 [main] DEBUG o.s.core.env.MutablePropertySources - Adding [localProperties] PropertySource with lowest search precedence
10:13:59.922 [main] DEBUG o.s.c.e.PropertySourcesPropertyResolver - Searching for key 'server.port' in [systemProperties]
10:13:59.922 [main] DEBUG o.s.c.e.PropertySourcesPropertyResolver - Searching for key 'server.port' in [systemEnvironment]
10:13:59.922 [main] DEBUG o.s.c.e.PropertySourcesPropertyResolver - Searching for key 'server.port' in [class path resource [config/application.properties]]
10:13:59.922 [main] DEBUG o.s.c.e.PropertySourcesPropertyResolver - Found key 'server.port' in [class path resource [config/application.properties]] with type [String] and value '9000'
10:13:59.922 [main] DEBUG o.s.core.env.MutablePropertySources - Adding [systemProperties] PropertySource with lowest search precedence
10:13:59.922 [main] DEBUG o.s.core.env.MutablePropertySources - Adding [systemEnvironment] PropertySource with lowest search precedence
10:13:59.922 [main] DEBUG o.s.core.env.MutablePropertySources - Adding [class path resource [config/application.properties]] PropertySource with lowest search precedence
10:13:59.922 [main] DEBUG o.s.core.env.MutablePropertySources - Adding [localProperties] PropertySource with lowest search precedence
10:13:59.922 [main] DEBUG o.s.c.e.PropertySourcesPropertyResolver - Searching for key 'spring.jpa.hibernate.ddl-auto' in [systemProperties]
10:13:59.922 [main] DEBUG o.s.c.e.PropertySourcesPropertyResolver - Searching for key 'spring.jpa.hibernate.ddl-auto' in [systemEnvironment]
10:13:59.922 [main] DEBUG o.s.c.e.PropertySourcesPropertyResolver - Searching for key 'spring.jpa.hibernate.ddl-auto' in [class path resource [config/application.properties]]
10:13:59.922 [main] DEBUG o.s.c.e.PropertySourcesPropertyResolver - Found key 'spring.jpa.hibernate.ddl-auto' in [class path resource [config/application.properties]] with type [String] and value 'create'
10:13:59.922 [main] DEBUG o.s.core.env.MutablePropertySources - Adding [systemProperties] PropertySource with lowest search precedence
10:13:59.922 [main] DEBUG o.s.core.env.MutablePropertySources - Adding [systemEnvironment] PropertySource with lowest search precedence
10:13:59.922 [main] DEBUG o.s.core.env.MutablePropertySources - Adding [class path resource [config/application.properties]] PropertySource with lowest search precedence
10:13:59.922 [main] DEBUG o.s.core.env.MutablePropertySources - Adding [localProperties] PropertySource with lowest search precedence
10:13:59.922 [main] DEBUG o.s.c.e.PropertySourcesPropertyResolver - Searching for key 'app.security.allow-access' in [systemProperties]
10:13:59.922 [main] DEBUG o.s.c.e.PropertySourcesPropertyResolver - Searching for key 'app.security.allow-access' in [systemEnvironment]
10:13:59.922 [main] DEBUG o.s.c.e.PropertySourcesPropertyResolver - Searching for key 'app.security.allow-access' in [class path resource [config/application.properties]]
10:13:59.922 [main] DEBUG o.s.c.e.PropertySourcesPropertyResolver - Found key 'app.security.allow-access' in [class path resource [config/application.properties]] with type [String] and value 'http://localhost,http://machuff.tamu.edu,http://imacdev.tamu.edu,http://savell.evans.tamu.edu,http://jcreel.tamu.edu'
10:13:59.925 [main] DEBUG o.s.b.f.s.DefaultListableBeanFactory - Returning cached instance of singleton bean 'org.springframework.transaction.config.internalTransactionAdvisor'
10:13:59.925 [main] DEBUG o.s.b.f.s.DefaultListableBeanFactory - Returning cached instance of singleton bean 'org.springframework.transaction.config.internalTransactionAdvisor'
10:13:59.926 [main] DEBUG o.s.s.a.ScheduledAnnotationBeanPostProcessor - No @Scheduled annotations found on bean class: class org.springframework.boot.autoconfigure.web.ResourceProperties
10:13:59.926 [main] DEBUG o.s.b.f.s.DefaultListableBeanFactory - Finished creating instance of bean 'spring.resources.CONFIGURATION_PROPERTIES'
10:13:59.926 [main] DEBUG o.s.b.f.a.AutowiredAnnotationBeanPostProcessor - Autowiring by type from bean name 'coreWebMvcConfig' to bean named 'spring.resources.CONFIGURATION_PROPERTIES'
10:13:59.926 [main] DEBUG o.s.b.f.annotation.InjectionMetadata - Processing injected element of bean 'coreWebMvcConfig': AutowiredFieldElement for private org.springframework.boot.autoconfigure.web.WebMvcProperties org.springframework.boot.autoconfigure.web.WebMvcAutoConfiguration$WebMvcAutoConfigurationAdapter.mvcProperties
10:13:59.926 [main] DEBUG o.s.b.f.s.DefaultListableBeanFactory - Creating shared instance of singleton bean 'spring.mvc.CONFIGURATION_PROPERTIES'
10:13:59.927 [main] DEBUG o.s.b.f.s.DefaultListableBeanFactory - Creating instance of bean 'spring.mvc.CONFIGURATION_PROPERTIES'
10:13:59.927 [main] DEBUG o.s.b.f.s.DefaultListableBeanFactory - Returning cached instance of singleton bean 'org.springframework.transaction.config.internalTransactionAdvisor'
10:13:59.927 [main] DEBUG o.s.b.f.s.DefaultListableBeanFactory - Eagerly caching bean 'spring.mvc.CONFIGURATION_PROPERTIES' to allow for resolving potential circular references
10:13:59.927 [main] DEBUG o.s.core.env.MutablePropertySources - Adding [systemProperties] PropertySource with lowest search precedence
10:13:59.927 [main] DEBUG o.s.core.env.MutablePropertySources - Adding [systemEnvironment] PropertySource with lowest search precedence
10:13:59.927 [main] DEBUG o.s.core.env.MutablePropertySources - Adding [class path resource [config/application.properties]] PropertySource with lowest search precedence
10:13:59.927 [main] DEBUG o.s.core.env.MutablePropertySources - Adding [localProperties] PropertySource with lowest search precedence
10:13:59.928 [main] DEBUG o.s.core.env.MutablePropertySources - Adding [systemProperties] PropertySource with lowest search precedence
10:13:59.928 [main] DEBUG o.s.core.env.MutablePropertySources - Adding [systemEnvironment] PropertySource with lowest search precedence
10:13:59.928 [main] DEBUG o.s.core.env.MutablePropertySources - Adding [class path resource [config/application.properties]] PropertySource with lowest search precedence
10:13:59.928 [main] DEBUG o.s.core.env.MutablePropertySources - Adding [localProperties] PropertySource with lowest search precedence
10:13:59.928 [main] DEBUG o.s.c.e.PropertySourcesPropertyResolver - Searching for key 'app.security.jwt.secret_key' in [systemProperties]
10:13:59.928 [main] DEBUG o.s.c.e.PropertySourcesPropertyResolver - Searching for key 'app.security.jwt.secret_key' in [systemEnvironment]
10:13:59.928 [main] DEBUG o.s.c.e.PropertySourcesPropertyResolver - Searching for key 'app.security.jwt.secret_key' in [class path resource [config/application.properties]]
10:13:59.928 [main] DEBUG o.s.c.e.PropertySourcesPropertyResolver - Found key 'app.security.jwt.secret_key' in [class path resource [config/application.properties]] with type [String] and value 'verysecretsecret'
10:13:59.928 [main] DEBUG o.s.core.env.MutablePropertySources - Adding [systemProperties] PropertySource with lowest search precedence
10:13:59.928 [main] DEBUG o.s.core.env.MutablePropertySources - Adding [systemEnvironment] PropertySource with lowest search precedence
10:13:59.928 [main] DEBUG o.s.core.env.MutablePropertySources - Adding [class path resource [config/application.properties]] PropertySource with lowest search precedence
10:13:59.928 [main] DEBUG o.s.core.env.MutablePropertySources - Adding [localProperties] PropertySource with lowest search precedence
10:13:59.928 [main] DEBUG o.s.c.e.PropertySourcesPropertyResolver - Searching for key 'app.whitelist' in [systemProperties]
10:13:59.928 [main] DEBUG o.s.c.e.PropertySourcesPropertyResolver - Searching for key 'app.whitelist' in [systemEnvironment]
10:13:59.928 [main] DEBUG o.s.c.e.PropertySourcesPropertyResolver - Searching for key 'app.whitelist' in [class path resource [config/application.properties]]
10:13:59.928 [main] DEBUG o.s.c.e.PropertySourcesPropertyResolver - Found key 'app.whitelist' in [class path resource [config/application.properties]] with type [String] and value '127.0.0.1'
10:13:59.928 [main] DEBUG o.s.core.env.MutablePropertySources - Adding [systemProperties] PropertySource with lowest search precedence
10:13:59.928 [main] DEBUG o.s.core.env.MutablePropertySources - Adding [systemEnvironment] PropertySource with lowest search precedence
10:13:59.928 [main] DEBUG o.s.core.env.MutablePropertySources - Adding [class path resource [config/application.properties]] PropertySource with lowest search precedence
10:13:59.929 [main] DEBUG o.s.core.env.MutablePropertySources - Adding [localProperties] PropertySource with lowest search precedence
10:13:59.929 [main] DEBUG o.s.c.e.PropertySourcesPropertyResolver - Searching for key 'app.email.address' in [systemProperties]
10:13:59.929 [main] DEBUG o.s.c.e.PropertySourcesPropertyResolver - Searching for key 'app.email.address' in [systemEnvironment]
10:13:59.929 [main] DEBUG o.s.c.e.PropertySourcesPropertyResolver - Searching for key 'app.email.address' in [class path resource [config/application.properties]]
10:13:59.929 [main] DEBUG o.s.c.e.PropertySourcesPropertyResolver - Found key 'app.email.address' in [class path resource [config/application.properties]] with type [String] and value 'dhahn@library.tamu.edu'
10:13:59.929 [main] DEBUG o.s.core.env.MutablePropertySources - Adding [systemProperties] PropertySource with lowest search precedence
10:13:59.929 [main] DEBUG o.s.core.env.MutablePropertySources - Adding [systemEnvironment] PropertySource with lowest search precedence
10:13:59.929 [main] DEBUG o.s.core.env.MutablePropertySources - Adding [class path resource [config/application.properties]] PropertySource with lowest search precedence
10:13:59.929 [main] DEBUG o.s.core.env.MutablePropertySources - Adding [localProperties] PropertySource with lowest search precedence
10:13:59.929 [main] DEBUG o.s.c.e.PropertySourcesPropertyResolver - Searching for key 'app.service.voyager.app' in [systemProperties]
10:13:59.929 [main] DEBUG o.s.c.e.PropertySourcesPropertyResolver - Searching for key 'app.service.voyager.app' in [systemEnvironment]
10:13:59.929 [main] DEBUG o.s.c.e.PropertySourcesPropertyResolver - Searching for key 'app.service.voyager.app' in [class path resource [config/application.properties]]
10:13:59.929 [main] DEBUG o.s.c.e.PropertySourcesPropertyResolver - Found key 'app.service.voyager.app' in [class path resource [config/application.properties]] with type [String] and value 'vxws'
10:13:59.929 [main] DEBUG o.s.core.env.MutablePropertySources - Adding [systemProperties] PropertySource with lowest search precedence
10:13:59.929 [main] DEBUG o.s.core.env.MutablePropertySources - Adding [systemEnvironment] PropertySource with lowest search precedence
10:13:59.929 [main] DEBUG o.s.core.env.MutablePropertySources - Adding [class path resource [config/application.properties]] PropertySource with lowest search precedence
10:13:59.929 [main] DEBUG o.s.core.env.MutablePropertySources - Adding [localProperties] PropertySource with lowest search precedence
10:13:59.930 [main] DEBUG o.s.c.e.PropertySourcesPropertyResolver - Searching for key 'spring.datasource.test-on-borrow' in [systemProperties]
10:13:59.930 [main] DEBUG o.s.c.e.PropertySourcesPropertyResolver - Searching for key 'spring.datasource.test-on-borrow' in [systemEnvironment]
10:13:59.930 [main] DEBUG o.s.c.e.PropertySourcesPropertyResolver - Searching for key 'spring.datasource.test-on-borrow' in [class path resource [config/application.properties]]
10:13:59.930 [main] DEBUG o.s.c.e.PropertySourcesPropertyResolver - Found key 'spring.datasource.test-on-borrow' in [class path resource [config/application.properties]] with type [String] and value 'true'
10:13:59.930 [main] DEBUG o.s.core.env.MutablePropertySources - Adding [systemProperties] PropertySource with lowest search precedence
10:13:59.930 [main] DEBUG o.s.core.env.MutablePropertySources - Adding [systemEnvironment] PropertySource with lowest search precedence
10:13:59.930 [main] DEBUG o.s.core.env.MutablePropertySources - Adding [class path resource [config/application.properties]] PropertySource with lowest search precedence
10:13:59.930 [main] DEBUG o.s.core.env.MutablePropertySources - Adding [localProperties] PropertySource with lowest search precedence
10:13:59.930 [main] DEBUG o.s.c.e.PropertySourcesPropertyResolver - Searching for key 'shib.email' in [systemProperties]
10:13:59.930 [main] DEBUG o.s.c.e.PropertySourcesPropertyResolver - Searching for key 'shib.email' in [systemEnvironment]
10:13:59.930 [main] DEBUG o.s.c.e.PropertySourcesPropertyResolver - Searching for key 'shib.email' in [class path resource [config/application.properties]]
10:13:59.930 [main] DEBUG o.s.c.e.PropertySourcesPropertyResolver - Found key 'shib.email' in [class path resource [config/application.properties]] with type [String] and value 'tdl-mail'
10:13:59.930 [main] DEBUG o.s.core.env.MutablePropertySources - Adding [systemProperties] PropertySource with lowest search precedence
10:13:59.930 [main] DEBUG o.s.core.env.MutablePropertySources - Adding [systemEnvironment] PropertySource with lowest search precedence
10:13:59.931 [main] DEBUG o.s.core.env.MutablePropertySources - Adding [class path resource [config/application.properties]] PropertySource with lowest search precedence
10:13:59.931 [main] DEBUG o.s.core.env.MutablePropertySources - Adding [localProperties] PropertySource with lowest search precedence
10:13:59.931 [main] DEBUG o.s.c.e.PropertySourcesPropertyResolver - Searching for key 'spring.datasource.url' in [systemProperties]
10:13:59.931 [main] DEBUG o.s.c.e.PropertySourcesPropertyResolver - Searching for key 'spring.datasource.url' in [systemEnvironment]
10:13:59.931 [main] DEBUG o.s.c.e.PropertySourcesPropertyResolver - Searching for key 'spring.datasource.url' in [class path resource [config/application.properties]]
10:13:59.931 [main] DEBUG o.s.c.e.PropertySourcesPropertyResolver - Found key 'spring.datasource.url' in [class path resource [config/application.properties]] with type [String] and value 'jdbc:postgresql://localhost:5432/spring_seed'
10:13:59.931 [main] DEBUG o.s.core.env.MutablePropertySources - Adding [systemProperties] PropertySource with lowest search precedence
10:13:59.931 [main] DEBUG o.s.core.env.MutablePropertySources - Adding [systemEnvironment] PropertySource with lowest search precedence
10:13:59.931 [main] DEBUG o.s.core.env.MutablePropertySources - Adding [class path resource [config/application.properties]] PropertySource with lowest search precedence
10:13:59.931 [main] DEBUG o.s.core.env.MutablePropertySources - Adding [localProperties] PropertySource with lowest search precedence
10:13:59.931 [main] DEBUG o.s.c.e.PropertySourcesPropertyResolver - Searching for key 'shib.netid' in [systemProperties]
10:13:59.936 [main] DEBUG o.s.c.e.PropertySourcesPropertyResolver - Searching for key 'shib.netid' in [systemEnvironment]
10:13:59.937 [main] DEBUG o.s.c.e.PropertySourcesPropertyResolver - Searching for key 'shib.netid' in [class path resource [config/application.properties]]
10:13:59.937 [main] DEBUG o.s.c.e.PropertySourcesPropertyResolver - Found key 'shib.netid' in [class path resource [config/application.properties]] with type [String] and value 'edupersonprincipalnameunscoped'
10:13:59.937 [main] DEBUG o.s.core.env.MutablePropertySources - Adding [systemProperties] PropertySource with lowest search precedence
10:13:59.937 [main] DEBUG o.s.core.env.MutablePropertySources - Adding [systemEnvironment] PropertySource with lowest search precedence
10:13:59.937 [main] DEBUG o.s.core.env.MutablePropertySources - Adding [class path resource [config/application.properties]] PropertySource with lowest search precedence
10:13:59.937 [main] DEBUG o.s.core.env.MutablePropertySources - Adding [localProperties] PropertySource with lowest search precedence
10:13:59.937 [main] DEBUG o.s.c.e.PropertySourcesPropertyResolver - Searching for key 'shib.keys' in [systemProperties]
10:13:59.937 [main] DEBUG o.s.c.e.PropertySourcesPropertyResolver - Searching for key 'shib.keys' in [systemEnvironment]
10:13:59.937 [main] DEBUG o.s.c.e.PropertySourcesPropertyResolver - Searching for key 'shib.keys' in [class path resource [config/application.properties]]
10:13:59.937 [main] DEBUG o.s.c.e.PropertySourcesPropertyResolver - Found key 'shib.keys' in [class path resource [config/application.properties]] with type [String] and value 'netid,uin,lastName,firstName,email'
10:13:59.937 [main] DEBUG o.s.core.env.MutablePropertySources - Adding [systemProperties] PropertySource with lowest search precedence
10:13:59.937 [main] DEBUG o.s.core.env.MutablePropertySources - Adding [systemEnvironment] PropertySource with lowest search precedence
10:13:59.937 [main] DEBUG o.s.core.env.MutablePropertySources - Adding [class path resource [config/application.properties]] PropertySource with lowest search precedence
10:13:59.937 [main] DEBUG o.s.core.env.MutablePropertySources - Adding [localProperties] PropertySource with lowest search precedence
10:13:59.937 [main] DEBUG o.s.c.e.PropertySourcesPropertyResolver - Searching for key 'spring.datasource.password' in [systemProperties]
10:13:59.937 [main] DEBUG o.s.c.e.PropertySourcesPropertyResolver - Searching for key 'spring.datasource.password' in [systemEnvironment]
10:13:59.937 [main] DEBUG o.s.c.e.PropertySourcesPropertyResolver - Searching for key 'spring.datasource.password' in [class path resource [config/application.properties]]
10:13:59.937 [main] DEBUG o.s.c.e.PropertySourcesPropertyResolver - Found key 'spring.datasource.password' in [class path resource [config/application.properties]] with type [String] and value 'spring'
10:13:59.937 [main] DEBUG o.s.core.env.MutablePropertySources - Adding [systemProperties] PropertySource with lowest search precedence
10:13:59.937 [main] DEBUG o.s.core.env.MutablePropertySources - Adding [systemEnvironment] PropertySource with lowest search precedence
10:13:59.937 [main] DEBUG o.s.core.env.MutablePropertySources - Adding [class path resource [config/application.properties]] PropertySource with lowest search precedence
10:13:59.937 [main] DEBUG o.s.core.env.MutablePropertySources - Adding [localProperties] PropertySource with lowest search precedence
10:13:59.937 [main] DEBUG o.s.c.e.PropertySourcesPropertyResolver - Searching for key 'spring.jpa.database-platform' in [systemProperties]
10:13:59.937 [main] DEBUG o.s.c.e.PropertySourcesPropertyResolver - Searching for key 'spring.jpa.database-platform' in [systemEnvironment]
10:13:59.937 [main] DEBUG o.s.c.e.PropertySourcesPropertyResolver - Searching for key 'spring.jpa.database-platform' in [class path resource [config/application.properties]]
10:13:59.937 [main] DEBUG o.s.c.e.PropertySourcesPropertyResolver - Found key 'spring.jpa.database-platform' in [class path resource [config/application.properties]] with type [String] and value 'org.hibernate.dialect.PostgreSQLDialect'
10:13:59.937 [main] DEBUG o.s.core.env.MutablePropertySources - Adding [systemProperties] PropertySource with lowest search precedence
10:13:59.937 [main] DEBUG o.s.core.env.MutablePropertySources - Adding [systemEnvironment] PropertySource with lowest search precedence
10:13:59.937 [main] DEBUG o.s.core.env.MutablePropertySources - Adding [class path resource [config/application.properties]] PropertySource with lowest search precedence
10:13:59.937 [main] DEBUG o.s.core.env.MutablePropertySources - Adding [localProperties] PropertySource with lowest search precedence
10:13:59.937 [main] DEBUG o.s.c.e.PropertySourcesPropertyResolver - Searching for key 'spring.jpa.show_sql' in [systemProperties]
10:13:59.937 [main] DEBUG o.s.c.e.PropertySourcesPropertyResolver - Searching for key 'spring.jpa.show_sql' in [systemEnvironment]
10:13:59.937 [main] DEBUG o.s.c.e.PropertySourcesPropertyResolver - Searching for key 'spring.jpa.show_sql' in [class path resource [config/application.properties]]
10:13:59.937 [main] DEBUG o.s.c.e.PropertySourcesPropertyResolver - Found key 'spring.jpa.show_sql' in [class path resource [config/application.properties]] with type [String] and value 'false'
10:13:59.937 [main] DEBUG o.s.core.env.MutablePropertySources - Adding [systemProperties] PropertySource with lowest search precedence
10:13:59.937 [main] DEBUG o.s.core.env.MutablePropertySources - Adding [systemEnvironment] PropertySource with lowest search precedence
10:13:59.937 [main] DEBUG o.s.core.env.MutablePropertySources - Adding [class path resource [config/application.properties]] PropertySource with lowest search precedence
10:13:59.937 [main] DEBUG o.s.core.env.MutablePropertySources - Adding [localProperties] PropertySource with lowest search precedence
10:13:59.937 [main] DEBUG o.s.c.e.PropertySourcesPropertyResolver - Searching for key 'app.service.voyager.ports' in [systemProperties]
10:13:59.937 [main] DEBUG o.s.c.e.PropertySourcesPropertyResolver - Searching for key 'app.service.voyager.ports' in [systemEnvironment]
10:13:59.937 [main] DEBUG o.s.c.e.PropertySourcesPropertyResolver - Searching for key 'app.service.voyager.ports' in [class path resource [config/application.properties]]
10:13:59.937 [main] DEBUG o.s.c.e.PropertySourcesPropertyResolver - Found key 'app.service.voyager.ports' in [class path resource [config/application.properties]] with type [String] and value '7014,7414'
10:13:59.937 [main] DEBUG o.s.core.env.MutablePropertySources - Adding [systemProperties] PropertySource with lowest search precedence
10:13:59.937 [main] DEBUG o.s.core.env.MutablePropertySources - Adding [systemEnvironment] PropertySource with lowest search precedence
10:13:59.937 [main] DEBUG o.s.core.env.MutablePropertySources - Adding [class path resource [config/application.properties]] PropertySource with lowest search precedence
10:13:59.937 [main] DEBUG o.s.core.env.MutablePropertySources - Adding [localProperties] PropertySource with lowest search precedence
10:13:59.937 [main] DEBUG o.s.c.e.PropertySourcesPropertyResolver - Searching for key 'spring.datasource.validation-query' in [systemProperties]
10:13:59.937 [main] DEBUG o.s.c.e.PropertySourcesPropertyResolver - Searching for key 'spring.datasource.validation-query' in [systemEnvironment]
10:13:59.937 [main] DEBUG o.s.c.e.PropertySourcesPropertyResolver - Searching for key 'spring.datasource.validation-query' in [class path resource [config/application.properties]]
10:13:59.937 [main] DEBUG o.s.c.e.PropertySourcesPropertyResolver - Found key 'spring.datasource.validation-query' in [class path resource [config/application.properties]] with type [String] and value 'select version();'
10:13:59.937 [main] DEBUG o.s.core.env.MutablePropertySources - Adding [systemProperties] PropertySource with lowest search precedence
10:13:59.937 [main] DEBUG o.s.core.env.MutablePropertySources - Adding [systemEnvironment] PropertySource with lowest search precedence
10:13:59.937 [main] DEBUG o.s.core.env.MutablePropertySources - Adding [class path resource [config/application.properties]] PropertySource with lowest search precedence
10:13:59.937 [main] DEBUG o.s.core.env.MutablePropertySources - Adding [localProperties] PropertySource with lowest search precedence
10:13:59.937 [main] DEBUG o.s.c.e.PropertySourcesPropertyResolver - Searching for key 'shib.firstName' in [systemProperties]
10:13:59.937 [main] DEBUG o.s.c.e.PropertySourcesPropertyResolver - Searching for key 'shib.firstName' in [systemEnvironment]
10:13:59.937 [main] DEBUG o.s.c.e.PropertySourcesPropertyResolver - Searching for key 'shib.firstName' in [class path resource [config/application.properties]]
10:13:59.937 [main] DEBUG o.s.c.e.PropertySourcesPropertyResolver - Found key 'shib.firstName' in [class path resource [config/application.properties]] with type [String] and value 'tdl-givenname'
10:13:59.937 [main] DEBUG o.s.core.env.MutablePropertySources - Adding [systemProperties] PropertySource with lowest search precedence
10:13:59.937 [main] DEBUG o.s.core.env.MutablePropertySources - Adding [systemEnvironment] PropertySource with lowest search precedence
10:13:59.937 [main] DEBUG o.s.core.env.MutablePropertySources - Adding [class path resource [config/application.properties]] PropertySource with lowest search precedence
10:13:59.937 [main] DEBUG o.s.core.env.MutablePropertySources - Adding [localProperties] PropertySource with lowest search precedence
10:13:59.938 [main] DEBUG o.s.c.e.PropertySourcesPropertyResolver - Searching for key 'shib.uin' in [systemProperties]
10:13:59.938 [main] DEBUG o.s.c.e.PropertySourcesPropertyResolver - Searching for key 'shib.uin' in [systemEnvironment]
10:13:59.938 [main] DEBUG o.s.c.e.PropertySourcesPropertyResolver - Searching for key 'shib.uin' in [class path resource [config/application.properties]]
10:13:59.938 [main] DEBUG o.s.c.e.PropertySourcesPropertyResolver - Found key 'shib.uin' in [class path resource [config/application.properties]] with type [String] and value 'tamuuin'
10:13:59.938 [main] DEBUG o.s.core.env.MutablePropertySources - Adding [systemProperties] PropertySource with lowest search precedence
10:13:59.938 [main] DEBUG o.s.core.env.MutablePropertySources - Adding [systemEnvironment] PropertySource with lowest search precedence
10:13:59.938 [main] DEBUG o.s.core.env.MutablePropertySources - Adding [class path resource [config/application.properties]] PropertySource with lowest search precedence
10:13:59.938 [main] DEBUG o.s.core.env.MutablePropertySources - Adding [localProperties] PropertySource with lowest search precedence
10:13:59.938 [main] DEBUG o.s.c.e.PropertySourcesPropertyResolver - Searching for key 'spring.datasource.defaultAutoCommit' in [systemProperties]
10:13:59.938 [main] DEBUG o.s.c.e.PropertySourcesPropertyResolver - Searching for key 'spring.datasource.defaultAutoCommit' in [systemEnvironment]
10:13:59.938 [main] DEBUG o.s.c.e.PropertySourcesPropertyResolver - Searching for key 'spring.datasource.defaultAutoCommit' in [class path resource [config/application.properties]]
10:13:59.938 [main] DEBUG o.s.c.e.PropertySourcesPropertyResolver - Found key 'spring.datasource.defaultAutoCommit' in [class path resource [config/application.properties]] with type [String] and value 'false'
10:13:59.938 [main] DEBUG o.s.core.env.MutablePropertySources - Adding [systemProperties] PropertySource with lowest search precedence
10:13:59.938 [main] DEBUG o.s.core.env.MutablePropertySources - Adding [systemEnvironment] PropertySource with lowest search precedence
10:13:59.938 [main] DEBUG o.s.core.env.MutablePropertySources - Adding [class path resource [config/application.properties]] PropertySource with lowest search precedence
10:13:59.938 [main] DEBUG o.s.core.env.MutablePropertySources - Adding [localProperties] PropertySource with lowest search precedence
10:13:59.938 [main] DEBUG o.s.c.e.PropertySourcesPropertyResolver - Searching for key 'spring.datasource.username' in [systemProperties]
10:13:59.938 [main] DEBUG o.s.c.e.PropertySourcesPropertyResolver - Searching for key 'spring.datasource.username' in [systemEnvironment]
10:13:59.938 [main] DEBUG o.s.c.e.PropertySourcesPropertyResolver - Searching for key 'spring.datasource.username' in [class path resource [config/application.properties]]
10:13:59.938 [main] DEBUG o.s.c.e.PropertySourcesPropertyResolver - Found key 'spring.datasource.username' in [class path resource [config/application.properties]] with type [String] and value 'spring'
10:13:59.938 [main] DEBUG o.s.core.env.MutablePropertySources - Adding [systemProperties] PropertySource with lowest search precedence
10:13:59.938 [main] DEBUG o.s.core.env.MutablePropertySources - Adding [systemEnvironment] PropertySource with lowest search precedence
10:13:59.938 [main] DEBUG o.s.core.env.MutablePropertySources - Adding [class path resource [config/application.properties]] PropertySource with lowest search precedence
10:13:59.938 [main] DEBUG o.s.core.env.MutablePropertySources - Adding [localProperties] PropertySource with lowest search precedence
10:13:59.938 [main] DEBUG o.s.c.e.PropertySourcesPropertyResolver - Searching for key 'app.service.voyager.host' in [systemProperties]
10:13:59.938 [main] DEBUG o.s.c.e.PropertySourcesPropertyResolver - Searching for key 'app.service.voyager.host' in [systemEnvironment]
10:13:59.938 [main] DEBUG o.s.c.e.PropertySourcesPropertyResolver - Searching for key 'app.service.voyager.host' in [class path resource [config/application.properties]]
10:13:59.938 [main] DEBUG o.s.c.e.PropertySourcesPropertyResolver - Found key 'app.service.voyager.host' in [class path resource [config/application.properties]] with type [String] and value 'surprise.tamu.edu'
10:13:59.938 [main] DEBUG o.s.core.env.MutablePropertySources - Adding [systemProperties] PropertySource with lowest search precedence
10:13:59.938 [main] DEBUG o.s.core.env.MutablePropertySources - Adding [systemEnvironment] PropertySource with lowest search precedence
10:13:59.938 [main] DEBUG o.s.core.env.MutablePropertySources - Adding [class path resource [config/application.properties]] PropertySource with lowest search precedence
10:13:59.938 [main] DEBUG o.s.core.env.MutablePropertySources - Adding [localProperties] PropertySource with lowest search precedence
10:13:59.938 [main] DEBUG o.s.c.e.PropertySourcesPropertyResolver - Searching for key 'logging.level.org.springframework' in [systemProperties]
10:13:59.938 [main] DEBUG o.s.c.e.PropertySourcesPropertyResolver - Searching for key 'logging.level.org.springframework' in [systemEnvironment]
10:13:59.938 [main] DEBUG o.s.c.e.PropertySourcesPropertyResolver - Searching for key 'logging.level.org.springframework' in [class path resource [config/application.properties]]
10:13:59.938 [main] DEBUG o.s.c.e.PropertySourcesPropertyResolver - Found key 'logging.level.org.springframework' in [class path resource [config/application.properties]] with type [String] and value 'INFO'
10:13:59.938 [main] DEBUG o.s.core.env.MutablePropertySources - Adding [systemProperties] PropertySource with lowest search precedence
10:13:59.938 [main] DEBUG o.s.core.env.MutablePropertySources - Adding [systemEnvironment] PropertySource with lowest search precedence
10:13:59.938 [main] DEBUG o.s.core.env.MutablePropertySources - Adding [class path resource [config/application.properties]] PropertySource with lowest search precedence
10:13:59.938 [main] DEBUG o.s.core.env.MutablePropertySources - Adding [localProperties] PropertySource with lowest search precedence
10:13:59.938 [main] DEBUG o.s.c.e.PropertySourcesPropertyResolver - Searching for key 'spring.datasource.driverClassName' in [systemProperties]
10:13:59.938 [main] DEBUG o.s.c.e.PropertySourcesPropertyResolver - Searching for key 'spring.datasource.driverClassName' in [systemEnvironment]
10:13:59.938 [main] DEBUG o.s.c.e.PropertySourcesPropertyResolver - Searching for key 'spring.datasource.driverClassName' in [class path resource [config/application.properties]]
10:13:59.938 [main] DEBUG o.s.c.e.PropertySourcesPropertyResolver - Found key 'spring.datasource.driverClassName' in [class path resource [config/application.properties]] with type [String] and value 'org.postgresql.Driver'
10:13:59.938 [main] DEBUG o.s.core.env.MutablePropertySources - Adding [systemProperties] PropertySource with lowest search precedence
10:13:59.938 [main] DEBUG o.s.core.env.MutablePropertySources - Adding [systemEnvironment] PropertySource with lowest search precedence
10:13:59.938 [main] DEBUG o.s.core.env.MutablePropertySources - Adding [class path resource [config/application.properties]] PropertySource with lowest search precedence
10:13:59.938 [main] DEBUG o.s.core.env.MutablePropertySources - Adding [localProperties] PropertySource with lowest search precedence
10:13:59.938 [main] DEBUG o.s.c.e.PropertySourcesPropertyResolver - Searching for key 'app.authority.admins' in [systemProperties]
10:13:59.938 [main] DEBUG o.s.c.e.PropertySourcesPropertyResolver - Searching for key 'app.authority.admins' in [systemEnvironment]
10:13:59.938 [main] DEBUG o.s.c.e.PropertySourcesPropertyResolver - Searching for key 'app.authority.admins' in [class path resource [config/application.properties]]
10:13:59.938 [main] DEBUG o.s.c.e.PropertySourcesPropertyResolver - Found key 'app.authority.admins' in [class path resource [config/application.properties]] with type [String] and value '402001311,613001223,102001721,222004429,709005486,523008230,724001395,123456789'
10:13:59.938 [main] DEBUG o.s.core.env.MutablePropertySources - Adding [systemProperties] PropertySource with lowest search precedence
10:13:59.938 [main] DEBUG o.s.core.env.MutablePropertySources - Adding [systemEnvironment] PropertySource with lowest search precedence
10:13:59.938 [main] DEBUG o.s.core.env.MutablePropertySources - Adding [class path resource [config/application.properties]] PropertySource with lowest search precedence
10:13:59.938 [main] DEBUG o.s.core.env.MutablePropertySources - Adding [localProperties] PropertySource with lowest search precedence
10:13:59.938 [main] DEBUG o.s.c.e.PropertySourcesPropertyResolver - Searching for key 'shib.lastName' in [systemProperties]
10:13:59.938 [main] DEBUG o.s.c.e.PropertySourcesPropertyResolver - Searching for key 'shib.lastName' in [systemEnvironment]
10:13:59.938 [main] DEBUG o.s.c.e.PropertySourcesPropertyResolver - Searching for key 'shib.lastName' in [class path resource [config/application.properties]]
10:13:59.938 [main] DEBUG o.s.c.e.PropertySourcesPropertyResolver - Found key 'shib.lastName' in [class path resource [config/application.properties]] with type [String] and value 'tdl-sn'
10:13:59.938 [main] DEBUG o.s.core.env.MutablePropertySources - Adding [systemProperties] PropertySource with lowest search precedence
10:13:59.938 [main] DEBUG o.s.core.env.MutablePropertySources - Adding [systemEnvironment] PropertySource with lowest search precedence
10:13:59.938 [main] DEBUG o.s.core.env.MutablePropertySources - Adding [class path resource [config/application.properties]] PropertySource with lowest search precedence
10:13:59.938 [main] DEBUG o.s.core.env.MutablePropertySources - Adding [localProperties] PropertySource with lowest search precedence
10:13:59.938 [main] DEBUG o.s.c.e.PropertySourcesPropertyResolver - Searching for key 'app.email.host' in [systemProperties]
10:13:59.938 [main] DEBUG o.s.c.e.PropertySourcesPropertyResolver - Searching for key 'app.email.host' in [systemEnvironment]
10:13:59.938 [main] DEBUG o.s.c.e.PropertySourcesPropertyResolver - Searching for key 'app.email.host' in [class path resource [config/application.properties]]
10:13:59.938 [main] DEBUG o.s.c.e.PropertySourcesPropertyResolver - Found key 'app.email.host' in [class path resource [config/application.properties]] with type [String] and value 'relay.tamu.edu'
10:13:59.938 [main] DEBUG o.s.core.env.MutablePropertySources - Adding [systemProperties] PropertySource with lowest search precedence
10:13:59.939 [main] DEBUG o.s.core.env.MutablePropertySources - Adding [systemEnvironment] PropertySource with lowest search precedence
10:13:59.939 [main] DEBUG o.s.core.env.MutablePropertySources - Adding [class path resource [config/application.properties]] PropertySource with lowest search precedence
10:13:59.939 [main] DEBUG o.s.core.env.MutablePropertySources - Adding [localProperties] PropertySource with lowest search precedence
10:13:59.939 [main] DEBUG o.s.c.e.PropertySourcesPropertyResolver - Searching for key 'server.port' in [systemProperties]
10:13:59.939 [main] DEBUG o.s.c.e.PropertySourcesPropertyResolver - Searching for key 'server.port' in [systemEnvironment]
10:13:59.939 [main] DEBUG o.s.c.e.PropertySourcesPropertyResolver - Searching for key 'server.port' in [class path resource [config/application.properties]]
10:13:59.939 [main] DEBUG o.s.c.e.PropertySourcesPropertyResolver - Found key 'server.port' in [class path resource [config/application.properties]] with type [String] and value '9000'
10:13:59.939 [main] DEBUG o.s.core.env.MutablePropertySources - Adding [systemProperties] PropertySource with lowest search precedence
10:13:59.939 [main] DEBUG o.s.core.env.MutablePropertySources - Adding [systemEnvironment] PropertySource with lowest search precedence
10:13:59.939 [main] DEBUG o.s.core.env.MutablePropertySources - Adding [class path resource [config/application.properties]] PropertySource with lowest search precedence
10:13:59.939 [main] DEBUG o.s.core.env.MutablePropertySources - Adding [localProperties] PropertySource with lowest search precedence
10:13:59.939 [main] DEBUG o.s.c.e.PropertySourcesPropertyResolver - Searching for key 'spring.jpa.hibernate.ddl-auto' in [systemProperties]
10:13:59.939 [main] DEBUG o.s.c.e.PropertySourcesPropertyResolver - Searching for key 'spring.jpa.hibernate.ddl-auto' in [systemEnvironment]
10:13:59.939 [main] DEBUG o.s.c.e.PropertySourcesPropertyResolver - Searching for key 'spring.jpa.hibernate.ddl-auto' in [class path resource [config/application.properties]]
10:13:59.939 [main] DEBUG o.s.c.e.PropertySourcesPropertyResolver - Found key 'spring.jpa.hibernate.ddl-auto' in [class path resource [config/application.properties]] with type [String] and value 'create'
10:13:59.939 [main] DEBUG o.s.core.env.MutablePropertySources - Adding [systemProperties] PropertySource with lowest search precedence
10:13:59.939 [main] DEBUG o.s.core.env.MutablePropertySources - Adding [systemEnvironment] PropertySource with lowest search precedence
10:13:59.939 [main] DEBUG o.s.core.env.MutablePropertySources - Adding [class path resource [config/application.properties]] PropertySource with lowest search precedence
10:13:59.939 [main] DEBUG o.s.core.env.MutablePropertySources - Adding [localProperties] PropertySource with lowest search precedence
10:13:59.939 [main] DEBUG o.s.c.e.PropertySourcesPropertyResolver - Searching for key 'app.security.allow-access' in [systemProperties]
10:13:59.939 [main] DEBUG o.s.c.e.PropertySourcesPropertyResolver - Searching for key 'app.security.allow-access' in [systemEnvironment]
10:13:59.939 [main] DEBUG o.s.c.e.PropertySourcesPropertyResolver - Searching for key 'app.security.allow-access' in [class path resource [config/application.properties]]
10:13:59.939 [main] DEBUG o.s.c.e.PropertySourcesPropertyResolver - Found key 'app.security.allow-access' in [class path resource [config/application.properties]] with type [String] and value 'http://localhost,http://machuff.tamu.edu,http://imacdev.tamu.edu,http://savell.evans.tamu.edu,http://jcreel.tamu.edu'
10:13:59.942 [main] DEBUG o.s.b.f.s.DefaultListableBeanFactory - Returning cached instance of singleton bean 'org.springframework.transaction.config.internalTransactionAdvisor'
10:13:59.942 [main] DEBUG o.s.b.f.s.DefaultListableBeanFactory - Returning cached instance of singleton bean 'org.springframework.transaction.config.internalTransactionAdvisor'
10:13:59.942 [main] DEBUG o.s.s.a.ScheduledAnnotationBeanPostProcessor - No @Scheduled annotations found on bean class: class org.springframework.boot.autoconfigure.web.WebMvcProperties
10:13:59.942 [main] DEBUG o.s.b.f.s.DefaultListableBeanFactory - Finished creating instance of bean 'spring.mvc.CONFIGURATION_PROPERTIES'
10:13:59.942 [main] DEBUG o.s.b.f.a.AutowiredAnnotationBeanPostProcessor - Autowiring by type from bean name 'coreWebMvcConfig' to bean named 'spring.mvc.CONFIGURATION_PROPERTIES'
10:13:59.943 [main] DEBUG o.s.b.f.annotation.InjectionMetadata - Processing injected element of bean 'coreWebMvcConfig': AutowiredFieldElement for private org.springframework.beans.factory.ListableBeanFactory org.springframework.boot.autoconfigure.web.WebMvcAutoConfiguration$WebMvcAutoConfigurationAdapter.beanFactory
10:13:59.943 [main] DEBUG o.s.b.f.a.AutowiredAnnotationBeanPostProcessor - Autowiring by type from bean name 'coreWebMvcConfig' to bean named 'org.springframework.beans.factory.support.DefaultListableBeanFactory@9b3be1c'
10:13:59.943 [main] DEBUG o.s.b.f.annotation.InjectionMetadata - Processing injected element of bean 'coreWebMvcConfig': AutowiredFieldElement for private org.springframework.core.io.ResourceLoader org.springframework.boot.autoconfigure.web.WebMvcAutoConfiguration$WebMvcAutoConfigurationAdapter.resourceLoader
10:13:59.944 [main] DEBUG o.s.b.f.a.AutowiredAnnotationBeanPostProcessor - Autowiring by type from bean name 'coreWebMvcConfig' to bean named 'org.springframework.context.support.GenericApplicationContext@3e03046d'
10:13:59.944 [main] DEBUG o.s.b.f.annotation.InjectionMetadata - Processing injected element of bean 'coreWebMvcConfig': AutowiredFieldElement for private org.springframework.boot.autoconfigure.web.HttpMessageConverters org.springframework.boot.autoconfigure.web.WebMvcAutoConfiguration$WebMvcAutoConfigurationAdapter.messageConverters
10:13:59.945 [main] DEBUG o.s.b.f.s.DefaultListableBeanFactory - Creating shared instance of singleton bean 'messageConverters'
10:13:59.945 [main] DEBUG o.s.b.f.s.DefaultListableBeanFactory - Creating instance of bean 'messageConverters'
10:13:59.945 [main] DEBUG o.s.b.f.s.DefaultListableBeanFactory - Returning cached instance of singleton bean 'org.springframework.transaction.config.internalTransactionAdvisor'
10:13:59.945 [main] DEBUG o.s.b.f.s.DefaultListableBeanFactory - Creating shared instance of singleton bean 'org.springframework.boot.autoconfigure.web.HttpMessageConvertersAutoConfiguration'
10:13:59.945 [main] DEBUG o.s.b.f.s.DefaultListableBeanFactory - Creating instance of bean 'org.springframework.boot.autoconfigure.web.HttpMessageConvertersAutoConfiguration'
10:13:59.945 [main] DEBUG o.s.b.f.s.DefaultListableBeanFactory - Returning cached instance of singleton bean 'org.springframework.transaction.config.internalTransactionAdvisor'
10:13:59.945 [main] DEBUG o.s.b.f.annotation.InjectionMetadata - Registered injected element on class [org.springframework.boot.autoconfigure.web.HttpMessageConvertersAutoConfiguration$$EnhancerBySpringCGLIB$$dcdf0616]: AutowiredFieldElement for private final java.util.List org.springframework.boot.autoconfigure.web.HttpMessageConvertersAutoConfiguration.converters
10:13:59.945 [main] DEBUG o.s.b.f.s.DefaultListableBeanFactory - Eagerly caching bean 'org.springframework.boot.autoconfigure.web.HttpMessageConvertersAutoConfiguration' to allow for resolving potential circular references
10:13:59.945 [main] DEBUG o.s.b.f.annotation.InjectionMetadata - Processing injected element of bean 'org.springframework.boot.autoconfigure.web.HttpMessageConvertersAutoConfiguration': AutowiredFieldElement for private final java.util.List org.springframework.boot.autoconfigure.web.HttpMessageConvertersAutoConfiguration.converters
10:13:59.946 [main] DEBUG o.s.b.f.s.DefaultListableBeanFactory - Creating shared instance of singleton bean 'jackson2Converter'
10:13:59.946 [main] DEBUG o.s.b.f.s.DefaultListableBeanFactory - Creating instance of bean 'jackson2Converter'
10:13:59.946 [main] DEBUG o.s.b.f.s.DefaultListableBeanFactory - Returning cached instance of singleton bean 'org.springframework.transaction.config.internalTransactionAdvisor'
10:13:59.946 [main] DEBUG o.s.b.f.s.DefaultListableBeanFactory - Creating shared instance of singleton bean 'appConfig'
10:13:59.946 [main] DEBUG o.s.b.f.s.DefaultListableBeanFactory - Creating instance of bean 'appConfig'
10:13:59.946 [main] DEBUG o.s.b.f.s.DefaultListableBeanFactory - Returning cached instance of singleton bean 'org.springframework.transaction.config.internalTransactionAdvisor'
10:13:59.947 [main] DEBUG o.s.b.f.s.DefaultListableBeanFactory - Eagerly caching bean 'appConfig' to allow for resolving potential circular references
10:13:59.947 [main] DEBUG o.s.b.f.s.DefaultListableBeanFactory - Returning cached instance of singleton bean 'org.springframework.transaction.config.internalTransactionAdvisor'
10:13:59.947 [main] DEBUG o.s.b.f.s.DefaultListableBeanFactory - Returning cached instance of singleton bean 'org.springframework.transaction.config.internalTransactionAdvisor'
10:13:59.950 [main] DEBUG o.s.s.a.ScheduledAnnotationBeanPostProcessor - No @Scheduled annotations found on bean class: class edu.tamu.app.config.AppConfig$$EnhancerBySpringCGLIB$$cc52f1e0
10:13:59.950 [main] DEBUG o.s.b.f.s.DefaultListableBeanFactory - Finished creating instance of bean 'appConfig'
10:13:59.951 [main] DEBUG o.s.b.f.s.DefaultListableBeanFactory - Creating shared instance of singleton bean 'objectMapper'
10:13:59.951 [main] DEBUG o.s.b.f.s.DefaultListableBeanFactory - Creating instance of bean 'objectMapper'
10:13:59.951 [main] DEBUG o.s.b.f.s.DefaultListableBeanFactory - Returning cached instance of singleton bean 'org.springframework.transaction.config.internalTransactionAdvisor'
10:13:59.951 [main] DEBUG o.s.b.f.s.DefaultListableBeanFactory - Returning cached instance of singleton bean 'appConfig'
10:13:59.951 [main] DEBUG o.s.b.f.s.DefaultListableBeanFactory - Eagerly caching bean 'objectMapper' to allow for resolving potential circular references
10:13:59.952 [main] DEBUG o.s.b.f.s.DefaultListableBeanFactory - Returning cached instance of singleton bean 'org.springframework.transaction.config.internalTransactionAdvisor'
10:13:59.952 [main] DEBUG o.s.b.f.s.DefaultListableBeanFactory - Returning cached instance of singleton bean 'org.springframework.transaction.config.internalTransactionAdvisor'
10:13:59.969 [main] DEBUG o.s.s.a.ScheduledAnnotationBeanPostProcessor - No @Scheduled annotations found on bean class: class com.fasterxml.jackson.databind.ObjectMapper
10:13:59.969 [main] DEBUG o.s.b.f.s.DefaultListableBeanFactory - Finished creating instance of bean 'objectMapper'
10:13:59.970 [main] DEBUG o.s.b.f.s.DefaultListableBeanFactory - Eagerly caching bean 'jackson2Converter' to allow for resolving potential circular references
10:13:59.970 [main] DEBUG o.s.b.f.s.DefaultListableBeanFactory - Returning cached instance of singleton bean 'org.springframework.transaction.config.internalTransactionAdvisor'
10:13:59.970 [main] DEBUG o.s.b.f.s.DefaultListableBeanFactory - Returning cached instance of singleton bean 'org.springframework.transaction.config.internalTransactionAdvisor'
10:13:59.977 [main] DEBUG o.s.s.a.ScheduledAnnotationBeanPostProcessor - No @Scheduled annotations found on bean class: class org.springframework.http.converter.json.MappingJackson2HttpMessageConverter
10:13:59.977 [main] DEBUG o.s.b.f.s.DefaultListableBeanFactory - Finished creating instance of bean 'jackson2Converter'
10:13:59.977 [main] DEBUG o.s.b.f.s.DefaultListableBeanFactory - Creating shared instance of singleton bean 'stringHttpMessageConverter'
10:13:59.977 [main] DEBUG o.s.b.f.s.DefaultListableBeanFactory - Creating instance of bean 'stringHttpMessageConverter'
10:13:59.978 [main] DEBUG o.s.b.f.s.DefaultListableBeanFactory - Returning cached instance of singleton bean 'org.springframework.transaction.config.internalTransactionAdvisor'
10:13:59.978 [main] DEBUG o.s.b.f.s.DefaultListableBeanFactory - Creating shared instance of singleton bean 'org.springframework.boot.autoconfigure.web.HttpMessageConvertersAutoConfiguration$StringHttpMessageConverterConfiguration'
10:13:59.978 [main] DEBUG o.s.b.f.s.DefaultListableBeanFactory - Creating instance of bean 'org.springframework.boot.autoconfigure.web.HttpMessageConvertersAutoConfiguration$StringHttpMessageConverterConfiguration'
10:13:59.978 [main] DEBUG o.s.b.f.s.DefaultListableBeanFactory - Returning cached instance of singleton bean 'org.springframework.transaction.config.internalTransactionAdvisor'
10:13:59.978 [main] DEBUG o.s.b.f.annotation.InjectionMetadata - Registered injected element on class [org.springframework.boot.autoconfigure.web.HttpMessageConvertersAutoConfiguration$StringHttpMessageConverterConfiguration$$EnhancerBySpringCGLIB$$f7e83cb6]: AutowiredFieldElement for private org.springframework.boot.autoconfigure.web.HttpEncodingProperties org.springframework.boot.autoconfigure.web.HttpMessageConvertersAutoConfiguration$StringHttpMessageConverterConfiguration.encodingProperties
10:13:59.978 [main] DEBUG o.s.b.f.s.DefaultListableBeanFactory - Eagerly caching bean 'org.springframework.boot.autoconfigure.web.HttpMessageConvertersAutoConfiguration$StringHttpMessageConverterConfiguration' to allow for resolving potential circular references
10:13:59.978 [main] DEBUG o.s.b.f.annotation.InjectionMetadata - Processing injected element of bean 'org.springframework.boot.autoconfigure.web.HttpMessageConvertersAutoConfiguration$StringHttpMessageConverterConfiguration': AutowiredFieldElement for private org.springframework.boot.autoconfigure.web.HttpEncodingProperties org.springframework.boot.autoconfigure.web.HttpMessageConvertersAutoConfiguration$StringHttpMessageConverterConfiguration.encodingProperties
10:13:59.979 [main] DEBUG o.s.b.f.s.DefaultListableBeanFactory - Creating shared instance of singleton bean 'spring.http.encoding.CONFIGURATION_PROPERTIES'
10:13:59.979 [main] DEBUG o.s.b.f.s.DefaultListableBeanFactory - Creating instance of bean 'spring.http.encoding.CONFIGURATION_PROPERTIES'
10:13:59.979 [main] DEBUG o.s.b.f.s.DefaultListableBeanFactory - Returning cached instance of singleton bean 'org.springframework.transaction.config.internalTransactionAdvisor'
10:13:59.979 [main] DEBUG o.s.b.f.s.DefaultListableBeanFactory - Eagerly caching bean 'spring.http.encoding.CONFIGURATION_PROPERTIES' to allow for resolving potential circular references
10:13:59.980 [main] DEBUG o.s.core.env.MutablePropertySources - Adding [systemProperties] PropertySource with lowest search precedence
10:13:59.980 [main] DEBUG o.s.core.env.MutablePropertySources - Adding [systemEnvironment] PropertySource with lowest search precedence
10:13:59.980 [main] DEBUG o.s.core.env.MutablePropertySources - Adding [class path resource [config/application.properties]] PropertySource with lowest search precedence
10:13:59.980 [main] DEBUG o.s.core.env.MutablePropertySources - Adding [localProperties] PropertySource with lowest search precedence
10:13:59.980 [main] DEBUG o.s.core.env.MutablePropertySources - Adding [systemProperties] PropertySource with lowest search precedence
10:13:59.980 [main] DEBUG o.s.core.env.MutablePropertySources - Adding [systemEnvironment] PropertySource with lowest search precedence
10:13:59.980 [main] DEBUG o.s.core.env.MutablePropertySources - Adding [class path resource [config/application.properties]] PropertySource with lowest search precedence
10:13:59.980 [main] DEBUG o.s.core.env.MutablePropertySources - Adding [localProperties] PropertySource with lowest search precedence
10:13:59.980 [main] DEBUG o.s.c.e.PropertySourcesPropertyResolver - Searching for key 'app.security.jwt.secret_key' in [systemProperties]
10:13:59.980 [main] DEBUG o.s.c.e.PropertySourcesPropertyResolver - Searching for key 'app.security.jwt.secret_key' in [systemEnvironment]
10:13:59.980 [main] DEBUG o.s.c.e.PropertySourcesPropertyResolver - Searching for key 'app.security.jwt.secret_key' in [class path resource [config/application.properties]]
10:13:59.980 [main] DEBUG o.s.c.e.PropertySourcesPropertyResolver - Found key 'app.security.jwt.secret_key' in [class path resource [config/application.properties]] with type [String] and value 'verysecretsecret'
10:13:59.980 [main] DEBUG o.s.core.env.MutablePropertySources - Adding [systemProperties] PropertySource with lowest search precedence
10:13:59.980 [main] DEBUG o.s.core.env.MutablePropertySources - Adding [systemEnvironment] PropertySource with lowest search precedence
10:13:59.980 [main] DEBUG o.s.core.env.MutablePropertySources - Adding [class path resource [config/application.properties]] PropertySource with lowest search precedence
10:13:59.980 [main] DEBUG o.s.core.env.MutablePropertySources - Adding [localProperties] PropertySource with lowest search precedence
10:13:59.980 [main] DEBUG o.s.c.e.PropertySourcesPropertyResolver - Searching for key 'app.whitelist' in [systemProperties]
10:13:59.980 [main] DEBUG o.s.c.e.PropertySourcesPropertyResolver - Searching for key 'app.whitelist' in [systemEnvironment]
10:13:59.980 [main] DEBUG o.s.c.e.PropertySourcesPropertyResolver - Searching for key 'app.whitelist' in [class path resource [config/application.properties]]
10:13:59.980 [main] DEBUG o.s.c.e.PropertySourcesPropertyResolver - Found key 'app.whitelist' in [class path resource [config/application.properties]] with type [String] and value '127.0.0.1'
10:13:59.980 [main] DEBUG o.s.core.env.MutablePropertySources - Adding [systemProperties] PropertySource with lowest search precedence
10:13:59.980 [main] DEBUG o.s.core.env.MutablePropertySources - Adding [systemEnvironment] PropertySource with lowest search precedence
10:13:59.980 [main] DEBUG o.s.core.env.MutablePropertySources - Adding [class path resource [config/application.properties]] PropertySource with lowest search precedence
10:13:59.980 [main] DEBUG o.s.core.env.MutablePropertySources - Adding [localProperties] PropertySource with lowest search precedence
10:13:59.980 [main] DEBUG o.s.c.e.PropertySourcesPropertyResolver - Searching for key 'app.email.address' in [systemProperties]
10:13:59.981 [main] DEBUG o.s.c.e.PropertySourcesPropertyResolver - Searching for key 'app.email.address' in [systemEnvironment]
10:13:59.981 [main] DEBUG o.s.c.e.PropertySourcesPropertyResolver - Searching for key 'app.email.address' in [class path resource [config/application.properties]]
10:13:59.981 [main] DEBUG o.s.c.e.PropertySourcesPropertyResolver - Found key 'app.email.address' in [class path resource [config/application.properties]] with type [String] and value 'dhahn@library.tamu.edu'
10:13:59.981 [main] DEBUG o.s.core.env.MutablePropertySources - Adding [systemProperties] PropertySource with lowest search precedence
10:13:59.981 [main] DEBUG o.s.core.env.MutablePropertySources - Adding [systemEnvironment] PropertySource with lowest search precedence
10:13:59.981 [main] DEBUG o.s.core.env.MutablePropertySources - Adding [class path resource [config/application.properties]] PropertySource with lowest search precedence
10:13:59.981 [main] DEBUG o.s.core.env.MutablePropertySources - Adding [localProperties] PropertySource with lowest search precedence
10:13:59.981 [main] DEBUG o.s.c.e.PropertySourcesPropertyResolver - Searching for key 'app.service.voyager.app' in [systemProperties]
10:13:59.981 [main] DEBUG o.s.c.e.PropertySourcesPropertyResolver - Searching for key 'app.service.voyager.app' in [systemEnvironment]
10:13:59.981 [main] DEBUG o.s.c.e.PropertySourcesPropertyResolver - Searching for key 'app.service.voyager.app' in [class path resource [config/application.properties]]
10:13:59.981 [main] DEBUG o.s.c.e.PropertySourcesPropertyResolver - Found key 'app.service.voyager.app' in [class path resource [config/application.properties]] with type [String] and value 'vxws'
10:13:59.981 [main] DEBUG o.s.core.env.MutablePropertySources - Adding [systemProperties] PropertySource with lowest search precedence
10:13:59.981 [main] DEBUG o.s.core.env.MutablePropertySources - Adding [systemEnvironment] PropertySource with lowest search precedence
10:13:59.981 [main] DEBUG o.s.core.env.MutablePropertySources - Adding [class path resource [config/application.properties]] PropertySource with lowest search precedence
10:13:59.981 [main] DEBUG o.s.core.env.MutablePropertySources - Adding [localProperties] PropertySource with lowest search precedence
10:13:59.981 [main] DEBUG o.s.c.e.PropertySourcesPropertyResolver - Searching for key 'spring.datasource.test-on-borrow' in [systemProperties]
10:13:59.981 [main] DEBUG o.s.c.e.PropertySourcesPropertyResolver - Searching for key 'spring.datasource.test-on-borrow' in [systemEnvironment]
10:13:59.981 [main] DEBUG o.s.c.e.PropertySourcesPropertyResolver - Searching for key 'spring.datasource.test-on-borrow' in [class path resource [config/application.properties]]
10:13:59.981 [main] DEBUG o.s.c.e.PropertySourcesPropertyResolver - Found key 'spring.datasource.test-on-borrow' in [class path resource [config/application.properties]] with type [String] and value 'true'
10:13:59.981 [main] DEBUG o.s.core.env.MutablePropertySources - Adding [systemProperties] PropertySource with lowest search precedence
10:13:59.981 [main] DEBUG o.s.core.env.MutablePropertySources - Adding [systemEnvironment] PropertySource with lowest search precedence
10:13:59.981 [main] DEBUG o.s.core.env.MutablePropertySources - Adding [class path resource [config/application.properties]] PropertySource with lowest search precedence
10:13:59.981 [main] DEBUG o.s.core.env.MutablePropertySources - Adding [localProperties] PropertySource with lowest search precedence
10:13:59.981 [main] DEBUG o.s.c.e.PropertySourcesPropertyResolver - Searching for key 'shib.email' in [systemProperties]
10:13:59.981 [main] DEBUG o.s.c.e.PropertySourcesPropertyResolver - Searching for key 'shib.email' in [systemEnvironment]
10:13:59.981 [main] DEBUG o.s.c.e.PropertySourcesPropertyResolver - Searching for key 'shib.email' in [class path resource [config/application.properties]]
10:13:59.981 [main] DEBUG o.s.c.e.PropertySourcesPropertyResolver - Found key 'shib.email' in [class path resource [config/application.properties]] with type [String] and value 'tdl-mail'
10:13:59.981 [main] DEBUG o.s.core.env.MutablePropertySources - Adding [systemProperties] PropertySource with lowest search precedence
10:13:59.981 [main] DEBUG o.s.core.env.MutablePropertySources - Adding [systemEnvironment] PropertySource with lowest search precedence
10:13:59.981 [main] DEBUG o.s.core.env.MutablePropertySources - Adding [class path resource [config/application.properties]] PropertySource with lowest search precedence
10:13:59.981 [main] DEBUG o.s.core.env.MutablePropertySources - Adding [localProperties] PropertySource with lowest search precedence
10:13:59.981 [main] DEBUG o.s.c.e.PropertySourcesPropertyResolver - Searching for key 'spring.datasource.url' in [systemProperties]
10:13:59.981 [main] DEBUG o.s.c.e.PropertySourcesPropertyResolver - Searching for key 'spring.datasource.url' in [systemEnvironment]
10:13:59.981 [main] DEBUG o.s.c.e.PropertySourcesPropertyResolver - Searching for key 'spring.datasource.url' in [class path resource [config/application.properties]]
10:13:59.981 [main] DEBUG o.s.c.e.PropertySourcesPropertyResolver - Found key 'spring.datasource.url' in [class path resource [config/application.properties]] with type [String] and value 'jdbc:postgresql://localhost:5432/spring_seed'
10:13:59.981 [main] DEBUG o.s.core.env.MutablePropertySources - Adding [systemProperties] PropertySource with lowest search precedence
10:13:59.981 [main] DEBUG o.s.core.env.MutablePropertySources - Adding [systemEnvironment] PropertySource with lowest search precedence
10:13:59.981 [main] DEBUG o.s.core.env.MutablePropertySources - Adding [class path resource [config/application.properties]] PropertySource with lowest search precedence
10:13:59.981 [main] DEBUG o.s.core.env.MutablePropertySources - Adding [localProperties] PropertySource with lowest search precedence
10:13:59.981 [main] DEBUG o.s.c.e.PropertySourcesPropertyResolver - Searching for key 'shib.netid' in [systemProperties]
10:13:59.981 [main] DEBUG o.s.c.e.PropertySourcesPropertyResolver - Searching for key 'shib.netid' in [systemEnvironment]
10:13:59.981 [main] DEBUG o.s.c.e.PropertySourcesPropertyResolver - Searching for key 'shib.netid' in [class path resource [config/application.properties]]
10:13:59.981 [main] DEBUG o.s.c.e.PropertySourcesPropertyResolver - Found key 'shib.netid' in [class path resource [config/application.properties]] with type [String] and value 'edupersonprincipalnameunscoped'
10:13:59.981 [main] DEBUG o.s.core.env.MutablePropertySources - Adding [systemProperties] PropertySource with lowest search precedence
10:13:59.981 [main] DEBUG o.s.core.env.MutablePropertySources - Adding [systemEnvironment] PropertySource with lowest search precedence
10:13:59.981 [main] DEBUG o.s.core.env.MutablePropertySources - Adding [class path resource [config/application.properties]] PropertySource with lowest search precedence
10:13:59.981 [main] DEBUG o.s.core.env.MutablePropertySources - Adding [localProperties] PropertySource with lowest search precedence
10:13:59.981 [main] DEBUG o.s.c.e.PropertySourcesPropertyResolver - Searching for key 'shib.keys' in [systemProperties]
10:13:59.981 [main] DEBUG o.s.c.e.PropertySourcesPropertyResolver - Searching for key 'shib.keys' in [systemEnvironment]
10:13:59.981 [main] DEBUG o.s.c.e.PropertySourcesPropertyResolver - Searching for key 'shib.keys' in [class path resource [config/application.properties]]
10:13:59.981 [main] DEBUG o.s.c.e.PropertySourcesPropertyResolver - Found key 'shib.keys' in [class path resource [config/application.properties]] with type [String] and value 'netid,uin,lastName,firstName,email'
10:13:59.981 [main] DEBUG o.s.core.env.MutablePropertySources - Adding [systemProperties] PropertySource with lowest search precedence
10:13:59.981 [main] DEBUG o.s.core.env.MutablePropertySources - Adding [systemEnvironment] PropertySource with lowest search precedence
10:13:59.981 [main] DEBUG o.s.core.env.MutablePropertySources - Adding [class path resource [config/application.properties]] PropertySource with lowest search precedence
10:13:59.981 [main] DEBUG o.s.core.env.MutablePropertySources - Adding [localProperties] PropertySource with lowest search precedence
10:13:59.981 [main] DEBUG o.s.c.e.PropertySourcesPropertyResolver - Searching for key 'spring.datasource.password' in [systemProperties]
10:13:59.981 [main] DEBUG o.s.c.e.PropertySourcesPropertyResolver - Searching for key 'spring.datasource.password' in [systemEnvironment]
10:13:59.981 [main] DEBUG o.s.c.e.PropertySourcesPropertyResolver - Searching for key 'spring.datasource.password' in [class path resource [config/application.properties]]
10:13:59.981 [main] DEBUG o.s.c.e.PropertySourcesPropertyResolver - Found key 'spring.datasource.password' in [class path resource [config/application.properties]] with type [String] and value 'spring'
10:13:59.981 [main] DEBUG o.s.core.env.MutablePropertySources - Adding [systemProperties] PropertySource with lowest search precedence
10:13:59.981 [main] DEBUG o.s.core.env.MutablePropertySources - Adding [systemEnvironment] PropertySource with lowest search precedence
10:13:59.981 [main] DEBUG o.s.core.env.MutablePropertySources - Adding [class path resource [config/application.properties]] PropertySource with lowest search precedence
10:13:59.981 [main] DEBUG o.s.core.env.MutablePropertySources - Adding [localProperties] PropertySource with lowest search precedence
10:13:59.981 [main] DEBUG o.s.c.e.PropertySourcesPropertyResolver - Searching for key 'spring.jpa.database-platform' in [systemProperties]
10:13:59.981 [main] DEBUG o.s.c.e.PropertySourcesPropertyResolver - Searching for key 'spring.jpa.database-platform' in [systemEnvironment]
10:13:59.981 [main] DEBUG o.s.c.e.PropertySourcesPropertyResolver - Searching for key 'spring.jpa.database-platform' in [class path resource [config/application.properties]]
10:13:59.981 [main] DEBUG o.s.c.e.PropertySourcesPropertyResolver - Found key 'spring.jpa.database-platform' in [class path resource [config/application.properties]] with type [String] and value 'org.hibernate.dialect.PostgreSQLDialect'
10:13:59.981 [main] DEBUG o.s.core.env.MutablePropertySources - Adding [systemProperties] PropertySource with lowest search precedence
10:13:59.981 [main] DEBUG o.s.core.env.MutablePropertySources - Adding [systemEnvironment] PropertySource with lowest search precedence
10:13:59.981 [main] DEBUG o.s.core.env.MutablePropertySources - Adding [class path resource [config/application.properties]] PropertySource with lowest search precedence
10:13:59.981 [main] DEBUG o.s.core.env.MutablePropertySources - Adding [localProperties] PropertySource with lowest search precedence
10:13:59.981 [main] DEBUG o.s.c.e.PropertySourcesPropertyResolver - Searching for key 'spring.jpa.show_sql' in [systemProperties]
10:13:59.981 [main] DEBUG o.s.c.e.PropertySourcesPropertyResolver - Searching for key 'spring.jpa.show_sql' in [systemEnvironment]
10:13:59.981 [main] DEBUG o.s.c.e.PropertySourcesPropertyResolver - Searching for key 'spring.jpa.show_sql' in [class path resource [config/application.properties]]
10:13:59.981 [main] DEBUG o.s.c.e.PropertySourcesPropertyResolver - Found key 'spring.jpa.show_sql' in [class path resource [config/application.properties]] with type [String] and value 'false'
10:13:59.981 [main] DEBUG o.s.core.env.MutablePropertySources - Adding [systemProperties] PropertySource with lowest search precedence
10:13:59.981 [main] DEBUG o.s.core.env.MutablePropertySources - Adding [systemEnvironment] PropertySource with lowest search precedence
10:13:59.981 [main] DEBUG o.s.core.env.MutablePropertySources - Adding [class path resource [config/application.properties]] PropertySource with lowest search precedence
10:13:59.981 [main] DEBUG o.s.core.env.MutablePropertySources - Adding [localProperties] PropertySource with lowest search precedence
10:13:59.981 [main] DEBUG o.s.c.e.PropertySourcesPropertyResolver - Searching for key 'app.service.voyager.ports' in [systemProperties]
10:13:59.982 [main] DEBUG o.s.c.e.PropertySourcesPropertyResolver - Searching for key 'app.service.voyager.ports' in [systemEnvironment]
10:13:59.982 [main] DEBUG o.s.c.e.PropertySourcesPropertyResolver - Searching for key 'app.service.voyager.ports' in [class path resource [config/application.properties]]
10:13:59.982 [main] DEBUG o.s.c.e.PropertySourcesPropertyResolver - Found key 'app.service.voyager.ports' in [class path resource [config/application.properties]] with type [String] and value '7014,7414'
10:13:59.982 [main] DEBUG o.s.core.env.MutablePropertySources - Adding [systemProperties] PropertySource with lowest search precedence
10:13:59.982 [main] DEBUG o.s.core.env.MutablePropertySources - Adding [systemEnvironment] PropertySource with lowest search precedence
10:13:59.982 [main] DEBUG o.s.core.env.MutablePropertySources - Adding [class path resource [config/application.properties]] PropertySource with lowest search precedence
10:13:59.982 [main] DEBUG o.s.core.env.MutablePropertySources - Adding [localProperties] PropertySource with lowest search precedence
10:13:59.982 [main] DEBUG o.s.c.e.PropertySourcesPropertyResolver - Searching for key 'spring.datasource.validation-query' in [systemProperties]
10:13:59.982 [main] DEBUG o.s.c.e.PropertySourcesPropertyResolver - Searching for key 'spring.datasource.validation-query' in [systemEnvironment]
10:13:59.982 [main] DEBUG o.s.c.e.PropertySourcesPropertyResolver - Searching for key 'spring.datasource.validation-query' in [class path resource [config/application.properties]]
10:13:59.982 [main] DEBUG o.s.c.e.PropertySourcesPropertyResolver - Found key 'spring.datasource.validation-query' in [class path resource [config/application.properties]] with type [String] and value 'select version();'
10:13:59.982 [main] DEBUG o.s.core.env.MutablePropertySources - Adding [systemProperties] PropertySource with lowest search precedence
10:13:59.982 [main] DEBUG o.s.core.env.MutablePropertySources - Adding [systemEnvironment] PropertySource with lowest search precedence
10:13:59.982 [main] DEBUG o.s.core.env.MutablePropertySources - Adding [class path resource [config/application.properties]] PropertySource with lowest search precedence
10:13:59.982 [main] DEBUG o.s.core.env.MutablePropertySources - Adding [localProperties] PropertySource with lowest search precedence
10:13:59.982 [main] DEBUG o.s.c.e.PropertySourcesPropertyResolver - Searching for key 'shib.firstName' in [systemProperties]
10:13:59.982 [main] DEBUG o.s.c.e.PropertySourcesPropertyResolver - Searching for key 'shib.firstName' in [systemEnvironment]
10:13:59.982 [main] DEBUG o.s.c.e.PropertySourcesPropertyResolver - Searching for key 'shib.firstName' in [class path resource [config/application.properties]]
10:13:59.982 [main] DEBUG o.s.c.e.PropertySourcesPropertyResolver - Found key 'shib.firstName' in [class path resource [config/application.properties]] with type [String] and value 'tdl-givenname'
10:13:59.982 [main] DEBUG o.s.core.env.MutablePropertySources - Adding [systemProperties] PropertySource with lowest search precedence
10:13:59.982 [main] DEBUG o.s.core.env.MutablePropertySources - Adding [systemEnvironment] PropertySource with lowest search precedence
10:13:59.982 [main] DEBUG o.s.core.env.MutablePropertySources - Adding [class path resource [config/application.properties]] PropertySource with lowest search precedence
10:13:59.982 [main] DEBUG o.s.core.env.MutablePropertySources - Adding [localProperties] PropertySource with lowest search precedence
10:13:59.982 [main] DEBUG o.s.c.e.PropertySourcesPropertyResolver - Searching for key 'shib.uin' in [systemProperties]
10:13:59.982 [main] DEBUG o.s.c.e.PropertySourcesPropertyResolver - Searching for key 'shib.uin' in [systemEnvironment]
10:13:59.982 [main] DEBUG o.s.c.e.PropertySourcesPropertyResolver - Searching for key 'shib.uin' in [class path resource [config/application.properties]]
10:13:59.982 [main] DEBUG o.s.c.e.PropertySourcesPropertyResolver - Found key 'shib.uin' in [class path resource [config/application.properties]] with type [String] and value 'tamuuin'
10:13:59.982 [main] DEBUG o.s.core.env.MutablePropertySources - Adding [systemProperties] PropertySource with lowest search precedence
10:13:59.982 [main] DEBUG o.s.core.env.MutablePropertySources - Adding [systemEnvironment] PropertySource with lowest search precedence
10:13:59.982 [main] DEBUG o.s.core.env.MutablePropertySources - Adding [class path resource [config/application.properties]] PropertySource with lowest search precedence
10:13:59.982 [main] DEBUG o.s.core.env.MutablePropertySources - Adding [localProperties] PropertySource with lowest search precedence
10:13:59.982 [main] DEBUG o.s.c.e.PropertySourcesPropertyResolver - Searching for key 'spring.datasource.defaultAutoCommit' in [systemProperties]
10:13:59.982 [main] DEBUG o.s.c.e.PropertySourcesPropertyResolver - Searching for key 'spring.datasource.defaultAutoCommit' in [systemEnvironment]
10:13:59.982 [main] DEBUG o.s.c.e.PropertySourcesPropertyResolver - Searching for key 'spring.datasource.defaultAutoCommit' in [class path resource [config/application.properties]]
10:13:59.982 [main] DEBUG o.s.c.e.PropertySourcesPropertyResolver - Found key 'spring.datasource.defaultAutoCommit' in [class path resource [config/application.properties]] with type [String] and value 'false'
10:13:59.982 [main] DEBUG o.s.core.env.MutablePropertySources - Adding [systemProperties] PropertySource with lowest search precedence
10:13:59.982 [main] DEBUG o.s.core.env.MutablePropertySources - Adding [systemEnvironment] PropertySource with lowest search precedence
10:13:59.982 [main] DEBUG o.s.core.env.MutablePropertySources - Adding [class path resource [config/application.properties]] PropertySource with lowest search precedence
10:13:59.982 [main] DEBUG o.s.core.env.MutablePropertySources - Adding [localProperties] PropertySource with lowest search precedence
10:13:59.982 [main] DEBUG o.s.c.e.PropertySourcesPropertyResolver - Searching for key 'spring.datasource.username' in [systemProperties]
10:13:59.982 [main] DEBUG o.s.c.e.PropertySourcesPropertyResolver - Searching for key 'spring.datasource.username' in [systemEnvironment]
10:13:59.982 [main] DEBUG o.s.c.e.PropertySourcesPropertyResolver - Searching for key 'spring.datasource.username' in [class path resource [config/application.properties]]
10:13:59.982 [main] DEBUG o.s.c.e.PropertySourcesPropertyResolver - Found key 'spring.datasource.username' in [class path resource [config/application.properties]] with type [String] and value 'spring'
10:13:59.982 [main] DEBUG o.s.core.env.MutablePropertySources - Adding [systemProperties] PropertySource with lowest search precedence
10:13:59.982 [main] DEBUG o.s.core.env.MutablePropertySources - Adding [systemEnvironment] PropertySource with lowest search precedence
10:13:59.982 [main] DEBUG o.s.core.env.MutablePropertySources - Adding [class path resource [config/application.properties]] PropertySource with lowest search precedence
10:13:59.982 [main] DEBUG o.s.core.env.MutablePropertySources - Adding [localProperties] PropertySource with lowest search precedence
10:13:59.982 [main] DEBUG o.s.c.e.PropertySourcesPropertyResolver - Searching for key 'app.service.voyager.host' in [systemProperties]
10:13:59.982 [main] DEBUG o.s.c.e.PropertySourcesPropertyResolver - Searching for key 'app.service.voyager.host' in [systemEnvironment]
10:13:59.982 [main] DEBUG o.s.c.e.PropertySourcesPropertyResolver - Searching for key 'app.service.voyager.host' in [class path resource [config/application.properties]]
10:13:59.982 [main] DEBUG o.s.c.e.PropertySourcesPropertyResolver - Found key 'app.service.voyager.host' in [class path resource [config/application.properties]] with type [String] and value 'surprise.tamu.edu'
10:13:59.982 [main] DEBUG o.s.core.env.MutablePropertySources - Adding [systemProperties] PropertySource with lowest search precedence
10:13:59.982 [main] DEBUG o.s.core.env.MutablePropertySources - Adding [systemEnvironment] PropertySource with lowest search precedence
10:13:59.982 [main] DEBUG o.s.core.env.MutablePropertySources - Adding [class path resource [config/application.properties]] PropertySource with lowest search precedence
10:13:59.982 [main] DEBUG o.s.core.env.MutablePropertySources - Adding [localProperties] PropertySource with lowest search precedence
10:13:59.982 [main] DEBUG o.s.c.e.PropertySourcesPropertyResolver - Searching for key 'logging.level.org.springframework' in [systemProperties]
10:13:59.982 [main] DEBUG o.s.c.e.PropertySourcesPropertyResolver - Searching for key 'logging.level.org.springframework' in [systemEnvironment]
10:13:59.982 [main] DEBUG o.s.c.e.PropertySourcesPropertyResolver - Searching for key 'logging.level.org.springframework' in [class path resource [config/application.properties]]
10:13:59.982 [main] DEBUG o.s.c.e.PropertySourcesPropertyResolver - Found key 'logging.level.org.springframework' in [class path resource [config/application.properties]] with type [String] and value 'INFO'
10:13:59.982 [main] DEBUG o.s.core.env.MutablePropertySources - Adding [systemProperties] PropertySource with lowest search precedence
10:13:59.982 [main] DEBUG o.s.core.env.MutablePropertySources - Adding [systemEnvironment] PropertySource with lowest search precedence
10:13:59.982 [main] DEBUG o.s.core.env.MutablePropertySources - Adding [class path resource [config/application.properties]] PropertySource with lowest search precedence
10:13:59.982 [main] DEBUG o.s.core.env.MutablePropertySources - Adding [localProperties] PropertySource with lowest search precedence
10:13:59.982 [main] DEBUG o.s.c.e.PropertySourcesPropertyResolver - Searching for key 'spring.datasource.driverClassName' in [systemProperties]
10:13:59.982 [main] DEBUG o.s.c.e.PropertySourcesPropertyResolver - Searching for key 'spring.datasource.driverClassName' in [systemEnvironment]
10:13:59.982 [main] DEBUG o.s.c.e.PropertySourcesPropertyResolver - Searching for key 'spring.datasource.driverClassName' in [class path resource [config/application.properties]]
10:13:59.982 [main] DEBUG o.s.c.e.PropertySourcesPropertyResolver - Found key 'spring.datasource.driverClassName' in [class path resource [config/application.properties]] with type [String] and value 'org.postgresql.Driver'
10:13:59.982 [main] DEBUG o.s.core.env.MutablePropertySources - Adding [systemProperties] PropertySource with lowest search precedence
10:13:59.982 [main] DEBUG o.s.core.env.MutablePropertySources - Adding [systemEnvironment] PropertySource with lowest search precedence
10:13:59.982 [main] DEBUG o.s.core.env.MutablePropertySources - Adding [class path resource [config/application.properties]] PropertySource with lowest search precedence
10:13:59.982 [main] DEBUG o.s.core.env.MutablePropertySources - Adding [localProperties] PropertySource with lowest search precedence
10:13:59.982 [main] DEBUG o.s.c.e.PropertySourcesPropertyResolver - Searching for key 'app.authority.admins' in [systemProperties]
10:13:59.982 [main] DEBUG o.s.c.e.PropertySourcesPropertyResolver - Searching for key 'app.authority.admins' in [systemEnvironment]
10:13:59.982 [main] DEBUG o.s.c.e.PropertySourcesPropertyResolver - Searching for key 'app.authority.admins' in [class path resource [config/application.properties]]
10:13:59.982 [main] DEBUG o.s.c.e.PropertySourcesPropertyResolver - Found key 'app.authority.admins' in [class path resource [config/application.properties]] with type [String] and value '402001311,613001223,102001721,222004429,709005486,523008230,724001395,123456789'
10:13:59.982 [main] DEBUG o.s.core.env.MutablePropertySources - Adding [systemProperties] PropertySource with lowest search precedence
10:13:59.982 [main] DEBUG o.s.core.env.MutablePropertySources - Adding [systemEnvironment] PropertySource with lowest search precedence
10:13:59.982 [main] DEBUG o.s.core.env.MutablePropertySources - Adding [class path resource [config/application.properties]] PropertySource with lowest search precedence
10:13:59.982 [main] DEBUG o.s.core.env.MutablePropertySources - Adding [localProperties] PropertySource with lowest search precedence
10:13:59.982 [main] DEBUG o.s.c.e.PropertySourcesPropertyResolver - Searching for key 'shib.lastName' in [systemProperties]
10:13:59.982 [main] DEBUG o.s.c.e.PropertySourcesPropertyResolver - Searching for key 'shib.lastName' in [systemEnvironment]
10:13:59.982 [main] DEBUG o.s.c.e.PropertySourcesPropertyResolver - Searching for key 'shib.lastName' in [class path resource [config/application.properties]]
10:13:59.982 [main] DEBUG o.s.c.e.PropertySourcesPropertyResolver - Found key 'shib.lastName' in [class path resource [config/application.properties]] with type [String] and value 'tdl-sn'
10:13:59.982 [main] DEBUG o.s.core.env.MutablePropertySources - Adding [systemProperties] PropertySource with lowest search precedence
10:13:59.983 [main] DEBUG o.s.core.env.MutablePropertySources - Adding [systemEnvironment] PropertySource with lowest search precedence
10:13:59.983 [main] DEBUG o.s.core.env.MutablePropertySources - Adding [class path resource [config/application.properties]] PropertySource with lowest search precedence
10:13:59.983 [main] DEBUG o.s.core.env.MutablePropertySources - Adding [localProperties] PropertySource with lowest search precedence
10:13:59.983 [main] DEBUG o.s.c.e.PropertySourcesPropertyResolver - Searching for key 'app.email.host' in [systemProperties]
10:13:59.983 [main] DEBUG o.s.c.e.PropertySourcesPropertyResolver - Searching for key 'app.email.host' in [systemEnvironment]
10:13:59.983 [main] DEBUG o.s.c.e.PropertySourcesPropertyResolver - Searching for key 'app.email.host' in [class path resource [config/application.properties]]
10:13:59.983 [main] DEBUG o.s.c.e.PropertySourcesPropertyResolver - Found key 'app.email.host' in [class path resource [config/application.properties]] with type [String] and value 'relay.tamu.edu'
10:13:59.983 [main] DEBUG o.s.core.env.MutablePropertySources - Adding [systemProperties] PropertySource with lowest search precedence
10:13:59.983 [main] DEBUG o.s.core.env.MutablePropertySources - Adding [systemEnvironment] PropertySource with lowest search precedence
10:13:59.983 [main] DEBUG o.s.core.env.MutablePropertySources - Adding [class path resource [config/application.properties]] PropertySource with lowest search precedence
10:13:59.983 [main] DEBUG o.s.core.env.MutablePropertySources - Adding [localProperties] PropertySource with lowest search precedence
10:13:59.983 [main] DEBUG o.s.c.e.PropertySourcesPropertyResolver - Searching for key 'server.port' in [systemProperties]
10:13:59.983 [main] DEBUG o.s.c.e.PropertySourcesPropertyResolver - Searching for key 'server.port' in [systemEnvironment]
10:13:59.983 [main] DEBUG o.s.c.e.PropertySourcesPropertyResolver - Searching for key 'server.port' in [class path resource [config/application.properties]]
10:13:59.983 [main] DEBUG o.s.c.e.PropertySourcesPropertyResolver - Found key 'server.port' in [class path resource [config/application.properties]] with type [String] and value '9000'
10:13:59.983 [main] DEBUG o.s.core.env.MutablePropertySources - Adding [systemProperties] PropertySource with lowest search precedence
10:13:59.983 [main] DEBUG o.s.core.env.MutablePropertySources - Adding [systemEnvironment] PropertySource with lowest search precedence
10:13:59.983 [main] DEBUG o.s.core.env.MutablePropertySources - Adding [class path resource [config/application.properties]] PropertySource with lowest search precedence
10:13:59.983 [main] DEBUG o.s.core.env.MutablePropertySources - Adding [localProperties] PropertySource with lowest search precedence
10:13:59.983 [main] DEBUG o.s.c.e.PropertySourcesPropertyResolver - Searching for key 'spring.jpa.hibernate.ddl-auto' in [systemProperties]
10:13:59.983 [main] DEBUG o.s.c.e.PropertySourcesPropertyResolver - Searching for key 'spring.jpa.hibernate.ddl-auto' in [systemEnvironment]
10:13:59.983 [main] DEBUG o.s.c.e.PropertySourcesPropertyResolver - Searching for key 'spring.jpa.hibernate.ddl-auto' in [class path resource [config/application.properties]]
10:13:59.983 [main] DEBUG o.s.c.e.PropertySourcesPropertyResolver - Found key 'spring.jpa.hibernate.ddl-auto' in [class path resource [config/application.properties]] with type [String] and value 'create'
10:13:59.983 [main] DEBUG o.s.core.env.MutablePropertySources - Adding [systemProperties] PropertySource with lowest search precedence
10:13:59.983 [main] DEBUG o.s.core.env.MutablePropertySources - Adding [systemEnvironment] PropertySource with lowest search precedence
10:13:59.983 [main] DEBUG o.s.core.env.MutablePropertySources - Adding [class path resource [config/application.properties]] PropertySource with lowest search precedence
10:13:59.983 [main] DEBUG o.s.core.env.MutablePropertySources - Adding [localProperties] PropertySource with lowest search precedence
10:13:59.983 [main] DEBUG o.s.c.e.PropertySourcesPropertyResolver - Searching for key 'app.security.allow-access' in [systemProperties]
10:13:59.983 [main] DEBUG o.s.c.e.PropertySourcesPropertyResolver - Searching for key 'app.security.allow-access' in [systemEnvironment]
10:13:59.983 [main] DEBUG o.s.c.e.PropertySourcesPropertyResolver - Searching for key 'app.security.allow-access' in [class path resource [config/application.properties]]
10:13:59.983 [main] DEBUG o.s.c.e.PropertySourcesPropertyResolver - Found key 'app.security.allow-access' in [class path resource [config/application.properties]] with type [String] and value 'http://localhost,http://machuff.tamu.edu,http://imacdev.tamu.edu,http://savell.evans.tamu.edu,http://jcreel.tamu.edu'
10:13:59.986 [main] DEBUG o.s.b.f.s.DefaultListableBeanFactory - Returning cached instance of singleton bean 'org.springframework.transaction.config.internalTransactionAdvisor'
10:13:59.986 [main] DEBUG o.s.b.f.s.DefaultListableBeanFactory - Returning cached instance of singleton bean 'org.springframework.transaction.config.internalTransactionAdvisor'
10:13:59.986 [main] DEBUG o.s.s.a.ScheduledAnnotationBeanPostProcessor - No @Scheduled annotations found on bean class: class org.springframework.boot.autoconfigure.web.HttpEncodingProperties
10:13:59.986 [main] DEBUG o.s.b.f.s.DefaultListableBeanFactory - Finished creating instance of bean 'spring.http.encoding.CONFIGURATION_PROPERTIES'
10:13:59.986 [main] DEBUG o.s.b.f.a.AutowiredAnnotationBeanPostProcessor - Autowiring by type from bean name 'org.springframework.boot.autoconfigure.web.HttpMessageConvertersAutoConfiguration$StringHttpMessageConverterConfiguration' to bean named 'spring.http.encoding.CONFIGURATION_PROPERTIES'
10:13:59.986 [main] DEBUG o.s.b.f.s.DefaultListableBeanFactory - Returning cached instance of singleton bean 'org.springframework.transaction.config.internalTransactionAdvisor'
10:13:59.986 [main] DEBUG o.s.b.f.s.DefaultListableBeanFactory - Returning cached instance of singleton bean 'org.springframework.transaction.config.internalTransactionAdvisor'
10:13:59.987 [main] DEBUG o.s.s.a.ScheduledAnnotationBeanPostProcessor - No @Scheduled annotations found on bean class: class org.springframework.boot.autoconfigure.web.HttpMessageConvertersAutoConfiguration$StringHttpMessageConverterConfiguration$$EnhancerBySpringCGLIB$$f7e83cb6
10:13:59.987 [main] DEBUG o.s.b.f.s.DefaultListableBeanFactory - Finished creating instance of bean 'org.springframework.boot.autoconfigure.web.HttpMessageConvertersAutoConfiguration$StringHttpMessageConverterConfiguration'
10:13:59.988 [main] DEBUG o.s.b.f.s.DefaultListableBeanFactory - Eagerly caching bean 'stringHttpMessageConverter' to allow for resolving potential circular references
10:13:59.989 [main] DEBUG o.s.b.f.s.DefaultListableBeanFactory - Returning cached instance of singleton bean 'org.springframework.transaction.config.internalTransactionAdvisor'
10:13:59.989 [main] DEBUG o.s.b.f.s.DefaultListableBeanFactory - Returning cached instance of singleton bean 'org.springframework.transaction.config.internalTransactionAdvisor'
10:13:59.992 [main] DEBUG o.s.s.a.ScheduledAnnotationBeanPostProcessor - No @Scheduled annotations found on bean class: class org.springframework.http.converter.StringHttpMessageConverter
10:13:59.992 [main] DEBUG o.s.b.f.s.DefaultListableBeanFactory - Finished creating instance of bean 'stringHttpMessageConverter'
10:13:59.992 [main] DEBUG o.s.b.f.a.AutowiredAnnotationBeanPostProcessor - Autowiring by type from bean name 'org.springframework.boot.autoconfigure.web.HttpMessageConvertersAutoConfiguration' to bean named 'jackson2Converter'
10:13:59.992 [main] DEBUG o.s.b.f.a.AutowiredAnnotationBeanPostProcessor - Autowiring by type from bean name 'org.springframework.boot.autoconfigure.web.HttpMessageConvertersAutoConfiguration' to bean named 'stringHttpMessageConverter'
10:13:59.992 [main] DEBUG o.s.b.f.s.DefaultListableBeanFactory - Returning cached instance of singleton bean 'org.springframework.transaction.config.internalTransactionAdvisor'
10:13:59.992 [main] DEBUG o.s.b.f.s.DefaultListableBeanFactory - Returning cached instance of singleton bean 'org.springframework.transaction.config.internalTransactionAdvisor'
10:13:59.993 [main] DEBUG o.s.s.a.ScheduledAnnotationBeanPostProcessor - No @Scheduled annotations found on bean class: class org.springframework.boot.autoconfigure.web.HttpMessageConvertersAutoConfiguration$$EnhancerBySpringCGLIB$$dcdf0616
10:13:59.994 [main] DEBUG o.s.b.f.s.DefaultListableBeanFactory - Finished creating instance of bean 'org.springframework.boot.autoconfigure.web.HttpMessageConvertersAutoConfiguration'
10:13:59.996 [main] DEBUG o.s.b.f.s.DefaultListableBeanFactory - Eagerly caching bean 'messageConverters' to allow for resolving potential circular references
10:13:59.996 [main] DEBUG o.s.b.f.s.DefaultListableBeanFactory - Returning cached instance of singleton bean 'org.springframework.transaction.config.internalTransactionAdvisor'
10:13:59.996 [main] DEBUG o.s.b.f.s.DefaultListableBeanFactory - Returning cached instance of singleton bean 'org.springframework.transaction.config.internalTransactionAdvisor'
10:13:59.997 [main] DEBUG o.s.s.a.ScheduledAnnotationBeanPostProcessor - No @Scheduled annotations found on bean class: class org.springframework.boot.autoconfigure.web.HttpMessageConverters
10:13:59.997 [main] DEBUG o.s.b.f.s.DefaultListableBeanFactory - Finished creating instance of bean 'messageConverters'
10:13:59.997 [main] DEBUG o.s.b.f.a.AutowiredAnnotationBeanPostProcessor - Autowiring by type from bean name 'coreWebMvcConfig' to bean named 'messageConverters'
10:13:59.997 [main] DEBUG o.s.b.f.annotation.InjectionMetadata - Processing injected element of bean 'coreWebMvcConfig': AutowiredFieldElement for private org.springframework.core.env.Environment edu.tamu.framework.config.CoreWebMvcConfig.env
10:13:59.998 [main] DEBUG o.s.b.f.s.DefaultListableBeanFactory - Returning cached instance of singleton bean 'environment'
10:13:59.998 [main] DEBUG o.s.b.f.a.AutowiredAnnotationBeanPostProcessor - Autowiring by type from bean name 'coreWebMvcConfig' to bean named 'environment'
10:13:59.998 [main] DEBUG o.s.b.f.s.DefaultListableBeanFactory - Returning cached instance of singleton bean 'org.springframework.transaction.config.internalTransactionAdvisor'
10:13:59.998 [main] DEBUG o.s.b.f.s.DefaultListableBeanFactory - Returning cached instance of singleton bean 'org.springframework.transaction.config.internalTransactionAdvisor'
10:14:00.001 [main] DEBUG o.s.s.a.ScheduledAnnotationBeanPostProcessor - No @Scheduled annotations found on bean class: class edu.tamu.framework.config.CoreWebMvcConfig$$EnhancerBySpringCGLIB$$f912643d
10:14:00.001 [main] DEBUG o.s.b.f.s.DefaultListableBeanFactory - Finished creating instance of bean 'coreWebMvcConfig'
10:14:00.001 [main] DEBUG o.s.b.f.s.DefaultListableBeanFactory - Returning cached instance of singleton bean 'appConfig'
10:14:00.001 [main] DEBUG o.s.b.f.s.DefaultListableBeanFactory - Creating shared instance of singleton bean 'appWebMvcConfig'
10:14:00.001 [main] DEBUG o.s.b.f.s.DefaultListableBeanFactory - Creating instance of bean 'appWebMvcConfig'
10:14:00.001 [main] DEBUG o.s.b.f.s.DefaultListableBeanFactory - Returning cached instance of singleton bean 'org.springframework.transaction.config.internalTransactionAdvisor'
10:14:00.002 [main] DEBUG o.s.b.f.annotation.InjectionMetadata - Registered injected element on class [edu.tamu.app.config.AppWebMvcConfig$$EnhancerBySpringCGLIB$$6a39926]: AutowiredFieldElement for private java.lang.String org.springframework.boot.autoconfigure.web.WebMvcAutoConfiguration$WebMvcAutoConfigurationAdapter.prefix
10:14:00.002 [main] DEBUG o.s.b.f.annotation.InjectionMetadata - Registered injected element on class [edu.tamu.app.config.AppWebMvcConfig$$EnhancerBySpringCGLIB$$6a39926]: AutowiredFieldElement for private java.lang.String org.springframework.boot.autoconfigure.web.WebMvcAutoConfiguration$WebMvcAutoConfigurationAdapter.suffix
10:14:00.002 [main] DEBUG o.s.b.f.annotation.InjectionMetadata - Registered injected element on class [edu.tamu.app.config.AppWebMvcConfig$$EnhancerBySpringCGLIB$$6a39926]: AutowiredFieldElement for private org.springframework.boot.autoconfigure.web.ResourceProperties org.springframework.boot.autoconfigure.web.WebMvcAutoConfiguration$WebMvcAutoConfigurationAdapter.resourceProperties
10:14:00.002 [main] DEBUG o.s.b.f.annotation.InjectionMetadata - Registered injected element on class [edu.tamu.app.config.AppWebMvcConfig$$EnhancerBySpringCGLIB$$6a39926]: AutowiredFieldElement for private org.springframework.boot.autoconfigure.web.WebMvcProperties org.springframework.boot.autoconfigure.web.WebMvcAutoConfiguration$WebMvcAutoConfigurationAdapter.mvcProperties
10:14:00.003 [main] DEBUG o.s.b.f.annotation.InjectionMetadata - Registered injected element on class [edu.tamu.app.config.AppWebMvcConfig$$EnhancerBySpringCGLIB$$6a39926]: AutowiredFieldElement for private org.springframework.beans.factory.ListableBeanFactory org.springframework.boot.autoconfigure.web.WebMvcAutoConfiguration$WebMvcAutoConfigurationAdapter.beanFactory
10:14:00.003 [main] DEBUG o.s.b.f.annotation.InjectionMetadata - Registered injected element on class [edu.tamu.app.config.AppWebMvcConfig$$EnhancerBySpringCGLIB$$6a39926]: AutowiredFieldElement for private org.springframework.core.io.ResourceLoader org.springframework.boot.autoconfigure.web.WebMvcAutoConfiguration$WebMvcAutoConfigurationAdapter.resourceLoader
10:14:00.003 [main] DEBUG o.s.b.f.annotation.InjectionMetadata - Registered injected element on class [edu.tamu.app.config.AppWebMvcConfig$$EnhancerBySpringCGLIB$$6a39926]: AutowiredFieldElement for private org.springframework.boot.autoconfigure.web.HttpMessageConverters org.springframework.boot.autoconfigure.web.WebMvcAutoConfiguration$WebMvcAutoConfigurationAdapter.messageConverters
10:14:00.003 [main] DEBUG o.s.b.f.annotation.InjectionMetadata - Registered injected element on class [edu.tamu.app.config.AppWebMvcConfig$$EnhancerBySpringCGLIB$$6a39926]: AutowiredFieldElement for private org.springframework.core.env.Environment edu.tamu.framework.config.CoreWebMvcConfig.env
10:14:00.003 [main] DEBUG o.s.b.f.annotation.InjectionMetadata - Registered injected element on class [edu.tamu.app.config.AppWebMvcConfig$$EnhancerBySpringCGLIB$$6a39926]: AutowiredFieldElement for private org.springframework.core.env.Environment edu.tamu.app.config.AppWebMvcConfig.env
10:14:00.003 [main] DEBUG o.s.b.f.s.DefaultListableBeanFactory - Eagerly caching bean 'appWebMvcConfig' to allow for resolving potential circular references
10:14:00.003 [main] DEBUG o.s.b.f.annotation.InjectionMetadata - Processing injected element of bean 'appWebMvcConfig': AutowiredFieldElement for private java.lang.String org.springframework.boot.autoconfigure.web.WebMvcAutoConfiguration$WebMvcAutoConfigurationAdapter.prefix
10:14:00.003 [main] DEBUG o.s.c.e.PropertySourcesPropertyResolver - Searching for key 'spring.view.prefix:' in [environmentProperties]
10:14:00.003 [main] DEBUG o.s.c.e.PropertySourcesPropertyResolver - Searching for key 'spring.view.prefix:' in [systemProperties]
10:14:00.003 [main] DEBUG o.s.c.e.PropertySourcesPropertyResolver - Searching for key 'spring.view.prefix:' in [systemEnvironment]
10:14:00.003 [main] DEBUG o.s.c.e.PropertySourcesPropertyResolver - Searching for key 'spring.view.prefix:' in [class path resource [config/application.properties]]
10:14:00.003 [main] DEBUG o.s.c.e.PropertySourcesPropertyResolver - Could not find key 'spring.view.prefix:' in any property source. Returning [null]
10:14:00.003 [main] DEBUG o.s.c.e.PropertySourcesPropertyResolver - Searching for key 'spring.view.prefix:' in [localProperties]
10:14:00.003 [main] DEBUG o.s.c.e.PropertySourcesPropertyResolver - Could not find key 'spring.view.prefix:' in any property source. Returning [null]
10:14:00.003 [main] DEBUG o.s.c.e.PropertySourcesPropertyResolver - Searching for key 'spring.view.prefix' in [environmentProperties]
10:14:00.003 [main] DEBUG o.s.c.e.PropertySourcesPropertyResolver - Searching for key 'spring.view.prefix' in [systemProperties]
10:14:00.003 [main] DEBUG o.s.c.e.PropertySourcesPropertyResolver - Searching for key 'spring.view.prefix' in [systemEnvironment]
10:14:00.003 [main] DEBUG o.s.c.e.PropertySourcesPropertyResolver - Searching for key 'spring.view.prefix' in [class path resource [config/application.properties]]
10:14:00.003 [main] DEBUG o.s.c.e.PropertySourcesPropertyResolver - Could not find key 'spring.view.prefix' in any property source. Returning [null]
10:14:00.003 [main] DEBUG o.s.c.e.PropertySourcesPropertyResolver - Searching for key 'spring.view.prefix' in [localProperties]
10:14:00.004 [main] DEBUG o.s.c.e.PropertySourcesPropertyResolver - Could not find key 'spring.view.prefix' in any property source. Returning [null]
10:14:00.004 [main] DEBUG o.s.b.f.annotation.InjectionMetadata - Processing injected element of bean 'appWebMvcConfig': AutowiredFieldElement for private java.lang.String org.springframework.boot.autoconfigure.web.WebMvcAutoConfiguration$WebMvcAutoConfigurationAdapter.suffix
10:14:00.004 [main] DEBUG o.s.c.e.PropertySourcesPropertyResolver - Searching for key 'spring.view.suffix:' in [environmentProperties]
10:14:00.004 [main] DEBUG o.s.c.e.PropertySourcesPropertyResolver - Searching for key 'spring.view.suffix:' in [systemProperties]
10:14:00.004 [main] DEBUG o.s.c.e.PropertySourcesPropertyResolver - Searching for key 'spring.view.suffix:' in [systemEnvironment]
10:14:00.004 [main] DEBUG o.s.c.e.PropertySourcesPropertyResolver - Searching for key 'spring.view.suffix:' in [class path resource [config/application.properties]]
10:14:00.004 [main] DEBUG o.s.c.e.PropertySourcesPropertyResolver - Could not find key 'spring.view.suffix:' in any property source. Returning [null]
10:14:00.004 [main] DEBUG o.s.c.e.PropertySourcesPropertyResolver - Searching for key 'spring.view.suffix:' in [localProperties]
10:14:00.004 [main] DEBUG o.s.c.e.PropertySourcesPropertyResolver - Could not find key 'spring.view.suffix:' in any property source. Returning [null]
10:14:00.004 [main] DEBUG o.s.c.e.PropertySourcesPropertyResolver - Searching for key 'spring.view.suffix' in [environmentProperties]
10:14:00.004 [main] DEBUG o.s.c.e.PropertySourcesPropertyResolver - Searching for key 'spring.view.suffix' in [systemProperties]
10:14:00.004 [main] DEBUG o.s.c.e.PropertySourcesPropertyResolver - Searching for key 'spring.view.suffix' in [systemEnvironment]
10:14:00.004 [main] DEBUG o.s.c.e.PropertySourcesPropertyResolver - Searching for key 'spring.view.suffix' in [class path resource [config/application.properties]]
10:14:00.004 [main] DEBUG o.s.c.e.PropertySourcesPropertyResolver - Could not find key 'spring.view.suffix' in any property source. Returning [null]
10:14:00.004 [main] DEBUG o.s.c.e.PropertySourcesPropertyResolver - Searching for key 'spring.view.suffix' in [localProperties]
10:14:00.004 [main] DEBUG o.s.c.e.PropertySourcesPropertyResolver - Could not find key 'spring.view.suffix' in any property source. Returning [null]
10:14:00.004 [main] DEBUG o.s.b.f.annotation.InjectionMetadata - Processing injected element of bean 'appWebMvcConfig': AutowiredFieldElement for private org.springframework.boot.autoconfigure.web.ResourceProperties org.springframework.boot.autoconfigure.web.WebMvcAutoConfiguration$WebMvcAutoConfigurationAdapter.resourceProperties
10:14:00.004 [main] DEBUG o.s.b.f.s.DefaultListableBeanFactory - Returning cached instance of singleton bean 'spring.resources.CONFIGURATION_PROPERTIES'
10:14:00.004 [main] DEBUG o.s.b.f.a.AutowiredAnnotationBeanPostProcessor - Autowiring by type from bean name 'appWebMvcConfig' to bean named 'spring.resources.CONFIGURATION_PROPERTIES'
10:14:00.004 [main] DEBUG o.s.b.f.annotation.InjectionMetadata - Processing injected element of bean 'appWebMvcConfig': AutowiredFieldElement for private org.springframework.boot.autoconfigure.web.WebMvcProperties org.springframework.boot.autoconfigure.web.WebMvcAutoConfiguration$WebMvcAutoConfigurationAdapter.mvcProperties
10:14:00.004 [main] DEBUG o.s.b.f.s.DefaultListableBeanFactory - Returning cached instance of singleton bean 'spring.mvc.CONFIGURATION_PROPERTIES'
10:14:00.004 [main] DEBUG o.s.b.f.a.AutowiredAnnotationBeanPostProcessor - Autowiring by type from bean name 'appWebMvcConfig' to bean named 'spring.mvc.CONFIGURATION_PROPERTIES'
10:14:00.004 [main] DEBUG o.s.b.f.annotation.InjectionMetadata - Processing injected element of bean 'appWebMvcConfig': AutowiredFieldElement for private org.springframework.beans.factory.ListableBeanFactory org.springframework.boot.autoconfigure.web.WebMvcAutoConfiguration$WebMvcAutoConfigurationAdapter.beanFactory
10:14:00.004 [main] DEBUG o.s.b.f.a.AutowiredAnnotationBeanPostProcessor - Autowiring by type from bean name 'appWebMvcConfig' to bean named 'org.springframework.beans.factory.support.DefaultListableBeanFactory@9b3be1c'
10:14:00.004 [main] DEBUG o.s.b.f.annotation.InjectionMetadata - Processing injected element of bean 'appWebMvcConfig': AutowiredFieldElement for private org.springframework.core.io.ResourceLoader org.springframework.boot.autoconfigure.web.WebMvcAutoConfiguration$WebMvcAutoConfigurationAdapter.resourceLoader
10:14:00.004 [main] DEBUG o.s.b.f.a.AutowiredAnnotationBeanPostProcessor - Autowiring by type from bean name 'appWebMvcConfig' to bean named 'org.springframework.context.support.GenericApplicationContext@3e03046d'
10:14:00.004 [main] DEBUG o.s.b.f.annotation.InjectionMetadata - Processing injected element of bean 'appWebMvcConfig': AutowiredFieldElement for private org.springframework.boot.autoconfigure.web.HttpMessageConverters org.springframework.boot.autoconfigure.web.WebMvcAutoConfiguration$WebMvcAutoConfigurationAdapter.messageConverters
10:14:00.004 [main] DEBUG o.s.b.f.s.DefaultListableBeanFactory - Returning cached instance of singleton bean 'messageConverters'
10:14:00.004 [main] DEBUG o.s.b.f.a.AutowiredAnnotationBeanPostProcessor - Autowiring by type from bean name 'appWebMvcConfig' to bean named 'messageConverters'
10:14:00.004 [main] DEBUG o.s.b.f.annotation.InjectionMetadata - Processing injected element of bean 'appWebMvcConfig': AutowiredFieldElement for private org.springframework.core.env.Environment edu.tamu.framework.config.CoreWebMvcConfig.env
10:14:00.004 [main] DEBUG o.s.b.f.s.DefaultListableBeanFactory - Returning cached instance of singleton bean 'environment'
10:14:00.004 [main] DEBUG o.s.b.f.a.AutowiredAnnotationBeanPostProcessor - Autowiring by type from bean name 'appWebMvcConfig' to bean named 'environment'
10:14:00.004 [main] DEBUG o.s.b.f.annotation.InjectionMetadata - Processing injected element of bean 'appWebMvcConfig': AutowiredFieldElement for private org.springframework.core.env.Environment edu.tamu.app.config.AppWebMvcConfig.env
10:14:00.005 [main] DEBUG o.s.b.f.s.DefaultListableBeanFactory - Returning cached instance of singleton bean 'environment'
10:14:00.005 [main] DEBUG o.s.b.f.a.AutowiredAnnotationBeanPostProcessor - Autowiring by type from bean name 'appWebMvcConfig' to bean named 'environment'
10:14:00.005 [main] DEBUG o.s.b.f.s.DefaultListableBeanFactory - Returning cached instance of singleton bean 'org.springframework.transaction.config.internalTransactionAdvisor'
10:14:00.005 [main] DEBUG o.s.b.f.s.DefaultListableBeanFactory - Returning cached instance of singleton bean 'org.springframework.transaction.config.internalTransactionAdvisor'
10:14:00.007 [main] DEBUG o.s.s.a.ScheduledAnnotationBeanPostProcessor - No @Scheduled annotations found on bean class: class edu.tamu.app.config.AppWebMvcConfig$$EnhancerBySpringCGLIB$$6a39926
10:14:00.007 [main] DEBUG o.s.b.f.s.DefaultListableBeanFactory - Finished creating instance of bean 'appWebMvcConfig'
10:14:00.012 [main] DEBUG o.s.b.f.s.DefaultListableBeanFactory - Creating shared instance of singleton bean 'org.springframework.security.config.annotation.web.servlet.configuration.WebMvcSecurityConfiguration'
10:14:00.012 [main] DEBUG o.s.b.f.s.DefaultListableBeanFactory - Creating instance of bean 'org.springframework.security.config.annotation.web.servlet.configuration.WebMvcSecurityConfiguration'
10:14:00.012 [main] DEBUG o.s.b.f.s.DefaultListableBeanFactory - Returning cached instance of singleton bean 'org.springframework.transaction.config.internalTransactionAdvisor'
10:14:00.012 [main] DEBUG o.s.b.f.s.DefaultListableBeanFactory - Eagerly caching bean 'org.springframework.security.config.annotation.web.servlet.configuration.WebMvcSecurityConfiguration' to allow for resolving potential circular references
10:14:00.013 [main] DEBUG o.s.b.f.s.DefaultListableBeanFactory - Returning cached instance of singleton bean 'org.springframework.transaction.config.internalTransactionAdvisor'
10:14:00.013 [main] DEBUG o.s.b.f.s.DefaultListableBeanFactory - Returning cached instance of singleton bean 'org.springframework.transaction.config.internalTransactionAdvisor'
10:14:00.014 [main] DEBUG o.s.s.a.ScheduledAnnotationBeanPostProcessor - No @Scheduled annotations found on bean class: class org.springframework.security.config.annotation.web.servlet.configuration.WebMvcSecurityConfiguration$$EnhancerBySpringCGLIB$$343e81b6
10:14:00.014 [main] DEBUG o.s.b.f.s.DefaultListableBeanFactory - Finished creating instance of bean 'org.springframework.security.config.annotation.web.servlet.configuration.WebMvcSecurityConfiguration'
10:14:00.014 [main] DEBUG o.s.b.f.a.AutowiredAnnotationBeanPostProcessor - Autowiring by type from bean name 'org.springframework.boot.autoconfigure.web.WebMvcAutoConfiguration$EnableWebMvcConfiguration' to bean named 'coreWebAppConfig'
10:14:00.014 [main] DEBUG o.s.b.f.a.AutowiredAnnotationBeanPostProcessor - Autowiring by type from bean name 'org.springframework.boot.autoconfigure.web.WebMvcAutoConfiguration$EnableWebMvcConfiguration' to bean named 'coreWebMvcConfig'
10:14:00.014 [main] DEBUG o.s.b.f.a.AutowiredAnnotationBeanPostProcessor - Autowiring by type from bean name 'org.springframework.boot.autoconfigure.web.WebMvcAutoConfiguration$EnableWebMvcConfiguration' to bean named 'appConfig'
10:14:00.014 [main] DEBUG o.s.b.f.a.AutowiredAnnotationBeanPostProcessor - Autowiring by type from bean name 'org.springframework.boot.autoconfigure.web.WebMvcAutoConfiguration$EnableWebMvcConfiguration' to bean named 'appWebMvcConfig'
10:14:00.014 [main] DEBUG o.s.b.f.a.AutowiredAnnotationBeanPostProcessor - Autowiring by type from bean name 'org.springframework.boot.autoconfigure.web.WebMvcAutoConfiguration$EnableWebMvcConfiguration' to bean named 'org.springframework.security.config.annotation.web.servlet.configuration.WebMvcSecurityConfiguration'
10:14:00.014 [main] DEBUG o.s.b.f.annotation.InjectionMetadata - Processing injected element of bean 'org.springframework.boot.autoconfigure.web.WebMvcAutoConfiguration$EnableWebMvcConfiguration': AutowiredFieldElement for private org.springframework.boot.autoconfigure.web.WebMvcProperties org.springframework.boot.autoconfigure.web.WebMvcAutoConfiguration$EnableWebMvcConfiguration.mvcProperties
10:14:00.014 [main] DEBUG o.s.b.f.s.DefaultListableBeanFactory - Returning cached instance of singleton bean 'spring.mvc.CONFIGURATION_PROPERTIES'
10:14:00.014 [main] DEBUG o.s.b.f.a.AutowiredAnnotationBeanPostProcessor - Autowiring by type from bean name 'org.springframework.boot.autoconfigure.web.WebMvcAutoConfiguration$EnableWebMvcConfiguration' to bean named 'spring.mvc.CONFIGURATION_PROPERTIES'
10:14:00.015 [main] DEBUG o.s.b.f.s.DefaultListableBeanFactory - Returning cached instance of singleton bean 'org.springframework.transaction.config.internalTransactionAdvisor'
10:14:00.015 [main] DEBUG o.s.b.f.s.DefaultListableBeanFactory - Returning cached instance of singleton bean 'org.springframework.transaction.config.internalTransactionAdvisor'
10:14:00.018 [main] DEBUG o.s.s.a.ScheduledAnnotationBeanPostProcessor - No @Scheduled annotations found on bean class: class org.springframework.boot.autoconfigure.web.WebMvcAutoConfiguration$EnableWebMvcConfiguration$$EnhancerBySpringCGLIB$$a721489f
10:14:00.018 [main] DEBUG o.s.b.f.s.DefaultListableBeanFactory - Finished creating instance of bean 'org.springframework.boot.autoconfigure.web.WebMvcAutoConfiguration$EnableWebMvcConfiguration'
10:14:00.018 [main] DEBUG o.s.b.f.s.DefaultListableBeanFactory - Eagerly caching bean 'mvcContentNegotiationManager' to allow for resolving potential circular references
10:14:00.018 [main] DEBUG o.s.b.f.s.DefaultListableBeanFactory - Returning cached instance of singleton bean 'org.springframework.transaction.config.internalTransactionAdvisor'
10:14:00.018 [main] DEBUG o.s.b.f.s.DefaultListableBeanFactory - Returning cached instance of singleton bean 'org.springframework.transaction.config.internalTransactionAdvisor'
10:14:00.019 [main] DEBUG o.s.s.a.ScheduledAnnotationBeanPostProcessor - No @Scheduled annotations found on bean class: class org.springframework.web.accept.ContentNegotiationManager
10:14:00.019 [main] DEBUG o.s.b.f.s.DefaultListableBeanFactory - Finished creating instance of bean 'mvcContentNegotiationManager'
10:14:00.019 [main] DEBUG o.s.b.f.a.AutowiredAnnotationBeanPostProcessor - Autowiring by type from bean name 'coreSecurityConfig' to bean named 'mvcContentNegotiationManager'
10:14:00.019 [main] DEBUG o.s.b.f.annotation.InjectionMetadata - Processing injected element of bean 'coreSecurityConfig': AutowiredMethodElement for public void org.springframework.security.config.annotation.web.configuration.WebSecurityConfigurerAdapter.setAuthenticationConfiguration(org.springframework.security.config.annotation.authentication.configuration.AuthenticationConfiguration)
10:14:00.020 [main] DEBUG o.s.b.f.s.DefaultListableBeanFactory - Creating shared instance of singleton bean 'org.springframework.security.config.annotation.authentication.configuration.AuthenticationConfiguration'
10:14:00.020 [main] DEBUG o.s.b.f.s.DefaultListableBeanFactory - Creating instance of bean 'org.springframework.security.config.annotation.authentication.configuration.AuthenticationConfiguration'
10:14:00.020 [main] DEBUG o.s.b.f.s.DefaultListableBeanFactory - Returning cached instance of singleton bean 'org.springframework.transaction.config.internalTransactionAdvisor'
10:14:00.020 [main] DEBUG o.s.b.f.annotation.InjectionMetadata - Registered injected element on class [org.springframework.security.config.annotation.authentication.configuration.AuthenticationConfiguration$$EnhancerBySpringCGLIB$$42095c85]: AutowiredMethodElement for public void org.springframework.security.config.annotation.authentication.configuration.AuthenticationConfiguration.setApplicationContext(org.springframework.context.ApplicationContext)
10:14:00.020 [main] DEBUG o.s.b.f.annotation.InjectionMetadata - Registered injected element on class [org.springframework.security.config.annotation.authentication.configuration.AuthenticationConfiguration$$EnhancerBySpringCGLIB$$42095c85]: AutowiredMethodElement for public void org.springframework.security.config.annotation.authentication.configuration.AuthenticationConfiguration.setGlobalAuthenticationConfigurers(java.util.List) throws java.lang.Exception
10:14:00.020 [main] DEBUG o.s.b.f.annotation.InjectionMetadata - Registered injected element on class [org.springframework.security.config.annotation.authentication.configuration.AuthenticationConfiguration$$EnhancerBySpringCGLIB$$42095c85]: AutowiredMethodElement for public void org.springframework.security.config.annotation.authentication.configuration.AuthenticationConfiguration.setObjectPostProcessor(org.springframework.security.config.annotation.ObjectPostProcessor)
10:14:00.020 [main] DEBUG o.s.b.f.s.DefaultListableBeanFactory - Eagerly caching bean 'org.springframework.security.config.annotation.authentication.configuration.AuthenticationConfiguration' to allow for resolving potential circular references
10:14:00.020 [main] DEBUG o.s.b.f.annotation.InjectionMetadata - Processing injected element of bean 'org.springframework.security.config.annotation.authentication.configuration.AuthenticationConfiguration': AutowiredMethodElement for public void org.springframework.security.config.annotation.authentication.configuration.AuthenticationConfiguration.setApplicationContext(org.springframework.context.ApplicationContext)
10:14:00.021 [main] DEBUG o.s.b.f.a.AutowiredAnnotationBeanPostProcessor - Autowiring by type from bean name 'org.springframework.security.config.annotation.authentication.configuration.AuthenticationConfiguration' to bean named 'org.springframework.context.support.GenericApplicationContext@3e03046d'
10:14:00.021 [main] DEBUG o.s.b.f.annotation.InjectionMetadata - Processing injected element of bean 'org.springframework.security.config.annotation.authentication.configuration.AuthenticationConfiguration': AutowiredMethodElement for public void org.springframework.security.config.annotation.authentication.configuration.AuthenticationConfiguration.setGlobalAuthenticationConfigurers(java.util.List) throws java.lang.Exception
10:14:00.022 [main] DEBUG o.s.b.f.s.DefaultListableBeanFactory - Creating shared instance of singleton bean 'enableGlobalAuthenticationAutowiredConfigurer'
10:14:00.022 [main] DEBUG o.s.b.f.s.DefaultListableBeanFactory - Creating instance of bean 'enableGlobalAuthenticationAutowiredConfigurer'
10:14:00.022 [main] DEBUG o.s.b.f.s.DefaultListableBeanFactory - Returning cached instance of singleton bean 'org.springframework.transaction.config.internalTransactionAdvisor'
10:14:00.022 [main] DEBUG o.s.b.f.s.DefaultListableBeanFactory - Autowiring by type from bean name 'enableGlobalAuthenticationAutowiredConfigurer' via factory method to bean named 'org.springframework.context.support.GenericApplicationContext@3e03046d'
10:14:00.022 [main] DEBUG o.s.b.f.s.DefaultListableBeanFactory - Eagerly caching bean 'enableGlobalAuthenticationAutowiredConfigurer' to allow for resolving potential circular references
10:14:00.023 [main] DEBUG o.s.b.f.s.DefaultListableBeanFactory - Returning cached instance of singleton bean 'org.springframework.transaction.config.internalTransactionAdvisor'
10:14:00.023 [main] DEBUG o.s.b.f.s.DefaultListableBeanFactory - Returning cached instance of singleton bean 'org.springframework.transaction.config.internalTransactionAdvisor'
10:14:00.024 [main] DEBUG o.s.s.a.ScheduledAnnotationBeanPostProcessor - No @Scheduled annotations found on bean class: class org.springframework.security.config.annotation.authentication.configuration.AuthenticationConfiguration$EnableGlobalAuthenticationAutowiredConfigurer
10:14:00.024 [main] DEBUG o.s.b.f.s.DefaultListableBeanFactory - Finished creating instance of bean 'enableGlobalAuthenticationAutowiredConfigurer'
10:14:00.024 [main] DEBUG o.s.b.f.s.DefaultListableBeanFactory - Creating shared instance of singleton bean 'springBootAuthenticationConfigurerAdapter'
10:14:00.024 [main] DEBUG o.s.b.f.s.DefaultListableBeanFactory - Creating instance of bean 'springBootAuthenticationConfigurerAdapter'
10:14:00.024 [main] DEBUG o.s.b.f.s.DefaultListableBeanFactory - Returning cached instance of singleton bean 'org.springframework.transaction.config.internalTransactionAdvisor'
10:14:00.025 [main] DEBUG o.s.b.f.s.DefaultListableBeanFactory - Creating shared instance of singleton bean 'securityProperties'
10:14:00.025 [main] DEBUG o.s.b.f.s.DefaultListableBeanFactory - Creating instance of bean 'securityProperties'
10:14:00.025 [main] DEBUG o.s.b.f.s.DefaultListableBeanFactory - Returning cached instance of singleton bean 'org.springframework.transaction.config.internalTransactionAdvisor'
10:14:00.025 [main] DEBUG o.s.b.f.s.DefaultListableBeanFactory - Creating shared instance of singleton bean 'org.springframework.boot.autoconfigure.security.SecurityAutoConfiguration'
10:14:00.025 [main] DEBUG o.s.b.f.s.DefaultListableBeanFactory - Creating instance of bean 'org.springframework.boot.autoconfigure.security.SecurityAutoConfiguration'
10:14:00.025 [main] DEBUG o.s.b.f.s.DefaultListableBeanFactory - Returning cached instance of singleton bean 'org.springframework.transaction.config.internalTransactionAdvisor'
10:14:00.025 [main] DEBUG o.s.b.f.s.DefaultListableBeanFactory - Eagerly caching bean 'org.springframework.boot.autoconfigure.security.SecurityAutoConfiguration' to allow for resolving potential circular references
10:14:00.025 [main] DEBUG o.s.b.f.s.DefaultListableBeanFactory - Returning cached instance of singleton bean 'org.springframework.transaction.config.internalTransactionAdvisor'
10:14:00.025 [main] DEBUG o.s.b.f.s.DefaultListableBeanFactory - Returning cached instance of singleton bean 'org.springframework.transaction.config.internalTransactionAdvisor'
10:14:00.027 [main] DEBUG o.s.s.a.ScheduledAnnotationBeanPostProcessor - No @Scheduled annotations found on bean class: class org.springframework.boot.autoconfigure.security.SecurityAutoConfiguration$$EnhancerBySpringCGLIB$$f033cbe0
10:14:00.027 [main] DEBUG o.s.b.f.s.DefaultListableBeanFactory - Finished creating instance of bean 'org.springframework.boot.autoconfigure.security.SecurityAutoConfiguration'
10:14:00.027 [main] DEBUG o.s.b.f.s.DefaultListableBeanFactory - Eagerly caching bean 'securityProperties' to allow for resolving potential circular references
10:14:00.028 [main] DEBUG o.s.core.env.MutablePropertySources - Adding [systemProperties] PropertySource with lowest search precedence
10:14:00.028 [main] DEBUG o.s.core.env.MutablePropertySources - Adding [systemEnvironment] PropertySource with lowest search precedence
10:14:00.028 [main] DEBUG o.s.core.env.MutablePropertySources - Adding [class path resource [config/application.properties]] PropertySource with lowest search precedence
10:14:00.028 [main] DEBUG o.s.core.env.MutablePropertySources - Adding [localProperties] PropertySource with lowest search precedence
10:14:00.028 [main] DEBUG o.s.core.env.MutablePropertySources - Adding [systemProperties] PropertySource with lowest search precedence
10:14:00.028 [main] DEBUG o.s.core.env.MutablePropertySources - Adding [systemEnvironment] PropertySource with lowest search precedence
10:14:00.028 [main] DEBUG o.s.core.env.MutablePropertySources - Adding [class path resource [config/application.properties]] PropertySource with lowest search precedence
10:14:00.028 [main] DEBUG o.s.core.env.MutablePropertySources - Adding [localProperties] PropertySource with lowest search precedence
10:14:00.028 [main] DEBUG o.s.c.e.PropertySourcesPropertyResolver - Searching for key 'app.security.jwt.secret_key' in [systemProperties]
10:14:00.028 [main] DEBUG o.s.c.e.PropertySourcesPropertyResolver - Searching for key 'app.security.jwt.secret_key' in [systemEnvironment]
10:14:00.028 [main] DEBUG o.s.c.e.PropertySourcesPropertyResolver - Searching for key 'app.security.jwt.secret_key' in [class path resource [config/application.properties]]
10:14:00.028 [main] DEBUG o.s.c.e.PropertySourcesPropertyResolver - Found key 'app.security.jwt.secret_key' in [class path resource [config/application.properties]] with type [String] and value 'verysecretsecret'
10:14:00.028 [main] DEBUG o.s.core.env.MutablePropertySources - Adding [systemProperties] PropertySource with lowest search precedence
10:14:00.028 [main] DEBUG o.s.core.env.MutablePropertySources - Adding [systemEnvironment] PropertySource with lowest search precedence
10:14:00.029 [main] DEBUG o.s.core.env.MutablePropertySources - Adding [class path resource [config/application.properties]] PropertySource with lowest search precedence
10:14:00.029 [main] DEBUG o.s.core.env.MutablePropertySources - Adding [localProperties] PropertySource with lowest search precedence
10:14:00.029 [main] DEBUG o.s.c.e.PropertySourcesPropertyResolver - Searching for key 'app.whitelist' in [systemProperties]
10:14:00.029 [main] DEBUG o.s.c.e.PropertySourcesPropertyResolver - Searching for key 'app.whitelist' in [systemEnvironment]
10:14:00.029 [main] DEBUG o.s.c.e.PropertySourcesPropertyResolver - Searching for key 'app.whitelist' in [class path resource [config/application.properties]]
10:14:00.029 [main] DEBUG o.s.c.e.PropertySourcesPropertyResolver - Found key 'app.whitelist' in [class path resource [config/application.properties]] with type [String] and value '127.0.0.1'
10:14:00.029 [main] DEBUG o.s.core.env.MutablePropertySources - Adding [systemProperties] PropertySource with lowest search precedence
10:14:00.029 [main] DEBUG o.s.core.env.MutablePropertySources - Adding [systemEnvironment] PropertySource with lowest search precedence
10:14:00.029 [main] DEBUG o.s.core.env.MutablePropertySources - Adding [class path resource [config/application.properties]] PropertySource with lowest search precedence
10:14:00.029 [main] DEBUG o.s.core.env.MutablePropertySources - Adding [localProperties] PropertySource with lowest search precedence
10:14:00.029 [main] DEBUG o.s.c.e.PropertySourcesPropertyResolver - Searching for key 'app.email.address' in [systemProperties]
10:14:00.029 [main] DEBUG o.s.c.e.PropertySourcesPropertyResolver - Searching for key 'app.email.address' in [systemEnvironment]
10:14:00.029 [main] DEBUG o.s.c.e.PropertySourcesPropertyResolver - Searching for key 'app.email.address' in [class path resource [config/application.properties]]
10:14:00.029 [main] DEBUG o.s.c.e.PropertySourcesPropertyResolver - Found key 'app.email.address' in [class path resource [config/application.properties]] with type [String] and value 'dhahn@library.tamu.edu'
10:14:00.029 [main] DEBUG o.s.core.env.MutablePropertySources - Adding [systemProperties] PropertySource with lowest search precedence
10:14:00.029 [main] DEBUG o.s.core.env.MutablePropertySources - Adding [systemEnvironment] PropertySource with lowest search precedence
10:14:00.029 [main] DEBUG o.s.core.env.MutablePropertySources - Adding [class path resource [config/application.properties]] PropertySource with lowest search precedence
10:14:00.029 [main] DEBUG o.s.core.env.MutablePropertySources - Adding [localProperties] PropertySource with lowest search precedence
10:14:00.029 [main] DEBUG o.s.c.e.PropertySourcesPropertyResolver - Searching for key 'app.service.voyager.app' in [systemProperties]
10:14:00.029 [main] DEBUG o.s.c.e.PropertySourcesPropertyResolver - Searching for key 'app.service.voyager.app' in [systemEnvironment]
10:14:00.029 [main] DEBUG o.s.c.e.PropertySourcesPropertyResolver - Searching for key 'app.service.voyager.app' in [class path resource [config/application.properties]]
10:14:00.029 [main] DEBUG o.s.c.e.PropertySourcesPropertyResolver - Found key 'app.service.voyager.app' in [class path resource [config/application.properties]] with type [String] and value 'vxws'
10:14:00.029 [main] DEBUG o.s.core.env.MutablePropertySources - Adding [systemProperties] PropertySource with lowest search precedence
10:14:00.029 [main] DEBUG o.s.core.env.MutablePropertySources - Adding [systemEnvironment] PropertySource with lowest search precedence
10:14:00.029 [main] DEBUG o.s.core.env.MutablePropertySources - Adding [class path resource [config/application.properties]] PropertySource with lowest search precedence
10:14:00.029 [main] DEBUG o.s.core.env.MutablePropertySources - Adding [localProperties] PropertySource with lowest search precedence
10:14:00.029 [main] DEBUG o.s.c.e.PropertySourcesPropertyResolver - Searching for key 'spring.datasource.test-on-borrow' in [systemProperties]
10:14:00.029 [main] DEBUG o.s.c.e.PropertySourcesPropertyResolver - Searching for key 'spring.datasource.test-on-borrow' in [systemEnvironment]
10:14:00.029 [main] DEBUG o.s.c.e.PropertySourcesPropertyResolver - Searching for key 'spring.datasource.test-on-borrow' in [class path resource [config/application.properties]]
10:14:00.029 [main] DEBUG o.s.c.e.PropertySourcesPropertyResolver - Found key 'spring.datasource.test-on-borrow' in [class path resource [config/application.properties]] with type [String] and value 'true'
10:14:00.029 [main] DEBUG o.s.core.env.MutablePropertySources - Adding [systemProperties] PropertySource with lowest search precedence
10:14:00.029 [main] DEBUG o.s.core.env.MutablePropertySources - Adding [systemEnvironment] PropertySource with lowest search precedence
10:14:00.029 [main] DEBUG o.s.core.env.MutablePropertySources - Adding [class path resource [config/application.properties]] PropertySource with lowest search precedence
10:14:00.029 [main] DEBUG o.s.core.env.MutablePropertySources - Adding [localProperties] PropertySource with lowest search precedence
10:14:00.029 [main] DEBUG o.s.c.e.PropertySourcesPropertyResolver - Searching for key 'shib.email' in [systemProperties]
10:14:00.029 [main] DEBUG o.s.c.e.PropertySourcesPropertyResolver - Searching for key 'shib.email' in [systemEnvironment]
10:14:00.029 [main] DEBUG o.s.c.e.PropertySourcesPropertyResolver - Searching for key 'shib.email' in [class path resource [config/application.properties]]
10:14:00.029 [main] DEBUG o.s.c.e.PropertySourcesPropertyResolver - Found key 'shib.email' in [class path resource [config/application.properties]] with type [String] and value 'tdl-mail'
10:14:00.029 [main] DEBUG o.s.core.env.MutablePropertySources - Adding [systemProperties] PropertySource with lowest search precedence
10:14:00.029 [main] DEBUG o.s.core.env.MutablePropertySources - Adding [systemEnvironment] PropertySource with lowest search precedence
10:14:00.029 [main] DEBUG o.s.core.env.MutablePropertySources - Adding [class path resource [config/application.properties]] PropertySource with lowest search precedence
10:14:00.029 [main] DEBUG o.s.core.env.MutablePropertySources - Adding [localProperties] PropertySource with lowest search precedence
10:14:00.029 [main] DEBUG o.s.c.e.PropertySourcesPropertyResolver - Searching for key 'spring.datasource.url' in [systemProperties]
10:14:00.029 [main] DEBUG o.s.c.e.PropertySourcesPropertyResolver - Searching for key 'spring.datasource.url' in [systemEnvironment]
10:14:00.029 [main] DEBUG o.s.c.e.PropertySourcesPropertyResolver - Searching for key 'spring.datasource.url' in [class path resource [config/application.properties]]
10:14:00.029 [main] DEBUG o.s.c.e.PropertySourcesPropertyResolver - Found key 'spring.datasource.url' in [class path resource [config/application.properties]] with type [String] and value 'jdbc:postgresql://localhost:5432/spring_seed'
10:14:00.029 [main] DEBUG o.s.core.env.MutablePropertySources - Adding [systemProperties] PropertySource with lowest search precedence
10:14:00.029 [main] DEBUG o.s.core.env.MutablePropertySources - Adding [systemEnvironment] PropertySource with lowest search precedence
10:14:00.029 [main] DEBUG o.s.core.env.MutablePropertySources - Adding [class path resource [config/application.properties]] PropertySource with lowest search precedence
10:14:00.029 [main] DEBUG o.s.core.env.MutablePropertySources - Adding [localProperties] PropertySource with lowest search precedence
10:14:00.029 [main] DEBUG o.s.c.e.PropertySourcesPropertyResolver - Searching for key 'shib.netid' in [systemProperties]
10:14:00.029 [main] DEBUG o.s.c.e.PropertySourcesPropertyResolver - Searching for key 'shib.netid' in [systemEnvironment]
10:14:00.029 [main] DEBUG o.s.c.e.PropertySourcesPropertyResolver - Searching for key 'shib.netid' in [class path resource [config/application.properties]]
10:14:00.029 [main] DEBUG o.s.c.e.PropertySourcesPropertyResolver - Found key 'shib.netid' in [class path resource [config/application.properties]] with type [String] and value 'edupersonprincipalnameunscoped'
10:14:00.029 [main] DEBUG o.s.core.env.MutablePropertySources - Adding [systemProperties] PropertySource with lowest search precedence
10:14:00.029 [main] DEBUG o.s.core.env.MutablePropertySources - Adding [systemEnvironment] PropertySource with lowest search precedence
10:14:00.029 [main] DEBUG o.s.core.env.MutablePropertySources - Adding [class path resource [config/application.properties]] PropertySource with lowest search precedence
10:14:00.029 [main] DEBUG o.s.core.env.MutablePropertySources - Adding [localProperties] PropertySource with lowest search precedence
10:14:00.029 [main] DEBUG o.s.c.e.PropertySourcesPropertyResolver - Searching for key 'shib.keys' in [systemProperties]
10:14:00.029 [main] DEBUG o.s.c.e.PropertySourcesPropertyResolver - Searching for key 'shib.keys' in [systemEnvironment]
10:14:00.029 [main] DEBUG o.s.c.e.PropertySourcesPropertyResolver - Searching for key 'shib.keys' in [class path resource [config/application.properties]]
10:14:00.029 [main] DEBUG o.s.c.e.PropertySourcesPropertyResolver - Found key 'shib.keys' in [class path resource [config/application.properties]] with type [String] and value 'netid,uin,lastName,firstName,email'
10:14:00.029 [main] DEBUG o.s.core.env.MutablePropertySources - Adding [systemProperties] PropertySource with lowest search precedence
10:14:00.029 [main] DEBUG o.s.core.env.MutablePropertySources - Adding [systemEnvironment] PropertySource with lowest search precedence
10:14:00.029 [main] DEBUG o.s.core.env.MutablePropertySources - Adding [class path resource [config/application.properties]] PropertySource with lowest search precedence
10:14:00.029 [main] DEBUG o.s.core.env.MutablePropertySources - Adding [localProperties] PropertySource with lowest search precedence
10:14:00.029 [main] DEBUG o.s.c.e.PropertySourcesPropertyResolver - Searching for key 'spring.datasource.password' in [systemProperties]
10:14:00.029 [main] DEBUG o.s.c.e.PropertySourcesPropertyResolver - Searching for key 'spring.datasource.password' in [systemEnvironment]
10:14:00.029 [main] DEBUG o.s.c.e.PropertySourcesPropertyResolver - Searching for key 'spring.datasource.password' in [class path resource [config/application.properties]]
10:14:00.029 [main] DEBUG o.s.c.e.PropertySourcesPropertyResolver - Found key 'spring.datasource.password' in [class path resource [config/application.properties]] with type [String] and value 'spring'
10:14:00.029 [main] DEBUG o.s.core.env.MutablePropertySources - Adding [systemProperties] PropertySource with lowest search precedence
10:14:00.029 [main] DEBUG o.s.core.env.MutablePropertySources - Adding [systemEnvironment] PropertySource with lowest search precedence
10:14:00.029 [main] DEBUG o.s.core.env.MutablePropertySources - Adding [class path resource [config/application.properties]] PropertySource with lowest search precedence
10:14:00.029 [main] DEBUG o.s.core.env.MutablePropertySources - Adding [localProperties] PropertySource with lowest search precedence
10:14:00.029 [main] DEBUG o.s.c.e.PropertySourcesPropertyResolver - Searching for key 'spring.jpa.database-platform' in [systemProperties]
10:14:00.029 [main] DEBUG o.s.c.e.PropertySourcesPropertyResolver - Searching for key 'spring.jpa.database-platform' in [systemEnvironment]
10:14:00.029 [main] DEBUG o.s.c.e.PropertySourcesPropertyResolver - Searching for key 'spring.jpa.database-platform' in [class path resource [config/application.properties]]
10:14:00.029 [main] DEBUG o.s.c.e.PropertySourcesPropertyResolver - Found key 'spring.jpa.database-platform' in [class path resource [config/application.properties]] with type [String] and value 'org.hibernate.dialect.PostgreSQLDialect'
10:14:00.029 [main] DEBUG o.s.core.env.MutablePropertySources - Adding [systemProperties] PropertySource with lowest search precedence
10:14:00.029 [main] DEBUG o.s.core.env.MutablePropertySources - Adding [systemEnvironment] PropertySource with lowest search precedence
10:14:00.029 [main] DEBUG o.s.core.env.MutablePropertySources - Adding [class path resource [config/application.properties]] PropertySource with lowest search precedence
10:14:00.029 [main] DEBUG o.s.core.env.MutablePropertySources - Adding [localProperties] PropertySource with lowest search precedence
10:14:00.029 [main] DEBUG o.s.c.e.PropertySourcesPropertyResolver - Searching for key 'spring.jpa.show_sql' in [systemProperties]
10:14:00.029 [main] DEBUG o.s.c.e.PropertySourcesPropertyResolver - Searching for key 'spring.jpa.show_sql' in [systemEnvironment]
10:14:00.030 [main] DEBUG o.s.c.e.PropertySourcesPropertyResolver - Searching for key 'spring.jpa.show_sql' in [class path resource [config/application.properties]]
10:14:00.030 [main] DEBUG o.s.c.e.PropertySourcesPropertyResolver - Found key 'spring.jpa.show_sql' in [class path resource [config/application.properties]] with type [String] and value 'false'
10:14:00.030 [main] DEBUG o.s.core.env.MutablePropertySources - Adding [systemProperties] PropertySource with lowest search precedence
10:14:00.030 [main] DEBUG o.s.core.env.MutablePropertySources - Adding [systemEnvironment] PropertySource with lowest search precedence
10:14:00.030 [main] DEBUG o.s.core.env.MutablePropertySources - Adding [class path resource [config/application.properties]] PropertySource with lowest search precedence
10:14:00.030 [main] DEBUG o.s.core.env.MutablePropertySources - Adding [localProperties] PropertySource with lowest search precedence
10:14:00.030 [main] DEBUG o.s.c.e.PropertySourcesPropertyResolver - Searching for key 'app.service.voyager.ports' in [systemProperties]
10:14:00.030 [main] DEBUG o.s.c.e.PropertySourcesPropertyResolver - Searching for key 'app.service.voyager.ports' in [systemEnvironment]
10:14:00.030 [main] DEBUG o.s.c.e.PropertySourcesPropertyResolver - Searching for key 'app.service.voyager.ports' in [class path resource [config/application.properties]]
10:14:00.030 [main] DEBUG o.s.c.e.PropertySourcesPropertyResolver - Found key 'app.service.voyager.ports' in [class path resource [config/application.properties]] with type [String] and value '7014,7414'
10:14:00.030 [main] DEBUG o.s.core.env.MutablePropertySources - Adding [systemProperties] PropertySource with lowest search precedence
10:14:00.030 [main] DEBUG o.s.core.env.MutablePropertySources - Adding [systemEnvironment] PropertySource with lowest search precedence
10:14:00.030 [main] DEBUG o.s.core.env.MutablePropertySources - Adding [class path resource [config/application.properties]] PropertySource with lowest search precedence
10:14:00.030 [main] DEBUG o.s.core.env.MutablePropertySources - Adding [localProperties] PropertySource with lowest search precedence
10:14:00.030 [main] DEBUG o.s.c.e.PropertySourcesPropertyResolver - Searching for key 'spring.datasource.validation-query' in [systemProperties]
10:14:00.030 [main] DEBUG o.s.c.e.PropertySourcesPropertyResolver - Searching for key 'spring.datasource.validation-query' in [systemEnvironment]
10:14:00.030 [main] DEBUG o.s.c.e.PropertySourcesPropertyResolver - Searching for key 'spring.datasource.validation-query' in [class path resource [config/application.properties]]
10:14:00.030 [main] DEBUG o.s.c.e.PropertySourcesPropertyResolver - Found key 'spring.datasource.validation-query' in [class path resource [config/application.properties]] with type [String] and value 'select version();'
10:14:00.030 [main] DEBUG o.s.core.env.MutablePropertySources - Adding [systemProperties] PropertySource with lowest search precedence
10:14:00.030 [main] DEBUG o.s.core.env.MutablePropertySources - Adding [systemEnvironment] PropertySource with lowest search precedence
10:14:00.030 [main] DEBUG o.s.core.env.MutablePropertySources - Adding [class path resource [config/application.properties]] PropertySource with lowest search precedence
10:14:00.030 [main] DEBUG o.s.core.env.MutablePropertySources - Adding [localProperties] PropertySource with lowest search precedence
10:14:00.030 [main] DEBUG o.s.c.e.PropertySourcesPropertyResolver - Searching for key 'shib.firstName' in [systemProperties]
10:14:00.030 [main] DEBUG o.s.c.e.PropertySourcesPropertyResolver - Searching for key 'shib.firstName' in [systemEnvironment]
10:14:00.030 [main] DEBUG o.s.c.e.PropertySourcesPropertyResolver - Searching for key 'shib.firstName' in [class path resource [config/application.properties]]
10:14:00.030 [main] DEBUG o.s.c.e.PropertySourcesPropertyResolver - Found key 'shib.firstName' in [class path resource [config/application.properties]] with type [String] and value 'tdl-givenname'
10:14:00.030 [main] DEBUG o.s.core.env.MutablePropertySources - Adding [systemProperties] PropertySource with lowest search precedence
10:14:00.030 [main] DEBUG o.s.core.env.MutablePropertySources - Adding [systemEnvironment] PropertySource with lowest search precedence
10:14:00.030 [main] DEBUG o.s.core.env.MutablePropertySources - Adding [class path resource [config/application.properties]] PropertySource with lowest search precedence
10:14:00.030 [main] DEBUG o.s.core.env.MutablePropertySources - Adding [localProperties] PropertySource with lowest search precedence
10:14:00.030 [main] DEBUG o.s.c.e.PropertySourcesPropertyResolver - Searching for key 'shib.uin' in [systemProperties]
10:14:00.030 [main] DEBUG o.s.c.e.PropertySourcesPropertyResolver - Searching for key 'shib.uin' in [systemEnvironment]
10:14:00.030 [main] DEBUG o.s.c.e.PropertySourcesPropertyResolver - Searching for key 'shib.uin' in [class path resource [config/application.properties]]
10:14:00.030 [main] DEBUG o.s.c.e.PropertySourcesPropertyResolver - Found key 'shib.uin' in [class path resource [config/application.properties]] with type [String] and value 'tamuuin'
10:14:00.030 [main] DEBUG o.s.core.env.MutablePropertySources - Adding [systemProperties] PropertySource with lowest search precedence
10:14:00.030 [main] DEBUG o.s.core.env.MutablePropertySources - Adding [systemEnvironment] PropertySource with lowest search precedence
10:14:00.030 [main] DEBUG o.s.core.env.MutablePropertySources - Adding [class path resource [config/application.properties]] PropertySource with lowest search precedence
10:14:00.030 [main] DEBUG o.s.core.env.MutablePropertySources - Adding [localProperties] PropertySource with lowest search precedence
10:14:00.030 [main] DEBUG o.s.c.e.PropertySourcesPropertyResolver - Searching for key 'spring.datasource.defaultAutoCommit' in [systemProperties]
10:14:00.030 [main] DEBUG o.s.c.e.PropertySourcesPropertyResolver - Searching for key 'spring.datasource.defaultAutoCommit' in [systemEnvironment]
10:14:00.030 [main] DEBUG o.s.c.e.PropertySourcesPropertyResolver - Searching for key 'spring.datasource.defaultAutoCommit' in [class path resource [config/application.properties]]
10:14:00.030 [main] DEBUG o.s.c.e.PropertySourcesPropertyResolver - Found key 'spring.datasource.defaultAutoCommit' in [class path resource [config/application.properties]] with type [String] and value 'false'
10:14:00.030 [main] DEBUG o.s.core.env.MutablePropertySources - Adding [systemProperties] PropertySource with lowest search precedence
10:14:00.030 [main] DEBUG o.s.core.env.MutablePropertySources - Adding [systemEnvironment] PropertySource with lowest search precedence
10:14:00.030 [main] DEBUG o.s.core.env.MutablePropertySources - Adding [class path resource [config/application.properties]] PropertySource with lowest search precedence
10:14:00.030 [main] DEBUG o.s.core.env.MutablePropertySources - Adding [localProperties] PropertySource with lowest search precedence
10:14:00.030 [main] DEBUG o.s.c.e.PropertySourcesPropertyResolver - Searching for key 'spring.datasource.username' in [systemProperties]
10:14:00.030 [main] DEBUG o.s.c.e.PropertySourcesPropertyResolver - Searching for key 'spring.datasource.username' in [systemEnvironment]
10:14:00.030 [main] DEBUG o.s.c.e.PropertySourcesPropertyResolver - Searching for key 'spring.datasource.username' in [class path resource [config/application.properties]]
10:14:00.030 [main] DEBUG o.s.c.e.PropertySourcesPropertyResolver - Found key 'spring.datasource.username' in [class path resource [config/application.properties]] with type [String] and value 'spring'
10:14:00.030 [main] DEBUG o.s.core.env.MutablePropertySources - Adding [systemProperties] PropertySource with lowest search precedence
10:14:00.030 [main] DEBUG o.s.core.env.MutablePropertySources - Adding [systemEnvironment] PropertySource with lowest search precedence
10:14:00.030 [main] DEBUG o.s.core.env.MutablePropertySources - Adding [class path resource [config/application.properties]] PropertySource with lowest search precedence
10:14:00.030 [main] DEBUG o.s.core.env.MutablePropertySources - Adding [localProperties] PropertySource with lowest search precedence
10:14:00.030 [main] DEBUG o.s.c.e.PropertySourcesPropertyResolver - Searching for key 'app.service.voyager.host' in [systemProperties]
10:14:00.030 [main] DEBUG o.s.c.e.PropertySourcesPropertyResolver - Searching for key 'app.service.voyager.host' in [systemEnvironment]
10:14:00.030 [main] DEBUG o.s.c.e.PropertySourcesPropertyResolver - Searching for key 'app.service.voyager.host' in [class path resource [config/application.properties]]
10:14:00.030 [main] DEBUG o.s.c.e.PropertySourcesPropertyResolver - Found key 'app.service.voyager.host' in [class path resource [config/application.properties]] with type [String] and value 'surprise.tamu.edu'
10:14:00.030 [main] DEBUG o.s.core.env.MutablePropertySources - Adding [systemProperties] PropertySource with lowest search precedence
10:14:00.030 [main] DEBUG o.s.core.env.MutablePropertySources - Adding [systemEnvironment] PropertySource with lowest search precedence
10:14:00.030 [main] DEBUG o.s.core.env.MutablePropertySources - Adding [class path resource [config/application.properties]] PropertySource with lowest search precedence
10:14:00.030 [main] DEBUG o.s.core.env.MutablePropertySources - Adding [localProperties] PropertySource with lowest search precedence
10:14:00.030 [main] DEBUG o.s.c.e.PropertySourcesPropertyResolver - Searching for key 'logging.level.org.springframework' in [systemProperties]
10:14:00.030 [main] DEBUG o.s.c.e.PropertySourcesPropertyResolver - Searching for key 'logging.level.org.springframework' in [systemEnvironment]
10:14:00.030 [main] DEBUG o.s.c.e.PropertySourcesPropertyResolver - Searching for key 'logging.level.org.springframework' in [class path resource [config/application.properties]]
10:14:00.030 [main] DEBUG o.s.c.e.PropertySourcesPropertyResolver - Found key 'logging.level.org.springframework' in [class path resource [config/application.properties]] with type [String] and value 'INFO'
10:14:00.030 [main] DEBUG o.s.core.env.MutablePropertySources - Adding [systemProperties] PropertySource with lowest search precedence
10:14:00.030 [main] DEBUG o.s.core.env.MutablePropertySources - Adding [systemEnvironment] PropertySource with lowest search precedence
10:14:00.030 [main] DEBUG o.s.core.env.MutablePropertySources - Adding [class path resource [config/application.properties]] PropertySource with lowest search precedence
10:14:00.030 [main] DEBUG o.s.core.env.MutablePropertySources - Adding [localProperties] PropertySource with lowest search precedence
10:14:00.030 [main] DEBUG o.s.c.e.PropertySourcesPropertyResolver - Searching for key 'spring.datasource.driverClassName' in [systemProperties]
10:14:00.030 [main] DEBUG o.s.c.e.PropertySourcesPropertyResolver - Searching for key 'spring.datasource.driverClassName' in [systemEnvironment]
10:14:00.030 [main] DEBUG o.s.c.e.PropertySourcesPropertyResolver - Searching for key 'spring.datasource.driverClassName' in [class path resource [config/application.properties]]
10:14:00.030 [main] DEBUG o.s.c.e.PropertySourcesPropertyResolver - Found key 'spring.datasource.driverClassName' in [class path resource [config/application.properties]] with type [String] and value 'org.postgresql.Driver'
10:14:00.030 [main] DEBUG o.s.core.env.MutablePropertySources - Adding [systemProperties] PropertySource with lowest search precedence
10:14:00.030 [main] DEBUG o.s.core.env.MutablePropertySources - Adding [systemEnvironment] PropertySource with lowest search precedence
10:14:00.030 [main] DEBUG o.s.core.env.MutablePropertySources - Adding [class path resource [config/application.properties]] PropertySource with lowest search precedence
10:14:00.030 [main] DEBUG o.s.core.env.MutablePropertySources - Adding [localProperties] PropertySource with lowest search precedence
10:14:00.030 [main] DEBUG o.s.c.e.PropertySourcesPropertyResolver - Searching for key 'app.authority.admins' in [systemProperties]
10:14:00.030 [main] DEBUG o.s.c.e.PropertySourcesPropertyResolver - Searching for key 'app.authority.admins' in [systemEnvironment]
10:14:00.030 [main] DEBUG o.s.c.e.PropertySourcesPropertyResolver - Searching for key 'app.authority.admins' in [class path resource [config/application.properties]]
10:14:00.030 [main] DEBUG o.s.c.e.PropertySourcesPropertyResolver - Found key 'app.authority.admins' in [class path resource [config/application.properties]] with type [String] and value '402001311,613001223,102001721,222004429,709005486,523008230,724001395,123456789'
10:14:00.030 [main] DEBUG o.s.core.env.MutablePropertySources - Adding [systemProperties] PropertySource with lowest search precedence
10:14:00.030 [main] DEBUG o.s.core.env.MutablePropertySources - Adding [systemEnvironment] PropertySource with lowest search precedence
10:14:00.030 [main] DEBUG o.s.core.env.MutablePropertySources - Adding [class path resource [config/application.properties]] PropertySource with lowest search precedence
10:14:00.030 [main] DEBUG o.s.core.env.MutablePropertySources - Adding [localProperties] PropertySource with lowest search precedence
10:14:00.030 [main] DEBUG o.s.c.e.PropertySourcesPropertyResolver - Searching for key 'shib.lastName' in [systemProperties]
10:14:00.030 [main] DEBUG o.s.c.e.PropertySourcesPropertyResolver - Searching for key 'shib.lastName' in [systemEnvironment]
10:14:00.031 [main] DEBUG o.s.c.e.PropertySourcesPropertyResolver - Searching for key 'shib.lastName' in [class path resource [config/application.properties]]
10:14:00.031 [main] DEBUG o.s.c.e.PropertySourcesPropertyResolver - Found key 'shib.lastName' in [class path resource [config/application.properties]] with type [String] and value 'tdl-sn'
10:14:00.031 [main] DEBUG o.s.core.env.MutablePropertySources - Adding [systemProperties] PropertySource with lowest search precedence
10:14:00.031 [main] DEBUG o.s.core.env.MutablePropertySources - Adding [systemEnvironment] PropertySource with lowest search precedence
10:14:00.031 [main] DEBUG o.s.core.env.MutablePropertySources - Adding [class path resource [config/application.properties]] PropertySource with lowest search precedence
10:14:00.031 [main] DEBUG o.s.core.env.MutablePropertySources - Adding [localProperties] PropertySource with lowest search precedence
10:14:00.031 [main] DEBUG o.s.c.e.PropertySourcesPropertyResolver - Searching for key 'app.email.host' in [systemProperties]
10:14:00.031 [main] DEBUG o.s.c.e.PropertySourcesPropertyResolver - Searching for key 'app.email.host' in [systemEnvironment]
10:14:00.031 [main] DEBUG o.s.c.e.PropertySourcesPropertyResolver - Searching for key 'app.email.host' in [class path resource [config/application.properties]]
10:14:00.031 [main] DEBUG o.s.c.e.PropertySourcesPropertyResolver - Found key 'app.email.host' in [class path resource [config/application.properties]] with type [String] and value 'relay.tamu.edu'
10:14:00.031 [main] DEBUG o.s.core.env.MutablePropertySources - Adding [systemProperties] PropertySource with lowest search precedence
10:14:00.031 [main] DEBUG o.s.core.env.MutablePropertySources - Adding [systemEnvironment] PropertySource with lowest search precedence
10:14:00.031 [main] DEBUG o.s.core.env.MutablePropertySources - Adding [class path resource [config/application.properties]] PropertySource with lowest search precedence
10:14:00.031 [main] DEBUG o.s.core.env.MutablePropertySources - Adding [localProperties] PropertySource with lowest search precedence
10:14:00.031 [main] DEBUG o.s.c.e.PropertySourcesPropertyResolver - Searching for key 'server.port' in [systemProperties]
10:14:00.031 [main] DEBUG o.s.c.e.PropertySourcesPropertyResolver - Searching for key 'server.port' in [systemEnvironment]
10:14:00.031 [main] DEBUG o.s.c.e.PropertySourcesPropertyResolver - Searching for key 'server.port' in [class path resource [config/application.properties]]
10:14:00.031 [main] DEBUG o.s.c.e.PropertySourcesPropertyResolver - Found key 'server.port' in [class path resource [config/application.properties]] with type [String] and value '9000'
10:14:00.031 [main] DEBUG o.s.core.env.MutablePropertySources - Adding [systemProperties] PropertySource with lowest search precedence
10:14:00.031 [main] DEBUG o.s.core.env.MutablePropertySources - Adding [systemEnvironment] PropertySource with lowest search precedence
10:14:00.031 [main] DEBUG o.s.core.env.MutablePropertySources - Adding [class path resource [config/application.properties]] PropertySource with lowest search precedence
10:14:00.031 [main] DEBUG o.s.core.env.MutablePropertySources - Adding [localProperties] PropertySource with lowest search precedence
10:14:00.031 [main] DEBUG o.s.c.e.PropertySourcesPropertyResolver - Searching for key 'spring.jpa.hibernate.ddl-auto' in [systemProperties]
10:14:00.031 [main] DEBUG o.s.c.e.PropertySourcesPropertyResolver - Searching for key 'spring.jpa.hibernate.ddl-auto' in [systemEnvironment]
10:14:00.031 [main] DEBUG o.s.c.e.PropertySourcesPropertyResolver - Searching for key 'spring.jpa.hibernate.ddl-auto' in [class path resource [config/application.properties]]
10:14:00.031 [main] DEBUG o.s.c.e.PropertySourcesPropertyResolver - Found key 'spring.jpa.hibernate.ddl-auto' in [class path resource [config/application.properties]] with type [String] and value 'create'
10:14:00.031 [main] DEBUG o.s.core.env.MutablePropertySources - Adding [systemProperties] PropertySource with lowest search precedence
10:14:00.031 [main] DEBUG o.s.core.env.MutablePropertySources - Adding [systemEnvironment] PropertySource with lowest search precedence
10:14:00.031 [main] DEBUG o.s.core.env.MutablePropertySources - Adding [class path resource [config/application.properties]] PropertySource with lowest search precedence
10:14:00.031 [main] DEBUG o.s.core.env.MutablePropertySources - Adding [localProperties] PropertySource with lowest search precedence
10:14:00.031 [main] DEBUG o.s.c.e.PropertySourcesPropertyResolver - Searching for key 'app.security.allow-access' in [systemProperties]
10:14:00.031 [main] DEBUG o.s.c.e.PropertySourcesPropertyResolver - Searching for key 'app.security.allow-access' in [systemEnvironment]
10:14:00.031 [main] DEBUG o.s.c.e.PropertySourcesPropertyResolver - Searching for key 'app.security.allow-access' in [class path resource [config/application.properties]]
10:14:00.031 [main] DEBUG o.s.c.e.PropertySourcesPropertyResolver - Found key 'app.security.allow-access' in [class path resource [config/application.properties]] with type [String] and value 'http://localhost,http://machuff.tamu.edu,http://imacdev.tamu.edu,http://savell.evans.tamu.edu,http://jcreel.tamu.edu'
10:14:00.033 [main] DEBUG o.s.b.f.s.DefaultListableBeanFactory - Returning cached instance of singleton bean 'org.springframework.transaction.config.internalTransactionAdvisor'
10:14:00.033 [main] DEBUG o.s.b.f.s.DefaultListableBeanFactory - Returning cached instance of singleton bean 'org.springframework.transaction.config.internalTransactionAdvisor'
10:14:00.034 [main] DEBUG o.s.s.a.ScheduledAnnotationBeanPostProcessor - No @Scheduled annotations found on bean class: class org.springframework.boot.autoconfigure.security.SecurityProperties
10:14:00.034 [main] DEBUG o.s.b.f.s.DefaultListableBeanFactory - Finished creating instance of bean 'securityProperties'
10:14:00.035 [main] DEBUG o.s.b.f.s.DefaultListableBeanFactory - Returning cached instance of singleton bean 'securityProperties'
10:14:00.035 [main] DEBUG o.s.b.f.s.DefaultListableBeanFactory - Autowiring by type from bean name 'springBootAuthenticationConfigurerAdapter' via factory method to bean named 'securityProperties'
10:14:00.035 [main] DEBUG o.s.b.f.s.DefaultListableBeanFactory - Eagerly caching bean 'springBootAuthenticationConfigurerAdapter' to allow for resolving potential circular references
10:14:00.035 [main] DEBUG o.s.b.f.s.DefaultListableBeanFactory - Returning cached instance of singleton bean 'org.springframework.transaction.config.internalTransactionAdvisor'
10:14:00.035 [main] DEBUG o.s.b.f.s.DefaultListableBeanFactory - Returning cached instance of singleton bean 'org.springframework.transaction.config.internalTransactionAdvisor'
10:14:00.036 [main] DEBUG o.s.s.a.ScheduledAnnotationBeanPostProcessor - No @Scheduled annotations found on bean class: class org.springframework.boot.autoconfigure.security.AuthenticationManagerConfiguration$SpringBootAuthenticationConfigurerAdapter
10:14:00.036 [main] DEBUG o.s.b.f.s.DefaultListableBeanFactory - Finished creating instance of bean 'springBootAuthenticationConfigurerAdapter'
10:14:00.036 [main] DEBUG o.s.b.f.s.DefaultListableBeanFactory - Creating shared instance of singleton bean 'bootGlobalAuthenticationConfigurationAdapter'
10:14:00.036 [main] DEBUG o.s.b.f.s.DefaultListableBeanFactory - Creating instance of bean 'bootGlobalAuthenticationConfigurationAdapter'
10:14:00.036 [main] DEBUG o.s.b.f.s.DefaultListableBeanFactory - Returning cached instance of singleton bean 'org.springframework.transaction.config.internalTransactionAdvisor'
10:14:00.036 [main] DEBUG o.s.b.f.s.DefaultListableBeanFactory - Autowiring by type from bean name 'bootGlobalAuthenticationConfigurationAdapter' via factory method to bean named 'org.springframework.context.support.GenericApplicationContext@3e03046d'
10:14:00.036 [main] DEBUG o.s.b.f.s.DefaultListableBeanFactory - Eagerly caching bean 'bootGlobalAuthenticationConfigurationAdapter' to allow for resolving potential circular references
10:14:00.036 [main] DEBUG o.s.b.f.s.DefaultListableBeanFactory - Returning cached instance of singleton bean 'org.springframework.transaction.config.internalTransactionAdvisor'
10:14:00.036 [main] DEBUG o.s.b.f.s.DefaultListableBeanFactory - Returning cached instance of singleton bean 'org.springframework.transaction.config.internalTransactionAdvisor'
10:14:00.037 [main] DEBUG o.s.s.a.ScheduledAnnotationBeanPostProcessor - No @Scheduled annotations found on bean class: class org.springframework.boot.autoconfigure.security.BootGlobalAuthenticationConfiguration$BootGlobalAuthenticationConfigurationAdapter
10:14:00.037 [main] DEBUG o.s.b.f.s.DefaultListableBeanFactory - Finished creating instance of bean 'bootGlobalAuthenticationConfigurationAdapter'
10:14:00.037 [main] DEBUG o.s.b.f.a.AutowiredAnnotationBeanPostProcessor - Autowiring by type from bean name 'org.springframework.security.config.annotation.authentication.configuration.AuthenticationConfiguration' to bean named 'enableGlobalAuthenticationAutowiredConfigurer'
10:14:00.037 [main] DEBUG o.s.b.f.a.AutowiredAnnotationBeanPostProcessor - Autowiring by type from bean name 'org.springframework.security.config.annotation.authentication.configuration.AuthenticationConfiguration' to bean named 'springBootAuthenticationConfigurerAdapter'
10:14:00.037 [main] DEBUG o.s.b.f.a.AutowiredAnnotationBeanPostProcessor - Autowiring by type from bean name 'org.springframework.security.config.annotation.authentication.configuration.AuthenticationConfiguration' to bean named 'bootGlobalAuthenticationConfigurationAdapter'
10:14:00.037 [main] DEBUG o.s.b.f.annotation.InjectionMetadata - Processing injected element of bean 'org.springframework.security.config.annotation.authentication.configuration.AuthenticationConfiguration': AutowiredMethodElement for public void org.springframework.security.config.annotation.authentication.configuration.AuthenticationConfiguration.setObjectPostProcessor(org.springframework.security.config.annotation.ObjectPostProcessor)
10:14:00.038 [main] DEBUG o.s.b.f.s.DefaultListableBeanFactory - Creating shared instance of singleton bean 'objectPostProcessor'
10:14:00.038 [main] DEBUG o.s.b.f.s.DefaultListableBeanFactory - Creating instance of bean 'objectPostProcessor'
10:14:00.038 [main] DEBUG o.s.b.f.s.DefaultListableBeanFactory - Returning cached instance of singleton bean 'org.springframework.transaction.config.internalTransactionAdvisor'
10:14:00.038 [main] DEBUG o.s.b.f.s.DefaultListableBeanFactory - Creating shared instance of singleton bean 'org.springframework.security.config.annotation.configuration.ObjectPostProcessorConfiguration'
10:14:00.038 [main] DEBUG o.s.b.f.s.DefaultListableBeanFactory - Creating instance of bean 'org.springframework.security.config.annotation.configuration.ObjectPostProcessorConfiguration'
10:14:00.038 [main] DEBUG o.s.b.f.s.DefaultListableBeanFactory - Returning cached instance of singleton bean 'org.springframework.transaction.config.internalTransactionAdvisor'
10:14:00.039 [main] DEBUG o.s.b.f.s.DefaultListableBeanFactory - Eagerly caching bean 'org.springframework.security.config.annotation.configuration.ObjectPostProcessorConfiguration' to allow for resolving potential circular references
10:14:00.039 [main] DEBUG o.s.b.f.s.DefaultListableBeanFactory - Returning cached instance of singleton bean 'org.springframework.transaction.config.internalTransactionAdvisor'
10:14:00.039 [main] DEBUG o.s.b.f.s.DefaultListableBeanFactory - Returning cached instance of singleton bean 'org.springframework.transaction.config.internalTransactionAdvisor'
10:14:00.040 [main] DEBUG o.s.s.a.ScheduledAnnotationBeanPostProcessor - No @Scheduled annotations found on bean class: class org.springframework.security.config.annotation.configuration.ObjectPostProcessorConfiguration$$EnhancerBySpringCGLIB$$aa6c7cb0
10:14:00.040 [main] DEBUG o.s.b.f.s.DefaultListableBeanFactory - Finished creating instance of bean 'org.springframework.security.config.annotation.configuration.ObjectPostProcessorConfiguration'
10:14:00.041 [main] DEBUG o.s.b.f.s.DefaultListableBeanFactory - Autowiring by type from bean name 'objectPostProcessor' via factory method to bean named 'org.springframework.beans.factory.support.DefaultListableBeanFactory@9b3be1c'
10:14:00.041 [main] DEBUG o.s.b.f.s.DefaultListableBeanFactory - Eagerly caching bean 'objectPostProcessor' to allow for resolving potential circular references
10:14:00.041 [main] DEBUG o.s.b.f.s.DefaultListableBeanFactory - Returning cached instance of singleton bean 'org.springframework.transaction.config.internalTransactionAdvisor'
10:14:00.041 [main] DEBUG o.s.b.f.s.DefaultListableBeanFactory - Returning cached instance of singleton bean 'org.springframework.transaction.config.internalTransactionAdvisor'
10:14:00.041 [main] DEBUG o.s.s.a.ScheduledAnnotationBeanPostProcessor - No @Scheduled annotations found on bean class: class org.springframework.security.config.annotation.configuration.AutowireBeanFactoryObjectPostProcessor
10:14:00.041 [main] DEBUG o.s.b.f.s.DefaultListableBeanFactory - Finished creating instance of bean 'objectPostProcessor'
10:14:00.041 [main] DEBUG o.s.b.f.a.AutowiredAnnotationBeanPostProcessor - Autowiring by type from bean name 'org.springframework.security.config.annotation.authentication.configuration.AuthenticationConfiguration' to bean named 'objectPostProcessor'
10:14:00.041 [main] DEBUG o.s.b.f.s.DefaultListableBeanFactory - Returning cached instance of singleton bean 'org.springframework.transaction.config.internalTransactionAdvisor'
10:14:00.041 [main] DEBUG o.s.b.f.s.DefaultListableBeanFactory - Returning cached instance of singleton bean 'org.springframework.transaction.config.internalTransactionAdvisor'
10:14:00.042 [main] DEBUG o.s.s.a.ScheduledAnnotationBeanPostProcessor - No @Scheduled annotations found on bean class: class org.springframework.security.config.annotation.authentication.configuration.AuthenticationConfiguration$$EnhancerBySpringCGLIB$$42095c85
10:14:00.042 [main] DEBUG o.s.b.f.s.DefaultListableBeanFactory - Finished creating instance of bean 'org.springframework.security.config.annotation.authentication.configuration.AuthenticationConfiguration'
10:14:00.042 [main] DEBUG o.s.b.f.a.AutowiredAnnotationBeanPostProcessor - Autowiring by type from bean name 'coreSecurityConfig' to bean named 'org.springframework.security.config.annotation.authentication.configuration.AuthenticationConfiguration'
10:14:00.042 [main] DEBUG o.s.b.f.annotation.InjectionMetadata - Processing injected element of bean 'coreSecurityConfig': AutowiredMethodElement for public void org.springframework.security.config.annotation.web.configuration.WebSecurityConfigurerAdapter.setApplicationContext(org.springframework.context.ApplicationContext)
10:14:00.043 [main] DEBUG o.s.b.f.a.AutowiredAnnotationBeanPostProcessor - Autowiring by type from bean name 'coreSecurityConfig' to bean named 'org.springframework.context.support.GenericApplicationContext@3e03046d'
10:14:00.043 [main] DEBUG o.s.b.f.annotation.InjectionMetadata - Processing injected element of bean 'coreSecurityConfig': AutowiredMethodElement for public void org.springframework.security.config.annotation.web.configuration.WebSecurityConfigurerAdapter.setObjectPostProcessor(org.springframework.security.config.annotation.ObjectPostProcessor)
10:14:00.043 [main] DEBUG o.s.b.f.s.DefaultListableBeanFactory - Returning cached instance of singleton bean 'objectPostProcessor'
10:14:00.043 [main] DEBUG o.s.b.f.a.AutowiredAnnotationBeanPostProcessor - Autowiring by type from bean name 'coreSecurityConfig' to bean named 'objectPostProcessor'
10:14:00.043 [main] DEBUG o.s.b.f.s.DefaultListableBeanFactory - Returning cached instance of singleton bean 'org.springframework.transaction.config.internalTransactionAdvisor'
10:14:00.043 [main] DEBUG o.s.b.f.s.DefaultListableBeanFactory - Returning cached instance of singleton bean 'org.springframework.transaction.config.internalTransactionAdvisor'
10:14:00.045 [main] DEBUG o.s.s.a.ScheduledAnnotationBeanPostProcessor - No @Scheduled annotations found on bean class: class edu.tamu.framework.config.CoreSecurityConfig$$EnhancerBySpringCGLIB$$1119397
10:14:00.045 [main] DEBUG o.s.b.f.s.DefaultListableBeanFactory - Finished creating instance of bean 'coreSecurityConfig'
10:14:00.045 [main] DEBUG o.s.b.f.s.DefaultListableBeanFactory - Returning cached instance of singleton bean 'coreWebAppConfig'
10:14:00.045 [main] DEBUG o.s.b.f.s.DefaultListableBeanFactory - Returning cached instance of singleton bean 'coreWebMvcConfig'
10:14:00.045 [main] DEBUG o.s.b.f.s.DefaultListableBeanFactory - Creating shared instance of singleton bean 'reportingController'
10:14:00.045 [main] DEBUG o.s.b.f.s.DefaultListableBeanFactory - Creating instance of bean 'reportingController'
10:14:00.045 [main] DEBUG o.s.b.f.s.DefaultListableBeanFactory - Returning cached instance of singleton bean 'org.springframework.transaction.config.internalTransactionAdvisor'
10:14:00.046 [main] DEBUG o.s.b.f.annotation.InjectionMetadata - Registered injected element on class [edu.tamu.framework.controller.ReportingController]: AutowiredFieldElement for private edu.tamu.framework.util.EmailUtility edu.tamu.framework.controller.ReportingController.emailUtility
10:14:00.046 [main] DEBUG o.s.b.f.annotation.InjectionMetadata - Registered injected element on class [edu.tamu.framework.controller.ReportingController]: AutowiredFieldElement for private com.fasterxml.jackson.databind.ObjectMapper edu.tamu.framework.controller.ReportingController.objectMapper
10:14:00.046 [main] DEBUG o.s.b.f.s.DefaultListableBeanFactory - Eagerly caching bean 'reportingController' to allow for resolving potential circular references
10:14:00.046 [main] DEBUG o.s.b.f.annotation.InjectionMetadata - Processing injected element of bean 'reportingController': AutowiredFieldElement for private edu.tamu.framework.util.EmailUtility edu.tamu.framework.controller.ReportingController.emailUtility
10:14:00.047 [main] DEBUG o.s.b.f.s.DefaultListableBeanFactory - Creating shared instance of singleton bean 'emailUtility'
10:14:00.047 [main] DEBUG o.s.b.f.s.DefaultListableBeanFactory - Creating instance of bean 'emailUtility'
10:14:00.047 [main] DEBUG o.s.b.f.s.DefaultListableBeanFactory - Returning cached instance of singleton bean 'org.springframework.transaction.config.internalTransactionAdvisor'
10:14:00.048 [main] DEBUG o.s.b.f.annotation.InjectionMetadata - Registered injected element on class [edu.tamu.framework.util.EmailUtility]: AutowiredFieldElement for private java.lang.String edu.tamu.framework.util.EmailUtility.emailHost
10:14:00.049 [main] DEBUG o.s.b.f.annotation.InjectionMetadata - Registered injected element on class [edu.tamu.framework.util.EmailUtility]: AutowiredFieldElement for private java.lang.String edu.tamu.framework.util.EmailUtility.emailAddress
10:14:00.049 [main] DEBUG o.s.b.f.s.DefaultListableBeanFactory - Eagerly caching bean 'emailUtility' to allow for resolving potential circular references
10:14:00.049 [main] DEBUG o.s.b.f.annotation.InjectionMetadata - Processing injected element of bean 'emailUtility': AutowiredFieldElement for private java.lang.String edu.tamu.framework.util.EmailUtility.emailHost
10:14:00.049 [main] DEBUG o.s.c.e.PropertySourcesPropertyResolver - Searching for key 'app.email.host' in [environmentProperties]
10:14:00.049 [main] DEBUG o.s.c.e.PropertySourcesPropertyResolver - Searching for key 'app.email.host' in [systemProperties]
10:14:00.049 [main] DEBUG o.s.c.e.PropertySourcesPropertyResolver - Searching for key 'app.email.host' in [systemEnvironment]
10:14:00.049 [main] DEBUG o.s.c.e.PropertySourcesPropertyResolver - Searching for key 'app.email.host' in [class path resource [config/application.properties]]
10:14:00.049 [main] DEBUG o.s.c.e.PropertySourcesPropertyResolver - Found key 'app.email.host' in [class path resource [config/application.properties]] with type [String] and value 'relay.tamu.edu'
10:14:00.049 [main] DEBUG o.s.c.e.PropertySourcesPropertyResolver - Found key 'app.email.host' in [environmentProperties] with type [String] and value 'relay.tamu.edu'
10:14:00.049 [main] DEBUG o.s.b.f.annotation.InjectionMetadata - Processing injected element of bean 'emailUtility': AutowiredFieldElement for private java.lang.String edu.tamu.framework.util.EmailUtility.emailAddress
10:14:00.049 [main] DEBUG o.s.c.e.PropertySourcesPropertyResolver - Searching for key 'app.email.address' in [environmentProperties]
10:14:00.049 [main] DEBUG o.s.c.e.PropertySourcesPropertyResolver - Searching for key 'app.email.address' in [systemProperties]
10:14:00.049 [main] DEBUG o.s.c.e.PropertySourcesPropertyResolver - Searching for key 'app.email.address' in [systemEnvironment]
10:14:00.049 [main] DEBUG o.s.c.e.PropertySourcesPropertyResolver - Searching for key 'app.email.address' in [class path resource [config/application.properties]]
10:14:00.049 [main] DEBUG o.s.c.e.PropertySourcesPropertyResolver - Found key 'app.email.address' in [class path resource [config/application.properties]] with type [String] and value 'dhahn@library.tamu.edu'
10:14:00.049 [main] DEBUG o.s.c.e.PropertySourcesPropertyResolver - Found key 'app.email.address' in [environmentProperties] with type [String] and value 'dhahn@library.tamu.edu'
10:14:00.049 [main] DEBUG o.s.b.f.s.DefaultListableBeanFactory - Returning cached instance of singleton bean 'org.springframework.transaction.config.internalTransactionAdvisor'
10:14:00.049 [main] DEBUG o.s.b.f.s.DefaultListableBeanFactory - Returning cached instance of singleton bean 'org.springframework.transaction.config.internalTransactionAdvisor'
10:14:00.050 [main] DEBUG o.s.s.a.ScheduledAnnotationBeanPostProcessor - No @Scheduled annotations found on bean class: class edu.tamu.framework.util.EmailUtility
10:14:00.050 [main] DEBUG o.s.b.f.s.DefaultListableBeanFactory - Finished creating instance of bean 'emailUtility'
10:14:00.050 [main] DEBUG o.s.b.f.a.AutowiredAnnotationBeanPostProcessor - Autowiring by type from bean name 'reportingController' to bean named 'emailUtility'
10:14:00.050 [main] DEBUG o.s.b.f.annotation.InjectionMetadata - Processing injected element of bean 'reportingController': AutowiredFieldElement for private com.fasterxml.jackson.databind.ObjectMapper edu.tamu.framework.controller.ReportingController.objectMapper
10:14:00.050 [main] DEBUG o.s.b.f.s.DefaultListableBeanFactory - Returning cached instance of singleton bean 'objectMapper'
10:14:00.050 [main] DEBUG o.s.b.f.a.AutowiredAnnotationBeanPostProcessor - Autowiring by type from bean name 'reportingController' to bean named 'objectMapper'
10:14:00.050 [main] DEBUG o.s.b.f.s.DefaultListableBeanFactory - Returning cached instance of singleton bean 'org.springframework.transaction.config.internalTransactionAdvisor'
10:14:00.050 [main] DEBUG o.s.b.f.s.DefaultListableBeanFactory - Returning cached instance of singleton bean 'org.springframework.transaction.config.internalTransactionAdvisor'
10:14:00.052 [main] DEBUG o.s.a.a.a.AnnotationAwareAspectJAutoProxyCreator - Creating implicit proxy for bean 'reportingController' with 0 common interceptors and 2 specific interceptors
10:14:00.052 [main] DEBUG o.s.aop.framework.CglibAopProxy - Creating CGLIB proxy: target source is SingletonTargetSource for target object [edu.tamu.framework.controller.ReportingController@525b8922]
10:14:00.052 [main] DEBUG o.s.s.a.ScheduledAnnotationBeanPostProcessor - No @Scheduled annotations found on bean class: class edu.tamu.framework.controller.ReportingController$$EnhancerBySpringCGLIB$$2eed95d4
10:14:00.052 [main] DEBUG o.s.b.f.s.DefaultListableBeanFactory - Finished creating instance of bean 'reportingController'
10:14:00.052 [main] DEBUG o.s.b.f.s.DefaultListableBeanFactory - Creating shared instance of singleton bean 'symlinkRepo'
10:14:00.052 [main] DEBUG o.s.b.f.s.DefaultListableBeanFactory - Creating instance of bean 'symlinkRepo'
10:14:00.052 [main] DEBUG o.s.b.f.s.DefaultListableBeanFactory - Returning cached instance of singleton bean 'org.springframework.transaction.config.internalTransactionAdvisor'
10:14:00.053 [main] DEBUG o.s.b.f.s.DefaultListableBeanFactory - Eagerly caching bean 'symlinkRepo' to allow for resolving potential circular references
10:14:00.053 [main] DEBUG o.s.core.env.MutablePropertySources - Adding [systemProperties] PropertySource with lowest search precedence
10:14:00.053 [main] DEBUG o.s.core.env.MutablePropertySources - Adding [systemEnvironment] PropertySource with lowest search precedence
10:14:00.053 [main] DEBUG o.s.core.env.MutablePropertySources - Adding [class path resource [config/application.properties]] PropertySource with lowest search precedence
10:14:00.053 [main] DEBUG o.s.core.env.MutablePropertySources - Adding [localProperties] PropertySource with lowest search precedence
10:14:00.053 [main] DEBUG o.s.core.env.MutablePropertySources - Adding [systemProperties] PropertySource with lowest search precedence
10:14:00.053 [main] DEBUG o.s.core.env.MutablePropertySources - Adding [systemEnvironment] PropertySource with lowest search precedence
10:14:00.053 [main] DEBUG o.s.core.env.MutablePropertySources - Adding [class path resource [config/application.properties]] PropertySource with lowest search precedence
10:14:00.053 [main] DEBUG o.s.core.env.MutablePropertySources - Adding [localProperties] PropertySource with lowest search precedence
10:14:00.053 [main] DEBUG o.s.c.e.PropertySourcesPropertyResolver - Searching for key 'app.security.jwt.secret_key' in [systemProperties]
10:14:00.053 [main] DEBUG o.s.c.e.PropertySourcesPropertyResolver - Searching for key 'app.security.jwt.secret_key' in [systemEnvironment]
10:14:00.053 [main] DEBUG o.s.c.e.PropertySourcesPropertyResolver - Searching for key 'app.security.jwt.secret_key' in [class path resource [config/application.properties]]
10:14:00.053 [main] DEBUG o.s.c.e.PropertySourcesPropertyResolver - Found key 'app.security.jwt.secret_key' in [class path resource [config/application.properties]] with type [String] and value 'verysecretsecret'
10:14:00.053 [main] DEBUG o.s.core.env.MutablePropertySources - Adding [systemProperties] PropertySource with lowest search precedence
10:14:00.053 [main] DEBUG o.s.core.env.MutablePropertySources - Adding [systemEnvironment] PropertySource with lowest search precedence
10:14:00.053 [main] DEBUG o.s.core.env.MutablePropertySources - Adding [class path resource [config/application.properties]] PropertySource with lowest search precedence
10:14:00.053 [main] DEBUG o.s.core.env.MutablePropertySources - Adding [localProperties] PropertySource with lowest search precedence
10:14:00.053 [main] DEBUG o.s.c.e.PropertySourcesPropertyResolver - Searching for key 'app.whitelist' in [systemProperties]
10:14:00.053 [main] DEBUG o.s.c.e.PropertySourcesPropertyResolver - Searching for key 'app.whitelist' in [systemEnvironment]
10:14:00.053 [main] DEBUG o.s.c.e.PropertySourcesPropertyResolver - Searching for key 'app.whitelist' in [class path resource [config/application.properties]]
10:14:00.053 [main] DEBUG o.s.c.e.PropertySourcesPropertyResolver - Found key 'app.whitelist' in [class path resource [config/application.properties]] with type [String] and value '127.0.0.1'
10:14:00.053 [main] DEBUG o.s.core.env.MutablePropertySources - Adding [systemProperties] PropertySource with lowest search precedence
10:14:00.053 [main] DEBUG o.s.core.env.MutablePropertySources - Adding [systemEnvironment] PropertySource with lowest search precedence
10:14:00.053 [main] DEBUG o.s.core.env.MutablePropertySources - Adding [class path resource [config/application.properties]] PropertySource with lowest search precedence
10:14:00.053 [main] DEBUG o.s.core.env.MutablePropertySources - Adding [localProperties] PropertySource with lowest search precedence
10:14:00.053 [main] DEBUG o.s.c.e.PropertySourcesPropertyResolver - Searching for key 'app.email.address' in [systemProperties]
10:14:00.053 [main] DEBUG o.s.c.e.PropertySourcesPropertyResolver - Searching for key 'app.email.address' in [systemEnvironment]
10:14:00.053 [main] DEBUG o.s.c.e.PropertySourcesPropertyResolver - Searching for key 'app.email.address' in [class path resource [config/application.properties]]
10:14:00.053 [main] DEBUG o.s.c.e.PropertySourcesPropertyResolver - Found key 'app.email.address' in [class path resource [config/application.properties]] with type [String] and value 'dhahn@library.tamu.edu'
10:14:00.054 [main] DEBUG o.s.core.env.MutablePropertySources - Adding [systemProperties] PropertySource with lowest search precedence
10:14:00.054 [main] DEBUG o.s.core.env.MutablePropertySources - Adding [systemEnvironment] PropertySource with lowest search precedence
10:14:00.054 [main] DEBUG o.s.core.env.MutablePropertySources - Adding [class path resource [config/application.properties]] PropertySource with lowest search precedence
10:14:00.054 [main] DEBUG o.s.core.env.MutablePropertySources - Adding [localProperties] PropertySource with lowest search precedence
10:14:00.054 [main] DEBUG o.s.c.e.PropertySourcesPropertyResolver - Searching for key 'app.service.voyager.app' in [systemProperties]
10:14:00.054 [main] DEBUG o.s.c.e.PropertySourcesPropertyResolver - Searching for key 'app.service.voyager.app' in [systemEnvironment]
10:14:00.054 [main] DEBUG o.s.c.e.PropertySourcesPropertyResolver - Searching for key 'app.service.voyager.app' in [class path resource [config/application.properties]]
10:14:00.054 [main] DEBUG o.s.c.e.PropertySourcesPropertyResolver - Found key 'app.service.voyager.app' in [class path resource [config/application.properties]] with type [String] and value 'vxws'
10:14:00.054 [main] DEBUG o.s.core.env.MutablePropertySources - Adding [systemProperties] PropertySource with lowest search precedence
10:14:00.054 [main] DEBUG o.s.core.env.MutablePropertySources - Adding [systemEnvironment] PropertySource with lowest search precedence
10:14:00.054 [main] DEBUG o.s.core.env.MutablePropertySources - Adding [class path resource [config/application.properties]] PropertySource with lowest search precedence
10:14:00.054 [main] DEBUG o.s.core.env.MutablePropertySources - Adding [localProperties] PropertySource with lowest search precedence
10:14:00.054 [main] DEBUG o.s.c.e.PropertySourcesPropertyResolver - Searching for key 'spring.datasource.test-on-borrow' in [systemProperties]
10:14:00.054 [main] DEBUG o.s.c.e.PropertySourcesPropertyResolver - Searching for key 'spring.datasource.test-on-borrow' in [systemEnvironment]
10:14:00.054 [main] DEBUG o.s.c.e.PropertySourcesPropertyResolver - Searching for key 'spring.datasource.test-on-borrow' in [class path resource [config/application.properties]]
10:14:00.054 [main] DEBUG o.s.c.e.PropertySourcesPropertyResolver - Found key 'spring.datasource.test-on-borrow' in [class path resource [config/application.properties]] with type [String] and value 'true'
10:14:00.054 [main] DEBUG o.s.core.env.MutablePropertySources - Adding [systemProperties] PropertySource with lowest search precedence
10:14:00.054 [main] DEBUG o.s.core.env.MutablePropertySources - Adding [systemEnvironment] PropertySource with lowest search precedence
10:14:00.054 [main] DEBUG o.s.core.env.MutablePropertySources - Adding [class path resource [config/application.properties]] PropertySource with lowest search precedence
10:14:00.054 [main] DEBUG o.s.core.env.MutablePropertySources - Adding [localProperties] PropertySource with lowest search precedence
10:14:00.054 [main] DEBUG o.s.c.e.PropertySourcesPropertyResolver - Searching for key 'shib.email' in [systemProperties]
10:14:00.054 [main] DEBUG o.s.c.e.PropertySourcesPropertyResolver - Searching for key 'shib.email' in [systemEnvironment]
10:14:00.054 [main] DEBUG o.s.c.e.PropertySourcesPropertyResolver - Searching for key 'shib.email' in [class path resource [config/application.properties]]
10:14:00.054 [main] DEBUG o.s.c.e.PropertySourcesPropertyResolver - Found key 'shib.email' in [class path resource [config/application.properties]] with type [String] and value 'tdl-mail'
10:14:00.054 [main] DEBUG o.s.core.env.MutablePropertySources - Adding [systemProperties] PropertySource with lowest search precedence
10:14:00.054 [main] DEBUG o.s.core.env.MutablePropertySources - Adding [systemEnvironment] PropertySource with lowest search precedence
10:14:00.054 [main] DEBUG o.s.core.env.MutablePropertySources - Adding [class path resource [config/application.properties]] PropertySource with lowest search precedence
10:14:00.054 [main] DEBUG o.s.core.env.MutablePropertySources - Adding [localProperties] PropertySource with lowest search precedence
10:14:00.054 [main] DEBUG o.s.c.e.PropertySourcesPropertyResolver - Searching for key 'spring.datasource.url' in [systemProperties]
10:14:00.054 [main] DEBUG o.s.c.e.PropertySourcesPropertyResolver - Searching for key 'spring.datasource.url' in [systemEnvironment]
10:14:00.054 [main] DEBUG o.s.c.e.PropertySourcesPropertyResolver - Searching for key 'spring.datasource.url' in [class path resource [config/application.properties]]
10:14:00.054 [main] DEBUG o.s.c.e.PropertySourcesPropertyResolver - Found key 'spring.datasource.url' in [class path resource [config/application.properties]] with type [String] and value 'jdbc:postgresql://localhost:5432/spring_seed'
10:14:00.054 [main] DEBUG o.s.core.env.MutablePropertySources - Adding [systemProperties] PropertySource with lowest search precedence
10:14:00.054 [main] DEBUG o.s.core.env.MutablePropertySources - Adding [systemEnvironment] PropertySource with lowest search precedence
10:14:00.054 [main] DEBUG o.s.core.env.MutablePropertySources - Adding [class path resource [config/application.properties]] PropertySource with lowest search precedence
10:14:00.054 [main] DEBUG o.s.core.env.MutablePropertySources - Adding [localProperties] PropertySource with lowest search precedence
10:14:00.054 [main] DEBUG o.s.c.e.PropertySourcesPropertyResolver - Searching for key 'shib.netid' in [systemProperties]
10:14:00.054 [main] DEBUG o.s.c.e.PropertySourcesPropertyResolver - Searching for key 'shib.netid' in [systemEnvironment]
10:14:00.054 [main] DEBUG o.s.c.e.PropertySourcesPropertyResolver - Searching for key 'shib.netid' in [class path resource [config/application.properties]]
10:14:00.054 [main] DEBUG o.s.c.e.PropertySourcesPropertyResolver - Found key 'shib.netid' in [class path resource [config/application.properties]] with type [String] and value 'edupersonprincipalnameunscoped'
10:14:00.054 [main] DEBUG o.s.core.env.MutablePropertySources - Adding [systemProperties] PropertySource with lowest search precedence
10:14:00.054 [main] DEBUG o.s.core.env.MutablePropertySources - Adding [systemEnvironment] PropertySource with lowest search precedence
10:14:00.054 [main] DEBUG o.s.core.env.MutablePropertySources - Adding [class path resource [config/application.properties]] PropertySource with lowest search precedence
10:14:00.054 [main] DEBUG o.s.core.env.MutablePropertySources - Adding [localProperties] PropertySource with lowest search precedence
10:14:00.054 [main] DEBUG o.s.c.e.PropertySourcesPropertyResolver - Searching for key 'shib.keys' in [systemProperties]
10:14:00.054 [main] DEBUG o.s.c.e.PropertySourcesPropertyResolver - Searching for key 'shib.keys' in [systemEnvironment]
10:14:00.054 [main] DEBUG o.s.c.e.PropertySourcesPropertyResolver - Searching for key 'shib.keys' in [class path resource [config/application.properties]]
10:14:00.054 [main] DEBUG o.s.c.e.PropertySourcesPropertyResolver - Found key 'shib.keys' in [class path resource [config/application.properties]] with type [String] and value 'netid,uin,lastName,firstName,email'
10:14:00.054 [main] DEBUG o.s.core.env.MutablePropertySources - Adding [systemProperties] PropertySource with lowest search precedence
10:14:00.054 [main] DEBUG o.s.core.env.MutablePropertySources - Adding [systemEnvironment] PropertySource with lowest search precedence
10:14:00.054 [main] DEBUG o.s.core.env.MutablePropertySources - Adding [class path resource [config/application.properties]] PropertySource with lowest search precedence
10:14:00.054 [main] DEBUG o.s.core.env.MutablePropertySources - Adding [localProperties] PropertySource with lowest search precedence
10:14:00.054 [main] DEBUG o.s.c.e.PropertySourcesPropertyResolver - Searching for key 'spring.datasource.password' in [systemProperties]
10:14:00.054 [main] DEBUG o.s.c.e.PropertySourcesPropertyResolver - Searching for key 'spring.datasource.password' in [systemEnvironment]
10:14:00.054 [main] DEBUG o.s.c.e.PropertySourcesPropertyResolver - Searching for key 'spring.datasource.password' in [class path resource [config/application.properties]]
10:14:00.054 [main] DEBUG o.s.c.e.PropertySourcesPropertyResolver - Found key 'spring.datasource.password' in [class path resource [config/application.properties]] with type [String] and value 'spring'
10:14:00.054 [main] DEBUG o.s.core.env.MutablePropertySources - Adding [systemProperties] PropertySource with lowest search precedence
10:14:00.054 [main] DEBUG o.s.core.env.MutablePropertySources - Adding [systemEnvironment] PropertySource with lowest search precedence
10:14:00.054 [main] DEBUG o.s.core.env.MutablePropertySources - Adding [class path resource [config/application.properties]] PropertySource with lowest search precedence
10:14:00.054 [main] DEBUG o.s.core.env.MutablePropertySources - Adding [localProperties] PropertySource with lowest search precedence
10:14:00.054 [main] DEBUG o.s.c.e.PropertySourcesPropertyResolver - Searching for key 'spring.jpa.database-platform' in [systemProperties]
10:14:00.054 [main] DEBUG o.s.c.e.PropertySourcesPropertyResolver - Searching for key 'spring.jpa.database-platform' in [systemEnvironment]
10:14:00.054 [main] DEBUG o.s.c.e.PropertySourcesPropertyResolver - Searching for key 'spring.jpa.database-platform' in [class path resource [config/application.properties]]
10:14:00.054 [main] DEBUG o.s.c.e.PropertySourcesPropertyResolver - Found key 'spring.jpa.database-platform' in [class path resource [config/application.properties]] with type [String] and value 'org.hibernate.dialect.PostgreSQLDialect'
10:14:00.054 [main] DEBUG o.s.core.env.MutablePropertySources - Adding [systemProperties] PropertySource with lowest search precedence
10:14:00.054 [main] DEBUG o.s.core.env.MutablePropertySources - Adding [systemEnvironment] PropertySource with lowest search precedence
10:14:00.054 [main] DEBUG o.s.core.env.MutablePropertySources - Adding [class path resource [config/application.properties]] PropertySource with lowest search precedence
10:14:00.054 [main] DEBUG o.s.core.env.MutablePropertySources - Adding [localProperties] PropertySource with lowest search precedence
10:14:00.054 [main] DEBUG o.s.c.e.PropertySourcesPropertyResolver - Searching for key 'spring.jpa.show_sql' in [systemProperties]
10:14:00.054 [main] DEBUG o.s.c.e.PropertySourcesPropertyResolver - Searching for key 'spring.jpa.show_sql' in [systemEnvironment]
10:14:00.054 [main] DEBUG o.s.c.e.PropertySourcesPropertyResolver - Searching for key 'spring.jpa.show_sql' in [class path resource [config/application.properties]]
10:14:00.054 [main] DEBUG o.s.c.e.PropertySourcesPropertyResolver - Found key 'spring.jpa.show_sql' in [class path resource [config/application.properties]] with type [String] and value 'false'
10:14:00.054 [main] DEBUG o.s.core.env.MutablePropertySources - Adding [systemProperties] PropertySource with lowest search precedence
10:14:00.054 [main] DEBUG o.s.core.env.MutablePropertySources - Adding [systemEnvironment] PropertySource with lowest search precedence
10:14:00.054 [main] DEBUG o.s.core.env.MutablePropertySources - Adding [class path resource [config/application.properties]] PropertySource with lowest search precedence
10:14:00.054 [main] DEBUG o.s.core.env.MutablePropertySources - Adding [localProperties] PropertySource with lowest search precedence
10:14:00.054 [main] DEBUG o.s.c.e.PropertySourcesPropertyResolver - Searching for key 'app.service.voyager.ports' in [systemProperties]
10:14:00.054 [main] DEBUG o.s.c.e.PropertySourcesPropertyResolver - Searching for key 'app.service.voyager.ports' in [systemEnvironment]
10:14:00.054 [main] DEBUG o.s.c.e.PropertySourcesPropertyResolver - Searching for key 'app.service.voyager.ports' in [class path resource [config/application.properties]]
10:14:00.054 [main] DEBUG o.s.c.e.PropertySourcesPropertyResolver - Found key 'app.service.voyager.ports' in [class path resource [config/application.properties]] with type [String] and value '7014,7414'
10:14:00.054 [main] DEBUG o.s.core.env.MutablePropertySources - Adding [systemProperties] PropertySource with lowest search precedence
10:14:00.054 [main] DEBUG o.s.core.env.MutablePropertySources - Adding [systemEnvironment] PropertySource with lowest search precedence
10:14:00.054 [main] DEBUG o.s.core.env.MutablePropertySources - Adding [class path resource [config/application.properties]] PropertySource with lowest search precedence
10:14:00.054 [main] DEBUG o.s.core.env.MutablePropertySources - Adding [localProperties] PropertySource with lowest search precedence
10:14:00.054 [main] DEBUG o.s.c.e.PropertySourcesPropertyResolver - Searching for key 'spring.datasource.validation-query' in [systemProperties]
10:14:00.054 [main] DEBUG o.s.c.e.PropertySourcesPropertyResolver - Searching for key 'spring.datasource.validation-query' in [systemEnvironment]
10:14:00.054 [main] DEBUG o.s.c.e.PropertySourcesPropertyResolver - Searching for key 'spring.datasource.validation-query' in [class path resource [config/application.properties]]
10:14:00.054 [main] DEBUG o.s.c.e.PropertySourcesPropertyResolver - Found key 'spring.datasource.validation-query' in [class path resource [config/application.properties]] with type [String] and value 'select version();'
10:14:00.054 [main] DEBUG o.s.core.env.MutablePropertySources - Adding [systemProperties] PropertySource with lowest search precedence
10:14:00.054 [main] DEBUG o.s.core.env.MutablePropertySources - Adding [systemEnvironment] PropertySource with lowest search precedence
10:14:00.054 [main] DEBUG o.s.core.env.MutablePropertySources - Adding [class path resource [config/application.properties]] PropertySource with lowest search precedence
10:14:00.054 [main] DEBUG o.s.core.env.MutablePropertySources - Adding [localProperties] PropertySource with lowest search precedence
10:14:00.054 [main] DEBUG o.s.c.e.PropertySourcesPropertyResolver - Searching for key 'shib.firstName' in [systemProperties]
10:14:00.054 [main] DEBUG o.s.c.e.PropertySourcesPropertyResolver - Searching for key 'shib.firstName' in [systemEnvironment]
10:14:00.054 [main] DEBUG o.s.c.e.PropertySourcesPropertyResolver - Searching for key 'shib.firstName' in [class path resource [config/application.properties]]
10:14:00.054 [main] DEBUG o.s.c.e.PropertySourcesPropertyResolver - Found key 'shib.firstName' in [class path resource [config/application.properties]] with type [String] and value 'tdl-givenname'
10:14:00.054 [main] DEBUG o.s.core.env.MutablePropertySources - Adding [systemProperties] PropertySource with lowest search precedence
10:14:00.054 [main] DEBUG o.s.core.env.MutablePropertySources - Adding [systemEnvironment] PropertySource with lowest search precedence
10:14:00.054 [main] DEBUG o.s.core.env.MutablePropertySources - Adding [class path resource [config/application.properties]] PropertySource with lowest search precedence
10:14:00.054 [main] DEBUG o.s.core.env.MutablePropertySources - Adding [localProperties] PropertySource with lowest search precedence
10:14:00.054 [main] DEBUG o.s.c.e.PropertySourcesPropertyResolver - Searching for key 'shib.uin' in [systemProperties]
10:14:00.054 [main] DEBUG o.s.c.e.PropertySourcesPropertyResolver - Searching for key 'shib.uin' in [systemEnvironment]
10:14:00.054 [main] DEBUG o.s.c.e.PropertySourcesPropertyResolver - Searching for key 'shib.uin' in [class path resource [config/application.properties]]
10:14:00.054 [main] DEBUG o.s.c.e.PropertySourcesPropertyResolver - Found key 'shib.uin' in [class path resource [config/application.properties]] with type [String] and value 'tamuuin'
10:14:00.054 [main] DEBUG o.s.core.env.MutablePropertySources - Adding [systemProperties] PropertySource with lowest search precedence
10:14:00.055 [main] DEBUG o.s.core.env.MutablePropertySources - Adding [systemEnvironment] PropertySource with lowest search precedence
10:14:00.055 [main] DEBUG o.s.core.env.MutablePropertySources - Adding [class path resource [config/application.properties]] PropertySource with lowest search precedence
10:14:00.055 [main] DEBUG o.s.core.env.MutablePropertySources - Adding [localProperties] PropertySource with lowest search precedence
10:14:00.055 [main] DEBUG o.s.c.e.PropertySourcesPropertyResolver - Searching for key 'spring.datasource.defaultAutoCommit' in [systemProperties]
10:14:00.055 [main] DEBUG o.s.c.e.PropertySourcesPropertyResolver - Searching for key 'spring.datasource.defaultAutoCommit' in [systemEnvironment]
10:14:00.055 [main] DEBUG o.s.c.e.PropertySourcesPropertyResolver - Searching for key 'spring.datasource.defaultAutoCommit' in [class path resource [config/application.properties]]
10:14:00.055 [main] DEBUG o.s.c.e.PropertySourcesPropertyResolver - Found key 'spring.datasource.defaultAutoCommit' in [class path resource [config/application.properties]] with type [String] and value 'false'
10:14:00.055 [main] DEBUG o.s.core.env.MutablePropertySources - Adding [systemProperties] PropertySource with lowest search precedence
10:14:00.055 [main] DEBUG o.s.core.env.MutablePropertySources - Adding [systemEnvironment] PropertySource with lowest search precedence
10:14:00.055 [main] DEBUG o.s.core.env.MutablePropertySources - Adding [class path resource [config/application.properties]] PropertySource with lowest search precedence
10:14:00.055 [main] DEBUG o.s.core.env.MutablePropertySources - Adding [localProperties] PropertySource with lowest search precedence
10:14:00.055 [main] DEBUG o.s.c.e.PropertySourcesPropertyResolver - Searching for key 'spring.datasource.username' in [systemProperties]
10:14:00.055 [main] DEBUG o.s.c.e.PropertySourcesPropertyResolver - Searching for key 'spring.datasource.username' in [systemEnvironment]
10:14:00.055 [main] DEBUG o.s.c.e.PropertySourcesPropertyResolver - Searching for key 'spring.datasource.username' in [class path resource [config/application.properties]]
10:14:00.055 [main] DEBUG o.s.c.e.PropertySourcesPropertyResolver - Found key 'spring.datasource.username' in [class path resource [config/application.properties]] with type [String] and value 'spring'
10:14:00.055 [main] DEBUG o.s.core.env.MutablePropertySources - Adding [systemProperties] PropertySource with lowest search precedence
10:14:00.055 [main] DEBUG o.s.core.env.MutablePropertySources - Adding [systemEnvironment] PropertySource with lowest search precedence
10:14:00.055 [main] DEBUG o.s.core.env.MutablePropertySources - Adding [class path resource [config/application.properties]] PropertySource with lowest search precedence
10:14:00.055 [main] DEBUG o.s.core.env.MutablePropertySources - Adding [localProperties] PropertySource with lowest search precedence
10:14:00.055 [main] DEBUG o.s.c.e.PropertySourcesPropertyResolver - Searching for key 'app.service.voyager.host' in [systemProperties]
10:14:00.055 [main] DEBUG o.s.c.e.PropertySourcesPropertyResolver - Searching for key 'app.service.voyager.host' in [systemEnvironment]
10:14:00.055 [main] DEBUG o.s.c.e.PropertySourcesPropertyResolver - Searching for key 'app.service.voyager.host' in [class path resource [config/application.properties]]
10:14:00.055 [main] DEBUG o.s.c.e.PropertySourcesPropertyResolver - Found key 'app.service.voyager.host' in [class path resource [config/application.properties]] with type [String] and value 'surprise.tamu.edu'
10:14:00.055 [main] DEBUG o.s.core.env.MutablePropertySources - Adding [systemProperties] PropertySource with lowest search precedence
10:14:00.055 [main] DEBUG o.s.core.env.MutablePropertySources - Adding [systemEnvironment] PropertySource with lowest search precedence
10:14:00.055 [main] DEBUG o.s.core.env.MutablePropertySources - Adding [class path resource [config/application.properties]] PropertySource with lowest search precedence
10:14:00.055 [main] DEBUG o.s.core.env.MutablePropertySources - Adding [localProperties] PropertySource with lowest search precedence
10:14:00.055 [main] DEBUG o.s.c.e.PropertySourcesPropertyResolver - Searching for key 'logging.level.org.springframework' in [systemProperties]
10:14:00.055 [main] DEBUG o.s.c.e.PropertySourcesPropertyResolver - Searching for key 'logging.level.org.springframework' in [systemEnvironment]
10:14:00.055 [main] DEBUG o.s.c.e.PropertySourcesPropertyResolver - Searching for key 'logging.level.org.springframework' in [class path resource [config/application.properties]]
10:14:00.055 [main] DEBUG o.s.c.e.PropertySourcesPropertyResolver - Found key 'logging.level.org.springframework' in [class path resource [config/application.properties]] with type [String] and value 'INFO'
10:14:00.055 [main] DEBUG o.s.core.env.MutablePropertySources - Adding [systemProperties] PropertySource with lowest search precedence
10:14:00.055 [main] DEBUG o.s.core.env.MutablePropertySources - Adding [systemEnvironment] PropertySource with lowest search precedence
10:14:00.055 [main] DEBUG o.s.core.env.MutablePropertySources - Adding [class path resource [config/application.properties]] PropertySource with lowest search precedence
10:14:00.055 [main] DEBUG o.s.core.env.MutablePropertySources - Adding [localProperties] PropertySource with lowest search precedence
10:14:00.055 [main] DEBUG o.s.c.e.PropertySourcesPropertyResolver - Searching for key 'spring.datasource.driverClassName' in [systemProperties]
10:14:00.055 [main] DEBUG o.s.c.e.PropertySourcesPropertyResolver - Searching for key 'spring.datasource.driverClassName' in [systemEnvironment]
10:14:00.055 [main] DEBUG o.s.c.e.PropertySourcesPropertyResolver - Searching for key 'spring.datasource.driverClassName' in [class path resource [config/application.properties]]
10:14:00.055 [main] DEBUG o.s.c.e.PropertySourcesPropertyResolver - Found key 'spring.datasource.driverClassName' in [class path resource [config/application.properties]] with type [String] and value 'org.postgresql.Driver'
10:14:00.055 [main] DEBUG o.s.core.env.MutablePropertySources - Adding [systemProperties] PropertySource with lowest search precedence
10:14:00.055 [main] DEBUG o.s.core.env.MutablePropertySources - Adding [systemEnvironment] PropertySource with lowest search precedence
10:14:00.055 [main] DEBUG o.s.core.env.MutablePropertySources - Adding [class path resource [config/application.properties]] PropertySource with lowest search precedence
10:14:00.055 [main] DEBUG o.s.core.env.MutablePropertySources - Adding [localProperties] PropertySource with lowest search precedence
10:14:00.055 [main] DEBUG o.s.c.e.PropertySourcesPropertyResolver - Searching for key 'app.authority.admins' in [systemProperties]
10:14:00.055 [main] DEBUG o.s.c.e.PropertySourcesPropertyResolver - Searching for key 'app.authority.admins' in [systemEnvironment]
10:14:00.055 [main] DEBUG o.s.c.e.PropertySourcesPropertyResolver - Searching for key 'app.authority.admins' in [class path resource [config/application.properties]]
10:14:00.055 [main] DEBUG o.s.c.e.PropertySourcesPropertyResolver - Found key 'app.authority.admins' in [class path resource [config/application.properties]] with type [String] and value '402001311,613001223,102001721,222004429,709005486,523008230,724001395,123456789'
10:14:00.055 [main] DEBUG o.s.core.env.MutablePropertySources - Adding [systemProperties] PropertySource with lowest search precedence
10:14:00.055 [main] DEBUG o.s.core.env.MutablePropertySources - Adding [systemEnvironment] PropertySource with lowest search precedence
10:14:00.055 [main] DEBUG o.s.core.env.MutablePropertySources - Adding [class path resource [config/application.properties]] PropertySource with lowest search precedence
10:14:00.055 [main] DEBUG o.s.core.env.MutablePropertySources - Adding [localProperties] PropertySource with lowest search precedence
10:14:00.055 [main] DEBUG o.s.c.e.PropertySourcesPropertyResolver - Searching for key 'shib.lastName' in [systemProperties]
10:14:00.055 [main] DEBUG o.s.c.e.PropertySourcesPropertyResolver - Searching for key 'shib.lastName' in [systemEnvironment]
10:14:00.055 [main] DEBUG o.s.c.e.PropertySourcesPropertyResolver - Searching for key 'shib.lastName' in [class path resource [config/application.properties]]
10:14:00.055 [main] DEBUG o.s.c.e.PropertySourcesPropertyResolver - Found key 'shib.lastName' in [class path resource [config/application.properties]] with type [String] and value 'tdl-sn'
10:14:00.055 [main] DEBUG o.s.core.env.MutablePropertySources - Adding [systemProperties] PropertySource with lowest search precedence
10:14:00.055 [main] DEBUG o.s.core.env.MutablePropertySources - Adding [systemEnvironment] PropertySource with lowest search precedence
10:14:00.055 [main] DEBUG o.s.core.env.MutablePropertySources - Adding [class path resource [config/application.properties]] PropertySource with lowest search precedence
10:14:00.055 [main] DEBUG o.s.core.env.MutablePropertySources - Adding [localProperties] PropertySource with lowest search precedence
10:14:00.055 [main] DEBUG o.s.c.e.PropertySourcesPropertyResolver - Searching for key 'app.email.host' in [systemProperties]
10:14:00.055 [main] DEBUG o.s.c.e.PropertySourcesPropertyResolver - Searching for key 'app.email.host' in [systemEnvironment]
10:14:00.055 [main] DEBUG o.s.c.e.PropertySourcesPropertyResolver - Searching for key 'app.email.host' in [class path resource [config/application.properties]]
10:14:00.055 [main] DEBUG o.s.c.e.PropertySourcesPropertyResolver - Found key 'app.email.host' in [class path resource [config/application.properties]] with type [String] and value 'relay.tamu.edu'
10:14:00.055 [main] DEBUG o.s.core.env.MutablePropertySources - Adding [systemProperties] PropertySource with lowest search precedence
10:14:00.055 [main] DEBUG o.s.core.env.MutablePropertySources - Adding [systemEnvironment] PropertySource with lowest search precedence
10:14:00.055 [main] DEBUG o.s.core.env.MutablePropertySources - Adding [class path resource [config/application.properties]] PropertySource with lowest search precedence
10:14:00.055 [main] DEBUG o.s.core.env.MutablePropertySources - Adding [localProperties] PropertySource with lowest search precedence
10:14:00.055 [main] DEBUG o.s.c.e.PropertySourcesPropertyResolver - Searching for key 'server.port' in [systemProperties]
10:14:00.055 [main] DEBUG o.s.c.e.PropertySourcesPropertyResolver - Searching for key 'server.port' in [systemEnvironment]
10:14:00.055 [main] DEBUG o.s.c.e.PropertySourcesPropertyResolver - Searching for key 'server.port' in [class path resource [config/application.properties]]
10:14:00.055 [main] DEBUG o.s.c.e.PropertySourcesPropertyResolver - Found key 'server.port' in [class path resource [config/application.properties]] with type [String] and value '9000'
10:14:00.055 [main] DEBUG o.s.core.env.MutablePropertySources - Adding [systemProperties] PropertySource with lowest search precedence
10:14:00.056 [main] DEBUG o.s.core.env.MutablePropertySources - Adding [systemEnvironment] PropertySource with lowest search precedence
10:14:00.056 [main] DEBUG o.s.core.env.MutablePropertySources - Adding [class path resource [config/application.properties]] PropertySource with lowest search precedence
10:14:00.056 [main] DEBUG o.s.core.env.MutablePropertySources - Adding [localProperties] PropertySource with lowest search precedence
10:14:00.056 [main] DEBUG o.s.c.e.PropertySourcesPropertyResolver - Searching for key 'spring.jpa.hibernate.ddl-auto' in [systemProperties]
10:14:00.056 [main] DEBUG o.s.c.e.PropertySourcesPropertyResolver - Searching for key 'spring.jpa.hibernate.ddl-auto' in [systemEnvironment]
10:14:00.056 [main] DEBUG o.s.c.e.PropertySourcesPropertyResolver - Searching for key 'spring.jpa.hibernate.ddl-auto' in [class path resource [config/application.properties]]
10:14:00.056 [main] DEBUG o.s.c.e.PropertySourcesPropertyResolver - Found key 'spring.jpa.hibernate.ddl-auto' in [class path resource [config/application.properties]] with type [String] and value 'create'
10:14:00.056 [main] DEBUG o.s.core.env.MutablePropertySources - Adding [systemProperties] PropertySource with lowest search precedence
10:14:00.056 [main] DEBUG o.s.core.env.MutablePropertySources - Adding [systemEnvironment] PropertySource with lowest search precedence
10:14:00.056 [main] DEBUG o.s.core.env.MutablePropertySources - Adding [class path resource [config/application.properties]] PropertySource with lowest search precedence
10:14:00.056 [main] DEBUG o.s.core.env.MutablePropertySources - Adding [localProperties] PropertySource with lowest search precedence
10:14:00.056 [main] DEBUG o.s.c.e.PropertySourcesPropertyResolver - Searching for key 'app.security.allow-access' in [systemProperties]
10:14:00.056 [main] DEBUG o.s.c.e.PropertySourcesPropertyResolver - Searching for key 'app.security.allow-access' in [systemEnvironment]
10:14:00.056 [main] DEBUG o.s.c.e.PropertySourcesPropertyResolver - Searching for key 'app.security.allow-access' in [class path resource [config/application.properties]]
10:14:00.056 [main] DEBUG o.s.c.e.PropertySourcesPropertyResolver - Found key 'app.security.allow-access' in [class path resource [config/application.properties]] with type [String] and value 'http://localhost,http://machuff.tamu.edu,http://imacdev.tamu.edu,http://savell.evans.tamu.edu,http://jcreel.tamu.edu'
10:14:00.059 [main] DEBUG o.s.b.f.s.DefaultListableBeanFactory - Returning cached instance of singleton bean 'org.springframework.transaction.config.internalTransactionAdvisor'
10:14:00.060 [main] DEBUG o.s.b.f.s.DefaultListableBeanFactory - Returning cached instance of singleton bean 'org.springframework.transaction.config.internalTransactionAdvisor'
10:14:00.060 [main] DEBUG o.s.s.a.ScheduledAnnotationBeanPostProcessor - No @Scheduled annotations found on bean class: class edu.tamu.framework.model.repo.SymlinkRepo
10:14:00.060 [main] DEBUG o.s.aop.framework.CglibAopProxy - Creating CGLIB proxy: target source is SingletonTargetSource for target object [edu.tamu.framework.model.repo.SymlinkRepo@6c5ae8fd]
10:14:00.061 [main] DEBUG o.s.b.f.s.DefaultListableBeanFactory - Finished creating instance of bean 'symlinkRepo'
10:14:00.061 [main] DEBUG o.s.b.f.s.DefaultListableBeanFactory - Creating shared instance of singleton bean 'httpRequestService'
10:14:00.062 [main] DEBUG o.s.b.f.s.DefaultListableBeanFactory - Creating instance of bean 'httpRequestService'
10:14:00.062 [main] DEBUG o.s.b.f.s.DefaultListableBeanFactory - Returning cached instance of singleton bean 'org.springframework.transaction.config.internalTransactionAdvisor'
10:14:00.062 [main] DEBUG o.s.b.f.s.DefaultListableBeanFactory - Eagerly caching bean 'httpRequestService' to allow for resolving potential circular references
10:14:00.062 [main] DEBUG o.s.b.f.s.DefaultListableBeanFactory - Returning cached instance of singleton bean 'org.springframework.transaction.config.internalTransactionAdvisor'
10:14:00.062 [main] DEBUG o.s.b.f.s.DefaultListableBeanFactory - Returning cached instance of singleton bean 'org.springframework.transaction.config.internalTransactionAdvisor'
10:14:00.062 [main] DEBUG o.s.s.a.ScheduledAnnotationBeanPostProcessor - No @Scheduled annotations found on bean class: class edu.tamu.framework.service.HttpRequestService
10:14:00.063 [main] DEBUG o.s.b.f.s.DefaultListableBeanFactory - Finished creating instance of bean 'httpRequestService'
10:14:00.063 [main] DEBUG o.s.b.f.s.DefaultListableBeanFactory - Creating shared instance of singleton bean 'stompConnectionService'
10:14:00.063 [main] DEBUG o.s.b.f.s.DefaultListableBeanFactory - Creating instance of bean 'stompConnectionService'
10:14:00.063 [main] DEBUG o.s.b.f.s.DefaultListableBeanFactory - Returning cached instance of singleton bean 'org.springframework.transaction.config.internalTransactionAdvisor'
10:14:00.063 [main] DEBUG o.s.b.f.s.DefaultListableBeanFactory - Eagerly caching bean 'stompConnectionService' to allow for resolving potential circular references
10:14:00.063 [main] DEBUG o.s.b.f.s.DefaultListableBeanFactory - Returning cached instance of singleton bean 'org.springframework.transaction.config.internalTransactionAdvisor'
10:14:00.063 [main] DEBUG o.s.b.f.s.DefaultListableBeanFactory - Returning cached instance of singleton bean 'org.springframework.transaction.config.internalTransactionAdvisor'
10:14:00.063 [main] DEBUG o.s.s.a.ScheduledAnnotationBeanPostProcessor - No @Scheduled annotations found on bean class: class edu.tamu.framework.service.StompConnectionService
10:14:00.064 [main] DEBUG o.s.b.f.s.DefaultListableBeanFactory - Finished creating instance of bean 'stompConnectionService'
10:14:00.064 [main] DEBUG o.s.b.f.s.DefaultListableBeanFactory - Creating shared instance of singleton bean 'webSocketRequestService'
10:14:00.064 [main] DEBUG o.s.b.f.s.DefaultListableBeanFactory - Creating instance of bean 'webSocketRequestService'
10:14:00.064 [main] DEBUG o.s.b.f.s.DefaultListableBeanFactory - Returning cached instance of singleton bean 'org.springframework.transaction.config.internalTransactionAdvisor'
10:14:00.064 [main] DEBUG o.s.b.f.s.DefaultListableBeanFactory - Eagerly caching bean 'webSocketRequestService' to allow for resolving potential circular references
10:14:00.064 [main] DEBUG o.s.b.f.s.DefaultListableBeanFactory - Returning cached instance of singleton bean 'org.springframework.transaction.config.internalTransactionAdvisor'
10:14:00.064 [main] DEBUG o.s.b.f.s.DefaultListableBeanFactory - Returning cached instance of singleton bean 'org.springframework.transaction.config.internalTransactionAdvisor'
10:14:00.065 [main] DEBUG o.s.s.a.ScheduledAnnotationBeanPostProcessor - No @Scheduled annotations found on bean class: class edu.tamu.framework.service.WebSocketRequestService
10:14:00.065 [main] DEBUG o.s.b.f.s.DefaultListableBeanFactory - Finished creating instance of bean 'webSocketRequestService'
10:14:00.065 [main] DEBUG o.s.b.f.s.DefaultListableBeanFactory - Returning cached instance of singleton bean 'emailUtility'
10:14:00.065 [main] DEBUG o.s.b.f.s.DefaultListableBeanFactory - Creating shared instance of singleton bean 'httpUtility'
10:14:00.065 [main] DEBUG o.s.b.f.s.DefaultListableBeanFactory - Creating instance of bean 'httpUtility'
10:14:00.065 [main] DEBUG o.s.b.f.s.DefaultListableBeanFactory - Returning cached instance of singleton bean 'org.springframework.transaction.config.internalTransactionAdvisor'
10:14:00.065 [main] DEBUG o.s.b.f.s.DefaultListableBeanFactory - Eagerly caching bean 'httpUtility' to allow for resolving potential circular references
10:14:00.065 [main] DEBUG o.s.b.f.s.DefaultListableBeanFactory - Returning cached instance of singleton bean 'org.springframework.transaction.config.internalTransactionAdvisor'
10:14:00.065 [main] DEBUG o.s.b.f.s.DefaultListableBeanFactory - Returning cached instance of singleton bean 'org.springframework.transaction.config.internalTransactionAdvisor'
10:14:00.065 [main] DEBUG o.s.s.a.ScheduledAnnotationBeanPostProcessor - No @Scheduled annotations found on bean class: class edu.tamu.framework.util.HttpUtility
10:14:00.065 [main] DEBUG o.s.b.f.s.DefaultListableBeanFactory - Finished creating instance of bean 'httpUtility'
10:14:00.065 [main] DEBUG o.s.b.f.s.DefaultListableBeanFactory - Creating shared instance of singleton bean 'jwtUtility'
10:14:00.065 [main] DEBUG o.s.b.f.s.DefaultListableBeanFactory - Creating instance of bean 'jwtUtility'
10:14:00.065 [main] DEBUG o.s.b.f.s.DefaultListableBeanFactory - Returning cached instance of singleton bean 'org.springframework.transaction.config.internalTransactionAdvisor'
10:14:00.066 [main] DEBUG o.s.b.f.annotation.InjectionMetadata - Registered injected element on class [edu.tamu.framework.util.JwtUtility]: AutowiredFieldElement for private java.lang.String edu.tamu.framework.util.JwtUtility.secret_key
10:14:00.066 [main] DEBUG o.s.b.f.annotation.InjectionMetadata - Registered injected element on class [edu.tamu.framework.util.JwtUtility]: AutowiredFieldElement for public com.fasterxml.jackson.databind.ObjectMapper edu.tamu.framework.util.JwtUtility.objectMapper
10:14:00.066 [main] DEBUG o.s.b.f.s.DefaultListableBeanFactory - Eagerly caching bean 'jwtUtility' to allow for resolving potential circular references
10:14:00.066 [main] DEBUG o.s.b.f.annotation.InjectionMetadata - Processing injected element of bean 'jwtUtility': AutowiredFieldElement for private java.lang.String edu.tamu.framework.util.JwtUtility.secret_key
10:14:00.066 [main] DEBUG o.s.c.e.PropertySourcesPropertyResolver - Searching for key 'auth.security.jwt.secret-key' in [environmentProperties]
10:14:00.066 [main] DEBUG o.s.c.e.PropertySourcesPropertyResolver - Searching for key 'auth.security.jwt.secret-key' in [systemProperties]
10:14:00.066 [main] DEBUG o.s.c.e.PropertySourcesPropertyResolver - Searching for key 'auth.security.jwt.secret-key' in [systemEnvironment]
10:14:00.066 [main] DEBUG o.s.c.e.PropertySourcesPropertyResolver - Searching for key 'auth.security.jwt.secret-key' in [class path resource [config/application.properties]]
10:14:00.066 [main] DEBUG o.s.c.e.PropertySourcesPropertyResolver - Could not find key 'auth.security.jwt.secret-key' in any property source. Returning [null]
10:14:00.066 [main] DEBUG o.s.c.e.PropertySourcesPropertyResolver - Searching for key 'auth.security.jwt.secret-key' in [localProperties]
10:14:00.066 [main] DEBUG o.s.c.e.PropertySourcesPropertyResolver - Could not find key 'auth.security.jwt.secret-key' in any property source. Returning [null]
10:14:00.067 [main] WARN  o.s.c.s.GenericApplicationContext - Exception encountered during context initialization - cancelling refresh attempt
org.springframework.beans.factory.BeanCreationException: Error creating bean with name 'jwtUtility': Injection of autowired dependencies failed; nested exception is org.springframework.beans.factory.BeanCreationException: Could not autowire field: private java.lang.String edu.tamu.framework.util.JwtUtility.secret_key; nested exception is java.lang.IllegalArgumentException: Could not resolve placeholder 'auth.security.jwt.secret-key' in string value "${auth.security.jwt.secret-key}"
	at org.springframework.beans.factory.annotation.AutowiredAnnotationBeanPostProcessor.postProcessPropertyValues(AutowiredAnnotationBeanPostProcessor.java:334) ~[spring-beans-4.1.8.RELEASE.jar:4.1.8.RELEASE]
	at org.springframework.beans.factory.support.AbstractAutowireCapableBeanFactory.populateBean(AbstractAutowireCapableBeanFactory.java:1208) ~[spring-beans-4.1.8.RELEASE.jar:4.1.8.RELEASE]
	at org.springframework.beans.factory.support.AbstractAutowireCapableBeanFactory.doCreateBean(AbstractAutowireCapableBeanFactory.java:537) ~[spring-beans-4.1.8.RELEASE.jar:4.1.8.RELEASE]
	at org.springframework.beans.factory.support.AbstractAutowireCapableBeanFactory.createBean(AbstractAutowireCapableBeanFactory.java:476) ~[spring-beans-4.1.8.RELEASE.jar:4.1.8.RELEASE]
	at org.springframework.beans.factory.support.AbstractBeanFactory$1.getObject(AbstractBeanFactory.java:303) ~[spring-beans-4.1.8.RELEASE.jar:4.1.8.RELEASE]
	at org.springframework.beans.factory.support.DefaultSingletonBeanRegistry.getSingleton(DefaultSingletonBeanRegistry.java:230) ~[spring-beans-4.1.8.RELEASE.jar:4.1.8.RELEASE]
	at org.springframework.beans.factory.support.AbstractBeanFactory.doGetBean(AbstractBeanFactory.java:299) ~[spring-beans-4.1.8.RELEASE.jar:4.1.8.RELEASE]
	at org.springframework.beans.factory.support.AbstractBeanFactory.getBean(AbstractBeanFactory.java:194) ~[spring-beans-4.1.8.RELEASE.jar:4.1.8.RELEASE]
	at org.springframework.beans.factory.support.DefaultListableBeanFactory.preInstantiateSingletons(DefaultListableBeanFactory.java:755) ~[spring-beans-4.1.8.RELEASE.jar:4.1.8.RELEASE]
	at org.springframework.context.support.AbstractApplicationContext.finishBeanFactoryInitialization(AbstractApplicationContext.java:759) ~[spring-context-4.1.8.RELEASE.jar:4.1.8.RELEASE]
	at org.springframework.context.support.AbstractApplicationContext.refresh(AbstractApplicationContext.java:480) ~[spring-context-4.1.8.RELEASE.jar:4.1.8.RELEASE]
	at org.springframework.test.context.support.AbstractGenericContextLoader.loadContext(AbstractGenericContextLoader.java:125) [spring-test-4.1.8.RELEASE.jar:4.1.8.RELEASE]
	at org.springframework.test.context.support.AbstractGenericContextLoader.loadContext(AbstractGenericContextLoader.java:60) [spring-test-4.1.8.RELEASE.jar:4.1.8.RELEASE]
	at org.springframework.test.context.support.AbstractDelegatingSmartContextLoader.delegateLoading(AbstractDelegatingSmartContextLoader.java:109) [spring-test-4.1.8.RELEASE.jar:4.1.8.RELEASE]
	at org.springframework.test.context.support.AbstractDelegatingSmartContextLoader.loadContext(AbstractDelegatingSmartContextLoader.java:261) [spring-test-4.1.8.RELEASE.jar:4.1.8.RELEASE]
	at org.springframework.test.context.DefaultCacheAwareContextLoaderDelegate.loadContextInternal(DefaultCacheAwareContextLoaderDelegate.java:68) [spring-test-4.1.8.RELEASE.jar:4.1.8.RELEASE]
	at org.springframework.test.context.DefaultCacheAwareContextLoaderDelegate.loadContext(DefaultCacheAwareContextLoaderDelegate.java:86) [spring-test-4.1.8.RELEASE.jar:4.1.8.RELEASE]
	at org.springframework.test.context.DefaultTestContext.getApplicationContext(DefaultTestContext.java:72) [spring-test-4.1.8.RELEASE.jar:4.1.8.RELEASE]
	at org.springframework.test.context.support.DependencyInjectionTestExecutionListener.injectDependencies(DependencyInjectionTestExecutionListener.java:117) [spring-test-4.1.8.RELEASE.jar:4.1.8.RELEASE]
	at org.springframework.test.context.support.DependencyInjectionTestExecutionListener.prepareTestInstance(DependencyInjectionTestExecutionListener.java:83) [spring-test-4.1.8.RELEASE.jar:4.1.8.RELEASE]
	at org.springframework.test.context.TestContextManager.prepareTestInstance(TestContextManager.java:212) [spring-test-4.1.8.RELEASE.jar:4.1.8.RELEASE]
	at org.springframework.test.context.junit4.SpringJUnit4ClassRunner.createTest(SpringJUnit4ClassRunner.java:200) [spring-test-4.1.8.RELEASE.jar:4.1.8.RELEASE]
	at org.springframework.test.context.junit4.SpringJUnit4ClassRunner$1.runReflectiveCall(SpringJUnit4ClassRunner.java:259) [spring-test-4.1.8.RELEASE.jar:4.1.8.RELEASE]
	at org.junit.internal.runners.model.ReflectiveCallable.run(ReflectiveCallable.java:12) [junit-4.12.jar:4.12]
	at org.springframework.test.context.junit4.SpringJUnit4ClassRunner.methodBlock(SpringJUnit4ClassRunner.java:261) [spring-test-4.1.8.RELEASE.jar:4.1.8.RELEASE]
	at org.springframework.test.context.junit4.SpringJUnit4ClassRunner.runChild(SpringJUnit4ClassRunner.java:219) [spring-test-4.1.8.RELEASE.jar:4.1.8.RELEASE]
	at org.springframework.test.context.junit4.SpringJUnit4ClassRunner.runChild(SpringJUnit4ClassRunner.java:83) [spring-test-4.1.8.RELEASE.jar:4.1.8.RELEASE]
	at org.junit.runners.ParentRunner$3.run(ParentRunner.java:290) [junit-4.12.jar:4.12]
	at org.junit.runners.ParentRunner$1.schedule(ParentRunner.java:71) [junit-4.12.jar:4.12]
	at org.junit.runners.ParentRunner.runChildren(ParentRunner.java:288) [junit-4.12.jar:4.12]
	at org.junit.runners.ParentRunner.access$000(ParentRunner.java:58) [junit-4.12.jar:4.12]
	at org.junit.runners.ParentRunner$2.evaluate(ParentRunner.java:268) [junit-4.12.jar:4.12]
	at org.springframework.test.context.junit4.statements.RunBeforeTestClassCallbacks.evaluate(RunBeforeTestClassCallbacks.java:61) [spring-test-4.1.8.RELEASE.jar:4.1.8.RELEASE]
	at org.springframework.test.context.junit4.statements.RunAfterTestClassCallbacks.evaluate(RunAfterTestClassCallbacks.java:70) [spring-test-4.1.8.RELEASE.jar:4.1.8.RELEASE]
	at org.junit.runners.ParentRunner.run(ParentRunner.java:363) [junit-4.12.jar:4.12]
	at org.springframework.test.context.junit4.SpringJUnit4ClassRunner.run(SpringJUnit4ClassRunner.java:163) [spring-test-4.1.8.RELEASE.jar:4.1.8.RELEASE]
	at org.apache.maven.surefire.junit4.JUnit4Provider.execute(JUnit4Provider.java:264) [surefire-junit4-2.17.jar:2.17]
	at org.apache.maven.surefire.junit4.JUnit4Provider.executeTestSet(JUnit4Provider.java:153) [surefire-junit4-2.17.jar:2.17]
	at org.apache.maven.surefire.junit4.JUnit4Provider.invoke(JUnit4Provider.java:124) [surefire-junit4-2.17.jar:2.17]
	at org.apache.maven.surefire.booter.ForkedBooter.invokeProviderInSameClassLoader(ForkedBooter.java:200) [surefire-booter-2.17.jar:2.17]
	at org.apache.maven.surefire.booter.ForkedBooter.runSuitesInProcess(ForkedBooter.java:153) [surefire-booter-2.17.jar:2.17]
	at org.apache.maven.surefire.booter.ForkedBooter.main(ForkedBooter.java:103) [surefire-booter-2.17.jar:2.17]
Caused by: org.springframework.beans.factory.BeanCreationException: Could not autowire field: private java.lang.String edu.tamu.framework.util.JwtUtility.secret_key; nested exception is java.lang.IllegalArgumentException: Could not resolve placeholder 'auth.security.jwt.secret-key' in string value "${auth.security.jwt.secret-key}"
	at org.springframework.beans.factory.annotation.AutowiredAnnotationBeanPostProcessor$AutowiredFieldElement.inject(AutowiredAnnotationBeanPostProcessor.java:561) ~[spring-beans-4.1.8.RELEASE.jar:4.1.8.RELEASE]
	at org.springframework.beans.factory.annotation.InjectionMetadata.inject(InjectionMetadata.java:88) ~[spring-beans-4.1.8.RELEASE.jar:4.1.8.RELEASE]
	at org.springframework.beans.factory.annotation.AutowiredAnnotationBeanPostProcessor.postProcessPropertyValues(AutowiredAnnotationBeanPostProcessor.java:331) ~[spring-beans-4.1.8.RELEASE.jar:4.1.8.RELEASE]
	... 41 common frames omitted
Caused by: java.lang.IllegalArgumentException: Could not resolve placeholder 'auth.security.jwt.secret-key' in string value "${auth.security.jwt.secret-key}"
	at org.springframework.util.PropertyPlaceholderHelper.parseStringValue(PropertyPlaceholderHelper.java:174) ~[spring-core-4.1.8.RELEASE.jar:4.1.8.RELEASE]
	at org.springframework.util.PropertyPlaceholderHelper.replacePlaceholders(PropertyPlaceholderHelper.java:126) ~[spring-core-4.1.8.RELEASE.jar:4.1.8.RELEASE]
	at org.springframework.core.env.AbstractPropertyResolver.doResolvePlaceholders(AbstractPropertyResolver.java:204) ~[spring-core-4.1.8.RELEASE.jar:4.1.8.RELEASE]
	at org.springframework.core.env.AbstractPropertyResolver.resolveRequiredPlaceholders(AbstractPropertyResolver.java:178) ~[spring-core-4.1.8.RELEASE.jar:4.1.8.RELEASE]
	at org.springframework.context.support.PropertySourcesPlaceholderConfigurer$2.resolveStringValue(PropertySourcesPlaceholderConfigurer.java:175) ~[spring-context-4.1.8.RELEASE.jar:4.1.8.RELEASE]
	at org.springframework.beans.factory.support.AbstractBeanFactory.resolveEmbeddedValue(AbstractBeanFactory.java:801) ~[spring-beans-4.1.8.RELEASE.jar:4.1.8.RELEASE]
	at org.springframework.beans.factory.support.DefaultListableBeanFactory.doResolveDependency(DefaultListableBeanFactory.java:955) ~[spring-beans-4.1.8.RELEASE.jar:4.1.8.RELEASE]
	at org.springframework.beans.factory.support.DefaultListableBeanFactory.resolveDependency(DefaultListableBeanFactory.java:942) ~[spring-beans-4.1.8.RELEASE.jar:4.1.8.RELEASE]
	at org.springframework.beans.factory.annotation.AutowiredAnnotationBeanPostProcessor$AutowiredFieldElement.inject(AutowiredAnnotationBeanPostProcessor.java:533) ~[spring-beans-4.1.8.RELEASE.jar:4.1.8.RELEASE]
	... 43 common frames omitted
10:14:00.067 [main] DEBUG o.s.b.f.s.DefaultListableBeanFactory - Destroying singletons in org.springframework.beans.factory.support.DefaultListableBeanFactory@9b3be1c: defining beans [org.springframework.context.annotation.internalConfigurationAnnotationProcessor,org.springframework.context.annotation.internalAutowiredAnnotationProcessor,org.springframework.context.annotation.internalRequiredAnnotationProcessor,org.springframework.context.annotation.internalCommonAnnotationProcessor,org.springframework.context.annotation.internalPersistenceAnnotationProcessor,testDataSourceConfiguration,org.springframework.context.annotation.ConfigurationClassPostProcessor.importAwareProcessor,org.springframework.context.annotation.ConfigurationClassPostProcessor.enhancedConfigurationProcessor,coreCorsFilter,coreScheduleConfig,coreSecurityConfig,coreWebAppConfig,coreWebMvcConfig,reportingController,symlinkRepo,httpRequestService,stompConnectionService,webSocketRequestService,emailUtility,httpUtility,jwtUtility,appControllerAspect,appConfig,appWebConfigSupport,appWebMvcConfig,appWebSocketConfig,securityConfig,springContext,adminController,mockAuthServiceController,userController,webServerInit,org.springframework.scheduling.annotation.SchedulingConfiguration,org.springframework.context.annotation.internalScheduledAnnotationProcessor,taskScheduler,org.springframework.security.config.annotation.authentication.configuration.AuthenticationConfiguration,authenticationManagerBuilder,enableGlobalAuthenticationAutowiredConfigurer,org.springframework.security.config.annotation.web.configuration.WebSecurityConfiguration,delegatingApplicationListener,webSecurityExpressionHandler,springSecurityFilterChain,privilegeEvaluator,autowiredWebSecurityConfigurersIgnoreParents,org.springframework.security.config.annotation.configuration.ObjectPostProcessorConfiguration,objectPostProcessor,org.springframework.security.config.annotation.web.servlet.configuration.WebMvcSecurityConfiguration,requestDataValueProcessor,jackson2Converter,objectMapper,securityContext,stopmConnectionService,stompConnectEvent,stompDisconnectEvent,org.springframework.boot.autoconfigure.web.WebMvcAutoConfiguration$WebMvcAutoConfigurationAdapter$FaviconConfiguration,faviconHandlerMapping,faviconRequestHandler,org.springframework.boot.autoconfigure.web.WebMvcAutoConfiguration$EnableWebMvcConfiguration,requestMappingHandlerAdapter,requestMappingHandlerMapping,mvcContentNegotiationManager,viewControllerHandlerMapping,beanNameHandlerMapping,resourceHandlerMapping,mvcResourceUrlProvider,defaultServletHandlerMapping,mvcConversionService,mvcValidator,mvcPathMatcher,mvcUrlPathHelper,mvcUriComponentsContributor,httpRequestHandlerAdapter,simpleControllerHandlerAdapter,handlerExceptionResolver,mvcViewResolver,resourceUrlEncodingFilter,org.springframework.boot.autoconfigure.condition.BeanTypeRegistry,defaultViewResolver,requestContextListener,viewResolver,spring.mvc.CONFIGURATION_PROPERTIES,spring.resources.CONFIGURATION_PROPERTIES,org.springframework.boot.context.properties.ConfigurationPropertiesBindingPostProcessor,org.springframework.boot.context.properties.ConfigurationPropertiesBindingPostProcessor.store,restInterceptor,restRequestMappingHandler,webSocketRequestMappingHandler,org.springframework.web.socket.config.annotation.DelegatingWebSocketMessageBrokerConfiguration,stompWebSocketHandlerMapping,subProtocolWebSocketHandler,messageBrokerSockJsTaskScheduler,webSocketScopeConfigurer,webSocketMessageBrokerStats,clientInboundChannel,clientInboundChannelExecutor,clientOutboundChannel,clientOutboundChannelExecutor,brokerChannel,brokerChannelExecutor,simpAnnotationMethodMessageHandler,simpleBrokerMessageHandler,stompBrokerRelayMessageHandler,userDestinationMessageHandler,brokerMessagingTemplate,brokerMessageConverter,userDestinationResolver,userSessionRegistry,appStompInterceptor,org.springframework.boot.autoconfigure.AutoConfigurationPackages,dataSource,org.springframework.boot.autoconfigure.PropertyPlaceholderAutoConfiguration,propertySourcesPlaceholderConfigurer,org.springframework.boot.autoconfigure.websocket.WebSocketAutoConfiguration$TomcatWebSocketConfiguration,websocketContainerCustomizer,org.springframework.boot.autoconfigure.websocket.WebSocketAutoConfiguration,org.springframework.boot.autoconfigure.aop.AopAutoConfiguration$JdkDynamicAutoProxyConfiguration,org.springframework.aop.config.internalAutoProxyCreator,org.springframework.boot.autoconfigure.aop.AopAutoConfiguration,org.springframework.boot.autoconfigure.jta.JtaAutoConfiguration,spring.jta.CONFIGURATION_PROPERTIES,org.springframework.boot.autoconfigure.jdbc.DataSourceAutoConfiguration$JdbcTemplateConfiguration,jdbcTemplate,namedParameterJdbcTemplate,org.springframework.boot.autoconfigure.jdbc.DataSourceAutoConfiguration$DataSourceInitializerConfiguration,dataSourceInitializer,org.springframework.boot.autoconfigure.jdbc.metadata.DataSourcePoolMetadataProvidersConfiguration$TomcatDataSourcePoolMetadataProviderConfiguration,tomcatPoolDataSourceMetadataProvider,org.springframework.boot.autoconfigure.jdbc.metadata.DataSourcePoolMetadataProvidersConfiguration,org.springframework.boot.autoconfigure.jdbc.DataSourceAutoConfiguration,spring.datasource.CONFIGURATION_PROPERTIES,dataSourceInitializerPostProcessor,org.springframework.boot.autoconfigure.orm.jpa.HibernateJpaAutoConfiguration,transactionManager,jpaVendorAdapter,entityManagerFactoryBuilder,entityManagerFactory,spring.jpa.CONFIGURATION_PROPERTIES,dataSourceInitializedPublisher,org.springframework.boot.autoconfigure.dao.PersistenceExceptionTranslationAutoConfiguration,persistenceExceptionTranslationPostProcessor,org.springframework.boot.autoconfigure.data.jpa.JpaRepositoriesAutoConfiguration,org.springframework.data.repository.core.support.RepositoryInterfaceAwareBeanPostProcessor,foo,jpaMappingContext,userRepoImpl,userRepo,org.springframework.boot.autoconfigure.jackson.JacksonAutoConfiguration$JacksonObjectMapperBuilderConfiguration,jacksonObjectMapperBuilder,http.mappers.CONFIGURATION_PROPERTIES,spring.jackson.CONFIGURATION_PROPERTIES,org.springframework.boot.autoconfigure.jackson.JacksonAutoConfiguration$JacksonObjectMapperConfiguration,org.springframework.boot.autoconfigure.jackson.JacksonAutoConfiguration,org.springframework.boot.autoconfigure.web.HttpMessageConvertersAutoConfiguration$StringHttpMessageConverterConfiguration,stringHttpMessageConverter,spring.http.encoding.CONFIGURATION_PROPERTIES,org.springframework.boot.autoconfigure.web.JacksonHttpMessageConvertersConfiguration$MappingJackson2HttpMessageConverterConfiguration,org.springframework.boot.autoconfigure.web.JacksonHttpMessageConvertersConfiguration,org.springframework.boot.autoconfigure.web.HttpMessageConvertersAutoConfiguration,messageConverters,org.springframework.boot.autoconfigure.jmx.JmxAutoConfiguration,mbeanExporter,objectNamingStrategy,mbeanServer,org.springframework.transaction.annotation.ProxyTransactionManagementConfiguration,org.springframework.transaction.config.internalTransactionAdvisor,transactionAttributeSource,transactionInterceptor,org.springframework.boot.autoconfigure.jdbc.DataSourceTransactionManagerAutoConfiguration$TransactionManagementConfiguration,org.springframework.boot.autoconfigure.jdbc.DataSourceTransactionManagerAutoConfiguration,org.springframework.boot.autoconfigure.security.AuthenticationManagerConfiguration$AuthenticationManagerConfigurationListener,org.springframework.boot.autoconfigure.security.AuthenticationManagerConfiguration,authenticationManager,springBootAuthenticationConfigurerAdapter,org.springframework.boot.autoconfigure.security.BootGlobalAuthenticationConfiguration,bootGlobalAuthenticationConfigurationAdapter,org.springframework.boot.autoconfigure.security.SecurityAutoConfiguration,authenticationEventPublisher,securityProperties,org.springframework.boot.autoconfigure.web.HttpEncodingAutoConfiguration,characterEncodingFilter,org.springframework.boot.autoconfigure.web.MultipartAutoConfiguration,multipartConfigElement,multipartResolver,multipart.CONFIGURATION_PROPERTIES,org.springframework.orm.jpa.SharedEntityManagerCreator#0]; root of factory hierarchy
10:14:00.067 [main] DEBUG o.s.b.f.s.DisposableBeanAdapter - Invoking destroy() on bean with name 'objectPostProcessor'
10:14:00.068 [main] DEBUG o.s.b.f.s.DisposableBeanAdapter - Invoking destroy() on bean with name 'entityManagerFactory'
10:14:00.068 [main] INFO  o.s.o.j.LocalContainerEntityManagerFactoryBean - Closing JPA EntityManagerFactory for persistence unit 'default'
10:14:00.068 [main] DEBUG o.h.internal.SessionFactoryImpl - HHH000031: Closing
10:14:00.068 [main] DEBUG o.h.s.i.AbstractServiceRegistryImpl - Implicitly destroying ServiceRegistry on de-registration of all child ServiceRegistries
10:14:00.068 [main] DEBUG o.h.b.r.i.BootstrapServiceRegistryImpl - Implicitly destroying Boot-strap registry on de-registration of all child ServiceRegistries
10:14:00.068 [main] DEBUG o.h.j.i.EntityManagerFactoryRegistry - Remove: name=default
10:14:00.068 [main] DEBUG o.s.b.f.s.DisposableBeanAdapter - Invoking destroy method 'shutdown' on bean with name 'dataSource'
10:14:00.068 [main] DEBUG o.s.j.d.SimpleDriverDataSource - Creating new JDBC Driver Connection to [jdbc:h2:mem:testdb;DB_CLOSE_DELAY=-1;DB_CLOSE_ON_EXIT=false]
10:14:00.069 [main] DEBUG o.s.b.f.s.DisposableBeanAdapter - Invoking destroy() on bean with name 'org.springframework.context.annotation.internalScheduledAnnotationProcessor'
10:14:00.069 [main] DEBUG o.s.b.f.s.DisposableBeanAdapter - Invoking destroy() on bean with name 'org.springframework.boot.context.properties.ConfigurationPropertiesBindingPostProcessor'
10:14:00.069 [main] ERROR o.s.test.context.TestContextManager - Caught exception while allowing TestExecutionListener [org.springframework.test.context.support.DependencyInjectionTestExecutionListener@2b73bd6b] to prepare test instance [edu.tamu.app.model.impl.UserTest@35fa450f]
java.lang.IllegalStateException: Failed to load ApplicationContext
	at org.springframework.test.context.DefaultCacheAwareContextLoaderDelegate.loadContext(DefaultCacheAwareContextLoaderDelegate.java:94) ~[spring-test-4.1.8.RELEASE.jar:4.1.8.RELEASE]
	at org.springframework.test.context.DefaultTestContext.getApplicationContext(DefaultTestContext.java:72) ~[spring-test-4.1.8.RELEASE.jar:4.1.8.RELEASE]
	at org.springframework.test.context.support.DependencyInjectionTestExecutionListener.injectDependencies(DependencyInjectionTestExecutionListener.java:117) ~[spring-test-4.1.8.RELEASE.jar:4.1.8.RELEASE]
	at org.springframework.test.context.support.DependencyInjectionTestExecutionListener.prepareTestInstance(DependencyInjectionTestExecutionListener.java:83) ~[spring-test-4.1.8.RELEASE.jar:4.1.8.RELEASE]
	at org.springframework.test.context.TestContextManager.prepareTestInstance(TestContextManager.java:212) ~[spring-test-4.1.8.RELEASE.jar:4.1.8.RELEASE]
	at org.springframework.test.context.junit4.SpringJUnit4ClassRunner.createTest(SpringJUnit4ClassRunner.java:200) [spring-test-4.1.8.RELEASE.jar:4.1.8.RELEASE]
	at org.springframework.test.context.junit4.SpringJUnit4ClassRunner$1.runReflectiveCall(SpringJUnit4ClassRunner.java:259) [spring-test-4.1.8.RELEASE.jar:4.1.8.RELEASE]
	at org.junit.internal.runners.model.ReflectiveCallable.run(ReflectiveCallable.java:12) [junit-4.12.jar:4.12]
	at org.springframework.test.context.junit4.SpringJUnit4ClassRunner.methodBlock(SpringJUnit4ClassRunner.java:261) [spring-test-4.1.8.RELEASE.jar:4.1.8.RELEASE]
	at org.springframework.test.context.junit4.SpringJUnit4ClassRunner.runChild(SpringJUnit4ClassRunner.java:219) [spring-test-4.1.8.RELEASE.jar:4.1.8.RELEASE]
	at org.springframework.test.context.junit4.SpringJUnit4ClassRunner.runChild(SpringJUnit4ClassRunner.java:83) [spring-test-4.1.8.RELEASE.jar:4.1.8.RELEASE]
	at org.junit.runners.ParentRunner$3.run(ParentRunner.java:290) [junit-4.12.jar:4.12]
	at org.junit.runners.ParentRunner$1.schedule(ParentRunner.java:71) [junit-4.12.jar:4.12]
	at org.junit.runners.ParentRunner.runChildren(ParentRunner.java:288) [junit-4.12.jar:4.12]
	at org.junit.runners.ParentRunner.access$000(ParentRunner.java:58) [junit-4.12.jar:4.12]
	at org.junit.runners.ParentRunner$2.evaluate(ParentRunner.java:268) [junit-4.12.jar:4.12]
	at org.springframework.test.context.junit4.statements.RunBeforeTestClassCallbacks.evaluate(RunBeforeTestClassCallbacks.java:61) [spring-test-4.1.8.RELEASE.jar:4.1.8.RELEASE]
	at org.springframework.test.context.junit4.statements.RunAfterTestClassCallbacks.evaluate(RunAfterTestClassCallbacks.java:70) [spring-test-4.1.8.RELEASE.jar:4.1.8.RELEASE]
	at org.junit.runners.ParentRunner.run(ParentRunner.java:363) [junit-4.12.jar:4.12]
	at org.springframework.test.context.junit4.SpringJUnit4ClassRunner.run(SpringJUnit4ClassRunner.java:163) [spring-test-4.1.8.RELEASE.jar:4.1.8.RELEASE]
	at org.apache.maven.surefire.junit4.JUnit4Provider.execute(JUnit4Provider.java:264) [surefire-junit4-2.17.jar:2.17]
	at org.apache.maven.surefire.junit4.JUnit4Provider.executeTestSet(JUnit4Provider.java:153) [surefire-junit4-2.17.jar:2.17]
	at org.apache.maven.surefire.junit4.JUnit4Provider.invoke(JUnit4Provider.java:124) [surefire-junit4-2.17.jar:2.17]
	at org.apache.maven.surefire.booter.ForkedBooter.invokeProviderInSameClassLoader(ForkedBooter.java:200) [surefire-booter-2.17.jar:2.17]
	at org.apache.maven.surefire.booter.ForkedBooter.runSuitesInProcess(ForkedBooter.java:153) [surefire-booter-2.17.jar:2.17]
	at org.apache.maven.surefire.booter.ForkedBooter.main(ForkedBooter.java:103) [surefire-booter-2.17.jar:2.17]
Caused by: org.springframework.beans.factory.BeanCreationException: Error creating bean with name 'jwtUtility': Injection of autowired dependencies failed; nested exception is org.springframework.beans.factory.BeanCreationException: Could not autowire field: private java.lang.String edu.tamu.framework.util.JwtUtility.secret_key; nested exception is java.lang.IllegalArgumentException: Could not resolve placeholder 'auth.security.jwt.secret-key' in string value "${auth.security.jwt.secret-key}"
	at org.springframework.beans.factory.annotation.AutowiredAnnotationBeanPostProcessor.postProcessPropertyValues(AutowiredAnnotationBeanPostProcessor.java:334) ~[spring-beans-4.1.8.RELEASE.jar:4.1.8.RELEASE]
	at org.springframework.beans.factory.support.AbstractAutowireCapableBeanFactory.populateBean(AbstractAutowireCapableBeanFactory.java:1208) ~[spring-beans-4.1.8.RELEASE.jar:4.1.8.RELEASE]
	at org.springframework.beans.factory.support.AbstractAutowireCapableBeanFactory.doCreateBean(AbstractAutowireCapableBeanFactory.java:537) ~[spring-beans-4.1.8.RELEASE.jar:4.1.8.RELEASE]
	at org.springframework.beans.factory.support.AbstractAutowireCapableBeanFactory.createBean(AbstractAutowireCapableBeanFactory.java:476) ~[spring-beans-4.1.8.RELEASE.jar:4.1.8.RELEASE]
	at org.springframework.beans.factory.support.AbstractBeanFactory$1.getObject(AbstractBeanFactory.java:303) ~[spring-beans-4.1.8.RELEASE.jar:4.1.8.RELEASE]
	at org.springframework.beans.factory.support.DefaultSingletonBeanRegistry.getSingleton(DefaultSingletonBeanRegistry.java:230) ~[spring-beans-4.1.8.RELEASE.jar:4.1.8.RELEASE]
	at org.springframework.beans.factory.support.AbstractBeanFactory.doGetBean(AbstractBeanFactory.java:299) ~[spring-beans-4.1.8.RELEASE.jar:4.1.8.RELEASE]
	at org.springframework.beans.factory.support.AbstractBeanFactory.getBean(AbstractBeanFactory.java:194) ~[spring-beans-4.1.8.RELEASE.jar:4.1.8.RELEASE]
	at org.springframework.beans.factory.support.DefaultListableBeanFactory.preInstantiateSingletons(DefaultListableBeanFactory.java:755) ~[spring-beans-4.1.8.RELEASE.jar:4.1.8.RELEASE]
	at org.springframework.context.support.AbstractApplicationContext.finishBeanFactoryInitialization(AbstractApplicationContext.java:759) ~[spring-context-4.1.8.RELEASE.jar:4.1.8.RELEASE]
	at org.springframework.context.support.AbstractApplicationContext.refresh(AbstractApplicationContext.java:480) ~[spring-context-4.1.8.RELEASE.jar:4.1.8.RELEASE]
	at org.springframework.test.context.support.AbstractGenericContextLoader.loadContext(AbstractGenericContextLoader.java:125) ~[spring-test-4.1.8.RELEASE.jar:4.1.8.RELEASE]
	at org.springframework.test.context.support.AbstractGenericContextLoader.loadContext(AbstractGenericContextLoader.java:60) ~[spring-test-4.1.8.RELEASE.jar:4.1.8.RELEASE]
	at org.springframework.test.context.support.AbstractDelegatingSmartContextLoader.delegateLoading(AbstractDelegatingSmartContextLoader.java:109) ~[spring-test-4.1.8.RELEASE.jar:4.1.8.RELEASE]
	at org.springframework.test.context.support.AbstractDelegatingSmartContextLoader.loadContext(AbstractDelegatingSmartContextLoader.java:261) ~[spring-test-4.1.8.RELEASE.jar:4.1.8.RELEASE]
	at org.springframework.test.context.DefaultCacheAwareContextLoaderDelegate.loadContextInternal(DefaultCacheAwareContextLoaderDelegate.java:68) ~[spring-test-4.1.8.RELEASE.jar:4.1.8.RELEASE]
	at org.springframework.test.context.DefaultCacheAwareContextLoaderDelegate.loadContext(DefaultCacheAwareContextLoaderDelegate.java:86) ~[spring-test-4.1.8.RELEASE.jar:4.1.8.RELEASE]
	... 25 common frames omitted
Caused by: org.springframework.beans.factory.BeanCreationException: Could not autowire field: private java.lang.String edu.tamu.framework.util.JwtUtility.secret_key; nested exception is java.lang.IllegalArgumentException: Could not resolve placeholder 'auth.security.jwt.secret-key' in string value "${auth.security.jwt.secret-key}"
	at org.springframework.beans.factory.annotation.AutowiredAnnotationBeanPostProcessor$AutowiredFieldElement.inject(AutowiredAnnotationBeanPostProcessor.java:561) ~[spring-beans-4.1.8.RELEASE.jar:4.1.8.RELEASE]
	at org.springframework.beans.factory.annotation.InjectionMetadata.inject(InjectionMetadata.java:88) ~[spring-beans-4.1.8.RELEASE.jar:4.1.8.RELEASE]
	at org.springframework.beans.factory.annotation.AutowiredAnnotationBeanPostProcessor.postProcessPropertyValues(AutowiredAnnotationBeanPostProcessor.java:331) ~[spring-beans-4.1.8.RELEASE.jar:4.1.8.RELEASE]
	... 41 common frames omitted
Caused by: java.lang.IllegalArgumentException: Could not resolve placeholder 'auth.security.jwt.secret-key' in string value "${auth.security.jwt.secret-key}"
	at org.springframework.util.PropertyPlaceholderHelper.parseStringValue(PropertyPlaceholderHelper.java:174) ~[spring-core-4.1.8.RELEASE.jar:4.1.8.RELEASE]
	at org.springframework.util.PropertyPlaceholderHelper.replacePlaceholders(PropertyPlaceholderHelper.java:126) ~[spring-core-4.1.8.RELEASE.jar:4.1.8.RELEASE]
	at org.springframework.core.env.AbstractPropertyResolver.doResolvePlaceholders(AbstractPropertyResolver.java:204) ~[spring-core-4.1.8.RELEASE.jar:4.1.8.RELEASE]
	at org.springframework.core.env.AbstractPropertyResolver.resolveRequiredPlaceholders(AbstractPropertyResolver.java:178) ~[spring-core-4.1.8.RELEASE.jar:4.1.8.RELEASE]
	at org.springframework.context.support.PropertySourcesPlaceholderConfigurer$2.resolveStringValue(PropertySourcesPlaceholderConfigurer.java:175) ~[spring-context-4.1.8.RELEASE.jar:4.1.8.RELEASE]
	at org.springframework.beans.factory.support.AbstractBeanFactory.resolveEmbeddedValue(AbstractBeanFactory.java:801) ~[spring-beans-4.1.8.RELEASE.jar:4.1.8.RELEASE]
	at org.springframework.beans.factory.support.DefaultListableBeanFactory.doResolveDependency(DefaultListableBeanFactory.java:955) ~[spring-beans-4.1.8.RELEASE.jar:4.1.8.RELEASE]
	at org.springframework.beans.factory.support.DefaultListableBeanFactory.resolveDependency(DefaultListableBeanFactory.java:942) ~[spring-beans-4.1.8.RELEASE.jar:4.1.8.RELEASE]
	at org.springframework.beans.factory.annotation.AutowiredAnnotationBeanPostProcessor$AutowiredFieldElement.inject(AutowiredAnnotationBeanPostProcessor.java:533) ~[spring-beans-4.1.8.RELEASE.jar:4.1.8.RELEASE]
	... 43 common frames omitted
]]></system-out>
  </testcase>
</testsuite>